<?xml version="1.0" encoding="UTF-8"?>
<testsuites name="Staging Smoke Test Suite" time="191" tests="13" failures="2" errors="0">
   <testsuite name="Staging Smoke Test Suite" tests="13" failures="2" errors="0" time="191" timestamp="2018-05-07 11:38:32" hostname="KSavinkin - LPksavinkin.TC.local" id="Test Suites/Staging Smoke Test Suite">
      <properties>
         <property name="deviceName" value=""/>
         <property name="devicePlatform" value=""/>
         <property name="logFolder" value="C:\\Projects\\instaVIN\\tests\\instaVIN\\Reports\\Staging Smoke Test Suite\\20180507_113830"/>
         <property name="logFiles" value="C:\\Projects\\instaVIN\\tests\\instaVIN\\Reports\\Staging Smoke Test Suite\\20180507_113830\\execution0.log"/>
         <property name="attachments" value="C:\\Projects\\instaVIN\\tests\\instaVIN\\Reports\\Staging Smoke Test Suite\\20180507_113830\\1525682502195.png, C:\\Projects\\instaVIN\\tests\\instaVIN\\Reports\\Staging Smoke Test Suite\\20180507_113830\\1525682502567.png"/>
         <property name="hostName" value="KSavinkin - LPksavinkin.TC.local"/>
         <property name="os" value="Windows 7 64bit"/>
         <property name="katalonVersion" value="5.4.1.1"/>
         <property name="browser" value="Chrome 66.0.3359.139"/>
         <property name="hostAddress" value="192.168.102.7"/>
         <property name="sessionId" value="acb97dee23333448aac8691116811983"/>
         <property name="seleniumVersion" value="3.7.1"/>
         <property name="proxyInformation" value="ProxyInformation{proxyOption=NO_PROXY, proxyServerType=HTTP, password=, proxyServerAddress=, proxyServerPort=0}"/>
         <property name="platform" value="Windows 7"/>
      </properties>
      <testcase name="Test Cases/LoginSuccess_php" classname="Test Cases/LoginSuccess_php" status="FAILED">
         <failure type="FAILED" message="Unable to verify match between actual text 'https://staging.instavin.com/my-account' and expected text 'https://staging.instavin.com/my-account/' (Root cause: Actual text 'https://staging.instavin.com/my-account' and expected text 'https://staging.instavin.com/my-account/' are not matched)"/>
         <system-out><![CDATA[2018-05-07 11:38:32 - [TEST_CASE][FAILED] - Test Cases/LoginSuccess_php: Test Cases/LoginSuccess_php FAILED because (of) Unable to verify match between actual text 'https://staging.instavin.com/my-account' and expected text 'https://staging.instavin.com/my-account/' (Root cause: Actual text 'https://staging.instavin.com/my-account' and expected text 'https://staging.instavin.com/my-account/' are not matched)

2018-05-07 11:38:33 - [TEST_STEP][PASSED] - openBrowser: Browser is opened with url: ''

2018-05-07 11:38:36 - [MESSAGE][PASSED] - Browser is opened with url: ''

2018-05-07 11:38:36 - [TEST_STEP][PASSED] - maximizeWindow: Current window maximized

2018-05-07 11:38:37 - [MESSAGE][PASSED] - Current window maximized

2018-05-07 11:38:37 - [TEST_STEP][PASSED] - authenticate: Authentication with username 'V1kinG' and password '{2}' successfully

2018-05-07 11:38:40 - [MESSAGE][PASSED] - Authentication with username 'V1kinG' and password '{2}' successfully

2018-05-07 11:38:40 - [TEST_STEP][PASSED] - verifyElementPresent: Object 'Object Repository/LoggedOutPhpPages/Home LoggedOut (php)/button_Sign In' is present

2018-05-07 11:38:40 - [MESSAGE][WARNING] - Timeout '0' is invalid. Using default page load timeout: '30'

2018-05-07 11:38:40 - [MESSAGE][PASSED] - Object 'Object Repository/LoggedOutPhpPages/Home LoggedOut (php)/button_Sign In' is present

2018-05-07 11:38:40 - [TEST_STEP][PASSED] - mouseOver: Object: 'Object Repository/LoggedOutPhpPages/Home LoggedOut (php)/Menu_DownArrow_LoggedOut' is hovered

2018-05-07 11:38:40 - [MESSAGE][PASSED] - Object: 'Object Repository/LoggedOutPhpPages/Home LoggedOut (php)/Menu_DownArrow_LoggedOut' is hovered

2018-05-07 11:38:40 - [TEST_STEP][PASSED] - verifyElementVisible: Object 'Object Repository/LoggedOutPhpPages/Home LoggedOut (php)/button_Sign In' is visible

2018-05-07 11:38:40 - [MESSAGE][PASSED] - Object 'Object Repository/LoggedOutPhpPages/Home LoggedOut (php)/button_Sign In' is visible

2018-05-07 11:38:40 - [TEST_STEP][PASSED] - verifyElementVisible: Object 'Object Repository/LoggedOutPhpPages/Home LoggedOut (php)/ForgotPasswordLink' is visible

2018-05-07 11:38:40 - [MESSAGE][PASSED] - Object 'Object Repository/LoggedOutPhpPages/Home LoggedOut (php)/ForgotPasswordLink' is visible

2018-05-07 11:38:40 - [TEST_STEP][PASSED] - verifyElementVisible: Object 'Object Repository/LoggedOutPhpPages/Home LoggedOut (php)/CreateAccountLink' is visible

2018-05-07 11:38:40 - [MESSAGE][PASSED] - Object 'Object Repository/LoggedOutPhpPages/Home LoggedOut (php)/CreateAccountLink' is visible

2018-05-07 11:38:40 - [TEST_STEP][PASSED] - setText: Text 'consumer1@mailinator.com' is set on object 'Object Repository/LoggedOutPhpPages/Home LoggedOut (php)/input_Email'

2018-05-07 11:38:41 - [MESSAGE][PASSED] - Text 'consumer1@mailinator.com' is set on object 'Object Repository/LoggedOutPhpPages/Home LoggedOut (php)/input_Email'

2018-05-07 11:38:41 - [TEST_STEP][PASSED] - setText: Text '111111' is set on object 'Object Repository/LoggedOutPhpPages/Home LoggedOut (php)/input_password'

2018-05-07 11:38:41 - [MESSAGE][PASSED] - Text '111111' is set on object 'Object Repository/LoggedOutPhpPages/Home LoggedOut (php)/input_password'

2018-05-07 11:38:41 - [TEST_STEP][PASSED] - click: Object: 'Object Repository/LoggedOutPhpPages/Home LoggedOut (php)/button_Sign In' is clicked on

2018-05-07 11:38:41 - [MESSAGE][PASSED] - Object: 'Object Repository/LoggedOutPhpPages/Home LoggedOut (php)/button_Sign In' is clicked on

2018-05-07 11:38:41 - [TEST_STEP][PASSED] - waitForElementVisible: Object 'Object Repository/LoggedInReactPages/Dashboard (react)/Dashboard_Header' is visible

2018-05-07 11:38:41 - [MESSAGE][WARNING] - Timeout '0' is invalid. Using default page load timeout: '30'

2018-05-07 11:38:46 - [MESSAGE][PASSED] - Object 'Object Repository/LoggedInReactPages/Dashboard (react)/Dashboard_Header' is visible

2018-05-07 11:38:46 - [TEST_STEP][PASSED] - Statement - LoginRedirect = com.kms.katalon.core.webui.keyword.WebUiBuiltInKeywords.getUrl(): Current window's url is: 'https://staging.instavin.com/my-account'

2018-05-07 11:38:47 - [MESSAGE][PASSED] - Current window's url is: 'https://staging.instavin.com/my-account'

2018-05-07 11:38:47 - [TEST_STEP][PASSED] - Statement - ExpectedLoginRedirect = com.kms.katalon.core.webui.keyword.WebUiBuiltInKeywords.concatenate([StagingReact, "my-account/"]): Concatenated string array: '['https://staging.instavin.com/','my-account/']' into 'https://staging.instavin.com/my-account/'

2018-05-07 11:38:47 - [MESSAGE][PASSED] - Concatenated string array: '['https://staging.instavin.com/','my-account/']' into 'https://staging.instavin.com/my-account/'

2018-05-07 11:38:47 - [TEST_STEP][FAILED] - verifyMatch: Unable to verify match between actual text 'https://staging.instavin.com/my-account' and expected text 'https://staging.instavin.com/my-account/' (Root cause: Actual text 'https://staging.instavin.com/my-account' and expected text 'https://staging.instavin.com/my-account/' are not matched)

2018-05-07 11:38:47 - [MESSAGE][FAILED] - Unable to verify match between actual text 'https://staging.instavin.com/my-account' and expected text 'https://staging.instavin.com/my-account/' (Root cause: Actual text 'https://staging.instavin.com/my-account' and expected text 'https://staging.instavin.com/my-account/' are not matched)]]></system-out>
         <system-err><![CDATA[2018-05-07 11:38:32 - [TEST_CASE][FAILED] - Test Cases/LoginSuccess_php: Test Cases/LoginSuccess_php FAILED because (of) Unable to verify match between actual text 'https://staging.instavin.com/my-account' and expected text 'https://staging.instavin.com/my-account/' (Root cause: Actual text 'https://staging.instavin.com/my-account' and expected text 'https://staging.instavin.com/my-account/' are not matched)]]></system-err>
      </testcase>
      <testcase name="Test Cases/CheckVINfromHome - EmptyVIN" classname="Test Cases/CheckVINfromHome - EmptyVIN" status="PASSED">
         <system-out><![CDATA[2018-05-07 11:38:47 - [TEST_CASE][PASSED] - Test Cases/CheckVINfromHome - EmptyVIN: Test Cases/CheckVINfromHome - EmptyVIN

2018-05-07 11:38:47 - [TEST_STEP][PASSED] - openBrowser: Browser is opened with url: ''

2018-05-07 11:38:47 - [MESSAGE][WARNING] - A browser is already opened. Closing browser and opening a new one

2018-05-07 11:38:50 - [MESSAGE][PASSED] - Browser is opened with url: ''

2018-05-07 11:38:50 - [TEST_STEP][PASSED] - maximizeWindow: Current window maximized

2018-05-07 11:38:51 - [MESSAGE][PASSED] - Current window maximized

2018-05-07 11:38:51 - [TEST_STEP][PASSED] - authenticate: Authentication with username 'V1kinG' and password '{2}' successfully

2018-05-07 11:38:54 - [MESSAGE][PASSED] - Authentication with username 'V1kinG' and password '{2}' successfully

2018-05-07 11:38:54 - [TEST_STEP][PASSED] - navigateToUrl: Navigate to 'https://dev-front.instavin.com/' successfully

2018-05-07 11:38:56 - [MESSAGE][PASSED] - Navigate to 'https://dev-front.instavin.com/' successfully

2018-05-07 11:38:56 - [TEST_STEP][PASSED] - verifyElementPresent: Object 'Object Repository/LoggedOutPhpPages/Home LoggedOut (php)/button_Sign In' is present

2018-05-07 11:38:56 - [MESSAGE][WARNING] - Timeout '0' is invalid. Using default page load timeout: '30'

2018-05-07 11:38:56 - [MESSAGE][PASSED] - Object 'Object Repository/LoggedOutPhpPages/Home LoggedOut (php)/button_Sign In' is present

2018-05-07 11:38:56 - [TEST_STEP][PASSED] - verifyElementPresent: Object 'Object Repository/LoggedOutPhpPages/Home LoggedOut (php)/EnterVIN_Field' is present

2018-05-07 11:38:56 - [MESSAGE][WARNING] - Timeout '0' is invalid. Using default page load timeout: '30'

2018-05-07 11:38:56 - [MESSAGE][PASSED] - Object 'Object Repository/LoggedOutPhpPages/Home LoggedOut (php)/EnterVIN_Field' is present

2018-05-07 11:38:56 - [TEST_STEP][PASSED] - verifyElementAttributeValue: Object 'Object Repository/LoggedOutPhpPages/Home LoggedOut (php)/EnterVIN_Field' has attribute 'placeholder' with value 'Enter VIN Number'

2018-05-07 11:38:56 - [MESSAGE][WARNING] - Timeout '0' is invalid. Using default page load timeout: '30'

2018-05-07 11:38:56 - [MESSAGE][PASSED] - Object 'Object Repository/LoggedOutPhpPages/Home LoggedOut (php)/EnterVIN_Field' has attribute 'placeholder' with value 'Enter VIN Number'

2018-05-07 11:38:56 - [TEST_STEP][PASSED] - setText: Text '' is set on object 'Object Repository/LoggedOutPhpPages/Home LoggedOut (php)/EnterVIN_Field'

2018-05-07 11:38:56 - [MESSAGE][PASSED] - Text '' is set on object 'Object Repository/LoggedOutPhpPages/Home LoggedOut (php)/EnterVIN_Field'

2018-05-07 11:38:56 - [TEST_STEP][PASSED] - click: Object: 'Object Repository/LoggedOutPhpPages/Home LoggedOut (php)/VINCheckArrow_Button' is clicked on

2018-05-07 11:38:59 - [MESSAGE][PASSED] - Object: 'Object Repository/LoggedOutPhpPages/Home LoggedOut (php)/VINCheckArrow_Button' is clicked on

2018-05-07 11:38:59 - [TEST_STEP][PASSED] - waitForElementVisible: Object 'Object Repository/LoggedOutPhpPages/OrderLoggedOut (php)/DontHaveVIN_Link' is visible

2018-05-07 11:38:59 - [MESSAGE][WARNING] - Timeout '0' is invalid. Using default page load timeout: '30'

2018-05-07 11:38:59 - [MESSAGE][PASSED] - Object 'Object Repository/LoggedOutPhpPages/OrderLoggedOut (php)/DontHaveVIN_Link' is visible

2018-05-07 11:38:59 - [TEST_STEP][PASSED] - verifyElementPresent: Object 'Object Repository/LoggedOutPhpPages/Home LoggedOut (php)/button_Sign In' is present

2018-05-07 11:38:59 - [MESSAGE][WARNING] - Timeout '0' is invalid. Using default page load timeout: '30'

2018-05-07 11:38:59 - [MESSAGE][PASSED] - Object 'Object Repository/LoggedOutPhpPages/Home LoggedOut (php)/button_Sign In' is present

2018-05-07 11:38:59 - [TEST_STEP][PASSED] - verifyElementNotVisible: Object 'Object Repository/LoggedOutPhpPages/OrderLoggedOut (php)/ChangeVIN_Cross' is NOT visible

2018-05-07 11:38:59 - [MESSAGE][PASSED] - Object 'Object Repository/LoggedOutPhpPages/OrderLoggedOut (php)/ChangeVIN_Cross' is NOT visible

2018-05-07 11:38:59 - [TEST_STEP][PASSED] - verifyElementText: Actual text and expected text of test object 'Object Repository/LoggedOutPhpPages/OrderLoggedOut (php)/RecordsAreAvailable_Message_BadResults' are matched.

2018-05-07 11:38:59 - [MESSAGE][PASSED] - Actual text and expected text of test object 'Object Repository/LoggedOutPhpPages/OrderLoggedOut (php)/RecordsAreAvailable_Message_BadResults' are matched.

2018-05-07 11:38:59 - [TEST_STEP][PASSED] - verifyElementNotVisible: Object 'Object Repository/LoggedOutPhpPages/OrderLoggedOut (php)/VINdisplayed' is NOT visible

2018-05-07 11:38:59 - [MESSAGE][PASSED] - Object 'Object Repository/LoggedOutPhpPages/OrderLoggedOut (php)/VINdisplayed' is NOT visible

2018-05-07 11:38:59 - [TEST_STEP][PASSED] - verifyElementVisible: Object 'Object Repository/LoggedOutPhpPages/OrderLoggedOut (php)/VINCheckForm_EnterVINInput' is visible

2018-05-07 11:38:59 - [MESSAGE][PASSED] - Object 'Object Repository/LoggedOutPhpPages/OrderLoggedOut (php)/VINCheckForm_EnterVINInput' is visible

2018-05-07 11:38:59 - [TEST_STEP][PASSED] - verifyElementAttributeValue: Object 'Object Repository/LoggedOutPhpPages/OrderLoggedOut (php)/VINCheckForm_EnterVINInput' has attribute 'value' with value ''

2018-05-07 11:38:59 - [MESSAGE][WARNING] - Timeout '0' is invalid. Using default page load timeout: '30'

2018-05-07 11:38:59 - [MESSAGE][PASSED] - Object 'Object Repository/LoggedOutPhpPages/OrderLoggedOut (php)/VINCheckForm_EnterVINInput' has attribute 'value' with value ''

2018-05-07 11:38:59 - [TEST_STEP][PASSED] - verifyElementPresent: Object 'Object Repository/LoggedOutPhpPages/OrderLoggedOut (php)/OrderNow_OrangeButton' is present

2018-05-07 11:38:59 - [MESSAGE][WARNING] - Timeout '0' is invalid. Using default page load timeout: '30'

2018-05-07 11:38:59 - [MESSAGE][PASSED] - Object 'Object Repository/LoggedOutPhpPages/OrderLoggedOut (php)/OrderNow_OrangeButton' is present

2018-05-07 11:38:59 - [TEST_STEP][PASSED] - closeBrowser: Browser is closed

2018-05-07 11:39:00 - [MESSAGE][PASSED] - Browser is closed]]></system-out>
         <system-err><![CDATA[]]></system-err>
      </testcase>
      <testcase name="Test Cases/CheckVINfromHome - NoSticker" classname="Test Cases/CheckVINfromHome - NoSticker" status="PASSED">
         <system-out><![CDATA[2018-05-07 11:39:00 - [TEST_CASE][PASSED] - Test Cases/CheckVINfromHome - NoSticker: Test Cases/CheckVINfromHome - NoSticker

2018-05-07 11:39:00 - [TEST_STEP][PASSED] - openBrowser: Browser is opened with url: ''

2018-05-07 11:39:03 - [MESSAGE][PASSED] - Browser is opened with url: ''

2018-05-07 11:39:03 - [TEST_STEP][PASSED] - maximizeWindow: Current window maximized

2018-05-07 11:39:04 - [MESSAGE][PASSED] - Current window maximized

2018-05-07 11:39:04 - [TEST_STEP][PASSED] - authenticate: Authentication with username 'V1kinG' and password '{2}' successfully

2018-05-07 11:39:06 - [MESSAGE][PASSED] - Authentication with username 'V1kinG' and password '{2}' successfully

2018-05-07 11:39:06 - [TEST_STEP][PASSED] - navigateToUrl: Navigate to 'https://dev-front.instavin.com/' successfully

2018-05-07 11:39:06 - [MESSAGE][PASSED] - Navigate to 'https://dev-front.instavin.com/' successfully

2018-05-07 11:39:06 - [TEST_STEP][PASSED] - verifyElementPresent: Object 'Object Repository/LoggedOutPhpPages/Home LoggedOut (php)/button_Sign In' is present

2018-05-07 11:39:06 - [MESSAGE][WARNING] - Timeout '0' is invalid. Using default page load timeout: '30'

2018-05-07 11:39:07 - [MESSAGE][PASSED] - Object 'Object Repository/LoggedOutPhpPages/Home LoggedOut (php)/button_Sign In' is present

2018-05-07 11:39:07 - [TEST_STEP][PASSED] - verifyElementPresent: Object 'Object Repository/LoggedOutPhpPages/Home LoggedOut (php)/EnterVIN_Field' is present

2018-05-07 11:39:07 - [MESSAGE][WARNING] - Timeout '0' is invalid. Using default page load timeout: '30'

2018-05-07 11:39:07 - [MESSAGE][PASSED] - Object 'Object Repository/LoggedOutPhpPages/Home LoggedOut (php)/EnterVIN_Field' is present

2018-05-07 11:39:07 - [TEST_STEP][PASSED] - verifyElementAttributeValue: Object 'Object Repository/LoggedOutPhpPages/Home LoggedOut (php)/EnterVIN_Field' has attribute 'placeholder' with value 'Enter VIN Number'

2018-05-07 11:39:07 - [MESSAGE][WARNING] - Timeout '0' is invalid. Using default page load timeout: '30'

2018-05-07 11:39:07 - [MESSAGE][PASSED] - Object 'Object Repository/LoggedOutPhpPages/Home LoggedOut (php)/EnterVIN_Field' has attribute 'placeholder' with value 'Enter VIN Number'

2018-05-07 11:39:07 - [TEST_STEP][PASSED] - setText: Text 'JF1SF63591H766643' is set on object 'Object Repository/LoggedOutPhpPages/Home LoggedOut (php)/EnterVIN_Field'

2018-05-07 11:39:07 - [MESSAGE][PASSED] - Text 'JF1SF63591H766643' is set on object 'Object Repository/LoggedOutPhpPages/Home LoggedOut (php)/EnterVIN_Field'

2018-05-07 11:39:07 - [TEST_STEP][PASSED] - click: Object: 'Object Repository/LoggedOutPhpPages/Home LoggedOut (php)/VINCheckArrow_Button' is clicked on

2018-05-07 11:39:11 - [MESSAGE][PASSED] - Object: 'Object Repository/LoggedOutPhpPages/Home LoggedOut (php)/VINCheckArrow_Button' is clicked on

2018-05-07 11:39:11 - [TEST_STEP][PASSED] - waitForElementVisible: Object 'Object Repository/LoggedOutPhpPages/OrderLoggedOut (php)/ChangeVIN_Cross' is visible

2018-05-07 11:39:11 - [MESSAGE][WARNING] - Timeout '0' is invalid. Using default page load timeout: '30'

2018-05-07 11:39:11 - [MESSAGE][PASSED] - Object 'Object Repository/LoggedOutPhpPages/OrderLoggedOut (php)/ChangeVIN_Cross' is visible

2018-05-07 11:39:11 - [TEST_STEP][PASSED] - verifyElementPresent: Object 'Object Repository/LoggedOutPhpPages/Home LoggedOut (php)/button_Sign In' is present

2018-05-07 11:39:11 - [MESSAGE][WARNING] - Timeout '0' is invalid. Using default page load timeout: '30'

2018-05-07 11:39:11 - [MESSAGE][PASSED] - Object 'Object Repository/LoggedOutPhpPages/Home LoggedOut (php)/button_Sign In' is present

2018-05-07 11:39:11 - [TEST_STEP][PASSED] - verifyElementVisible: Object 'Object Repository/LoggedOutPhpPages/OrderLoggedOut (php)/RecordsAreAvailable_Message' is visible

2018-05-07 11:39:11 - [MESSAGE][PASSED] - Object 'Object Repository/LoggedOutPhpPages/OrderLoggedOut (php)/RecordsAreAvailable_Message' is visible

2018-05-07 11:39:11 - [TEST_STEP][PASSED] - verifyElementText: Actual text and expected text of test object 'Object Repository/LoggedOutPhpPages/OrderLoggedOut (php)/RecordsAreAvailable_Message' are matched.

2018-05-07 11:39:11 - [MESSAGE][PASSED] - Actual text and expected text of test object 'Object Repository/LoggedOutPhpPages/OrderLoggedOut (php)/RecordsAreAvailable_Message' are matched.

2018-05-07 11:39:11 - [TEST_STEP][PASSED] - verifyElementVisible: Object 'Object Repository/LoggedOutPhpPages/OrderLoggedOut (php)/VINdisplayed' is visible

2018-05-07 11:39:11 - [MESSAGE][PASSED] - Object 'Object Repository/LoggedOutPhpPages/OrderLoggedOut (php)/VINdisplayed' is visible

2018-05-07 11:39:11 - [TEST_STEP][PASSED] - verifyElementText: Actual text and expected text of test object 'Object Repository/LoggedOutPhpPages/OrderLoggedOut (php)/VINdisplayed' are matched.

2018-05-07 11:39:11 - [MESSAGE][PASSED] - Actual text and expected text of test object 'Object Repository/LoggedOutPhpPages/OrderLoggedOut (php)/VINdisplayed' are matched.

2018-05-07 11:39:11 - [TEST_STEP][PASSED] - verifyElementPresent: Object 'Object Repository/LoggedOutPhpPages/OrderLoggedOut (php)/OrderNow_OrangeButton' is present

2018-05-07 11:39:11 - [MESSAGE][WARNING] - Timeout '0' is invalid. Using default page load timeout: '30'

2018-05-07 11:39:11 - [MESSAGE][PASSED] - Object 'Object Repository/LoggedOutPhpPages/OrderLoggedOut (php)/OrderNow_OrangeButton' is present

2018-05-07 11:39:11 - [TEST_STEP][PASSED] - closeBrowser: Browser is closed

2018-05-07 11:39:12 - [MESSAGE][PASSED] - Browser is closed]]></system-out>
         <system-err><![CDATA[]]></system-err>
      </testcase>
      <testcase name="Test Cases/CheckVINfromHome - ShortVINwith9Digits" classname="Test Cases/CheckVINfromHome - ShortVINwith9Digits" status="PASSED">
         <system-out><![CDATA[2018-05-07 11:39:12 - [TEST_CASE][PASSED] - Test Cases/CheckVINfromHome - ShortVINwith9Digits: Test Cases/CheckVINfromHome - ShortVINwith9Digits

2018-05-07 11:39:12 - [TEST_STEP][PASSED] - openBrowser: Browser is opened with url: ''

2018-05-07 11:39:14 - [MESSAGE][PASSED] - Browser is opened with url: ''

2018-05-07 11:39:14 - [TEST_STEP][PASSED] - maximizeWindow: Current window maximized

2018-05-07 11:39:16 - [MESSAGE][PASSED] - Current window maximized

2018-05-07 11:39:16 - [TEST_STEP][PASSED] - authenticate: Authentication with username 'V1kinG' and password '{2}' successfully

2018-05-07 11:39:17 - [MESSAGE][PASSED] - Authentication with username 'V1kinG' and password '{2}' successfully

2018-05-07 11:39:17 - [TEST_STEP][PASSED] - navigateToUrl: Navigate to 'https://dev-front.instavin.com/' successfully

2018-05-07 11:39:18 - [MESSAGE][PASSED] - Navigate to 'https://dev-front.instavin.com/' successfully

2018-05-07 11:39:18 - [TEST_STEP][PASSED] - verifyElementPresent: Object 'Object Repository/LoggedOutPhpPages/Home LoggedOut (php)/button_Sign In' is present

2018-05-07 11:39:18 - [MESSAGE][WARNING] - Timeout '0' is invalid. Using default page load timeout: '30'

2018-05-07 11:39:18 - [MESSAGE][PASSED] - Object 'Object Repository/LoggedOutPhpPages/Home LoggedOut (php)/button_Sign In' is present

2018-05-07 11:39:18 - [TEST_STEP][PASSED] - verifyElementPresent: Object 'Object Repository/LoggedOutPhpPages/Home LoggedOut (php)/EnterVIN_Field' is present

2018-05-07 11:39:18 - [MESSAGE][WARNING] - Timeout '0' is invalid. Using default page load timeout: '30'

2018-05-07 11:39:18 - [MESSAGE][PASSED] - Object 'Object Repository/LoggedOutPhpPages/Home LoggedOut (php)/EnterVIN_Field' is present

2018-05-07 11:39:18 - [TEST_STEP][PASSED] - verifyElementAttributeValue: Object 'Object Repository/LoggedOutPhpPages/Home LoggedOut (php)/EnterVIN_Field' has attribute 'placeholder' with value 'Enter VIN Number'

2018-05-07 11:39:18 - [MESSAGE][WARNING] - Timeout '0' is invalid. Using default page load timeout: '30'

2018-05-07 11:39:18 - [MESSAGE][PASSED] - Object 'Object Repository/LoggedOutPhpPages/Home LoggedOut (php)/EnterVIN_Field' has attribute 'placeholder' with value 'Enter VIN Number'

2018-05-07 11:39:18 - [TEST_STEP][PASSED] - setText: Text '7J1012752' is set on object 'Object Repository/LoggedOutPhpPages/Home LoggedOut (php)/EnterVIN_Field'

2018-05-07 11:39:19 - [MESSAGE][PASSED] - Text '7J1012752' is set on object 'Object Repository/LoggedOutPhpPages/Home LoggedOut (php)/EnterVIN_Field'

2018-05-07 11:39:19 - [TEST_STEP][PASSED] - click: Object: 'Object Repository/LoggedOutPhpPages/Home LoggedOut (php)/VINCheckArrow_Button' is clicked on

2018-05-07 11:39:20 - [MESSAGE][PASSED] - Object: 'Object Repository/LoggedOutPhpPages/Home LoggedOut (php)/VINCheckArrow_Button' is clicked on

2018-05-07 11:39:20 - [TEST_STEP][PASSED] - waitForElementVisible: Object 'Object Repository/LoggedOutPhpPages/OrderLoggedOut (php)/VINCheckResults_Alert' is visible

2018-05-07 11:39:20 - [MESSAGE][WARNING] - Timeout '0' is invalid. Using default page load timeout: '30'

2018-05-07 11:39:20 - [MESSAGE][PASSED] - Object 'Object Repository/LoggedOutPhpPages/OrderLoggedOut (php)/VINCheckResults_Alert' is visible

2018-05-07 11:39:20 - [TEST_STEP][PASSED] - verifyElementNotVisible: Object 'Object Repository/LoggedOutPhpPages/OrderLoggedOut (php)/ChangeVIN_Cross' is NOT visible

2018-05-07 11:39:20 - [MESSAGE][PASSED] - Object 'Object Repository/LoggedOutPhpPages/OrderLoggedOut (php)/ChangeVIN_Cross' is NOT visible

2018-05-07 11:39:20 - [TEST_STEP][PASSED] - verifyElementPresent: Object 'Object Repository/LoggedOutPhpPages/Home LoggedOut (php)/button_Sign In' is present

2018-05-07 11:39:20 - [MESSAGE][WARNING] - Timeout '0' is invalid. Using default page load timeout: '30'

2018-05-07 11:39:21 - [MESSAGE][PASSED] - Object 'Object Repository/LoggedOutPhpPages/Home LoggedOut (php)/button_Sign In' is present

2018-05-07 11:39:21 - [TEST_STEP][PASSED] - verifyElementVisible: Object 'Object Repository/LoggedOutPhpPages/OrderLoggedOut (php)/RecordsAreAvailable_Message_BadResults' is visible

2018-05-07 11:39:21 - [MESSAGE][PASSED] - Object 'Object Repository/LoggedOutPhpPages/OrderLoggedOut (php)/RecordsAreAvailable_Message_BadResults' is visible

2018-05-07 11:39:21 - [TEST_STEP][PASSED] - verifyElementText: Actual text and expected text of test object 'Object Repository/LoggedOutPhpPages/OrderLoggedOut (php)/RecordsAreAvailable_Message_BadResults' are matched.

2018-05-07 11:39:21 - [MESSAGE][PASSED] - Actual text and expected text of test object 'Object Repository/LoggedOutPhpPages/OrderLoggedOut (php)/RecordsAreAvailable_Message_BadResults' are matched.

2018-05-07 11:39:21 - [TEST_STEP][PASSED] - verifyElementNotVisible: Object 'Object Repository/LoggedOutPhpPages/OrderLoggedOut (php)/VINdisplayed' is NOT visible

2018-05-07 11:39:21 - [MESSAGE][PASSED] - Object 'Object Repository/LoggedOutPhpPages/OrderLoggedOut (php)/VINdisplayed' is NOT visible

2018-05-07 11:39:21 - [TEST_STEP][PASSED] - verifyElementVisible: Object 'Object Repository/LoggedOutPhpPages/OrderLoggedOut (php)/VINCheckForm_EnterVINInput' is visible

2018-05-07 11:39:21 - [MESSAGE][PASSED] - Object 'Object Repository/LoggedOutPhpPages/OrderLoggedOut (php)/VINCheckForm_EnterVINInput' is visible

2018-05-07 11:39:21 - [TEST_STEP][PASSED] - verifyElementAttributeValue: Object 'Object Repository/LoggedOutPhpPages/OrderLoggedOut (php)/VINCheckForm_EnterVINInput' has attribute 'value' with value '7J1012752'

2018-05-07 11:39:21 - [MESSAGE][WARNING] - Timeout '0' is invalid. Using default page load timeout: '30'

2018-05-07 11:39:21 - [MESSAGE][PASSED] - Object 'Object Repository/LoggedOutPhpPages/OrderLoggedOut (php)/VINCheckForm_EnterVINInput' has attribute 'value' with value '7J1012752'

2018-05-07 11:39:21 - [TEST_STEP][PASSED] - verifyElementPresent: Object 'Object Repository/LoggedOutPhpPages/OrderLoggedOut (php)/OrderNow_OrangeButton' is present

2018-05-07 11:39:21 - [MESSAGE][WARNING] - Timeout '0' is invalid. Using default page load timeout: '30'

2018-05-07 11:39:21 - [MESSAGE][PASSED] - Object 'Object Repository/LoggedOutPhpPages/OrderLoggedOut (php)/OrderNow_OrangeButton' is present

2018-05-07 11:39:21 - [TEST_STEP][PASSED] - closeBrowser: Browser is closed

2018-05-07 11:39:22 - [MESSAGE][PASSED] - Browser is closed]]></system-out>
         <system-err><![CDATA[]]></system-err>
      </testcase>
      <testcase name="Test Cases/CheckVINfromHome - Success" classname="Test Cases/CheckVINfromHome - Success" status="PASSED">
         <system-out><![CDATA[2018-05-07 11:39:22 - [TEST_CASE][PASSED] - Test Cases/CheckVINfromHome - Success: Test Cases/CheckVINfromHome - Success

2018-05-07 11:39:22 - [TEST_STEP][PASSED] - openBrowser: Browser is opened with url: ''

2018-05-07 11:39:24 - [MESSAGE][PASSED] - Browser is opened with url: ''

2018-05-07 11:39:24 - [TEST_STEP][PASSED] - maximizeWindow: Current window maximized

2018-05-07 11:39:25 - [MESSAGE][PASSED] - Current window maximized

2018-05-07 11:39:25 - [TEST_STEP][PASSED] - authenticate: Authentication with username 'V1kinG' and password '{2}' successfully

2018-05-07 11:39:27 - [MESSAGE][PASSED] - Authentication with username 'V1kinG' and password '{2}' successfully

2018-05-07 11:39:27 - [TEST_STEP][PASSED] - navigateToUrl: Navigate to 'https://dev-front.instavin.com/' successfully

2018-05-07 11:39:28 - [MESSAGE][PASSED] - Navigate to 'https://dev-front.instavin.com/' successfully

2018-05-07 11:39:28 - [TEST_STEP][PASSED] - verifyElementPresent: Object 'Object Repository/LoggedOutPhpPages/Home LoggedOut (php)/button_Sign In' is present

2018-05-07 11:39:28 - [MESSAGE][WARNING] - Timeout '0' is invalid. Using default page load timeout: '30'

2018-05-07 11:39:28 - [MESSAGE][PASSED] - Object 'Object Repository/LoggedOutPhpPages/Home LoggedOut (php)/button_Sign In' is present

2018-05-07 11:39:28 - [TEST_STEP][PASSED] - verifyElementPresent: Object 'Object Repository/LoggedOutPhpPages/Home LoggedOut (php)/EnterVIN_Field' is present

2018-05-07 11:39:28 - [MESSAGE][WARNING] - Timeout '0' is invalid. Using default page load timeout: '30'

2018-05-07 11:39:28 - [MESSAGE][PASSED] - Object 'Object Repository/LoggedOutPhpPages/Home LoggedOut (php)/EnterVIN_Field' is present

2018-05-07 11:39:28 - [TEST_STEP][PASSED] - verifyElementAttributeValue: Object 'Object Repository/LoggedOutPhpPages/Home LoggedOut (php)/EnterVIN_Field' has attribute 'placeholder' with value 'Enter VIN Number'

2018-05-07 11:39:28 - [MESSAGE][WARNING] - Timeout '0' is invalid. Using default page load timeout: '30'

2018-05-07 11:39:28 - [MESSAGE][PASSED] - Object 'Object Repository/LoggedOutPhpPages/Home LoggedOut (php)/EnterVIN_Field' has attribute 'placeholder' with value 'Enter VIN Number'

2018-05-07 11:39:28 - [TEST_STEP][PASSED] - setText: Text '5UXKR0C52F0P15679' is set on object 'Object Repository/LoggedOutPhpPages/Home LoggedOut (php)/EnterVIN_Field'

2018-05-07 11:39:29 - [MESSAGE][PASSED] - Text '5UXKR0C52F0P15679' is set on object 'Object Repository/LoggedOutPhpPages/Home LoggedOut (php)/EnterVIN_Field'

2018-05-07 11:39:29 - [TEST_STEP][PASSED] - click: Object: 'Object Repository/LoggedOutPhpPages/Home LoggedOut (php)/VINCheckArrow_Button' is clicked on

2018-05-07 11:39:31 - [MESSAGE][PASSED] - Object: 'Object Repository/LoggedOutPhpPages/Home LoggedOut (php)/VINCheckArrow_Button' is clicked on

2018-05-07 11:39:31 - [TEST_STEP][PASSED] - waitForElementVisible: Object 'Object Repository/LoggedOutPhpPages/OrderLoggedOut (php)/ChangeVIN_Cross' is visible

2018-05-07 11:39:31 - [MESSAGE][WARNING] - Timeout '0' is invalid. Using default page load timeout: '30'

2018-05-07 11:39:31 - [MESSAGE][PASSED] - Object 'Object Repository/LoggedOutPhpPages/OrderLoggedOut (php)/ChangeVIN_Cross' is visible

2018-05-07 11:39:31 - [TEST_STEP][PASSED] - verifyElementPresent: Object 'Object Repository/LoggedOutPhpPages/Home LoggedOut (php)/button_Sign In' is present

2018-05-07 11:39:31 - [MESSAGE][WARNING] - Timeout '0' is invalid. Using default page load timeout: '30'

2018-05-07 11:39:31 - [MESSAGE][PASSED] - Object 'Object Repository/LoggedOutPhpPages/Home LoggedOut (php)/button_Sign In' is present

2018-05-07 11:39:31 - [TEST_STEP][PASSED] - verifyElementVisible: Object 'Object Repository/LoggedOutPhpPages/OrderLoggedOut (php)/RecordsAreAvailable_Message' is visible

2018-05-07 11:39:31 - [MESSAGE][PASSED] - Object 'Object Repository/LoggedOutPhpPages/OrderLoggedOut (php)/RecordsAreAvailable_Message' is visible

2018-05-07 11:39:31 - [TEST_STEP][PASSED] - verifyElementText: Actual text and expected text of test object 'Object Repository/LoggedOutPhpPages/OrderLoggedOut (php)/RecordsAreAvailable_Message' are matched.

2018-05-07 11:39:31 - [MESSAGE][PASSED] - Actual text and expected text of test object 'Object Repository/LoggedOutPhpPages/OrderLoggedOut (php)/RecordsAreAvailable_Message' are matched.

2018-05-07 11:39:31 - [TEST_STEP][PASSED] - verifyElementVisible: Object 'Object Repository/LoggedOutPhpPages/OrderLoggedOut (php)/VINdisplayed' is visible

2018-05-07 11:39:31 - [MESSAGE][PASSED] - Object 'Object Repository/LoggedOutPhpPages/OrderLoggedOut (php)/VINdisplayed' is visible

2018-05-07 11:39:31 - [TEST_STEP][PASSED] - verifyElementText: Actual text and expected text of test object 'Object Repository/LoggedOutPhpPages/OrderLoggedOut (php)/VINdisplayed' are matched.

2018-05-07 11:39:31 - [MESSAGE][PASSED] - Actual text and expected text of test object 'Object Repository/LoggedOutPhpPages/OrderLoggedOut (php)/VINdisplayed' are matched.

2018-05-07 11:39:31 - [TEST_STEP][PASSED] - verifyElementPresent: Object 'Object Repository/LoggedOutPhpPages/OrderLoggedOut (php)/OrderNow_OrangeButton' is present

2018-05-07 11:39:31 - [MESSAGE][WARNING] - Timeout '0' is invalid. Using default page load timeout: '30'

2018-05-07 11:39:31 - [MESSAGE][PASSED] - Object 'Object Repository/LoggedOutPhpPages/OrderLoggedOut (php)/OrderNow_OrangeButton' is present

2018-05-07 11:39:31 - [TEST_STEP][PASSED] - closeBrowser: Browser is closed

2018-05-07 11:39:32 - [MESSAGE][PASSED] - Browser is closed]]></system-out>
         <system-err><![CDATA[]]></system-err>
      </testcase>
      <testcase name="Test Cases/CheckVINfromHomeLoggedIn - EmptyVIN" classname="Test Cases/CheckVINfromHomeLoggedIn - EmptyVIN" status="PASSED">
         <system-out><![CDATA[2018-05-07 11:39:32 - [TEST_CASE][PASSED] - Test Cases/CheckVINfromHomeLoggedIn - EmptyVIN: Test Cases/CheckVINfromHomeLoggedIn - EmptyVIN

2018-05-07 11:39:32 - [TEST_STEP][PASSED] - callTestCase: Call Test Case 'Test Cases/Base Tests/LoginBaseTest' successfully

2018-05-07 11:39:32 - [TEST_CASE][PASSED] - Test Cases/Base Tests/LoginBaseTest: Test Cases/Base Tests/LoginBaseTest

2018-05-07 11:39:33 - [TEST_STEP][PASSED] - openBrowser: Browser is opened with url: ''

2018-05-07 11:39:35 - [MESSAGE][PASSED] - Browser is opened with url: ''

2018-05-07 11:39:35 - [TEST_STEP][PASSED] - maximizeWindow: Current window maximized

2018-05-07 11:39:36 - [MESSAGE][PASSED] - Current window maximized

2018-05-07 11:39:36 - [TEST_STEP][PASSED] - Statement - faq_url = com.kms.katalon.core.webui.keyword.WebUiBuiltInKeywords.concatenate([StagingReact, "faq/"]): Concatenated string array: '['https://staging.instavin.com/','faq/']' into 'https://staging.instavin.com/faq/'

2018-05-07 11:39:36 - [MESSAGE][PASSED] - Concatenated string array: '['https://staging.instavin.com/','faq/']' into 'https://staging.instavin.com/faq/'

2018-05-07 11:39:36 - [TEST_STEP][PASSED] - authenticate: Authentication with username 'V1kinG' and password '{2}' successfully

2018-05-07 11:39:41 - [MESSAGE][PASSED] - Authentication with username 'V1kinG' and password '{2}' successfully

2018-05-07 11:39:41 - [TEST_STEP][PASSED] - mouseOver: Object: 'Object Repository/LoggedOutReactPages/FAQ/SignIn_Label' is hovered

2018-05-07 11:39:41 - [MESSAGE][PASSED] - Object: 'Object Repository/LoggedOutReactPages/FAQ/SignIn_Label' is hovered

2018-05-07 11:39:41 - [TEST_STEP][PASSED] - verifyElementVisible: Object 'Object Repository/LoggedOutReactPages/FAQ/SignIn_Button' is visible

2018-05-07 11:39:41 - [MESSAGE][PASSED] - Object 'Object Repository/LoggedOutReactPages/FAQ/SignIn_Button' is visible

2018-05-07 11:39:41 - [TEST_STEP][PASSED] - setText: Text 'consumer1@mailinator.com' is set on object 'Object Repository/LoggedOutReactPages/FAQ/Email_input'

2018-05-07 11:39:41 - [MESSAGE][PASSED] - Text 'consumer1@mailinator.com' is set on object 'Object Repository/LoggedOutReactPages/FAQ/Email_input'

2018-05-07 11:39:41 - [TEST_STEP][PASSED] - setText: Text '111111' is set on object 'Object Repository/LoggedOutReactPages/FAQ/Password_input'

2018-05-07 11:39:42 - [MESSAGE][PASSED] - Text '111111' is set on object 'Object Repository/LoggedOutReactPages/FAQ/Password_input'

2018-05-07 11:39:42 - [TEST_STEP][PASSED] - click: Object: 'Object Repository/LoggedOutReactPages/FAQ/SignIn_Button' is clicked on

2018-05-07 11:39:42 - [MESSAGE][PASSED] - Object: 'Object Repository/LoggedOutReactPages/FAQ/SignIn_Button' is clicked on

2018-05-07 11:39:42 - [MESSAGE][PASSED] - Call Test Case 'Test Cases/Base Tests/LoginBaseTest' successfully

2018-05-07 11:39:42 - [TEST_STEP][PASSED] - verifyElementVisible: Object 'Object Repository/LoggedInReactPages/MyAccount (react)/Account_Header' is visible

2018-05-07 11:39:44 - [MESSAGE][PASSED] - Object 'Object Repository/LoggedInReactPages/MyAccount (react)/Account_Header' is visible

2018-05-07 11:39:44 - [TEST_STEP][PASSED] - authenticate: Authentication with username 'V1kinG' and password '{2}' successfully

2018-05-07 11:39:46 - [MESSAGE][PASSED] - Authentication with username 'V1kinG' and password '{2}' successfully

2018-05-07 11:39:46 - [TEST_STEP][PASSED] - waitForElementPresent: Object 'Object Repository/LoggedOutPhpPages/Home LoggedOut (php)/EnterVIN_Field' is present

2018-05-07 11:39:46 - [MESSAGE][WARNING] - Timeout '0' is invalid. Using default page load timeout: '30'

2018-05-07 11:39:46 - [MESSAGE][PASSED] - Object 'Object Repository/LoggedOutPhpPages/Home LoggedOut (php)/EnterVIN_Field' is present

2018-05-07 11:39:46 - [TEST_STEP][PASSED] - verifyElementAttributeValue: Object 'Object Repository/LoggedOutPhpPages/Home LoggedOut (php)/EnterVIN_Field' has attribute 'placeholder' with value 'Enter VIN Number'

2018-05-07 11:39:46 - [MESSAGE][WARNING] - Timeout '0' is invalid. Using default page load timeout: '30'

2018-05-07 11:39:46 - [MESSAGE][PASSED] - Object 'Object Repository/LoggedOutPhpPages/Home LoggedOut (php)/EnterVIN_Field' has attribute 'placeholder' with value 'Enter VIN Number'

2018-05-07 11:39:46 - [TEST_STEP][PASSED] - setText: Text '' is set on object 'Object Repository/LoggedOutPhpPages/Home LoggedOut (php)/EnterVIN_Field'

2018-05-07 11:39:46 - [MESSAGE][PASSED] - Text '' is set on object 'Object Repository/LoggedOutPhpPages/Home LoggedOut (php)/EnterVIN_Field'

2018-05-07 11:39:46 - [TEST_STEP][PASSED] - click: Object: 'Object Repository/LoggedOutPhpPages/Home LoggedOut (php)/VINCheckArrow_Button' is clicked on

2018-05-07 11:39:48 - [MESSAGE][PASSED] - Object: 'Object Repository/LoggedOutPhpPages/Home LoggedOut (php)/VINCheckArrow_Button' is clicked on

2018-05-07 11:39:48 - [TEST_STEP][PASSED] - waitForElementVisible: Object 'Object Repository/LoggedOutPhpPages/OrderLoggedOut (php)/instaVINProducts_Label' is visible

2018-05-07 11:39:48 - [MESSAGE][WARNING] - Timeout '0' is invalid. Using default page load timeout: '30'

2018-05-07 11:39:48 - [MESSAGE][PASSED] - Object 'Object Repository/LoggedOutPhpPages/OrderLoggedOut (php)/instaVINProducts_Label' is visible

2018-05-07 11:39:48 - [TEST_STEP][PASSED] - verifyElementPresent: Object 'Object Repository/LoggedInPhpPages/OrderLoggedIn (php)/MyAccount_Label' is present

2018-05-07 11:39:48 - [MESSAGE][WARNING] - Timeout '0' is invalid. Using default page load timeout: '30'

2018-05-07 11:39:48 - [MESSAGE][PASSED] - Object 'Object Repository/LoggedInPhpPages/OrderLoggedIn (php)/MyAccount_Label' is present

2018-05-07 11:39:48 - [TEST_STEP][PASSED] - verifyElementNotVisible: Object 'Object Repository/LoggedOutPhpPages/OrderLoggedOut (php)/ChangeVIN_Cross' is NOT visible

2018-05-07 11:39:48 - [MESSAGE][PASSED] - Object 'Object Repository/LoggedOutPhpPages/OrderLoggedOut (php)/ChangeVIN_Cross' is NOT visible

2018-05-07 11:39:48 - [TEST_STEP][PASSED] - verifyElementNotVisible: Object 'Object Repository/LoggedOutPhpPages/OrderLoggedOut (php)/VINdisplayed' is NOT visible

2018-05-07 11:39:48 - [MESSAGE][PASSED] - Object 'Object Repository/LoggedOutPhpPages/OrderLoggedOut (php)/VINdisplayed' is NOT visible

2018-05-07 11:39:48 - [TEST_STEP][PASSED] - verifyElementText: Actual text and expected text of test object 'Object Repository/LoggedOutPhpPages/OrderLoggedOut (php)/RecordsAreAvailable_Message_BadResults' are matched.

2018-05-07 11:39:48 - [MESSAGE][PASSED] - Actual text and expected text of test object 'Object Repository/LoggedOutPhpPages/OrderLoggedOut (php)/RecordsAreAvailable_Message_BadResults' are matched.

2018-05-07 11:39:48 - [TEST_STEP][PASSED] - verifyElementVisible: Object 'Object Repository/LoggedOutPhpPages/OrderLoggedOut (php)/VINCheckForm_EnterVINInput' is visible

2018-05-07 11:39:48 - [MESSAGE][PASSED] - Object 'Object Repository/LoggedOutPhpPages/OrderLoggedOut (php)/VINCheckForm_EnterVINInput' is visible

2018-05-07 11:39:48 - [TEST_STEP][PASSED] - verifyElementAttributeValue: Object 'Object Repository/LoggedOutPhpPages/OrderLoggedOut (php)/VINCheckForm_EnterVINInput' has attribute 'value' with value ''

2018-05-07 11:39:48 - [MESSAGE][WARNING] - Timeout '0' is invalid. Using default page load timeout: '30'

2018-05-07 11:39:48 - [MESSAGE][PASSED] - Object 'Object Repository/LoggedOutPhpPages/OrderLoggedOut (php)/VINCheckForm_EnterVINInput' has attribute 'value' with value ''

2018-05-07 11:39:48 - [TEST_STEP][PASSED] - verifyElementPresent: Object 'Object Repository/LoggedOutPhpPages/OrderLoggedOut (php)/OrderNow_OrangeButton' is present

2018-05-07 11:39:48 - [MESSAGE][WARNING] - Timeout '0' is invalid. Using default page load timeout: '30'

2018-05-07 11:39:48 - [MESSAGE][PASSED] - Object 'Object Repository/LoggedOutPhpPages/OrderLoggedOut (php)/OrderNow_OrangeButton' is present

2018-05-07 11:39:48 - [TEST_STEP][PASSED] - closeBrowser: Browser is closed

2018-05-07 11:39:49 - [MESSAGE][PASSED] - Browser is closed]]></system-out>
         <system-err><![CDATA[]]></system-err>
      </testcase>
      <testcase name="Test Cases/CheckVINfromHomeLoggedIn - NoSticker" classname="Test Cases/CheckVINfromHomeLoggedIn - NoSticker" status="PASSED">
         <system-out><![CDATA[2018-05-07 11:39:49 - [TEST_CASE][PASSED] - Test Cases/CheckVINfromHomeLoggedIn - NoSticker: Test Cases/CheckVINfromHomeLoggedIn - NoSticker

2018-05-07 11:39:49 - [TEST_STEP][PASSED] - callTestCase: Call Test Case 'Test Cases/Base Tests/LoginBaseTest' successfully

2018-05-07 11:39:49 - [TEST_CASE][PASSED] - Test Cases/Base Tests/LoginBaseTest: Test Cases/Base Tests/LoginBaseTest

2018-05-07 11:39:49 - [TEST_STEP][PASSED] - openBrowser: Browser is opened with url: ''

2018-05-07 11:39:52 - [MESSAGE][PASSED] - Browser is opened with url: ''

2018-05-07 11:39:52 - [TEST_STEP][PASSED] - maximizeWindow: Current window maximized

2018-05-07 11:39:53 - [MESSAGE][PASSED] - Current window maximized

2018-05-07 11:39:53 - [TEST_STEP][PASSED] - Statement - faq_url = com.kms.katalon.core.webui.keyword.WebUiBuiltInKeywords.concatenate([StagingReact, "faq/"]): Concatenated string array: '['https://staging.instavin.com/','faq/']' into 'https://staging.instavin.com/faq/'

2018-05-07 11:39:53 - [MESSAGE][PASSED] - Concatenated string array: '['https://staging.instavin.com/','faq/']' into 'https://staging.instavin.com/faq/'

2018-05-07 11:39:53 - [TEST_STEP][PASSED] - authenticate: Authentication with username 'V1kinG' and password '{2}' successfully

2018-05-07 11:39:57 - [MESSAGE][PASSED] - Authentication with username 'V1kinG' and password '{2}' successfully

2018-05-07 11:39:57 - [TEST_STEP][PASSED] - mouseOver: Object: 'Object Repository/LoggedOutReactPages/FAQ/SignIn_Label' is hovered

2018-05-07 11:39:57 - [MESSAGE][PASSED] - Object: 'Object Repository/LoggedOutReactPages/FAQ/SignIn_Label' is hovered

2018-05-07 11:39:57 - [TEST_STEP][PASSED] - verifyElementVisible: Object 'Object Repository/LoggedOutReactPages/FAQ/SignIn_Button' is visible

2018-05-07 11:39:57 - [MESSAGE][PASSED] - Object 'Object Repository/LoggedOutReactPages/FAQ/SignIn_Button' is visible

2018-05-07 11:39:57 - [TEST_STEP][PASSED] - setText: Text 'consumer1@mailinator.com' is set on object 'Object Repository/LoggedOutReactPages/FAQ/Email_input'

2018-05-07 11:39:57 - [MESSAGE][PASSED] - Text 'consumer1@mailinator.com' is set on object 'Object Repository/LoggedOutReactPages/FAQ/Email_input'

2018-05-07 11:39:57 - [TEST_STEP][PASSED] - setText: Text '111111' is set on object 'Object Repository/LoggedOutReactPages/FAQ/Password_input'

2018-05-07 11:39:57 - [MESSAGE][PASSED] - Text '111111' is set on object 'Object Repository/LoggedOutReactPages/FAQ/Password_input'

2018-05-07 11:39:57 - [TEST_STEP][PASSED] - click: Object: 'Object Repository/LoggedOutReactPages/FAQ/SignIn_Button' is clicked on

2018-05-07 11:39:57 - [MESSAGE][PASSED] - Object: 'Object Repository/LoggedOutReactPages/FAQ/SignIn_Button' is clicked on

2018-05-07 11:39:57 - [MESSAGE][PASSED] - Call Test Case 'Test Cases/Base Tests/LoginBaseTest' successfully

2018-05-07 11:39:57 - [TEST_STEP][PASSED] - verifyElementVisible: Object 'Object Repository/LoggedInReactPages/MyAccount (react)/Account_Header' is visible

2018-05-07 11:39:59 - [MESSAGE][PASSED] - Object 'Object Repository/LoggedInReactPages/MyAccount (react)/Account_Header' is visible

2018-05-07 11:39:59 - [TEST_STEP][PASSED] - authenticate: Authentication with username 'V1kinG' and password '{2}' successfully

2018-05-07 11:40:03 - [MESSAGE][PASSED] - Authentication with username 'V1kinG' and password '{2}' successfully

2018-05-07 11:40:03 - [TEST_STEP][PASSED] - waitForElementPresent: Object 'Object Repository/LoggedOutPhpPages/Home LoggedOut (php)/EnterVIN_Field' is present

2018-05-07 11:40:03 - [MESSAGE][WARNING] - Timeout '0' is invalid. Using default page load timeout: '30'

2018-05-07 11:40:03 - [MESSAGE][PASSED] - Object 'Object Repository/LoggedOutPhpPages/Home LoggedOut (php)/EnterVIN_Field' is present

2018-05-07 11:40:03 - [TEST_STEP][PASSED] - verifyElementAttributeValue: Object 'Object Repository/LoggedOutPhpPages/Home LoggedOut (php)/EnterVIN_Field' has attribute 'placeholder' with value 'Enter VIN Number'

2018-05-07 11:40:03 - [MESSAGE][WARNING] - Timeout '0' is invalid. Using default page load timeout: '30'

2018-05-07 11:40:03 - [MESSAGE][PASSED] - Object 'Object Repository/LoggedOutPhpPages/Home LoggedOut (php)/EnterVIN_Field' has attribute 'placeholder' with value 'Enter VIN Number'

2018-05-07 11:40:03 - [TEST_STEP][PASSED] - setText: Text 'JF1SF63591H766643' is set on object 'Object Repository/LoggedOutPhpPages/Home LoggedOut (php)/EnterVIN_Field'

2018-05-07 11:40:03 - [MESSAGE][PASSED] - Text 'JF1SF63591H766643' is set on object 'Object Repository/LoggedOutPhpPages/Home LoggedOut (php)/EnterVIN_Field'

2018-05-07 11:40:03 - [TEST_STEP][PASSED] - click: Object: 'Object Repository/LoggedOutPhpPages/Home LoggedOut (php)/VINCheckArrow_Button' is clicked on

2018-05-07 11:40:07 - [MESSAGE][PASSED] - Object: 'Object Repository/LoggedOutPhpPages/Home LoggedOut (php)/VINCheckArrow_Button' is clicked on

2018-05-07 11:40:07 - [TEST_STEP][PASSED] - waitForElementVisible: Object 'Object Repository/LoggedOutPhpPages/OrderLoggedOut (php)/instaVINProducts_Label' is visible

2018-05-07 11:40:07 - [MESSAGE][WARNING] - Timeout '0' is invalid. Using default page load timeout: '30'

2018-05-07 11:40:07 - [MESSAGE][PASSED] - Object 'Object Repository/LoggedOutPhpPages/OrderLoggedOut (php)/instaVINProducts_Label' is visible

2018-05-07 11:40:07 - [TEST_STEP][PASSED] - verifyElementPresent: Object 'Object Repository/LoggedInPhpPages/OrderLoggedIn (php)/MyAccount_Label' is present

2018-05-07 11:40:07 - [MESSAGE][WARNING] - Timeout '0' is invalid. Using default page load timeout: '30'

2018-05-07 11:40:07 - [MESSAGE][PASSED] - Object 'Object Repository/LoggedInPhpPages/OrderLoggedIn (php)/MyAccount_Label' is present

2018-05-07 11:40:07 - [TEST_STEP][PASSED] - verifyElementVisible: Object 'Object Repository/LoggedOutPhpPages/OrderLoggedOut (php)/ChangeVIN_Cross' is visible

2018-05-07 11:40:07 - [MESSAGE][PASSED] - Object 'Object Repository/LoggedOutPhpPages/OrderLoggedOut (php)/ChangeVIN_Cross' is visible

2018-05-07 11:40:07 - [TEST_STEP][PASSED] - verifyElementVisible: Object 'Object Repository/LoggedOutPhpPages/OrderLoggedOut (php)/VINdisplayed' is visible

2018-05-07 11:40:07 - [MESSAGE][PASSED] - Object 'Object Repository/LoggedOutPhpPages/OrderLoggedOut (php)/VINdisplayed' is visible

2018-05-07 11:40:07 - [TEST_STEP][PASSED] - verifyElementText: Actual text and expected text of test object 'Object Repository/LoggedInPhpPages/OrderLoggedIn (php)/NoSticker_Message' are matched.

2018-05-07 11:40:07 - [MESSAGE][PASSED] - Actual text and expected text of test object 'Object Repository/LoggedInPhpPages/OrderLoggedIn (php)/NoSticker_Message' are matched.

2018-05-07 11:40:07 - [TEST_STEP][PASSED] - verifyElementNotVisible: Object 'Object Repository/LoggedOutPhpPages/OrderLoggedOut (php)/VINCheckForm_EnterVINInput' is NOT visible

2018-05-07 11:40:07 - [MESSAGE][PASSED] - Object 'Object Repository/LoggedOutPhpPages/OrderLoggedOut (php)/VINCheckForm_EnterVINInput' is NOT visible

2018-05-07 11:40:07 - [TEST_STEP][PASSED] - verifyElementPresent: Object 'Object Repository/LoggedOutPhpPages/OrderLoggedOut (php)/OrderNow_OrangeButton' is present

2018-05-07 11:40:07 - [MESSAGE][WARNING] - Timeout '0' is invalid. Using default page load timeout: '30'

2018-05-07 11:40:08 - [MESSAGE][PASSED] - Object 'Object Repository/LoggedOutPhpPages/OrderLoggedOut (php)/OrderNow_OrangeButton' is present

2018-05-07 11:40:08 - [TEST_STEP][PASSED] - closeBrowser: Browser is closed

2018-05-07 11:40:08 - [MESSAGE][PASSED] - Browser is closed]]></system-out>
         <system-err><![CDATA[]]></system-err>
      </testcase>
      <testcase name="Test Cases/CheckVINfromHomeLoggedIn - Success" classname="Test Cases/CheckVINfromHomeLoggedIn - Success" status="PASSED">
         <system-out><![CDATA[2018-05-07 11:40:08 - [TEST_CASE][PASSED] - Test Cases/CheckVINfromHomeLoggedIn - Success: Test Cases/CheckVINfromHomeLoggedIn - Success

2018-05-07 11:40:09 - [TEST_STEP][PASSED] - callTestCase: Call Test Case 'Test Cases/Base Tests/LoginBaseTest' successfully

2018-05-07 11:40:09 - [TEST_CASE][PASSED] - Test Cases/Base Tests/LoginBaseTest: Test Cases/Base Tests/LoginBaseTest

2018-05-07 11:40:09 - [TEST_STEP][PASSED] - openBrowser: Browser is opened with url: ''

2018-05-07 11:40:11 - [MESSAGE][PASSED] - Browser is opened with url: ''

2018-05-07 11:40:11 - [TEST_STEP][PASSED] - maximizeWindow: Current window maximized

2018-05-07 11:40:12 - [MESSAGE][PASSED] - Current window maximized

2018-05-07 11:40:12 - [TEST_STEP][PASSED] - Statement - faq_url = com.kms.katalon.core.webui.keyword.WebUiBuiltInKeywords.concatenate([StagingReact, "faq/"]): Concatenated string array: '['https://staging.instavin.com/','faq/']' into 'https://staging.instavin.com/faq/'

2018-05-07 11:40:12 - [MESSAGE][PASSED] - Concatenated string array: '['https://staging.instavin.com/','faq/']' into 'https://staging.instavin.com/faq/'

2018-05-07 11:40:12 - [TEST_STEP][PASSED] - authenticate: Authentication with username 'V1kinG' and password '{2}' successfully

2018-05-07 11:40:16 - [MESSAGE][PASSED] - Authentication with username 'V1kinG' and password '{2}' successfully

2018-05-07 11:40:16 - [TEST_STEP][PASSED] - mouseOver: Object: 'Object Repository/LoggedOutReactPages/FAQ/SignIn_Label' is hovered

2018-05-07 11:40:16 - [MESSAGE][PASSED] - Object: 'Object Repository/LoggedOutReactPages/FAQ/SignIn_Label' is hovered

2018-05-07 11:40:16 - [TEST_STEP][PASSED] - verifyElementVisible: Object 'Object Repository/LoggedOutReactPages/FAQ/SignIn_Button' is visible

2018-05-07 11:40:16 - [MESSAGE][PASSED] - Object 'Object Repository/LoggedOutReactPages/FAQ/SignIn_Button' is visible

2018-05-07 11:40:16 - [TEST_STEP][PASSED] - setText: Text 'consumer1@mailinator.com' is set on object 'Object Repository/LoggedOutReactPages/FAQ/Email_input'

2018-05-07 11:40:16 - [MESSAGE][PASSED] - Text 'consumer1@mailinator.com' is set on object 'Object Repository/LoggedOutReactPages/FAQ/Email_input'

2018-05-07 11:40:16 - [TEST_STEP][PASSED] - setText: Text '111111' is set on object 'Object Repository/LoggedOutReactPages/FAQ/Password_input'

2018-05-07 11:40:16 - [MESSAGE][PASSED] - Text '111111' is set on object 'Object Repository/LoggedOutReactPages/FAQ/Password_input'

2018-05-07 11:40:16 - [TEST_STEP][PASSED] - click: Object: 'Object Repository/LoggedOutReactPages/FAQ/SignIn_Button' is clicked on

2018-05-07 11:40:16 - [MESSAGE][PASSED] - Object: 'Object Repository/LoggedOutReactPages/FAQ/SignIn_Button' is clicked on

2018-05-07 11:40:16 - [MESSAGE][PASSED] - Call Test Case 'Test Cases/Base Tests/LoginBaseTest' successfully

2018-05-07 11:40:16 - [TEST_STEP][PASSED] - verifyElementVisible: Object 'Object Repository/LoggedInReactPages/MyAccount (react)/Account_Header' is visible

2018-05-07 11:40:18 - [MESSAGE][PASSED] - Object 'Object Repository/LoggedInReactPages/MyAccount (react)/Account_Header' is visible

2018-05-07 11:40:18 - [TEST_STEP][PASSED] - authenticate: Authentication with username 'V1kinG' and password '{2}' successfully

2018-05-07 11:40:20 - [MESSAGE][PASSED] - Authentication with username 'V1kinG' and password '{2}' successfully

2018-05-07 11:40:20 - [TEST_STEP][PASSED] - waitForElementPresent: Object 'Object Repository/LoggedOutPhpPages/Home LoggedOut (php)/EnterVIN_Field' is present

2018-05-07 11:40:20 - [MESSAGE][WARNING] - Timeout '0' is invalid. Using default page load timeout: '30'

2018-05-07 11:40:20 - [MESSAGE][PASSED] - Object 'Object Repository/LoggedOutPhpPages/Home LoggedOut (php)/EnterVIN_Field' is present

2018-05-07 11:40:20 - [TEST_STEP][PASSED] - verifyElementAttributeValue: Object 'Object Repository/LoggedOutPhpPages/Home LoggedOut (php)/EnterVIN_Field' has attribute 'placeholder' with value 'Enter VIN Number'

2018-05-07 11:40:20 - [MESSAGE][WARNING] - Timeout '0' is invalid. Using default page load timeout: '30'

2018-05-07 11:40:20 - [MESSAGE][PASSED] - Object 'Object Repository/LoggedOutPhpPages/Home LoggedOut (php)/EnterVIN_Field' has attribute 'placeholder' with value 'Enter VIN Number'

2018-05-07 11:40:20 - [TEST_STEP][PASSED] - setText: Text '5UXKR0C52F0P15679' is set on object 'Object Repository/LoggedOutPhpPages/Home LoggedOut (php)/EnterVIN_Field'

2018-05-07 11:40:20 - [MESSAGE][PASSED] - Text '5UXKR0C52F0P15679' is set on object 'Object Repository/LoggedOutPhpPages/Home LoggedOut (php)/EnterVIN_Field'

2018-05-07 11:40:20 - [TEST_STEP][PASSED] - click: Object: 'Object Repository/LoggedOutPhpPages/Home LoggedOut (php)/VINCheckArrow_Button' is clicked on

2018-05-07 11:40:22 - [MESSAGE][PASSED] - Object: 'Object Repository/LoggedOutPhpPages/Home LoggedOut (php)/VINCheckArrow_Button' is clicked on

2018-05-07 11:40:22 - [TEST_STEP][PASSED] - waitForElementVisible: Object 'Object Repository/LoggedOutPhpPages/OrderLoggedOut (php)/instaVINProducts_Label' is visible

2018-05-07 11:40:22 - [MESSAGE][WARNING] - Timeout '0' is invalid. Using default page load timeout: '30'

2018-05-07 11:40:22 - [MESSAGE][PASSED] - Object 'Object Repository/LoggedOutPhpPages/OrderLoggedOut (php)/instaVINProducts_Label' is visible

2018-05-07 11:40:22 - [TEST_STEP][PASSED] - verifyElementPresent: Object 'Object Repository/LoggedInPhpPages/OrderLoggedIn (php)/MyAccount_Label' is present

2018-05-07 11:40:22 - [MESSAGE][WARNING] - Timeout '0' is invalid. Using default page load timeout: '30'

2018-05-07 11:40:22 - [MESSAGE][PASSED] - Object 'Object Repository/LoggedInPhpPages/OrderLoggedIn (php)/MyAccount_Label' is present

2018-05-07 11:40:22 - [TEST_STEP][PASSED] - verifyElementVisible: Object 'Object Repository/LoggedOutPhpPages/OrderLoggedOut (php)/ChangeVIN_Cross' is visible

2018-05-07 11:40:22 - [MESSAGE][PASSED] - Object 'Object Repository/LoggedOutPhpPages/OrderLoggedOut (php)/ChangeVIN_Cross' is visible

2018-05-07 11:40:22 - [TEST_STEP][PASSED] - verifyElementVisible: Object 'Object Repository/LoggedOutPhpPages/OrderLoggedOut (php)/VINdisplayed' is visible

2018-05-07 11:40:23 - [MESSAGE][PASSED] - Object 'Object Repository/LoggedOutPhpPages/OrderLoggedOut (php)/VINdisplayed' is visible

2018-05-07 11:40:23 - [TEST_STEP][PASSED] - verifyElementText: Actual text and expected text of test object 'Object Repository/LoggedOutPhpPages/OrderLoggedOut (php)/VINdisplayed' are matched.

2018-05-07 11:40:23 - [MESSAGE][PASSED] - Actual text and expected text of test object 'Object Repository/LoggedOutPhpPages/OrderLoggedOut (php)/VINdisplayed' are matched.

2018-05-07 11:40:23 - [TEST_STEP][PASSED] - verifyElementText: Actual text and expected text of test object 'Object Repository/LoggedInPhpPages/OrderLoggedIn (php)/RecordsAreAvailable_Message' are matched.

2018-05-07 11:40:23 - [MESSAGE][PASSED] - Actual text and expected text of test object 'Object Repository/LoggedInPhpPages/OrderLoggedIn (php)/RecordsAreAvailable_Message' are matched.

2018-05-07 11:40:23 - [TEST_STEP][PASSED] - verifyElementNotVisible: Object 'Object Repository/LoggedOutPhpPages/OrderLoggedOut (php)/VINCheckForm_EnterVINInput' is NOT visible

2018-05-07 11:40:23 - [MESSAGE][PASSED] - Object 'Object Repository/LoggedOutPhpPages/OrderLoggedOut (php)/VINCheckForm_EnterVINInput' is NOT visible

2018-05-07 11:40:23 - [TEST_STEP][PASSED] - verifyElementPresent: Object 'Object Repository/LoggedOutPhpPages/OrderLoggedOut (php)/OrderNow_OrangeButton' is present

2018-05-07 11:40:23 - [MESSAGE][WARNING] - Timeout '0' is invalid. Using default page load timeout: '30'

2018-05-07 11:40:23 - [MESSAGE][PASSED] - Object 'Object Repository/LoggedOutPhpPages/OrderLoggedOut (php)/OrderNow_OrangeButton' is present

2018-05-07 11:40:23 - [TEST_STEP][PASSED] - closeBrowser: Browser is closed

2018-05-07 11:40:24 - [MESSAGE][PASSED] - Browser is closed]]></system-out>
         <system-err><![CDATA[]]></system-err>
      </testcase>
      <testcase name="Test Cases/CheckVINfromHomeLoggedIn - ShortVINwith9Digits" classname="Test Cases/CheckVINfromHomeLoggedIn - ShortVINwith9Digits" status="PASSED">
         <system-out><![CDATA[2018-05-07 11:40:24 - [TEST_CASE][PASSED] - Test Cases/CheckVINfromHomeLoggedIn - ShortVINwith9Digits: Test Cases/CheckVINfromHomeLoggedIn - ShortVINwith9Digits

2018-05-07 11:40:24 - [TEST_STEP][PASSED] - callTestCase: Call Test Case 'Test Cases/Base Tests/LoginBaseTest' successfully

2018-05-07 11:40:24 - [TEST_CASE][PASSED] - Test Cases/Base Tests/LoginBaseTest: Test Cases/Base Tests/LoginBaseTest

2018-05-07 11:40:24 - [TEST_STEP][PASSED] - openBrowser: Browser is opened with url: ''

2018-05-07 11:40:26 - [MESSAGE][PASSED] - Browser is opened with url: ''

2018-05-07 11:40:26 - [TEST_STEP][PASSED] - maximizeWindow: Current window maximized

2018-05-07 11:40:27 - [MESSAGE][PASSED] - Current window maximized

2018-05-07 11:40:27 - [TEST_STEP][PASSED] - Statement - faq_url = com.kms.katalon.core.webui.keyword.WebUiBuiltInKeywords.concatenate([StagingReact, "faq/"]): Concatenated string array: '['https://staging.instavin.com/','faq/']' into 'https://staging.instavin.com/faq/'

2018-05-07 11:40:27 - [MESSAGE][PASSED] - Concatenated string array: '['https://staging.instavin.com/','faq/']' into 'https://staging.instavin.com/faq/'

2018-05-07 11:40:27 - [TEST_STEP][PASSED] - authenticate: Authentication with username 'V1kinG' and password '{2}' successfully

2018-05-07 11:40:31 - [MESSAGE][PASSED] - Authentication with username 'V1kinG' and password '{2}' successfully

2018-05-07 11:40:31 - [TEST_STEP][PASSED] - mouseOver: Object: 'Object Repository/LoggedOutReactPages/FAQ/SignIn_Label' is hovered

2018-05-07 11:40:31 - [MESSAGE][PASSED] - Object: 'Object Repository/LoggedOutReactPages/FAQ/SignIn_Label' is hovered

2018-05-07 11:40:31 - [TEST_STEP][PASSED] - verifyElementVisible: Object 'Object Repository/LoggedOutReactPages/FAQ/SignIn_Button' is visible

2018-05-07 11:40:31 - [MESSAGE][PASSED] - Object 'Object Repository/LoggedOutReactPages/FAQ/SignIn_Button' is visible

2018-05-07 11:40:31 - [TEST_STEP][PASSED] - setText: Text 'consumer1@mailinator.com' is set on object 'Object Repository/LoggedOutReactPages/FAQ/Email_input'

2018-05-07 11:40:32 - [MESSAGE][PASSED] - Text 'consumer1@mailinator.com' is set on object 'Object Repository/LoggedOutReactPages/FAQ/Email_input'

2018-05-07 11:40:32 - [TEST_STEP][PASSED] - setText: Text '111111' is set on object 'Object Repository/LoggedOutReactPages/FAQ/Password_input'

2018-05-07 11:40:32 - [MESSAGE][PASSED] - Text '111111' is set on object 'Object Repository/LoggedOutReactPages/FAQ/Password_input'

2018-05-07 11:40:32 - [TEST_STEP][PASSED] - click: Object: 'Object Repository/LoggedOutReactPages/FAQ/SignIn_Button' is clicked on

2018-05-07 11:40:32 - [MESSAGE][PASSED] - Object: 'Object Repository/LoggedOutReactPages/FAQ/SignIn_Button' is clicked on

2018-05-07 11:40:32 - [MESSAGE][PASSED] - Call Test Case 'Test Cases/Base Tests/LoginBaseTest' successfully

2018-05-07 11:40:32 - [TEST_STEP][PASSED] - verifyElementVisible: Object 'Object Repository/LoggedInReactPages/MyAccount (react)/Account_Header' is visible

2018-05-07 11:40:34 - [MESSAGE][PASSED] - Object 'Object Repository/LoggedInReactPages/MyAccount (react)/Account_Header' is visible

2018-05-07 11:40:34 - [TEST_STEP][PASSED] - authenticate: Authentication with username 'V1kinG' and password '{2}' successfully

2018-05-07 11:40:36 - [MESSAGE][PASSED] - Authentication with username 'V1kinG' and password '{2}' successfully

2018-05-07 11:40:36 - [TEST_STEP][PASSED] - waitForElementPresent: Object 'Object Repository/LoggedOutPhpPages/Home LoggedOut (php)/EnterVIN_Field' is present

2018-05-07 11:40:36 - [MESSAGE][WARNING] - Timeout '0' is invalid. Using default page load timeout: '30'

2018-05-07 11:40:36 - [MESSAGE][PASSED] - Object 'Object Repository/LoggedOutPhpPages/Home LoggedOut (php)/EnterVIN_Field' is present

2018-05-07 11:40:36 - [TEST_STEP][PASSED] - verifyElementAttributeValue: Object 'Object Repository/LoggedOutPhpPages/Home LoggedOut (php)/EnterVIN_Field' has attribute 'placeholder' with value 'Enter VIN Number'

2018-05-07 11:40:36 - [MESSAGE][WARNING] - Timeout '0' is invalid. Using default page load timeout: '30'

2018-05-07 11:40:36 - [MESSAGE][PASSED] - Object 'Object Repository/LoggedOutPhpPages/Home LoggedOut (php)/EnterVIN_Field' has attribute 'placeholder' with value 'Enter VIN Number'

2018-05-07 11:40:36 - [TEST_STEP][PASSED] - setText: Text '7J1012752' is set on object 'Object Repository/LoggedOutPhpPages/Home LoggedOut (php)/EnterVIN_Field'

2018-05-07 11:40:36 - [MESSAGE][PASSED] - Text '7J1012752' is set on object 'Object Repository/LoggedOutPhpPages/Home LoggedOut (php)/EnterVIN_Field'

2018-05-07 11:40:36 - [TEST_STEP][PASSED] - click: Object: 'Object Repository/LoggedOutPhpPages/Home LoggedOut (php)/VINCheckArrow_Button' is clicked on

2018-05-07 11:40:39 - [MESSAGE][PASSED] - Object: 'Object Repository/LoggedOutPhpPages/Home LoggedOut (php)/VINCheckArrow_Button' is clicked on

2018-05-07 11:40:39 - [TEST_STEP][PASSED] - waitForElementVisible: Object 'Object Repository/LoggedOutPhpPages/OrderLoggedOut (php)/instaVINProducts_Label' is visible

2018-05-07 11:40:39 - [MESSAGE][WARNING] - Timeout '0' is invalid. Using default page load timeout: '30'

2018-05-07 11:40:39 - [MESSAGE][PASSED] - Object 'Object Repository/LoggedOutPhpPages/OrderLoggedOut (php)/instaVINProducts_Label' is visible

2018-05-07 11:40:39 - [TEST_STEP][PASSED] - verifyElementPresent: Object 'Object Repository/LoggedInPhpPages/OrderLoggedIn (php)/MyAccount_Label' is present

2018-05-07 11:40:39 - [MESSAGE][WARNING] - Timeout '0' is invalid. Using default page load timeout: '30'

2018-05-07 11:40:39 - [MESSAGE][PASSED] - Object 'Object Repository/LoggedInPhpPages/OrderLoggedIn (php)/MyAccount_Label' is present

2018-05-07 11:40:39 - [TEST_STEP][PASSED] - verifyElementNotVisible: Object 'Object Repository/LoggedOutPhpPages/OrderLoggedOut (php)/ChangeVIN_Cross' is NOT visible

2018-05-07 11:40:39 - [MESSAGE][PASSED] - Object 'Object Repository/LoggedOutPhpPages/OrderLoggedOut (php)/ChangeVIN_Cross' is NOT visible

2018-05-07 11:40:39 - [TEST_STEP][PASSED] - verifyElementNotVisible: Object 'Object Repository/LoggedOutPhpPages/OrderLoggedOut (php)/VINdisplayed' is NOT visible

2018-05-07 11:40:39 - [MESSAGE][PASSED] - Object 'Object Repository/LoggedOutPhpPages/OrderLoggedOut (php)/VINdisplayed' is NOT visible

2018-05-07 11:40:39 - [TEST_STEP][PASSED] - verifyElementVisible: Object 'Object Repository/LoggedInPhpPages/OrderLoggedIn (php)/OrderVINError_Message' is visible

2018-05-07 11:40:39 - [MESSAGE][PASSED] - Object 'Object Repository/LoggedInPhpPages/OrderLoggedIn (php)/OrderVINError_Message' is visible

2018-05-07 11:40:39 - [TEST_STEP][PASSED] - verifyTextPresent: Text 'The VIN entered is 9 digits long.' is present on page 

2018-05-07 11:40:39 - [MESSAGE][PASSED] - Text 'The VIN entered is 9 digits long.' is present on page 

2018-05-07 11:40:39 - [TEST_STEP][PASSED] - verifyTextPresent: Text 'If your vehicle is a classic car, RV or specialty vehicle, this may be correct. However, no records are available from participating DMVs.' is present on page 

2018-05-07 11:40:40 - [MESSAGE][PASSED] - Text 'If your vehicle is a classic car, RV or specialty vehicle, this may be correct. However, no records are available from participating DMVs.' is present on page 

2018-05-07 11:40:40 - [TEST_STEP][PASSED] - verifyTextPresent: Text 'If your VIN is for a vehicle produced after 1981 it should have exactly 17 digits.' is present on page 

2018-05-07 11:40:40 - [MESSAGE][PASSED] - Text 'If your VIN is for a vehicle produced after 1981 it should have exactly 17 digits.' is present on page 

2018-05-07 11:40:40 - [TEST_STEP][PASSED] - verifyTextPresent: Text 'Sorry, no Window Sticker is Available for this VIN.' is present on page 

2018-05-07 11:40:41 - [MESSAGE][PASSED] - Text 'Sorry, no Window Sticker is Available for this VIN.' is present on page 

2018-05-07 11:40:41 - [TEST_STEP][PASSED] - verifyElementVisible: Object 'Object Repository/LoggedOutPhpPages/OrderLoggedOut (php)/VINCheckForm_EnterVINInput' is visible

2018-05-07 11:40:41 - [MESSAGE][PASSED] - Object 'Object Repository/LoggedOutPhpPages/OrderLoggedOut (php)/VINCheckForm_EnterVINInput' is visible

2018-05-07 11:40:41 - [TEST_STEP][PASSED] - verifyElementAttributeValue: Object 'Object Repository/LoggedOutPhpPages/OrderLoggedOut (php)/VINCheckForm_EnterVINInput' has attribute 'value' with value '7J1012752'

2018-05-07 11:40:41 - [MESSAGE][WARNING] - Timeout '0' is invalid. Using default page load timeout: '30'

2018-05-07 11:40:41 - [MESSAGE][PASSED] - Object 'Object Repository/LoggedOutPhpPages/OrderLoggedOut (php)/VINCheckForm_EnterVINInput' has attribute 'value' with value '7J1012752'

2018-05-07 11:40:41 - [TEST_STEP][PASSED] - verifyElementPresent: Object 'Object Repository/LoggedOutPhpPages/OrderLoggedOut (php)/OrderNow_OrangeButton' is present

2018-05-07 11:40:41 - [MESSAGE][WARNING] - Timeout '0' is invalid. Using default page load timeout: '30'

2018-05-07 11:40:41 - [MESSAGE][PASSED] - Object 'Object Repository/LoggedOutPhpPages/OrderLoggedOut (php)/OrderNow_OrangeButton' is present

2018-05-07 11:40:41 - [TEST_STEP][PASSED] - closeBrowser: Browser is closed

2018-05-07 11:40:41 - [MESSAGE][PASSED] - Browser is closed]]></system-out>
         <system-err><![CDATA[]]></system-err>
      </testcase>
      <testcase name="Test Cases/LoginEmptyEmail_php" classname="Test Cases/LoginEmptyEmail_php" status="PASSED">
         <system-out><![CDATA[2018-05-07 11:40:41 - [TEST_CASE][PASSED] - Test Cases/LoginEmptyEmail_php: Test Cases/LoginEmptyEmail_php

2018-05-07 11:40:42 - [TEST_STEP][PASSED] - openBrowser: Browser is opened with url: ''

2018-05-07 11:40:44 - [MESSAGE][PASSED] - Browser is opened with url: ''

2018-05-07 11:40:44 - [TEST_STEP][PASSED] - maximizeWindow: Current window maximized

2018-05-07 11:40:45 - [MESSAGE][PASSED] - Current window maximized

2018-05-07 11:40:45 - [TEST_STEP][PASSED] - authenticate: Authentication with username 'V1kinG' and password '{2}' successfully

2018-05-07 11:40:47 - [MESSAGE][PASSED] - Authentication with username 'V1kinG' and password '{2}' successfully

2018-05-07 11:40:47 - [TEST_STEP][PASSED] - verifyElementPresent: Object 'Object Repository/LoggedOutPhpPages/Home LoggedOut (php)/button_Sign In' is present

2018-05-07 11:40:47 - [MESSAGE][WARNING] - Timeout '0' is invalid. Using default page load timeout: '30'

2018-05-07 11:40:47 - [MESSAGE][PASSED] - Object 'Object Repository/LoggedOutPhpPages/Home LoggedOut (php)/button_Sign In' is present

2018-05-07 11:40:47 - [TEST_STEP][PASSED] - mouseOver: Object: 'Object Repository/LoggedOutPhpPages/Home LoggedOut (php)/Menu_DownArrow_LoggedOut' is hovered

2018-05-07 11:40:47 - [MESSAGE][PASSED] - Object: 'Object Repository/LoggedOutPhpPages/Home LoggedOut (php)/Menu_DownArrow_LoggedOut' is hovered

2018-05-07 11:40:47 - [TEST_STEP][PASSED] - verifyElementVisible: Object 'Object Repository/LoggedOutPhpPages/Home LoggedOut (php)/button_Sign In' is visible

2018-05-07 11:40:48 - [MESSAGE][PASSED] - Object 'Object Repository/LoggedOutPhpPages/Home LoggedOut (php)/button_Sign In' is visible

2018-05-07 11:40:48 - [TEST_STEP][PASSED] - verifyElementVisible: Object 'Object Repository/LoggedOutPhpPages/Home LoggedOut (php)/ForgotPasswordLink' is visible

2018-05-07 11:40:48 - [MESSAGE][PASSED] - Object 'Object Repository/LoggedOutPhpPages/Home LoggedOut (php)/ForgotPasswordLink' is visible

2018-05-07 11:40:48 - [TEST_STEP][PASSED] - verifyElementVisible: Object 'Object Repository/LoggedOutPhpPages/Home LoggedOut (php)/CreateAccountLink' is visible

2018-05-07 11:40:48 - [MESSAGE][PASSED] - Object 'Object Repository/LoggedOutPhpPages/Home LoggedOut (php)/CreateAccountLink' is visible

2018-05-07 11:40:48 - [TEST_STEP][PASSED] - setText: Text '' is set on object 'Object Repository/LoggedOutPhpPages/Home LoggedOut (php)/input_Email'

2018-05-07 11:40:48 - [MESSAGE][PASSED] - Text '' is set on object 'Object Repository/LoggedOutPhpPages/Home LoggedOut (php)/input_Email'

2018-05-07 11:40:48 - [TEST_STEP][PASSED] - setText: Text 'WrongPassword' is set on object 'Object Repository/LoggedOutPhpPages/Home LoggedOut (php)/input_password'

2018-05-07 11:40:48 - [MESSAGE][PASSED] - Text 'WrongPassword' is set on object 'Object Repository/LoggedOutPhpPages/Home LoggedOut (php)/input_password'

2018-05-07 11:40:48 - [TEST_STEP][PASSED] - click: Object: 'Object Repository/LoggedOutPhpPages/Home LoggedOut (php)/button_Sign In' is clicked on

2018-05-07 11:40:48 - [MESSAGE][PASSED] - Object: 'Object Repository/LoggedOutPhpPages/Home LoggedOut (php)/button_Sign In' is clicked on

2018-05-07 11:40:48 - [TEST_STEP][PASSED] - verifyElementPresent: Object 'Object Repository/LoggedOutPhpPages/Home LoggedOut (php)/LoginAlertArea' is present

2018-05-07 11:40:48 - [MESSAGE][WARNING] - Timeout '0' is invalid. Using default page load timeout: '30'

2018-05-07 11:40:48 - [MESSAGE][PASSED] - Object 'Object Repository/LoggedOutPhpPages/Home LoggedOut (php)/LoginAlertArea' is present

2018-05-07 11:40:48 - [TEST_STEP][PASSED] - waitForElementVisible: Object 'Object Repository/LoggedOutPhpPages/Home LoggedOut (php)/LoginEmailError' is visible

2018-05-07 11:40:49 - [MESSAGE][WARNING] - Timeout '0' is invalid. Using default page load timeout: '30'

2018-05-07 11:40:49 - [MESSAGE][PASSED] - Object 'Object Repository/LoggedOutPhpPages/Home LoggedOut (php)/LoginEmailError' is visible

2018-05-07 11:40:49 - [TEST_STEP][PASSED] - verifyElementText: Actual text and expected text of test object 'Object Repository/LoggedOutPhpPages/Home LoggedOut (php)/LoginEmailError' are matched.

2018-05-07 11:40:49 - [MESSAGE][PASSED] - Actual text and expected text of test object 'Object Repository/LoggedOutPhpPages/Home LoggedOut (php)/LoginEmailError' are matched.

2018-05-07 11:40:49 - [TEST_STEP][PASSED] - closeBrowser: Browser is closed

2018-05-07 11:40:50 - [MESSAGE][PASSED] - Browser is closed]]></system-out>
         <system-err><![CDATA[]]></system-err>
      </testcase>
      <testcase name="Test Cases/LoginEmptyEmail_react" classname="Test Cases/LoginEmptyEmail_react" status="PASSED">
         <system-out><![CDATA[2018-05-07 11:40:50 - [TEST_CASE][PASSED] - Test Cases/LoginEmptyEmail_react: Test Cases/LoginEmptyEmail_react

2018-05-07 11:40:50 - [TEST_STEP][PASSED] - openBrowser: Browser is opened with url: ''

2018-05-07 11:40:52 - [MESSAGE][PASSED] - Browser is opened with url: ''

2018-05-07 11:40:52 - [TEST_STEP][PASSED] - maximizeWindow: Current window maximized

2018-05-07 11:40:53 - [MESSAGE][PASSED] - Current window maximized

2018-05-07 11:40:53 - [TEST_STEP][PASSED] - Statement - StartURL = com.kms.katalon.core.webui.keyword.WebUiBuiltInKeywords.concatenate([StagingReact, "faq/"]): Concatenated string array: '['https://staging.instavin.com/','faq/']' into 'https://staging.instavin.com/faq/'

2018-05-07 11:40:53 - [MESSAGE][PASSED] - Concatenated string array: '['https://staging.instavin.com/','faq/']' into 'https://staging.instavin.com/faq/'

2018-05-07 11:40:53 - [TEST_STEP][PASSED] - authenticate: Authentication with username 'V1kinG' and password '{2}' successfully

2018-05-07 11:40:57 - [MESSAGE][PASSED] - Authentication with username 'V1kinG' and password '{2}' successfully

2018-05-07 11:40:57 - [TEST_STEP][PASSED] - mouseOver: Object: 'Object Repository/LoggedOutReactPages/FAQ/SignIn_Label' is hovered

2018-05-07 11:40:57 - [MESSAGE][PASSED] - Object: 'Object Repository/LoggedOutReactPages/FAQ/SignIn_Label' is hovered

2018-05-07 11:40:57 - [TEST_STEP][PASSED] - verifyElementVisible: Object 'Object Repository/LoggedOutReactPages/FAQ/SignIn_Button' is visible

2018-05-07 11:40:57 - [MESSAGE][PASSED] - Object 'Object Repository/LoggedOutReactPages/FAQ/SignIn_Button' is visible

2018-05-07 11:40:57 - [TEST_STEP][PASSED] - verifyElementVisible: Object 'Object Repository/LoggedOutReactPages/FAQ/ForgotPassword_Link' is visible

2018-05-07 11:40:57 - [MESSAGE][PASSED] - Object 'Object Repository/LoggedOutReactPages/FAQ/ForgotPassword_Link' is visible

2018-05-07 11:40:57 - [TEST_STEP][PASSED] - setText: Text '' is set on object 'Object Repository/LoggedOutReactPages/FAQ/Email_input'

2018-05-07 11:40:58 - [MESSAGE][PASSED] - Text '' is set on object 'Object Repository/LoggedOutReactPages/FAQ/Email_input'

2018-05-07 11:40:58 - [TEST_STEP][PASSED] - setText: Text 'WrongPassword' is set on object 'Object Repository/LoggedOutReactPages/FAQ/Password_input'

2018-05-07 11:40:58 - [MESSAGE][PASSED] - Text 'WrongPassword' is set on object 'Object Repository/LoggedOutReactPages/FAQ/Password_input'

2018-05-07 11:40:58 - [TEST_STEP][PASSED] - click: Object: 'Object Repository/LoggedOutReactPages/FAQ/SignIn_Button' is clicked on

2018-05-07 11:40:58 - [MESSAGE][PASSED] - Object: 'Object Repository/LoggedOutReactPages/FAQ/SignIn_Button' is clicked on

2018-05-07 11:40:58 - [TEST_STEP][PASSED] - verifyElementPresent: Object 'Object Repository/LoggedOutReactPages/FAQ/SignInErrors_Area' is present

2018-05-07 11:40:58 - [MESSAGE][WARNING] - Timeout '0' is invalid. Using default page load timeout: '30'

2018-05-07 11:40:58 - [MESSAGE][PASSED] - Object 'Object Repository/LoggedOutReactPages/FAQ/SignInErrors_Area' is present

2018-05-07 11:40:58 - [TEST_STEP][PASSED] - waitForElementVisible: Object 'Object Repository/LoggedOutReactPages/FAQ/SignInErrors_Area' is visible

2018-05-07 11:40:58 - [MESSAGE][WARNING] - Timeout '0' is invalid. Using default page load timeout: '30'

2018-05-07 11:40:58 - [MESSAGE][PASSED] - Object 'Object Repository/LoggedOutReactPages/FAQ/SignInErrors_Area' is visible

2018-05-07 11:40:58 - [TEST_STEP][PASSED] - verifyElementText: Actual text and expected text of test object 'Object Repository/LoggedOutReactPages/FAQ/SignInErrors_Area' are matched.

2018-05-07 11:40:58 - [MESSAGE][PASSED] - Actual text and expected text of test object 'Object Repository/LoggedOutReactPages/FAQ/SignInErrors_Area' are matched.

2018-05-07 11:40:58 - [TEST_STEP][PASSED] - verifyElementAttributeValue: Object 'Object Repository/LoggedOutReactPages/FAQ/Email_input' has attribute 'class' with value 'error'

2018-05-07 11:40:58 - [MESSAGE][WARNING] - Timeout '0' is invalid. Using default page load timeout: '30'

2018-05-07 11:40:59 - [MESSAGE][PASSED] - Object 'Object Repository/LoggedOutReactPages/FAQ/Email_input' has attribute 'class' with value 'error'

2018-05-07 11:40:59 - [TEST_STEP][PASSED] - closeBrowser: Browser is closed

2018-05-07 11:40:59 - [MESSAGE][PASSED] - Browser is closed]]></system-out>
         <system-err><![CDATA[]]></system-err>
      </testcase>
      <testcase name="Test Cases/LoginSuccess_react" classname="Test Cases/LoginSuccess_react" status="PASSED">
         <system-out><![CDATA[2018-05-07 11:40:59 - [TEST_CASE][PASSED] - Test Cases/LoginSuccess_react: Test Cases/LoginSuccess_react

2018-05-07 11:41:00 - [TEST_STEP][PASSED] - openBrowser: Browser is opened with url: ''

2018-05-07 11:41:02 - [MESSAGE][PASSED] - Browser is opened with url: ''

2018-05-07 11:41:02 - [TEST_STEP][PASSED] - maximizeWindow: Current window maximized

2018-05-07 11:41:03 - [MESSAGE][PASSED] - Current window maximized

2018-05-07 11:41:03 - [TEST_STEP][PASSED] - Statement - StartURL = com.kms.katalon.core.webui.keyword.WebUiBuiltInKeywords.concatenate([StagingReact, "faq/"]): Concatenated string array: '['https://staging.instavin.com/','faq/']' into 'https://staging.instavin.com/faq/'

2018-05-07 11:41:03 - [MESSAGE][PASSED] - Concatenated string array: '['https://staging.instavin.com/','faq/']' into 'https://staging.instavin.com/faq/'

2018-05-07 11:41:03 - [TEST_STEP][PASSED] - authenticate: Authentication with username 'V1kinG' and password '{2}' successfully

2018-05-07 11:41:06 - [MESSAGE][PASSED] - Authentication with username 'V1kinG' and password '{2}' successfully

2018-05-07 11:41:06 - [TEST_STEP][PASSED] - navigateToUrl: Navigate to 'https://staging.instavin.com/faq/' successfully

2018-05-07 11:41:07 - [MESSAGE][PASSED] - Navigate to 'https://staging.instavin.com/faq/' successfully

2018-05-07 11:41:07 - [TEST_STEP][PASSED] - verifyElementPresent: Object 'Object Repository/LoggedOutReactPages/FAQ/SignIn_Label' is present

2018-05-07 11:41:07 - [MESSAGE][WARNING] - Timeout '0' is invalid. Using default page load timeout: '30'

2018-05-07 11:41:07 - [MESSAGE][PASSED] - Object 'Object Repository/LoggedOutReactPages/FAQ/SignIn_Label' is present

2018-05-07 11:41:07 - [TEST_STEP][PASSED] - mouseOver: Object: 'Object Repository/LoggedOutReactPages/FAQ/SignIn_Label' is hovered

2018-05-07 11:41:07 - [MESSAGE][PASSED] - Object: 'Object Repository/LoggedOutReactPages/FAQ/SignIn_Label' is hovered

2018-05-07 11:41:07 - [TEST_STEP][PASSED] - verifyElementVisible: Object 'Object Repository/LoggedOutReactPages/FAQ/SignIn_Label' is visible

2018-05-07 11:41:08 - [MESSAGE][PASSED] - Object 'Object Repository/LoggedOutReactPages/FAQ/SignIn_Label' is visible

2018-05-07 11:41:08 - [TEST_STEP][PASSED] - verifyElementVisible: Object 'Object Repository/LoggedOutReactPages/FAQ/ForgotPassword_Link' is visible

2018-05-07 11:41:08 - [MESSAGE][PASSED] - Object 'Object Repository/LoggedOutReactPages/FAQ/ForgotPassword_Link' is visible

2018-05-07 11:41:08 - [TEST_STEP][PASSED] - setText: Text 'consumer1@mailinator.com' is set on object 'Object Repository/LoggedOutReactPages/FAQ/Email_input'

2018-05-07 11:41:08 - [MESSAGE][PASSED] - Text 'consumer1@mailinator.com' is set on object 'Object Repository/LoggedOutReactPages/FAQ/Email_input'

2018-05-07 11:41:08 - [TEST_STEP][PASSED] - setText: Text '111111' is set on object 'Object Repository/LoggedOutReactPages/FAQ/Password_input'

2018-05-07 11:41:08 - [MESSAGE][PASSED] - Text '111111' is set on object 'Object Repository/LoggedOutReactPages/FAQ/Password_input'

2018-05-07 11:41:08 - [TEST_STEP][PASSED] - click: Object: 'Object Repository/LoggedOutReactPages/FAQ/SignIn_Button' is clicked on

2018-05-07 11:41:08 - [MESSAGE][PASSED] - Object: 'Object Repository/LoggedOutReactPages/FAQ/SignIn_Button' is clicked on

2018-05-07 11:41:08 - [TEST_STEP][PASSED] - waitForElementVisible: Object 'Object Repository/LoggedInReactPages/Dashboard (react)/Dashboard_Header' is visible

2018-05-07 11:41:08 - [MESSAGE][WARNING] - Timeout '0' is invalid. Using default page load timeout: '30'

2018-05-07 11:41:12 - [MESSAGE][PASSED] - Object 'Object Repository/LoggedInReactPages/Dashboard (react)/Dashboard_Header' is visible

2018-05-07 11:41:12 - [TEST_STEP][PASSED] - Statement - LoginRedirect = com.kms.katalon.core.webui.keyword.WebUiBuiltInKeywords.getUrl(): Current window's url is: 'https://staging.instavin.com/my-account'

2018-05-07 11:41:12 - [MESSAGE][PASSED] - Current window's url is: 'https://staging.instavin.com/my-account'

2018-05-07 11:41:12 - [TEST_STEP][PASSED] - Statement - ExpectedLoginRedirect = com.kms.katalon.core.webui.keyword.WebUiBuiltInKeywords.concatenate([StagingReact, "my-account"]): Concatenated string array: '['https://staging.instavin.com/','my-account']' into 'https://staging.instavin.com/my-account'

2018-05-07 11:41:12 - [MESSAGE][PASSED] - Concatenated string array: '['https://staging.instavin.com/','my-account']' into 'https://staging.instavin.com/my-account'

2018-05-07 11:41:12 - [TEST_STEP][PASSED] - verifyMatch: Actual text 'https://staging.instavin.com/my-account' and expected text 'https://staging.instavin.com/my-account' are matched 

2018-05-07 11:41:12 - [MESSAGE][PASSED] - Actual text 'https://staging.instavin.com/my-account' and expected text 'https://staging.instavin.com/my-account' are matched 

2018-05-07 11:41:12 - [TEST_STEP][PASSED] - verifyElementAttributeValue: Object 'Object Repository/LoggedInReactPages/MyAccount (react)/DashboardSideMenu_Tab' has attribute 'class' with value 'SideMenuTab ActiveSideMenu'

2018-05-07 11:41:12 - [MESSAGE][WARNING] - Timeout '0' is invalid. Using default page load timeout: '30'

2018-05-07 11:41:12 - [MESSAGE][PASSED] - Object 'Object Repository/LoggedInReactPages/MyAccount (react)/DashboardSideMenu_Tab' has attribute 'class' with value 'SideMenuTab ActiveSideMenu'

2018-05-07 11:41:12 - [TEST_STEP][PASSED] - mouseOver: Object: 'Object Repository/LoggedInReactPages/MyAccount (react)/MyAccount_Label' is hovered

2018-05-07 11:41:12 - [MESSAGE][PASSED] - Object: 'Object Repository/LoggedInReactPages/MyAccount (react)/MyAccount_Label' is hovered

2018-05-07 11:41:12 - [TEST_STEP][PASSED] - verifyElementPresent: Object 'Object Repository/LoggedInReactPages/MyAccount (react)/DropdownLogout' is present

2018-05-07 11:41:12 - [MESSAGE][PASSED] - Object 'Object Repository/LoggedInReactPages/MyAccount (react)/DropdownLogout' is present

2018-05-07 11:41:12 - [TEST_STEP][PASSED] - closeBrowser: Browser is closed

2018-05-07 11:41:13 - [MESSAGE][PASSED] - Browser is closed]]></system-out>
         <system-err><![CDATA[]]></system-err>
      </testcase>
      <testcase name="Test Cases/LoginWrongPass_php" classname="Test Cases/LoginWrongPass_php" status="PASSED">
         <system-out><![CDATA[2018-05-07 11:41:13 - [TEST_CASE][PASSED] - Test Cases/LoginWrongPass_php: Test Cases/LoginWrongPass_php

2018-05-07 11:41:13 - [TEST_STEP][PASSED] - openBrowser: Browser is opened with url: ''

2018-05-07 11:41:15 - [MESSAGE][PASSED] - Browser is opened with url: ''

2018-05-07 11:41:15 - [TEST_STEP][PASSED] - maximizeWindow: Current window maximized

2018-05-07 11:41:16 - [MESSAGE][PASSED] - Current window maximized

2018-05-07 11:41:16 - [TEST_STEP][PASSED] - authenticate: Authentication with username 'V1kinG' and password '{2}' successfully

2018-05-07 11:41:18 - [MESSAGE][PASSED] - Authentication with username 'V1kinG' and password '{2}' successfully

2018-05-07 11:41:18 - [TEST_STEP][PASSED] - verifyElementPresent: Object 'Object Repository/LoggedOutPhpPages/Home LoggedOut (php)/button_Sign In' is present

2018-05-07 11:41:18 - [MESSAGE][WARNING] - Timeout '0' is invalid. Using default page load timeout: '30'

2018-05-07 11:41:18 - [MESSAGE][PASSED] - Object 'Object Repository/LoggedOutPhpPages/Home LoggedOut (php)/button_Sign In' is present

2018-05-07 11:41:18 - [TEST_STEP][PASSED] - mouseOver: Object: 'Object Repository/LoggedOutPhpPages/Home LoggedOut (php)/Menu_DownArrow_LoggedOut' is hovered

2018-05-07 11:41:19 - [MESSAGE][PASSED] - Object: 'Object Repository/LoggedOutPhpPages/Home LoggedOut (php)/Menu_DownArrow_LoggedOut' is hovered

2018-05-07 11:41:19 - [TEST_STEP][PASSED] - verifyElementVisible: Object 'Object Repository/LoggedOutPhpPages/Home LoggedOut (php)/button_Sign In' is visible

2018-05-07 11:41:19 - [MESSAGE][PASSED] - Object 'Object Repository/LoggedOutPhpPages/Home LoggedOut (php)/button_Sign In' is visible

2018-05-07 11:41:19 - [TEST_STEP][PASSED] - verifyElementVisible: Object 'Object Repository/LoggedOutPhpPages/Home LoggedOut (php)/ForgotPasswordLink' is visible

2018-05-07 11:41:19 - [MESSAGE][PASSED] - Object 'Object Repository/LoggedOutPhpPages/Home LoggedOut (php)/ForgotPasswordLink' is visible

2018-05-07 11:41:19 - [TEST_STEP][PASSED] - verifyElementVisible: Object 'Object Repository/LoggedOutPhpPages/Home LoggedOut (php)/CreateAccountLink' is visible

2018-05-07 11:41:19 - [MESSAGE][PASSED] - Object 'Object Repository/LoggedOutPhpPages/Home LoggedOut (php)/CreateAccountLink' is visible

2018-05-07 11:41:19 - [TEST_STEP][PASSED] - setText: Text 'consumer1@mailinator.com' is set on object 'Object Repository/LoggedOutPhpPages/Home LoggedOut (php)/input_Email'

2018-05-07 11:41:19 - [MESSAGE][PASSED] - Text 'consumer1@mailinator.com' is set on object 'Object Repository/LoggedOutPhpPages/Home LoggedOut (php)/input_Email'

2018-05-07 11:41:19 - [TEST_STEP][PASSED] - setText: Text 'WrongPassword' is set on object 'Object Repository/LoggedOutPhpPages/Home LoggedOut (php)/input_password'

2018-05-07 11:41:19 - [MESSAGE][PASSED] - Text 'WrongPassword' is set on object 'Object Repository/LoggedOutPhpPages/Home LoggedOut (php)/input_password'

2018-05-07 11:41:19 - [TEST_STEP][PASSED] - click: Object: 'Object Repository/LoggedOutPhpPages/Home LoggedOut (php)/button_Sign In' is clicked on

2018-05-07 11:41:20 - [MESSAGE][PASSED] - Object: 'Object Repository/LoggedOutPhpPages/Home LoggedOut (php)/button_Sign In' is clicked on

2018-05-07 11:41:20 - [TEST_STEP][PASSED] - verifyElementPresent: Object 'Object Repository/LoggedOutPhpPages/Home LoggedOut (php)/LoginAlertArea' is present

2018-05-07 11:41:20 - [MESSAGE][WARNING] - Timeout '0' is invalid. Using default page load timeout: '30'

2018-05-07 11:41:20 - [MESSAGE][PASSED] - Object 'Object Repository/LoggedOutPhpPages/Home LoggedOut (php)/LoginAlertArea' is present

2018-05-07 11:41:20 - [TEST_STEP][PASSED] - waitForElementVisible: Object 'Object Repository/LoggedOutPhpPages/Home LoggedOut (php)/LoginAlertArea' is visible

2018-05-07 11:41:20 - [MESSAGE][WARNING] - Timeout '0' is invalid. Using default page load timeout: '30'

2018-05-07 11:41:20 - [MESSAGE][PASSED] - Object 'Object Repository/LoggedOutPhpPages/Home LoggedOut (php)/LoginAlertArea' is visible

2018-05-07 11:41:20 - [TEST_STEP][PASSED] - verifyElementText: Actual text and expected text of test object 'Object Repository/LoggedOutPhpPages/Home LoggedOut (php)/LoginAlertArea' are matched.

2018-05-07 11:41:20 - [MESSAGE][PASSED] - Actual text and expected text of test object 'Object Repository/LoggedOutPhpPages/Home LoggedOut (php)/LoginAlertArea' are matched.

2018-05-07 11:41:20 - [TEST_STEP][PASSED] - closeBrowser: Browser is closed

2018-05-07 11:41:21 - [MESSAGE][PASSED] - Browser is closed]]></system-out>
         <system-err><![CDATA[]]></system-err>
      </testcase>
      <testcase name="Test Cases/LoginWrongPass_react" classname="Test Cases/LoginWrongPass_react" status="PASSED">
         <system-out><![CDATA[2018-05-07 11:41:21 - [TEST_CASE][PASSED] - Test Cases/LoginWrongPass_react: Test Cases/LoginWrongPass_react

2018-05-07 11:41:21 - [TEST_STEP][PASSED] - openBrowser: Browser is opened with url: ''

2018-05-07 11:41:24 - [MESSAGE][PASSED] - Browser is opened with url: ''

2018-05-07 11:41:24 - [TEST_STEP][PASSED] - maximizeWindow: Current window maximized

2018-05-07 11:41:25 - [MESSAGE][PASSED] - Current window maximized

2018-05-07 11:41:25 - [TEST_STEP][PASSED] - Statement - StartURL = com.kms.katalon.core.webui.keyword.WebUiBuiltInKeywords.concatenate([StagingReact, "faq/"]): Concatenated string array: '['https://staging.instavin.com/','faq/']' into 'https://staging.instavin.com/faq/'

2018-05-07 11:41:25 - [MESSAGE][PASSED] - Concatenated string array: '['https://staging.instavin.com/','faq/']' into 'https://staging.instavin.com/faq/'

2018-05-07 11:41:25 - [TEST_STEP][PASSED] - authenticate: Authentication with username 'V1kinG' and password '{2}' successfully

2018-05-07 11:41:27 - [MESSAGE][PASSED] - Authentication with username 'V1kinG' and password '{2}' successfully

2018-05-07 11:41:27 - [TEST_STEP][PASSED] - mouseOver: Object: 'Object Repository/LoggedOutReactPages/FAQ/SignIn_Label' is hovered

2018-05-07 11:41:27 - [MESSAGE][PASSED] - Object: 'Object Repository/LoggedOutReactPages/FAQ/SignIn_Label' is hovered

2018-05-07 11:41:27 - [TEST_STEP][PASSED] - verifyElementVisible: Object 'Object Repository/LoggedOutReactPages/FAQ/SignIn_Button' is visible

2018-05-07 11:41:27 - [MESSAGE][PASSED] - Object 'Object Repository/LoggedOutReactPages/FAQ/SignIn_Button' is visible

2018-05-07 11:41:27 - [TEST_STEP][PASSED] - verifyElementVisible: Object 'Object Repository/LoggedOutReactPages/FAQ/ForgotPassword_Link' is visible

2018-05-07 11:41:27 - [MESSAGE][PASSED] - Object 'Object Repository/LoggedOutReactPages/FAQ/ForgotPassword_Link' is visible

2018-05-07 11:41:27 - [TEST_STEP][PASSED] - setText: Text 'consumer1@mailinator.com' is set on object 'Object Repository/LoggedOutReactPages/FAQ/Email_input'

2018-05-07 11:41:28 - [MESSAGE][PASSED] - Text 'consumer1@mailinator.com' is set on object 'Object Repository/LoggedOutReactPages/FAQ/Email_input'

2018-05-07 11:41:28 - [TEST_STEP][PASSED] - setText: Text '222' is set on object 'Object Repository/LoggedOutReactPages/FAQ/Password_input'

2018-05-07 11:41:28 - [MESSAGE][PASSED] - Text '222' is set on object 'Object Repository/LoggedOutReactPages/FAQ/Password_input'

2018-05-07 11:41:28 - [TEST_STEP][PASSED] - click: Object: 'Object Repository/LoggedOutReactPages/FAQ/SignIn_Button' is clicked on

2018-05-07 11:41:28 - [MESSAGE][PASSED] - Object: 'Object Repository/LoggedOutReactPages/FAQ/SignIn_Button' is clicked on

2018-05-07 11:41:28 - [TEST_STEP][PASSED] - verifyElementPresent: Object 'Object Repository/LoggedOutReactPages/FAQ/SignInErrors_Area' is present

2018-05-07 11:41:28 - [MESSAGE][WARNING] - Timeout '0' is invalid. Using default page load timeout: '30'

2018-05-07 11:41:29 - [MESSAGE][PASSED] - Object 'Object Repository/LoggedOutReactPages/FAQ/SignInErrors_Area' is present

2018-05-07 11:41:29 - [TEST_STEP][PASSED] - waitForElementVisible: Object 'Object Repository/LoggedOutReactPages/FAQ/SignInErrors_Area' is visible

2018-05-07 11:41:29 - [MESSAGE][WARNING] - Timeout '0' is invalid. Using default page load timeout: '30'

2018-05-07 11:41:29 - [MESSAGE][PASSED] - Object 'Object Repository/LoggedOutReactPages/FAQ/SignInErrors_Area' is visible

2018-05-07 11:41:29 - [TEST_STEP][PASSED] - verifyElementText: Actual text and expected text of test object 'Object Repository/LoggedOutReactPages/FAQ/SignInErrors_Area' are matched.

2018-05-07 11:41:29 - [MESSAGE][PASSED] - Actual text and expected text of test object 'Object Repository/LoggedOutReactPages/FAQ/SignInErrors_Area' are matched.

2018-05-07 11:41:29 - [TEST_STEP][PASSED] - closeBrowser: Browser is closed

2018-05-07 11:41:29 - [MESSAGE][PASSED] - Browser is closed]]></system-out>
         <system-err><![CDATA[]]></system-err>
      </testcase>
      <testcase name="Test Cases/BillingInfo - CheckCurrentCard" classname="Test Cases/BillingInfo - CheckCurrentCard" status="FAILED">
         <failure type="FAILED" message="Unable to verify object 'Object Repository/LoggedInReactPages/BillingInfo (react)/VisaImage' is visible (Root cause: Object 'Object Repository/LoggedInReactPages/BillingInfo (react)/VisaImage' is NOT visible)"/>
         <system-out><![CDATA[2018-05-07 11:41:29 - [TEST_CASE][FAILED] - Test Cases/BillingInfo - CheckCurrentCard: Test Cases/BillingInfo - CheckCurrentCard FAILED because (of) Unable to verify object 'Object Repository/LoggedInReactPages/BillingInfo (react)/VisaImage' is visible (Root cause: Object 'Object Repository/LoggedInReactPages/BillingInfo (react)/VisaImage' is NOT visible)

2018-05-07 11:41:30 - [TEST_STEP][PASSED] - callTestCase: Call Test Case 'Test Cases/Base Tests/LoginBaseTest' successfully

2018-05-07 11:41:30 - [TEST_CASE][PASSED] - Test Cases/Base Tests/LoginBaseTest: Test Cases/Base Tests/LoginBaseTest

2018-05-07 11:41:30 - [TEST_STEP][PASSED] - openBrowser: Browser is opened with url: ''

2018-05-07 11:41:32 - [MESSAGE][PASSED] - Browser is opened with url: ''

2018-05-07 11:41:32 - [TEST_STEP][PASSED] - maximizeWindow: Current window maximized

2018-05-07 11:41:33 - [MESSAGE][PASSED] - Current window maximized

2018-05-07 11:41:33 - [TEST_STEP][PASSED] - Statement - faq_url = com.kms.katalon.core.webui.keyword.WebUiBuiltInKeywords.concatenate([StagingReact, "faq/"]): Concatenated string array: '['https://staging.instavin.com/','faq/']' into 'https://staging.instavin.com/faq/'

2018-05-07 11:41:33 - [MESSAGE][PASSED] - Concatenated string array: '['https://staging.instavin.com/','faq/']' into 'https://staging.instavin.com/faq/'

2018-05-07 11:41:33 - [TEST_STEP][PASSED] - authenticate: Authentication with username 'V1kinG' and password '{2}' successfully

2018-05-07 11:41:38 - [MESSAGE][PASSED] - Authentication with username 'V1kinG' and password '{2}' successfully

2018-05-07 11:41:38 - [TEST_STEP][PASSED] - mouseOver: Object: 'Object Repository/LoggedOutReactPages/FAQ/SignIn_Label' is hovered

2018-05-07 11:41:38 - [MESSAGE][PASSED] - Object: 'Object Repository/LoggedOutReactPages/FAQ/SignIn_Label' is hovered

2018-05-07 11:41:38 - [TEST_STEP][PASSED] - verifyElementVisible: Object 'Object Repository/LoggedOutReactPages/FAQ/SignIn_Button' is visible

2018-05-07 11:41:38 - [MESSAGE][PASSED] - Object 'Object Repository/LoggedOutReactPages/FAQ/SignIn_Button' is visible

2018-05-07 11:41:38 - [TEST_STEP][PASSED] - setText: Text 'consumer1@mailinator.com' is set on object 'Object Repository/LoggedOutReactPages/FAQ/Email_input'

2018-05-07 11:41:38 - [MESSAGE][PASSED] - Text 'consumer1@mailinator.com' is set on object 'Object Repository/LoggedOutReactPages/FAQ/Email_input'

2018-05-07 11:41:38 - [TEST_STEP][PASSED] - setText: Text '111111' is set on object 'Object Repository/LoggedOutReactPages/FAQ/Password_input'

2018-05-07 11:41:38 - [MESSAGE][PASSED] - Text '111111' is set on object 'Object Repository/LoggedOutReactPages/FAQ/Password_input'

2018-05-07 11:41:38 - [TEST_STEP][PASSED] - click: Object: 'Object Repository/LoggedOutReactPages/FAQ/SignIn_Button' is clicked on

2018-05-07 11:41:39 - [MESSAGE][PASSED] - Object: 'Object Repository/LoggedOutReactPages/FAQ/SignIn_Button' is clicked on

2018-05-07 11:41:39 - [MESSAGE][PASSED] - Call Test Case 'Test Cases/Base Tests/LoginBaseTest' successfully

2018-05-07 11:41:39 - [TEST_STEP][PASSED] - verifyElementVisible: Object 'Object Repository/LoggedInReactPages/MyAccount (react)/Account_Header' is visible

2018-05-07 11:41:40 - [MESSAGE][PASSED] - Object 'Object Repository/LoggedInReactPages/MyAccount (react)/Account_Header' is visible

2018-05-07 11:41:40 - [TEST_STEP][PASSED] - Statement - HeaderText = com.kms.katalon.core.webui.keyword.WebUiBuiltInKeywords.concatenate(["For ", FirstName, " ", LastName], STOP_ON_FAILURE): Concatenated string array: '['For ','Uno',' ','Consumer']' into 'For Uno Consumer'

2018-05-07 11:41:40 - [MESSAGE][PASSED] - Concatenated string array: '['For ','Uno',' ','Consumer']' into 'For Uno Consumer'

2018-05-07 11:41:40 - [TEST_STEP][PASSED] - verifyTextPresent: Text 'For Uno Consumer' is present on page 

2018-05-07 11:41:40 - [MESSAGE][PASSED] - Text 'For Uno Consumer' is present on page 

2018-05-07 11:41:40 - [TEST_STEP][PASSED] - click: Object: 'Object Repository/LoggedInReactPages/BillingInfo (react)/BillingInfoSideMenu_Link' is clicked on

2018-05-07 11:41:41 - [MESSAGE][PASSED] - Object: 'Object Repository/LoggedInReactPages/BillingInfo (react)/BillingInfoSideMenu_Link' is clicked on

2018-05-07 11:41:41 - [TEST_STEP][PASSED] - verifyElementAttributeValue: Object 'Object Repository/LoggedInReactPages/MyAccount (react)/BillingInfoSideMenu_Tab' has attribute 'class' with value 'SideMenuTab ActiveSideMenu'

2018-05-07 11:41:41 - [MESSAGE][WARNING] - Timeout '0' is invalid. Using default page load timeout: '30'

2018-05-07 11:41:41 - [MESSAGE][PASSED] - Object 'Object Repository/LoggedInReactPages/MyAccount (react)/BillingInfoSideMenu_Tab' has attribute 'class' with value 'SideMenuTab ActiveSideMenu'

2018-05-07 11:41:41 - [TEST_STEP][FAILED] - verifyElementVisible: Unable to verify object 'Object Repository/LoggedInReactPages/BillingInfo (react)/VisaImage' is visible (Root cause: Object 'Object Repository/LoggedInReactPages/BillingInfo (react)/VisaImage' is NOT visible)

2018-05-07 11:41:42 - [MESSAGE][FAILED] - Object 'Object Repository/LoggedInReactPages/BillingInfo (react)/VisaImage' is NOT visible
[[ATTACHMENT|C:\\Projects\\instaVIN\\tests\\instaVIN\\Reports\\Staging Smoke Test Suite\\20180507_113830\\1525682502195.png]]

2018-05-07 11:41:42 - [MESSAGE][FAILED] - Unable to verify object 'Object Repository/LoggedInReactPages/BillingInfo (react)/VisaImage' is visible (Root cause: Object 'Object Repository/LoggedInReactPages/BillingInfo (react)/VisaImage' is NOT visible)
[[ATTACHMENT|C:\\Projects\\instaVIN\\tests\\instaVIN\\Reports\\Staging Smoke Test Suite\\20180507_113830\\1525682502567.png]]]]></system-out>
         <system-err><![CDATA[2018-05-07 11:41:29 - [TEST_CASE][FAILED] - Test Cases/BillingInfo - CheckCurrentCard: Test Cases/BillingInfo - CheckCurrentCard FAILED because (of) Unable to verify object 'Object Repository/LoggedInReactPages/BillingInfo (react)/VisaImage' is visible (Root cause: Object 'Object Repository/LoggedInReactPages/BillingInfo (react)/VisaImage' is NOT visible)]]></system-err>
      </testcase>
      <system-out><![CDATA[2018-05-07 11:38:32 - [TEST_SUITE][FAILED] - Staging Smoke Test Suite: Test Cases/LoginSuccess_php FAILED because (of) Unable to verify match between actual text 'https://staging.instavin.com/my-account' and expected text 'https://staging.instavin.com/my-account/' (Root cause: Actual text 'https://staging.instavin.com/my-account' and expected text 'https://staging.instavin.com/my-account/' are not matched)]]></system-out>
      <system-err><![CDATA[2018-05-07 11:38:32 - [TEST_SUITE][FAILED] - Staging Smoke Test Suite: Test Cases/LoginSuccess_php FAILED because (of) Unable to verify match between actual text 'https://staging.instavin.com/my-account' and expected text 'https://staging.instavin.com/my-account/' (Root cause: Actual text 'https://staging.instavin.com/my-account' and expected text 'https://staging.instavin.com/my-account/' are not matched)]]></system-err>
   </testsuite>
</testsuites>
