<?xml version="1.0" encoding="UTF-8"?>
<testsuites name="Staging Smoke Test Suite" time="874" tests="38" failures="0" errors="1">
   <testsuite name="Staging Smoke Test Suite" tests="38" failures="0" errors="1" time="874" timestamp="2018-05-31 10:44:14" hostname="KSavinkin - LPksavinkin.TC.local" id="Test Suites/Staging Smoke Test Suite">
      <properties>
         <property name="deviceName" value=""/>
         <property name="devicePlatform" value=""/>
         <property name="logFolder" value="C:\\Projects\\instaVIN\\tests\\instaVIN\\Reports\\Staging Smoke Test Suite\\20180531_104411"/>
         <property name="logFiles" value="C:\\Projects\\instaVIN\\tests\\instaVIN\\Reports\\Staging Smoke Test Suite\\20180531_104411\\execution0.log"/>
         <property name="attachments" value=""/>
         <property name="hostName" value="KSavinkin - LPksavinkin.TC.local"/>
         <property name="os" value="Windows 7 64bit"/>
         <property name="katalonVersion" value="5.4.1.1"/>
         <property name="browser" value="Chrome 66.0.3359.181"/>
         <property name="hostAddress" value="192.168.0.184"/>
         <property name="sessionId" value="cd191b3782f9234c7b2ce23534c60bbf"/>
         <property name="seleniumVersion" value="3.7.1"/>
         <property name="proxyInformation" value="ProxyInformation{proxyOption=NO_PROXY, proxyServerType=HTTP, password=, proxyServerAddress=, proxyServerPort=0}"/>
         <property name="platform" value="Windows 7"/>
      </properties>
      <testcase name="Test Cases/CheckHomeSliders" classname="Test Cases/CheckHomeSliders" status="PASSED">
         <system-out><![CDATA[2018-05-31 10:44:15 - [TEST_CASE][PASSED] - Test Cases/CheckHomeSliders: Test Cases/CheckHomeSliders

2018-05-31 10:44:16 - [TEST_STEP][PASSED] - openBrowser: Browser is opened with url: ''

2018-05-31 10:44:20 - [MESSAGE][PASSED] - Browser is opened with url: ''

2018-05-31 10:44:20 - [TEST_STEP][PASSED] - maximizeWindow: Current window maximized

2018-05-31 10:44:21 - [MESSAGE][PASSED] - Current window maximized

2018-05-31 10:44:21 - [TEST_STEP][PASSED] - navigateToUrl: Navigate to 'https://dev-front.instavin.com/' successfully

2018-05-31 10:44:33 - [MESSAGE][PASSED] - Navigate to 'https://dev-front.instavin.com/' successfully

2018-05-31 10:44:33 - [TEST_STEP][PASSED] - Statement - If (com.kms.katalon.core.webui.keyword.WebUiBuiltInKeywords.verifyElementAttributeValue(com.kms.katalon.core.testobject.ObjectRepository.findTestObject(LoggedOutReactPages/HomeLoggedOut/PromoSlide_Div), "class", "slick-slide slick-active slick-current", 0, CONTINUE_ON_FAILURE)): Object 'Object Repository/LoggedOutReactPages/HomeLoggedOut/Free_Link' is visible

2018-05-31 10:44:33 - [MESSAGE][WARNING] - Timeout '0' is invalid. Using default page load timeout: '30'

2018-05-31 10:44:33 - [MESSAGE][PASSED] - Object 'Object Repository/LoggedOutReactPages/HomeLoggedOut/PromoSlide_Div' has attribute 'class' with value 'slick-slide slick-active slick-current'

2018-05-31 10:44:33 - [TEST_STEP][PASSED] - click: Object: 'Object Repository/LoggedOutReactPages/HomeLoggedOut/SliderRightArrow' is clicked on

2018-05-31 10:44:33 - [MESSAGE][PASSED] - Object: 'Object Repository/LoggedOutReactPages/HomeLoggedOut/SliderRightArrow' is clicked on

2018-05-31 10:44:33 - [TEST_STEP][PASSED] - waitForElementVisible: Object 'Object Repository/LoggedOutReactPages/HomeLoggedOut/SecondAppsSlide' is visible

2018-05-31 10:44:33 - [MESSAGE][WARNING] - Timeout '0' is invalid. Using default page load timeout: '30'

2018-05-31 10:44:33 - [MESSAGE][PASSED] - Object 'Object Repository/LoggedOutReactPages/HomeLoggedOut/SecondAppsSlide' is visible

2018-05-31 10:44:33 - [TEST_STEP][PASSED] - waitForElementVisible: Object 'Object Repository/LoggedOutReactPages/HomeLoggedOut/FactoryOptions_Link' is visible

2018-05-31 10:44:33 - [MESSAGE][WARNING] - Timeout '0' is invalid. Using default page load timeout: '30'

2018-05-31 10:44:33 - [MESSAGE][PASSED] - Object 'Object Repository/LoggedOutReactPages/HomeLoggedOut/FactoryOptions_Link' is visible

2018-05-31 10:44:33 - [TEST_STEP][PASSED] - click: Object: 'Object Repository/LoggedOutReactPages/HomeLoggedOut/SliderLeftArrow' is clicked on

2018-05-31 10:44:34 - [MESSAGE][PASSED] - Object: 'Object Repository/LoggedOutReactPages/HomeLoggedOut/SliderLeftArrow' is clicked on

2018-05-31 10:44:34 - [TEST_STEP][PASSED] - waitForElementVisible: Object 'Object Repository/LoggedOutReactPages/HomeLoggedOut/Free_Link' is visible

2018-05-31 10:44:34 - [MESSAGE][WARNING] - Timeout '0' is invalid. Using default page load timeout: '30'

2018-05-31 10:44:36 - [MESSAGE][PASSED] - Object 'Object Repository/LoggedOutReactPages/HomeLoggedOut/Free_Link' is visible

2018-05-31 10:44:36 - [TEST_STEP][PASSED] - closeBrowser: Browser is closed

2018-05-31 10:44:36 - [MESSAGE][PASSED] - Browser is closed]]></system-out>
         <system-err><![CDATA[]]></system-err>
      </testcase>
      <testcase name="Test Cases/CheckVINfromHome - EmptyVIN" classname="Test Cases/CheckVINfromHome - EmptyVIN" status="PASSED">
         <system-out><![CDATA[2018-05-31 10:44:36 - [TEST_CASE][PASSED] - Test Cases/CheckVINfromHome - EmptyVIN: Test Cases/CheckVINfromHome - EmptyVIN

2018-05-31 10:44:37 - [TEST_STEP][PASSED] - openBrowser: Browser is opened with url: ''

2018-05-31 10:44:39 - [MESSAGE][PASSED] - Browser is opened with url: ''

2018-05-31 10:44:39 - [TEST_STEP][PASSED] - maximizeWindow: Current window maximized

2018-05-31 10:44:40 - [MESSAGE][PASSED] - Current window maximized

2018-05-31 10:44:40 - [TEST_STEP][PASSED] - navigateToUrl: Navigate to 'https://dev-front.instavin.com/' successfully

2018-05-31 10:44:45 - [MESSAGE][PASSED] - Navigate to 'https://dev-front.instavin.com/' successfully

2018-05-31 10:44:45 - [TEST_STEP][PASSED] - verifyElementPresent: Object 'Object Repository/LoggedOutReactPages/CommonElements/SignIn_Label' is present

2018-05-31 10:44:45 - [MESSAGE][WARNING] - Timeout '0' is invalid. Using default page load timeout: '30'

2018-05-31 10:44:45 - [MESSAGE][PASSED] - Object 'Object Repository/LoggedOutReactPages/CommonElements/SignIn_Label' is present

2018-05-31 10:44:45 - [TEST_STEP][PASSED] - verifyElementPresent: Object 'Object Repository/LoggedOutReactPages/HomeLoggedOut/EnterVIN_input' is present

2018-05-31 10:44:45 - [MESSAGE][WARNING] - Timeout '0' is invalid. Using default page load timeout: '30'

2018-05-31 10:44:45 - [MESSAGE][PASSED] - Object 'Object Repository/LoggedOutReactPages/HomeLoggedOut/EnterVIN_input' is present

2018-05-31 10:44:45 - [TEST_STEP][PASSED] - verifyElementAttributeValue: Object 'Object Repository/LoggedOutReactPages/HomeLoggedOut/EnterVIN_input' has attribute 'placeholder' with value 'ENTER VIN NUMBER'

2018-05-31 10:44:45 - [MESSAGE][WARNING] - Timeout '0' is invalid. Using default page load timeout: '30'

2018-05-31 10:44:45 - [MESSAGE][PASSED] - Object 'Object Repository/LoggedOutReactPages/HomeLoggedOut/EnterVIN_input' has attribute 'placeholder' with value 'ENTER VIN NUMBER'

2018-05-31 10:44:45 - [TEST_STEP][PASSED] - setText: Text '' is set on object 'Object Repository/LoggedOutReactPages/HomeLoggedOut/EnterVIN_input'

2018-05-31 10:44:46 - [MESSAGE][PASSED] - Text '' is set on object 'Object Repository/LoggedOutReactPages/HomeLoggedOut/EnterVIN_input'

2018-05-31 10:44:46 - [TEST_STEP][PASSED] - click: Object: 'Object Repository/LoggedOutReactPages/HomeLoggedOut/SubmitVinArrow_Button' is clicked on

2018-05-31 10:44:51 - [MESSAGE][PASSED] - Object: 'Object Repository/LoggedOutReactPages/HomeLoggedOut/SubmitVinArrow_Button' is clicked on

2018-05-31 10:44:51 - [TEST_STEP][PASSED] - waitForElementVisible: Object 'Object Repository/LoggedInReactPages/Order (react)/instaVINProducts_Label' is visible

2018-05-31 10:44:51 - [MESSAGE][WARNING] - Timeout '0' is invalid. Using default page load timeout: '30'

2018-05-31 10:44:51 - [MESSAGE][PASSED] - Object 'Object Repository/LoggedInReactPages/Order (react)/instaVINProducts_Label' is visible

2018-05-31 10:44:51 - [TEST_STEP][PASSED] - verifyElementPresent: Object 'Object Repository/LoggedInReactPages/Order (react)/SignIn_MenuLabel' is present

2018-05-31 10:44:51 - [MESSAGE][WARNING] - Timeout '0' is invalid. Using default page load timeout: '30'

2018-05-31 10:44:52 - [MESSAGE][PASSED] - Object 'Object Repository/LoggedInReactPages/Order (react)/SignIn_MenuLabel' is present

2018-05-31 10:44:52 - [TEST_STEP][PASSED] - verifyElementNotPresent: Web element with id: 'Object Repository/LoggedInReactPages/Order (react)/ChangeVIN_Cross' located by 'By.xpath: //div[@class='CloseButton']' is not present after '30' second(s)

2018-05-31 10:44:52 - [MESSAGE][WARNING] - Timeout '0' is invalid. Using default page load timeout: '30'

2018-05-31 10:44:52 - [MESSAGE][PASSED] - Web element with id: 'Object Repository/LoggedInReactPages/Order (react)/ChangeVIN_Cross' located by 'By.xpath: //div[@class='CloseButton']' is not present after '30' second(s)

2018-05-31 10:44:52 - [TEST_STEP][PASSED] - verifyElementText: Actual text and expected text of test object 'Object Repository/LoggedInReactPages/Order (react)/RecordsAreAvailable_Alert' are matched.

2018-05-31 10:44:52 - [MESSAGE][PASSED] - Actual text and expected text of test object 'Object Repository/LoggedInReactPages/Order (react)/RecordsAreAvailable_Alert' are matched.

2018-05-31 10:44:52 - [TEST_STEP][PASSED] - verifyElementNotPresent: Web element with id: 'Object Repository/LoggedInReactPages/Order (react)/VINdisplayed' located by 'By.xpath: //span[@id='VehicleSummary_Vin']' is not present after '30' second(s)

2018-05-31 10:44:52 - [MESSAGE][WARNING] - Timeout '0' is invalid. Using default page load timeout: '30'

2018-05-31 10:44:52 - [MESSAGE][PASSED] - Web element with id: 'Object Repository/LoggedInReactPages/Order (react)/VINdisplayed' located by 'By.xpath: //span[@id='VehicleSummary_Vin']' is not present after '30' second(s)

2018-05-31 10:44:52 - [TEST_STEP][PASSED] - verifyElementVisible: Object 'Object Repository/LoggedInReactPages/Order (react)/VINCheckForm_EnterVINInput' is visible

2018-05-31 10:44:52 - [MESSAGE][PASSED] - Object 'Object Repository/LoggedInReactPages/Order (react)/VINCheckForm_EnterVINInput' is visible

2018-05-31 10:44:52 - [TEST_STEP][PASSED] - verifyElementAttributeValue: Object 'Object Repository/LoggedInReactPages/Order (react)/VINCheckForm_EnterVINInput' has attribute 'value' with value ''

2018-05-31 10:44:52 - [MESSAGE][WARNING] - Timeout '0' is invalid. Using default page load timeout: '30'

2018-05-31 10:44:53 - [MESSAGE][PASSED] - Object 'Object Repository/LoggedInReactPages/Order (react)/VINCheckForm_EnterVINInput' has attribute 'value' with value ''

2018-05-31 10:44:53 - [TEST_STEP][PASSED] - verifyElementNotPresent: Web element with id: 'Object Repository/LoggedInReactPages/Order (react)/OrderNow_OrangeButton' located by 'By.xpath: //button[@class='btn btn-default HasRightIcon orderButtonSmall']' is not present after '30' second(s)

2018-05-31 10:44:53 - [MESSAGE][WARNING] - Timeout '0' is invalid. Using default page load timeout: '30'

2018-05-31 10:44:53 - [MESSAGE][PASSED] - Web element with id: 'Object Repository/LoggedInReactPages/Order (react)/OrderNow_OrangeButton' located by 'By.xpath: //button[@class='btn btn-default HasRightIcon orderButtonSmall']' is not present after '30' second(s)

2018-05-31 10:44:53 - [TEST_STEP][PASSED] - closeBrowser: Browser is closed

2018-05-31 10:44:54 - [MESSAGE][PASSED] - Browser is closed]]></system-out>
         <system-err><![CDATA[]]></system-err>
      </testcase>
      <testcase name="Test Cases/CheckVINfromHome - NoSticker" classname="Test Cases/CheckVINfromHome - NoSticker" status="PASSED">
         <system-out><![CDATA[2018-05-31 10:44:54 - [TEST_CASE][PASSED] - Test Cases/CheckVINfromHome - NoSticker: Test Cases/CheckVINfromHome - NoSticker

2018-05-31 10:44:54 - [TEST_STEP][PASSED] - openBrowser: Browser is opened with url: ''

2018-05-31 10:44:56 - [MESSAGE][PASSED] - Browser is opened with url: ''

2018-05-31 10:44:56 - [TEST_STEP][PASSED] - maximizeWindow: Current window maximized

2018-05-31 10:44:57 - [MESSAGE][PASSED] - Current window maximized

2018-05-31 10:44:57 - [TEST_STEP][PASSED] - navigateToUrl: Navigate to 'https://dev-front.instavin.com/' successfully

2018-05-31 10:45:03 - [MESSAGE][PASSED] - Navigate to 'https://dev-front.instavin.com/' successfully

2018-05-31 10:45:03 - [TEST_STEP][PASSED] - verifyElementPresent: Object 'Object Repository/LoggedOutReactPages/CommonElements/SignIn_Label' is present

2018-05-31 10:45:03 - [MESSAGE][WARNING] - Timeout '0' is invalid. Using default page load timeout: '30'

2018-05-31 10:45:03 - [MESSAGE][PASSED] - Object 'Object Repository/LoggedOutReactPages/CommonElements/SignIn_Label' is present

2018-05-31 10:45:03 - [TEST_STEP][PASSED] - verifyElementPresent: Object 'Object Repository/LoggedOutReactPages/HomeLoggedOut/EnterVIN_input' is present

2018-05-31 10:45:03 - [MESSAGE][WARNING] - Timeout '0' is invalid. Using default page load timeout: '30'

2018-05-31 10:45:03 - [MESSAGE][PASSED] - Object 'Object Repository/LoggedOutReactPages/HomeLoggedOut/EnterVIN_input' is present

2018-05-31 10:45:03 - [TEST_STEP][PASSED] - verifyElementAttributeValue: Object 'Object Repository/LoggedOutReactPages/HomeLoggedOut/EnterVIN_input' has attribute 'placeholder' with value 'ENTER VIN NUMBER'

2018-05-31 10:45:03 - [MESSAGE][WARNING] - Timeout '0' is invalid. Using default page load timeout: '30'

2018-05-31 10:45:03 - [MESSAGE][PASSED] - Object 'Object Repository/LoggedOutReactPages/HomeLoggedOut/EnterVIN_input' has attribute 'placeholder' with value 'ENTER VIN NUMBER'

2018-05-31 10:45:03 - [TEST_STEP][PASSED] - setText: Text 'JF1SF63591H766643' is set on object 'Object Repository/LoggedOutReactPages/HomeLoggedOut/EnterVIN_input'

2018-05-31 10:45:04 - [MESSAGE][PASSED] - Text 'JF1SF63591H766643' is set on object 'Object Repository/LoggedOutReactPages/HomeLoggedOut/EnterVIN_input'

2018-05-31 10:45:04 - [TEST_STEP][PASSED] - click: Object: 'Object Repository/LoggedOutReactPages/HomeLoggedOut/SubmitVinArrow_Button' is clicked on

2018-05-31 10:45:08 - [MESSAGE][PASSED] - Object: 'Object Repository/LoggedOutReactPages/HomeLoggedOut/SubmitVinArrow_Button' is clicked on

2018-05-31 10:45:08 - [TEST_STEP][PASSED] - waitForElementVisible: Object 'Object Repository/LoggedInReactPages/Order (react)/instaVINProducts_Label' is visible

2018-05-31 10:45:08 - [MESSAGE][WARNING] - Timeout '0' is invalid. Using default page load timeout: '30'

2018-05-31 10:45:08 - [MESSAGE][PASSED] - Object 'Object Repository/LoggedInReactPages/Order (react)/instaVINProducts_Label' is visible

2018-05-31 10:45:08 - [TEST_STEP][PASSED] - verifyElementVisible: Object 'Object Repository/LoggedInReactPages/Order (react)/ChangeVIN_Cross' is visible

2018-05-31 10:45:08 - [MESSAGE][PASSED] - Object 'Object Repository/LoggedInReactPages/Order (react)/ChangeVIN_Cross' is visible

2018-05-31 10:45:08 - [TEST_STEP][PASSED] - verifyElementPresent: Object 'Object Repository/LoggedInReactPages/Order (react)/SignIn_MenuLabel' is present

2018-05-31 10:45:08 - [MESSAGE][WARNING] - Timeout '0' is invalid. Using default page load timeout: '30'

2018-05-31 10:45:09 - [MESSAGE][PASSED] - Object 'Object Repository/LoggedInReactPages/Order (react)/SignIn_MenuLabel' is present

2018-05-31 10:45:09 - [TEST_STEP][PASSED] - verifyElementVisible: Object 'Object Repository/LoggedInReactPages/Order (react)/RecordsAreAvailable_Alert' is visible

2018-05-31 10:45:09 - [MESSAGE][PASSED] - Object 'Object Repository/LoggedInReactPages/Order (react)/RecordsAreAvailable_Alert' is visible

2018-05-31 10:45:09 - [TEST_STEP][PASSED] - verifyElementText: Actual text and expected text of test object 'Object Repository/LoggedInReactPages/Order (react)/RecordsAreAvailable_Alert' are matched.

2018-05-31 10:45:09 - [MESSAGE][PASSED] - Actual text and expected text of test object 'Object Repository/LoggedInReactPages/Order (react)/RecordsAreAvailable_Alert' are matched.

2018-05-31 10:45:09 - [TEST_STEP][PASSED] - verifyElementVisible: Object 'Object Repository/LoggedInReactPages/Order (react)/VINdisplayed' is visible

2018-05-31 10:45:09 - [MESSAGE][PASSED] - Object 'Object Repository/LoggedInReactPages/Order (react)/VINdisplayed' is visible

2018-05-31 10:45:09 - [TEST_STEP][PASSED] - verifyElementText: Actual text and expected text of test object 'Object Repository/LoggedInReactPages/Order (react)/VINdisplayed' are matched.

2018-05-31 10:45:09 - [MESSAGE][PASSED] - Actual text and expected text of test object 'Object Repository/LoggedInReactPages/Order (react)/VINdisplayed' are matched.

2018-05-31 10:45:09 - [TEST_STEP][PASSED] - verifyElementPresent: Object 'Object Repository/LoggedInReactPages/Order (react)/OrderNow_OrangeButton' is present

2018-05-31 10:45:09 - [MESSAGE][WARNING] - Timeout '0' is invalid. Using default page load timeout: '30'

2018-05-31 10:45:09 - [MESSAGE][PASSED] - Object 'Object Repository/LoggedInReactPages/Order (react)/OrderNow_OrangeButton' is present

2018-05-31 10:45:09 - [TEST_STEP][PASSED] - closeBrowser: Browser is closed

2018-05-31 10:45:10 - [MESSAGE][PASSED] - Browser is closed]]></system-out>
         <system-err><![CDATA[]]></system-err>
      </testcase>
      <testcase name="Test Cases/CheckVINfromHome - ShortVINwith9Digits" classname="Test Cases/CheckVINfromHome - ShortVINwith9Digits" status="PASSED">
         <system-out><![CDATA[2018-05-31 10:45:10 - [TEST_CASE][PASSED] - Test Cases/CheckVINfromHome - ShortVINwith9Digits: Test Cases/CheckVINfromHome - ShortVINwith9Digits

2018-05-31 10:45:10 - [TEST_STEP][PASSED] - openBrowser: Browser is opened with url: ''

2018-05-31 10:45:13 - [MESSAGE][PASSED] - Browser is opened with url: ''

2018-05-31 10:45:13 - [TEST_STEP][PASSED] - maximizeWindow: Current window maximized

2018-05-31 10:45:14 - [MESSAGE][PASSED] - Current window maximized

2018-05-31 10:45:14 - [TEST_STEP][PASSED] - navigateToUrl: Navigate to 'https://dev-front.instavin.com/' successfully

2018-05-31 10:45:18 - [MESSAGE][PASSED] - Navigate to 'https://dev-front.instavin.com/' successfully

2018-05-31 10:45:18 - [TEST_STEP][PASSED] - verifyElementPresent: Object 'Object Repository/LoggedOutReactPages/CommonElements/SignIn_Label' is present

2018-05-31 10:45:18 - [MESSAGE][WARNING] - Timeout '0' is invalid. Using default page load timeout: '30'

2018-05-31 10:45:19 - [MESSAGE][PASSED] - Object 'Object Repository/LoggedOutReactPages/CommonElements/SignIn_Label' is present

2018-05-31 10:45:19 - [TEST_STEP][PASSED] - verifyElementPresent: Object 'Object Repository/LoggedOutReactPages/HomeLoggedOut/EnterVIN_input' is present

2018-05-31 10:45:19 - [MESSAGE][WARNING] - Timeout '0' is invalid. Using default page load timeout: '30'

2018-05-31 10:45:19 - [MESSAGE][PASSED] - Object 'Object Repository/LoggedOutReactPages/HomeLoggedOut/EnterVIN_input' is present

2018-05-31 10:45:19 - [TEST_STEP][PASSED] - verifyElementAttributeValue: Object 'Object Repository/LoggedOutReactPages/HomeLoggedOut/EnterVIN_input' has attribute 'placeholder' with value 'ENTER VIN NUMBER'

2018-05-31 10:45:19 - [MESSAGE][WARNING] - Timeout '0' is invalid. Using default page load timeout: '30'

2018-05-31 10:45:19 - [MESSAGE][PASSED] - Object 'Object Repository/LoggedOutReactPages/HomeLoggedOut/EnterVIN_input' has attribute 'placeholder' with value 'ENTER VIN NUMBER'

2018-05-31 10:45:19 - [TEST_STEP][PASSED] - setText: Text '7J1012752' is set on object 'Object Repository/LoggedOutReactPages/HomeLoggedOut/EnterVIN_input'

2018-05-31 10:45:19 - [MESSAGE][PASSED] - Text '7J1012752' is set on object 'Object Repository/LoggedOutReactPages/HomeLoggedOut/EnterVIN_input'

2018-05-31 10:45:19 - [TEST_STEP][PASSED] - click: Object: 'Object Repository/LoggedOutReactPages/HomeLoggedOut/SubmitVinArrow_Button' is clicked on

2018-05-31 10:45:23 - [MESSAGE][PASSED] - Object: 'Object Repository/LoggedOutReactPages/HomeLoggedOut/SubmitVinArrow_Button' is clicked on

2018-05-31 10:45:23 - [TEST_STEP][PASSED] - waitForElementVisible: Object 'Object Repository/LoggedInReactPages/Order (react)/instaVINProducts_Label' is visible

2018-05-31 10:45:23 - [MESSAGE][WARNING] - Timeout '0' is invalid. Using default page load timeout: '30'

2018-05-31 10:45:23 - [MESSAGE][PASSED] - Object 'Object Repository/LoggedInReactPages/Order (react)/instaVINProducts_Label' is visible

2018-05-31 10:45:23 - [TEST_STEP][PASSED] - verifyElementNotPresent: Web element with id: 'Object Repository/LoggedInReactPages/Order (react)/ChangeVIN_Cross' located by 'By.xpath: //div[@class='CloseButton']' is not present after '30' second(s)

2018-05-31 10:45:23 - [MESSAGE][WARNING] - Timeout '0' is invalid. Using default page load timeout: '30'

2018-05-31 10:45:23 - [MESSAGE][PASSED] - Web element with id: 'Object Repository/LoggedInReactPages/Order (react)/ChangeVIN_Cross' located by 'By.xpath: //div[@class='CloseButton']' is not present after '30' second(s)

2018-05-31 10:45:23 - [TEST_STEP][PASSED] - verifyElementPresent: Object 'Object Repository/LoggedInReactPages/Order (react)/SignIn_MenuLabel' is present

2018-05-31 10:45:23 - [MESSAGE][WARNING] - Timeout '0' is invalid. Using default page load timeout: '30'

2018-05-31 10:45:23 - [MESSAGE][PASSED] - Object 'Object Repository/LoggedInReactPages/Order (react)/SignIn_MenuLabel' is present

2018-05-31 10:45:23 - [TEST_STEP][PASSED] - verifyElementVisible: Object 'Object Repository/LoggedInReactPages/Order (react)/RecordsAreAvailable_Alert' is visible

2018-05-31 10:45:23 - [MESSAGE][PASSED] - Object 'Object Repository/LoggedInReactPages/Order (react)/RecordsAreAvailable_Alert' is visible

2018-05-31 10:45:23 - [TEST_STEP][PASSED] - verifyElementText: Actual text and expected text of test object 'Object Repository/LoggedInReactPages/Order (react)/RecordsAreAvailable_Alert' are matched.

2018-05-31 10:45:23 - [MESSAGE][PASSED] - Actual text and expected text of test object 'Object Repository/LoggedInReactPages/Order (react)/RecordsAreAvailable_Alert' are matched.

2018-05-31 10:45:23 - [TEST_STEP][PASSED] - verifyElementNotPresent: Web element with id: 'Object Repository/LoggedInReactPages/Order (react)/VINdisplayed' located by 'By.xpath: //span[@id='VehicleSummary_Vin']' is not present after '30' second(s)

2018-05-31 10:45:23 - [MESSAGE][WARNING] - Timeout '0' is invalid. Using default page load timeout: '30'

2018-05-31 10:45:23 - [MESSAGE][PASSED] - Web element with id: 'Object Repository/LoggedInReactPages/Order (react)/VINdisplayed' located by 'By.xpath: //span[@id='VehicleSummary_Vin']' is not present after '30' second(s)

2018-05-31 10:45:23 - [TEST_STEP][PASSED] - verifyElementVisible: Object 'Object Repository/LoggedInReactPages/Order (react)/VINCheckForm_EnterVINInput' is visible

2018-05-31 10:45:24 - [MESSAGE][PASSED] - Object 'Object Repository/LoggedInReactPages/Order (react)/VINCheckForm_EnterVINInput' is visible

2018-05-31 10:45:24 - [TEST_STEP][PASSED] - verifyElementAttributeValue: Object 'Object Repository/LoggedInReactPages/Order (react)/VINCheckForm_EnterVINInput' has attribute 'value' with value '7J1012752'

2018-05-31 10:45:24 - [MESSAGE][WARNING] - Timeout '0' is invalid. Using default page load timeout: '30'

2018-05-31 10:45:24 - [MESSAGE][PASSED] - Object 'Object Repository/LoggedInReactPages/Order (react)/VINCheckForm_EnterVINInput' has attribute 'value' with value '7J1012752'

2018-05-31 10:45:24 - [TEST_STEP][PASSED] - verifyElementPresent: Object 'Object Repository/LoggedInReactPages/Order (react)/OrderNow_OrangeButton' is present

2018-05-31 10:45:24 - [MESSAGE][WARNING] - Timeout '0' is invalid. Using default page load timeout: '30'

2018-05-31 10:45:24 - [MESSAGE][PASSED] - Object 'Object Repository/LoggedInReactPages/Order (react)/OrderNow_OrangeButton' is present

2018-05-31 10:45:24 - [TEST_STEP][PASSED] - closeBrowser: Browser is closed

2018-05-31 10:45:25 - [MESSAGE][PASSED] - Browser is closed]]></system-out>
         <system-err><![CDATA[]]></system-err>
      </testcase>
      <testcase name="Test Cases/CheckVINfromHome - Success" classname="Test Cases/CheckVINfromHome - Success" status="PASSED">
         <system-out><![CDATA[2018-05-31 10:45:25 - [TEST_CASE][PASSED] - Test Cases/CheckVINfromHome - Success: Test Cases/CheckVINfromHome - Success

2018-05-31 10:45:25 - [TEST_STEP][PASSED] - openBrowser: Browser is opened with url: ''

2018-05-31 10:45:27 - [MESSAGE][PASSED] - Browser is opened with url: ''

2018-05-31 10:45:27 - [TEST_STEP][PASSED] - maximizeWindow: Current window maximized

2018-05-31 10:45:28 - [MESSAGE][PASSED] - Current window maximized

2018-05-31 10:45:28 - [TEST_STEP][PASSED] - navigateToUrl: Navigate to 'https://dev-front.instavin.com/' successfully

2018-05-31 10:45:33 - [MESSAGE][PASSED] - Navigate to 'https://dev-front.instavin.com/' successfully

2018-05-31 10:45:33 - [TEST_STEP][PASSED] - verifyElementPresent: Object 'Object Repository/LoggedOutReactPages/CommonElements/SignIn_Label' is present

2018-05-31 10:45:33 - [MESSAGE][WARNING] - Timeout '0' is invalid. Using default page load timeout: '30'

2018-05-31 10:45:33 - [MESSAGE][PASSED] - Object 'Object Repository/LoggedOutReactPages/CommonElements/SignIn_Label' is present

2018-05-31 10:45:33 - [TEST_STEP][PASSED] - verifyElementPresent: Object 'Object Repository/LoggedOutReactPages/HomeLoggedOut/EnterVIN_input' is present

2018-05-31 10:45:33 - [MESSAGE][WARNING] - Timeout '0' is invalid. Using default page load timeout: '30'

2018-05-31 10:45:33 - [MESSAGE][PASSED] - Object 'Object Repository/LoggedOutReactPages/HomeLoggedOut/EnterVIN_input' is present

2018-05-31 10:45:33 - [TEST_STEP][PASSED] - verifyElementAttributeValue: Object 'Object Repository/LoggedOutReactPages/HomeLoggedOut/EnterVIN_input' has attribute 'placeholder' with value 'ENTER VIN NUMBER'

2018-05-31 10:45:33 - [MESSAGE][WARNING] - Timeout '0' is invalid. Using default page load timeout: '30'

2018-05-31 10:45:33 - [MESSAGE][PASSED] - Object 'Object Repository/LoggedOutReactPages/HomeLoggedOut/EnterVIN_input' has attribute 'placeholder' with value 'ENTER VIN NUMBER'

2018-05-31 10:45:33 - [TEST_STEP][PASSED] - setText: Text '5UXKR0C52F0P15679' is set on object 'Object Repository/LoggedOutReactPages/HomeLoggedOut/EnterVIN_input'

2018-05-31 10:45:34 - [MESSAGE][PASSED] - Text '5UXKR0C52F0P15679' is set on object 'Object Repository/LoggedOutReactPages/HomeLoggedOut/EnterVIN_input'

2018-05-31 10:45:34 - [TEST_STEP][PASSED] - click: Object: 'Object Repository/LoggedOutReactPages/HomeLoggedOut/SubmitVinArrow_Button' is clicked on

2018-05-31 10:45:38 - [MESSAGE][PASSED] - Object: 'Object Repository/LoggedOutReactPages/HomeLoggedOut/SubmitVinArrow_Button' is clicked on

2018-05-31 10:45:38 - [TEST_STEP][PASSED] - waitForElementVisible: Object 'Object Repository/LoggedInReactPages/Order (react)/instaVINProducts_Label' is visible

2018-05-31 10:45:38 - [MESSAGE][WARNING] - Timeout '0' is invalid. Using default page load timeout: '30'

2018-05-31 10:45:38 - [MESSAGE][PASSED] - Object 'Object Repository/LoggedInReactPages/Order (react)/instaVINProducts_Label' is visible

2018-05-31 10:45:38 - [TEST_STEP][PASSED] - verifyElementVisible: Object 'Object Repository/LoggedInReactPages/Order (react)/ChangeVIN_Cross' is visible

2018-05-31 10:45:38 - [MESSAGE][PASSED] - Object 'Object Repository/LoggedInReactPages/Order (react)/ChangeVIN_Cross' is visible

2018-05-31 10:45:38 - [TEST_STEP][PASSED] - verifyElementPresent: Object 'Object Repository/LoggedInReactPages/Order (react)/SignIn_MenuLabel' is present

2018-05-31 10:45:38 - [MESSAGE][WARNING] - Timeout '0' is invalid. Using default page load timeout: '30'

2018-05-31 10:45:38 - [MESSAGE][PASSED] - Object 'Object Repository/LoggedInReactPages/Order (react)/SignIn_MenuLabel' is present

2018-05-31 10:45:38 - [TEST_STEP][PASSED] - verifyElementPresent: Object 'Object Repository/LoggedInReactPages/Order (react)/RecordsAreAvailable_Alert' is present

2018-05-31 10:45:38 - [MESSAGE][WARNING] - Timeout '0' is invalid. Using default page load timeout: '30'

2018-05-31 10:45:38 - [MESSAGE][PASSED] - Object 'Object Repository/LoggedInReactPages/Order (react)/RecordsAreAvailable_Alert' is present

2018-05-31 10:45:38 - [TEST_STEP][PASSED] - verifyElementText: Actual text and expected text of test object 'Object Repository/LoggedInReactPages/Order (react)/RecordsAreAvailable_Alert' are matched.

2018-05-31 10:45:39 - [MESSAGE][PASSED] - Actual text and expected text of test object 'Object Repository/LoggedInReactPages/Order (react)/RecordsAreAvailable_Alert' are matched.

2018-05-31 10:45:39 - [TEST_STEP][PASSED] - verifyElementVisible: Object 'Object Repository/LoggedInReactPages/Order (react)/VINdisplayed' is visible

2018-05-31 10:45:39 - [MESSAGE][PASSED] - Object 'Object Repository/LoggedInReactPages/Order (react)/VINdisplayed' is visible

2018-05-31 10:45:39 - [TEST_STEP][PASSED] - verifyElementText: Actual text and expected text of test object 'Object Repository/LoggedInReactPages/Order (react)/VINdisplayed' are matched.

2018-05-31 10:45:39 - [MESSAGE][PASSED] - Actual text and expected text of test object 'Object Repository/LoggedInReactPages/Order (react)/VINdisplayed' are matched.

2018-05-31 10:45:39 - [TEST_STEP][PASSED] - verifyElementPresent: Object 'Object Repository/LoggedInReactPages/Order (react)/OrderNow_OrangeButton' is present

2018-05-31 10:45:39 - [MESSAGE][WARNING] - Timeout '0' is invalid. Using default page load timeout: '30'

2018-05-31 10:45:39 - [MESSAGE][PASSED] - Object 'Object Repository/LoggedInReactPages/Order (react)/OrderNow_OrangeButton' is present

2018-05-31 10:45:39 - [TEST_STEP][PASSED] - closeBrowser: Browser is closed

2018-05-31 10:45:40 - [MESSAGE][PASSED] - Browser is closed]]></system-out>
         <system-err><![CDATA[]]></system-err>
      </testcase>
      <testcase name="Test Cases/SignUpConsumer - EmptyFields" classname="Test Cases/SignUpConsumer - EmptyFields" status="PASSED">
         <system-out><![CDATA[2018-05-31 10:45:40 - [TEST_CASE][PASSED] - Test Cases/SignUpConsumer - EmptyFields: Test Cases/SignUpConsumer - EmptyFields

2018-05-31 10:45:40 - [TEST_STEP][PASSED] - openBrowser: Browser is opened with url: ''

2018-05-31 10:45:42 - [MESSAGE][PASSED] - Browser is opened with url: ''

2018-05-31 10:45:42 - [TEST_STEP][PASSED] - maximizeWindow: Current window maximized

2018-05-31 10:45:43 - [MESSAGE][PASSED] - Current window maximized

2018-05-31 10:45:43 - [TEST_STEP][PASSED] - Statement - StartURL = com.kms.katalon.core.webui.keyword.WebUiBuiltInKeywords.concatenate([StagingReact, "create-account"]): Concatenated string array: '['https://dev-front.instavin.com/','create-account']' into 'https://dev-front.instavin.com/create-account'

2018-05-31 10:45:43 - [MESSAGE][PASSED] - Concatenated string array: '['https://dev-front.instavin.com/','create-account']' into 'https://dev-front.instavin.com/create-account'

2018-05-31 10:45:43 - [TEST_STEP][PASSED] - navigateToUrl: Navigate to 'https://dev-front.instavin.com/create-account' successfully

2018-05-31 10:45:50 - [MESSAGE][PASSED] - Navigate to 'https://dev-front.instavin.com/create-account' successfully

2018-05-31 10:45:50 - [TEST_STEP][PASSED] - verifyElementText: Actual text and expected text of test object 'Object Repository/LoggedOutReactPages/CreateAccount/Copy_Label' are matched.

2018-05-31 10:45:50 - [MESSAGE][PASSED] - Actual text and expected text of test object 'Object Repository/LoggedOutReactPages/CreateAccount/Copy_Label' are matched.

2018-05-31 10:45:50 - [TEST_STEP][PASSED] - verifyTextPresent: Text 'Buyer Information' is present on page 

2018-05-31 10:45:51 - [MESSAGE][PASSED] - Text 'Buyer Information' is present on page 

2018-05-31 10:45:51 - [TEST_STEP][PASSED] - verifyElementText: Actual text and expected text of test object 'Object Repository/LoggedOutReactPages/CreateAccount/Name_Label' are matched.

2018-05-31 10:45:51 - [MESSAGE][PASSED] - Actual text and expected text of test object 'Object Repository/LoggedOutReactPages/CreateAccount/Name_Label' are matched.

2018-05-31 10:45:51 - [TEST_STEP][PASSED] - verifyElementText: Actual text and expected text of test object 'Object Repository/LoggedOutReactPages/CreateAccount/Address_Label' are matched.

2018-05-31 10:45:51 - [MESSAGE][PASSED] - Actual text and expected text of test object 'Object Repository/LoggedOutReactPages/CreateAccount/Address_Label' are matched.

2018-05-31 10:45:51 - [TEST_STEP][PASSED] - click: Object: 'Object Repository/LoggedOutReactPages/CreateAccount/Submit_button' is clicked on

2018-05-31 10:45:51 - [MESSAGE][PASSED] - Object: 'Object Repository/LoggedOutReactPages/CreateAccount/Submit_button' is clicked on

2018-05-31 10:45:51 - [TEST_STEP][PASSED] - verifyElementPresent: Object 'Object Repository/LoggedOutReactPages/CreateAccount/FirstName_ErrorMessage' is present

2018-05-31 10:45:51 - [MESSAGE][WARNING] - Timeout '0' is invalid. Using default page load timeout: '30'

2018-05-31 10:45:51 - [MESSAGE][PASSED] - Object 'Object Repository/LoggedOutReactPages/CreateAccount/FirstName_ErrorMessage' is present

2018-05-31 10:45:51 - [TEST_STEP][PASSED] - verifyElementText: Actual text and expected text of test object 'Object Repository/LoggedOutReactPages/CreateAccount/FirstName_ErrorMessage' are matched.

2018-05-31 10:45:51 - [MESSAGE][PASSED] - Actual text and expected text of test object 'Object Repository/LoggedOutReactPages/CreateAccount/FirstName_ErrorMessage' are matched.

2018-05-31 10:45:51 - [TEST_STEP][PASSED] - verifyElementPresent: Object 'Object Repository/LoggedOutReactPages/CreateAccount/LastName_ErrorMessage' is present

2018-05-31 10:45:51 - [MESSAGE][WARNING] - Timeout '0' is invalid. Using default page load timeout: '30'

2018-05-31 10:45:51 - [MESSAGE][PASSED] - Object 'Object Repository/LoggedOutReactPages/CreateAccount/LastName_ErrorMessage' is present

2018-05-31 10:45:51 - [TEST_STEP][PASSED] - verifyElementText: Actual text and expected text of test object 'Object Repository/LoggedOutReactPages/CreateAccount/LastName_ErrorMessage' are matched.

2018-05-31 10:45:51 - [MESSAGE][PASSED] - Actual text and expected text of test object 'Object Repository/LoggedOutReactPages/CreateAccount/LastName_ErrorMessage' are matched.

2018-05-31 10:45:51 - [TEST_STEP][PASSED] - verifyElementPresent: Object 'Object Repository/LoggedOutReactPages/CreateAccount/Address_ErrorMessage' is present

2018-05-31 10:45:51 - [MESSAGE][WARNING] - Timeout '0' is invalid. Using default page load timeout: '30'

2018-05-31 10:45:52 - [MESSAGE][PASSED] - Object 'Object Repository/LoggedOutReactPages/CreateAccount/Address_ErrorMessage' is present

2018-05-31 10:45:52 - [TEST_STEP][PASSED] - verifyElementText: Actual text and expected text of test object 'Object Repository/LoggedOutReactPages/CreateAccount/Address_ErrorMessage' are matched.

2018-05-31 10:45:52 - [MESSAGE][PASSED] - Actual text and expected text of test object 'Object Repository/LoggedOutReactPages/CreateAccount/Address_ErrorMessage' are matched.

2018-05-31 10:45:52 - [TEST_STEP][PASSED] - verifyElementPresent: Object 'Object Repository/LoggedOutReactPages/CreateAccount/City_ErrorMessage' is present

2018-05-31 10:45:52 - [MESSAGE][WARNING] - Timeout '0' is invalid. Using default page load timeout: '30'

2018-05-31 10:45:52 - [MESSAGE][PASSED] - Object 'Object Repository/LoggedOutReactPages/CreateAccount/City_ErrorMessage' is present

2018-05-31 10:45:52 - [TEST_STEP][PASSED] - verifyElementText: Actual text and expected text of test object 'Object Repository/LoggedOutReactPages/CreateAccount/City_ErrorMessage' are matched.

2018-05-31 10:45:52 - [MESSAGE][PASSED] - Actual text and expected text of test object 'Object Repository/LoggedOutReactPages/CreateAccount/City_ErrorMessage' are matched.

2018-05-31 10:45:52 - [TEST_STEP][PASSED] - verifyElementPresent: Object 'Object Repository/LoggedOutReactPages/CreateAccount/State_ErrorMessage' is present

2018-05-31 10:45:52 - [MESSAGE][WARNING] - Timeout '0' is invalid. Using default page load timeout: '30'

2018-05-31 10:45:53 - [MESSAGE][PASSED] - Object 'Object Repository/LoggedOutReactPages/CreateAccount/State_ErrorMessage' is present

2018-05-31 10:45:53 - [TEST_STEP][PASSED] - verifyElementText: Actual text and expected text of test object 'Object Repository/LoggedOutReactPages/CreateAccount/State_ErrorMessage' are matched.

2018-05-31 10:45:53 - [MESSAGE][PASSED] - Actual text and expected text of test object 'Object Repository/LoggedOutReactPages/CreateAccount/State_ErrorMessage' are matched.

2018-05-31 10:45:53 - [TEST_STEP][PASSED] - verifyElementPresent: Object 'Object Repository/LoggedOutReactPages/CreateAccount/Zip_ErrorMessage' is present

2018-05-31 10:45:53 - [MESSAGE][WARNING] - Timeout '0' is invalid. Using default page load timeout: '30'

2018-05-31 10:45:53 - [MESSAGE][PASSED] - Object 'Object Repository/LoggedOutReactPages/CreateAccount/Zip_ErrorMessage' is present

2018-05-31 10:45:53 - [TEST_STEP][PASSED] - verifyElementText: Actual text and expected text of test object 'Object Repository/LoggedOutReactPages/CreateAccount/Zip_ErrorMessage' are matched.

2018-05-31 10:45:53 - [MESSAGE][PASSED] - Actual text and expected text of test object 'Object Repository/LoggedOutReactPages/CreateAccount/Zip_ErrorMessage' are matched.

2018-05-31 10:45:53 - [TEST_STEP][PASSED] - verifyElementPresent: Object 'Object Repository/LoggedOutReactPages/CreateAccount/Phone_ErrorMessage' is present

2018-05-31 10:45:53 - [MESSAGE][WARNING] - Timeout '0' is invalid. Using default page load timeout: '30'

2018-05-31 10:45:53 - [MESSAGE][PASSED] - Object 'Object Repository/LoggedOutReactPages/CreateAccount/Phone_ErrorMessage' is present

2018-05-31 10:45:53 - [TEST_STEP][PASSED] - verifyElementText: Actual text and expected text of test object 'Object Repository/LoggedOutReactPages/CreateAccount/Phone_ErrorMessage' are matched.

2018-05-31 10:45:54 - [MESSAGE][PASSED] - Actual text and expected text of test object 'Object Repository/LoggedOutReactPages/CreateAccount/Phone_ErrorMessage' are matched.

2018-05-31 10:45:54 - [TEST_STEP][PASSED] - verifyElementPresent: Object 'Object Repository/LoggedOutReactPages/CreateAccount/BillingFirstName_ErrorMessage' is present

2018-05-31 10:45:54 - [MESSAGE][WARNING] - Timeout '0' is invalid. Using default page load timeout: '30'

2018-05-31 10:45:54 - [MESSAGE][PASSED] - Object 'Object Repository/LoggedOutReactPages/CreateAccount/BillingFirstName_ErrorMessage' is present

2018-05-31 10:45:54 - [TEST_STEP][PASSED] - verifyElementText: Actual text and expected text of test object 'Object Repository/LoggedOutReactPages/CreateAccount/BillingFirstName_ErrorMessage' are matched.

2018-05-31 10:45:54 - [MESSAGE][PASSED] - Actual text and expected text of test object 'Object Repository/LoggedOutReactPages/CreateAccount/BillingFirstName_ErrorMessage' are matched.

2018-05-31 10:45:54 - [TEST_STEP][PASSED] - verifyElementPresent: Object 'Object Repository/LoggedOutReactPages/CreateAccount/BillingLastName_ErrorMessage' is present

2018-05-31 10:45:54 - [MESSAGE][WARNING] - Timeout '0' is invalid. Using default page load timeout: '30'

2018-05-31 10:45:54 - [MESSAGE][PASSED] - Object 'Object Repository/LoggedOutReactPages/CreateAccount/BillingLastName_ErrorMessage' is present

2018-05-31 10:45:54 - [TEST_STEP][PASSED] - verifyElementText: Actual text and expected text of test object 'Object Repository/LoggedOutReactPages/CreateAccount/BillingLastName_ErrorMessage' are matched.

2018-05-31 10:45:54 - [MESSAGE][PASSED] - Actual text and expected text of test object 'Object Repository/LoggedOutReactPages/CreateAccount/BillingLastName_ErrorMessage' are matched.

2018-05-31 10:45:54 - [TEST_STEP][PASSED] - verifyElementPresent: Object 'Object Repository/LoggedOutReactPages/CreateAccount/BillingAddress_ErrorMessage' is present

2018-05-31 10:45:54 - [MESSAGE][WARNING] - Timeout '0' is invalid. Using default page load timeout: '30'

2018-05-31 10:45:55 - [MESSAGE][PASSED] - Object 'Object Repository/LoggedOutReactPages/CreateAccount/BillingAddress_ErrorMessage' is present

2018-05-31 10:45:55 - [TEST_STEP][PASSED] - verifyElementText: Actual text and expected text of test object 'Object Repository/LoggedOutReactPages/CreateAccount/BillingAddress_ErrorMessage' are matched.

2018-05-31 10:45:55 - [MESSAGE][PASSED] - Actual text and expected text of test object 'Object Repository/LoggedOutReactPages/CreateAccount/BillingAddress_ErrorMessage' are matched.

2018-05-31 10:45:55 - [TEST_STEP][PASSED] - verifyElementPresent: Object 'Object Repository/LoggedOutReactPages/CreateAccount/BillingZip_ErrorMessage' is present

2018-05-31 10:45:55 - [MESSAGE][WARNING] - Timeout '0' is invalid. Using default page load timeout: '30'

2018-05-31 10:45:55 - [MESSAGE][PASSED] - Object 'Object Repository/LoggedOutReactPages/CreateAccount/BillingZip_ErrorMessage' is present

2018-05-31 10:45:55 - [TEST_STEP][PASSED] - verifyElementText: Actual text and expected text of test object 'Object Repository/LoggedOutReactPages/CreateAccount/BillingZip_ErrorMessage' are matched.

2018-05-31 10:45:56 - [MESSAGE][PASSED] - Actual text and expected text of test object 'Object Repository/LoggedOutReactPages/CreateAccount/BillingZip_ErrorMessage' are matched.

2018-05-31 10:45:56 - [TEST_STEP][PASSED] - verifyElementPresent: Object 'Object Repository/LoggedOutReactPages/CreateAccount/CC_ErrorMessage' is present

2018-05-31 10:45:56 - [MESSAGE][WARNING] - Timeout '0' is invalid. Using default page load timeout: '30'

2018-05-31 10:45:56 - [MESSAGE][PASSED] - Object 'Object Repository/LoggedOutReactPages/CreateAccount/CC_ErrorMessage' is present

2018-05-31 10:45:56 - [TEST_STEP][PASSED] - verifyElementText: Actual text and expected text of test object 'Object Repository/LoggedOutReactPages/CreateAccount/CC_ErrorMessage' are matched.

2018-05-31 10:45:56 - [MESSAGE][PASSED] - Actual text and expected text of test object 'Object Repository/LoggedOutReactPages/CreateAccount/CC_ErrorMessage' are matched.

2018-05-31 10:45:56 - [TEST_STEP][PASSED] - verifyElementPresent: Object 'Object Repository/LoggedOutReactPages/CreateAccount/ExpirationMonth_ErrorMessage' is present

2018-05-31 10:45:56 - [MESSAGE][WARNING] - Timeout '0' is invalid. Using default page load timeout: '30'

2018-05-31 10:45:56 - [MESSAGE][PASSED] - Object 'Object Repository/LoggedOutReactPages/CreateAccount/ExpirationMonth_ErrorMessage' is present

2018-05-31 10:45:56 - [TEST_STEP][PASSED] - verifyElementText: Actual text and expected text of test object 'Object Repository/LoggedOutReactPages/CreateAccount/ExpirationMonth_ErrorMessage' are matched.

2018-05-31 10:45:56 - [MESSAGE][PASSED] - Actual text and expected text of test object 'Object Repository/LoggedOutReactPages/CreateAccount/ExpirationMonth_ErrorMessage' are matched.

2018-05-31 10:45:57 - [TEST_STEP][PASSED] - verifyElementPresent: Object 'Object Repository/LoggedOutReactPages/CreateAccount/CVV_ErrorMessage' is present

2018-05-31 10:45:57 - [MESSAGE][WARNING] - Timeout '0' is invalid. Using default page load timeout: '30'

2018-05-31 10:45:57 - [MESSAGE][PASSED] - Object 'Object Repository/LoggedOutReactPages/CreateAccount/CVV_ErrorMessage' is present

2018-05-31 10:45:57 - [TEST_STEP][PASSED] - verifyElementText: Actual text and expected text of test object 'Object Repository/LoggedOutReactPages/CreateAccount/CVV_ErrorMessage' are matched.

2018-05-31 10:45:57 - [MESSAGE][PASSED] - Actual text and expected text of test object 'Object Repository/LoggedOutReactPages/CreateAccount/CVV_ErrorMessage' are matched.

2018-05-31 10:45:57 - [TEST_STEP][PASSED] - verifyElementPresent: Object 'Object Repository/LoggedOutReactPages/CreateAccount/ExpirationYear_ErrorMessage' is present

2018-05-31 10:45:57 - [MESSAGE][WARNING] - Timeout '0' is invalid. Using default page load timeout: '30'

2018-05-31 10:45:57 - [MESSAGE][PASSED] - Object 'Object Repository/LoggedOutReactPages/CreateAccount/ExpirationYear_ErrorMessage' is present

2018-05-31 10:45:57 - [TEST_STEP][PASSED] - verifyElementText: Actual text and expected text of test object 'Object Repository/LoggedOutReactPages/CreateAccount/ExpirationYear_ErrorMessage' are matched.

2018-05-31 10:45:57 - [MESSAGE][PASSED] - Actual text and expected text of test object 'Object Repository/LoggedOutReactPages/CreateAccount/ExpirationYear_ErrorMessage' are matched.

2018-05-31 10:45:57 - [TEST_STEP][PASSED] - verifyElementPresent: Object 'Object Repository/LoggedOutReactPages/CreateAccount/Email_ErrorMessage' is present

2018-05-31 10:45:57 - [MESSAGE][WARNING] - Timeout '0' is invalid. Using default page load timeout: '30'

2018-05-31 10:45:57 - [MESSAGE][PASSED] - Object 'Object Repository/LoggedOutReactPages/CreateAccount/Email_ErrorMessage' is present

2018-05-31 10:45:58 - [TEST_STEP][PASSED] - verifyElementText: Actual text and expected text of test object 'Object Repository/LoggedOutReactPages/CreateAccount/Email_ErrorMessage' are matched.

2018-05-31 10:45:58 - [MESSAGE][PASSED] - Actual text and expected text of test object 'Object Repository/LoggedOutReactPages/CreateAccount/Email_ErrorMessage' are matched.

2018-05-31 10:45:58 - [TEST_STEP][PASSED] - verifyElementPresent: Object 'Object Repository/LoggedOutReactPages/CreateAccount/Password_ErrorMessage' is present

2018-05-31 10:45:58 - [MESSAGE][WARNING] - Timeout '0' is invalid. Using default page load timeout: '30'

2018-05-31 10:45:58 - [MESSAGE][PASSED] - Object 'Object Repository/LoggedOutReactPages/CreateAccount/Password_ErrorMessage' is present

2018-05-31 10:45:58 - [TEST_STEP][PASSED] - verifyElementText: Actual text and expected text of test object 'Object Repository/LoggedOutReactPages/CreateAccount/Password_ErrorMessage' are matched.

2018-05-31 10:45:58 - [MESSAGE][PASSED] - Actual text and expected text of test object 'Object Repository/LoggedOutReactPages/CreateAccount/Password_ErrorMessage' are matched.

2018-05-31 10:45:58 - [TEST_STEP][PASSED] - verifyElementPresent: Object 'Object Repository/LoggedOutReactPages/CreateAccount/AcceptTOS_ErrorMessage' is present

2018-05-31 10:45:58 - [MESSAGE][WARNING] - Timeout '0' is invalid. Using default page load timeout: '30'

2018-05-31 10:45:58 - [MESSAGE][PASSED] - Object 'Object Repository/LoggedOutReactPages/CreateAccount/AcceptTOS_ErrorMessage' is present

2018-05-31 10:45:58 - [TEST_STEP][PASSED] - verifyElementText: Actual text and expected text of test object 'Object Repository/LoggedOutReactPages/CreateAccount/AcceptTOS_ErrorMessage' are matched.

2018-05-31 10:45:58 - [MESSAGE][PASSED] - Actual text and expected text of test object 'Object Repository/LoggedOutReactPages/CreateAccount/AcceptTOS_ErrorMessage' are matched.

2018-05-31 10:45:58 - [TEST_STEP][PASSED] - closeBrowser: Browser is closed

2018-05-31 10:45:59 - [MESSAGE][PASSED] - Browser is closed]]></system-out>
         <system-err><![CDATA[]]></system-err>
      </testcase>
      <testcase name="Test Cases/SignUpConsumer - IncorrectEmail" classname="Test Cases/SignUpConsumer - IncorrectEmail" status="PASSED">
         <system-out><![CDATA[2018-05-31 10:45:59 - [TEST_CASE][PASSED] - Test Cases/SignUpConsumer - IncorrectEmail: Test Cases/SignUpConsumer - IncorrectEmail

2018-05-31 10:45:59 - [TEST_STEP][PASSED] - openBrowser: Browser is opened with url: ''

2018-05-31 10:46:02 - [MESSAGE][PASSED] - Browser is opened with url: ''

2018-05-31 10:46:02 - [TEST_STEP][PASSED] - maximizeWindow: Current window maximized

2018-05-31 10:46:03 - [MESSAGE][PASSED] - Current window maximized

2018-05-31 10:46:03 - [TEST_STEP][PASSED] - Statement - StartURL = com.kms.katalon.core.webui.keyword.WebUiBuiltInKeywords.concatenate([StagingReact, "create-account"]): Concatenated string array: '['https://dev-front.instavin.com/','create-account']' into 'https://dev-front.instavin.com/create-account'

2018-05-31 10:46:03 - [MESSAGE][PASSED] - Concatenated string array: '['https://dev-front.instavin.com/','create-account']' into 'https://dev-front.instavin.com/create-account'

2018-05-31 10:46:03 - [TEST_STEP][PASSED] - navigateToUrl: Navigate to 'https://dev-front.instavin.com/create-account' successfully

2018-05-31 10:46:07 - [MESSAGE][PASSED] - Navigate to 'https://dev-front.instavin.com/create-account' successfully

2018-05-31 10:46:07 - [TEST_STEP][PASSED] - verifyElementText: Actual text and expected text of test object 'Object Repository/LoggedOutReactPages/CreateAccount/Copy_Label' are matched.

2018-05-31 10:46:07 - [MESSAGE][PASSED] - Actual text and expected text of test object 'Object Repository/LoggedOutReactPages/CreateAccount/Copy_Label' are matched.

2018-05-31 10:46:07 - [TEST_STEP][PASSED] - verifyTextPresent: Text 'Buyer Information' is present on page 

2018-05-31 10:46:08 - [MESSAGE][PASSED] - Text 'Buyer Information' is present on page 

2018-05-31 10:46:08 - [TEST_STEP][PASSED] - Statement - now = new java.util.Date(): null

2018-05-31 10:46:08 - [TEST_STEP][PASSED] - Statement - rnd = now.format("yyyyMMddHHmmssSSS").toString(): null

2018-05-31 10:46:08 - [TEST_STEP][PASSED] - Statement - email = com.kms.katalon.core.webui.keyword.WebUiBuiltInKeywords.concatenate([rnd, "@mailinator.com"]): Concatenated string array: '['20180531104608154','@mailinator.com']' into '20180531104608154@mailinator.com'

2018-05-31 10:46:08 - [MESSAGE][PASSED] - Concatenated string array: '['20180531104608154','@mailinator.com']' into '20180531104608154@mailinator.com'

2018-05-31 10:46:08 - [TEST_STEP][PASSED] - setText: Text '20180531104608154' is set on object 'Object Repository/LoggedOutReactPages/CreateAccount/Email_Input'

2018-05-31 10:46:08 - [MESSAGE][PASSED] - Text '20180531104608154' is set on object 'Object Repository/LoggedOutReactPages/CreateAccount/Email_Input'

2018-05-31 10:46:08 - [TEST_STEP][PASSED] - setText: Text 'test' is set on object 'Object Repository/LoggedOutReactPages/CreateAccount/ConfirmEmail_Input'

2018-05-31 10:46:09 - [MESSAGE][PASSED] - Text 'test' is set on object 'Object Repository/LoggedOutReactPages/CreateAccount/ConfirmEmail_Input'

2018-05-31 10:46:09 - [TEST_STEP][PASSED] - click: Object: 'Object Repository/LoggedOutReactPages/CreateAccount/Password_Input' is clicked on

2018-05-31 10:46:09 - [MESSAGE][PASSED] - Object: 'Object Repository/LoggedOutReactPages/CreateAccount/Password_Input' is clicked on

2018-05-31 10:46:09 - [TEST_STEP][PASSED] - verifyElementPresent: Object 'Object Repository/LoggedOutReactPages/CreateAccount/Email_ErrorMessage' is present

2018-05-31 10:46:09 - [MESSAGE][WARNING] - Timeout '0' is invalid. Using default page load timeout: '30'

2018-05-31 10:46:09 - [MESSAGE][PASSED] - Object 'Object Repository/LoggedOutReactPages/CreateAccount/Email_ErrorMessage' is present

2018-05-31 10:46:09 - [TEST_STEP][PASSED] - verifyElementText: Actual text and expected text of test object 'Object Repository/LoggedOutReactPages/CreateAccount/Email_ErrorMessage' are matched.

2018-05-31 10:46:09 - [MESSAGE][PASSED] - Actual text and expected text of test object 'Object Repository/LoggedOutReactPages/CreateAccount/Email_ErrorMessage' are matched.

2018-05-31 10:46:09 - [TEST_STEP][PASSED] - verifyElementPresent: Object 'Object Repository/LoggedOutReactPages/CreateAccount/ConfirmEmail_ErrorMessage' is present

2018-05-31 10:46:09 - [MESSAGE][WARNING] - Timeout '0' is invalid. Using default page load timeout: '30'

2018-05-31 10:46:09 - [MESSAGE][PASSED] - Object 'Object Repository/LoggedOutReactPages/CreateAccount/ConfirmEmail_ErrorMessage' is present

2018-05-31 10:46:09 - [TEST_STEP][PASSED] - verifyElementText: Actual text and expected text of test object 'Object Repository/LoggedOutReactPages/CreateAccount/ConfirmEmail_ErrorMessage' are matched.

2018-05-31 10:46:09 - [MESSAGE][PASSED] - Actual text and expected text of test object 'Object Repository/LoggedOutReactPages/CreateAccount/ConfirmEmail_ErrorMessage' are matched.

2018-05-31 10:46:09 - [TEST_STEP][PASSED] - setText: Text '20180531104608154@mailinator.com' is set on object 'Object Repository/LoggedOutReactPages/CreateAccount/Email_Input'

2018-05-31 10:46:11 - [MESSAGE][PASSED] - Text '20180531104608154@mailinator.com' is set on object 'Object Repository/LoggedOutReactPages/CreateAccount/Email_Input'

2018-05-31 10:46:11 - [TEST_STEP][PASSED] - click: Object: 'Object Repository/LoggedOutReactPages/CreateAccount/Password_Input' is clicked on

2018-05-31 10:46:11 - [MESSAGE][PASSED] - Object: 'Object Repository/LoggedOutReactPages/CreateAccount/Password_Input' is clicked on

2018-05-31 10:46:11 - [TEST_STEP][PASSED] - verifyElementNotPresent: Web element with id: 'Object Repository/LoggedOutReactPages/CreateAccount/Email_ErrorMessage' located by 'By.xpath: //html//div[@id='AccountInfo']/div[1]/div[1]/div[2]/span[1]/span[1]' is not present after '30' second(s)

2018-05-31 10:46:11 - [MESSAGE][WARNING] - Timeout '0' is invalid. Using default page load timeout: '30'

2018-05-31 10:46:11 - [MESSAGE][PASSED] - Web element with id: 'Object Repository/LoggedOutReactPages/CreateAccount/Email_ErrorMessage' located by 'By.xpath: //html//div[@id='AccountInfo']/div[1]/div[1]/div[2]/span[1]/span[1]' is not present after '30' second(s)

2018-05-31 10:46:11 - [TEST_STEP][PASSED] - verifyElementPresent: Object 'Object Repository/LoggedOutReactPages/CreateAccount/ConfirmEmail_ErrorMessage' is present

2018-05-31 10:46:11 - [MESSAGE][WARNING] - Timeout '0' is invalid. Using default page load timeout: '30'

2018-05-31 10:46:11 - [MESSAGE][PASSED] - Object 'Object Repository/LoggedOutReactPages/CreateAccount/ConfirmEmail_ErrorMessage' is present

2018-05-31 10:46:11 - [TEST_STEP][PASSED] - verifyElementText: Actual text and expected text of test object 'Object Repository/LoggedOutReactPages/CreateAccount/ConfirmEmail_ErrorMessage' are matched.

2018-05-31 10:46:11 - [MESSAGE][PASSED] - Actual text and expected text of test object 'Object Repository/LoggedOutReactPages/CreateAccount/ConfirmEmail_ErrorMessage' are matched.

2018-05-31 10:46:11 - [TEST_STEP][PASSED] - setText: Text '20180531104608154@mailinator.com' is set on object 'Object Repository/LoggedOutReactPages/CreateAccount/ConfirmEmail_Input'

2018-05-31 10:46:11 - [MESSAGE][PASSED] - Text '20180531104608154@mailinator.com' is set on object 'Object Repository/LoggedOutReactPages/CreateAccount/ConfirmEmail_Input'

2018-05-31 10:46:11 - [TEST_STEP][PASSED] - click: Object: 'Object Repository/LoggedOutReactPages/CreateAccount/Password_Input' is clicked on

2018-05-31 10:46:12 - [MESSAGE][PASSED] - Object: 'Object Repository/LoggedOutReactPages/CreateAccount/Password_Input' is clicked on

2018-05-31 10:46:12 - [TEST_STEP][PASSED] - verifyElementNotPresent: Web element with id: 'Object Repository/LoggedOutReactPages/CreateAccount/Email_ErrorMessage' located by 'By.xpath: //html//div[@id='AccountInfo']/div[1]/div[1]/div[2]/span[1]/span[1]' is not present after '30' second(s)

2018-05-31 10:46:12 - [MESSAGE][WARNING] - Timeout '0' is invalid. Using default page load timeout: '30'

2018-05-31 10:46:12 - [MESSAGE][PASSED] - Web element with id: 'Object Repository/LoggedOutReactPages/CreateAccount/Email_ErrorMessage' located by 'By.xpath: //html//div[@id='AccountInfo']/div[1]/div[1]/div[2]/span[1]/span[1]' is not present after '30' second(s)

2018-05-31 10:46:12 - [TEST_STEP][PASSED] - verifyElementNotPresent: Web element with id: 'Object Repository/LoggedOutReactPages/CreateAccount/ConfirmEmail_ErrorMessage' located by 'By.xpath: //span[contains(text(),'Does not match the Email Address')]' is not present after '30' second(s)

2018-05-31 10:46:12 - [MESSAGE][WARNING] - Timeout '0' is invalid. Using default page load timeout: '30'

2018-05-31 10:46:12 - [MESSAGE][PASSED] - Web element with id: 'Object Repository/LoggedOutReactPages/CreateAccount/ConfirmEmail_ErrorMessage' located by 'By.xpath: //span[contains(text(),'Does not match the Email Address')]' is not present after '30' second(s)

2018-05-31 10:46:12 - [TEST_STEP][PASSED] - closeBrowser: Browser is closed

2018-05-31 10:46:13 - [MESSAGE][PASSED] - Browser is closed]]></system-out>
         <system-err><![CDATA[]]></system-err>
      </testcase>
      <testcase name="Test Cases/SignUpConsumer - ShortAndMissmatchedPass" classname="Test Cases/SignUpConsumer - ShortAndMissmatchedPass" status="PASSED">
         <system-out><![CDATA[2018-05-31 10:46:13 - [TEST_CASE][PASSED] - Test Cases/SignUpConsumer - ShortAndMissmatchedPass: Test Cases/SignUpConsumer - ShortAndMissmatchedPass

2018-05-31 10:46:13 - [TEST_STEP][PASSED] - openBrowser: Browser is opened with url: ''

2018-05-31 10:46:16 - [MESSAGE][PASSED] - Browser is opened with url: ''

2018-05-31 10:46:16 - [TEST_STEP][PASSED] - maximizeWindow: Current window maximized

2018-05-31 10:46:17 - [MESSAGE][PASSED] - Current window maximized

2018-05-31 10:46:17 - [TEST_STEP][PASSED] - Statement - StartURL = com.kms.katalon.core.webui.keyword.WebUiBuiltInKeywords.concatenate([StagingReact, "create-account"]): Concatenated string array: '['https://dev-front.instavin.com/','create-account']' into 'https://dev-front.instavin.com/create-account'

2018-05-31 10:46:17 - [MESSAGE][PASSED] - Concatenated string array: '['https://dev-front.instavin.com/','create-account']' into 'https://dev-front.instavin.com/create-account'

2018-05-31 10:46:17 - [TEST_STEP][PASSED] - navigateToUrl: Navigate to 'https://dev-front.instavin.com/create-account' successfully

2018-05-31 10:46:21 - [MESSAGE][PASSED] - Navigate to 'https://dev-front.instavin.com/create-account' successfully

2018-05-31 10:46:21 - [TEST_STEP][PASSED] - verifyElementText: Actual text and expected text of test object 'Object Repository/LoggedOutReactPages/CreateAccount/Copy_Label' are matched.

2018-05-31 10:46:22 - [MESSAGE][PASSED] - Actual text and expected text of test object 'Object Repository/LoggedOutReactPages/CreateAccount/Copy_Label' are matched.

2018-05-31 10:46:22 - [TEST_STEP][PASSED] - verifyTextPresent: Text 'Buyer Information' is present on page 

2018-05-31 10:46:22 - [MESSAGE][PASSED] - Text 'Buyer Information' is present on page 

2018-05-31 10:46:22 - [TEST_STEP][PASSED] - setText: Text '11' is set on object 'Object Repository/LoggedOutReactPages/CreateAccount/Password_Input'

2018-05-31 10:46:23 - [MESSAGE][PASSED] - Text '11' is set on object 'Object Repository/LoggedOutReactPages/CreateAccount/Password_Input'

2018-05-31 10:46:23 - [TEST_STEP][PASSED] - click: Object: 'Object Repository/LoggedOutReactPages/CreateAccount/Email_Input' is clicked on

2018-05-31 10:46:23 - [MESSAGE][PASSED] - Object: 'Object Repository/LoggedOutReactPages/CreateAccount/Email_Input' is clicked on

2018-05-31 10:46:23 - [TEST_STEP][PASSED] - verifyElementPresent: Object 'Object Repository/LoggedOutReactPages/CreateAccount/Password_ErrorMessage' is present

2018-05-31 10:46:23 - [MESSAGE][WARNING] - Timeout '0' is invalid. Using default page load timeout: '30'

2018-05-31 10:46:23 - [MESSAGE][PASSED] - Object 'Object Repository/LoggedOutReactPages/CreateAccount/Password_ErrorMessage' is present

2018-05-31 10:46:23 - [TEST_STEP][PASSED] - verifyElementText: Actual text and expected text of test object 'Object Repository/LoggedOutReactPages/CreateAccount/Password_ErrorMessage' are matched.

2018-05-31 10:46:23 - [MESSAGE][PASSED] - Actual text and expected text of test object 'Object Repository/LoggedOutReactPages/CreateAccount/Password_ErrorMessage' are matched.

2018-05-31 10:46:23 - [TEST_STEP][PASSED] - verifyElementNotPresent: Web element with id: 'Object Repository/LoggedOutReactPages/CreateAccount/ConfirmPassword_ErrorMessage' located by 'By.xpath: //div[@id='AccountInfo']//div[@class='FormSectionContainer']//div[@class='FieldComboBox Clear']//div[@class='Field_Standard']//span[@class='field-validation-error']//span' is not present after '30' second(s)

2018-05-31 10:46:23 - [MESSAGE][WARNING] - Timeout '0' is invalid. Using default page load timeout: '30'

2018-05-31 10:46:24 - [MESSAGE][PASSED] - Web element with id: 'Object Repository/LoggedOutReactPages/CreateAccount/ConfirmPassword_ErrorMessage' located by 'By.xpath: //div[@id='AccountInfo']//div[@class='FormSectionContainer']//div[@class='FieldComboBox Clear']//div[@class='Field_Standard']//span[@class='field-validation-error']//span' is not present after '30' second(s)

2018-05-31 10:46:24 - [TEST_STEP][PASSED] - setText: Text '111111' is set on object 'Object Repository/LoggedOutReactPages/CreateAccount/Password_Input'

2018-05-31 10:46:24 - [MESSAGE][PASSED] - Text '111111' is set on object 'Object Repository/LoggedOutReactPages/CreateAccount/Password_Input'

2018-05-31 10:46:24 - [TEST_STEP][PASSED] - click: Object: 'Object Repository/LoggedOutReactPages/CreateAccount/Email_Input' is clicked on

2018-05-31 10:46:24 - [MESSAGE][PASSED] - Object: 'Object Repository/LoggedOutReactPages/CreateAccount/Email_Input' is clicked on

2018-05-31 10:46:24 - [TEST_STEP][PASSED] - verifyElementNotPresent: Web element with id: 'Object Repository/LoggedOutReactPages/CreateAccount/Password_ErrorMessage' located by 'By.xpath: //html//div[@id='AccountInfo']/div[2]/div[1]/div[2]/span[1]/span[1]' is not present after '30' second(s)

2018-05-31 10:46:24 - [MESSAGE][WARNING] - Timeout '0' is invalid. Using default page load timeout: '30'

2018-05-31 10:46:24 - [MESSAGE][PASSED] - Web element with id: 'Object Repository/LoggedOutReactPages/CreateAccount/Password_ErrorMessage' located by 'By.xpath: //html//div[@id='AccountInfo']/div[2]/div[1]/div[2]/span[1]/span[1]' is not present after '30' second(s)

2018-05-31 10:46:24 - [TEST_STEP][PASSED] - verifyElementNotPresent: Web element with id: 'Object Repository/LoggedOutReactPages/CreateAccount/ConfirmPassword_ErrorMessage' located by 'By.xpath: //div[@id='AccountInfo']//div[@class='FormSectionContainer']//div[@class='FieldComboBox Clear']//div[@class='Field_Standard']//span[@class='field-validation-error']//span' is not present after '30' second(s)

2018-05-31 10:46:24 - [MESSAGE][WARNING] - Timeout '0' is invalid. Using default page load timeout: '30'

2018-05-31 10:46:24 - [MESSAGE][PASSED] - Web element with id: 'Object Repository/LoggedOutReactPages/CreateAccount/ConfirmPassword_ErrorMessage' located by 'By.xpath: //div[@id='AccountInfo']//div[@class='FormSectionContainer']//div[@class='FieldComboBox Clear']//div[@class='Field_Standard']//span[@class='field-validation-error']//span' is not present after '30' second(s)

2018-05-31 10:46:24 - [TEST_STEP][PASSED] - setText: Text '11' is set on object 'Object Repository/LoggedOutReactPages/CreateAccount/ConfirmPassword_Input'

2018-05-31 10:46:25 - [MESSAGE][PASSED] - Text '11' is set on object 'Object Repository/LoggedOutReactPages/CreateAccount/ConfirmPassword_Input'

2018-05-31 10:46:25 - [TEST_STEP][PASSED] - click: Object: 'Object Repository/LoggedOutReactPages/CreateAccount/Email_Input' is clicked on

2018-05-31 10:46:25 - [MESSAGE][PASSED] - Object: 'Object Repository/LoggedOutReactPages/CreateAccount/Email_Input' is clicked on

2018-05-31 10:46:25 - [TEST_STEP][PASSED] - verifyElementNotPresent: Web element with id: 'Object Repository/LoggedOutReactPages/CreateAccount/Password_ErrorMessage' located by 'By.xpath: //html//div[@id='AccountInfo']/div[2]/div[1]/div[2]/span[1]/span[1]' is not present after '30' second(s)

2018-05-31 10:46:25 - [MESSAGE][WARNING] - Timeout '0' is invalid. Using default page load timeout: '30'

2018-05-31 10:46:25 - [MESSAGE][PASSED] - Web element with id: 'Object Repository/LoggedOutReactPages/CreateAccount/Password_ErrorMessage' located by 'By.xpath: //html//div[@id='AccountInfo']/div[2]/div[1]/div[2]/span[1]/span[1]' is not present after '30' second(s)

2018-05-31 10:46:25 - [TEST_STEP][PASSED] - verifyElementPresent: Object 'Object Repository/LoggedOutReactPages/CreateAccount/ConfirmPassword_ErrorMessage' is present

2018-05-31 10:46:25 - [MESSAGE][WARNING] - Timeout '0' is invalid. Using default page load timeout: '30'

2018-05-31 10:46:26 - [MESSAGE][PASSED] - Object 'Object Repository/LoggedOutReactPages/CreateAccount/ConfirmPassword_ErrorMessage' is present

2018-05-31 10:46:26 - [TEST_STEP][PASSED] - verifyElementText: Actual text and expected text of test object 'Object Repository/LoggedOutReactPages/CreateAccount/ConfirmPassword_ErrorMessage' are matched.

2018-05-31 10:46:26 - [MESSAGE][PASSED] - Actual text and expected text of test object 'Object Repository/LoggedOutReactPages/CreateAccount/ConfirmPassword_ErrorMessage' are matched.

2018-05-31 10:46:26 - [TEST_STEP][PASSED] - setText: Text '111111' is set on object 'Object Repository/LoggedOutReactPages/CreateAccount/ConfirmPassword_Input'

2018-05-31 10:46:27 - [MESSAGE][PASSED] - Text '111111' is set on object 'Object Repository/LoggedOutReactPages/CreateAccount/ConfirmPassword_Input'

2018-05-31 10:46:27 - [TEST_STEP][PASSED] - click: Object: 'Object Repository/LoggedOutReactPages/CreateAccount/Email_Input' is clicked on

2018-05-31 10:46:27 - [MESSAGE][PASSED] - Object: 'Object Repository/LoggedOutReactPages/CreateAccount/Email_Input' is clicked on

2018-05-31 10:46:27 - [TEST_STEP][PASSED] - verifyElementNotPresent: Web element with id: 'Object Repository/LoggedOutReactPages/CreateAccount/Password_ErrorMessage' located by 'By.xpath: //html//div[@id='AccountInfo']/div[2]/div[1]/div[2]/span[1]/span[1]' is not present after '30' second(s)

2018-05-31 10:46:27 - [MESSAGE][WARNING] - Timeout '0' is invalid. Using default page load timeout: '30'

2018-05-31 10:46:27 - [MESSAGE][PASSED] - Web element with id: 'Object Repository/LoggedOutReactPages/CreateAccount/Password_ErrorMessage' located by 'By.xpath: //html//div[@id='AccountInfo']/div[2]/div[1]/div[2]/span[1]/span[1]' is not present after '30' second(s)

2018-05-31 10:46:27 - [TEST_STEP][PASSED] - verifyElementNotPresent: Web element with id: 'Object Repository/LoggedOutReactPages/CreateAccount/ConfirmPassword_ErrorMessage' located by 'By.xpath: //div[@id='AccountInfo']//div[@class='FormSectionContainer']//div[@class='FieldComboBox Clear']//div[@class='Field_Standard']//span[@class='field-validation-error']//span' is not present after '30' second(s)

2018-05-31 10:46:27 - [MESSAGE][WARNING] - Timeout '0' is invalid. Using default page load timeout: '30'

2018-05-31 10:46:27 - [MESSAGE][PASSED] - Web element with id: 'Object Repository/LoggedOutReactPages/CreateAccount/ConfirmPassword_ErrorMessage' located by 'By.xpath: //div[@id='AccountInfo']//div[@class='FormSectionContainer']//div[@class='FieldComboBox Clear']//div[@class='Field_Standard']//span[@class='field-validation-error']//span' is not present after '30' second(s)

2018-05-31 10:46:27 - [TEST_STEP][PASSED] - closeBrowser: Browser is closed

2018-05-31 10:46:27 - [MESSAGE][PASSED] - Browser is closed]]></system-out>
         <system-err><![CDATA[]]></system-err>
      </testcase>
      <testcase name="Test Cases/SignUpConsumer - CopyBuyer" classname="Test Cases/SignUpConsumer - CopyBuyer" status="PASSED">
         <system-out><![CDATA[2018-05-31 10:46:27 - [TEST_CASE][PASSED] - Test Cases/SignUpConsumer - CopyBuyer: Test Cases/SignUpConsumer - CopyBuyer

2018-05-31 10:46:28 - [TEST_STEP][PASSED] - openBrowser: Browser is opened with url: ''

2018-05-31 10:46:30 - [MESSAGE][PASSED] - Browser is opened with url: ''

2018-05-31 10:46:30 - [TEST_STEP][PASSED] - maximizeWindow: Current window maximized

2018-05-31 10:46:31 - [MESSAGE][PASSED] - Current window maximized

2018-05-31 10:46:31 - [TEST_STEP][PASSED] - Statement - StartURL = com.kms.katalon.core.webui.keyword.WebUiBuiltInKeywords.concatenate([StagingReact, "create-account"]): Concatenated string array: '['https://dev-front.instavin.com/','create-account']' into 'https://dev-front.instavin.com/create-account'

2018-05-31 10:46:31 - [MESSAGE][PASSED] - Concatenated string array: '['https://dev-front.instavin.com/','create-account']' into 'https://dev-front.instavin.com/create-account'

2018-05-31 10:46:31 - [TEST_STEP][PASSED] - navigateToUrl: Navigate to 'https://dev-front.instavin.com/create-account' successfully

2018-05-31 10:46:36 - [MESSAGE][PASSED] - Navigate to 'https://dev-front.instavin.com/create-account' successfully

2018-05-31 10:46:36 - [TEST_STEP][PASSED] - verifyElementText: Actual text and expected text of test object 'Object Repository/LoggedOutReactPages/CreateAccount/Copy_Label' are matched.

2018-05-31 10:46:36 - [MESSAGE][PASSED] - Actual text and expected text of test object 'Object Repository/LoggedOutReactPages/CreateAccount/Copy_Label' are matched.

2018-05-31 10:46:36 - [TEST_STEP][PASSED] - verifyTextPresent: Text 'Buyer Information' is present on page 

2018-05-31 10:46:36 - [MESSAGE][PASSED] - Text 'Buyer Information' is present on page 

2018-05-31 10:46:36 - [TEST_STEP][PASSED] - verifyElementText: Actual text and expected text of test object 'Object Repository/LoggedOutReactPages/CreateAccount/Name_Label' are matched.

2018-05-31 10:46:36 - [MESSAGE][PASSED] - Actual text and expected text of test object 'Object Repository/LoggedOutReactPages/CreateAccount/Name_Label' are matched.

2018-05-31 10:46:36 - [TEST_STEP][PASSED] - verifyElementText: Actual text and expected text of test object 'Object Repository/LoggedOutReactPages/CreateAccount/Address_Label' are matched.

2018-05-31 10:46:36 - [MESSAGE][PASSED] - Actual text and expected text of test object 'Object Repository/LoggedOutReactPages/CreateAccount/Address_Label' are matched.

2018-05-31 10:46:36 - [TEST_STEP][PASSED] - setText: Text 'Consumer' is set on object 'Object Repository/LoggedOutReactPages/CreateAccount/FirstName_Input'

2018-05-31 10:46:37 - [MESSAGE][PASSED] - Text 'Consumer' is set on object 'Object Repository/LoggedOutReactPages/CreateAccount/FirstName_Input'

2018-05-31 10:46:37 - [TEST_STEP][PASSED] - setText: Text 'Last' is set on object 'Object Repository/LoggedOutReactPages/CreateAccount/LastName_Input'

2018-05-31 10:46:37 - [MESSAGE][PASSED] - Text 'Last' is set on object 'Object Repository/LoggedOutReactPages/CreateAccount/LastName_Input'

2018-05-31 10:46:37 - [TEST_STEP][PASSED] - setText: Text 'TestAddress' is set on object 'Object Repository/LoggedOutReactPages/CreateAccount/Address_Input'

2018-05-31 10:46:37 - [MESSAGE][PASSED] - Text 'TestAddress' is set on object 'Object Repository/LoggedOutReactPages/CreateAccount/Address_Input'

2018-05-31 10:46:37 - [TEST_STEP][PASSED] - setText: Text 'Autotest' is set on object 'Object Repository/LoggedOutReactPages/CreateAccount/City_Input'

2018-05-31 10:46:37 - [MESSAGE][PASSED] - Text 'Autotest' is set on object 'Object Repository/LoggedOutReactPages/CreateAccount/City_Input'

2018-05-31 10:46:38 - [TEST_STEP][PASSED] - selectOptionByValue: All options with value 'CA' are selected in object 'Object Repository/LoggedOutReactPages/CreateAccount/State_Dropdown' 

2018-05-31 10:46:38 - [MESSAGE][PASSED] - All options with value 'CA' are selected in object 'Object Repository/LoggedOutReactPages/CreateAccount/State_Dropdown' 

2018-05-31 10:46:38 - [TEST_STEP][PASSED] - setText: Text '11111' is set on object 'Object Repository/LoggedOutReactPages/CreateAccount/Zip_Input'

2018-05-31 10:46:38 - [MESSAGE][PASSED] - Text '11111' is set on object 'Object Repository/LoggedOutReactPages/CreateAccount/Zip_Input'

2018-05-31 10:46:38 - [TEST_STEP][PASSED] - check: Object 'Object Repository/LoggedOutReactPages/CreateAccount/Copy_Checkbox' is checked

2018-05-31 10:46:38 - [MESSAGE][PASSED] - Object 'Object Repository/LoggedOutReactPages/CreateAccount/Copy_Checkbox' is checked

2018-05-31 10:46:38 - [TEST_STEP][PASSED] - verifyElementAttributeValue: Object 'Object Repository/LoggedOutReactPages/CreateAccount/BillingFirstName_Input' has attribute 'value' with value 'Consumer'

2018-05-31 10:46:38 - [MESSAGE][WARNING] - Timeout '0' is invalid. Using default page load timeout: '30'

2018-05-31 10:46:38 - [MESSAGE][PASSED] - Object 'Object Repository/LoggedOutReactPages/CreateAccount/BillingFirstName_Input' has attribute 'value' with value 'Consumer'

2018-05-31 10:46:38 - [TEST_STEP][PASSED] - verifyElementHasAttribute: Object 'Object Repository/LoggedOutReactPages/CreateAccount/BillingFirstName_Input' has attribute 'disabled'

2018-05-31 10:46:38 - [MESSAGE][WARNING] - Timeout '0' is invalid. Using default page load timeout: '30'

2018-05-31 10:46:39 - [MESSAGE][PASSED] - Object 'Object Repository/LoggedOutReactPages/CreateAccount/BillingFirstName_Input' has attribute 'disabled'

2018-05-31 10:46:39 - [TEST_STEP][PASSED] - verifyElementAttributeValue: Object 'Object Repository/LoggedOutReactPages/CreateAccount/BillingLastName_Input' has attribute 'value' with value 'Last'

2018-05-31 10:46:39 - [MESSAGE][WARNING] - Timeout '0' is invalid. Using default page load timeout: '30'

2018-05-31 10:46:39 - [MESSAGE][PASSED] - Object 'Object Repository/LoggedOutReactPages/CreateAccount/BillingLastName_Input' has attribute 'value' with value 'Last'

2018-05-31 10:46:39 - [TEST_STEP][PASSED] - verifyElementHasAttribute: Object 'Object Repository/LoggedOutReactPages/CreateAccount/BillingLastName_Input' has attribute 'disabled'

2018-05-31 10:46:39 - [MESSAGE][WARNING] - Timeout '0' is invalid. Using default page load timeout: '30'

2018-05-31 10:46:40 - [MESSAGE][PASSED] - Object 'Object Repository/LoggedOutReactPages/CreateAccount/BillingLastName_Input' has attribute 'disabled'

2018-05-31 10:46:40 - [TEST_STEP][PASSED] - verifyElementAttributeValue: Object 'Object Repository/LoggedOutReactPages/CreateAccount/BillingAddress_Input' has attribute 'value' with value 'TestAddress'

2018-05-31 10:46:40 - [MESSAGE][WARNING] - Timeout '0' is invalid. Using default page load timeout: '30'

2018-05-31 10:46:40 - [MESSAGE][PASSED] - Object 'Object Repository/LoggedOutReactPages/CreateAccount/BillingAddress_Input' has attribute 'value' with value 'TestAddress'

2018-05-31 10:46:40 - [TEST_STEP][PASSED] - verifyElementHasAttribute: Object 'Object Repository/LoggedOutReactPages/CreateAccount/BillingAddress_Input' has attribute 'disabled'

2018-05-31 10:46:40 - [MESSAGE][WARNING] - Timeout '0' is invalid. Using default page load timeout: '30'

2018-05-31 10:46:40 - [MESSAGE][PASSED] - Object 'Object Repository/LoggedOutReactPages/CreateAccount/BillingAddress_Input' has attribute 'disabled'

2018-05-31 10:46:40 - [TEST_STEP][PASSED] - verifyElementAttributeValue: Object 'Object Repository/LoggedOutReactPages/CreateAccount/BillingZip_Input' has attribute 'value' with value '11111'

2018-05-31 10:46:40 - [MESSAGE][WARNING] - Timeout '0' is invalid. Using default page load timeout: '30'

2018-05-31 10:46:40 - [MESSAGE][PASSED] - Object 'Object Repository/LoggedOutReactPages/CreateAccount/BillingZip_Input' has attribute 'value' with value '11111'

2018-05-31 10:46:40 - [TEST_STEP][PASSED] - verifyElementHasAttribute: Object 'Object Repository/LoggedOutReactPages/CreateAccount/BillingZip_Input' has attribute 'disabled'

2018-05-31 10:46:40 - [MESSAGE][WARNING] - Timeout '0' is invalid. Using default page load timeout: '30'

2018-05-31 10:46:40 - [MESSAGE][PASSED] - Object 'Object Repository/LoggedOutReactPages/CreateAccount/BillingZip_Input' has attribute 'disabled'

2018-05-31 10:46:40 - [TEST_STEP][PASSED] - closeBrowser: Browser is closed

2018-05-31 10:46:41 - [MESSAGE][PASSED] - Browser is closed]]></system-out>
         <system-err><![CDATA[]]></system-err>
      </testcase>
      <testcase name="Test Cases/SignUpDealer - EmptyFields" classname="Test Cases/SignUpDealer - EmptyFields" status="PASSED">
         <system-out><![CDATA[2018-05-31 10:46:41 - [TEST_CASE][PASSED] - Test Cases/SignUpDealer - EmptyFields: Test Cases/SignUpDealer - EmptyFields

2018-05-31 10:46:41 - [TEST_STEP][PASSED] - openBrowser: Browser is opened with url: ''

2018-05-31 10:46:44 - [MESSAGE][PASSED] - Browser is opened with url: ''

2018-05-31 10:46:44 - [TEST_STEP][PASSED] - maximizeWindow: Current window maximized

2018-05-31 10:46:45 - [MESSAGE][PASSED] - Current window maximized

2018-05-31 10:46:45 - [TEST_STEP][PASSED] - Statement - StartURL = com.kms.katalon.core.webui.keyword.WebUiBuiltInKeywords.concatenate([StagingReact, "create-account"]): Concatenated string array: '['https://dev-front.instavin.com/','create-account']' into 'https://dev-front.instavin.com/create-account'

2018-05-31 10:46:45 - [MESSAGE][PASSED] - Concatenated string array: '['https://dev-front.instavin.com/','create-account']' into 'https://dev-front.instavin.com/create-account'

2018-05-31 10:46:45 - [TEST_STEP][PASSED] - navigateToUrl: Navigate to 'https://dev-front.instavin.com/create-account' successfully

2018-05-31 10:46:49 - [MESSAGE][PASSED] - Navigate to 'https://dev-front.instavin.com/create-account' successfully

2018-05-31 10:46:49 - [TEST_STEP][PASSED] - click: Object: 'Object Repository/LoggedOutReactPages/CreateAccount/Dealer_Button' is clicked on

2018-05-31 10:46:50 - [MESSAGE][PASSED] - Object: 'Object Repository/LoggedOutReactPages/CreateAccount/Dealer_Button' is clicked on

2018-05-31 10:46:50 - [TEST_STEP][PASSED] - verifyElementText: Actual text and expected text of test object 'Object Repository/LoggedOutReactPages/CreateAccount/Copy_Label' are matched.

2018-05-31 10:46:50 - [MESSAGE][PASSED] - Actual text and expected text of test object 'Object Repository/LoggedOutReactPages/CreateAccount/Copy_Label' are matched.

2018-05-31 10:46:50 - [TEST_STEP][PASSED] - verifyTextPresent: Text 'Dealer Information' is present on page 

2018-05-31 10:46:50 - [MESSAGE][PASSED] - Text 'Dealer Information' is present on page 

2018-05-31 10:46:50 - [TEST_STEP][PASSED] - verifyTextPresent: Text 'AuctionACCESS ID Number' is present on page 

2018-05-31 10:46:50 - [MESSAGE][PASSED] - Text 'AuctionACCESS ID Number' is present on page 

2018-05-31 10:46:50 - [TEST_STEP][PASSED] - verifyTextPresent: Text 'Business Name' is present on page 

2018-05-31 10:46:51 - [MESSAGE][PASSED] - Text 'Business Name' is present on page 

2018-05-31 10:46:51 - [TEST_STEP][PASSED] - click: Object: 'Object Repository/LoggedOutReactPages/CreateAccount/Submit_button' is clicked on

2018-05-31 10:46:51 - [MESSAGE][PASSED] - Object: 'Object Repository/LoggedOutReactPages/CreateAccount/Submit_button' is clicked on

2018-05-31 10:46:51 - [TEST_STEP][PASSED] - verifyElementPresent: Object 'Object Repository/LoggedOutReactPages/CreateAccount/BusinessFirstName_ErrorMessage' is present

2018-05-31 10:46:51 - [MESSAGE][WARNING] - Timeout '0' is invalid. Using default page load timeout: '30'

2018-05-31 10:46:51 - [MESSAGE][PASSED] - Object 'Object Repository/LoggedOutReactPages/CreateAccount/BusinessFirstName_ErrorMessage' is present

2018-05-31 10:46:51 - [TEST_STEP][PASSED] - verifyElementText: Actual text and expected text of test object 'Object Repository/LoggedOutReactPages/CreateAccount/BusinessFirstName_ErrorMessage' are matched.

2018-05-31 10:46:51 - [MESSAGE][PASSED] - Actual text and expected text of test object 'Object Repository/LoggedOutReactPages/CreateAccount/BusinessFirstName_ErrorMessage' are matched.

2018-05-31 10:46:51 - [TEST_STEP][PASSED] - verifyElementPresent: Object 'Object Repository/LoggedOutReactPages/CreateAccount/BusinessLastName_ErrorMessage' is present

2018-05-31 10:46:51 - [MESSAGE][WARNING] - Timeout '0' is invalid. Using default page load timeout: '30'

2018-05-31 10:46:51 - [MESSAGE][PASSED] - Object 'Object Repository/LoggedOutReactPages/CreateAccount/BusinessLastName_ErrorMessage' is present

2018-05-31 10:46:51 - [TEST_STEP][PASSED] - verifyElementText: Actual text and expected text of test object 'Object Repository/LoggedOutReactPages/CreateAccount/BusinessLastName_ErrorMessage' are matched.

2018-05-31 10:46:51 - [MESSAGE][PASSED] - Actual text and expected text of test object 'Object Repository/LoggedOutReactPages/CreateAccount/BusinessLastName_ErrorMessage' are matched.

2018-05-31 10:46:51 - [TEST_STEP][PASSED] - verifyElementPresent: Object 'Object Repository/LoggedOutReactPages/CreateAccount/BusinessAddress_ErrorMessage' is present

2018-05-31 10:46:51 - [MESSAGE][WARNING] - Timeout '0' is invalid. Using default page load timeout: '30'

2018-05-31 10:46:51 - [MESSAGE][PASSED] - Object 'Object Repository/LoggedOutReactPages/CreateAccount/BusinessAddress_ErrorMessage' is present

2018-05-31 10:46:51 - [TEST_STEP][PASSED] - verifyElementText: Actual text and expected text of test object 'Object Repository/LoggedOutReactPages/CreateAccount/BusinessAddress_ErrorMessage' are matched.

2018-05-31 10:46:51 - [MESSAGE][PASSED] - Actual text and expected text of test object 'Object Repository/LoggedOutReactPages/CreateAccount/BusinessAddress_ErrorMessage' are matched.

2018-05-31 10:46:51 - [TEST_STEP][PASSED] - verifyElementPresent: Object 'Object Repository/LoggedOutReactPages/CreateAccount/BusinessCity_ErrorMessage' is present

2018-05-31 10:46:51 - [MESSAGE][WARNING] - Timeout '0' is invalid. Using default page load timeout: '30'

2018-05-31 10:46:51 - [MESSAGE][PASSED] - Object 'Object Repository/LoggedOutReactPages/CreateAccount/BusinessCity_ErrorMessage' is present

2018-05-31 10:46:51 - [TEST_STEP][PASSED] - verifyElementText: Actual text and expected text of test object 'Object Repository/LoggedOutReactPages/CreateAccount/BusinessCity_ErrorMessage' are matched.

2018-05-31 10:46:51 - [MESSAGE][PASSED] - Actual text and expected text of test object 'Object Repository/LoggedOutReactPages/CreateAccount/BusinessCity_ErrorMessage' are matched.

2018-05-31 10:46:51 - [TEST_STEP][PASSED] - verifyElementPresent: Object 'Object Repository/LoggedOutReactPages/CreateAccount/State_ErrorMessage' is present

2018-05-31 10:46:51 - [MESSAGE][WARNING] - Timeout '0' is invalid. Using default page load timeout: '30'

2018-05-31 10:46:51 - [MESSAGE][PASSED] - Object 'Object Repository/LoggedOutReactPages/CreateAccount/State_ErrorMessage' is present

2018-05-31 10:46:51 - [TEST_STEP][PASSED] - verifyElementText: Actual text and expected text of test object 'Object Repository/LoggedOutReactPages/CreateAccount/State_ErrorMessage' are matched.

2018-05-31 10:46:52 - [MESSAGE][PASSED] - Actual text and expected text of test object 'Object Repository/LoggedOutReactPages/CreateAccount/State_ErrorMessage' are matched.

2018-05-31 10:46:52 - [TEST_STEP][PASSED] - verifyElementPresent: Object 'Object Repository/LoggedOutReactPages/CreateAccount/Zip_ErrorMessage' is present

2018-05-31 10:46:52 - [MESSAGE][WARNING] - Timeout '0' is invalid. Using default page load timeout: '30'

2018-05-31 10:46:52 - [MESSAGE][PASSED] - Object 'Object Repository/LoggedOutReactPages/CreateAccount/Zip_ErrorMessage' is present

2018-05-31 10:46:52 - [TEST_STEP][PASSED] - verifyElementText: Actual text and expected text of test object 'Object Repository/LoggedOutReactPages/CreateAccount/Zip_ErrorMessage' are matched.

2018-05-31 10:46:52 - [MESSAGE][PASSED] - Actual text and expected text of test object 'Object Repository/LoggedOutReactPages/CreateAccount/Zip_ErrorMessage' are matched.

2018-05-31 10:46:52 - [TEST_STEP][PASSED] - verifyElementPresent: Object 'Object Repository/LoggedOutReactPages/CreateAccount/BusinessPhone_ErrorMessage' is present

2018-05-31 10:46:52 - [MESSAGE][WARNING] - Timeout '0' is invalid. Using default page load timeout: '30'

2018-05-31 10:46:52 - [MESSAGE][PASSED] - Object 'Object Repository/LoggedOutReactPages/CreateAccount/BusinessPhone_ErrorMessage' is present

2018-05-31 10:46:52 - [TEST_STEP][PASSED] - verifyElementText: Actual text and expected text of test object 'Object Repository/LoggedOutReactPages/CreateAccount/BusinessPhone_ErrorMessage' are matched.

2018-05-31 10:46:52 - [MESSAGE][PASSED] - Actual text and expected text of test object 'Object Repository/LoggedOutReactPages/CreateAccount/BusinessPhone_ErrorMessage' are matched.

2018-05-31 10:46:53 - [TEST_STEP][PASSED] - verifyElementPresent: Object 'Object Repository/LoggedOutReactPages/CreateAccount/BillingFirstName_ErrorMessage' is present

2018-05-31 10:46:53 - [MESSAGE][WARNING] - Timeout '0' is invalid. Using default page load timeout: '30'

2018-05-31 10:46:53 - [MESSAGE][PASSED] - Object 'Object Repository/LoggedOutReactPages/CreateAccount/BillingFirstName_ErrorMessage' is present

2018-05-31 10:46:53 - [TEST_STEP][PASSED] - verifyElementText: Actual text and expected text of test object 'Object Repository/LoggedOutReactPages/CreateAccount/BillingFirstName_ErrorMessage' are matched.

2018-05-31 10:46:53 - [MESSAGE][PASSED] - Actual text and expected text of test object 'Object Repository/LoggedOutReactPages/CreateAccount/BillingFirstName_ErrorMessage' are matched.

2018-05-31 10:46:53 - [TEST_STEP][PASSED] - verifyElementPresent: Object 'Object Repository/LoggedOutReactPages/CreateAccount/BillingLastName_ErrorMessage' is present

2018-05-31 10:46:53 - [MESSAGE][WARNING] - Timeout '0' is invalid. Using default page load timeout: '30'

2018-05-31 10:46:53 - [MESSAGE][PASSED] - Object 'Object Repository/LoggedOutReactPages/CreateAccount/BillingLastName_ErrorMessage' is present

2018-05-31 10:46:53 - [TEST_STEP][PASSED] - verifyElementText: Actual text and expected text of test object 'Object Repository/LoggedOutReactPages/CreateAccount/BillingLastName_ErrorMessage' are matched.

2018-05-31 10:46:53 - [MESSAGE][PASSED] - Actual text and expected text of test object 'Object Repository/LoggedOutReactPages/CreateAccount/BillingLastName_ErrorMessage' are matched.

2018-05-31 10:46:53 - [TEST_STEP][PASSED] - verifyElementPresent: Object 'Object Repository/LoggedOutReactPages/CreateAccount/BillingAddress_ErrorMessage' is present

2018-05-31 10:46:54 - [MESSAGE][WARNING] - Timeout '0' is invalid. Using default page load timeout: '30'

2018-05-31 10:46:54 - [MESSAGE][PASSED] - Object 'Object Repository/LoggedOutReactPages/CreateAccount/BillingAddress_ErrorMessage' is present

2018-05-31 10:46:54 - [TEST_STEP][PASSED] - verifyElementText: Actual text and expected text of test object 'Object Repository/LoggedOutReactPages/CreateAccount/BillingAddress_ErrorMessage' are matched.

2018-05-31 10:46:54 - [MESSAGE][PASSED] - Actual text and expected text of test object 'Object Repository/LoggedOutReactPages/CreateAccount/BillingAddress_ErrorMessage' are matched.

2018-05-31 10:46:54 - [TEST_STEP][PASSED] - verifyElementPresent: Object 'Object Repository/LoggedOutReactPages/CreateAccount/BillingZip_ErrorMessage' is present

2018-05-31 10:46:54 - [MESSAGE][WARNING] - Timeout '0' is invalid. Using default page load timeout: '30'

2018-05-31 10:46:54 - [MESSAGE][PASSED] - Object 'Object Repository/LoggedOutReactPages/CreateAccount/BillingZip_ErrorMessage' is present

2018-05-31 10:46:54 - [TEST_STEP][PASSED] - verifyElementText: Actual text and expected text of test object 'Object Repository/LoggedOutReactPages/CreateAccount/BillingZip_ErrorMessage' are matched.

2018-05-31 10:46:54 - [MESSAGE][PASSED] - Actual text and expected text of test object 'Object Repository/LoggedOutReactPages/CreateAccount/BillingZip_ErrorMessage' are matched.

2018-05-31 10:46:54 - [TEST_STEP][PASSED] - verifyElementPresent: Object 'Object Repository/LoggedOutReactPages/CreateAccount/CC_ErrorMessage' is present

2018-05-31 10:46:54 - [MESSAGE][WARNING] - Timeout '0' is invalid. Using default page load timeout: '30'

2018-05-31 10:46:55 - [MESSAGE][PASSED] - Object 'Object Repository/LoggedOutReactPages/CreateAccount/CC_ErrorMessage' is present

2018-05-31 10:46:55 - [TEST_STEP][PASSED] - verifyElementText: Actual text and expected text of test object 'Object Repository/LoggedOutReactPages/CreateAccount/CC_ErrorMessage' are matched.

2018-05-31 10:46:55 - [MESSAGE][PASSED] - Actual text and expected text of test object 'Object Repository/LoggedOutReactPages/CreateAccount/CC_ErrorMessage' are matched.

2018-05-31 10:46:55 - [TEST_STEP][PASSED] - verifyElementPresent: Object 'Object Repository/LoggedOutReactPages/CreateAccount/ExpirationMonth_ErrorMessage' is present

2018-05-31 10:46:55 - [MESSAGE][WARNING] - Timeout '0' is invalid. Using default page load timeout: '30'

2018-05-31 10:46:55 - [MESSAGE][PASSED] - Object 'Object Repository/LoggedOutReactPages/CreateAccount/ExpirationMonth_ErrorMessage' is present

2018-05-31 10:46:55 - [TEST_STEP][PASSED] - verifyElementText: Actual text and expected text of test object 'Object Repository/LoggedOutReactPages/CreateAccount/ExpirationMonth_ErrorMessage' are matched.

2018-05-31 10:46:55 - [MESSAGE][PASSED] - Actual text and expected text of test object 'Object Repository/LoggedOutReactPages/CreateAccount/ExpirationMonth_ErrorMessage' are matched.

2018-05-31 10:46:55 - [TEST_STEP][PASSED] - verifyElementPresent: Object 'Object Repository/LoggedOutReactPages/CreateAccount/CVV_ErrorMessage' is present

2018-05-31 10:46:55 - [MESSAGE][WARNING] - Timeout '0' is invalid. Using default page load timeout: '30'

2018-05-31 10:46:55 - [MESSAGE][PASSED] - Object 'Object Repository/LoggedOutReactPages/CreateAccount/CVV_ErrorMessage' is present

2018-05-31 10:46:55 - [TEST_STEP][PASSED] - verifyElementText: Actual text and expected text of test object 'Object Repository/LoggedOutReactPages/CreateAccount/CVV_ErrorMessage' are matched.

2018-05-31 10:46:56 - [MESSAGE][PASSED] - Actual text and expected text of test object 'Object Repository/LoggedOutReactPages/CreateAccount/CVV_ErrorMessage' are matched.

2018-05-31 10:46:56 - [TEST_STEP][PASSED] - verifyElementPresent: Object 'Object Repository/LoggedOutReactPages/CreateAccount/ExpirationYear_ErrorMessage' is present

2018-05-31 10:46:56 - [MESSAGE][WARNING] - Timeout '0' is invalid. Using default page load timeout: '30'

2018-05-31 10:46:56 - [MESSAGE][PASSED] - Object 'Object Repository/LoggedOutReactPages/CreateAccount/ExpirationYear_ErrorMessage' is present

2018-05-31 10:46:56 - [TEST_STEP][PASSED] - verifyElementText: Actual text and expected text of test object 'Object Repository/LoggedOutReactPages/CreateAccount/ExpirationYear_ErrorMessage' are matched.

2018-05-31 10:46:56 - [MESSAGE][PASSED] - Actual text and expected text of test object 'Object Repository/LoggedOutReactPages/CreateAccount/ExpirationYear_ErrorMessage' are matched.

2018-05-31 10:46:56 - [TEST_STEP][PASSED] - verifyElementPresent: Object 'Object Repository/LoggedOutReactPages/CreateAccount/Email_ErrorMessage' is present

2018-05-31 10:46:56 - [MESSAGE][WARNING] - Timeout '0' is invalid. Using default page load timeout: '30'

2018-05-31 10:46:56 - [MESSAGE][PASSED] - Object 'Object Repository/LoggedOutReactPages/CreateAccount/Email_ErrorMessage' is present

2018-05-31 10:46:56 - [TEST_STEP][PASSED] - verifyElementText: Actual text and expected text of test object 'Object Repository/LoggedOutReactPages/CreateAccount/Email_ErrorMessage' are matched.

2018-05-31 10:46:57 - [MESSAGE][PASSED] - Actual text and expected text of test object 'Object Repository/LoggedOutReactPages/CreateAccount/Email_ErrorMessage' are matched.

2018-05-31 10:46:57 - [TEST_STEP][PASSED] - verifyElementPresent: Object 'Object Repository/LoggedOutReactPages/CreateAccount/Password_ErrorMessage' is present

2018-05-31 10:46:57 - [MESSAGE][WARNING] - Timeout '0' is invalid. Using default page load timeout: '30'

2018-05-31 10:46:57 - [MESSAGE][PASSED] - Object 'Object Repository/LoggedOutReactPages/CreateAccount/Password_ErrorMessage' is present

2018-05-31 10:46:57 - [TEST_STEP][PASSED] - verifyElementText: Actual text and expected text of test object 'Object Repository/LoggedOutReactPages/CreateAccount/Password_ErrorMessage' are matched.

2018-05-31 10:46:57 - [MESSAGE][PASSED] - Actual text and expected text of test object 'Object Repository/LoggedOutReactPages/CreateAccount/Password_ErrorMessage' are matched.

2018-05-31 10:46:57 - [TEST_STEP][PASSED] - verifyElementPresent: Object 'Object Repository/LoggedOutReactPages/CreateAccount/AcceptTOS_ErrorMessage' is present

2018-05-31 10:46:57 - [MESSAGE][WARNING] - Timeout '0' is invalid. Using default page load timeout: '30'

2018-05-31 10:46:57 - [MESSAGE][PASSED] - Object 'Object Repository/LoggedOutReactPages/CreateAccount/AcceptTOS_ErrorMessage' is present

2018-05-31 10:46:57 - [TEST_STEP][PASSED] - verifyElementText: Actual text and expected text of test object 'Object Repository/LoggedOutReactPages/CreateAccount/AcceptTOS_ErrorMessage' are matched.

2018-05-31 10:46:57 - [MESSAGE][PASSED] - Actual text and expected text of test object 'Object Repository/LoggedOutReactPages/CreateAccount/AcceptTOS_ErrorMessage' are matched.

2018-05-31 10:46:58 - [TEST_STEP][PASSED] - closeBrowser: Browser is closed

2018-05-31 10:46:58 - [MESSAGE][PASSED] - Browser is closed]]></system-out>
         <system-err><![CDATA[]]></system-err>
      </testcase>
      <testcase name="Test Cases/SignUpDealer - HiddenField" classname="Test Cases/SignUpDealer - HiddenField" status="PASSED">
         <system-out><![CDATA[2018-05-31 10:46:58 - [TEST_CASE][PASSED] - Test Cases/SignUpDealer - HiddenField: Test Cases/SignUpDealer - HiddenField

2018-05-31 10:46:59 - [TEST_STEP][PASSED] - openBrowser: Browser is opened with url: ''

2018-05-31 10:47:01 - [MESSAGE][PASSED] - Browser is opened with url: ''

2018-05-31 10:47:01 - [TEST_STEP][PASSED] - maximizeWindow: Current window maximized

2018-05-31 10:47:02 - [MESSAGE][PASSED] - Current window maximized

2018-05-31 10:47:02 - [TEST_STEP][PASSED] - Statement - StartURL = com.kms.katalon.core.webui.keyword.WebUiBuiltInKeywords.concatenate([StagingReact, "create-account"]): Concatenated string array: '['https://dev-front.instavin.com/','create-account']' into 'https://dev-front.instavin.com/create-account'

2018-05-31 10:47:02 - [MESSAGE][PASSED] - Concatenated string array: '['https://dev-front.instavin.com/','create-account']' into 'https://dev-front.instavin.com/create-account'

2018-05-31 10:47:02 - [TEST_STEP][PASSED] - navigateToUrl: Navigate to 'https://dev-front.instavin.com/create-account' successfully

2018-05-31 10:47:06 - [MESSAGE][PASSED] - Navigate to 'https://dev-front.instavin.com/create-account' successfully

2018-05-31 10:47:06 - [TEST_STEP][PASSED] - click: Object: 'Object Repository/LoggedOutReactPages/CreateAccount/Dealer_Button' is clicked on

2018-05-31 10:47:07 - [MESSAGE][PASSED] - Object: 'Object Repository/LoggedOutReactPages/CreateAccount/Dealer_Button' is clicked on

2018-05-31 10:47:07 - [TEST_STEP][PASSED] - verifyElementText: Actual text and expected text of test object 'Object Repository/LoggedOutReactPages/CreateAccount/Copy_Label' are matched.

2018-05-31 10:47:07 - [MESSAGE][PASSED] - Actual text and expected text of test object 'Object Repository/LoggedOutReactPages/CreateAccount/Copy_Label' are matched.

2018-05-31 10:47:07 - [TEST_STEP][PASSED] - verifyTextPresent: Text 'Dealer Information' is present on page 

2018-05-31 10:47:07 - [MESSAGE][PASSED] - Text 'Dealer Information' is present on page 

2018-05-31 10:47:07 - [TEST_STEP][PASSED] - sendKeys: Keys 'CONTROL + b' sent to object: 'Object Repository/LoggedOutReactPages/CreateAccount/Email_Input'

2018-05-31 10:47:07 - [MESSAGE][PASSED] - Keys 'CONTROL + b' sent to object: 'Object Repository/LoggedOutReactPages/CreateAccount/Email_Input'

2018-05-31 10:47:07 - [TEST_STEP][PASSED] - verifyTextPresent: Text 'Salesman ID' is present on page 

2018-05-31 10:47:08 - [MESSAGE][PASSED] - Text 'Salesman ID' is present on page 

2018-05-31 10:47:08 - [TEST_STEP][PASSED] - verifyElementPresent: Object 'Object Repository/LoggedOutReactPages/CreateAccount/SalesmanID_Input' is present

2018-05-31 10:47:08 - [MESSAGE][WARNING] - Timeout '0' is invalid. Using default page load timeout: '30'

2018-05-31 10:47:08 - [MESSAGE][PASSED] - Object 'Object Repository/LoggedOutReactPages/CreateAccount/SalesmanID_Input' is present

2018-05-31 10:47:08 - [TEST_STEP][PASSED] - closeBrowser: Browser is closed

2018-05-31 10:47:08 - [MESSAGE][PASSED] - Browser is closed]]></system-out>
         <system-err><![CDATA[]]></system-err>
      </testcase>
      <testcase name="Test Cases/SignUpDealer - IncorrectEmail" classname="Test Cases/SignUpDealer - IncorrectEmail" status="PASSED">
         <system-out><![CDATA[2018-05-31 10:47:08 - [TEST_CASE][PASSED] - Test Cases/SignUpDealer - IncorrectEmail: Test Cases/SignUpDealer - IncorrectEmail

2018-05-31 10:47:09 - [TEST_STEP][PASSED] - openBrowser: Browser is opened with url: ''

2018-05-31 10:47:11 - [MESSAGE][PASSED] - Browser is opened with url: ''

2018-05-31 10:47:11 - [TEST_STEP][PASSED] - maximizeWindow: Current window maximized

2018-05-31 10:47:12 - [MESSAGE][PASSED] - Current window maximized

2018-05-31 10:47:12 - [TEST_STEP][PASSED] - Statement - StartURL = com.kms.katalon.core.webui.keyword.WebUiBuiltInKeywords.concatenate([StagingReact, "create-account"]): Concatenated string array: '['https://dev-front.instavin.com/','create-account']' into 'https://dev-front.instavin.com/create-account'

2018-05-31 10:47:12 - [MESSAGE][PASSED] - Concatenated string array: '['https://dev-front.instavin.com/','create-account']' into 'https://dev-front.instavin.com/create-account'

2018-05-31 10:47:12 - [TEST_STEP][PASSED] - navigateToUrl: Navigate to 'https://dev-front.instavin.com/create-account' successfully

2018-05-31 10:47:17 - [MESSAGE][PASSED] - Navigate to 'https://dev-front.instavin.com/create-account' successfully

2018-05-31 10:47:17 - [TEST_STEP][PASSED] - click: Object: 'Object Repository/LoggedOutReactPages/CreateAccount/Dealer_Button' is clicked on

2018-05-31 10:47:17 - [MESSAGE][PASSED] - Object: 'Object Repository/LoggedOutReactPages/CreateAccount/Dealer_Button' is clicked on

2018-05-31 10:47:17 - [TEST_STEP][PASSED] - verifyElementText: Actual text and expected text of test object 'Object Repository/LoggedOutReactPages/CreateAccount/Copy_Label' are matched.

2018-05-31 10:47:17 - [MESSAGE][PASSED] - Actual text and expected text of test object 'Object Repository/LoggedOutReactPages/CreateAccount/Copy_Label' are matched.

2018-05-31 10:47:17 - [TEST_STEP][PASSED] - verifyTextPresent: Text 'Dealer Information' is present on page 

2018-05-31 10:47:18 - [MESSAGE][PASSED] - Text 'Dealer Information' is present on page 

2018-05-31 10:47:18 - [TEST_STEP][PASSED] - Statement - now = new java.util.Date(): null

2018-05-31 10:47:18 - [TEST_STEP][PASSED] - Statement - rnd = now.format("yyyyMMddHHmmssSSS").toString(): null

2018-05-31 10:47:18 - [TEST_STEP][PASSED] - Statement - email = com.kms.katalon.core.webui.keyword.WebUiBuiltInKeywords.concatenate([rnd, "@mailinator.com"]): Concatenated string array: '['20180531104718183','@mailinator.com']' into '20180531104718183@mailinator.com'

2018-05-31 10:47:18 - [MESSAGE][PASSED] - Concatenated string array: '['20180531104718183','@mailinator.com']' into '20180531104718183@mailinator.com'

2018-05-31 10:47:18 - [TEST_STEP][PASSED] - setText: Text '20180531104718183' is set on object 'Object Repository/LoggedOutReactPages/CreateAccount/Email_Input'

2018-05-31 10:47:18 - [MESSAGE][PASSED] - Text '20180531104718183' is set on object 'Object Repository/LoggedOutReactPages/CreateAccount/Email_Input'

2018-05-31 10:47:18 - [TEST_STEP][PASSED] - setText: Text 'test' is set on object 'Object Repository/LoggedOutReactPages/CreateAccount/ConfirmEmail_Input'

2018-05-31 10:47:18 - [MESSAGE][PASSED] - Text 'test' is set on object 'Object Repository/LoggedOutReactPages/CreateAccount/ConfirmEmail_Input'

2018-05-31 10:47:18 - [TEST_STEP][PASSED] - click: Object: 'Object Repository/LoggedOutReactPages/CreateAccount/Password_Input' is clicked on

2018-05-31 10:47:19 - [MESSAGE][PASSED] - Object: 'Object Repository/LoggedOutReactPages/CreateAccount/Password_Input' is clicked on

2018-05-31 10:47:19 - [TEST_STEP][PASSED] - verifyElementPresent: Object 'Object Repository/LoggedOutReactPages/CreateAccount/Email_ErrorMessage' is present

2018-05-31 10:47:19 - [MESSAGE][WARNING] - Timeout '0' is invalid. Using default page load timeout: '30'

2018-05-31 10:47:19 - [MESSAGE][PASSED] - Object 'Object Repository/LoggedOutReactPages/CreateAccount/Email_ErrorMessage' is present

2018-05-31 10:47:19 - [TEST_STEP][PASSED] - verifyElementText: Actual text and expected text of test object 'Object Repository/LoggedOutReactPages/CreateAccount/Email_ErrorMessage' are matched.

2018-05-31 10:47:19 - [MESSAGE][PASSED] - Actual text and expected text of test object 'Object Repository/LoggedOutReactPages/CreateAccount/Email_ErrorMessage' are matched.

2018-05-31 10:47:19 - [TEST_STEP][PASSED] - verifyElementPresent: Object 'Object Repository/LoggedOutReactPages/CreateAccount/ConfirmEmail_ErrorMessage' is present

2018-05-31 10:47:19 - [MESSAGE][WARNING] - Timeout '0' is invalid. Using default page load timeout: '30'

2018-05-31 10:47:19 - [MESSAGE][PASSED] - Object 'Object Repository/LoggedOutReactPages/CreateAccount/ConfirmEmail_ErrorMessage' is present

2018-05-31 10:47:19 - [TEST_STEP][PASSED] - verifyElementText: Actual text and expected text of test object 'Object Repository/LoggedOutReactPages/CreateAccount/ConfirmEmail_ErrorMessage' are matched.

2018-05-31 10:47:19 - [MESSAGE][PASSED] - Actual text and expected text of test object 'Object Repository/LoggedOutReactPages/CreateAccount/ConfirmEmail_ErrorMessage' are matched.

2018-05-31 10:47:19 - [TEST_STEP][PASSED] - setText: Text '20180531104718183@mailinator.com' is set on object 'Object Repository/LoggedOutReactPages/CreateAccount/Email_Input'

2018-05-31 10:47:20 - [MESSAGE][PASSED] - Text '20180531104718183@mailinator.com' is set on object 'Object Repository/LoggedOutReactPages/CreateAccount/Email_Input'

2018-05-31 10:47:20 - [TEST_STEP][PASSED] - click: Object: 'Object Repository/LoggedOutReactPages/CreateAccount/Password_Input' is clicked on

2018-05-31 10:47:20 - [MESSAGE][PASSED] - Object: 'Object Repository/LoggedOutReactPages/CreateAccount/Password_Input' is clicked on

2018-05-31 10:47:20 - [TEST_STEP][PASSED] - verifyElementNotPresent: Web element with id: 'Object Repository/LoggedOutReactPages/CreateAccount/Email_ErrorMessage' located by 'By.xpath: //html//div[@id='AccountInfo']/div[1]/div[1]/div[2]/span[1]/span[1]' is not present after '30' second(s)

2018-05-31 10:47:20 - [MESSAGE][WARNING] - Timeout '0' is invalid. Using default page load timeout: '30'

2018-05-31 10:47:20 - [MESSAGE][PASSED] - Web element with id: 'Object Repository/LoggedOutReactPages/CreateAccount/Email_ErrorMessage' located by 'By.xpath: //html//div[@id='AccountInfo']/div[1]/div[1]/div[2]/span[1]/span[1]' is not present after '30' second(s)

2018-05-31 10:47:20 - [TEST_STEP][PASSED] - verifyElementPresent: Object 'Object Repository/LoggedOutReactPages/CreateAccount/ConfirmEmail_ErrorMessage' is present

2018-05-31 10:47:20 - [MESSAGE][WARNING] - Timeout '0' is invalid. Using default page load timeout: '30'

2018-05-31 10:47:20 - [MESSAGE][PASSED] - Object 'Object Repository/LoggedOutReactPages/CreateAccount/ConfirmEmail_ErrorMessage' is present

2018-05-31 10:47:20 - [TEST_STEP][PASSED] - verifyElementText: Actual text and expected text of test object 'Object Repository/LoggedOutReactPages/CreateAccount/ConfirmEmail_ErrorMessage' are matched.

2018-05-31 10:47:20 - [MESSAGE][PASSED] - Actual text and expected text of test object 'Object Repository/LoggedOutReactPages/CreateAccount/ConfirmEmail_ErrorMessage' are matched.

2018-05-31 10:47:20 - [TEST_STEP][PASSED] - setText: Text '20180531104718183@mailinator.com' is set on object 'Object Repository/LoggedOutReactPages/CreateAccount/ConfirmEmail_Input'

2018-05-31 10:47:21 - [MESSAGE][PASSED] - Text '20180531104718183@mailinator.com' is set on object 'Object Repository/LoggedOutReactPages/CreateAccount/ConfirmEmail_Input'

2018-05-31 10:47:21 - [TEST_STEP][PASSED] - click: Object: 'Object Repository/LoggedOutReactPages/CreateAccount/Password_Input' is clicked on

2018-05-31 10:47:21 - [MESSAGE][PASSED] - Object: 'Object Repository/LoggedOutReactPages/CreateAccount/Password_Input' is clicked on

2018-05-31 10:47:21 - [TEST_STEP][PASSED] - verifyElementNotPresent: Web element with id: 'Object Repository/LoggedOutReactPages/CreateAccount/Email_ErrorMessage' located by 'By.xpath: //html//div[@id='AccountInfo']/div[1]/div[1]/div[2]/span[1]/span[1]' is not present after '30' second(s)

2018-05-31 10:47:21 - [MESSAGE][WARNING] - Timeout '0' is invalid. Using default page load timeout: '30'

2018-05-31 10:47:21 - [MESSAGE][PASSED] - Web element with id: 'Object Repository/LoggedOutReactPages/CreateAccount/Email_ErrorMessage' located by 'By.xpath: //html//div[@id='AccountInfo']/div[1]/div[1]/div[2]/span[1]/span[1]' is not present after '30' second(s)

2018-05-31 10:47:21 - [TEST_STEP][PASSED] - verifyElementNotPresent: Web element with id: 'Object Repository/LoggedOutReactPages/CreateAccount/ConfirmEmail_ErrorMessage' located by 'By.xpath: //span[contains(text(),'Does not match the Email Address')]' is not present after '30' second(s)

2018-05-31 10:47:21 - [MESSAGE][WARNING] - Timeout '0' is invalid. Using default page load timeout: '30'

2018-05-31 10:47:21 - [MESSAGE][PASSED] - Web element with id: 'Object Repository/LoggedOutReactPages/CreateAccount/ConfirmEmail_ErrorMessage' located by 'By.xpath: //span[contains(text(),'Does not match the Email Address')]' is not present after '30' second(s)

2018-05-31 10:47:21 - [TEST_STEP][PASSED] - closeBrowser: Browser is closed

2018-05-31 10:47:22 - [MESSAGE][PASSED] - Browser is closed]]></system-out>
         <system-err><![CDATA[]]></system-err>
      </testcase>
      <testcase name="Test Cases/SignUpDealer - ShortAndMissmatchedPass" classname="Test Cases/SignUpDealer - ShortAndMissmatchedPass" status="PASSED">
         <system-out><![CDATA[2018-05-31 10:47:22 - [TEST_CASE][PASSED] - Test Cases/SignUpDealer - ShortAndMissmatchedPass: Test Cases/SignUpDealer - ShortAndMissmatchedPass

2018-05-31 10:47:22 - [TEST_STEP][PASSED] - openBrowser: Browser is opened with url: ''

2018-05-31 10:47:24 - [MESSAGE][PASSED] - Browser is opened with url: ''

2018-05-31 10:47:24 - [TEST_STEP][PASSED] - maximizeWindow: Current window maximized

2018-05-31 10:47:25 - [MESSAGE][PASSED] - Current window maximized

2018-05-31 10:47:25 - [TEST_STEP][PASSED] - Statement - StartURL = com.kms.katalon.core.webui.keyword.WebUiBuiltInKeywords.concatenate([StagingReact, "create-account"]): Concatenated string array: '['https://dev-front.instavin.com/','create-account']' into 'https://dev-front.instavin.com/create-account'

2018-05-31 10:47:25 - [MESSAGE][PASSED] - Concatenated string array: '['https://dev-front.instavin.com/','create-account']' into 'https://dev-front.instavin.com/create-account'

2018-05-31 10:47:25 - [TEST_STEP][PASSED] - navigateToUrl: Navigate to 'https://dev-front.instavin.com/create-account' successfully

2018-05-31 10:47:30 - [MESSAGE][PASSED] - Navigate to 'https://dev-front.instavin.com/create-account' successfully

2018-05-31 10:47:30 - [TEST_STEP][PASSED] - click: Object: 'Object Repository/LoggedOutReactPages/CreateAccount/Dealer_Button' is clicked on

2018-05-31 10:47:30 - [MESSAGE][PASSED] - Object: 'Object Repository/LoggedOutReactPages/CreateAccount/Dealer_Button' is clicked on

2018-05-31 10:47:30 - [TEST_STEP][PASSED] - verifyElementText: Actual text and expected text of test object 'Object Repository/LoggedOutReactPages/CreateAccount/Copy_Label' are matched.

2018-05-31 10:47:30 - [MESSAGE][PASSED] - Actual text and expected text of test object 'Object Repository/LoggedOutReactPages/CreateAccount/Copy_Label' are matched.

2018-05-31 10:47:30 - [TEST_STEP][PASSED] - verifyTextPresent: Text 'Dealer Information' is present on page 

2018-05-31 10:47:31 - [MESSAGE][PASSED] - Text 'Dealer Information' is present on page 

2018-05-31 10:47:31 - [TEST_STEP][PASSED] - setText: Text '11' is set on object 'Object Repository/LoggedOutReactPages/CreateAccount/Password_Input'

2018-05-31 10:47:31 - [MESSAGE][PASSED] - Text '11' is set on object 'Object Repository/LoggedOutReactPages/CreateAccount/Password_Input'

2018-05-31 10:47:31 - [TEST_STEP][PASSED] - click: Object: 'Object Repository/LoggedOutReactPages/CreateAccount/Email_Input' is clicked on

2018-05-31 10:47:31 - [MESSAGE][PASSED] - Object: 'Object Repository/LoggedOutReactPages/CreateAccount/Email_Input' is clicked on

2018-05-31 10:47:31 - [TEST_STEP][PASSED] - verifyElementPresent: Object 'Object Repository/LoggedOutReactPages/CreateAccount/Password_ErrorMessage' is present

2018-05-31 10:47:31 - [MESSAGE][WARNING] - Timeout '0' is invalid. Using default page load timeout: '30'

2018-05-31 10:47:31 - [MESSAGE][PASSED] - Object 'Object Repository/LoggedOutReactPages/CreateAccount/Password_ErrorMessage' is present

2018-05-31 10:47:31 - [TEST_STEP][PASSED] - verifyElementText: Actual text and expected text of test object 'Object Repository/LoggedOutReactPages/CreateAccount/Password_ErrorMessage' are matched.

2018-05-31 10:47:31 - [MESSAGE][PASSED] - Actual text and expected text of test object 'Object Repository/LoggedOutReactPages/CreateAccount/Password_ErrorMessage' are matched.

2018-05-31 10:47:31 - [TEST_STEP][PASSED] - verifyElementNotPresent: Web element with id: 'Object Repository/LoggedOutReactPages/CreateAccount/ConfirmPassword_ErrorMessage' located by 'By.xpath: //div[@id='AccountInfo']//div[@class='FormSectionContainer']//div[@class='FieldComboBox Clear']//div[@class='Field_Standard']//span[@class='field-validation-error']//span' is not present after '30' second(s)

2018-05-31 10:47:31 - [MESSAGE][WARNING] - Timeout '0' is invalid. Using default page load timeout: '30'

2018-05-31 10:47:31 - [MESSAGE][PASSED] - Web element with id: 'Object Repository/LoggedOutReactPages/CreateAccount/ConfirmPassword_ErrorMessage' located by 'By.xpath: //div[@id='AccountInfo']//div[@class='FormSectionContainer']//div[@class='FieldComboBox Clear']//div[@class='Field_Standard']//span[@class='field-validation-error']//span' is not present after '30' second(s)

2018-05-31 10:47:31 - [TEST_STEP][PASSED] - setText: Text '111111' is set on object 'Object Repository/LoggedOutReactPages/CreateAccount/Password_Input'

2018-05-31 10:47:31 - [MESSAGE][PASSED] - Text '111111' is set on object 'Object Repository/LoggedOutReactPages/CreateAccount/Password_Input'

2018-05-31 10:47:31 - [TEST_STEP][PASSED] - click: Object: 'Object Repository/LoggedOutReactPages/CreateAccount/Email_Input' is clicked on

2018-05-31 10:47:31 - [MESSAGE][PASSED] - Object: 'Object Repository/LoggedOutReactPages/CreateAccount/Email_Input' is clicked on

2018-05-31 10:47:31 - [TEST_STEP][PASSED] - verifyElementNotPresent: Web element with id: 'Object Repository/LoggedOutReactPages/CreateAccount/Password_ErrorMessage' located by 'By.xpath: //html//div[@id='AccountInfo']/div[2]/div[1]/div[2]/span[1]/span[1]' is not present after '30' second(s)

2018-05-31 10:47:31 - [MESSAGE][WARNING] - Timeout '0' is invalid. Using default page load timeout: '30'

2018-05-31 10:47:31 - [MESSAGE][PASSED] - Web element with id: 'Object Repository/LoggedOutReactPages/CreateAccount/Password_ErrorMessage' located by 'By.xpath: //html//div[@id='AccountInfo']/div[2]/div[1]/div[2]/span[1]/span[1]' is not present after '30' second(s)

2018-05-31 10:47:32 - [TEST_STEP][PASSED] - verifyElementNotPresent: Web element with id: 'Object Repository/LoggedOutReactPages/CreateAccount/ConfirmPassword_ErrorMessage' located by 'By.xpath: //div[@id='AccountInfo']//div[@class='FormSectionContainer']//div[@class='FieldComboBox Clear']//div[@class='Field_Standard']//span[@class='field-validation-error']//span' is not present after '30' second(s)

2018-05-31 10:47:32 - [MESSAGE][WARNING] - Timeout '0' is invalid. Using default page load timeout: '30'

2018-05-31 10:47:32 - [MESSAGE][PASSED] - Web element with id: 'Object Repository/LoggedOutReactPages/CreateAccount/ConfirmPassword_ErrorMessage' located by 'By.xpath: //div[@id='AccountInfo']//div[@class='FormSectionContainer']//div[@class='FieldComboBox Clear']//div[@class='Field_Standard']//span[@class='field-validation-error']//span' is not present after '30' second(s)

2018-05-31 10:47:32 - [TEST_STEP][PASSED] - setText: Text '11' is set on object 'Object Repository/LoggedOutReactPages/CreateAccount/ConfirmPassword_Input'

2018-05-31 10:47:32 - [MESSAGE][PASSED] - Text '11' is set on object 'Object Repository/LoggedOutReactPages/CreateAccount/ConfirmPassword_Input'

2018-05-31 10:47:32 - [TEST_STEP][PASSED] - click: Object: 'Object Repository/LoggedOutReactPages/CreateAccount/Email_Input' is clicked on

2018-05-31 10:47:32 - [MESSAGE][PASSED] - Object: 'Object Repository/LoggedOutReactPages/CreateAccount/Email_Input' is clicked on

2018-05-31 10:47:32 - [TEST_STEP][PASSED] - verifyElementNotPresent: Web element with id: 'Object Repository/LoggedOutReactPages/CreateAccount/Password_ErrorMessage' located by 'By.xpath: //html//div[@id='AccountInfo']/div[2]/div[1]/div[2]/span[1]/span[1]' is not present after '30' second(s)

2018-05-31 10:47:32 - [MESSAGE][WARNING] - Timeout '0' is invalid. Using default page load timeout: '30'

2018-05-31 10:47:32 - [MESSAGE][PASSED] - Web element with id: 'Object Repository/LoggedOutReactPages/CreateAccount/Password_ErrorMessage' located by 'By.xpath: //html//div[@id='AccountInfo']/div[2]/div[1]/div[2]/span[1]/span[1]' is not present after '30' second(s)

2018-05-31 10:47:32 - [TEST_STEP][PASSED] - verifyElementPresent: Object 'Object Repository/LoggedOutReactPages/CreateAccount/ConfirmPassword_ErrorMessage' is present

2018-05-31 10:47:32 - [MESSAGE][WARNING] - Timeout '0' is invalid. Using default page load timeout: '30'

2018-05-31 10:47:32 - [MESSAGE][PASSED] - Object 'Object Repository/LoggedOutReactPages/CreateAccount/ConfirmPassword_ErrorMessage' is present

2018-05-31 10:47:33 - [TEST_STEP][PASSED] - verifyElementText: Actual text and expected text of test object 'Object Repository/LoggedOutReactPages/CreateAccount/ConfirmPassword_ErrorMessage' are matched.

2018-05-31 10:47:33 - [MESSAGE][PASSED] - Actual text and expected text of test object 'Object Repository/LoggedOutReactPages/CreateAccount/ConfirmPassword_ErrorMessage' are matched.

2018-05-31 10:47:33 - [TEST_STEP][PASSED] - setText: Text '111111' is set on object 'Object Repository/LoggedOutReactPages/CreateAccount/ConfirmPassword_Input'

2018-05-31 10:47:33 - [MESSAGE][PASSED] - Text '111111' is set on object 'Object Repository/LoggedOutReactPages/CreateAccount/ConfirmPassword_Input'

2018-05-31 10:47:33 - [TEST_STEP][PASSED] - click: Object: 'Object Repository/LoggedOutReactPages/CreateAccount/Email_Input' is clicked on

2018-05-31 10:47:33 - [MESSAGE][PASSED] - Object: 'Object Repository/LoggedOutReactPages/CreateAccount/Email_Input' is clicked on

2018-05-31 10:47:33 - [TEST_STEP][PASSED] - verifyElementNotPresent: Web element with id: 'Object Repository/LoggedOutReactPages/CreateAccount/Password_ErrorMessage' located by 'By.xpath: //html//div[@id='AccountInfo']/div[2]/div[1]/div[2]/span[1]/span[1]' is not present after '30' second(s)

2018-05-31 10:47:33 - [MESSAGE][WARNING] - Timeout '0' is invalid. Using default page load timeout: '30'

2018-05-31 10:47:33 - [MESSAGE][PASSED] - Web element with id: 'Object Repository/LoggedOutReactPages/CreateAccount/Password_ErrorMessage' located by 'By.xpath: //html//div[@id='AccountInfo']/div[2]/div[1]/div[2]/span[1]/span[1]' is not present after '30' second(s)

2018-05-31 10:47:34 - [TEST_STEP][PASSED] - verifyElementNotPresent: Web element with id: 'Object Repository/LoggedOutReactPages/CreateAccount/ConfirmPassword_ErrorMessage' located by 'By.xpath: //div[@id='AccountInfo']//div[@class='FormSectionContainer']//div[@class='FieldComboBox Clear']//div[@class='Field_Standard']//span[@class='field-validation-error']//span' is not present after '30' second(s)

2018-05-31 10:47:34 - [MESSAGE][WARNING] - Timeout '0' is invalid. Using default page load timeout: '30'

2018-05-31 10:47:34 - [MESSAGE][PASSED] - Web element with id: 'Object Repository/LoggedOutReactPages/CreateAccount/ConfirmPassword_ErrorMessage' located by 'By.xpath: //div[@id='AccountInfo']//div[@class='FormSectionContainer']//div[@class='FieldComboBox Clear']//div[@class='Field_Standard']//span[@class='field-validation-error']//span' is not present after '30' second(s)

2018-05-31 10:47:34 - [TEST_STEP][PASSED] - closeBrowser: Browser is closed

2018-05-31 10:47:34 - [MESSAGE][PASSED] - Browser is closed]]></system-out>
         <system-err><![CDATA[]]></system-err>
      </testcase>
      <testcase name="Test Cases/SignUpDealer - CopyBuyer" classname="Test Cases/SignUpDealer - CopyBuyer" status="PASSED">
         <system-out><![CDATA[2018-05-31 10:47:34 - [TEST_CASE][PASSED] - Test Cases/SignUpDealer - CopyBuyer: Test Cases/SignUpDealer - CopyBuyer

2018-05-31 10:47:34 - [TEST_STEP][PASSED] - openBrowser: Browser is opened with url: ''

2018-05-31 10:47:37 - [MESSAGE][PASSED] - Browser is opened with url: ''

2018-05-31 10:47:37 - [TEST_STEP][PASSED] - maximizeWindow: Current window maximized

2018-05-31 10:47:38 - [MESSAGE][PASSED] - Current window maximized

2018-05-31 10:47:38 - [TEST_STEP][PASSED] - Statement - StartURL = com.kms.katalon.core.webui.keyword.WebUiBuiltInKeywords.concatenate([StagingReact, "create-account"]): Concatenated string array: '['https://dev-front.instavin.com/','create-account']' into 'https://dev-front.instavin.com/create-account'

2018-05-31 10:47:38 - [MESSAGE][PASSED] - Concatenated string array: '['https://dev-front.instavin.com/','create-account']' into 'https://dev-front.instavin.com/create-account'

2018-05-31 10:47:38 - [TEST_STEP][PASSED] - navigateToUrl: Navigate to 'https://dev-front.instavin.com/create-account' successfully

2018-05-31 10:47:43 - [MESSAGE][PASSED] - Navigate to 'https://dev-front.instavin.com/create-account' successfully

2018-05-31 10:47:43 - [TEST_STEP][PASSED] - click: Object: 'Object Repository/LoggedOutReactPages/CreateAccount/Dealer_Button' is clicked on

2018-05-31 10:47:43 - [MESSAGE][PASSED] - Object: 'Object Repository/LoggedOutReactPages/CreateAccount/Dealer_Button' is clicked on

2018-05-31 10:47:43 - [TEST_STEP][PASSED] - verifyElementText: Actual text and expected text of test object 'Object Repository/LoggedOutReactPages/CreateAccount/Copy_Label' are matched.

2018-05-31 10:47:43 - [MESSAGE][PASSED] - Actual text and expected text of test object 'Object Repository/LoggedOutReactPages/CreateAccount/Copy_Label' are matched.

2018-05-31 10:47:43 - [TEST_STEP][PASSED] - verifyTextPresent: Text 'Dealer Information' is present on page 

2018-05-31 10:47:43 - [MESSAGE][PASSED] - Text 'Dealer Information' is present on page 

2018-05-31 10:47:43 - [TEST_STEP][PASSED] - verifyTextPresent: Text 'AuctionACCESS ID Number' is present on page 

2018-05-31 10:47:44 - [MESSAGE][PASSED] - Text 'AuctionACCESS ID Number' is present on page 

2018-05-31 10:47:44 - [TEST_STEP][PASSED] - verifyTextPresent: Text 'Business Name' is present on page 

2018-05-31 10:47:44 - [MESSAGE][PASSED] - Text 'Business Name' is present on page 

2018-05-31 10:47:44 - [TEST_STEP][PASSED] - setText: Text 'Dealer' is set on object 'Object Repository/LoggedOutReactPages/CreateAccount/FirstName_Input'

2018-05-31 10:47:44 - [MESSAGE][PASSED] - Text 'Dealer' is set on object 'Object Repository/LoggedOutReactPages/CreateAccount/FirstName_Input'

2018-05-31 10:47:44 - [TEST_STEP][PASSED] - setText: Text 'Last' is set on object 'Object Repository/LoggedOutReactPages/CreateAccount/LastName_Input'

2018-05-31 10:47:45 - [MESSAGE][PASSED] - Text 'Last' is set on object 'Object Repository/LoggedOutReactPages/CreateAccount/LastName_Input'

2018-05-31 10:47:45 - [TEST_STEP][PASSED] - setText: Text 'TestAddress' is set on object 'Object Repository/LoggedOutReactPages/CreateAccount/Address_Input'

2018-05-31 10:47:45 - [MESSAGE][PASSED] - Text 'TestAddress' is set on object 'Object Repository/LoggedOutReactPages/CreateAccount/Address_Input'

2018-05-31 10:47:45 - [TEST_STEP][PASSED] - setText: Text 'Autotest' is set on object 'Object Repository/LoggedOutReactPages/CreateAccount/City_Input'

2018-05-31 10:47:45 - [MESSAGE][PASSED] - Text 'Autotest' is set on object 'Object Repository/LoggedOutReactPages/CreateAccount/City_Input'

2018-05-31 10:47:45 - [TEST_STEP][PASSED] - selectOptionByValue: All options with value 'CA' are selected in object 'Object Repository/LoggedOutReactPages/CreateAccount/State_Dropdown' 

2018-05-31 10:47:46 - [MESSAGE][PASSED] - All options with value 'CA' are selected in object 'Object Repository/LoggedOutReactPages/CreateAccount/State_Dropdown' 

2018-05-31 10:47:46 - [TEST_STEP][PASSED] - setText: Text '11111' is set on object 'Object Repository/LoggedOutReactPages/CreateAccount/Zip_Input'

2018-05-31 10:47:46 - [MESSAGE][PASSED] - Text '11111' is set on object 'Object Repository/LoggedOutReactPages/CreateAccount/Zip_Input'

2018-05-31 10:47:46 - [TEST_STEP][PASSED] - check: Object 'Object Repository/LoggedOutReactPages/CreateAccount/Copy_Checkbox' is checked

2018-05-31 10:47:46 - [MESSAGE][PASSED] - Object 'Object Repository/LoggedOutReactPages/CreateAccount/Copy_Checkbox' is checked

2018-05-31 10:47:46 - [TEST_STEP][PASSED] - verifyElementAttributeValue: Object 'Object Repository/LoggedOutReactPages/CreateAccount/BillingFirstName_Input' has attribute 'value' with value 'Dealer'

2018-05-31 10:47:46 - [MESSAGE][WARNING] - Timeout '0' is invalid. Using default page load timeout: '30'

2018-05-31 10:47:46 - [MESSAGE][PASSED] - Object 'Object Repository/LoggedOutReactPages/CreateAccount/BillingFirstName_Input' has attribute 'value' with value 'Dealer'

2018-05-31 10:47:46 - [TEST_STEP][PASSED] - verifyElementHasAttribute: Object 'Object Repository/LoggedOutReactPages/CreateAccount/BillingFirstName_Input' has attribute 'disabled'

2018-05-31 10:47:46 - [MESSAGE][WARNING] - Timeout '0' is invalid. Using default page load timeout: '30'

2018-05-31 10:47:46 - [MESSAGE][PASSED] - Object 'Object Repository/LoggedOutReactPages/CreateAccount/BillingFirstName_Input' has attribute 'disabled'

2018-05-31 10:47:46 - [TEST_STEP][PASSED] - verifyElementAttributeValue: Object 'Object Repository/LoggedOutReactPages/CreateAccount/BillingLastName_Input' has attribute 'value' with value 'Last'

2018-05-31 10:47:46 - [MESSAGE][WARNING] - Timeout '0' is invalid. Using default page load timeout: '30'

2018-05-31 10:47:46 - [MESSAGE][PASSED] - Object 'Object Repository/LoggedOutReactPages/CreateAccount/BillingLastName_Input' has attribute 'value' with value 'Last'

2018-05-31 10:47:46 - [TEST_STEP][PASSED] - verifyElementHasAttribute: Object 'Object Repository/LoggedOutReactPages/CreateAccount/BillingLastName_Input' has attribute 'disabled'

2018-05-31 10:47:46 - [MESSAGE][WARNING] - Timeout '0' is invalid. Using default page load timeout: '30'

2018-05-31 10:47:46 - [MESSAGE][PASSED] - Object 'Object Repository/LoggedOutReactPages/CreateAccount/BillingLastName_Input' has attribute 'disabled'

2018-05-31 10:47:47 - [TEST_STEP][PASSED] - verifyElementAttributeValue: Object 'Object Repository/LoggedOutReactPages/CreateAccount/BillingAddress_Input' has attribute 'value' with value 'TestAddress'

2018-05-31 10:47:47 - [MESSAGE][WARNING] - Timeout '0' is invalid. Using default page load timeout: '30'

2018-05-31 10:47:47 - [MESSAGE][PASSED] - Object 'Object Repository/LoggedOutReactPages/CreateAccount/BillingAddress_Input' has attribute 'value' with value 'TestAddress'

2018-05-31 10:47:47 - [TEST_STEP][PASSED] - verifyElementHasAttribute: Object 'Object Repository/LoggedOutReactPages/CreateAccount/BillingAddress_Input' has attribute 'disabled'

2018-05-31 10:47:47 - [MESSAGE][WARNING] - Timeout '0' is invalid. Using default page load timeout: '30'

2018-05-31 10:47:47 - [MESSAGE][PASSED] - Object 'Object Repository/LoggedOutReactPages/CreateAccount/BillingAddress_Input' has attribute 'disabled'

2018-05-31 10:47:47 - [TEST_STEP][PASSED] - verifyElementAttributeValue: Object 'Object Repository/LoggedOutReactPages/CreateAccount/BillingZip_Input' has attribute 'value' with value '11111'

2018-05-31 10:47:48 - [MESSAGE][WARNING] - Timeout '0' is invalid. Using default page load timeout: '30'

2018-05-31 10:47:48 - [MESSAGE][PASSED] - Object 'Object Repository/LoggedOutReactPages/CreateAccount/BillingZip_Input' has attribute 'value' with value '11111'

2018-05-31 10:47:48 - [TEST_STEP][PASSED] - verifyElementHasAttribute: Object 'Object Repository/LoggedOutReactPages/CreateAccount/BillingZip_Input' has attribute 'disabled'

2018-05-31 10:47:48 - [MESSAGE][WARNING] - Timeout '0' is invalid. Using default page load timeout: '30'

2018-05-31 10:47:48 - [MESSAGE][PASSED] - Object 'Object Repository/LoggedOutReactPages/CreateAccount/BillingZip_Input' has attribute 'disabled'

2018-05-31 10:47:48 - [TEST_STEP][PASSED] - closeBrowser: Browser is closed

2018-05-31 10:47:48 - [MESSAGE][PASSED] - Browser is closed]]></system-out>
         <system-err><![CDATA[]]></system-err>
      </testcase>
      <testcase name="Test Cases/SignUpConsumer - ValidFields" classname="Test Cases/SignUpConsumer - ValidFields" status="PASSED">
         <system-out><![CDATA[2018-05-31 10:47:48 - [TEST_CASE][PASSED] - Test Cases/SignUpConsumer - ValidFields: Test Cases/SignUpConsumer - ValidFields

2018-05-31 10:47:49 - [TEST_STEP][PASSED] - openBrowser: Browser is opened with url: ''

2018-05-31 10:47:51 - [MESSAGE][PASSED] - Browser is opened with url: ''

2018-05-31 10:47:51 - [TEST_STEP][PASSED] - maximizeWindow: Current window maximized

2018-05-31 10:47:52 - [MESSAGE][PASSED] - Current window maximized

2018-05-31 10:47:52 - [TEST_STEP][PASSED] - Statement - StartURL = com.kms.katalon.core.webui.keyword.WebUiBuiltInKeywords.concatenate([StagingReact, "create-account"]): Concatenated string array: '['https://dev-front.instavin.com/','create-account']' into 'https://dev-front.instavin.com/create-account'

2018-05-31 10:47:52 - [MESSAGE][PASSED] - Concatenated string array: '['https://dev-front.instavin.com/','create-account']' into 'https://dev-front.instavin.com/create-account'

2018-05-31 10:47:52 - [TEST_STEP][PASSED] - navigateToUrl: Navigate to 'https://dev-front.instavin.com/create-account' successfully

2018-05-31 10:47:57 - [MESSAGE][PASSED] - Navigate to 'https://dev-front.instavin.com/create-account' successfully

2018-05-31 10:47:57 - [TEST_STEP][PASSED] - verifyElementText: Actual text and expected text of test object 'Object Repository/LoggedOutReactPages/CreateAccount/Copy_Label' are matched.

2018-05-31 10:47:57 - [MESSAGE][PASSED] - Actual text and expected text of test object 'Object Repository/LoggedOutReactPages/CreateAccount/Copy_Label' are matched.

2018-05-31 10:47:57 - [TEST_STEP][PASSED] - verifyTextPresent: Text 'Buyer Information' is present on page 

2018-05-31 10:47:57 - [MESSAGE][PASSED] - Text 'Buyer Information' is present on page 

2018-05-31 10:47:57 - [TEST_STEP][PASSED] - verifyElementText: Actual text and expected text of test object 'Object Repository/LoggedOutReactPages/CreateAccount/Name_Label' are matched.

2018-05-31 10:47:57 - [MESSAGE][PASSED] - Actual text and expected text of test object 'Object Repository/LoggedOutReactPages/CreateAccount/Name_Label' are matched.

2018-05-31 10:47:57 - [TEST_STEP][PASSED] - verifyElementText: Actual text and expected text of test object 'Object Repository/LoggedOutReactPages/CreateAccount/Address_Label' are matched.

2018-05-31 10:47:57 - [MESSAGE][PASSED] - Actual text and expected text of test object 'Object Repository/LoggedOutReactPages/CreateAccount/Address_Label' are matched.

2018-05-31 10:47:57 - [TEST_STEP][PASSED] - Statement - now = new java.util.Date(): null

2018-05-31 10:47:57 - [TEST_STEP][PASSED] - Statement - rnd = now.format("yyyyMMddHHmmssSSS").toString(): null

2018-05-31 10:47:57 - [TEST_STEP][PASSED] - Statement - Email = com.kms.katalon.core.webui.keyword.WebUiBuiltInKeywords.concatenate(["buyer", rnd, "@mailinator.com"]): Concatenated string array: '['buyer','20180531104757561','@mailinator.com']' into 'buyer20180531104757561@mailinator.com'

2018-05-31 10:47:57 - [MESSAGE][PASSED] - Concatenated string array: '['buyer','20180531104757561','@mailinator.com']' into 'buyer20180531104757561@mailinator.com'

2018-05-31 10:47:57 - [TEST_STEP][PASSED] - setText: Text 'Consumer' is set on object 'Object Repository/LoggedOutReactPages/CreateAccount/FirstName_Input'

2018-05-31 10:47:57 - [MESSAGE][PASSED] - Text 'Consumer' is set on object 'Object Repository/LoggedOutReactPages/CreateAccount/FirstName_Input'

2018-05-31 10:47:57 - [TEST_STEP][PASSED] - setText: Text 'Test' is set on object 'Object Repository/LoggedOutReactPages/CreateAccount/LastName_Input'

2018-05-31 10:47:58 - [MESSAGE][PASSED] - Text 'Test' is set on object 'Object Repository/LoggedOutReactPages/CreateAccount/LastName_Input'

2018-05-31 10:47:58 - [TEST_STEP][PASSED] - setText: Text 'test' is set on object 'Object Repository/LoggedOutReactPages/CreateAccount/Address_Input'

2018-05-31 10:47:58 - [MESSAGE][PASSED] - Text 'test' is set on object 'Object Repository/LoggedOutReactPages/CreateAccount/Address_Input'

2018-05-31 10:47:58 - [TEST_STEP][PASSED] - setText: Text 'test' is set on object 'Object Repository/LoggedOutReactPages/CreateAccount/City_Input'

2018-05-31 10:47:58 - [MESSAGE][PASSED] - Text 'test' is set on object 'Object Repository/LoggedOutReactPages/CreateAccount/City_Input'

2018-05-31 10:47:58 - [TEST_STEP][PASSED] - selectOptionByValue: All options with value 'CA' are selected in object 'Object Repository/LoggedOutReactPages/CreateAccount/State_Dropdown' 

2018-05-31 10:47:58 - [MESSAGE][PASSED] - All options with value 'CA' are selected in object 'Object Repository/LoggedOutReactPages/CreateAccount/State_Dropdown' 

2018-05-31 10:47:58 - [TEST_STEP][PASSED] - setText: Text '11111' is set on object 'Object Repository/LoggedOutReactPages/CreateAccount/Zip_Input'

2018-05-31 10:47:59 - [MESSAGE][PASSED] - Text '11111' is set on object 'Object Repository/LoggedOutReactPages/CreateAccount/Zip_Input'

2018-05-31 10:47:59 - [TEST_STEP][PASSED] - setText: Text '8001112233' is set on object 'Object Repository/LoggedOutReactPages/CreateAccount/Phone_Input'

2018-05-31 10:47:59 - [MESSAGE][PASSED] - Text '8001112233' is set on object 'Object Repository/LoggedOutReactPages/CreateAccount/Phone_Input'

2018-05-31 10:47:59 - [TEST_STEP][PASSED] - setText: Text 'Consumer' is set on object 'Object Repository/LoggedOutReactPages/CreateAccount/BillingFirstName_Input'

2018-05-31 10:47:59 - [MESSAGE][PASSED] - Text 'Consumer' is set on object 'Object Repository/LoggedOutReactPages/CreateAccount/BillingFirstName_Input'

2018-05-31 10:47:59 - [TEST_STEP][PASSED] - setText: Text 'Test' is set on object 'Object Repository/LoggedOutReactPages/CreateAccount/BillingLastName_Input'

2018-05-31 10:48:00 - [MESSAGE][PASSED] - Text 'Test' is set on object 'Object Repository/LoggedOutReactPages/CreateAccount/BillingLastName_Input'

2018-05-31 10:48:00 - [TEST_STEP][PASSED] - setText: Text 'test' is set on object 'Object Repository/LoggedOutReactPages/CreateAccount/BillingAddress_Input'

2018-05-31 10:48:00 - [MESSAGE][PASSED] - Text 'test' is set on object 'Object Repository/LoggedOutReactPages/CreateAccount/BillingAddress_Input'

2018-05-31 10:48:00 - [TEST_STEP][PASSED] - setText: Text '11111' is set on object 'Object Repository/LoggedOutReactPages/CreateAccount/BillingZip_Input'

2018-05-31 10:48:00 - [MESSAGE][PASSED] - Text '11111' is set on object 'Object Repository/LoggedOutReactPages/CreateAccount/BillingZip_Input'

2018-05-31 10:48:00 - [TEST_STEP][PASSED] - setText: Text '4000100011112224' is set on object 'Object Repository/LoggedOutReactPages/CreateAccount/CcNumber_Input'

2018-05-31 10:48:01 - [MESSAGE][PASSED] - Text '4000100011112224' is set on object 'Object Repository/LoggedOutReactPages/CreateAccount/CcNumber_Input'

2018-05-31 10:48:01 - [TEST_STEP][PASSED] - selectOptionByValue: All options with value '6' are selected in object 'Object Repository/LoggedOutReactPages/CreateAccount/ExpirationMonth_Dropdown' 

2018-05-31 10:48:01 - [MESSAGE][PASSED] - All options with value '6' are selected in object 'Object Repository/LoggedOutReactPages/CreateAccount/ExpirationMonth_Dropdown' 

2018-05-31 10:48:01 - [TEST_STEP][PASSED] - setText: Text '111' is set on object 'Object Repository/LoggedOutReactPages/CreateAccount/CVV_Input'

2018-05-31 10:48:02 - [MESSAGE][PASSED] - Text '111' is set on object 'Object Repository/LoggedOutReactPages/CreateAccount/CVV_Input'

2018-05-31 10:48:02 - [TEST_STEP][PASSED] - selectOptionByValue: All options with value '2020' are selected in object 'Object Repository/LoggedOutReactPages/CreateAccount/ExpirationYear_Dropdown' 

2018-05-31 10:48:02 - [MESSAGE][PASSED] - All options with value '2020' are selected in object 'Object Repository/LoggedOutReactPages/CreateAccount/ExpirationYear_Dropdown' 

2018-05-31 10:48:02 - [TEST_STEP][PASSED] - setText: Text 'buyer20180531104757561@mailinator.com' is set on object 'Object Repository/LoggedOutReactPages/CreateAccount/Email_Input'

2018-05-31 10:48:03 - [MESSAGE][PASSED] - Text 'buyer20180531104757561@mailinator.com' is set on object 'Object Repository/LoggedOutReactPages/CreateAccount/Email_Input'

2018-05-31 10:48:03 - [TEST_STEP][PASSED] - setText: Text 'buyer20180531104757561@mailinator.com' is set on object 'Object Repository/LoggedOutReactPages/CreateAccount/ConfirmEmail_Input'

2018-05-31 10:48:03 - [MESSAGE][PASSED] - Text 'buyer20180531104757561@mailinator.com' is set on object 'Object Repository/LoggedOutReactPages/CreateAccount/ConfirmEmail_Input'

2018-05-31 10:48:03 - [TEST_STEP][PASSED] - setText: Text '111111' is set on object 'Object Repository/LoggedOutReactPages/CreateAccount/Password_Input'

2018-05-31 10:48:03 - [MESSAGE][PASSED] - Text '111111' is set on object 'Object Repository/LoggedOutReactPages/CreateAccount/Password_Input'

2018-05-31 10:48:03 - [TEST_STEP][PASSED] - setText: Text '111111' is set on object 'Object Repository/LoggedOutReactPages/CreateAccount/ConfirmPassword_Input'

2018-05-31 10:48:04 - [MESSAGE][PASSED] - Text '111111' is set on object 'Object Repository/LoggedOutReactPages/CreateAccount/ConfirmPassword_Input'

2018-05-31 10:48:04 - [TEST_STEP][PASSED] - check: Object 'Object Repository/LoggedOutReactPages/CreateAccount/AcceptTos_Checkbox' is checked

2018-05-31 10:48:04 - [MESSAGE][PASSED] - Object 'Object Repository/LoggedOutReactPages/CreateAccount/AcceptTos_Checkbox' is checked

2018-05-31 10:48:04 - [TEST_STEP][PASSED] - click: Object: 'Object Repository/LoggedOutReactPages/CreateAccount/Submit_button' is clicked on

2018-05-31 10:48:05 - [MESSAGE][PASSED] - Object: 'Object Repository/LoggedOutReactPages/CreateAccount/Submit_button' is clicked on

2018-05-31 10:48:05 - [TEST_STEP][PASSED] - waitForElementVisible: Object 'Object Repository/LoggedInReactPages/MyAccount/Account_Header' is visible

2018-05-31 10:48:05 - [MESSAGE][WARNING] - Timeout '0' is invalid. Using default page load timeout: '30'

2018-05-31 10:48:10 - [MESSAGE][PASSED] - Object 'Object Repository/LoggedInReactPages/MyAccount/Account_Header' is visible

2018-05-31 10:48:10 - [TEST_STEP][PASSED] - verifyElementText: Actual text and expected text of test object 'Object Repository/LoggedInReactPages/MyAccount/Account_Header' are matched.

2018-05-31 10:48:10 - [MESSAGE][PASSED] - Actual text and expected text of test object 'Object Repository/LoggedInReactPages/MyAccount/Account_Header' are matched.

2018-05-31 10:48:10 - [TEST_STEP][PASSED] - Statement - OrderURL = com.kms.katalon.core.webui.keyword.WebUiBuiltInKeywords.concatenate([StagingReact, "order"]): Concatenated string array: '['https://dev-front.instavin.com/','order']' into 'https://dev-front.instavin.com/order'

2018-05-31 10:48:10 - [MESSAGE][PASSED] - Concatenated string array: '['https://dev-front.instavin.com/','order']' into 'https://dev-front.instavin.com/order'

2018-05-31 10:48:10 - [TEST_STEP][PASSED] - navigateToUrl: Navigate to 'https://dev-front.instavin.com/order' successfully

2018-05-31 10:48:11 - [MESSAGE][PASSED] - Navigate to 'https://dev-front.instavin.com/order' successfully

2018-05-31 10:48:11 - [TEST_STEP][PASSED] - waitForElementVisible: Object 'Object Repository/LoggedInReactPages/Order (react)/instaVINProducts_Label' is visible

2018-05-31 10:48:11 - [MESSAGE][WARNING] - Timeout '0' is invalid. Using default page load timeout: '30'

2018-05-31 10:48:11 - [MESSAGE][PASSED] - Object 'Object Repository/LoggedInReactPages/Order (react)/instaVINProducts_Label' is visible

2018-05-31 10:48:11 - [TEST_STEP][PASSED] - verifyElementText: Actual text and expected text of test object 'Object Repository/LoggedInReactPages/Order (react)/VtrPrice1' are matched.

2018-05-31 10:48:11 - [MESSAGE][PASSED] - Actual text and expected text of test object 'Object Repository/LoggedInReactPages/Order (react)/VtrPrice1' are matched.

2018-05-31 10:48:11 - [TEST_STEP][PASSED] - verifyElementText: Actual text and expected text of test object 'Object Repository/LoggedInReactPages/Order (react)/VtrPrice10' are matched.

2018-05-31 10:48:11 - [MESSAGE][PASSED] - Actual text and expected text of test object 'Object Repository/LoggedInReactPages/Order (react)/VtrPrice10' are matched.

2018-05-31 10:48:11 - [TEST_STEP][PASSED] - closeBrowser: Browser is closed

2018-05-31 10:48:12 - [MESSAGE][PASSED] - Browser is closed]]></system-out>
         <system-err><![CDATA[]]></system-err>
      </testcase>
      <testcase name="Test Cases/SignUpDealer - ValidFields" classname="Test Cases/SignUpDealer - ValidFields" status="PASSED">
         <system-out><![CDATA[2018-05-31 10:48:12 - [TEST_CASE][PASSED] - Test Cases/SignUpDealer - ValidFields: Test Cases/SignUpDealer - ValidFields

2018-05-31 10:48:12 - [TEST_STEP][PASSED] - openBrowser: Browser is opened with url: ''

2018-05-31 10:48:15 - [MESSAGE][PASSED] - Browser is opened with url: ''

2018-05-31 10:48:15 - [TEST_STEP][PASSED] - maximizeWindow: Current window maximized

2018-05-31 10:48:16 - [MESSAGE][PASSED] - Current window maximized

2018-05-31 10:48:16 - [TEST_STEP][PASSED] - Statement - StartURL = com.kms.katalon.core.webui.keyword.WebUiBuiltInKeywords.concatenate([StagingReact, "create-account"]): Concatenated string array: '['https://dev-front.instavin.com/','create-account']' into 'https://dev-front.instavin.com/create-account'

2018-05-31 10:48:16 - [MESSAGE][PASSED] - Concatenated string array: '['https://dev-front.instavin.com/','create-account']' into 'https://dev-front.instavin.com/create-account'

2018-05-31 10:48:16 - [TEST_STEP][PASSED] - navigateToUrl: Navigate to 'https://dev-front.instavin.com/create-account' successfully

2018-05-31 10:48:20 - [MESSAGE][PASSED] - Navigate to 'https://dev-front.instavin.com/create-account' successfully

2018-05-31 10:48:20 - [TEST_STEP][PASSED] - click: Object: 'Object Repository/LoggedOutReactPages/CreateAccount/Dealer_Button' is clicked on

2018-05-31 10:48:21 - [MESSAGE][PASSED] - Object: 'Object Repository/LoggedOutReactPages/CreateAccount/Dealer_Button' is clicked on

2018-05-31 10:48:21 - [TEST_STEP][PASSED] - verifyElementText: Actual text and expected text of test object 'Object Repository/LoggedOutReactPages/CreateAccount/Copy_Label' are matched.

2018-05-31 10:48:21 - [MESSAGE][PASSED] - Actual text and expected text of test object 'Object Repository/LoggedOutReactPages/CreateAccount/Copy_Label' are matched.

2018-05-31 10:48:21 - [TEST_STEP][PASSED] - verifyTextPresent: Text 'Dealer Information' is present on page 

2018-05-31 10:48:21 - [MESSAGE][PASSED] - Text 'Dealer Information' is present on page 

2018-05-31 10:48:21 - [TEST_STEP][PASSED] - Statement - now = new java.util.Date(): null

2018-05-31 10:48:21 - [TEST_STEP][PASSED] - Statement - rnd = now.format("yyyyMMddHHmmssSSS").toString(): null

2018-05-31 10:48:21 - [TEST_STEP][PASSED] - Statement - Email = com.kms.katalon.core.webui.keyword.WebUiBuiltInKeywords.concatenate(["dealer", rnd, "@mailinator.com"]): Concatenated string array: '['dealer','20180531104821422','@mailinator.com']' into 'dealer20180531104821422@mailinator.com'

2018-05-31 10:48:21 - [MESSAGE][PASSED] - Concatenated string array: '['dealer','20180531104821422','@mailinator.com']' into 'dealer20180531104821422@mailinator.com'

2018-05-31 10:48:21 - [TEST_STEP][PASSED] - setText: Text 'Test' is set on object 'Object Repository/LoggedOutReactPages/CreateAccount/BusinessName_Input'

2018-05-31 10:48:21 - [MESSAGE][PASSED] - Text 'Test' is set on object 'Object Repository/LoggedOutReactPages/CreateAccount/BusinessName_Input'

2018-05-31 10:48:21 - [TEST_STEP][PASSED] - setText: Text '111111' is set on object 'Object Repository/LoggedOutReactPages/CreateAccount/AccessID_Input'

2018-05-31 10:48:21 - [MESSAGE][PASSED] - Text '111111' is set on object 'Object Repository/LoggedOutReactPages/CreateAccount/AccessID_Input'

2018-05-31 10:48:21 - [TEST_STEP][PASSED] - setText: Text 'Dealer' is set on object 'Object Repository/LoggedOutReactPages/CreateAccount/FirstName_Input'

2018-05-31 10:48:22 - [MESSAGE][PASSED] - Text 'Dealer' is set on object 'Object Repository/LoggedOutReactPages/CreateAccount/FirstName_Input'

2018-05-31 10:48:22 - [TEST_STEP][PASSED] - setText: Text 'Test' is set on object 'Object Repository/LoggedOutReactPages/CreateAccount/LastName_Input'

2018-05-31 10:48:22 - [MESSAGE][PASSED] - Text 'Test' is set on object 'Object Repository/LoggedOutReactPages/CreateAccount/LastName_Input'

2018-05-31 10:48:22 - [TEST_STEP][PASSED] - setText: Text 'test' is set on object 'Object Repository/LoggedOutReactPages/CreateAccount/Address_Input'

2018-05-31 10:48:22 - [MESSAGE][PASSED] - Text 'test' is set on object 'Object Repository/LoggedOutReactPages/CreateAccount/Address_Input'

2018-05-31 10:48:22 - [TEST_STEP][PASSED] - setText: Text 'test' is set on object 'Object Repository/LoggedOutReactPages/CreateAccount/City_Input'

2018-05-31 10:48:22 - [MESSAGE][PASSED] - Text 'test' is set on object 'Object Repository/LoggedOutReactPages/CreateAccount/City_Input'

2018-05-31 10:48:22 - [TEST_STEP][PASSED] - selectOptionByValue: All options with value 'TX' are selected in object 'Object Repository/LoggedOutReactPages/CreateAccount/State_Dropdown' 

2018-05-31 10:48:22 - [MESSAGE][PASSED] - All options with value 'TX' are selected in object 'Object Repository/LoggedOutReactPages/CreateAccount/State_Dropdown' 

2018-05-31 10:48:22 - [TEST_STEP][PASSED] - setText: Text '11111' is set on object 'Object Repository/LoggedOutReactPages/CreateAccount/Zip_Input'

2018-05-31 10:48:23 - [MESSAGE][PASSED] - Text '11111' is set on object 'Object Repository/LoggedOutReactPages/CreateAccount/Zip_Input'

2018-05-31 10:48:23 - [TEST_STEP][PASSED] - setText: Text '8001112233' is set on object 'Object Repository/LoggedOutReactPages/CreateAccount/Phone_Input'

2018-05-31 10:48:23 - [MESSAGE][PASSED] - Text '8001112233' is set on object 'Object Repository/LoggedOutReactPages/CreateAccount/Phone_Input'

2018-05-31 10:48:23 - [TEST_STEP][PASSED] - setText: Text 'Dealer' is set on object 'Object Repository/LoggedOutReactPages/CreateAccount/BillingFirstName_Input'

2018-05-31 10:48:23 - [MESSAGE][PASSED] - Text 'Dealer' is set on object 'Object Repository/LoggedOutReactPages/CreateAccount/BillingFirstName_Input'

2018-05-31 10:48:23 - [TEST_STEP][PASSED] - setText: Text 'Test' is set on object 'Object Repository/LoggedOutReactPages/CreateAccount/BillingLastName_Input'

2018-05-31 10:48:24 - [MESSAGE][PASSED] - Text 'Test' is set on object 'Object Repository/LoggedOutReactPages/CreateAccount/BillingLastName_Input'

2018-05-31 10:48:24 - [TEST_STEP][PASSED] - setText: Text 'test' is set on object 'Object Repository/LoggedOutReactPages/CreateAccount/BillingAddress_Input'

2018-05-31 10:48:24 - [MESSAGE][PASSED] - Text 'test' is set on object 'Object Repository/LoggedOutReactPages/CreateAccount/BillingAddress_Input'

2018-05-31 10:48:24 - [TEST_STEP][PASSED] - setText: Text '11111' is set on object 'Object Repository/LoggedOutReactPages/CreateAccount/BillingZip_Input'

2018-05-31 10:48:24 - [MESSAGE][PASSED] - Text '11111' is set on object 'Object Repository/LoggedOutReactPages/CreateAccount/BillingZip_Input'

2018-05-31 10:48:24 - [TEST_STEP][PASSED] - setText: Text '4000100011112224' is set on object 'Object Repository/LoggedOutReactPages/CreateAccount/CcNumber_Input'

2018-05-31 10:48:25 - [MESSAGE][PASSED] - Text '4000100011112224' is set on object 'Object Repository/LoggedOutReactPages/CreateAccount/CcNumber_Input'

2018-05-31 10:48:25 - [TEST_STEP][PASSED] - selectOptionByValue: All options with value '6' are selected in object 'Object Repository/LoggedOutReactPages/CreateAccount/ExpirationMonth_Dropdown' 

2018-05-31 10:48:25 - [MESSAGE][PASSED] - All options with value '6' are selected in object 'Object Repository/LoggedOutReactPages/CreateAccount/ExpirationMonth_Dropdown' 

2018-05-31 10:48:25 - [TEST_STEP][PASSED] - setText: Text '111' is set on object 'Object Repository/LoggedOutReactPages/CreateAccount/CVV_Input'

2018-05-31 10:48:25 - [MESSAGE][PASSED] - Text '111' is set on object 'Object Repository/LoggedOutReactPages/CreateAccount/CVV_Input'

2018-05-31 10:48:25 - [TEST_STEP][PASSED] - selectOptionByValue: All options with value '2020' are selected in object 'Object Repository/LoggedOutReactPages/CreateAccount/ExpirationYear_Dropdown' 

2018-05-31 10:48:26 - [MESSAGE][PASSED] - All options with value '2020' are selected in object 'Object Repository/LoggedOutReactPages/CreateAccount/ExpirationYear_Dropdown' 

2018-05-31 10:48:26 - [TEST_STEP][PASSED] - setText: Text 'dealer20180531104821422@mailinator.com' is set on object 'Object Repository/LoggedOutReactPages/CreateAccount/Email_Input'

2018-05-31 10:48:26 - [MESSAGE][PASSED] - Text 'dealer20180531104821422@mailinator.com' is set on object 'Object Repository/LoggedOutReactPages/CreateAccount/Email_Input'

2018-05-31 10:48:26 - [TEST_STEP][PASSED] - setText: Text 'dealer20180531104821422@mailinator.com' is set on object 'Object Repository/LoggedOutReactPages/CreateAccount/ConfirmEmail_Input'

2018-05-31 10:48:27 - [MESSAGE][PASSED] - Text 'dealer20180531104821422@mailinator.com' is set on object 'Object Repository/LoggedOutReactPages/CreateAccount/ConfirmEmail_Input'

2018-05-31 10:48:27 - [TEST_STEP][PASSED] - setText: Text '111111' is set on object 'Object Repository/LoggedOutReactPages/CreateAccount/Password_Input'

2018-05-31 10:48:27 - [MESSAGE][PASSED] - Text '111111' is set on object 'Object Repository/LoggedOutReactPages/CreateAccount/Password_Input'

2018-05-31 10:48:27 - [TEST_STEP][PASSED] - setText: Text '111111' is set on object 'Object Repository/LoggedOutReactPages/CreateAccount/ConfirmPassword_Input'

2018-05-31 10:48:28 - [MESSAGE][PASSED] - Text '111111' is set on object 'Object Repository/LoggedOutReactPages/CreateAccount/ConfirmPassword_Input'

2018-05-31 10:48:28 - [TEST_STEP][PASSED] - check: Object 'Object Repository/LoggedOutReactPages/CreateAccount/AcceptTos_Checkbox' is checked

2018-05-31 10:48:28 - [MESSAGE][PASSED] - Object 'Object Repository/LoggedOutReactPages/CreateAccount/AcceptTos_Checkbox' is checked

2018-05-31 10:48:28 - [TEST_STEP][PASSED] - click: Object: 'Object Repository/LoggedOutReactPages/CreateAccount/Submit_button' is clicked on

2018-05-31 10:48:28 - [MESSAGE][PASSED] - Object: 'Object Repository/LoggedOutReactPages/CreateAccount/Submit_button' is clicked on

2018-05-31 10:48:28 - [TEST_STEP][PASSED] - waitForElementVisible: Object 'Object Repository/LoggedInReactPages/MyAccount/Account_Header' is visible

2018-05-31 10:48:28 - [MESSAGE][WARNING] - Timeout '0' is invalid. Using default page load timeout: '30'

2018-05-31 10:48:49 - [MESSAGE][PASSED] - Object 'Object Repository/LoggedInReactPages/MyAccount/Account_Header' is visible

2018-05-31 10:48:49 - [TEST_STEP][PASSED] - verifyElementText: Actual text and expected text of test object 'Object Repository/LoggedInReactPages/MyAccount/Account_Header' are matched.

2018-05-31 10:48:49 - [MESSAGE][PASSED] - Actual text and expected text of test object 'Object Repository/LoggedInReactPages/MyAccount/Account_Header' are matched.

2018-05-31 10:48:49 - [TEST_STEP][PASSED] - Statement - OrderURL = com.kms.katalon.core.webui.keyword.WebUiBuiltInKeywords.concatenate([StagingReact, "order"]): Concatenated string array: '['https://dev-front.instavin.com/','order']' into 'https://dev-front.instavin.com/order'

2018-05-31 10:48:49 - [MESSAGE][PASSED] - Concatenated string array: '['https://dev-front.instavin.com/','order']' into 'https://dev-front.instavin.com/order'

2018-05-31 10:48:49 - [TEST_STEP][PASSED] - navigateToUrl: Navigate to 'https://dev-front.instavin.com/order' successfully

2018-05-31 10:48:51 - [MESSAGE][PASSED] - Navigate to 'https://dev-front.instavin.com/order' successfully

2018-05-31 10:48:51 - [TEST_STEP][PASSED] - waitForElementVisible: Object 'Object Repository/LoggedInReactPages/Order (react)/instaVINProducts_Label' is visible

2018-05-31 10:48:51 - [MESSAGE][WARNING] - Timeout '0' is invalid. Using default page load timeout: '30'

2018-05-31 10:48:51 - [MESSAGE][PASSED] - Object 'Object Repository/LoggedInReactPages/Order (react)/instaVINProducts_Label' is visible

2018-05-31 10:48:51 - [TEST_STEP][PASSED] - verifyElementText: Actual text and expected text of test object 'Object Repository/LoggedInReactPages/Order (react)/VtrPrice1' are matched.

2018-05-31 10:48:51 - [MESSAGE][PASSED] - Actual text and expected text of test object 'Object Repository/LoggedInReactPages/Order (react)/VtrPrice1' are matched.

2018-05-31 10:48:51 - [TEST_STEP][PASSED] - verifyElementText: Actual text and expected text of test object 'Object Repository/LoggedInReactPages/Order (react)/VtrPrice10' are matched.

2018-05-31 10:48:51 - [MESSAGE][PASSED] - Actual text and expected text of test object 'Object Repository/LoggedInReactPages/Order (react)/VtrPrice10' are matched.

2018-05-31 10:48:51 - [TEST_STEP][PASSED] - verifyElementText: Actual text and expected text of test object 'Object Repository/LoggedInReactPages/Order (react)/VtrPrice50' are matched.

2018-05-31 10:48:51 - [MESSAGE][PASSED] - Actual text and expected text of test object 'Object Repository/LoggedInReactPages/Order (react)/VtrPrice50' are matched.

2018-05-31 10:48:51 - [TEST_STEP][PASSED] - closeBrowser: Browser is closed

2018-05-31 10:48:52 - [MESSAGE][PASSED] - Browser is closed]]></system-out>
         <system-err><![CDATA[]]></system-err>
      </testcase>
      <testcase name="Test Cases/SignUpCADealer - ValidFields" classname="Test Cases/SignUpCADealer - ValidFields" status="PASSED">
         <system-out><![CDATA[2018-05-31 10:48:52 - [TEST_CASE][PASSED] - Test Cases/SignUpCADealer - ValidFields: Test Cases/SignUpCADealer - ValidFields

2018-05-31 10:48:52 - [TEST_STEP][PASSED] - openBrowser: Browser is opened with url: ''

2018-05-31 10:48:54 - [MESSAGE][PASSED] - Browser is opened with url: ''

2018-05-31 10:48:54 - [TEST_STEP][PASSED] - maximizeWindow: Current window maximized

2018-05-31 10:48:55 - [MESSAGE][PASSED] - Current window maximized

2018-05-31 10:48:55 - [TEST_STEP][PASSED] - Statement - StartURL = com.kms.katalon.core.webui.keyword.WebUiBuiltInKeywords.concatenate([StagingReact, "create-account"]): Concatenated string array: '['https://dev-front.instavin.com/','create-account']' into 'https://dev-front.instavin.com/create-account'

2018-05-31 10:48:55 - [MESSAGE][PASSED] - Concatenated string array: '['https://dev-front.instavin.com/','create-account']' into 'https://dev-front.instavin.com/create-account'

2018-05-31 10:48:55 - [TEST_STEP][PASSED] - navigateToUrl: Navigate to 'https://dev-front.instavin.com/create-account' successfully

2018-05-31 10:49:01 - [MESSAGE][PASSED] - Navigate to 'https://dev-front.instavin.com/create-account' successfully

2018-05-31 10:49:01 - [TEST_STEP][PASSED] - click: Object: 'Object Repository/LoggedOutReactPages/CreateAccount/Dealer_Button' is clicked on

2018-05-31 10:49:01 - [MESSAGE][PASSED] - Object: 'Object Repository/LoggedOutReactPages/CreateAccount/Dealer_Button' is clicked on

2018-05-31 10:49:01 - [TEST_STEP][PASSED] - verifyElementText: Actual text and expected text of test object 'Object Repository/LoggedOutReactPages/CreateAccount/Copy_Label' are matched.

2018-05-31 10:49:01 - [MESSAGE][PASSED] - Actual text and expected text of test object 'Object Repository/LoggedOutReactPages/CreateAccount/Copy_Label' are matched.

2018-05-31 10:49:01 - [TEST_STEP][PASSED] - verifyTextPresent: Text 'Dealer Information' is present on page 

2018-05-31 10:49:01 - [MESSAGE][PASSED] - Text 'Dealer Information' is present on page 

2018-05-31 10:49:01 - [TEST_STEP][PASSED] - Statement - now = new java.util.Date(): null

2018-05-31 10:49:01 - [TEST_STEP][PASSED] - Statement - rnd = now.format("yyyyMMddHHmmssSSS").toString(): null

2018-05-31 10:49:01 - [TEST_STEP][PASSED] - Statement - Email = com.kms.katalon.core.webui.keyword.WebUiBuiltInKeywords.concatenate(["cadealer", rnd, "@mailinator.com"]): Concatenated string array: '['cadealer','20180531104901570','@mailinator.com']' into 'cadealer20180531104901570@mailinator.com'

2018-05-31 10:49:01 - [MESSAGE][PASSED] - Concatenated string array: '['cadealer','20180531104901570','@mailinator.com']' into 'cadealer20180531104901570@mailinator.com'

2018-05-31 10:49:01 - [TEST_STEP][PASSED] - setText: Text 'Test' is set on object 'Object Repository/LoggedOutReactPages/CreateAccount/BusinessName_Input'

2018-05-31 10:49:01 - [MESSAGE][PASSED] - Text 'Test' is set on object 'Object Repository/LoggedOutReactPages/CreateAccount/BusinessName_Input'

2018-05-31 10:49:01 - [TEST_STEP][PASSED] - setText: Text '111111' is set on object 'Object Repository/LoggedOutReactPages/CreateAccount/AccessID_Input'

2018-05-31 10:49:02 - [MESSAGE][PASSED] - Text '111111' is set on object 'Object Repository/LoggedOutReactPages/CreateAccount/AccessID_Input'

2018-05-31 10:49:02 - [TEST_STEP][PASSED] - setText: Text 'CaDealer' is set on object 'Object Repository/LoggedOutReactPages/CreateAccount/FirstName_Input'

2018-05-31 10:49:02 - [MESSAGE][PASSED] - Text 'CaDealer' is set on object 'Object Repository/LoggedOutReactPages/CreateAccount/FirstName_Input'

2018-05-31 10:49:02 - [TEST_STEP][PASSED] - setText: Text 'Test' is set on object 'Object Repository/LoggedOutReactPages/CreateAccount/LastName_Input'

2018-05-31 10:49:02 - [MESSAGE][PASSED] - Text 'Test' is set on object 'Object Repository/LoggedOutReactPages/CreateAccount/LastName_Input'

2018-05-31 10:49:02 - [TEST_STEP][PASSED] - setText: Text 'test' is set on object 'Object Repository/LoggedOutReactPages/CreateAccount/Address_Input'

2018-05-31 10:49:02 - [MESSAGE][PASSED] - Text 'test' is set on object 'Object Repository/LoggedOutReactPages/CreateAccount/Address_Input'

2018-05-31 10:49:02 - [TEST_STEP][PASSED] - setText: Text 'test' is set on object 'Object Repository/LoggedOutReactPages/CreateAccount/City_Input'

2018-05-31 10:49:02 - [MESSAGE][PASSED] - Text 'test' is set on object 'Object Repository/LoggedOutReactPages/CreateAccount/City_Input'

2018-05-31 10:49:02 - [TEST_STEP][PASSED] - selectOptionByValue: All options with value 'CA' are selected in object 'Object Repository/LoggedOutReactPages/CreateAccount/State_Dropdown' 

2018-05-31 10:49:03 - [MESSAGE][PASSED] - All options with value 'CA' are selected in object 'Object Repository/LoggedOutReactPages/CreateAccount/State_Dropdown' 

2018-05-31 10:49:03 - [TEST_STEP][PASSED] - setText: Text '11111' is set on object 'Object Repository/LoggedOutReactPages/CreateAccount/Zip_Input'

2018-05-31 10:49:03 - [MESSAGE][PASSED] - Text '11111' is set on object 'Object Repository/LoggedOutReactPages/CreateAccount/Zip_Input'

2018-05-31 10:49:03 - [TEST_STEP][PASSED] - setText: Text '8001112233' is set on object 'Object Repository/LoggedOutReactPages/CreateAccount/Phone_Input'

2018-05-31 10:49:03 - [MESSAGE][PASSED] - Text '8001112233' is set on object 'Object Repository/LoggedOutReactPages/CreateAccount/Phone_Input'

2018-05-31 10:49:03 - [TEST_STEP][PASSED] - setText: Text 'CaDealer' is set on object 'Object Repository/LoggedOutReactPages/CreateAccount/BillingFirstName_Input'

2018-05-31 10:49:04 - [MESSAGE][PASSED] - Text 'CaDealer' is set on object 'Object Repository/LoggedOutReactPages/CreateAccount/BillingFirstName_Input'

2018-05-31 10:49:04 - [TEST_STEP][PASSED] - setText: Text 'Test' is set on object 'Object Repository/LoggedOutReactPages/CreateAccount/BillingLastName_Input'

2018-05-31 10:49:04 - [MESSAGE][PASSED] - Text 'Test' is set on object 'Object Repository/LoggedOutReactPages/CreateAccount/BillingLastName_Input'

2018-05-31 10:49:04 - [TEST_STEP][PASSED] - setText: Text 'test' is set on object 'Object Repository/LoggedOutReactPages/CreateAccount/BillingAddress_Input'

2018-05-31 10:49:04 - [MESSAGE][PASSED] - Text 'test' is set on object 'Object Repository/LoggedOutReactPages/CreateAccount/BillingAddress_Input'

2018-05-31 10:49:04 - [TEST_STEP][PASSED] - setText: Text '11111' is set on object 'Object Repository/LoggedOutReactPages/CreateAccount/BillingZip_Input'

2018-05-31 10:49:04 - [MESSAGE][PASSED] - Text '11111' is set on object 'Object Repository/LoggedOutReactPages/CreateAccount/BillingZip_Input'

2018-05-31 10:49:04 - [TEST_STEP][PASSED] - setText: Text '4000100011112224' is set on object 'Object Repository/LoggedOutReactPages/CreateAccount/CcNumber_Input'

2018-05-31 10:49:05 - [MESSAGE][PASSED] - Text '4000100011112224' is set on object 'Object Repository/LoggedOutReactPages/CreateAccount/CcNumber_Input'

2018-05-31 10:49:05 - [TEST_STEP][PASSED] - selectOptionByValue: All options with value '6' are selected in object 'Object Repository/LoggedOutReactPages/CreateAccount/ExpirationMonth_Dropdown' 

2018-05-31 10:49:05 - [MESSAGE][PASSED] - All options with value '6' are selected in object 'Object Repository/LoggedOutReactPages/CreateAccount/ExpirationMonth_Dropdown' 

2018-05-31 10:49:05 - [TEST_STEP][PASSED] - setText: Text '111' is set on object 'Object Repository/LoggedOutReactPages/CreateAccount/CVV_Input'

2018-05-31 10:49:05 - [MESSAGE][PASSED] - Text '111' is set on object 'Object Repository/LoggedOutReactPages/CreateAccount/CVV_Input'

2018-05-31 10:49:05 - [TEST_STEP][PASSED] - selectOptionByValue: All options with value '2020' are selected in object 'Object Repository/LoggedOutReactPages/CreateAccount/ExpirationYear_Dropdown' 

2018-05-31 10:49:06 - [MESSAGE][PASSED] - All options with value '2020' are selected in object 'Object Repository/LoggedOutReactPages/CreateAccount/ExpirationYear_Dropdown' 

2018-05-31 10:49:06 - [TEST_STEP][PASSED] - setText: Text 'cadealer20180531104901570@mailinator.com' is set on object 'Object Repository/LoggedOutReactPages/CreateAccount/Email_Input'

2018-05-31 10:49:06 - [MESSAGE][PASSED] - Text 'cadealer20180531104901570@mailinator.com' is set on object 'Object Repository/LoggedOutReactPages/CreateAccount/Email_Input'

2018-05-31 10:49:06 - [TEST_STEP][PASSED] - setText: Text 'cadealer20180531104901570@mailinator.com' is set on object 'Object Repository/LoggedOutReactPages/CreateAccount/ConfirmEmail_Input'

2018-05-31 10:49:07 - [MESSAGE][PASSED] - Text 'cadealer20180531104901570@mailinator.com' is set on object 'Object Repository/LoggedOutReactPages/CreateAccount/ConfirmEmail_Input'

2018-05-31 10:49:07 - [TEST_STEP][PASSED] - setText: Text '111111' is set on object 'Object Repository/LoggedOutReactPages/CreateAccount/Password_Input'

2018-05-31 10:49:07 - [MESSAGE][PASSED] - Text '111111' is set on object 'Object Repository/LoggedOutReactPages/CreateAccount/Password_Input'

2018-05-31 10:49:07 - [TEST_STEP][PASSED] - setText: Text '111111' is set on object 'Object Repository/LoggedOutReactPages/CreateAccount/ConfirmPassword_Input'

2018-05-31 10:49:07 - [MESSAGE][PASSED] - Text '111111' is set on object 'Object Repository/LoggedOutReactPages/CreateAccount/ConfirmPassword_Input'

2018-05-31 10:49:07 - [TEST_STEP][PASSED] - check: Object 'Object Repository/LoggedOutReactPages/CreateAccount/AcceptTos_Checkbox' is checked

2018-05-31 10:49:07 - [MESSAGE][PASSED] - Object 'Object Repository/LoggedOutReactPages/CreateAccount/AcceptTos_Checkbox' is checked

2018-05-31 10:49:07 - [TEST_STEP][PASSED] - click: Object: 'Object Repository/LoggedOutReactPages/CreateAccount/Submit_button' is clicked on

2018-05-31 10:49:08 - [MESSAGE][PASSED] - Object: 'Object Repository/LoggedOutReactPages/CreateAccount/Submit_button' is clicked on

2018-05-31 10:49:08 - [TEST_STEP][PASSED] - waitForElementVisible: Object 'Object Repository/LoggedInReactPages/MyAccount/Account_Header' is visible

2018-05-31 10:49:08 - [MESSAGE][WARNING] - Timeout '0' is invalid. Using default page load timeout: '30'

2018-05-31 10:49:11 - [MESSAGE][PASSED] - Object 'Object Repository/LoggedInReactPages/MyAccount/Account_Header' is visible

2018-05-31 10:49:11 - [TEST_STEP][PASSED] - verifyElementText: Actual text and expected text of test object 'Object Repository/LoggedInReactPages/MyAccount/Account_Header' are matched.

2018-05-31 10:49:11 - [MESSAGE][PASSED] - Actual text and expected text of test object 'Object Repository/LoggedInReactPages/MyAccount/Account_Header' are matched.

2018-05-31 10:49:11 - [TEST_STEP][PASSED] - Statement - OrderURL = com.kms.katalon.core.webui.keyword.WebUiBuiltInKeywords.concatenate([StagingReact, "order"]): Concatenated string array: '['https://dev-front.instavin.com/','order']' into 'https://dev-front.instavin.com/order'

2018-05-31 10:49:11 - [MESSAGE][PASSED] - Concatenated string array: '['https://dev-front.instavin.com/','order']' into 'https://dev-front.instavin.com/order'

2018-05-31 10:49:11 - [TEST_STEP][PASSED] - navigateToUrl: Navigate to 'https://dev-front.instavin.com/order' successfully

2018-05-31 10:49:12 - [MESSAGE][PASSED] - Navigate to 'https://dev-front.instavin.com/order' successfully

2018-05-31 10:49:12 - [TEST_STEP][PASSED] - waitForElementVisible: Object 'Object Repository/LoggedInReactPages/Order (react)/instaVINProducts_Label' is visible

2018-05-31 10:49:12 - [MESSAGE][WARNING] - Timeout '0' is invalid. Using default page load timeout: '30'

2018-05-31 10:49:12 - [MESSAGE][PASSED] - Object 'Object Repository/LoggedInReactPages/Order (react)/instaVINProducts_Label' is visible

2018-05-31 10:49:12 - [TEST_STEP][PASSED] - verifyElementText: Actual text and expected text of test object 'Object Repository/LoggedInReactPages/Order (react)/VtrPrice1' are matched.

2018-05-31 10:49:12 - [MESSAGE][PASSED] - Actual text and expected text of test object 'Object Repository/LoggedInReactPages/Order (react)/VtrPrice1' are matched.

2018-05-31 10:49:12 - [TEST_STEP][PASSED] - verifyElementText: Actual text and expected text of test object 'Object Repository/LoggedInReactPages/Order (react)/VtrPrice10' are matched.

2018-05-31 10:49:12 - [MESSAGE][PASSED] - Actual text and expected text of test object 'Object Repository/LoggedInReactPages/Order (react)/VtrPrice10' are matched.

2018-05-31 10:49:12 - [TEST_STEP][PASSED] - verifyElementText: Actual text and expected text of test object 'Object Repository/LoggedInReactPages/Order (react)/VtrPrice50' are matched.

2018-05-31 10:49:12 - [MESSAGE][PASSED] - Actual text and expected text of test object 'Object Repository/LoggedInReactPages/Order (react)/VtrPrice50' are matched.

2018-05-31 10:49:12 - [TEST_STEP][PASSED] - closeBrowser: Browser is closed

2018-05-31 10:49:13 - [MESSAGE][PASSED] - Browser is closed]]></system-out>
         <system-err><![CDATA[]]></system-err>
      </testcase>
      <testcase name="Test Cases/LoginEmptyEmail" classname="Test Cases/LoginEmptyEmail" status="PASSED">
         <system-out><![CDATA[2018-05-31 10:49:13 - [TEST_CASE][PASSED] - Test Cases/LoginEmptyEmail: Test Cases/LoginEmptyEmail

2018-05-31 10:49:13 - [TEST_STEP][PASSED] - openBrowser: Browser is opened with url: ''

2018-05-31 10:49:15 - [MESSAGE][PASSED] - Browser is opened with url: ''

2018-05-31 10:49:15 - [TEST_STEP][PASSED] - maximizeWindow: Current window maximized

2018-05-31 10:49:16 - [MESSAGE][PASSED] - Current window maximized

2018-05-31 10:49:16 - [TEST_STEP][PASSED] - navigateToUrl: Navigate to 'https://dev-front.instavin.com/' successfully

2018-05-31 10:49:21 - [MESSAGE][PASSED] - Navigate to 'https://dev-front.instavin.com/' successfully

2018-05-31 10:49:21 - [TEST_STEP][PASSED] - mouseOver: Object: 'Object Repository/LoggedOutReactPages/CommonElements/SignIn_Label' is hovered

2018-05-31 10:49:21 - [MESSAGE][PASSED] - Object: 'Object Repository/LoggedOutReactPages/CommonElements/SignIn_Label' is hovered

2018-05-31 10:49:21 - [TEST_STEP][PASSED] - verifyElementVisible: Object 'Object Repository/LoggedOutReactPages/CommonElements/SignIn_Button' is visible

2018-05-31 10:49:21 - [MESSAGE][PASSED] - Object 'Object Repository/LoggedOutReactPages/CommonElements/SignIn_Button' is visible

2018-05-31 10:49:21 - [TEST_STEP][PASSED] - verifyElementVisible: Object 'Object Repository/LoggedOutReactPages/CommonElements/ForgotPassword_Link' is visible

2018-05-31 10:49:21 - [MESSAGE][PASSED] - Object 'Object Repository/LoggedOutReactPages/CommonElements/ForgotPassword_Link' is visible

2018-05-31 10:49:21 - [TEST_STEP][PASSED] - setText: Text '' is set on object 'Object Repository/LoggedOutReactPages/CommonElements/Email_input'

2018-05-31 10:49:21 - [MESSAGE][PASSED] - Text '' is set on object 'Object Repository/LoggedOutReactPages/CommonElements/Email_input'

2018-05-31 10:49:21 - [TEST_STEP][PASSED] - setText: Text 'WrongPassword' is set on object 'Object Repository/LoggedOutReactPages/CommonElements/Password_input'

2018-05-31 10:49:22 - [MESSAGE][PASSED] - Text 'WrongPassword' is set on object 'Object Repository/LoggedOutReactPages/CommonElements/Password_input'

2018-05-31 10:49:22 - [TEST_STEP][PASSED] - click: Object: 'Object Repository/LoggedOutReactPages/CommonElements/SignIn_Button' is clicked on

2018-05-31 10:49:22 - [MESSAGE][PASSED] - Object: 'Object Repository/LoggedOutReactPages/CommonElements/SignIn_Button' is clicked on

2018-05-31 10:49:22 - [TEST_STEP][PASSED] - verifyElementPresent: Object 'Object Repository/LoggedOutReactPages/CommonElements/SignInErrors_Area' is present

2018-05-31 10:49:22 - [MESSAGE][WARNING] - Timeout '0' is invalid. Using default page load timeout: '30'

2018-05-31 10:49:22 - [MESSAGE][PASSED] - Object 'Object Repository/LoggedOutReactPages/CommonElements/SignInErrors_Area' is present

2018-05-31 10:49:22 - [TEST_STEP][PASSED] - waitForElementVisible: Object 'Object Repository/LoggedOutReactPages/CommonElements/SignInErrors_Area' is visible

2018-05-31 10:49:22 - [MESSAGE][WARNING] - Timeout '0' is invalid. Using default page load timeout: '30'

2018-05-31 10:49:22 - [MESSAGE][PASSED] - Object 'Object Repository/LoggedOutReactPages/CommonElements/SignInErrors_Area' is visible

2018-05-31 10:49:22 - [TEST_STEP][PASSED] - verifyElementText: Actual text and expected text of test object 'Object Repository/LoggedOutReactPages/CommonElements/SignInErrors_Area' are matched.

2018-05-31 10:49:22 - [MESSAGE][PASSED] - Actual text and expected text of test object 'Object Repository/LoggedOutReactPages/CommonElements/SignInErrors_Area' are matched.

2018-05-31 10:49:22 - [TEST_STEP][PASSED] - verifyElementAttributeValue: Object 'Object Repository/LoggedOutReactPages/CommonElements/Email_input' has attribute 'class' with value 'error'

2018-05-31 10:49:22 - [MESSAGE][WARNING] - Timeout '0' is invalid. Using default page load timeout: '30'

2018-05-31 10:49:22 - [MESSAGE][PASSED] - Object 'Object Repository/LoggedOutReactPages/CommonElements/Email_input' has attribute 'class' with value 'error'

2018-05-31 10:49:22 - [TEST_STEP][PASSED] - closeBrowser: Browser is closed

2018-05-31 10:49:23 - [MESSAGE][PASSED] - Browser is closed]]></system-out>
         <system-err><![CDATA[]]></system-err>
      </testcase>
      <testcase name="Test Cases/LoginWrongPass" classname="Test Cases/LoginWrongPass" status="PASSED">
         <system-out><![CDATA[2018-05-31 10:49:23 - [TEST_CASE][PASSED] - Test Cases/LoginWrongPass: Test Cases/LoginWrongPass

2018-05-31 10:49:23 - [TEST_STEP][PASSED] - openBrowser: Browser is opened with url: ''

2018-05-31 10:49:25 - [MESSAGE][PASSED] - Browser is opened with url: ''

2018-05-31 10:49:25 - [TEST_STEP][PASSED] - maximizeWindow: Current window maximized

2018-05-31 10:49:27 - [MESSAGE][PASSED] - Current window maximized

2018-05-31 10:49:27 - [TEST_STEP][PASSED] - navigateToUrl: Navigate to 'https://dev-front.instavin.com/' successfully

2018-05-31 10:49:31 - [MESSAGE][PASSED] - Navigate to 'https://dev-front.instavin.com/' successfully

2018-05-31 10:49:31 - [TEST_STEP][PASSED] - mouseOver: Object: 'Object Repository/LoggedOutReactPages/CommonElements/SignIn_Label' is hovered

2018-05-31 10:49:31 - [MESSAGE][PASSED] - Object: 'Object Repository/LoggedOutReactPages/CommonElements/SignIn_Label' is hovered

2018-05-31 10:49:31 - [TEST_STEP][PASSED] - verifyElementVisible: Object 'Object Repository/LoggedOutReactPages/CommonElements/SignIn_Button' is visible

2018-05-31 10:49:31 - [MESSAGE][PASSED] - Object 'Object Repository/LoggedOutReactPages/CommonElements/SignIn_Button' is visible

2018-05-31 10:49:31 - [TEST_STEP][PASSED] - verifyElementVisible: Object 'Object Repository/LoggedOutReactPages/CommonElements/ForgotPassword_Link' is visible

2018-05-31 10:49:31 - [MESSAGE][PASSED] - Object 'Object Repository/LoggedOutReactPages/CommonElements/ForgotPassword_Link' is visible

2018-05-31 10:49:31 - [TEST_STEP][PASSED] - setText: Text 'consumer1@mailinator.com' is set on object 'Object Repository/LoggedOutReactPages/CommonElements/Email_input'

2018-05-31 10:49:31 - [MESSAGE][PASSED] - Text 'consumer1@mailinator.com' is set on object 'Object Repository/LoggedOutReactPages/CommonElements/Email_input'

2018-05-31 10:49:31 - [TEST_STEP][PASSED] - setText: Text '222' is set on object 'Object Repository/LoggedOutReactPages/CommonElements/Password_input'

2018-05-31 10:49:32 - [MESSAGE][PASSED] - Text '222' is set on object 'Object Repository/LoggedOutReactPages/CommonElements/Password_input'

2018-05-31 10:49:32 - [TEST_STEP][PASSED] - click: Object: 'Object Repository/LoggedOutReactPages/CommonElements/SignIn_Button' is clicked on

2018-05-31 10:49:32 - [MESSAGE][PASSED] - Object: 'Object Repository/LoggedOutReactPages/CommonElements/SignIn_Button' is clicked on

2018-05-31 10:49:32 - [TEST_STEP][PASSED] - verifyElementPresent: Object 'Object Repository/LoggedOutReactPages/CommonElements/SignInErrors_Area' is present

2018-05-31 10:49:32 - [MESSAGE][WARNING] - Timeout '0' is invalid. Using default page load timeout: '30'

2018-05-31 10:49:32 - [MESSAGE][PASSED] - Object 'Object Repository/LoggedOutReactPages/CommonElements/SignInErrors_Area' is present

2018-05-31 10:49:32 - [TEST_STEP][PASSED] - waitForElementVisible: Object 'Object Repository/LoggedOutReactPages/CommonElements/SignInErrors_Area' is visible

2018-05-31 10:49:32 - [MESSAGE][WARNING] - Timeout '0' is invalid. Using default page load timeout: '30'

2018-05-31 10:49:32 - [MESSAGE][PASSED] - Object 'Object Repository/LoggedOutReactPages/CommonElements/SignInErrors_Area' is visible

2018-05-31 10:49:32 - [TEST_STEP][PASSED] - verifyElementText: Actual text and expected text of test object 'Object Repository/LoggedOutReactPages/CommonElements/SignInErrors_Area' are matched.

2018-05-31 10:49:32 - [MESSAGE][PASSED] - Actual text and expected text of test object 'Object Repository/LoggedOutReactPages/CommonElements/SignInErrors_Area' are matched.

2018-05-31 10:49:32 - [TEST_STEP][PASSED] - closeBrowser: Browser is closed

2018-05-31 10:49:33 - [MESSAGE][PASSED] - Browser is closed]]></system-out>
         <system-err><![CDATA[]]></system-err>
      </testcase>
      <testcase name="Test Cases/LoginSuccess" classname="Test Cases/LoginSuccess" status="PASSED">
         <system-out><![CDATA[2018-05-31 10:49:33 - [TEST_CASE][PASSED] - Test Cases/LoginSuccess: Test Cases/LoginSuccess

2018-05-31 10:49:33 - [TEST_STEP][PASSED] - openBrowser: Browser is opened with url: ''

2018-05-31 10:49:35 - [MESSAGE][PASSED] - Browser is opened with url: ''

2018-05-31 10:49:35 - [TEST_STEP][PASSED] - maximizeWindow: Current window maximized

2018-05-31 10:49:37 - [MESSAGE][PASSED] - Current window maximized

2018-05-31 10:49:37 - [TEST_STEP][PASSED] - navigateToUrl: Navigate to 'https://dev-front.instavin.com/' successfully

2018-05-31 10:49:41 - [MESSAGE][PASSED] - Navigate to 'https://dev-front.instavin.com/' successfully

2018-05-31 10:49:41 - [TEST_STEP][PASSED] - verifyElementPresent: Object 'Object Repository/LoggedOutReactPages/CommonElements/SignIn_Label' is present

2018-05-31 10:49:41 - [MESSAGE][WARNING] - Timeout '0' is invalid. Using default page load timeout: '30'

2018-05-31 10:49:41 - [MESSAGE][PASSED] - Object 'Object Repository/LoggedOutReactPages/CommonElements/SignIn_Label' is present

2018-05-31 10:49:41 - [TEST_STEP][PASSED] - mouseOver: Object: 'Object Repository/LoggedOutReactPages/CommonElements/SignIn_Label' is hovered

2018-05-31 10:49:41 - [MESSAGE][PASSED] - Object: 'Object Repository/LoggedOutReactPages/CommonElements/SignIn_Label' is hovered

2018-05-31 10:49:41 - [TEST_STEP][PASSED] - verifyElementVisible: Object 'Object Repository/LoggedOutReactPages/CommonElements/SignIn_Label' is visible

2018-05-31 10:49:41 - [MESSAGE][PASSED] - Object 'Object Repository/LoggedOutReactPages/CommonElements/SignIn_Label' is visible

2018-05-31 10:49:41 - [TEST_STEP][PASSED] - verifyElementVisible: Object 'Object Repository/LoggedOutReactPages/CommonElements/ForgotPassword_Link' is visible

2018-05-31 10:49:41 - [MESSAGE][PASSED] - Object 'Object Repository/LoggedOutReactPages/CommonElements/ForgotPassword_Link' is visible

2018-05-31 10:49:41 - [TEST_STEP][PASSED] - setText: Text 'consumer1@mailinator.com' is set on object 'Object Repository/LoggedOutReactPages/CommonElements/Email_input'

2018-05-31 10:49:41 - [MESSAGE][PASSED] - Text 'consumer1@mailinator.com' is set on object 'Object Repository/LoggedOutReactPages/CommonElements/Email_input'

2018-05-31 10:49:41 - [TEST_STEP][PASSED] - setText: Text '111111' is set on object 'Object Repository/LoggedOutReactPages/CommonElements/Password_input'

2018-05-31 10:49:42 - [MESSAGE][PASSED] - Text '111111' is set on object 'Object Repository/LoggedOutReactPages/CommonElements/Password_input'

2018-05-31 10:49:42 - [TEST_STEP][PASSED] - click: Object: 'Object Repository/LoggedOutReactPages/CommonElements/SignIn_Button' is clicked on

2018-05-31 10:49:42 - [MESSAGE][PASSED] - Object: 'Object Repository/LoggedOutReactPages/CommonElements/SignIn_Button' is clicked on

2018-05-31 10:49:42 - [TEST_STEP][PASSED] - waitForElementVisible: Object 'Object Repository/LoggedInReactPages/Dashboard/Dashboard_Header' is visible

2018-05-31 10:49:42 - [MESSAGE][WARNING] - Timeout '0' is invalid. Using default page load timeout: '30'

2018-05-31 10:49:43 - [MESSAGE][PASSED] - Object 'Object Repository/LoggedInReactPages/Dashboard/Dashboard_Header' is visible

2018-05-31 10:49:43 - [TEST_STEP][PASSED] - Statement - LoginRedirect = com.kms.katalon.core.webui.keyword.WebUiBuiltInKeywords.getUrl(): Current window's url is: 'https://dev-front.instavin.com/my-account'

2018-05-31 10:49:43 - [MESSAGE][PASSED] - Current window's url is: 'https://dev-front.instavin.com/my-account'

2018-05-31 10:49:43 - [TEST_STEP][PASSED] - Statement - ExpectedLoginRedirect = com.kms.katalon.core.webui.keyword.WebUiBuiltInKeywords.concatenate([StagingReact, "my-account"]): Concatenated string array: '['https://dev-front.instavin.com/','my-account']' into 'https://dev-front.instavin.com/my-account'

2018-05-31 10:49:43 - [MESSAGE][PASSED] - Concatenated string array: '['https://dev-front.instavin.com/','my-account']' into 'https://dev-front.instavin.com/my-account'

2018-05-31 10:49:43 - [TEST_STEP][PASSED] - verifyMatch: Actual text 'https://dev-front.instavin.com/my-account' and expected text 'https://dev-front.instavin.com/my-account' are matched 

2018-05-31 10:49:43 - [MESSAGE][PASSED] - Actual text 'https://dev-front.instavin.com/my-account' and expected text 'https://dev-front.instavin.com/my-account' are matched 

2018-05-31 10:49:43 - [TEST_STEP][PASSED] - verifyElementAttributeValue: Object 'Object Repository/LoggedInReactPages/MyAccount/DashboardSideMenu_Tab' has attribute 'class' with value 'SideMenuTab ActiveSideMenu'

2018-05-31 10:49:43 - [MESSAGE][WARNING] - Timeout '0' is invalid. Using default page load timeout: '30'

2018-05-31 10:49:44 - [MESSAGE][PASSED] - Object 'Object Repository/LoggedInReactPages/MyAccount/DashboardSideMenu_Tab' has attribute 'class' with value 'SideMenuTab ActiveSideMenu'

2018-05-31 10:49:44 - [TEST_STEP][PASSED] - mouseOver: Object: 'Object Repository/LoggedInReactPages/MyAccount/MyAccount_Label' is hovered

2018-05-31 10:49:44 - [MESSAGE][PASSED] - Object: 'Object Repository/LoggedInReactPages/MyAccount/MyAccount_Label' is hovered

2018-05-31 10:49:44 - [TEST_STEP][PASSED] - verifyElementPresent: Object 'Object Repository/LoggedInReactPages/MyAccount/DropdownLogout' is present

2018-05-31 10:49:44 - [MESSAGE][PASSED] - Object 'Object Repository/LoggedInReactPages/MyAccount/DropdownLogout' is present

2018-05-31 10:49:44 - [TEST_STEP][PASSED] - closeBrowser: Browser is closed

2018-05-31 10:49:44 - [MESSAGE][PASSED] - Browser is closed]]></system-out>
         <system-err><![CDATA[]]></system-err>
      </testcase>
      <testcase name="Test Cases/BillingInfo - CheckCurrentCard" classname="Test Cases/BillingInfo - CheckCurrentCard" status="PASSED">
         <system-out><![CDATA[2018-05-31 10:49:44 - [TEST_CASE][PASSED] - Test Cases/BillingInfo - CheckCurrentCard: Test Cases/BillingInfo - CheckCurrentCard

2018-05-31 10:49:44 - [TEST_STEP][PASSED] - callTestCase: Call Test Case 'Test Cases/Base Tests/LoginBaseTest' successfully

2018-05-31 10:49:45 - [TEST_CASE][PASSED] - Test Cases/Base Tests/LoginBaseTest: Test Cases/Base Tests/LoginBaseTest

2018-05-31 10:49:45 - [TEST_STEP][PASSED] - openBrowser: Browser is opened with url: ''

2018-05-31 10:49:47 - [MESSAGE][PASSED] - Browser is opened with url: ''

2018-05-31 10:49:47 - [TEST_STEP][PASSED] - maximizeWindow: Current window maximized

2018-05-31 10:49:48 - [MESSAGE][PASSED] - Current window maximized

2018-05-31 10:49:48 - [TEST_STEP][PASSED] - navigateToUrl: Navigate to 'https://dev-front.instavin.com/' successfully

2018-05-31 10:49:52 - [MESSAGE][PASSED] - Navigate to 'https://dev-front.instavin.com/' successfully

2018-05-31 10:49:52 - [TEST_STEP][PASSED] - mouseOver: Object: 'Object Repository/LoggedOutReactPages/CommonElements/SignIn_Label' is hovered

2018-05-31 10:49:52 - [MESSAGE][PASSED] - Object: 'Object Repository/LoggedOutReactPages/CommonElements/SignIn_Label' is hovered

2018-05-31 10:49:52 - [TEST_STEP][PASSED] - verifyElementVisible: Object 'Object Repository/LoggedOutReactPages/CommonElements/SignIn_Button' is visible

2018-05-31 10:49:52 - [MESSAGE][PASSED] - Object 'Object Repository/LoggedOutReactPages/CommonElements/SignIn_Button' is visible

2018-05-31 10:49:52 - [TEST_STEP][PASSED] - setText: Text 'consumer1@mailinator.com' is set on object 'Object Repository/LoggedOutReactPages/CommonElements/Email_input'

2018-05-31 10:49:53 - [MESSAGE][PASSED] - Text 'consumer1@mailinator.com' is set on object 'Object Repository/LoggedOutReactPages/CommonElements/Email_input'

2018-05-31 10:49:53 - [TEST_STEP][PASSED] - setText: Text '111111' is set on object 'Object Repository/LoggedOutReactPages/CommonElements/Password_input'

2018-05-31 10:49:53 - [MESSAGE][PASSED] - Text '111111' is set on object 'Object Repository/LoggedOutReactPages/CommonElements/Password_input'

2018-05-31 10:49:53 - [TEST_STEP][PASSED] - click: Object: 'Object Repository/LoggedOutReactPages/CommonElements/SignIn_Button' is clicked on

2018-05-31 10:49:53 - [MESSAGE][PASSED] - Object: 'Object Repository/LoggedOutReactPages/CommonElements/SignIn_Button' is clicked on

2018-05-31 10:49:53 - [MESSAGE][PASSED] - Call Test Case 'Test Cases/Base Tests/LoginBaseTest' successfully

2018-05-31 10:49:53 - [TEST_STEP][PASSED] - verifyElementVisible: Object 'Object Repository/LoggedInReactPages/MyAccount/Account_Header' is visible

2018-05-31 10:49:55 - [MESSAGE][PASSED] - Object 'Object Repository/LoggedInReactPages/MyAccount/Account_Header' is visible

2018-05-31 10:49:55 - [TEST_STEP][PASSED] - Statement - HeaderText = com.kms.katalon.core.webui.keyword.WebUiBuiltInKeywords.concatenate(["For ", FirstName, " ", LastName], STOP_ON_FAILURE): Concatenated string array: '['For ','Uno',' ','Consumer']' into 'For Uno Consumer'

2018-05-31 10:49:55 - [MESSAGE][PASSED] - Concatenated string array: '['For ','Uno',' ','Consumer']' into 'For Uno Consumer'

2018-05-31 10:49:55 - [TEST_STEP][PASSED] - verifyElementText: Actual text and expected text of test object 'Object Repository/LoggedInReactPages/MyAccount/Account_Header' are matched.

2018-05-31 10:49:55 - [MESSAGE][PASSED] - Actual text and expected text of test object 'Object Repository/LoggedInReactPages/MyAccount/Account_Header' are matched.

2018-05-31 10:49:55 - [TEST_STEP][PASSED] - click: Object: 'Object Repository/LoggedInReactPages/BillingInfo/BillingInfoSideMenu_Link' is clicked on

2018-05-31 10:49:55 - [MESSAGE][PASSED] - Object: 'Object Repository/LoggedInReactPages/BillingInfo/BillingInfoSideMenu_Link' is clicked on

2018-05-31 10:49:55 - [TEST_STEP][PASSED] - waitForElementVisible: Object 'Object Repository/LoggedInReactPages/MyAccount/BillingInfoSideMenu_Tab' is visible

2018-05-31 10:49:55 - [MESSAGE][WARNING] - Timeout '0' is invalid. Using default page load timeout: '30'

2018-05-31 10:49:55 - [MESSAGE][PASSED] - Object 'Object Repository/LoggedInReactPages/MyAccount/BillingInfoSideMenu_Tab' is visible

2018-05-31 10:49:55 - [TEST_STEP][PASSED] - waitForElementVisible: Object 'Object Repository/LoggedInReactPages/BillingInfo/VisaImage' is visible

2018-05-31 10:49:55 - [MESSAGE][WARNING] - Timeout '0' is invalid. Using default page load timeout: '30'

2018-05-31 10:49:57 - [MESSAGE][PASSED] - Object 'Object Repository/LoggedInReactPages/BillingInfo/VisaImage' is visible

2018-05-31 10:49:57 - [TEST_STEP][PASSED] - verifyTextPresent: Text '•••• •••• •••• 2224' is present on page 

2018-05-31 10:49:57 - [MESSAGE][PASSED] - Text '•••• •••• •••• 2224' is present on page 

2018-05-31 10:49:57 - [TEST_STEP][PASSED] - closeBrowser: Browser is closed

2018-05-31 10:49:57 - [MESSAGE][PASSED] - Browser is closed]]></system-out>
         <system-err><![CDATA[]]></system-err>
      </testcase>
      <testcase name="Test Cases/CheckVINfromHomeLoggedIn - EmptyVIN" classname="Test Cases/CheckVINfromHomeLoggedIn - EmptyVIN" status="PASSED">
         <system-out><![CDATA[2018-05-31 10:49:57 - [TEST_CASE][PASSED] - Test Cases/CheckVINfromHomeLoggedIn - EmptyVIN: Test Cases/CheckVINfromHomeLoggedIn - EmptyVIN

2018-05-31 10:49:57 - [TEST_STEP][PASSED] - callTestCase: Call Test Case 'Test Cases/Base Tests/LoginBaseTest' successfully

2018-05-31 10:49:58 - [TEST_CASE][PASSED] - Test Cases/Base Tests/LoginBaseTest: Test Cases/Base Tests/LoginBaseTest

2018-05-31 10:49:58 - [TEST_STEP][PASSED] - openBrowser: Browser is opened with url: ''

2018-05-31 10:50:00 - [MESSAGE][PASSED] - Browser is opened with url: ''

2018-05-31 10:50:00 - [TEST_STEP][PASSED] - maximizeWindow: Current window maximized

2018-05-31 10:50:01 - [MESSAGE][PASSED] - Current window maximized

2018-05-31 10:50:01 - [TEST_STEP][PASSED] - navigateToUrl: Navigate to 'https://dev-front.instavin.com/' successfully

2018-05-31 10:50:06 - [MESSAGE][PASSED] - Navigate to 'https://dev-front.instavin.com/' successfully

2018-05-31 10:50:06 - [TEST_STEP][PASSED] - mouseOver: Object: 'Object Repository/LoggedOutReactPages/CommonElements/SignIn_Label' is hovered

2018-05-31 10:50:06 - [MESSAGE][PASSED] - Object: 'Object Repository/LoggedOutReactPages/CommonElements/SignIn_Label' is hovered

2018-05-31 10:50:06 - [TEST_STEP][PASSED] - verifyElementVisible: Object 'Object Repository/LoggedOutReactPages/CommonElements/SignIn_Button' is visible

2018-05-31 10:50:06 - [MESSAGE][PASSED] - Object 'Object Repository/LoggedOutReactPages/CommonElements/SignIn_Button' is visible

2018-05-31 10:50:06 - [TEST_STEP][PASSED] - setText: Text 'consumer1@mailinator.com' is set on object 'Object Repository/LoggedOutReactPages/CommonElements/Email_input'

2018-05-31 10:50:06 - [MESSAGE][PASSED] - Text 'consumer1@mailinator.com' is set on object 'Object Repository/LoggedOutReactPages/CommonElements/Email_input'

2018-05-31 10:50:06 - [TEST_STEP][PASSED] - setText: Text '111111' is set on object 'Object Repository/LoggedOutReactPages/CommonElements/Password_input'

2018-05-31 10:50:06 - [MESSAGE][PASSED] - Text '111111' is set on object 'Object Repository/LoggedOutReactPages/CommonElements/Password_input'

2018-05-31 10:50:06 - [TEST_STEP][PASSED] - click: Object: 'Object Repository/LoggedOutReactPages/CommonElements/SignIn_Button' is clicked on

2018-05-31 10:50:06 - [MESSAGE][PASSED] - Object: 'Object Repository/LoggedOutReactPages/CommonElements/SignIn_Button' is clicked on

2018-05-31 10:50:06 - [MESSAGE][PASSED] - Call Test Case 'Test Cases/Base Tests/LoginBaseTest' successfully

2018-05-31 10:50:06 - [TEST_STEP][PASSED] - verifyElementVisible: Object 'Object Repository/LoggedInReactPages/MyAccount/Account_Header' is visible

2018-05-31 10:50:08 - [MESSAGE][PASSED] - Object 'Object Repository/LoggedInReactPages/MyAccount/Account_Header' is visible

2018-05-31 10:50:08 - [TEST_STEP][PASSED] - navigateToUrl: Navigate to 'https://dev-front.instavin.com/' successfully

2018-05-31 10:50:09 - [MESSAGE][PASSED] - Navigate to 'https://dev-front.instavin.com/' successfully

2018-05-31 10:50:09 - [TEST_STEP][PASSED] - waitForElementPresent: Object 'Object Repository/LoggedOutReactPages/HomeLoggedOut/EnterVIN_input' is present

2018-05-31 10:50:09 - [MESSAGE][WARNING] - Timeout '0' is invalid. Using default page load timeout: '30'

2018-05-31 10:50:09 - [MESSAGE][PASSED] - Object 'Object Repository/LoggedOutReactPages/HomeLoggedOut/EnterVIN_input' is present

2018-05-31 10:50:09 - [TEST_STEP][PASSED] - verifyElementAttributeValue: Object 'Object Repository/LoggedOutReactPages/HomeLoggedOut/EnterVIN_input' has attribute 'placeholder' with value 'ENTER VIN NUMBER'

2018-05-31 10:50:09 - [MESSAGE][WARNING] - Timeout '0' is invalid. Using default page load timeout: '30'

2018-05-31 10:50:09 - [MESSAGE][PASSED] - Object 'Object Repository/LoggedOutReactPages/HomeLoggedOut/EnterVIN_input' has attribute 'placeholder' with value 'ENTER VIN NUMBER'

2018-05-31 10:50:09 - [TEST_STEP][PASSED] - setText: Text '' is set on object 'Object Repository/LoggedOutReactPages/HomeLoggedOut/EnterVIN_input'

2018-05-31 10:50:09 - [MESSAGE][PASSED] - Text '' is set on object 'Object Repository/LoggedOutReactPages/HomeLoggedOut/EnterVIN_input'

2018-05-31 10:50:09 - [TEST_STEP][PASSED] - click: Object: 'Object Repository/LoggedOutReactPages/HomeLoggedOut/SubmitVinArrow_Button' is clicked on

2018-05-31 10:50:11 - [MESSAGE][PASSED] - Object: 'Object Repository/LoggedOutReactPages/HomeLoggedOut/SubmitVinArrow_Button' is clicked on

2018-05-31 10:50:11 - [TEST_STEP][PASSED] - waitForElementVisible: Object 'Object Repository/LoggedInReactPages/Order (react)/instaVINProducts_Label' is visible

2018-05-31 10:50:11 - [MESSAGE][WARNING] - Timeout '0' is invalid. Using default page load timeout: '30'

2018-05-31 10:50:11 - [MESSAGE][PASSED] - Object 'Object Repository/LoggedInReactPages/Order (react)/instaVINProducts_Label' is visible

2018-05-31 10:50:11 - [TEST_STEP][PASSED] - verifyElementPresent: Object 'Object Repository/LoggedInReactPages/Order (react)/MyAccount_Label' is present

2018-05-31 10:50:11 - [MESSAGE][WARNING] - Timeout '0' is invalid. Using default page load timeout: '30'

2018-05-31 10:50:11 - [MESSAGE][PASSED] - Object 'Object Repository/LoggedInReactPages/Order (react)/MyAccount_Label' is present

2018-05-31 10:50:11 - [TEST_STEP][PASSED] - verifyElementNotPresent: Web element with id: 'Object Repository/LoggedInReactPages/Order (react)/ChangeVIN_Cross' located by 'By.xpath: //div[@class='CloseButton']' is not present after '30' second(s)

2018-05-31 10:50:11 - [MESSAGE][WARNING] - Timeout '0' is invalid. Using default page load timeout: '30'

2018-05-31 10:50:11 - [MESSAGE][PASSED] - Web element with id: 'Object Repository/LoggedInReactPages/Order (react)/ChangeVIN_Cross' located by 'By.xpath: //div[@class='CloseButton']' is not present after '30' second(s)

2018-05-31 10:50:11 - [TEST_STEP][PASSED] - verifyElementNotPresent: Web element with id: 'Object Repository/LoggedInReactPages/Order (react)/VINdisplayed' located by 'By.xpath: //span[@id='VehicleSummary_Vin']' is not present after '30' second(s)

2018-05-31 10:50:11 - [MESSAGE][WARNING] - Timeout '0' is invalid. Using default page load timeout: '30'

2018-05-31 10:50:11 - [MESSAGE][PASSED] - Web element with id: 'Object Repository/LoggedInReactPages/Order (react)/VINdisplayed' located by 'By.xpath: //span[@id='VehicleSummary_Vin']' is not present after '30' second(s)

2018-05-31 10:50:11 - [TEST_STEP][PASSED] - verifyElementText: Actual text and expected text of test object 'Object Repository/LoggedInReactPages/Order (react)/RecordsAreAvailable_Alert' are matched.

2018-05-31 10:50:11 - [MESSAGE][PASSED] - Actual text and expected text of test object 'Object Repository/LoggedInReactPages/Order (react)/RecordsAreAvailable_Alert' are matched.

2018-05-31 10:50:11 - [TEST_STEP][PASSED] - verifyElementVisible: Object 'Object Repository/LoggedInReactPages/Order (react)/VINCheckForm_EnterVINInput' is visible

2018-05-31 10:50:11 - [MESSAGE][PASSED] - Object 'Object Repository/LoggedInReactPages/Order (react)/VINCheckForm_EnterVINInput' is visible

2018-05-31 10:50:11 - [TEST_STEP][PASSED] - verifyElementAttributeValue: Object 'Object Repository/LoggedInReactPages/Order (react)/VINCheckForm_EnterVINInput' has attribute 'value' with value ''

2018-05-31 10:50:11 - [MESSAGE][WARNING] - Timeout '0' is invalid. Using default page load timeout: '30'

2018-05-31 10:50:11 - [MESSAGE][PASSED] - Object 'Object Repository/LoggedInReactPages/Order (react)/VINCheckForm_EnterVINInput' has attribute 'value' with value ''

2018-05-31 10:50:11 - [TEST_STEP][PASSED] - verifyElementNotPresent: Web element with id: 'Object Repository/LoggedInReactPages/Order (react)/OrderNow_OrangeButton' located by 'By.xpath: //button[@class='btn btn-default HasRightIcon orderButtonSmall']' is not present after '30' second(s)

2018-05-31 10:50:11 - [MESSAGE][WARNING] - Timeout '0' is invalid. Using default page load timeout: '30'

2018-05-31 10:50:11 - [MESSAGE][PASSED] - Web element with id: 'Object Repository/LoggedInReactPages/Order (react)/OrderNow_OrangeButton' located by 'By.xpath: //button[@class='btn btn-default HasRightIcon orderButtonSmall']' is not present after '30' second(s)

2018-05-31 10:50:11 - [TEST_STEP][PASSED] - closeBrowser: Browser is closed

2018-05-31 10:50:12 - [MESSAGE][PASSED] - Browser is closed]]></system-out>
         <system-err><![CDATA[]]></system-err>
      </testcase>
      <testcase name="Test Cases/CheckVINfromHomeLoggedIn - NoSticker" classname="Test Cases/CheckVINfromHomeLoggedIn - NoSticker" status="PASSED">
         <system-out><![CDATA[2018-05-31 10:50:12 - [TEST_CASE][PASSED] - Test Cases/CheckVINfromHomeLoggedIn - NoSticker: Test Cases/CheckVINfromHomeLoggedIn - NoSticker

2018-05-31 10:50:12 - [TEST_STEP][PASSED] - callTestCase: Call Test Case 'Test Cases/Base Tests/LoginBaseTest' successfully

2018-05-31 10:50:12 - [TEST_CASE][PASSED] - Test Cases/Base Tests/LoginBaseTest: Test Cases/Base Tests/LoginBaseTest

2018-05-31 10:50:12 - [TEST_STEP][PASSED] - openBrowser: Browser is opened with url: ''

2018-05-31 10:50:14 - [MESSAGE][PASSED] - Browser is opened with url: ''

2018-05-31 10:50:14 - [TEST_STEP][PASSED] - maximizeWindow: Current window maximized

2018-05-31 10:50:16 - [MESSAGE][PASSED] - Current window maximized

2018-05-31 10:50:16 - [TEST_STEP][PASSED] - navigateToUrl: Navigate to 'https://dev-front.instavin.com/' successfully

2018-05-31 10:50:21 - [MESSAGE][PASSED] - Navigate to 'https://dev-front.instavin.com/' successfully

2018-05-31 10:50:21 - [TEST_STEP][PASSED] - mouseOver: Object: 'Object Repository/LoggedOutReactPages/CommonElements/SignIn_Label' is hovered

2018-05-31 10:50:21 - [MESSAGE][PASSED] - Object: 'Object Repository/LoggedOutReactPages/CommonElements/SignIn_Label' is hovered

2018-05-31 10:50:21 - [TEST_STEP][PASSED] - verifyElementVisible: Object 'Object Repository/LoggedOutReactPages/CommonElements/SignIn_Button' is visible

2018-05-31 10:50:21 - [MESSAGE][PASSED] - Object 'Object Repository/LoggedOutReactPages/CommonElements/SignIn_Button' is visible

2018-05-31 10:50:21 - [TEST_STEP][PASSED] - setText: Text 'consumer1@mailinator.com' is set on object 'Object Repository/LoggedOutReactPages/CommonElements/Email_input'

2018-05-31 10:50:21 - [MESSAGE][PASSED] - Text 'consumer1@mailinator.com' is set on object 'Object Repository/LoggedOutReactPages/CommonElements/Email_input'

2018-05-31 10:50:21 - [TEST_STEP][PASSED] - setText: Text '111111' is set on object 'Object Repository/LoggedOutReactPages/CommonElements/Password_input'

2018-05-31 10:50:21 - [MESSAGE][PASSED] - Text '111111' is set on object 'Object Repository/LoggedOutReactPages/CommonElements/Password_input'

2018-05-31 10:50:21 - [TEST_STEP][PASSED] - click: Object: 'Object Repository/LoggedOutReactPages/CommonElements/SignIn_Button' is clicked on

2018-05-31 10:50:22 - [MESSAGE][PASSED] - Object: 'Object Repository/LoggedOutReactPages/CommonElements/SignIn_Button' is clicked on

2018-05-31 10:50:22 - [MESSAGE][PASSED] - Call Test Case 'Test Cases/Base Tests/LoginBaseTest' successfully

2018-05-31 10:50:22 - [TEST_STEP][PASSED] - verifyElementVisible: Object 'Object Repository/LoggedInReactPages/MyAccount/Account_Header' is visible

2018-05-31 10:50:23 - [MESSAGE][PASSED] - Object 'Object Repository/LoggedInReactPages/MyAccount/Account_Header' is visible

2018-05-31 10:50:23 - [TEST_STEP][PASSED] - navigateToUrl: Navigate to 'https://dev-front.instavin.com/' successfully

2018-05-31 10:50:25 - [MESSAGE][PASSED] - Navigate to 'https://dev-front.instavin.com/' successfully

2018-05-31 10:50:25 - [TEST_STEP][PASSED] - waitForElementPresent: Object 'Object Repository/LoggedOutReactPages/HomeLoggedOut/EnterVIN_input' is present

2018-05-31 10:50:25 - [MESSAGE][WARNING] - Timeout '0' is invalid. Using default page load timeout: '30'

2018-05-31 10:50:25 - [MESSAGE][PASSED] - Object 'Object Repository/LoggedOutReactPages/HomeLoggedOut/EnterVIN_input' is present

2018-05-31 10:50:25 - [TEST_STEP][PASSED] - verifyElementAttributeValue: Object 'Object Repository/LoggedOutReactPages/HomeLoggedOut/EnterVIN_input' has attribute 'placeholder' with value 'ENTER VIN NUMBER'

2018-05-31 10:50:25 - [MESSAGE][WARNING] - Timeout '0' is invalid. Using default page load timeout: '30'

2018-05-31 10:50:25 - [MESSAGE][PASSED] - Object 'Object Repository/LoggedOutReactPages/HomeLoggedOut/EnterVIN_input' has attribute 'placeholder' with value 'ENTER VIN NUMBER'

2018-05-31 10:50:25 - [TEST_STEP][PASSED] - setText: Text 'JF1SF63591H766643' is set on object 'Object Repository/LoggedOutReactPages/HomeLoggedOut/EnterVIN_input'

2018-05-31 10:50:25 - [MESSAGE][PASSED] - Text 'JF1SF63591H766643' is set on object 'Object Repository/LoggedOutReactPages/HomeLoggedOut/EnterVIN_input'

2018-05-31 10:50:25 - [TEST_STEP][PASSED] - click: Object: 'Object Repository/LoggedOutReactPages/HomeLoggedOut/SubmitVinArrow_Button' is clicked on

2018-05-31 10:50:26 - [MESSAGE][PASSED] - Object: 'Object Repository/LoggedOutReactPages/HomeLoggedOut/SubmitVinArrow_Button' is clicked on

2018-05-31 10:50:26 - [TEST_STEP][PASSED] - waitForElementVisible: Object 'Object Repository/LoggedInReactPages/Order (react)/instaVINProducts_Label' is visible

2018-05-31 10:50:26 - [MESSAGE][WARNING] - Timeout '0' is invalid. Using default page load timeout: '30'

2018-05-31 10:50:26 - [MESSAGE][PASSED] - Object 'Object Repository/LoggedInReactPages/Order (react)/instaVINProducts_Label' is visible

2018-05-31 10:50:26 - [TEST_STEP][PASSED] - verifyElementPresent: Object 'Object Repository/LoggedInReactPages/Order (react)/MyAccount_Label' is present

2018-05-31 10:50:26 - [MESSAGE][WARNING] - Timeout '0' is invalid. Using default page load timeout: '30'

2018-05-31 10:50:26 - [MESSAGE][PASSED] - Object 'Object Repository/LoggedInReactPages/Order (react)/MyAccount_Label' is present

2018-05-31 10:50:26 - [TEST_STEP][PASSED] - verifyElementVisible: Object 'Object Repository/LoggedInReactPages/Order (react)/ChangeVIN_Cross' is visible

2018-05-31 10:50:26 - [MESSAGE][PASSED] - Object 'Object Repository/LoggedInReactPages/Order (react)/ChangeVIN_Cross' is visible

2018-05-31 10:50:26 - [TEST_STEP][PASSED] - verifyElementVisible: Object 'Object Repository/LoggedInReactPages/Order (react)/VINdisplayed' is visible

2018-05-31 10:50:26 - [MESSAGE][PASSED] - Object 'Object Repository/LoggedInReactPages/Order (react)/VINdisplayed' is visible

2018-05-31 10:50:26 - [TEST_STEP][PASSED] - verifyElementText: Actual text and expected text of test object 'Object Repository/LoggedInReactPages/Order (react)/VinDetails_Alert' are matched.

2018-05-31 10:50:26 - [MESSAGE][PASSED] - Actual text and expected text of test object 'Object Repository/LoggedInReactPages/Order (react)/VinDetails_Alert' are matched.

2018-05-31 10:50:26 - [TEST_STEP][PASSED] - verifyElementNotPresent: Web element with id: 'Object Repository/LoggedInReactPages/Order (react)/VINCheckForm_EnterVINInput' located by 'By.xpath: //input[@class='VinCheckField InlineRightButtonFieldContainer']' is not present after '30' second(s)

2018-05-31 10:50:26 - [MESSAGE][WARNING] - Timeout '0' is invalid. Using default page load timeout: '30'

2018-05-31 10:50:26 - [MESSAGE][PASSED] - Web element with id: 'Object Repository/LoggedInReactPages/Order (react)/VINCheckForm_EnterVINInput' located by 'By.xpath: //input[@class='VinCheckField InlineRightButtonFieldContainer']' is not present after '30' second(s)

2018-05-31 10:50:26 - [TEST_STEP][PASSED] - verifyElementPresent: Object 'Object Repository/LoggedInReactPages/Order (react)/OrderNow_OrangeButton' is present

2018-05-31 10:50:26 - [MESSAGE][WARNING] - Timeout '0' is invalid. Using default page load timeout: '30'

2018-05-31 10:50:26 - [MESSAGE][PASSED] - Object 'Object Repository/LoggedInReactPages/Order (react)/OrderNow_OrangeButton' is present

2018-05-31 10:50:26 - [TEST_STEP][PASSED] - closeBrowser: Browser is closed

2018-05-31 10:50:27 - [MESSAGE][PASSED] - Browser is closed]]></system-out>
         <system-err><![CDATA[]]></system-err>
      </testcase>
      <testcase name="Test Cases/CheckVINfromHomeLoggedIn - ShortVINwith9Digits" classname="Test Cases/CheckVINfromHomeLoggedIn - ShortVINwith9Digits" status="PASSED">
         <system-out><![CDATA[2018-05-31 10:50:27 - [TEST_CASE][PASSED] - Test Cases/CheckVINfromHomeLoggedIn - ShortVINwith9Digits: Test Cases/CheckVINfromHomeLoggedIn - ShortVINwith9Digits

2018-05-31 10:50:27 - [TEST_STEP][PASSED] - callTestCase: Call Test Case 'Test Cases/Base Tests/LoginBaseTest' successfully

2018-05-31 10:50:27 - [TEST_CASE][PASSED] - Test Cases/Base Tests/LoginBaseTest: Test Cases/Base Tests/LoginBaseTest

2018-05-31 10:50:27 - [TEST_STEP][PASSED] - openBrowser: Browser is opened with url: ''

2018-05-31 10:50:30 - [MESSAGE][PASSED] - Browser is opened with url: ''

2018-05-31 10:50:30 - [TEST_STEP][PASSED] - maximizeWindow: Current window maximized

2018-05-31 10:50:31 - [MESSAGE][PASSED] - Current window maximized

2018-05-31 10:50:31 - [TEST_STEP][PASSED] - navigateToUrl: Navigate to 'https://dev-front.instavin.com/' successfully

2018-05-31 10:50:35 - [MESSAGE][PASSED] - Navigate to 'https://dev-front.instavin.com/' successfully

2018-05-31 10:50:35 - [TEST_STEP][PASSED] - mouseOver: Object: 'Object Repository/LoggedOutReactPages/CommonElements/SignIn_Label' is hovered

2018-05-31 10:50:35 - [MESSAGE][PASSED] - Object: 'Object Repository/LoggedOutReactPages/CommonElements/SignIn_Label' is hovered

2018-05-31 10:50:35 - [TEST_STEP][PASSED] - verifyElementVisible: Object 'Object Repository/LoggedOutReactPages/CommonElements/SignIn_Button' is visible

2018-05-31 10:50:36 - [MESSAGE][PASSED] - Object 'Object Repository/LoggedOutReactPages/CommonElements/SignIn_Button' is visible

2018-05-31 10:50:36 - [TEST_STEP][PASSED] - setText: Text 'consumer1@mailinator.com' is set on object 'Object Repository/LoggedOutReactPages/CommonElements/Email_input'

2018-05-31 10:50:36 - [MESSAGE][PASSED] - Text 'consumer1@mailinator.com' is set on object 'Object Repository/LoggedOutReactPages/CommonElements/Email_input'

2018-05-31 10:50:36 - [TEST_STEP][PASSED] - setText: Text '111111' is set on object 'Object Repository/LoggedOutReactPages/CommonElements/Password_input'

2018-05-31 10:50:36 - [MESSAGE][PASSED] - Text '111111' is set on object 'Object Repository/LoggedOutReactPages/CommonElements/Password_input'

2018-05-31 10:50:36 - [TEST_STEP][PASSED] - click: Object: 'Object Repository/LoggedOutReactPages/CommonElements/SignIn_Button' is clicked on

2018-05-31 10:50:36 - [MESSAGE][PASSED] - Object: 'Object Repository/LoggedOutReactPages/CommonElements/SignIn_Button' is clicked on

2018-05-31 10:50:36 - [MESSAGE][PASSED] - Call Test Case 'Test Cases/Base Tests/LoginBaseTest' successfully

2018-05-31 10:50:36 - [TEST_STEP][PASSED] - verifyElementVisible: Object 'Object Repository/LoggedInReactPages/MyAccount/Account_Header' is visible

2018-05-31 10:50:38 - [MESSAGE][PASSED] - Object 'Object Repository/LoggedInReactPages/MyAccount/Account_Header' is visible

2018-05-31 10:50:38 - [TEST_STEP][PASSED] - navigateToUrl: Navigate to 'https://dev-front.instavin.com/' successfully

2018-05-31 10:50:39 - [MESSAGE][PASSED] - Navigate to 'https://dev-front.instavin.com/' successfully

2018-05-31 10:50:39 - [TEST_STEP][PASSED] - waitForElementPresent: Object 'Object Repository/LoggedOutReactPages/HomeLoggedOut/EnterVIN_input' is present

2018-05-31 10:50:39 - [MESSAGE][WARNING] - Timeout '0' is invalid. Using default page load timeout: '30'

2018-05-31 10:50:39 - [MESSAGE][PASSED] - Object 'Object Repository/LoggedOutReactPages/HomeLoggedOut/EnterVIN_input' is present

2018-05-31 10:50:39 - [TEST_STEP][PASSED] - verifyElementAttributeValue: Object 'Object Repository/LoggedOutReactPages/HomeLoggedOut/EnterVIN_input' has attribute 'placeholder' with value 'ENTER VIN NUMBER'

2018-05-31 10:50:39 - [MESSAGE][WARNING] - Timeout '0' is invalid. Using default page load timeout: '30'

2018-05-31 10:50:39 - [MESSAGE][PASSED] - Object 'Object Repository/LoggedOutReactPages/HomeLoggedOut/EnterVIN_input' has attribute 'placeholder' with value 'ENTER VIN NUMBER'

2018-05-31 10:50:39 - [TEST_STEP][PASSED] - setText: Text '7J1012752' is set on object 'Object Repository/LoggedOutReactPages/HomeLoggedOut/EnterVIN_input'

2018-05-31 10:50:39 - [MESSAGE][PASSED] - Text '7J1012752' is set on object 'Object Repository/LoggedOutReactPages/HomeLoggedOut/EnterVIN_input'

2018-05-31 10:50:39 - [TEST_STEP][PASSED] - click: Object: 'Object Repository/LoggedOutReactPages/HomeLoggedOut/SubmitVinArrow_Button' is clicked on

2018-05-31 10:50:40 - [MESSAGE][PASSED] - Object: 'Object Repository/LoggedOutReactPages/HomeLoggedOut/SubmitVinArrow_Button' is clicked on

2018-05-31 10:50:40 - [TEST_STEP][PASSED] - waitForElementVisible: Object 'Object Repository/LoggedInReactPages/Order (react)/instaVINProducts_Label' is visible

2018-05-31 10:50:40 - [MESSAGE][WARNING] - Timeout '0' is invalid. Using default page load timeout: '30'

2018-05-31 10:50:40 - [MESSAGE][PASSED] - Object 'Object Repository/LoggedInReactPages/Order (react)/instaVINProducts_Label' is visible

2018-05-31 10:50:40 - [TEST_STEP][PASSED] - verifyElementPresent: Object 'Object Repository/LoggedInReactPages/Order (react)/MyAccount_Label' is present

2018-05-31 10:50:40 - [MESSAGE][WARNING] - Timeout '0' is invalid. Using default page load timeout: '30'

2018-05-31 10:50:40 - [MESSAGE][PASSED] - Object 'Object Repository/LoggedInReactPages/Order (react)/MyAccount_Label' is present

2018-05-31 10:50:40 - [TEST_STEP][PASSED] - verifyElementNotPresent: Web element with id: 'Object Repository/LoggedInReactPages/Order (react)/ChangeVIN_Cross' located by 'By.xpath: //div[@class='CloseButton']' is not present after '30' second(s)

2018-05-31 10:50:40 - [MESSAGE][WARNING] - Timeout '0' is invalid. Using default page load timeout: '30'

2018-05-31 10:50:40 - [MESSAGE][PASSED] - Web element with id: 'Object Repository/LoggedInReactPages/Order (react)/ChangeVIN_Cross' located by 'By.xpath: //div[@class='CloseButton']' is not present after '30' second(s)

2018-05-31 10:50:40 - [TEST_STEP][PASSED] - verifyElementNotPresent: Web element with id: 'Object Repository/LoggedInReactPages/Order (react)/VINdisplayed' located by 'By.xpath: //span[@id='VehicleSummary_Vin']' is not present after '30' second(s)

2018-05-31 10:50:40 - [MESSAGE][WARNING] - Timeout '0' is invalid. Using default page load timeout: '30'

2018-05-31 10:50:41 - [MESSAGE][PASSED] - Web element with id: 'Object Repository/LoggedInReactPages/Order (react)/VINdisplayed' located by 'By.xpath: //span[@id='VehicleSummary_Vin']' is not present after '30' second(s)

2018-05-31 10:50:41 - [TEST_STEP][PASSED] - verifyElementVisible: Object 'Object Repository/LoggedInReactPages/Order (react)/VinDetails_Alert' is visible

2018-05-31 10:50:41 - [MESSAGE][PASSED] - Object 'Object Repository/LoggedInReactPages/Order (react)/VinDetails_Alert' is visible

2018-05-31 10:50:41 - [TEST_STEP][PASSED] - verifyTextPresent: Text 'The VIN entered is 9 digits long.' is present on page 

2018-05-31 10:50:41 - [MESSAGE][PASSED] - Text 'The VIN entered is 9 digits long.' is present on page 

2018-05-31 10:50:41 - [TEST_STEP][PASSED] - verifyTextPresent: Text 'If your vehicle is a classic car, RV or specialty vehicle, this may be correct. However, no records are available from participating DMVs.' is present on page 

2018-05-31 10:50:41 - [MESSAGE][PASSED] - Text 'If your vehicle is a classic car, RV or specialty vehicle, this may be correct. However, no records are available from participating DMVs.' is present on page 

2018-05-31 10:50:41 - [TEST_STEP][PASSED] - verifyTextPresent: Text 'If your VIN is for a vehicle produced after 1981 it should have exactly 17 digits.' is present on page 

2018-05-31 10:50:41 - [MESSAGE][PASSED] - Text 'If your VIN is for a vehicle produced after 1981 it should have exactly 17 digits.' is present on page 

2018-05-31 10:50:41 - [TEST_STEP][PASSED] - verifyTextPresent: Text 'Sorry, no Window Sticker is Available for this VIN.' is present on page 

2018-05-31 10:50:42 - [MESSAGE][PASSED] - Text 'Sorry, no Window Sticker is Available for this VIN.' is present on page 

2018-05-31 10:50:42 - [TEST_STEP][PASSED] - verifyElementVisible: Object 'Object Repository/LoggedInReactPages/Order (react)/VINCheckForm_EnterVINInput' is visible

2018-05-31 10:50:42 - [MESSAGE][PASSED] - Object 'Object Repository/LoggedInReactPages/Order (react)/VINCheckForm_EnterVINInput' is visible

2018-05-31 10:50:42 - [TEST_STEP][PASSED] - verifyElementAttributeValue: Object 'Object Repository/LoggedInReactPages/Order (react)/VINCheckForm_EnterVINInput' has attribute 'value' with value '7J1012752'

2018-05-31 10:50:42 - [MESSAGE][WARNING] - Timeout '0' is invalid. Using default page load timeout: '30'

2018-05-31 10:50:42 - [MESSAGE][PASSED] - Object 'Object Repository/LoggedInReactPages/Order (react)/VINCheckForm_EnterVINInput' has attribute 'value' with value '7J1012752'

2018-05-31 10:50:42 - [TEST_STEP][PASSED] - verifyElementPresent: Object 'Object Repository/LoggedInReactPages/Order (react)/OrderNow_OrangeButton' is present

2018-05-31 10:50:42 - [MESSAGE][WARNING] - Timeout '0' is invalid. Using default page load timeout: '30'

2018-05-31 10:50:42 - [MESSAGE][PASSED] - Object 'Object Repository/LoggedInReactPages/Order (react)/OrderNow_OrangeButton' is present

2018-05-31 10:50:42 - [TEST_STEP][PASSED] - closeBrowser: Browser is closed

2018-05-31 10:50:42 - [MESSAGE][PASSED] - Browser is closed]]></system-out>
         <system-err><![CDATA[]]></system-err>
      </testcase>
      <testcase name="Test Cases/CheckVINfromHomeLoggedIn - Success" classname="Test Cases/CheckVINfromHomeLoggedIn - Success" status="PASSED">
         <system-out><![CDATA[2018-05-31 10:50:42 - [TEST_CASE][PASSED] - Test Cases/CheckVINfromHomeLoggedIn - Success: Test Cases/CheckVINfromHomeLoggedIn - Success

2018-05-31 10:50:42 - [TEST_STEP][PASSED] - callTestCase: Call Test Case 'Test Cases/Base Tests/LoginBaseTest' successfully

2018-05-31 10:50:43 - [TEST_CASE][PASSED] - Test Cases/Base Tests/LoginBaseTest: Test Cases/Base Tests/LoginBaseTest

2018-05-31 10:50:43 - [TEST_STEP][PASSED] - openBrowser: Browser is opened with url: ''

2018-05-31 10:50:45 - [MESSAGE][PASSED] - Browser is opened with url: ''

2018-05-31 10:50:45 - [TEST_STEP][PASSED] - maximizeWindow: Current window maximized

2018-05-31 10:50:46 - [MESSAGE][PASSED] - Current window maximized

2018-05-31 10:50:46 - [TEST_STEP][PASSED] - navigateToUrl: Navigate to 'https://dev-front.instavin.com/' successfully

2018-05-31 10:50:50 - [MESSAGE][PASSED] - Navigate to 'https://dev-front.instavin.com/' successfully

2018-05-31 10:50:50 - [TEST_STEP][PASSED] - mouseOver: Object: 'Object Repository/LoggedOutReactPages/CommonElements/SignIn_Label' is hovered

2018-05-31 10:50:50 - [MESSAGE][PASSED] - Object: 'Object Repository/LoggedOutReactPages/CommonElements/SignIn_Label' is hovered

2018-05-31 10:50:50 - [TEST_STEP][PASSED] - verifyElementVisible: Object 'Object Repository/LoggedOutReactPages/CommonElements/SignIn_Button' is visible

2018-05-31 10:50:50 - [MESSAGE][PASSED] - Object 'Object Repository/LoggedOutReactPages/CommonElements/SignIn_Button' is visible

2018-05-31 10:50:50 - [TEST_STEP][PASSED] - setText: Text 'consumer1@mailinator.com' is set on object 'Object Repository/LoggedOutReactPages/CommonElements/Email_input'

2018-05-31 10:50:51 - [MESSAGE][PASSED] - Text 'consumer1@mailinator.com' is set on object 'Object Repository/LoggedOutReactPages/CommonElements/Email_input'

2018-05-31 10:50:51 - [TEST_STEP][PASSED] - setText: Text '111111' is set on object 'Object Repository/LoggedOutReactPages/CommonElements/Password_input'

2018-05-31 10:50:51 - [MESSAGE][PASSED] - Text '111111' is set on object 'Object Repository/LoggedOutReactPages/CommonElements/Password_input'

2018-05-31 10:50:51 - [TEST_STEP][PASSED] - click: Object: 'Object Repository/LoggedOutReactPages/CommonElements/SignIn_Button' is clicked on

2018-05-31 10:50:51 - [MESSAGE][PASSED] - Object: 'Object Repository/LoggedOutReactPages/CommonElements/SignIn_Button' is clicked on

2018-05-31 10:50:51 - [MESSAGE][PASSED] - Call Test Case 'Test Cases/Base Tests/LoginBaseTest' successfully

2018-05-31 10:50:51 - [TEST_STEP][PASSED] - verifyElementVisible: Object 'Object Repository/LoggedInReactPages/MyAccount/Account_Header' is visible

2018-05-31 10:50:52 - [MESSAGE][PASSED] - Object 'Object Repository/LoggedInReactPages/MyAccount/Account_Header' is visible

2018-05-31 10:50:52 - [TEST_STEP][PASSED] - navigateToUrl: Navigate to 'https://dev-front.instavin.com/' successfully

2018-05-31 10:50:54 - [MESSAGE][PASSED] - Navigate to 'https://dev-front.instavin.com/' successfully

2018-05-31 10:50:54 - [TEST_STEP][PASSED] - waitForElementPresent: Object 'Object Repository/LoggedOutReactPages/HomeLoggedOut/EnterVIN_input' is present

2018-05-31 10:50:54 - [MESSAGE][WARNING] - Timeout '0' is invalid. Using default page load timeout: '30'

2018-05-31 10:50:54 - [MESSAGE][PASSED] - Object 'Object Repository/LoggedOutReactPages/HomeLoggedOut/EnterVIN_input' is present

2018-05-31 10:50:54 - [TEST_STEP][PASSED] - verifyElementAttributeValue: Object 'Object Repository/LoggedOutReactPages/HomeLoggedOut/EnterVIN_input' has attribute 'placeholder' with value 'ENTER VIN NUMBER'

2018-05-31 10:50:54 - [MESSAGE][WARNING] - Timeout '0' is invalid. Using default page load timeout: '30'

2018-05-31 10:50:54 - [MESSAGE][PASSED] - Object 'Object Repository/LoggedOutReactPages/HomeLoggedOut/EnterVIN_input' has attribute 'placeholder' with value 'ENTER VIN NUMBER'

2018-05-31 10:50:54 - [TEST_STEP][PASSED] - setText: Text '5UXKR0C52F0P15679' is set on object 'Object Repository/LoggedOutReactPages/HomeLoggedOut/EnterVIN_input'

2018-05-31 10:50:54 - [MESSAGE][PASSED] - Text '5UXKR0C52F0P15679' is set on object 'Object Repository/LoggedOutReactPages/HomeLoggedOut/EnterVIN_input'

2018-05-31 10:50:54 - [TEST_STEP][PASSED] - click: Object: 'Object Repository/LoggedOutReactPages/HomeLoggedOut/SubmitVinArrow_Button' is clicked on

2018-05-31 10:50:55 - [MESSAGE][PASSED] - Object: 'Object Repository/LoggedOutReactPages/HomeLoggedOut/SubmitVinArrow_Button' is clicked on

2018-05-31 10:50:55 - [TEST_STEP][PASSED] - waitForElementVisible: Object 'Object Repository/LoggedInReactPages/Order (react)/instaVINProducts_Label' is visible

2018-05-31 10:50:55 - [MESSAGE][WARNING] - Timeout '0' is invalid. Using default page load timeout: '30'

2018-05-31 10:50:55 - [MESSAGE][PASSED] - Object 'Object Repository/LoggedInReactPages/Order (react)/instaVINProducts_Label' is visible

2018-05-31 10:50:55 - [TEST_STEP][PASSED] - verifyElementPresent: Object 'Object Repository/LoggedInReactPages/Order (react)/MyAccount_Label' is present

2018-05-31 10:50:55 - [MESSAGE][WARNING] - Timeout '0' is invalid. Using default page load timeout: '30'

2018-05-31 10:50:55 - [MESSAGE][PASSED] - Object 'Object Repository/LoggedInReactPages/Order (react)/MyAccount_Label' is present

2018-05-31 10:50:55 - [TEST_STEP][PASSED] - verifyElementVisible: Object 'Object Repository/LoggedInReactPages/Order (react)/ChangeVIN_Cross' is visible

2018-05-31 10:50:55 - [MESSAGE][PASSED] - Object 'Object Repository/LoggedInReactPages/Order (react)/ChangeVIN_Cross' is visible

2018-05-31 10:50:55 - [TEST_STEP][PASSED] - verifyElementVisible: Object 'Object Repository/LoggedInReactPages/Order (react)/VINdisplayed' is visible

2018-05-31 10:50:56 - [MESSAGE][PASSED] - Object 'Object Repository/LoggedInReactPages/Order (react)/VINdisplayed' is visible

2018-05-31 10:50:56 - [TEST_STEP][PASSED] - verifyElementText: Actual text and expected text of test object 'Object Repository/LoggedInReactPages/Order (react)/VINdisplayed' are matched.

2018-05-31 10:50:56 - [MESSAGE][PASSED] - Actual text and expected text of test object 'Object Repository/LoggedInReactPages/Order (react)/VINdisplayed' are matched.

2018-05-31 10:50:56 - [TEST_STEP][PASSED] - verifyElementText: Actual text and expected text of test object 'Object Repository/LoggedInReactPages/Order (react)/RecordsAreAvailable_Alert' are matched.

2018-05-31 10:50:56 - [MESSAGE][PASSED] - Actual text and expected text of test object 'Object Repository/LoggedInReactPages/Order (react)/RecordsAreAvailable_Alert' are matched.

2018-05-31 10:50:56 - [TEST_STEP][PASSED] - verifyElementNotPresent: Web element with id: 'Object Repository/LoggedInReactPages/Order (react)/VINCheckForm_EnterVINInput' located by 'By.xpath: //input[@class='VinCheckField InlineRightButtonFieldContainer']' is not present after '30' second(s)

2018-05-31 10:50:56 - [MESSAGE][WARNING] - Timeout '0' is invalid. Using default page load timeout: '30'

2018-05-31 10:50:56 - [MESSAGE][PASSED] - Web element with id: 'Object Repository/LoggedInReactPages/Order (react)/VINCheckForm_EnterVINInput' located by 'By.xpath: //input[@class='VinCheckField InlineRightButtonFieldContainer']' is not present after '30' second(s)

2018-05-31 10:50:56 - [TEST_STEP][PASSED] - verifyElementPresent: Object 'Object Repository/LoggedInReactPages/Order (react)/OrderNow_OrangeButton' is present

2018-05-31 10:50:56 - [MESSAGE][WARNING] - Timeout '0' is invalid. Using default page load timeout: '30'

2018-05-31 10:50:56 - [MESSAGE][PASSED] - Object 'Object Repository/LoggedInReactPages/Order (react)/OrderNow_OrangeButton' is present

2018-05-31 10:50:56 - [TEST_STEP][PASSED] - closeBrowser: Browser is closed

2018-05-31 10:50:57 - [MESSAGE][PASSED] - Browser is closed]]></system-out>
         <system-err><![CDATA[]]></system-err>
      </testcase>
      <testcase name="Test Cases/CaDealerRequest - ValidFields" classname="Test Cases/CaDealerRequest - ValidFields" status="PASSED">
         <system-out><![CDATA[2018-05-31 10:50:57 - [TEST_CASE][PASSED] - Test Cases/CaDealerRequest - ValidFields: Test Cases/CaDealerRequest - ValidFields

2018-05-31 10:50:57 - [TEST_STEP][PASSED] - openBrowser: Browser is opened with url: ''

2018-05-31 10:50:59 - [MESSAGE][PASSED] - Browser is opened with url: ''

2018-05-31 10:50:59 - [TEST_STEP][PASSED] - maximizeWindow: Current window maximized

2018-05-31 10:51:00 - [MESSAGE][PASSED] - Current window maximized

2018-05-31 10:51:00 - [TEST_STEP][PASSED] - navigateToUrl: Navigate to 'https://dev-front.instavin.com/' successfully

2018-05-31 10:51:05 - [MESSAGE][PASSED] - Navigate to 'https://dev-front.instavin.com/' successfully

2018-05-31 10:51:05 - [TEST_STEP][PASSED] - mouseOver: Object: 'Object Repository/LoggedOutReactPages/HomeLoggedOut/Dealers_Label' is hovered

2018-05-31 10:51:05 - [MESSAGE][PASSED] - Object: 'Object Repository/LoggedOutReactPages/HomeLoggedOut/Dealers_Label' is hovered

2018-05-31 10:51:05 - [TEST_STEP][PASSED] - verifyElementVisible: Object 'Object Repository/LoggedOutReactPages/HomeLoggedOut/CaliforniaDealers_Link' is visible

2018-05-31 10:51:05 - [MESSAGE][PASSED] - Object 'Object Repository/LoggedOutReactPages/HomeLoggedOut/CaliforniaDealers_Link' is visible

2018-05-31 10:51:05 - [TEST_STEP][PASSED] - click: Object: 'Object Repository/LoggedOutReactPages/HomeLoggedOut/CaliforniaDealers_Link' is clicked on

2018-05-31 10:51:06 - [MESSAGE][PASSED] - Object: 'Object Repository/LoggedOutReactPages/HomeLoggedOut/CaliforniaDealers_Link' is clicked on

2018-05-31 10:51:06 - [TEST_STEP][PASSED] - waitForElementVisible: Object 'Object Repository/LoggedOutReactPages/Dealers/SignUpTop_Button' is visible

2018-05-31 10:51:06 - [MESSAGE][WARNING] - Timeout '0' is invalid. Using default page load timeout: '30'

2018-05-31 10:51:06 - [MESSAGE][PASSED] - Object 'Object Repository/LoggedOutReactPages/Dealers/SignUpTop_Button' is visible

2018-05-31 10:51:06 - [TEST_STEP][PASSED] - verifyTextPresent: Text 'instaVIN Reports complies with the California Assembly Bill 1215 salvage sticker law' is present on page 

2018-05-31 10:51:06 - [MESSAGE][PASSED] - Text 'instaVIN Reports complies with the California Assembly Bill 1215 salvage sticker law' is present on page 

2018-05-31 10:51:06 - [TEST_STEP][PASSED] - verifyTextPresent: Text 'CA Law AB1215 Overview' is present on page 

2018-05-31 10:51:07 - [MESSAGE][PASSED] - Text 'CA Law AB1215 Overview' is present on page 

2018-05-31 10:51:07 - [TEST_STEP][PASSED] - click: Object: 'Object Repository/LoggedOutReactPages/Dealers/SignUpTop_Button' is clicked on

2018-05-31 10:51:07 - [MESSAGE][PASSED] - Object: 'Object Repository/LoggedOutReactPages/Dealers/SignUpTop_Button' is clicked on

2018-05-31 10:51:07 - [TEST_STEP][PASSED] - waitForElementVisible: Object 'Object Repository/LoggedOutReactPages/Dealers/DealerSignUp_Header' is visible

2018-05-31 10:51:07 - [MESSAGE][WARNING] - Timeout '0' is invalid. Using default page load timeout: '30'

2018-05-31 10:51:07 - [MESSAGE][PASSED] - Object 'Object Repository/LoggedOutReactPages/Dealers/DealerSignUp_Header' is visible

2018-05-31 10:51:07 - [TEST_STEP][PASSED] - Statement - now = new java.util.Date(): null

2018-05-31 10:51:07 - [TEST_STEP][PASSED] - Statement - rnd = now.format("yyyyMMddHHmmssSSS").toString(): null

2018-05-31 10:51:07 - [TEST_STEP][PASSED] - Statement - Email = com.kms.katalon.core.webui.keyword.WebUiBuiltInKeywords.concatenate(["dealer", rnd, "@mailinator.com"]): Concatenated string array: '['dealer','20180531105107320','@mailinator.com']' into 'dealer20180531105107320@mailinator.com'

2018-05-31 10:51:07 - [MESSAGE][PASSED] - Concatenated string array: '['dealer','20180531105107320','@mailinator.com']' into 'dealer20180531105107320@mailinator.com'

2018-05-31 10:51:07 - [TEST_STEP][PASSED] - setText: Text 'Test Dealer' is set on object 'Object Repository/LoggedOutReactPages/Dealers/DealerName_Input'

2018-05-31 10:51:07 - [MESSAGE][PASSED] - Text 'Test Dealer' is set on object 'Object Repository/LoggedOutReactPages/Dealers/DealerName_Input'

2018-05-31 10:51:07 - [TEST_STEP][PASSED] - setText: Text '111111' is set on object 'Object Repository/LoggedOutReactPages/Dealers/AccessID_Input'

2018-05-31 10:51:07 - [MESSAGE][PASSED] - Text '111111' is set on object 'Object Repository/LoggedOutReactPages/Dealers/AccessID_Input'

2018-05-31 10:51:07 - [TEST_STEP][PASSED] - setText: Text 'www.test.co' is set on object 'Object Repository/LoggedOutReactPages/Dealers/Website_Input'

2018-05-31 10:51:07 - [MESSAGE][PASSED] - Text 'www.test.co' is set on object 'Object Repository/LoggedOutReactPages/Dealers/Website_Input'

2018-05-31 10:51:07 - [TEST_STEP][PASSED] - setText: Text 'test' is set on object 'Object Repository/LoggedOutReactPages/Dealers/Address_Input'

2018-05-31 10:51:08 - [MESSAGE][PASSED] - Text 'test' is set on object 'Object Repository/LoggedOutReactPages/Dealers/Address_Input'

2018-05-31 10:51:08 - [TEST_STEP][PASSED] - setText: Text 'test' is set on object 'Object Repository/LoggedOutReactPages/Dealers/City_Input'

2018-05-31 10:51:08 - [MESSAGE][PASSED] - Text 'test' is set on object 'Object Repository/LoggedOutReactPages/Dealers/City_Input'

2018-05-31 10:51:08 - [TEST_STEP][PASSED] - selectOptionByValue: All options with value 'CA' are selected in object 'Object Repository/LoggedOutReactPages/CreateAccount/State_Dropdown' 

2018-05-31 10:51:08 - [MESSAGE][PASSED] - All options with value 'CA' are selected in object 'Object Repository/LoggedOutReactPages/CreateAccount/State_Dropdown' 

2018-05-31 10:51:08 - [TEST_STEP][PASSED] - setText: Text '11111' is set on object 'Object Repository/LoggedOutReactPages/Dealers/Zip_Input'

2018-05-31 10:51:08 - [MESSAGE][PASSED] - Text '11111' is set on object 'Object Repository/LoggedOutReactPages/Dealers/Zip_Input'

2018-05-31 10:51:08 - [TEST_STEP][PASSED] - setText: Text 'Dealer' is set on object 'Object Repository/LoggedOutReactPages/Dealers/FirstName_Input'

2018-05-31 10:51:09 - [MESSAGE][PASSED] - Text 'Dealer' is set on object 'Object Repository/LoggedOutReactPages/Dealers/FirstName_Input'

2018-05-31 10:51:09 - [TEST_STEP][PASSED] - setText: Text 'Autotest' is set on object 'Object Repository/LoggedOutReactPages/Dealers/LastName_Input'

2018-05-31 10:51:09 - [MESSAGE][PASSED] - Text 'Autotest' is set on object 'Object Repository/LoggedOutReactPages/Dealers/LastName_Input'

2018-05-31 10:51:09 - [TEST_STEP][PASSED] - setText: Text 'dealer20180531105107320@mailinator.com' is set on object 'Object Repository/LoggedOutReactPages/Dealers/Email_Input'

2018-05-31 10:51:09 - [MESSAGE][PASSED] - Text 'dealer20180531105107320@mailinator.com' is set on object 'Object Repository/LoggedOutReactPages/Dealers/Email_Input'

2018-05-31 10:51:09 - [TEST_STEP][PASSED] - setText: Text '8001112233' is set on object 'Object Repository/LoggedOutReactPages/Dealers/Phone_Input'

2018-05-31 10:51:10 - [MESSAGE][PASSED] - Text '8001112233' is set on object 'Object Repository/LoggedOutReactPages/Dealers/Phone_Input'

2018-05-31 10:51:10 - [TEST_STEP][PASSED] - setText: Text 'Test message text' is set on object 'Object Repository/LoggedOutReactPages/Dealers/Message_InputArea'

2018-05-31 10:51:10 - [MESSAGE][PASSED] - Text 'Test message text' is set on object 'Object Repository/LoggedOutReactPages/Dealers/Message_InputArea'

2018-05-31 10:51:10 - [TEST_STEP][PASSED] - click: Object: 'Object Repository/LoggedOutReactPages/Dealers/DealerSubmit_Button' is clicked on

2018-05-31 10:51:10 - [MESSAGE][PASSED] - Object: 'Object Repository/LoggedOutReactPages/Dealers/DealerSubmit_Button' is clicked on

2018-05-31 10:51:10 - [TEST_STEP][PASSED] - waitForElementPresent: Object 'Object Repository/LoggedOutReactPages/Dealers/Confirmation_Modal' is present

2018-05-31 10:51:10 - [MESSAGE][WARNING] - Timeout '0' is invalid. Using default page load timeout: '30'

2018-05-31 10:51:10 - [MESSAGE][PASSED] - Object 'Object Repository/LoggedOutReactPages/Dealers/Confirmation_Modal' is present

2018-05-31 10:51:10 - [TEST_STEP][PASSED] - verifyTextPresent: Text 'Click OK to be redirected to instaVIN® Dealer pricing. Dealers - Buy in Bundles and Save!' is present on page 

2018-05-31 10:51:10 - [MESSAGE][PASSED] - Text 'Click OK to be redirected to instaVIN® Dealer pricing. Dealers - Buy in Bundles and Save!' is present on page 

2018-05-31 10:51:10 - [TEST_STEP][PASSED] - click: Object: 'Object Repository/LoggedOutReactPages/Dealers/OkConfirmation_Button' is clicked on

2018-05-31 10:51:12 - [MESSAGE][PASSED] - Object: 'Object Repository/LoggedOutReactPages/Dealers/OkConfirmation_Button' is clicked on

2018-05-31 10:51:12 - [TEST_STEP][PASSED] - waitForElementVisible: Object 'Object Repository/LoggedOutReactPages/DealersOrder/EnterVin_Field' is visible

2018-05-31 10:51:12 - [MESSAGE][WARNING] - Timeout '0' is invalid. Using default page load timeout: '30'

2018-05-31 10:51:12 - [MESSAGE][PASSED] - Object 'Object Repository/LoggedOutReactPages/DealersOrder/EnterVin_Field' is visible

2018-05-31 10:51:12 - [TEST_STEP][PASSED] - Statement - RedirectURL = com.kms.katalon.core.webui.keyword.WebUiBuiltInKeywords.getUrl(): Current window's url is: 'https://dev-front.instavin.com/_O/CA-Dealer-Specials/order'

2018-05-31 10:51:12 - [MESSAGE][PASSED] - Current window's url is: 'https://dev-front.instavin.com/_O/CA-Dealer-Specials/order'

2018-05-31 10:51:12 - [TEST_STEP][PASSED] - Statement - ExpectedURL = com.kms.katalon.core.webui.keyword.WebUiBuiltInKeywords.concatenate([StartURL, "_O/CA-Dealer-Specials/order"]): Concatenated string array: '['https://dev-front.instavin.com/','_O/CA-Dealer-Specials/order']' into 'https://dev-front.instavin.com/_O/CA-Dealer-Specials/order'

2018-05-31 10:51:12 - [MESSAGE][PASSED] - Concatenated string array: '['https://dev-front.instavin.com/','_O/CA-Dealer-Specials/order']' into 'https://dev-front.instavin.com/_O/CA-Dealer-Specials/order'

2018-05-31 10:51:12 - [TEST_STEP][PASSED] - verifyEqual: Actual object 'https://dev-front.instavin.com/_O/CA-Dealer-Specials/order' and expected object 'https://dev-front.instavin.com/_O/CA-Dealer-Specials/order' are equal

2018-05-31 10:51:12 - [MESSAGE][PASSED] - Actual object 'https://dev-front.instavin.com/_O/CA-Dealer-Specials/order' and expected object 'https://dev-front.instavin.com/_O/CA-Dealer-Specials/order' are equal

2018-05-31 10:51:12 - [TEST_STEP][PASSED] - closeBrowser: Browser is closed

2018-05-31 10:51:13 - [MESSAGE][PASSED] - Browser is closed]]></system-out>
         <system-err><![CDATA[]]></system-err>
      </testcase>
      <testcase name="Test Cases/DealerRequest - ValidFields" classname="Test Cases/DealerRequest - ValidFields" status="PASSED">
         <system-out><![CDATA[2018-05-31 10:51:13 - [TEST_CASE][PASSED] - Test Cases/DealerRequest - ValidFields: Test Cases/DealerRequest - ValidFields

2018-05-31 10:51:13 - [TEST_STEP][PASSED] - openBrowser: Browser is opened with url: ''

2018-05-31 10:51:15 - [MESSAGE][PASSED] - Browser is opened with url: ''

2018-05-31 10:51:15 - [TEST_STEP][PASSED] - maximizeWindow: Current window maximized

2018-05-31 10:51:17 - [MESSAGE][PASSED] - Current window maximized

2018-05-31 10:51:17 - [TEST_STEP][PASSED] - navigateToUrl: Navigate to 'https://dev-front.instavin.com/' successfully

2018-05-31 10:51:21 - [MESSAGE][PASSED] - Navigate to 'https://dev-front.instavin.com/' successfully

2018-05-31 10:51:21 - [TEST_STEP][PASSED] - mouseOver: Object: 'Object Repository/LoggedOutReactPages/HomeLoggedOut/Dealers_Label' is hovered

2018-05-31 10:51:21 - [MESSAGE][PASSED] - Object: 'Object Repository/LoggedOutReactPages/HomeLoggedOut/Dealers_Label' is hovered

2018-05-31 10:51:21 - [TEST_STEP][PASSED] - verifyElementVisible: Object 'Object Repository/LoggedOutReactPages/HomeLoggedOut/DealerProgram_Link' is visible

2018-05-31 10:51:21 - [MESSAGE][PASSED] - Object 'Object Repository/LoggedOutReactPages/HomeLoggedOut/DealerProgram_Link' is visible

2018-05-31 10:51:21 - [TEST_STEP][PASSED] - click: Object: 'Object Repository/LoggedOutReactPages/HomeLoggedOut/DealerProgram_Link' is clicked on

2018-05-31 10:51:23 - [MESSAGE][PASSED] - Object: 'Object Repository/LoggedOutReactPages/HomeLoggedOut/DealerProgram_Link' is clicked on

2018-05-31 10:51:23 - [TEST_STEP][PASSED] - waitForElementVisible: Object 'Object Repository/LoggedOutReactPages/Dealers/SignUpTop_Button' is visible

2018-05-31 10:51:23 - [MESSAGE][WARNING] - Timeout '0' is invalid. Using default page load timeout: '30'

2018-05-31 10:51:23 - [MESSAGE][PASSED] - Object 'Object Repository/LoggedOutReactPages/Dealers/SignUpTop_Button' is visible

2018-05-31 10:51:23 - [TEST_STEP][PASSED] - verifyTextPresent: Text 'Welcome Dealers!' is present on page 

2018-05-31 10:51:23 - [MESSAGE][PASSED] - Text 'Welcome Dealers!' is present on page 

2018-05-31 10:51:23 - [TEST_STEP][PASSED] - verifyTextPresent: Text 'Get more data to help make better decisions, including' is present on page 

2018-05-31 10:51:23 - [MESSAGE][PASSED] - Text 'Get more data to help make better decisions, including' is present on page 

2018-05-31 10:51:23 - [TEST_STEP][PASSED] - click: Object: 'Object Repository/LoggedOutReactPages/Dealers/SignUpTop_Button' is clicked on

2018-05-31 10:51:23 - [MESSAGE][PASSED] - Object: 'Object Repository/LoggedOutReactPages/Dealers/SignUpTop_Button' is clicked on

2018-05-31 10:51:23 - [TEST_STEP][PASSED] - waitForElementVisible: Object 'Object Repository/LoggedOutReactPages/Dealers/DealerSignUp_Header' is visible

2018-05-31 10:51:23 - [MESSAGE][WARNING] - Timeout '0' is invalid. Using default page load timeout: '30'

2018-05-31 10:51:23 - [MESSAGE][PASSED] - Object 'Object Repository/LoggedOutReactPages/Dealers/DealerSignUp_Header' is visible

2018-05-31 10:51:23 - [TEST_STEP][PASSED] - Statement - now = new java.util.Date(): null

2018-05-31 10:51:23 - [TEST_STEP][PASSED] - Statement - rnd = now.format("yyyyMMddHHmmssSSS").toString(): null

2018-05-31 10:51:23 - [TEST_STEP][PASSED] - Statement - Email = com.kms.katalon.core.webui.keyword.WebUiBuiltInKeywords.concatenate(["dealer", rnd, "@mailinator.com"]): Concatenated string array: '['dealer','20180531105123995','@mailinator.com']' into 'dealer20180531105123995@mailinator.com'

2018-05-31 10:51:23 - [MESSAGE][PASSED] - Concatenated string array: '['dealer','20180531105123995','@mailinator.com']' into 'dealer20180531105123995@mailinator.com'

2018-05-31 10:51:23 - [TEST_STEP][PASSED] - setText: Text 'Test Dealer' is set on object 'Object Repository/LoggedOutReactPages/Dealers/DealerName_Input'

2018-05-31 10:51:24 - [MESSAGE][PASSED] - Text 'Test Dealer' is set on object 'Object Repository/LoggedOutReactPages/Dealers/DealerName_Input'

2018-05-31 10:51:24 - [TEST_STEP][PASSED] - setText: Text '111111' is set on object 'Object Repository/LoggedOutReactPages/Dealers/AccessID_Input'

2018-05-31 10:51:24 - [MESSAGE][PASSED] - Text '111111' is set on object 'Object Repository/LoggedOutReactPages/Dealers/AccessID_Input'

2018-05-31 10:51:24 - [TEST_STEP][PASSED] - setText: Text 'www.test.co' is set on object 'Object Repository/LoggedOutReactPages/Dealers/Website_Input'

2018-05-31 10:51:24 - [MESSAGE][PASSED] - Text 'www.test.co' is set on object 'Object Repository/LoggedOutReactPages/Dealers/Website_Input'

2018-05-31 10:51:24 - [TEST_STEP][PASSED] - setText: Text 'test' is set on object 'Object Repository/LoggedOutReactPages/Dealers/Address_Input'

2018-05-31 10:51:24 - [MESSAGE][PASSED] - Text 'test' is set on object 'Object Repository/LoggedOutReactPages/Dealers/Address_Input'

2018-05-31 10:51:24 - [TEST_STEP][PASSED] - setText: Text 'test' is set on object 'Object Repository/LoggedOutReactPages/Dealers/City_Input'

2018-05-31 10:51:24 - [MESSAGE][PASSED] - Text 'test' is set on object 'Object Repository/LoggedOutReactPages/Dealers/City_Input'

2018-05-31 10:51:24 - [TEST_STEP][PASSED] - selectOptionByValue: All options with value 'TX' are selected in object 'Object Repository/LoggedOutReactPages/CreateAccount/State_Dropdown' 

2018-05-31 10:51:25 - [MESSAGE][PASSED] - All options with value 'TX' are selected in object 'Object Repository/LoggedOutReactPages/CreateAccount/State_Dropdown' 

2018-05-31 10:51:25 - [TEST_STEP][PASSED] - setText: Text '11111' is set on object 'Object Repository/LoggedOutReactPages/Dealers/Zip_Input'

2018-05-31 10:51:25 - [MESSAGE][PASSED] - Text '11111' is set on object 'Object Repository/LoggedOutReactPages/Dealers/Zip_Input'

2018-05-31 10:51:25 - [TEST_STEP][PASSED] - setText: Text 'Dealer' is set on object 'Object Repository/LoggedOutReactPages/Dealers/FirstName_Input'

2018-05-31 10:51:25 - [MESSAGE][PASSED] - Text 'Dealer' is set on object 'Object Repository/LoggedOutReactPages/Dealers/FirstName_Input'

2018-05-31 10:51:25 - [TEST_STEP][PASSED] - setText: Text 'Autotest' is set on object 'Object Repository/LoggedOutReactPages/Dealers/LastName_Input'

2018-05-31 10:51:26 - [MESSAGE][PASSED] - Text 'Autotest' is set on object 'Object Repository/LoggedOutReactPages/Dealers/LastName_Input'

2018-05-31 10:51:26 - [TEST_STEP][PASSED] - setText: Text 'dealer20180531105123995@mailinator.com' is set on object 'Object Repository/LoggedOutReactPages/Dealers/Email_Input'

2018-05-31 10:51:26 - [MESSAGE][PASSED] - Text 'dealer20180531105123995@mailinator.com' is set on object 'Object Repository/LoggedOutReactPages/Dealers/Email_Input'

2018-05-31 10:51:26 - [TEST_STEP][PASSED] - setText: Text '8001112233' is set on object 'Object Repository/LoggedOutReactPages/Dealers/Phone_Input'

2018-05-31 10:51:26 - [MESSAGE][PASSED] - Text '8001112233' is set on object 'Object Repository/LoggedOutReactPages/Dealers/Phone_Input'

2018-05-31 10:51:26 - [TEST_STEP][PASSED] - setText: Text 'Test message text' is set on object 'Object Repository/LoggedOutReactPages/Dealers/Message_InputArea'

2018-05-31 10:51:27 - [MESSAGE][PASSED] - Text 'Test message text' is set on object 'Object Repository/LoggedOutReactPages/Dealers/Message_InputArea'

2018-05-31 10:51:27 - [TEST_STEP][PASSED] - click: Object: 'Object Repository/LoggedOutReactPages/Dealers/DealerSubmit_Button' is clicked on

2018-05-31 10:51:27 - [MESSAGE][PASSED] - Object: 'Object Repository/LoggedOutReactPages/Dealers/DealerSubmit_Button' is clicked on

2018-05-31 10:51:27 - [TEST_STEP][PASSED] - waitForElementPresent: Object 'Object Repository/LoggedOutReactPages/Dealers/Confirmation_Modal' is present

2018-05-31 10:51:27 - [MESSAGE][WARNING] - Timeout '0' is invalid. Using default page load timeout: '30'

2018-05-31 10:51:27 - [MESSAGE][PASSED] - Object 'Object Repository/LoggedOutReactPages/Dealers/Confirmation_Modal' is present

2018-05-31 10:51:27 - [TEST_STEP][PASSED] - verifyTextPresent: Text 'Click OK to be redirected to instaVIN® Dealer pricing. Dealers - Buy in Bundles and Save!' is present on page 

2018-05-31 10:51:28 - [MESSAGE][PASSED] - Text 'Click OK to be redirected to instaVIN® Dealer pricing. Dealers - Buy in Bundles and Save!' is present on page 

2018-05-31 10:51:28 - [TEST_STEP][PASSED] - click: Object: 'Object Repository/LoggedOutReactPages/Dealers/OkConfirmation_Button' is clicked on

2018-05-31 10:51:50 - [MESSAGE][PASSED] - Object: 'Object Repository/LoggedOutReactPages/Dealers/OkConfirmation_Button' is clicked on

2018-05-31 10:51:50 - [TEST_STEP][PASSED] - waitForElementVisible: Object 'Object Repository/LoggedOutReactPages/DealersOrder/EnterVin_Field' is visible

2018-05-31 10:51:50 - [MESSAGE][WARNING] - Timeout '0' is invalid. Using default page load timeout: '30'

2018-05-31 10:51:51 - [MESSAGE][PASSED] - Object 'Object Repository/LoggedOutReactPages/DealersOrder/EnterVin_Field' is visible

2018-05-31 10:51:51 - [TEST_STEP][PASSED] - Statement - RedirectURL = com.kms.katalon.core.webui.keyword.WebUiBuiltInKeywords.getUrl(): Current window's url is: 'https://dev-front.instavin.com/_O/dealer-bundles/order'

2018-05-31 10:51:51 - [MESSAGE][PASSED] - Current window's url is: 'https://dev-front.instavin.com/_O/dealer-bundles/order'

2018-05-31 10:51:51 - [TEST_STEP][PASSED] - Statement - ExpectedURL = com.kms.katalon.core.webui.keyword.WebUiBuiltInKeywords.concatenate([StartURL, "_O/dealer-bundles/order"]): Concatenated string array: '['https://dev-front.instavin.com/','_O/dealer-bundles/order']' into 'https://dev-front.instavin.com/_O/dealer-bundles/order'

2018-05-31 10:51:51 - [MESSAGE][PASSED] - Concatenated string array: '['https://dev-front.instavin.com/','_O/dealer-bundles/order']' into 'https://dev-front.instavin.com/_O/dealer-bundles/order'

2018-05-31 10:51:51 - [TEST_STEP][PASSED] - verifyEqual: Actual object 'https://dev-front.instavin.com/_O/dealer-bundles/order' and expected object 'https://dev-front.instavin.com/_O/dealer-bundles/order' are equal

2018-05-31 10:51:51 - [MESSAGE][PASSED] - Actual object 'https://dev-front.instavin.com/_O/dealer-bundles/order' and expected object 'https://dev-front.instavin.com/_O/dealer-bundles/order' are equal

2018-05-31 10:51:51 - [TEST_STEP][PASSED] - closeBrowser: Browser is closed

2018-05-31 10:51:51 - [MESSAGE][PASSED] - Browser is closed]]></system-out>
         <system-err><![CDATA[]]></system-err>
      </testcase>
      <testcase name="Test Cases/Affiliate - BuyVTRConsumer" classname="Test Cases/Affiliate - BuyVTRConsumer" status="PASSED">
         <system-out><![CDATA[2018-05-31 10:51:51 - [TEST_CASE][PASSED] - Test Cases/Affiliate - BuyVTRConsumer: Test Cases/Affiliate - BuyVTRConsumer

2018-05-31 10:51:52 - [TEST_STEP][PASSED] - openBrowser: Browser is opened with url: ''

2018-05-31 10:51:54 - [MESSAGE][PASSED] - Browser is opened with url: ''

2018-05-31 10:51:54 - [TEST_STEP][PASSED] - maximizeWindow: Current window maximized

2018-05-31 10:51:55 - [MESSAGE][PASSED] - Current window maximized

2018-05-31 10:51:55 - [TEST_STEP][PASSED] - Statement - OrderURL = com.kms.katalon.core.webui.keyword.WebUiBuiltInKeywords.concatenate([StagingReact, AffiliateURL, "order/"]): Concatenated string array: '['https://dev-front.instavin.com/','_O/autotest/','order/']' into 'https://dev-front.instavin.com/_O/autotest/order/'

2018-05-31 10:51:55 - [MESSAGE][PASSED] - Concatenated string array: '['https://dev-front.instavin.com/','_O/autotest/','order/']' into 'https://dev-front.instavin.com/_O/autotest/order/'

2018-05-31 10:51:55 - [TEST_STEP][PASSED] - navigateToUrl: Navigate to 'https://dev-front.instavin.com/_O/autotest/order/' successfully

2018-05-31 10:52:00 - [MESSAGE][PASSED] - Navigate to 'https://dev-front.instavin.com/_O/autotest/order/' successfully

2018-05-31 10:52:00 - [TEST_STEP][PASSED] - waitForElementVisible: Object 'Object Repository/LoggedInReactPages/Order (react)/instaVINProducts_Label' is visible

2018-05-31 10:52:00 - [MESSAGE][WARNING] - Timeout '0' is invalid. Using default page load timeout: '30'

2018-05-31 10:52:00 - [MESSAGE][PASSED] - Object 'Object Repository/LoggedInReactPages/Order (react)/instaVINProducts_Label' is visible

2018-05-31 10:52:00 - [TEST_STEP][PASSED] - verifyElementText: Actual text and expected text of test object 'Object Repository/LoggedInReactPages/Order (react)/VtrPrice1' are matched.

2018-05-31 10:52:00 - [MESSAGE][PASSED] - Actual text and expected text of test object 'Object Repository/LoggedInReactPages/Order (react)/VtrPrice1' are matched.

2018-05-31 10:52:00 - [TEST_STEP][PASSED] - verifyElementText: Actual text and expected text of test object 'Object Repository/LoggedInReactPages/Order (react)/VtrPrice10' are matched.

2018-05-31 10:52:00 - [MESSAGE][PASSED] - Actual text and expected text of test object 'Object Repository/LoggedInReactPages/Order (react)/VtrPrice10' are matched.

2018-05-31 10:52:00 - [TEST_STEP][PASSED] - verifyElementText: Actual text and expected text of test object 'Object Repository/LoggedInReactPages/Order (react)/VtrPrice50' are matched.

2018-05-31 10:52:00 - [MESSAGE][PASSED] - Actual text and expected text of test object 'Object Repository/LoggedInReactPages/Order (react)/VtrPrice50' are matched.

2018-05-31 10:52:00 - [TEST_STEP][PASSED] - setText: Text 'SAJWA43C199B29849' is set on object 'Object Repository/LoggedInReactPages/Order (react)/VINCheckForm_EnterVINInput'

2018-05-31 10:52:00 - [MESSAGE][PASSED] - Text 'SAJWA43C199B29849' is set on object 'Object Repository/LoggedInReactPages/Order (react)/VINCheckForm_EnterVINInput'

2018-05-31 10:52:00 - [TEST_STEP][PASSED] - click: Object: 'Object Repository/LoggedInReactPages/Order (react)/CheckVin_ArrowButton' is clicked on

2018-05-31 10:52:00 - [MESSAGE][PASSED] - Object: 'Object Repository/LoggedInReactPages/Order (react)/CheckVin_ArrowButton' is clicked on

2018-05-31 10:52:00 - [TEST_STEP][PASSED] - waitForElementVisible: Object 'Object Repository/LoggedInReactPages/Order (react)/ChangeVIN_Cross' is visible

2018-05-31 10:52:00 - [MESSAGE][WARNING] - Timeout '0' is invalid. Using default page load timeout: '30'

2018-05-31 10:52:01 - [MESSAGE][PASSED] - Object 'Object Repository/LoggedInReactPages/Order (react)/ChangeVIN_Cross' is visible

2018-05-31 10:52:01 - [TEST_STEP][PASSED] - verifyElementVisible: Object 'Object Repository/LoggedInReactPages/Order (react)/OrderNow_OrangeButton' is visible

2018-05-31 10:52:01 - [MESSAGE][PASSED] - Object 'Object Repository/LoggedInReactPages/Order (react)/OrderNow_OrangeButton' is visible

2018-05-31 10:52:01 - [TEST_STEP][PASSED] - click: Object: 'Object Repository/LoggedInReactPages/Order (react)/OrderNow_OrangeButton' is clicked on

2018-05-31 10:52:01 - [MESSAGE][PASSED] - Object: 'Object Repository/LoggedInReactPages/Order (react)/OrderNow_OrangeButton' is clicked on

2018-05-31 10:52:01 - [TEST_STEP][PASSED] - waitForElementVisible: Object 'Object Repository/LoggedInReactPages/Order (react)/Purchase_Button' is visible

2018-05-31 10:52:01 - [MESSAGE][WARNING] - Timeout '0' is invalid. Using default page load timeout: '30'

2018-05-31 10:52:01 - [MESSAGE][PASSED] - Object 'Object Repository/LoggedInReactPages/Order (react)/Purchase_Button' is visible

2018-05-31 10:52:01 - [TEST_STEP][PASSED] - Statement - now = new java.util.Date(): null

2018-05-31 10:52:01 - [TEST_STEP][PASSED] - Statement - rnd = now.format("yyyyMMddHHmmssSSS").toString(): null

2018-05-31 10:52:01 - [TEST_STEP][PASSED] - Statement - Email = com.kms.katalon.core.webui.keyword.WebUiBuiltInKeywords.concatenate(["affiliate", rnd, "@mailinator.com"]): Concatenated string array: '['affiliate','20180531105201790','@mailinator.com']' into 'affiliate20180531105201790@mailinator.com'

2018-05-31 10:52:01 - [MESSAGE][PASSED] - Concatenated string array: '['affiliate','20180531105201790','@mailinator.com']' into 'affiliate20180531105201790@mailinator.com'

2018-05-31 10:52:01 - [TEST_STEP][PASSED] - callTestCase: Call Test Case 'Test Cases/Base Tests/OrderSignUpBase' successfully

2018-05-31 10:52:01 - [TEST_CASE][PASSED] - Test Cases/Base Tests/OrderSignUpBase: Test Cases/Base Tests/OrderSignUpBase

2018-05-31 10:52:02 - [TEST_STEP][PASSED] - setText: Text 'Affiliate' is set on object 'Object Repository/LoggedOutReactPages/OrderLoggedOut/FirstName_Input'

2018-05-31 10:52:02 - [MESSAGE][PASSED] - Text 'Affiliate' is set on object 'Object Repository/LoggedOutReactPages/OrderLoggedOut/FirstName_Input'

2018-05-31 10:52:02 - [TEST_STEP][PASSED] - setText: Text 'Test' is set on object 'Object Repository/LoggedOutReactPages/OrderLoggedOut/LastName_Input'

2018-05-31 10:52:02 - [MESSAGE][PASSED] - Text 'Test' is set on object 'Object Repository/LoggedOutReactPages/OrderLoggedOut/LastName_Input'

2018-05-31 10:52:03 - [TEST_STEP][PASSED] - setText: Text 'test' is set on object 'Object Repository/LoggedOutReactPages/OrderLoggedOut/Address_Input'

2018-05-31 10:52:03 - [MESSAGE][PASSED] - Text 'test' is set on object 'Object Repository/LoggedOutReactPages/OrderLoggedOut/Address_Input'

2018-05-31 10:52:03 - [TEST_STEP][PASSED] - setText: Text 'test' is set on object 'Object Repository/LoggedOutReactPages/OrderLoggedOut/City_Input'

2018-05-31 10:52:03 - [MESSAGE][PASSED] - Text 'test' is set on object 'Object Repository/LoggedOutReactPages/OrderLoggedOut/City_Input'

2018-05-31 10:52:03 - [TEST_STEP][PASSED] - selectOptionByValue: All options with value 'TX' are selected in object 'Object Repository/LoggedOutReactPages/OrderLoggedOut/State_Dropdown' 

2018-05-31 10:52:03 - [MESSAGE][PASSED] - All options with value 'TX' are selected in object 'Object Repository/LoggedOutReactPages/OrderLoggedOut/State_Dropdown' 

2018-05-31 10:52:04 - [TEST_STEP][PASSED] - setText: Text '11111' is set on object 'Object Repository/LoggedOutReactPages/OrderLoggedOut/Zip_Input'

2018-05-31 10:52:04 - [MESSAGE][PASSED] - Text '11111' is set on object 'Object Repository/LoggedOutReactPages/OrderLoggedOut/Zip_Input'

2018-05-31 10:52:04 - [TEST_STEP][PASSED] - setText: Text '8001112233' is set on object 'Object Repository/LoggedOutReactPages/OrderLoggedOut/Phone_Input'

2018-05-31 10:52:04 - [MESSAGE][PASSED] - Text '8001112233' is set on object 'Object Repository/LoggedOutReactPages/OrderLoggedOut/Phone_Input'

2018-05-31 10:52:04 - [TEST_STEP][PASSED] - setText: Text 'affiliate20180531105201790@mailinator.com' is set on object 'Object Repository/LoggedOutReactPages/OrderLoggedOut/Email_Input'

2018-05-31 10:52:05 - [MESSAGE][PASSED] - Text 'affiliate20180531105201790@mailinator.com' is set on object 'Object Repository/LoggedOutReactPages/OrderLoggedOut/Email_Input'

2018-05-31 10:52:05 - [TEST_STEP][PASSED] - setText: Text '4000100011112224' is set on object 'Object Repository/LoggedOutReactPages/OrderLoggedOut/CcNumber_Input'

2018-05-31 10:52:05 - [MESSAGE][PASSED] - Text '4000100011112224' is set on object 'Object Repository/LoggedOutReactPages/OrderLoggedOut/CcNumber_Input'

2018-05-31 10:52:05 - [TEST_STEP][PASSED] - setText: Text '111' is set on object 'Object Repository/LoggedOutReactPages/OrderLoggedOut/CVV_Input'

2018-05-31 10:52:05 - [MESSAGE][PASSED] - Text '111' is set on object 'Object Repository/LoggedOutReactPages/OrderLoggedOut/CVV_Input'

2018-05-31 10:52:05 - [TEST_STEP][PASSED] - selectOptionByValue: All options with value '11' are selected in object 'Object Repository/LoggedOutReactPages/OrderLoggedOut/ExpirationMonth_Dropdown' 

2018-05-31 10:52:05 - [MESSAGE][PASSED] - All options with value '11' are selected in object 'Object Repository/LoggedOutReactPages/OrderLoggedOut/ExpirationMonth_Dropdown' 

2018-05-31 10:52:05 - [TEST_STEP][PASSED] - selectOptionByValue: All options with value '2020' are selected in object 'Object Repository/LoggedOutReactPages/OrderLoggedOut/ExpirationYear_Dropdown' 

2018-05-31 10:52:05 - [MESSAGE][PASSED] - All options with value '2020' are selected in object 'Object Repository/LoggedOutReactPages/OrderLoggedOut/ExpirationYear_Dropdown' 

2018-05-31 10:52:05 - [TEST_STEP][PASSED] - selectOptionByValue: All options with value '0' are selected in object 'Object Repository/LoggedOutReactPages/OrderLoggedOut/UserType_Dropdown' 

2018-05-31 10:52:06 - [MESSAGE][PASSED] - All options with value '0' are selected in object 'Object Repository/LoggedOutReactPages/OrderLoggedOut/UserType_Dropdown' 

2018-05-31 10:52:06 - [TEST_STEP][PASSED] - check: Object 'Object Repository/LoggedOutReactPages/OrderLoggedOut/Terms_Checkbox' is checked

2018-05-31 10:52:06 - [MESSAGE][PASSED] - Object 'Object Repository/LoggedOutReactPages/OrderLoggedOut/Terms_Checkbox' is checked

2018-05-31 10:52:06 - [TEST_STEP][PASSED] - click: Object: 'Object Repository/LoggedInReactPages/Order (react)/Purchase_Button' is clicked on

2018-05-31 10:52:06 - [MESSAGE][PASSED] - Object: 'Object Repository/LoggedInReactPages/Order (react)/Purchase_Button' is clicked on

2018-05-31 10:52:06 - [MESSAGE][PASSED] - Call Test Case 'Test Cases/Base Tests/OrderSignUpBase' successfully

2018-05-31 10:52:06 - [TEST_STEP][PASSED] - waitForElementClickable: Object 'Object Repository/LoggedInReactPages/Order (react)/CompletePurchase_Button' is clickable

2018-05-31 10:52:06 - [MESSAGE][WARNING] - Timeout '0' is invalid. Using default page load timeout: '30'

2018-05-31 10:52:06 - [MESSAGE][PASSED] - Object 'Object Repository/LoggedInReactPages/Order (react)/CompletePurchase_Button' is clickable

2018-05-31 10:52:06 - [TEST_STEP][PASSED] - Statement - Price = com.kms.katalon.core.webui.keyword.WebUiBuiltInKeywords.concatenate(["Only ", Vtr1]): Concatenated string array: '['Only ','$333.00']' into 'Only $333.00'

2018-05-31 10:52:07 - [MESSAGE][PASSED] - Concatenated string array: '['Only ','$333.00']' into 'Only $333.00'

2018-05-31 10:52:07 - [TEST_STEP][PASSED] - verifyElementText: Actual text and expected text of test object 'Object Repository/LoggedInReactPages/Order (react)/Confirm_Price' are matched.

2018-05-31 10:52:07 - [MESSAGE][PASSED] - Actual text and expected text of test object 'Object Repository/LoggedInReactPages/Order (react)/Confirm_Price' are matched.

2018-05-31 10:52:07 - [TEST_STEP][PASSED] - click: Object: 'Object Repository/LoggedInReactPages/Order (react)/CompletePurchase_Button' is clicked on

2018-05-31 10:52:07 - [MESSAGE][PASSED] - Object: 'Object Repository/LoggedInReactPages/Order (react)/CompletePurchase_Button' is clicked on

2018-05-31 10:52:07 - [TEST_STEP][PASSED] - waitForElementPresent: Object 'Object Repository/LoggedInReactPages/Order (react)/VINCheckForm_EnterVINInput' is present

2018-05-31 10:52:07 - [MESSAGE][WARNING] - Timeout '0' is invalid. Using default page load timeout: '30'

2018-05-31 10:52:27 - [MESSAGE][PASSED] - Object 'Object Repository/LoggedInReactPages/Order (react)/VINCheckForm_EnterVINInput' is present

2018-05-31 10:52:27 - [TEST_STEP][PASSED] - waitForElementClickable: Object 'Object Repository/LoggedInReactPages/Order (react)/ViewReport_Button' is clickable

2018-05-31 10:52:27 - [MESSAGE][WARNING] - Timeout '0' is invalid. Using default page load timeout: '30'

2018-05-31 10:52:27 - [MESSAGE][PASSED] - Object 'Object Repository/LoggedInReactPages/Order (react)/ViewReport_Button' is clickable

2018-05-31 10:52:27 - [TEST_STEP][PASSED] - verifyTextPresent: Text 'Thank you for using instaVIN!' is present on page 

2018-05-31 10:52:28 - [MESSAGE][PASSED] - Text 'Thank you for using instaVIN!' is present on page 

2018-05-31 10:52:28 - [TEST_STEP][PASSED] - verifyElementText: Actual text and expected text of test object 'Object Repository/LoggedInReactPages/Order (react)/ViewReport - Vin' are matched.

2018-05-31 10:52:28 - [MESSAGE][PASSED] - Actual text and expected text of test object 'Object Repository/LoggedInReactPages/Order (react)/ViewReport - Vin' are matched.

2018-05-31 10:52:28 - [TEST_STEP][PASSED] - verifyElementText: Actual text and expected text of test object 'Object Repository/LoggedInReactPages/Order (react)/ViewReport - ReportType' are matched.

2018-05-31 10:52:28 - [MESSAGE][PASSED] - Actual text and expected text of test object 'Object Repository/LoggedInReactPages/Order (react)/ViewReport - ReportType' are matched.

2018-05-31 10:52:28 - [TEST_STEP][PASSED] - click: Object: 'Object Repository/LoggedInReactPages/Order (react)/ViewReport_Button' is clicked on

2018-05-31 10:52:31 - [MESSAGE][PASSED] - Object: 'Object Repository/LoggedInReactPages/Order (react)/ViewReport_Button' is clicked on

2018-05-31 10:52:31 - [TEST_STEP][PASSED] - waitForElementVisible: Object 'Object Repository/LoggedInReactPages/ReportSummary/ReportHeader' is visible

2018-05-31 10:52:31 - [MESSAGE][WARNING] - Timeout '0' is invalid. Using default page load timeout: '30'

2018-05-31 10:52:31 - [MESSAGE][PASSED] - Object 'Object Repository/LoggedInReactPages/ReportSummary/ReportHeader' is visible

2018-05-31 10:52:31 - [TEST_STEP][PASSED] - verifyElementText: Actual text and expected text of test object 'Object Repository/LoggedInReactPages/ReportSummary/VehicleTitle' are matched.

2018-05-31 10:52:31 - [MESSAGE][PASSED] - Actual text and expected text of test object 'Object Repository/LoggedInReactPages/ReportSummary/VehicleTitle' are matched.

2018-05-31 10:52:31 - [TEST_STEP][PASSED] - verifyElementAttributeValue: Object 'Object Repository/LoggedInReactPages/ReportSummary/ReportType' has attribute 'class' with value 'ReportGrade AlertSuccess'

2018-05-31 10:52:31 - [MESSAGE][WARNING] - Timeout '0' is invalid. Using default page load timeout: '30'

2018-05-31 10:52:31 - [MESSAGE][PASSED] - Object 'Object Repository/LoggedInReactPages/ReportSummary/ReportType' has attribute 'class' with value 'ReportGrade AlertSuccess'

2018-05-31 10:52:31 - [TEST_STEP][PASSED] - verifyElementText: Actual text and expected text of test object 'Object Repository/LoggedInReactPages/ReportSummary/ReportType' are matched.

2018-05-31 10:52:31 - [MESSAGE][PASSED] - Actual text and expected text of test object 'Object Repository/LoggedInReactPages/ReportSummary/ReportType' are matched.

2018-05-31 10:52:31 - [TEST_STEP][PASSED] - verifyElementAttributeValue: Object 'Object Repository/LoggedInReactPages/ReportSummary/VehicleSpecsStatus' has attribute 'class' with value 'SummaryAlertContainer AlertSuccess'

2018-05-31 10:52:31 - [MESSAGE][WARNING] - Timeout '0' is invalid. Using default page load timeout: '30'

2018-05-31 10:52:31 - [MESSAGE][PASSED] - Object 'Object Repository/LoggedInReactPages/ReportSummary/VehicleSpecsStatus' has attribute 'class' with value 'SummaryAlertContainer AlertSuccess'

2018-05-31 10:52:31 - [TEST_STEP][PASSED] - verifyElementAttributeValue: Object 'Object Repository/LoggedInReactPages/ReportSummary/JunkSalvageStatus' has attribute 'class' with value 'SummaryAlertContainer AlertSuccess'

2018-05-31 10:52:31 - [MESSAGE][WARNING] - Timeout '0' is invalid. Using default page load timeout: '30'

2018-05-31 10:52:31 - [MESSAGE][PASSED] - Object 'Object Repository/LoggedInReactPages/ReportSummary/JunkSalvageStatus' has attribute 'class' with value 'SummaryAlertContainer AlertSuccess'

2018-05-31 10:52:31 - [TEST_STEP][PASSED] - verifyElementAttributeValue: Object 'Object Repository/LoggedInReactPages/ReportSummary/TitleStatus' has attribute 'class' with value 'SummaryAlertContainer AlertSuccess'

2018-05-31 10:52:31 - [MESSAGE][WARNING] - Timeout '0' is invalid. Using default page load timeout: '30'

2018-05-31 10:52:32 - [MESSAGE][PASSED] - Object 'Object Repository/LoggedInReactPages/ReportSummary/TitleStatus' has attribute 'class' with value 'SummaryAlertContainer AlertSuccess'

2018-05-31 10:52:32 - [TEST_STEP][PASSED] - verifyElementAttributeValue: Object 'Object Repository/LoggedInReactPages/ReportSummary/OtherStatus' has attribute 'class' with value 'SummaryAlertContainer AlertSuccess'

2018-05-31 10:52:32 - [MESSAGE][WARNING] - Timeout '0' is invalid. Using default page load timeout: '30'

2018-05-31 10:52:32 - [MESSAGE][PASSED] - Object 'Object Repository/LoggedInReactPages/ReportSummary/OtherStatus' has attribute 'class' with value 'SummaryAlertContainer AlertSuccess'

2018-05-31 10:52:32 - [TEST_STEP][PASSED] - verifyElementAttributeValue: Object 'Object Repository/LoggedInReactPages/ReportSummary/VehicleRecallStatus' has attribute 'class' with value 'SummaryAlertContainer AlertSuccess'

2018-05-31 10:52:32 - [MESSAGE][WARNING] - Timeout '0' is invalid. Using default page load timeout: '30'

2018-05-31 10:52:32 - [MESSAGE][PASSED] - Object 'Object Repository/LoggedInReactPages/ReportSummary/VehicleRecallStatus' has attribute 'class' with value 'SummaryAlertContainer AlertSuccess'

2018-05-31 10:52:32 - [TEST_STEP][PASSED] - verifyElementText: Actual text and expected text of test object 'Object Repository/LoggedInReactPages/ReportSummary/OdometerStatus' are matched.

2018-05-31 10:52:32 - [MESSAGE][PASSED] - Actual text and expected text of test object 'Object Repository/LoggedInReactPages/ReportSummary/OdometerStatus' are matched.

2018-05-31 10:52:32 - [TEST_STEP][PASSED] - navigateToUrl: Navigate to 'https://dev-front.instavin.com/_O/autotest/order/' successfully

2018-05-31 10:52:34 - [MESSAGE][PASSED] - Navigate to 'https://dev-front.instavin.com/_O/autotest/order/' successfully

2018-05-31 10:52:34 - [TEST_STEP][PASSED] - verifyElementText: Actual text and expected text of test object 'Object Repository/LoggedInReactPages/Order (react)/VtrPrice1' are matched.

2018-05-31 10:52:34 - [MESSAGE][PASSED] - Actual text and expected text of test object 'Object Repository/LoggedInReactPages/Order (react)/VtrPrice1' are matched.

2018-05-31 10:52:34 - [TEST_STEP][PASSED] - verifyElementText: Actual text and expected text of test object 'Object Repository/LoggedInReactPages/Order (react)/VtrPrice10' are matched.

2018-05-31 10:52:34 - [MESSAGE][PASSED] - Actual text and expected text of test object 'Object Repository/LoggedInReactPages/Order (react)/VtrPrice10' are matched.

2018-05-31 10:52:34 - [TEST_STEP][PASSED] - closeBrowser: Browser is closed

2018-05-31 10:52:35 - [MESSAGE][PASSED] - Browser is closed]]></system-out>
         <system-err><![CDATA[]]></system-err>
      </testcase>
      <testcase name="Test Cases/Affiliate - BuyVTRDealer" classname="Test Cases/Affiliate - BuyVTRDealer" status="PASSED">
         <system-out><![CDATA[2018-05-31 10:52:35 - [TEST_CASE][PASSED] - Test Cases/Affiliate - BuyVTRDealer: Test Cases/Affiliate - BuyVTRDealer

2018-05-31 10:52:35 - [TEST_STEP][PASSED] - openBrowser: Browser is opened with url: ''

2018-05-31 10:52:38 - [MESSAGE][PASSED] - Browser is opened with url: ''

2018-05-31 10:52:38 - [TEST_STEP][PASSED] - maximizeWindow: Current window maximized

2018-05-31 10:52:39 - [MESSAGE][PASSED] - Current window maximized

2018-05-31 10:52:39 - [TEST_STEP][PASSED] - Statement - OrderURL = com.kms.katalon.core.webui.keyword.WebUiBuiltInKeywords.concatenate([StagingReact, AffiliateURL, "order/"]): Concatenated string array: '['https://dev-front.instavin.com/','_O/autotest/','order/']' into 'https://dev-front.instavin.com/_O/autotest/order/'

2018-05-31 10:52:39 - [MESSAGE][PASSED] - Concatenated string array: '['https://dev-front.instavin.com/','_O/autotest/','order/']' into 'https://dev-front.instavin.com/_O/autotest/order/'

2018-05-31 10:52:39 - [TEST_STEP][PASSED] - navigateToUrl: Navigate to 'https://dev-front.instavin.com/_O/autotest/order/' successfully

2018-05-31 10:52:43 - [MESSAGE][PASSED] - Navigate to 'https://dev-front.instavin.com/_O/autotest/order/' successfully

2018-05-31 10:52:43 - [TEST_STEP][PASSED] - waitForElementVisible: Object 'Object Repository/LoggedInReactPages/Order (react)/instaVINProducts_Label' is visible

2018-05-31 10:52:43 - [MESSAGE][WARNING] - Timeout '0' is invalid. Using default page load timeout: '30'

2018-05-31 10:52:43 - [MESSAGE][PASSED] - Object 'Object Repository/LoggedInReactPages/Order (react)/instaVINProducts_Label' is visible

2018-05-31 10:52:43 - [TEST_STEP][PASSED] - verifyElementText: Actual text and expected text of test object 'Object Repository/LoggedInReactPages/Order (react)/VtrPrice1' are matched.

2018-05-31 10:52:43 - [MESSAGE][PASSED] - Actual text and expected text of test object 'Object Repository/LoggedInReactPages/Order (react)/VtrPrice1' are matched.

2018-05-31 10:52:43 - [TEST_STEP][PASSED] - verifyElementText: Actual text and expected text of test object 'Object Repository/LoggedInReactPages/Order (react)/VtrPrice10' are matched.

2018-05-31 10:52:43 - [MESSAGE][PASSED] - Actual text and expected text of test object 'Object Repository/LoggedInReactPages/Order (react)/VtrPrice10' are matched.

2018-05-31 10:52:43 - [TEST_STEP][PASSED] - verifyElementText: Actual text and expected text of test object 'Object Repository/LoggedInReactPages/Order (react)/VtrPrice50' are matched.

2018-05-31 10:52:43 - [MESSAGE][PASSED] - Actual text and expected text of test object 'Object Repository/LoggedInReactPages/Order (react)/VtrPrice50' are matched.

2018-05-31 10:52:43 - [TEST_STEP][PASSED] - setText: Text 'SAJWA43C199B29849' is set on object 'Object Repository/LoggedInReactPages/Order (react)/VINCheckForm_EnterVINInput'

2018-05-31 10:52:44 - [MESSAGE][PASSED] - Text 'SAJWA43C199B29849' is set on object 'Object Repository/LoggedInReactPages/Order (react)/VINCheckForm_EnterVINInput'

2018-05-31 10:52:44 - [TEST_STEP][PASSED] - click: Object: 'Object Repository/LoggedInReactPages/Order (react)/CheckVin_ArrowButton' is clicked on

2018-05-31 10:52:44 - [MESSAGE][PASSED] - Object: 'Object Repository/LoggedInReactPages/Order (react)/CheckVin_ArrowButton' is clicked on

2018-05-31 10:52:44 - [TEST_STEP][PASSED] - waitForElementVisible: Object 'Object Repository/LoggedInReactPages/Order (react)/ChangeVIN_Cross' is visible

2018-05-31 10:52:44 - [MESSAGE][WARNING] - Timeout '0' is invalid. Using default page load timeout: '30'

2018-05-31 10:52:44 - [MESSAGE][PASSED] - Object 'Object Repository/LoggedInReactPages/Order (react)/ChangeVIN_Cross' is visible

2018-05-31 10:52:44 - [TEST_STEP][PASSED] - verifyElementVisible: Object 'Object Repository/LoggedInReactPages/Order (react)/OrderNow_OrangeButton' is visible

2018-05-31 10:52:44 - [MESSAGE][PASSED] - Object 'Object Repository/LoggedInReactPages/Order (react)/OrderNow_OrangeButton' is visible

2018-05-31 10:52:44 - [TEST_STEP][PASSED] - click: Object: 'Object Repository/LoggedInReactPages/Order (react)/OrderNow_OrangeButton' is clicked on

2018-05-31 10:52:45 - [MESSAGE][PASSED] - Object: 'Object Repository/LoggedInReactPages/Order (react)/OrderNow_OrangeButton' is clicked on

2018-05-31 10:52:45 - [TEST_STEP][PASSED] - waitForElementVisible: Object 'Object Repository/LoggedInReactPages/Order (react)/Purchase_Button' is visible

2018-05-31 10:52:45 - [MESSAGE][WARNING] - Timeout '0' is invalid. Using default page load timeout: '30'

2018-05-31 10:52:45 - [MESSAGE][PASSED] - Object 'Object Repository/LoggedInReactPages/Order (react)/Purchase_Button' is visible

2018-05-31 10:52:45 - [TEST_STEP][PASSED] - Statement - now = new java.util.Date(): null

2018-05-31 10:52:45 - [TEST_STEP][PASSED] - Statement - rnd = now.format("yyyyMMddHHmmssSSS").toString(): null

2018-05-31 10:52:45 - [TEST_STEP][PASSED] - Statement - Email = com.kms.katalon.core.webui.keyword.WebUiBuiltInKeywords.concatenate(["affiliate", rnd, "@mailinator.com"]): Concatenated string array: '['affiliate','20180531105245066','@mailinator.com']' into 'affiliate20180531105245066@mailinator.com'

2018-05-31 10:52:45 - [MESSAGE][PASSED] - Concatenated string array: '['affiliate','20180531105245066','@mailinator.com']' into 'affiliate20180531105245066@mailinator.com'

2018-05-31 10:52:45 - [TEST_STEP][PASSED] - callTestCase: Call Test Case 'Test Cases/Base Tests/OrderSignUpBase' successfully

2018-05-31 10:52:45 - [TEST_CASE][PASSED] - Test Cases/Base Tests/OrderSignUpBase: Test Cases/Base Tests/OrderSignUpBase

2018-05-31 10:52:45 - [TEST_STEP][PASSED] - setText: Text 'Affiliate' is set on object 'Object Repository/LoggedOutReactPages/OrderLoggedOut/FirstName_Input'

2018-05-31 10:52:45 - [MESSAGE][PASSED] - Text 'Affiliate' is set on object 'Object Repository/LoggedOutReactPages/OrderLoggedOut/FirstName_Input'

2018-05-31 10:52:45 - [TEST_STEP][PASSED] - setText: Text 'Test' is set on object 'Object Repository/LoggedOutReactPages/OrderLoggedOut/LastName_Input'

2018-05-31 10:52:45 - [MESSAGE][PASSED] - Text 'Test' is set on object 'Object Repository/LoggedOutReactPages/OrderLoggedOut/LastName_Input'

2018-05-31 10:52:45 - [TEST_STEP][PASSED] - setText: Text 'test' is set on object 'Object Repository/LoggedOutReactPages/OrderLoggedOut/Address_Input'

2018-05-31 10:52:46 - [MESSAGE][PASSED] - Text 'test' is set on object 'Object Repository/LoggedOutReactPages/OrderLoggedOut/Address_Input'

2018-05-31 10:52:46 - [TEST_STEP][PASSED] - setText: Text 'test' is set on object 'Object Repository/LoggedOutReactPages/OrderLoggedOut/City_Input'

2018-05-31 10:52:46 - [MESSAGE][PASSED] - Text 'test' is set on object 'Object Repository/LoggedOutReactPages/OrderLoggedOut/City_Input'

2018-05-31 10:52:46 - [TEST_STEP][PASSED] - selectOptionByValue: All options with value 'TX' are selected in object 'Object Repository/LoggedOutReactPages/OrderLoggedOut/State_Dropdown' 

2018-05-31 10:52:46 - [MESSAGE][PASSED] - All options with value 'TX' are selected in object 'Object Repository/LoggedOutReactPages/OrderLoggedOut/State_Dropdown' 

2018-05-31 10:52:46 - [TEST_STEP][PASSED] - setText: Text '11111' is set on object 'Object Repository/LoggedOutReactPages/OrderLoggedOut/Zip_Input'

2018-05-31 10:52:46 - [MESSAGE][PASSED] - Text '11111' is set on object 'Object Repository/LoggedOutReactPages/OrderLoggedOut/Zip_Input'

2018-05-31 10:52:46 - [TEST_STEP][PASSED] - setText: Text '8001112233' is set on object 'Object Repository/LoggedOutReactPages/OrderLoggedOut/Phone_Input'

2018-05-31 10:52:47 - [MESSAGE][PASSED] - Text '8001112233' is set on object 'Object Repository/LoggedOutReactPages/OrderLoggedOut/Phone_Input'

2018-05-31 10:52:47 - [TEST_STEP][PASSED] - setText: Text 'affiliate20180531105245066@mailinator.com' is set on object 'Object Repository/LoggedOutReactPages/OrderLoggedOut/Email_Input'

2018-05-31 10:52:48 - [MESSAGE][PASSED] - Text 'affiliate20180531105245066@mailinator.com' is set on object 'Object Repository/LoggedOutReactPages/OrderLoggedOut/Email_Input'

2018-05-31 10:52:48 - [TEST_STEP][PASSED] - setText: Text '4000100011112224' is set on object 'Object Repository/LoggedOutReactPages/OrderLoggedOut/CcNumber_Input'

2018-05-31 10:52:48 - [MESSAGE][PASSED] - Text '4000100011112224' is set on object 'Object Repository/LoggedOutReactPages/OrderLoggedOut/CcNumber_Input'

2018-05-31 10:52:48 - [TEST_STEP][PASSED] - setText: Text '111' is set on object 'Object Repository/LoggedOutReactPages/OrderLoggedOut/CVV_Input'

2018-05-31 10:52:48 - [MESSAGE][PASSED] - Text '111' is set on object 'Object Repository/LoggedOutReactPages/OrderLoggedOut/CVV_Input'

2018-05-31 10:52:48 - [TEST_STEP][PASSED] - selectOptionByValue: All options with value '11' are selected in object 'Object Repository/LoggedOutReactPages/OrderLoggedOut/ExpirationMonth_Dropdown' 

2018-05-31 10:52:48 - [MESSAGE][PASSED] - All options with value '11' are selected in object 'Object Repository/LoggedOutReactPages/OrderLoggedOut/ExpirationMonth_Dropdown' 

2018-05-31 10:52:48 - [TEST_STEP][PASSED] - selectOptionByValue: All options with value '2020' are selected in object 'Object Repository/LoggedOutReactPages/OrderLoggedOut/ExpirationYear_Dropdown' 

2018-05-31 10:52:49 - [MESSAGE][PASSED] - All options with value '2020' are selected in object 'Object Repository/LoggedOutReactPages/OrderLoggedOut/ExpirationYear_Dropdown' 

2018-05-31 10:52:49 - [TEST_STEP][PASSED] - selectOptionByValue: All options with value '1' are selected in object 'Object Repository/LoggedOutReactPages/OrderLoggedOut/UserType_Dropdown' 

2018-05-31 10:52:49 - [MESSAGE][PASSED] - All options with value '1' are selected in object 'Object Repository/LoggedOutReactPages/OrderLoggedOut/UserType_Dropdown' 

2018-05-31 10:52:49 - [TEST_STEP][PASSED] - check: Object 'Object Repository/LoggedOutReactPages/OrderLoggedOut/Terms_Checkbox' is checked

2018-05-31 10:52:49 - [MESSAGE][PASSED] - Object 'Object Repository/LoggedOutReactPages/OrderLoggedOut/Terms_Checkbox' is checked

2018-05-31 10:52:49 - [TEST_STEP][PASSED] - click: Object: 'Object Repository/LoggedInReactPages/Order (react)/Purchase_Button' is clicked on

2018-05-31 10:52:49 - [MESSAGE][PASSED] - Object: 'Object Repository/LoggedInReactPages/Order (react)/Purchase_Button' is clicked on

2018-05-31 10:52:49 - [MESSAGE][PASSED] - Call Test Case 'Test Cases/Base Tests/OrderSignUpBase' successfully

2018-05-31 10:52:49 - [TEST_STEP][PASSED] - waitForElementClickable: Object 'Object Repository/LoggedInReactPages/Order (react)/CompletePurchase_Button' is clickable

2018-05-31 10:52:49 - [MESSAGE][WARNING] - Timeout '0' is invalid. Using default page load timeout: '30'

2018-05-31 10:52:49 - [MESSAGE][PASSED] - Object 'Object Repository/LoggedInReactPages/Order (react)/CompletePurchase_Button' is clickable

2018-05-31 10:52:49 - [TEST_STEP][PASSED] - Statement - Price = com.kms.katalon.core.webui.keyword.WebUiBuiltInKeywords.concatenate(["Only ", Vtr1]): Concatenated string array: '['Only ','$333.00']' into 'Only $333.00'

2018-05-31 10:52:50 - [MESSAGE][PASSED] - Concatenated string array: '['Only ','$333.00']' into 'Only $333.00'

2018-05-31 10:52:50 - [TEST_STEP][PASSED] - verifyElementText: Actual text and expected text of test object 'Object Repository/LoggedInReactPages/Order (react)/Confirm_Price' are matched.

2018-05-31 10:52:50 - [MESSAGE][PASSED] - Actual text and expected text of test object 'Object Repository/LoggedInReactPages/Order (react)/Confirm_Price' are matched.

2018-05-31 10:52:50 - [TEST_STEP][PASSED] - click: Object: 'Object Repository/LoggedInReactPages/Order (react)/CompletePurchase_Button' is clicked on

2018-05-31 10:52:50 - [MESSAGE][PASSED] - Object: 'Object Repository/LoggedInReactPages/Order (react)/CompletePurchase_Button' is clicked on

2018-05-31 10:52:50 - [TEST_STEP][PASSED] - waitForElementPresent: Object 'Object Repository/LoggedInReactPages/Order (react)/VINCheckForm_EnterVINInput' is present

2018-05-31 10:52:50 - [MESSAGE][WARNING] - Timeout '0' is invalid. Using default page load timeout: '30'

2018-05-31 10:53:09 - [MESSAGE][PASSED] - Object 'Object Repository/LoggedInReactPages/Order (react)/VINCheckForm_EnterVINInput' is present

2018-05-31 10:53:09 - [TEST_STEP][PASSED] - waitForElementClickable: Object 'Object Repository/LoggedInReactPages/Order (react)/ViewReport_Button' is clickable

2018-05-31 10:53:09 - [MESSAGE][WARNING] - Timeout '0' is invalid. Using default page load timeout: '30'

2018-05-31 10:53:09 - [MESSAGE][PASSED] - Object 'Object Repository/LoggedInReactPages/Order (react)/ViewReport_Button' is clickable

2018-05-31 10:53:09 - [TEST_STEP][PASSED] - verifyTextPresent: Text 'Thank you for using instaVIN!' is present on page 

2018-05-31 10:53:09 - [MESSAGE][PASSED] - Text 'Thank you for using instaVIN!' is present on page 

2018-05-31 10:53:09 - [TEST_STEP][PASSED] - verifyElementText: Actual text and expected text of test object 'Object Repository/LoggedInReactPages/Order (react)/ViewReport - Vin' are matched.

2018-05-31 10:53:09 - [MESSAGE][PASSED] - Actual text and expected text of test object 'Object Repository/LoggedInReactPages/Order (react)/ViewReport - Vin' are matched.

2018-05-31 10:53:09 - [TEST_STEP][PASSED] - verifyElementText: Actual text and expected text of test object 'Object Repository/LoggedInReactPages/Order (react)/ViewReport - ReportType' are matched.

2018-05-31 10:53:09 - [MESSAGE][PASSED] - Actual text and expected text of test object 'Object Repository/LoggedInReactPages/Order (react)/ViewReport - ReportType' are matched.

2018-05-31 10:53:09 - [TEST_STEP][PASSED] - click: Object: 'Object Repository/LoggedInReactPages/Order (react)/ViewReport_Button' is clicked on

2018-05-31 10:53:11 - [MESSAGE][PASSED] - Object: 'Object Repository/LoggedInReactPages/Order (react)/ViewReport_Button' is clicked on

2018-05-31 10:53:11 - [TEST_STEP][PASSED] - waitForElementVisible: Object 'Object Repository/LoggedInReactPages/ReportSummary/ReportHeader' is visible

2018-05-31 10:53:11 - [MESSAGE][WARNING] - Timeout '0' is invalid. Using default page load timeout: '30'

2018-05-31 10:53:11 - [MESSAGE][PASSED] - Object 'Object Repository/LoggedInReactPages/ReportSummary/ReportHeader' is visible

2018-05-31 10:53:11 - [TEST_STEP][PASSED] - verifyElementText: Actual text and expected text of test object 'Object Repository/LoggedInReactPages/ReportSummary/VehicleTitle' are matched.

2018-05-31 10:53:11 - [MESSAGE][PASSED] - Actual text and expected text of test object 'Object Repository/LoggedInReactPages/ReportSummary/VehicleTitle' are matched.

2018-05-31 10:53:11 - [TEST_STEP][PASSED] - verifyElementAttributeValue: Object 'Object Repository/LoggedInReactPages/ReportSummary/ReportType' has attribute 'class' with value 'ReportGrade AlertSuccess'

2018-05-31 10:53:11 - [MESSAGE][WARNING] - Timeout '0' is invalid. Using default page load timeout: '30'

2018-05-31 10:53:11 - [MESSAGE][PASSED] - Object 'Object Repository/LoggedInReactPages/ReportSummary/ReportType' has attribute 'class' with value 'ReportGrade AlertSuccess'

2018-05-31 10:53:11 - [TEST_STEP][PASSED] - verifyElementText: Actual text and expected text of test object 'Object Repository/LoggedInReactPages/ReportSummary/ReportType' are matched.

2018-05-31 10:53:11 - [MESSAGE][PASSED] - Actual text and expected text of test object 'Object Repository/LoggedInReactPages/ReportSummary/ReportType' are matched.

2018-05-31 10:53:11 - [TEST_STEP][PASSED] - verifyElementAttributeValue: Object 'Object Repository/LoggedInReactPages/ReportSummary/VehicleSpecsStatus' has attribute 'class' with value 'SummaryAlertContainer AlertSuccess'

2018-05-31 10:53:11 - [MESSAGE][WARNING] - Timeout '0' is invalid. Using default page load timeout: '30'

2018-05-31 10:53:11 - [MESSAGE][PASSED] - Object 'Object Repository/LoggedInReactPages/ReportSummary/VehicleSpecsStatus' has attribute 'class' with value 'SummaryAlertContainer AlertSuccess'

2018-05-31 10:53:11 - [TEST_STEP][PASSED] - verifyElementAttributeValue: Object 'Object Repository/LoggedInReactPages/ReportSummary/JunkSalvageStatus' has attribute 'class' with value 'SummaryAlertContainer AlertSuccess'

2018-05-31 10:53:11 - [MESSAGE][WARNING] - Timeout '0' is invalid. Using default page load timeout: '30'

2018-05-31 10:53:11 - [MESSAGE][PASSED] - Object 'Object Repository/LoggedInReactPages/ReportSummary/JunkSalvageStatus' has attribute 'class' with value 'SummaryAlertContainer AlertSuccess'

2018-05-31 10:53:11 - [TEST_STEP][PASSED] - verifyElementAttributeValue: Object 'Object Repository/LoggedInReactPages/ReportSummary/TitleStatus' has attribute 'class' with value 'SummaryAlertContainer AlertSuccess'

2018-05-31 10:53:11 - [MESSAGE][WARNING] - Timeout '0' is invalid. Using default page load timeout: '30'

2018-05-31 10:53:12 - [MESSAGE][PASSED] - Object 'Object Repository/LoggedInReactPages/ReportSummary/TitleStatus' has attribute 'class' with value 'SummaryAlertContainer AlertSuccess'

2018-05-31 10:53:12 - [TEST_STEP][PASSED] - verifyElementAttributeValue: Object 'Object Repository/LoggedInReactPages/ReportSummary/OtherStatus' has attribute 'class' with value 'SummaryAlertContainer AlertSuccess'

2018-05-31 10:53:12 - [MESSAGE][WARNING] - Timeout '0' is invalid. Using default page load timeout: '30'

2018-05-31 10:53:12 - [MESSAGE][PASSED] - Object 'Object Repository/LoggedInReactPages/ReportSummary/OtherStatus' has attribute 'class' with value 'SummaryAlertContainer AlertSuccess'

2018-05-31 10:53:12 - [TEST_STEP][PASSED] - verifyElementAttributeValue: Object 'Object Repository/LoggedInReactPages/ReportSummary/VehicleRecallStatus' has attribute 'class' with value 'SummaryAlertContainer AlertSuccess'

2018-05-31 10:53:12 - [MESSAGE][WARNING] - Timeout '0' is invalid. Using default page load timeout: '30'

2018-05-31 10:53:12 - [MESSAGE][PASSED] - Object 'Object Repository/LoggedInReactPages/ReportSummary/VehicleRecallStatus' has attribute 'class' with value 'SummaryAlertContainer AlertSuccess'

2018-05-31 10:53:12 - [TEST_STEP][PASSED] - verifyElementText: Actual text and expected text of test object 'Object Repository/LoggedInReactPages/ReportSummary/OdometerStatus' are matched.

2018-05-31 10:53:12 - [MESSAGE][PASSED] - Actual text and expected text of test object 'Object Repository/LoggedInReactPages/ReportSummary/OdometerStatus' are matched.

2018-05-31 10:53:12 - [TEST_STEP][PASSED] - navigateToUrl: Navigate to 'https://dev-front.instavin.com/_O/autotest/order/' successfully

2018-05-31 10:53:14 - [MESSAGE][PASSED] - Navigate to 'https://dev-front.instavin.com/_O/autotest/order/' successfully

2018-05-31 10:53:14 - [TEST_STEP][PASSED] - verifyElementText: Actual text and expected text of test object 'Object Repository/LoggedInReactPages/Order (react)/VtrPrice1' are matched.

2018-05-31 10:53:14 - [MESSAGE][PASSED] - Actual text and expected text of test object 'Object Repository/LoggedInReactPages/Order (react)/VtrPrice1' are matched.

2018-05-31 10:53:14 - [TEST_STEP][PASSED] - verifyElementText: Actual text and expected text of test object 'Object Repository/LoggedInReactPages/Order (react)/VtrPrice10' are matched.

2018-05-31 10:53:14 - [MESSAGE][PASSED] - Actual text and expected text of test object 'Object Repository/LoggedInReactPages/Order (react)/VtrPrice10' are matched.

2018-05-31 10:53:14 - [TEST_STEP][PASSED] - verifyElementText: Actual text and expected text of test object 'Object Repository/LoggedInReactPages/Order (react)/VtrPrice50' are matched.

2018-05-31 10:53:14 - [MESSAGE][PASSED] - Actual text and expected text of test object 'Object Repository/LoggedInReactPages/Order (react)/VtrPrice50' are matched.

2018-05-31 10:53:14 - [TEST_STEP][PASSED] - closeBrowser: Browser is closed

2018-05-31 10:53:15 - [MESSAGE][PASSED] - Browser is closed]]></system-out>
         <system-err><![CDATA[]]></system-err>
      </testcase>
      <testcase name="Test Cases/Affiliate - BuyVTRCaDealer" classname="Test Cases/Affiliate - BuyVTRCaDealer" status="PASSED">
         <system-out><![CDATA[2018-05-31 10:53:15 - [TEST_CASE][PASSED] - Test Cases/Affiliate - BuyVTRCaDealer: Test Cases/Affiliate - BuyVTRCaDealer

2018-05-31 10:53:15 - [TEST_STEP][PASSED] - openBrowser: Browser is opened with url: ''

2018-05-31 10:53:18 - [MESSAGE][PASSED] - Browser is opened with url: ''

2018-05-31 10:53:18 - [TEST_STEP][PASSED] - maximizeWindow: Current window maximized

2018-05-31 10:53:19 - [MESSAGE][PASSED] - Current window maximized

2018-05-31 10:53:19 - [TEST_STEP][PASSED] - Statement - OrderURL = com.kms.katalon.core.webui.keyword.WebUiBuiltInKeywords.concatenate([StagingReact, AffiliateURL, "order/"]): Concatenated string array: '['https://dev-front.instavin.com/','_O/autotest/','order/']' into 'https://dev-front.instavin.com/_O/autotest/order/'

2018-05-31 10:53:19 - [MESSAGE][PASSED] - Concatenated string array: '['https://dev-front.instavin.com/','_O/autotest/','order/']' into 'https://dev-front.instavin.com/_O/autotest/order/'

2018-05-31 10:53:19 - [TEST_STEP][PASSED] - navigateToUrl: Navigate to 'https://dev-front.instavin.com/_O/autotest/order/' successfully

2018-05-31 10:53:23 - [MESSAGE][PASSED] - Navigate to 'https://dev-front.instavin.com/_O/autotest/order/' successfully

2018-05-31 10:53:23 - [TEST_STEP][PASSED] - waitForElementVisible: Object 'Object Repository/LoggedInReactPages/Order (react)/instaVINProducts_Label' is visible

2018-05-31 10:53:23 - [MESSAGE][WARNING] - Timeout '0' is invalid. Using default page load timeout: '30'

2018-05-31 10:53:23 - [MESSAGE][PASSED] - Object 'Object Repository/LoggedInReactPages/Order (react)/instaVINProducts_Label' is visible

2018-05-31 10:53:23 - [TEST_STEP][PASSED] - verifyElementText: Actual text and expected text of test object 'Object Repository/LoggedInReactPages/Order (react)/VtrPrice1' are matched.

2018-05-31 10:53:23 - [MESSAGE][PASSED] - Actual text and expected text of test object 'Object Repository/LoggedInReactPages/Order (react)/VtrPrice1' are matched.

2018-05-31 10:53:23 - [TEST_STEP][PASSED] - verifyElementText: Actual text and expected text of test object 'Object Repository/LoggedInReactPages/Order (react)/VtrPrice10' are matched.

2018-05-31 10:53:23 - [MESSAGE][PASSED] - Actual text and expected text of test object 'Object Repository/LoggedInReactPages/Order (react)/VtrPrice10' are matched.

2018-05-31 10:53:23 - [TEST_STEP][PASSED] - verifyElementText: Actual text and expected text of test object 'Object Repository/LoggedInReactPages/Order (react)/VtrPrice50' are matched.

2018-05-31 10:53:23 - [MESSAGE][PASSED] - Actual text and expected text of test object 'Object Repository/LoggedInReactPages/Order (react)/VtrPrice50' are matched.

2018-05-31 10:53:23 - [TEST_STEP][PASSED] - setText: Text 'SAJWA43C199B29849' is set on object 'Object Repository/LoggedInReactPages/Order (react)/VINCheckForm_EnterVINInput'

2018-05-31 10:53:23 - [MESSAGE][PASSED] - Text 'SAJWA43C199B29849' is set on object 'Object Repository/LoggedInReactPages/Order (react)/VINCheckForm_EnterVINInput'

2018-05-31 10:53:23 - [TEST_STEP][PASSED] - click: Object: 'Object Repository/LoggedInReactPages/Order (react)/CheckVin_ArrowButton' is clicked on

2018-05-31 10:53:23 - [MESSAGE][PASSED] - Object: 'Object Repository/LoggedInReactPages/Order (react)/CheckVin_ArrowButton' is clicked on

2018-05-31 10:53:23 - [TEST_STEP][PASSED] - waitForElementVisible: Object 'Object Repository/LoggedInReactPages/Order (react)/ChangeVIN_Cross' is visible

2018-05-31 10:53:23 - [MESSAGE][WARNING] - Timeout '0' is invalid. Using default page load timeout: '30'

2018-05-31 10:53:24 - [MESSAGE][PASSED] - Object 'Object Repository/LoggedInReactPages/Order (react)/ChangeVIN_Cross' is visible

2018-05-31 10:53:24 - [TEST_STEP][PASSED] - verifyElementVisible: Object 'Object Repository/LoggedInReactPages/Order (react)/OrderNow_OrangeButton' is visible

2018-05-31 10:53:24 - [MESSAGE][PASSED] - Object 'Object Repository/LoggedInReactPages/Order (react)/OrderNow_OrangeButton' is visible

2018-05-31 10:53:24 - [TEST_STEP][PASSED] - click: Object: 'Object Repository/LoggedInReactPages/Order (react)/OrderNow_OrangeButton' is clicked on

2018-05-31 10:53:24 - [MESSAGE][PASSED] - Object: 'Object Repository/LoggedInReactPages/Order (react)/OrderNow_OrangeButton' is clicked on

2018-05-31 10:53:24 - [TEST_STEP][PASSED] - waitForElementVisible: Object 'Object Repository/LoggedInReactPages/Order (react)/Purchase_Button' is visible

2018-05-31 10:53:24 - [MESSAGE][WARNING] - Timeout '0' is invalid. Using default page load timeout: '30'

2018-05-31 10:53:24 - [MESSAGE][PASSED] - Object 'Object Repository/LoggedInReactPages/Order (react)/Purchase_Button' is visible

2018-05-31 10:53:24 - [TEST_STEP][PASSED] - Statement - now = new java.util.Date(): null

2018-05-31 10:53:24 - [TEST_STEP][PASSED] - Statement - rnd = now.format("yyyyMMddHHmmssSSS").toString(): null

2018-05-31 10:53:24 - [TEST_STEP][PASSED] - Statement - Email = com.kms.katalon.core.webui.keyword.WebUiBuiltInKeywords.concatenate(["affiliate", rnd, "@mailinator.com"]): Concatenated string array: '['affiliate','20180531105324714','@mailinator.com']' into 'affiliate20180531105324714@mailinator.com'

2018-05-31 10:53:24 - [MESSAGE][PASSED] - Concatenated string array: '['affiliate','20180531105324714','@mailinator.com']' into 'affiliate20180531105324714@mailinator.com'

2018-05-31 10:53:24 - [TEST_STEP][PASSED] - callTestCase: Call Test Case 'Test Cases/Base Tests/OrderSignUpBase' successfully

2018-05-31 10:53:24 - [TEST_CASE][PASSED] - Test Cases/Base Tests/OrderSignUpBase: Test Cases/Base Tests/OrderSignUpBase

2018-05-31 10:53:24 - [TEST_STEP][PASSED] - setText: Text 'Affiliate' is set on object 'Object Repository/LoggedOutReactPages/OrderLoggedOut/FirstName_Input'

2018-05-31 10:53:25 - [MESSAGE][PASSED] - Text 'Affiliate' is set on object 'Object Repository/LoggedOutReactPages/OrderLoggedOut/FirstName_Input'

2018-05-31 10:53:25 - [TEST_STEP][PASSED] - setText: Text 'Cadealer' is set on object 'Object Repository/LoggedOutReactPages/OrderLoggedOut/LastName_Input'

2018-05-31 10:53:25 - [MESSAGE][PASSED] - Text 'Cadealer' is set on object 'Object Repository/LoggedOutReactPages/OrderLoggedOut/LastName_Input'

2018-05-31 10:53:25 - [TEST_STEP][PASSED] - setText: Text 'test' is set on object 'Object Repository/LoggedOutReactPages/OrderLoggedOut/Address_Input'

2018-05-31 10:53:26 - [MESSAGE][PASSED] - Text 'test' is set on object 'Object Repository/LoggedOutReactPages/OrderLoggedOut/Address_Input'

2018-05-31 10:53:26 - [TEST_STEP][PASSED] - setText: Text 'test' is set on object 'Object Repository/LoggedOutReactPages/OrderLoggedOut/City_Input'

2018-05-31 10:53:26 - [MESSAGE][PASSED] - Text 'test' is set on object 'Object Repository/LoggedOutReactPages/OrderLoggedOut/City_Input'

2018-05-31 10:53:26 - [TEST_STEP][PASSED] - selectOptionByValue: All options with value 'CA' are selected in object 'Object Repository/LoggedOutReactPages/OrderLoggedOut/State_Dropdown' 

2018-05-31 10:53:26 - [MESSAGE][PASSED] - All options with value 'CA' are selected in object 'Object Repository/LoggedOutReactPages/OrderLoggedOut/State_Dropdown' 

2018-05-31 10:53:26 - [TEST_STEP][PASSED] - setText: Text '11111' is set on object 'Object Repository/LoggedOutReactPages/OrderLoggedOut/Zip_Input'

2018-05-31 10:53:27 - [MESSAGE][PASSED] - Text '11111' is set on object 'Object Repository/LoggedOutReactPages/OrderLoggedOut/Zip_Input'

2018-05-31 10:53:27 - [TEST_STEP][PASSED] - setText: Text '8001112233' is set on object 'Object Repository/LoggedOutReactPages/OrderLoggedOut/Phone_Input'

2018-05-31 10:53:27 - [MESSAGE][PASSED] - Text '8001112233' is set on object 'Object Repository/LoggedOutReactPages/OrderLoggedOut/Phone_Input'

2018-05-31 10:53:27 - [TEST_STEP][PASSED] - setText: Text 'affiliate20180531105324714@mailinator.com' is set on object 'Object Repository/LoggedOutReactPages/OrderLoggedOut/Email_Input'

2018-05-31 10:53:27 - [MESSAGE][PASSED] - Text 'affiliate20180531105324714@mailinator.com' is set on object 'Object Repository/LoggedOutReactPages/OrderLoggedOut/Email_Input'

2018-05-31 10:53:27 - [TEST_STEP][PASSED] - setText: Text '4000100011112224' is set on object 'Object Repository/LoggedOutReactPages/OrderLoggedOut/CcNumber_Input'

2018-05-31 10:53:28 - [MESSAGE][PASSED] - Text '4000100011112224' is set on object 'Object Repository/LoggedOutReactPages/OrderLoggedOut/CcNumber_Input'

2018-05-31 10:53:28 - [TEST_STEP][PASSED] - setText: Text '111' is set on object 'Object Repository/LoggedOutReactPages/OrderLoggedOut/CVV_Input'

2018-05-31 10:53:28 - [MESSAGE][PASSED] - Text '111' is set on object 'Object Repository/LoggedOutReactPages/OrderLoggedOut/CVV_Input'

2018-05-31 10:53:28 - [TEST_STEP][PASSED] - selectOptionByValue: All options with value '11' are selected in object 'Object Repository/LoggedOutReactPages/OrderLoggedOut/ExpirationMonth_Dropdown' 

2018-05-31 10:53:28 - [MESSAGE][PASSED] - All options with value '11' are selected in object 'Object Repository/LoggedOutReactPages/OrderLoggedOut/ExpirationMonth_Dropdown' 

2018-05-31 10:53:28 - [TEST_STEP][PASSED] - selectOptionByValue: All options with value '2020' are selected in object 'Object Repository/LoggedOutReactPages/OrderLoggedOut/ExpirationYear_Dropdown' 

2018-05-31 10:53:28 - [MESSAGE][PASSED] - All options with value '2020' are selected in object 'Object Repository/LoggedOutReactPages/OrderLoggedOut/ExpirationYear_Dropdown' 

2018-05-31 10:53:28 - [TEST_STEP][PASSED] - selectOptionByValue: All options with value '1' are selected in object 'Object Repository/LoggedOutReactPages/OrderLoggedOut/UserType_Dropdown' 

2018-05-31 10:53:29 - [MESSAGE][PASSED] - All options with value '1' are selected in object 'Object Repository/LoggedOutReactPages/OrderLoggedOut/UserType_Dropdown' 

2018-05-31 10:53:29 - [TEST_STEP][PASSED] - check: Object 'Object Repository/LoggedOutReactPages/OrderLoggedOut/Terms_Checkbox' is checked

2018-05-31 10:53:29 - [MESSAGE][PASSED] - Object 'Object Repository/LoggedOutReactPages/OrderLoggedOut/Terms_Checkbox' is checked

2018-05-31 10:53:29 - [TEST_STEP][PASSED] - click: Object: 'Object Repository/LoggedInReactPages/Order (react)/Purchase_Button' is clicked on

2018-05-31 10:53:29 - [MESSAGE][PASSED] - Object: 'Object Repository/LoggedInReactPages/Order (react)/Purchase_Button' is clicked on

2018-05-31 10:53:29 - [MESSAGE][PASSED] - Call Test Case 'Test Cases/Base Tests/OrderSignUpBase' successfully

2018-05-31 10:53:29 - [TEST_STEP][PASSED] - waitForElementClickable: Object 'Object Repository/LoggedInReactPages/Order (react)/CompletePurchase_Button' is clickable

2018-05-31 10:53:29 - [MESSAGE][WARNING] - Timeout '0' is invalid. Using default page load timeout: '30'

2018-05-31 10:53:29 - [MESSAGE][PASSED] - Object 'Object Repository/LoggedInReactPages/Order (react)/CompletePurchase_Button' is clickable

2018-05-31 10:53:29 - [TEST_STEP][PASSED] - Statement - Price = com.kms.katalon.core.webui.keyword.WebUiBuiltInKeywords.concatenate(["Only ", Vtr1]): Concatenated string array: '['Only ','$333.00']' into 'Only $333.00'

2018-05-31 10:53:29 - [MESSAGE][PASSED] - Concatenated string array: '['Only ','$333.00']' into 'Only $333.00'

2018-05-31 10:53:29 - [TEST_STEP][PASSED] - verifyElementText: Actual text and expected text of test object 'Object Repository/LoggedInReactPages/Order (react)/Confirm_Price' are matched.

2018-05-31 10:53:30 - [MESSAGE][PASSED] - Actual text and expected text of test object 'Object Repository/LoggedInReactPages/Order (react)/Confirm_Price' are matched.

2018-05-31 10:53:30 - [TEST_STEP][PASSED] - click: Object: 'Object Repository/LoggedInReactPages/Order (react)/CompletePurchase_Button' is clicked on

2018-05-31 10:53:30 - [MESSAGE][PASSED] - Object: 'Object Repository/LoggedInReactPages/Order (react)/CompletePurchase_Button' is clicked on

2018-05-31 10:53:30 - [TEST_STEP][PASSED] - waitForElementPresent: Object 'Object Repository/LoggedInReactPages/Order (react)/VINCheckForm_EnterVINInput' is present

2018-05-31 10:53:30 - [MESSAGE][WARNING] - Timeout '0' is invalid. Using default page load timeout: '30'

2018-05-31 10:53:49 - [MESSAGE][PASSED] - Object 'Object Repository/LoggedInReactPages/Order (react)/VINCheckForm_EnterVINInput' is present

2018-05-31 10:53:49 - [TEST_STEP][PASSED] - waitForElementClickable: Object 'Object Repository/LoggedInReactPages/Order (react)/ViewReport_Button' is clickable

2018-05-31 10:53:49 - [MESSAGE][WARNING] - Timeout '0' is invalid. Using default page load timeout: '30'

2018-05-31 10:53:49 - [MESSAGE][PASSED] - Object 'Object Repository/LoggedInReactPages/Order (react)/ViewReport_Button' is clickable

2018-05-31 10:53:49 - [TEST_STEP][PASSED] - verifyTextPresent: Text 'Thank you for using instaVIN!' is present on page 

2018-05-31 10:53:49 - [MESSAGE][PASSED] - Text 'Thank you for using instaVIN!' is present on page 

2018-05-31 10:53:49 - [TEST_STEP][PASSED] - verifyElementText: Actual text and expected text of test object 'Object Repository/LoggedInReactPages/Order (react)/ViewReport - Vin' are matched.

2018-05-31 10:53:49 - [MESSAGE][PASSED] - Actual text and expected text of test object 'Object Repository/LoggedInReactPages/Order (react)/ViewReport - Vin' are matched.

2018-05-31 10:53:49 - [TEST_STEP][PASSED] - verifyElementText: Actual text and expected text of test object 'Object Repository/LoggedInReactPages/Order (react)/ViewReport - ReportType' are matched.

2018-05-31 10:53:49 - [MESSAGE][PASSED] - Actual text and expected text of test object 'Object Repository/LoggedInReactPages/Order (react)/ViewReport - ReportType' are matched.

2018-05-31 10:53:49 - [TEST_STEP][PASSED] - click: Object: 'Object Repository/LoggedInReactPages/Order (react)/ViewReport_Button' is clicked on

2018-05-31 10:53:51 - [MESSAGE][PASSED] - Object: 'Object Repository/LoggedInReactPages/Order (react)/ViewReport_Button' is clicked on

2018-05-31 10:53:51 - [TEST_STEP][PASSED] - waitForElementVisible: Object 'Object Repository/LoggedInReactPages/ReportSummary/ReportHeader' is visible

2018-05-31 10:53:51 - [MESSAGE][WARNING] - Timeout '0' is invalid. Using default page load timeout: '30'

2018-05-31 10:53:51 - [MESSAGE][PASSED] - Object 'Object Repository/LoggedInReactPages/ReportSummary/ReportHeader' is visible

2018-05-31 10:53:51 - [TEST_STEP][PASSED] - verifyElementText: Actual text and expected text of test object 'Object Repository/LoggedInReactPages/ReportSummary/VehicleTitle' are matched.

2018-05-31 10:53:51 - [MESSAGE][PASSED] - Actual text and expected text of test object 'Object Repository/LoggedInReactPages/ReportSummary/VehicleTitle' are matched.

2018-05-31 10:53:51 - [TEST_STEP][PASSED] - verifyElementAttributeValue: Object 'Object Repository/LoggedInReactPages/ReportSummary/ReportType' has attribute 'class' with value 'ReportGrade AlertSuccess'

2018-05-31 10:53:51 - [MESSAGE][WARNING] - Timeout '0' is invalid. Using default page load timeout: '30'

2018-05-31 10:53:51 - [MESSAGE][PASSED] - Object 'Object Repository/LoggedInReactPages/ReportSummary/ReportType' has attribute 'class' with value 'ReportGrade AlertSuccess'

2018-05-31 10:53:51 - [TEST_STEP][PASSED] - verifyElementText: Actual text and expected text of test object 'Object Repository/LoggedInReactPages/ReportSummary/ReportType' are matched.

2018-05-31 10:53:51 - [MESSAGE][PASSED] - Actual text and expected text of test object 'Object Repository/LoggedInReactPages/ReportSummary/ReportType' are matched.

2018-05-31 10:53:51 - [TEST_STEP][PASSED] - verifyElementAttributeValue: Object 'Object Repository/LoggedInReactPages/ReportSummary/VehicleSpecsStatus' has attribute 'class' with value 'SummaryAlertContainer AlertSuccess'

2018-05-31 10:53:51 - [MESSAGE][WARNING] - Timeout '0' is invalid. Using default page load timeout: '30'

2018-05-31 10:53:51 - [MESSAGE][PASSED] - Object 'Object Repository/LoggedInReactPages/ReportSummary/VehicleSpecsStatus' has attribute 'class' with value 'SummaryAlertContainer AlertSuccess'

2018-05-31 10:53:51 - [TEST_STEP][PASSED] - verifyElementAttributeValue: Object 'Object Repository/LoggedInReactPages/ReportSummary/JunkSalvageStatus' has attribute 'class' with value 'SummaryAlertContainer AlertSuccess'

2018-05-31 10:53:51 - [MESSAGE][WARNING] - Timeout '0' is invalid. Using default page load timeout: '30'

2018-05-31 10:53:51 - [MESSAGE][PASSED] - Object 'Object Repository/LoggedInReactPages/ReportSummary/JunkSalvageStatus' has attribute 'class' with value 'SummaryAlertContainer AlertSuccess'

2018-05-31 10:53:51 - [TEST_STEP][PASSED] - verifyElementAttributeValue: Object 'Object Repository/LoggedInReactPages/ReportSummary/TitleStatus' has attribute 'class' with value 'SummaryAlertContainer AlertSuccess'

2018-05-31 10:53:51 - [MESSAGE][WARNING] - Timeout '0' is invalid. Using default page load timeout: '30'

2018-05-31 10:53:52 - [MESSAGE][PASSED] - Object 'Object Repository/LoggedInReactPages/ReportSummary/TitleStatus' has attribute 'class' with value 'SummaryAlertContainer AlertSuccess'

2018-05-31 10:53:52 - [TEST_STEP][PASSED] - verifyElementAttributeValue: Object 'Object Repository/LoggedInReactPages/ReportSummary/OtherStatus' has attribute 'class' with value 'SummaryAlertContainer AlertSuccess'

2018-05-31 10:53:52 - [MESSAGE][WARNING] - Timeout '0' is invalid. Using default page load timeout: '30'

2018-05-31 10:53:52 - [MESSAGE][PASSED] - Object 'Object Repository/LoggedInReactPages/ReportSummary/OtherStatus' has attribute 'class' with value 'SummaryAlertContainer AlertSuccess'

2018-05-31 10:53:52 - [TEST_STEP][PASSED] - verifyElementAttributeValue: Object 'Object Repository/LoggedInReactPages/ReportSummary/VehicleRecallStatus' has attribute 'class' with value 'SummaryAlertContainer AlertSuccess'

2018-05-31 10:53:52 - [MESSAGE][WARNING] - Timeout '0' is invalid. Using default page load timeout: '30'

2018-05-31 10:53:52 - [MESSAGE][PASSED] - Object 'Object Repository/LoggedInReactPages/ReportSummary/VehicleRecallStatus' has attribute 'class' with value 'SummaryAlertContainer AlertSuccess'

2018-05-31 10:53:52 - [TEST_STEP][PASSED] - verifyElementText: Actual text and expected text of test object 'Object Repository/LoggedInReactPages/ReportSummary/OdometerStatus' are matched.

2018-05-31 10:53:52 - [MESSAGE][PASSED] - Actual text and expected text of test object 'Object Repository/LoggedInReactPages/ReportSummary/OdometerStatus' are matched.

2018-05-31 10:53:52 - [TEST_STEP][PASSED] - navigateToUrl: Navigate to 'https://dev-front.instavin.com/_O/autotest/order/' successfully

2018-05-31 10:53:54 - [MESSAGE][PASSED] - Navigate to 'https://dev-front.instavin.com/_O/autotest/order/' successfully

2018-05-31 10:53:54 - [TEST_STEP][PASSED] - verifyElementText: Actual text and expected text of test object 'Object Repository/LoggedInReactPages/Order (react)/VtrPrice1' are matched.

2018-05-31 10:53:54 - [MESSAGE][PASSED] - Actual text and expected text of test object 'Object Repository/LoggedInReactPages/Order (react)/VtrPrice1' are matched.

2018-05-31 10:53:54 - [TEST_STEP][PASSED] - verifyElementText: Actual text and expected text of test object 'Object Repository/LoggedInReactPages/Order (react)/VtrPrice10' are matched.

2018-05-31 10:53:54 - [MESSAGE][PASSED] - Actual text and expected text of test object 'Object Repository/LoggedInReactPages/Order (react)/VtrPrice10' are matched.

2018-05-31 10:53:54 - [TEST_STEP][PASSED] - verifyElementText: Actual text and expected text of test object 'Object Repository/LoggedInReactPages/Order (react)/VtrPrice50' are matched.

2018-05-31 10:53:54 - [MESSAGE][PASSED] - Actual text and expected text of test object 'Object Repository/LoggedInReactPages/Order (react)/VtrPrice50' are matched.

2018-05-31 10:53:54 - [TEST_STEP][PASSED] - closeBrowser: Browser is closed

2018-05-31 10:53:55 - [MESSAGE][PASSED] - Browser is closed]]></system-out>
         <system-err><![CDATA[]]></system-err>
      </testcase>
      <testcase name="Test Cases/Salesman - BuyVtrCaDealer" classname="Test Cases/Salesman - BuyVtrCaDealer" status="PASSED">
         <system-out><![CDATA[2018-05-31 10:53:55 - [TEST_CASE][PASSED] - Test Cases/Salesman - BuyVtrCaDealer: Test Cases/Salesman - BuyVtrCaDealer

2018-05-31 10:53:55 - [TEST_STEP][PASSED] - openBrowser: Browser is opened with url: ''

2018-05-31 10:53:57 - [MESSAGE][PASSED] - Browser is opened with url: ''

2018-05-31 10:53:57 - [TEST_STEP][PASSED] - maximizeWindow: Current window maximized

2018-05-31 10:53:59 - [MESSAGE][PASSED] - Current window maximized

2018-05-31 10:53:59 - [TEST_STEP][PASSED] - Statement - OrderURL = com.kms.katalon.core.webui.keyword.WebUiBuiltInKeywords.concatenate([StagingReact, SalesmanURL, "order/"]): Concatenated string array: '['https://dev-front.instavin.com/','_O/Autotest(salesman)/','order/']' into 'https://dev-front.instavin.com/_O/Autotest(salesman)/order/'

2018-05-31 10:53:59 - [MESSAGE][PASSED] - Concatenated string array: '['https://dev-front.instavin.com/','_O/Autotest(salesman)/','order/']' into 'https://dev-front.instavin.com/_O/Autotest(salesman)/order/'

2018-05-31 10:53:59 - [TEST_STEP][PASSED] - navigateToUrl: Navigate to 'https://dev-front.instavin.com/_O/Autotest(salesman)/order/' successfully

2018-05-31 10:54:04 - [MESSAGE][PASSED] - Navigate to 'https://dev-front.instavin.com/_O/Autotest(salesman)/order/' successfully

2018-05-31 10:54:04 - [TEST_STEP][PASSED] - waitForElementVisible: Object 'Object Repository/LoggedInReactPages/Order (react)/instaVINProducts_Label' is visible

2018-05-31 10:54:04 - [MESSAGE][WARNING] - Timeout '0' is invalid. Using default page load timeout: '30'

2018-05-31 10:54:04 - [MESSAGE][PASSED] - Object 'Object Repository/LoggedInReactPages/Order (react)/instaVINProducts_Label' is visible

2018-05-31 10:54:04 - [TEST_STEP][PASSED] - verifyElementText: Actual text and expected text of test object 'Object Repository/LoggedInReactPages/Order (react)/VtrPrice1' are matched.

2018-05-31 10:54:04 - [MESSAGE][PASSED] - Actual text and expected text of test object 'Object Repository/LoggedInReactPages/Order (react)/VtrPrice1' are matched.

2018-05-31 10:54:04 - [TEST_STEP][PASSED] - verifyElementText: Actual text and expected text of test object 'Object Repository/LoggedInReactPages/Order (react)/VtrPrice10' are matched.

2018-05-31 10:54:04 - [MESSAGE][PASSED] - Actual text and expected text of test object 'Object Repository/LoggedInReactPages/Order (react)/VtrPrice10' are matched.

2018-05-31 10:54:04 - [TEST_STEP][PASSED] - verifyElementText: Actual text and expected text of test object 'Object Repository/LoggedInReactPages/Order (react)/VtrPrice50' are matched.

2018-05-31 10:54:04 - [MESSAGE][PASSED] - Actual text and expected text of test object 'Object Repository/LoggedInReactPages/Order (react)/VtrPrice50' are matched.

2018-05-31 10:54:04 - [TEST_STEP][PASSED] - setText: Text 'SAJWA43C199B29849' is set on object 'Object Repository/LoggedInReactPages/Order (react)/VINCheckForm_EnterVINInput'

2018-05-31 10:54:04 - [MESSAGE][PASSED] - Text 'SAJWA43C199B29849' is set on object 'Object Repository/LoggedInReactPages/Order (react)/VINCheckForm_EnterVINInput'

2018-05-31 10:54:04 - [TEST_STEP][PASSED] - click: Object: 'Object Repository/LoggedInReactPages/Order (react)/CheckVin_ArrowButton' is clicked on

2018-05-31 10:54:04 - [MESSAGE][PASSED] - Object: 'Object Repository/LoggedInReactPages/Order (react)/CheckVin_ArrowButton' is clicked on

2018-05-31 10:54:04 - [TEST_STEP][PASSED] - waitForElementVisible: Object 'Object Repository/LoggedInReactPages/Order (react)/ChangeVIN_Cross' is visible

2018-05-31 10:54:04 - [MESSAGE][WARNING] - Timeout '0' is invalid. Using default page load timeout: '30'

2018-05-31 10:54:05 - [MESSAGE][PASSED] - Object 'Object Repository/LoggedInReactPages/Order (react)/ChangeVIN_Cross' is visible

2018-05-31 10:54:05 - [TEST_STEP][PASSED] - verifyElementVisible: Object 'Object Repository/LoggedInReactPages/Order (react)/OrderNow_OrangeButton' is visible

2018-05-31 10:54:05 - [MESSAGE][PASSED] - Object 'Object Repository/LoggedInReactPages/Order (react)/OrderNow_OrangeButton' is visible

2018-05-31 10:54:05 - [TEST_STEP][PASSED] - click: Object: 'Object Repository/LoggedInReactPages/Order (react)/OrderNow_OrangeButton' is clicked on

2018-05-31 10:54:05 - [MESSAGE][PASSED] - Object: 'Object Repository/LoggedInReactPages/Order (react)/OrderNow_OrangeButton' is clicked on

2018-05-31 10:54:05 - [TEST_STEP][PASSED] - waitForElementVisible: Object 'Object Repository/LoggedInReactPages/Order (react)/Purchase_Button' is visible

2018-05-31 10:54:05 - [MESSAGE][WARNING] - Timeout '0' is invalid. Using default page load timeout: '30'

2018-05-31 10:54:05 - [MESSAGE][PASSED] - Object 'Object Repository/LoggedInReactPages/Order (react)/Purchase_Button' is visible

2018-05-31 10:54:05 - [TEST_STEP][PASSED] - Statement - now = new java.util.Date(): null

2018-05-31 10:54:05 - [TEST_STEP][PASSED] - Statement - rnd = now.format("yyyyMMddHHmmssSSS").toString(): null

2018-05-31 10:54:05 - [TEST_STEP][PASSED] - Statement - Email = com.kms.katalon.core.webui.keyword.WebUiBuiltInKeywords.concatenate(["salesman", rnd, "@mailinator.com"]): Concatenated string array: '['salesman','20180531105405760','@mailinator.com']' into 'salesman20180531105405760@mailinator.com'

2018-05-31 10:54:05 - [MESSAGE][PASSED] - Concatenated string array: '['salesman','20180531105405760','@mailinator.com']' into 'salesman20180531105405760@mailinator.com'

2018-05-31 10:54:05 - [TEST_STEP][PASSED] - callTestCase: Call Test Case 'Test Cases/Base Tests/OrderSignUpBase' successfully

2018-05-31 10:54:05 - [TEST_CASE][PASSED] - Test Cases/Base Tests/OrderSignUpBase: Test Cases/Base Tests/OrderSignUpBase

2018-05-31 10:54:05 - [TEST_STEP][PASSED] - setText: Text 'Salesman' is set on object 'Object Repository/LoggedOutReactPages/OrderLoggedOut/FirstName_Input'

2018-05-31 10:54:06 - [MESSAGE][PASSED] - Text 'Salesman' is set on object 'Object Repository/LoggedOutReactPages/OrderLoggedOut/FirstName_Input'

2018-05-31 10:54:06 - [TEST_STEP][PASSED] - setText: Text 'Dealer' is set on object 'Object Repository/LoggedOutReactPages/OrderLoggedOut/LastName_Input'

2018-05-31 10:54:07 - [MESSAGE][PASSED] - Text 'Dealer' is set on object 'Object Repository/LoggedOutReactPages/OrderLoggedOut/LastName_Input'

2018-05-31 10:54:07 - [TEST_STEP][PASSED] - setText: Text 'test' is set on object 'Object Repository/LoggedOutReactPages/OrderLoggedOut/Address_Input'

2018-05-31 10:54:07 - [MESSAGE][PASSED] - Text 'test' is set on object 'Object Repository/LoggedOutReactPages/OrderLoggedOut/Address_Input'

2018-05-31 10:54:07 - [TEST_STEP][PASSED] - setText: Text 'test' is set on object 'Object Repository/LoggedOutReactPages/OrderLoggedOut/City_Input'

2018-05-31 10:54:07 - [MESSAGE][PASSED] - Text 'test' is set on object 'Object Repository/LoggedOutReactPages/OrderLoggedOut/City_Input'

2018-05-31 10:54:07 - [TEST_STEP][PASSED] - selectOptionByValue: All options with value 'CA' are selected in object 'Object Repository/LoggedOutReactPages/OrderLoggedOut/State_Dropdown' 

2018-05-31 10:54:08 - [MESSAGE][PASSED] - All options with value 'CA' are selected in object 'Object Repository/LoggedOutReactPages/OrderLoggedOut/State_Dropdown' 

2018-05-31 10:54:08 - [TEST_STEP][PASSED] - setText: Text '11111' is set on object 'Object Repository/LoggedOutReactPages/OrderLoggedOut/Zip_Input'

2018-05-31 10:54:08 - [MESSAGE][PASSED] - Text '11111' is set on object 'Object Repository/LoggedOutReactPages/OrderLoggedOut/Zip_Input'

2018-05-31 10:54:08 - [TEST_STEP][PASSED] - setText: Text '8001112233' is set on object 'Object Repository/LoggedOutReactPages/OrderLoggedOut/Phone_Input'

2018-05-31 10:54:08 - [MESSAGE][PASSED] - Text '8001112233' is set on object 'Object Repository/LoggedOutReactPages/OrderLoggedOut/Phone_Input'

2018-05-31 10:54:08 - [TEST_STEP][PASSED] - setText: Text 'salesman20180531105405760@mailinator.com' is set on object 'Object Repository/LoggedOutReactPages/OrderLoggedOut/Email_Input'

2018-05-31 10:54:09 - [MESSAGE][PASSED] - Text 'salesman20180531105405760@mailinator.com' is set on object 'Object Repository/LoggedOutReactPages/OrderLoggedOut/Email_Input'

2018-05-31 10:54:09 - [TEST_STEP][PASSED] - setText: Text '4000100011112224' is set on object 'Object Repository/LoggedOutReactPages/OrderLoggedOut/CcNumber_Input'

2018-05-31 10:54:09 - [MESSAGE][PASSED] - Text '4000100011112224' is set on object 'Object Repository/LoggedOutReactPages/OrderLoggedOut/CcNumber_Input'

2018-05-31 10:54:09 - [TEST_STEP][PASSED] - setText: Text '111' is set on object 'Object Repository/LoggedOutReactPages/OrderLoggedOut/CVV_Input'

2018-05-31 10:54:09 - [MESSAGE][PASSED] - Text '111' is set on object 'Object Repository/LoggedOutReactPages/OrderLoggedOut/CVV_Input'

2018-05-31 10:54:09 - [TEST_STEP][PASSED] - selectOptionByValue: All options with value '11' are selected in object 'Object Repository/LoggedOutReactPages/OrderLoggedOut/ExpirationMonth_Dropdown' 

2018-05-31 10:54:10 - [MESSAGE][PASSED] - All options with value '11' are selected in object 'Object Repository/LoggedOutReactPages/OrderLoggedOut/ExpirationMonth_Dropdown' 

2018-05-31 10:54:10 - [TEST_STEP][PASSED] - selectOptionByValue: All options with value '2020' are selected in object 'Object Repository/LoggedOutReactPages/OrderLoggedOut/ExpirationYear_Dropdown' 

2018-05-31 10:54:10 - [MESSAGE][PASSED] - All options with value '2020' are selected in object 'Object Repository/LoggedOutReactPages/OrderLoggedOut/ExpirationYear_Dropdown' 

2018-05-31 10:54:10 - [TEST_STEP][PASSED] - selectOptionByValue: All options with value '1' are selected in object 'Object Repository/LoggedOutReactPages/OrderLoggedOut/UserType_Dropdown' 

2018-05-31 10:54:10 - [MESSAGE][PASSED] - All options with value '1' are selected in object 'Object Repository/LoggedOutReactPages/OrderLoggedOut/UserType_Dropdown' 

2018-05-31 10:54:10 - [TEST_STEP][PASSED] - check: Object 'Object Repository/LoggedOutReactPages/OrderLoggedOut/Terms_Checkbox' is checked

2018-05-31 10:54:11 - [MESSAGE][PASSED] - Object 'Object Repository/LoggedOutReactPages/OrderLoggedOut/Terms_Checkbox' is checked

2018-05-31 10:54:11 - [TEST_STEP][PASSED] - click: Object: 'Object Repository/LoggedInReactPages/Order (react)/Purchase_Button' is clicked on

2018-05-31 10:54:11 - [MESSAGE][PASSED] - Object: 'Object Repository/LoggedInReactPages/Order (react)/Purchase_Button' is clicked on

2018-05-31 10:54:11 - [MESSAGE][PASSED] - Call Test Case 'Test Cases/Base Tests/OrderSignUpBase' successfully

2018-05-31 10:54:11 - [TEST_STEP][PASSED] - waitForElementClickable: Object 'Object Repository/LoggedInReactPages/Order (react)/CompletePurchase_Button' is clickable

2018-05-31 10:54:11 - [MESSAGE][WARNING] - Timeout '0' is invalid. Using default page load timeout: '30'

2018-05-31 10:54:11 - [MESSAGE][PASSED] - Object 'Object Repository/LoggedInReactPages/Order (react)/CompletePurchase_Button' is clickable

2018-05-31 10:54:11 - [TEST_STEP][PASSED] - Statement - Price = com.kms.katalon.core.webui.keyword.WebUiBuiltInKeywords.concatenate(["Only ", Vtr1]): Concatenated string array: '['Only ','$1,551.00']' into 'Only $1,551.00'

2018-05-31 10:54:11 - [MESSAGE][PASSED] - Concatenated string array: '['Only ','$1,551.00']' into 'Only $1,551.00'

2018-05-31 10:54:11 - [TEST_STEP][PASSED] - verifyElementText: Actual text and expected text of test object 'Object Repository/LoggedInReactPages/Order (react)/Confirm_Price' are matched.

2018-05-31 10:54:11 - [MESSAGE][PASSED] - Actual text and expected text of test object 'Object Repository/LoggedInReactPages/Order (react)/Confirm_Price' are matched.

2018-05-31 10:54:11 - [TEST_STEP][PASSED] - click: Object: 'Object Repository/LoggedInReactPages/Order (react)/CompletePurchase_Button' is clicked on

2018-05-31 10:54:11 - [MESSAGE][PASSED] - Object: 'Object Repository/LoggedInReactPages/Order (react)/CompletePurchase_Button' is clicked on

2018-05-31 10:54:11 - [TEST_STEP][PASSED] - waitForElementPresent: Object 'Object Repository/LoggedInReactPages/Order (react)/VINCheckForm_EnterVINInput' is present

2018-05-31 10:54:11 - [MESSAGE][WARNING] - Timeout '0' is invalid. Using default page load timeout: '30'

2018-05-31 10:54:31 - [MESSAGE][PASSED] - Object 'Object Repository/LoggedInReactPages/Order (react)/VINCheckForm_EnterVINInput' is present

2018-05-31 10:54:31 - [TEST_STEP][PASSED] - waitForElementClickable: Object 'Object Repository/LoggedInReactPages/Order (react)/ViewReport_Button' is clickable

2018-05-31 10:54:31 - [MESSAGE][WARNING] - Timeout '0' is invalid. Using default page load timeout: '30'

2018-05-31 10:54:31 - [MESSAGE][PASSED] - Object 'Object Repository/LoggedInReactPages/Order (react)/ViewReport_Button' is clickable

2018-05-31 10:54:31 - [TEST_STEP][PASSED] - verifyTextPresent: Text 'Thank you for using instaVIN!' is present on page 

2018-05-31 10:54:31 - [MESSAGE][PASSED] - Text 'Thank you for using instaVIN!' is present on page 

2018-05-31 10:54:31 - [TEST_STEP][PASSED] - verifyElementText: Actual text and expected text of test object 'Object Repository/LoggedInReactPages/Order (react)/ViewReport - Vin' are matched.

2018-05-31 10:54:31 - [MESSAGE][PASSED] - Actual text and expected text of test object 'Object Repository/LoggedInReactPages/Order (react)/ViewReport - Vin' are matched.

2018-05-31 10:54:31 - [TEST_STEP][PASSED] - verifyElementText: Actual text and expected text of test object 'Object Repository/LoggedInReactPages/Order (react)/ViewReport - ReportType' are matched.

2018-05-31 10:54:31 - [MESSAGE][PASSED] - Actual text and expected text of test object 'Object Repository/LoggedInReactPages/Order (react)/ViewReport - ReportType' are matched.

2018-05-31 10:54:31 - [TEST_STEP][PASSED] - click: Object: 'Object Repository/LoggedInReactPages/Order (react)/ViewReport_Button' is clicked on

2018-05-31 10:54:33 - [MESSAGE][PASSED] - Object: 'Object Repository/LoggedInReactPages/Order (react)/ViewReport_Button' is clicked on

2018-05-31 10:54:33 - [TEST_STEP][PASSED] - waitForElementVisible: Object 'Object Repository/LoggedInReactPages/ReportSummary/ReportHeader' is visible

2018-05-31 10:54:33 - [MESSAGE][WARNING] - Timeout '0' is invalid. Using default page load timeout: '30'

2018-05-31 10:54:33 - [MESSAGE][PASSED] - Object 'Object Repository/LoggedInReactPages/ReportSummary/ReportHeader' is visible

2018-05-31 10:54:33 - [TEST_STEP][PASSED] - verifyElementText: Actual text and expected text of test object 'Object Repository/LoggedInReactPages/ReportSummary/VehicleTitle' are matched.

2018-05-31 10:54:33 - [MESSAGE][PASSED] - Actual text and expected text of test object 'Object Repository/LoggedInReactPages/ReportSummary/VehicleTitle' are matched.

2018-05-31 10:54:33 - [TEST_STEP][PASSED] - verifyElementAttributeValue: Object 'Object Repository/LoggedInReactPages/ReportSummary/ReportType' has attribute 'class' with value 'ReportGrade AlertSuccess'

2018-05-31 10:54:33 - [MESSAGE][WARNING] - Timeout '0' is invalid. Using default page load timeout: '30'

2018-05-31 10:54:34 - [MESSAGE][PASSED] - Object 'Object Repository/LoggedInReactPages/ReportSummary/ReportType' has attribute 'class' with value 'ReportGrade AlertSuccess'

2018-05-31 10:54:34 - [TEST_STEP][PASSED] - verifyElementText: Actual text and expected text of test object 'Object Repository/LoggedInReactPages/ReportSummary/ReportType' are matched.

2018-05-31 10:54:34 - [MESSAGE][PASSED] - Actual text and expected text of test object 'Object Repository/LoggedInReactPages/ReportSummary/ReportType' are matched.

2018-05-31 10:54:34 - [TEST_STEP][PASSED] - verifyElementAttributeValue: Object 'Object Repository/LoggedInReactPages/ReportSummary/VehicleSpecsStatus' has attribute 'class' with value 'SummaryAlertContainer AlertSuccess'

2018-05-31 10:54:34 - [MESSAGE][WARNING] - Timeout '0' is invalid. Using default page load timeout: '30'

2018-05-31 10:54:34 - [MESSAGE][PASSED] - Object 'Object Repository/LoggedInReactPages/ReportSummary/VehicleSpecsStatus' has attribute 'class' with value 'SummaryAlertContainer AlertSuccess'

2018-05-31 10:54:34 - [TEST_STEP][PASSED] - verifyElementAttributeValue: Object 'Object Repository/LoggedInReactPages/ReportSummary/JunkSalvageStatus' has attribute 'class' with value 'SummaryAlertContainer AlertSuccess'

2018-05-31 10:54:34 - [MESSAGE][WARNING] - Timeout '0' is invalid. Using default page load timeout: '30'

2018-05-31 10:54:34 - [MESSAGE][PASSED] - Object 'Object Repository/LoggedInReactPages/ReportSummary/JunkSalvageStatus' has attribute 'class' with value 'SummaryAlertContainer AlertSuccess'

2018-05-31 10:54:34 - [TEST_STEP][PASSED] - verifyElementAttributeValue: Object 'Object Repository/LoggedInReactPages/ReportSummary/TitleStatus' has attribute 'class' with value 'SummaryAlertContainer AlertSuccess'

2018-05-31 10:54:34 - [MESSAGE][WARNING] - Timeout '0' is invalid. Using default page load timeout: '30'

2018-05-31 10:54:34 - [MESSAGE][PASSED] - Object 'Object Repository/LoggedInReactPages/ReportSummary/TitleStatus' has attribute 'class' with value 'SummaryAlertContainer AlertSuccess'

2018-05-31 10:54:34 - [TEST_STEP][PASSED] - verifyElementAttributeValue: Object 'Object Repository/LoggedInReactPages/ReportSummary/OtherStatus' has attribute 'class' with value 'SummaryAlertContainer AlertSuccess'

2018-05-31 10:54:34 - [MESSAGE][WARNING] - Timeout '0' is invalid. Using default page load timeout: '30'

2018-05-31 10:54:34 - [MESSAGE][PASSED] - Object 'Object Repository/LoggedInReactPages/ReportSummary/OtherStatus' has attribute 'class' with value 'SummaryAlertContainer AlertSuccess'

2018-05-31 10:54:34 - [TEST_STEP][PASSED] - verifyElementAttributeValue: Object 'Object Repository/LoggedInReactPages/ReportSummary/VehicleRecallStatus' has attribute 'class' with value 'SummaryAlertContainer AlertSuccess'

2018-05-31 10:54:34 - [MESSAGE][WARNING] - Timeout '0' is invalid. Using default page load timeout: '30'

2018-05-31 10:54:34 - [MESSAGE][PASSED] - Object 'Object Repository/LoggedInReactPages/ReportSummary/VehicleRecallStatus' has attribute 'class' with value 'SummaryAlertContainer AlertSuccess'

2018-05-31 10:54:34 - [TEST_STEP][PASSED] - verifyElementText: Actual text and expected text of test object 'Object Repository/LoggedInReactPages/ReportSummary/OdometerStatus' are matched.

2018-05-31 10:54:35 - [MESSAGE][PASSED] - Actual text and expected text of test object 'Object Repository/LoggedInReactPages/ReportSummary/OdometerStatus' are matched.

2018-05-31 10:54:35 - [TEST_STEP][PASSED] - navigateToUrl: Navigate to 'https://dev-front.instavin.com/_O/Autotest(salesman)/order/' successfully

2018-05-31 10:54:36 - [MESSAGE][PASSED] - Navigate to 'https://dev-front.instavin.com/_O/Autotest(salesman)/order/' successfully

2018-05-31 10:54:36 - [TEST_STEP][PASSED] - verifyElementText: Actual text and expected text of test object 'Object Repository/LoggedInReactPages/Order (react)/VtrPrice1' are matched.

2018-05-31 10:54:37 - [MESSAGE][PASSED] - Actual text and expected text of test object 'Object Repository/LoggedInReactPages/Order (react)/VtrPrice1' are matched.

2018-05-31 10:54:37 - [TEST_STEP][PASSED] - verifyElementText: Actual text and expected text of test object 'Object Repository/LoggedInReactPages/Order (react)/VtrPrice10' are matched.

2018-05-31 10:54:37 - [MESSAGE][PASSED] - Actual text and expected text of test object 'Object Repository/LoggedInReactPages/Order (react)/VtrPrice10' are matched.

2018-05-31 10:54:37 - [TEST_STEP][PASSED] - closeBrowser: Browser is closed

2018-05-31 10:54:37 - [MESSAGE][PASSED] - Browser is closed]]></system-out>
         <system-err><![CDATA[]]></system-err>
      </testcase>
      <testcase name="Test Cases/Salesman - BuyVTRConsumer" classname="Test Cases/Salesman - BuyVTRConsumer" status="PASSED">
         <system-out><![CDATA[2018-05-31 10:54:37 - [TEST_CASE][PASSED] - Test Cases/Salesman - BuyVTRConsumer: Test Cases/Salesman - BuyVTRConsumer

2018-05-31 10:54:38 - [TEST_STEP][PASSED] - openBrowser: Browser is opened with url: ''

2018-05-31 10:54:40 - [MESSAGE][PASSED] - Browser is opened with url: ''

2018-05-31 10:54:40 - [TEST_STEP][PASSED] - maximizeWindow: Current window maximized

2018-05-31 10:54:41 - [MESSAGE][PASSED] - Current window maximized

2018-05-31 10:54:41 - [TEST_STEP][PASSED] - Statement - OrderURL = com.kms.katalon.core.webui.keyword.WebUiBuiltInKeywords.concatenate([StagingReact, SalesmanURL, "order/"]): Concatenated string array: '['https://dev-front.instavin.com/','_O/Autotest(salesman)/','order/']' into 'https://dev-front.instavin.com/_O/Autotest(salesman)/order/'

2018-05-31 10:54:41 - [MESSAGE][PASSED] - Concatenated string array: '['https://dev-front.instavin.com/','_O/Autotest(salesman)/','order/']' into 'https://dev-front.instavin.com/_O/Autotest(salesman)/order/'

2018-05-31 10:54:41 - [TEST_STEP][PASSED] - navigateToUrl: Navigate to 'https://dev-front.instavin.com/_O/Autotest(salesman)/order/' successfully

2018-05-31 10:54:46 - [MESSAGE][PASSED] - Navigate to 'https://dev-front.instavin.com/_O/Autotest(salesman)/order/' successfully

2018-05-31 10:54:46 - [TEST_STEP][PASSED] - waitForElementVisible: Object 'Object Repository/LoggedInReactPages/Order (react)/instaVINProducts_Label' is visible

2018-05-31 10:54:46 - [MESSAGE][WARNING] - Timeout '0' is invalid. Using default page load timeout: '30'

2018-05-31 10:54:46 - [MESSAGE][PASSED] - Object 'Object Repository/LoggedInReactPages/Order (react)/instaVINProducts_Label' is visible

2018-05-31 10:54:46 - [TEST_STEP][PASSED] - verifyElementText: Actual text and expected text of test object 'Object Repository/LoggedInReactPages/Order (react)/VtrPrice1' are matched.

2018-05-31 10:54:46 - [MESSAGE][PASSED] - Actual text and expected text of test object 'Object Repository/LoggedInReactPages/Order (react)/VtrPrice1' are matched.

2018-05-31 10:54:46 - [TEST_STEP][PASSED] - verifyElementText: Actual text and expected text of test object 'Object Repository/LoggedInReactPages/Order (react)/VtrPrice10' are matched.

2018-05-31 10:54:46 - [MESSAGE][PASSED] - Actual text and expected text of test object 'Object Repository/LoggedInReactPages/Order (react)/VtrPrice10' are matched.

2018-05-31 10:54:46 - [TEST_STEP][PASSED] - verifyElementText: Actual text and expected text of test object 'Object Repository/LoggedInReactPages/Order (react)/VtrPrice50' are matched.

2018-05-31 10:54:46 - [MESSAGE][PASSED] - Actual text and expected text of test object 'Object Repository/LoggedInReactPages/Order (react)/VtrPrice50' are matched.

2018-05-31 10:54:46 - [TEST_STEP][PASSED] - setText: Text 'SAJWA43C199B29849' is set on object 'Object Repository/LoggedInReactPages/Order (react)/VINCheckForm_EnterVINInput'

2018-05-31 10:54:46 - [MESSAGE][PASSED] - Text 'SAJWA43C199B29849' is set on object 'Object Repository/LoggedInReactPages/Order (react)/VINCheckForm_EnterVINInput'

2018-05-31 10:54:46 - [TEST_STEP][PASSED] - click: Object: 'Object Repository/LoggedInReactPages/Order (react)/CheckVin_ArrowButton' is clicked on

2018-05-31 10:54:46 - [MESSAGE][PASSED] - Object: 'Object Repository/LoggedInReactPages/Order (react)/CheckVin_ArrowButton' is clicked on

2018-05-31 10:54:46 - [TEST_STEP][PASSED] - waitForElementVisible: Object 'Object Repository/LoggedInReactPages/Order (react)/ChangeVIN_Cross' is visible

2018-05-31 10:54:46 - [MESSAGE][WARNING] - Timeout '0' is invalid. Using default page load timeout: '30'

2018-05-31 10:54:47 - [MESSAGE][PASSED] - Object 'Object Repository/LoggedInReactPages/Order (react)/ChangeVIN_Cross' is visible

2018-05-31 10:54:47 - [TEST_STEP][PASSED] - verifyElementVisible: Object 'Object Repository/LoggedInReactPages/Order (react)/OrderNow_OrangeButton' is visible

2018-05-31 10:54:47 - [MESSAGE][PASSED] - Object 'Object Repository/LoggedInReactPages/Order (react)/OrderNow_OrangeButton' is visible

2018-05-31 10:54:47 - [TEST_STEP][PASSED] - click: Object: 'Object Repository/LoggedInReactPages/Order (react)/OrderNow_OrangeButton' is clicked on

2018-05-31 10:54:47 - [MESSAGE][PASSED] - Object: 'Object Repository/LoggedInReactPages/Order (react)/OrderNow_OrangeButton' is clicked on

2018-05-31 10:54:47 - [TEST_STEP][PASSED] - waitForElementVisible: Object 'Object Repository/LoggedInReactPages/Order (react)/Purchase_Button' is visible

2018-05-31 10:54:47 - [MESSAGE][WARNING] - Timeout '0' is invalid. Using default page load timeout: '30'

2018-05-31 10:54:47 - [MESSAGE][PASSED] - Object 'Object Repository/LoggedInReactPages/Order (react)/Purchase_Button' is visible

2018-05-31 10:54:47 - [TEST_STEP][PASSED] - Statement - now = new java.util.Date(): null

2018-05-31 10:54:47 - [TEST_STEP][PASSED] - Statement - rnd = now.format("yyyyMMddHHmmssSSS").toString(): null

2018-05-31 10:54:47 - [TEST_STEP][PASSED] - Statement - Email = com.kms.katalon.core.webui.keyword.WebUiBuiltInKeywords.concatenate(["salesman", rnd, "@mailinator.com"]): Concatenated string array: '['salesman','20180531105447642','@mailinator.com']' into 'salesman20180531105447642@mailinator.com'

2018-05-31 10:54:47 - [MESSAGE][PASSED] - Concatenated string array: '['salesman','20180531105447642','@mailinator.com']' into 'salesman20180531105447642@mailinator.com'

2018-05-31 10:54:47 - [TEST_STEP][PASSED] - callTestCase: Call Test Case 'Test Cases/Base Tests/OrderSignUpBase' successfully

2018-05-31 10:54:47 - [TEST_CASE][PASSED] - Test Cases/Base Tests/OrderSignUpBase: Test Cases/Base Tests/OrderSignUpBase

2018-05-31 10:54:48 - [TEST_STEP][PASSED] - setText: Text 'Salesman' is set on object 'Object Repository/LoggedOutReactPages/OrderLoggedOut/FirstName_Input'

2018-05-31 10:54:48 - [MESSAGE][PASSED] - Text 'Salesman' is set on object 'Object Repository/LoggedOutReactPages/OrderLoggedOut/FirstName_Input'

2018-05-31 10:54:48 - [TEST_STEP][PASSED] - setText: Text 'Test' is set on object 'Object Repository/LoggedOutReactPages/OrderLoggedOut/LastName_Input'

2018-05-31 10:54:48 - [MESSAGE][PASSED] - Text 'Test' is set on object 'Object Repository/LoggedOutReactPages/OrderLoggedOut/LastName_Input'

2018-05-31 10:54:48 - [TEST_STEP][PASSED] - setText: Text 'test' is set on object 'Object Repository/LoggedOutReactPages/OrderLoggedOut/Address_Input'

2018-05-31 10:54:48 - [MESSAGE][PASSED] - Text 'test' is set on object 'Object Repository/LoggedOutReactPages/OrderLoggedOut/Address_Input'

2018-05-31 10:54:48 - [TEST_STEP][PASSED] - setText: Text 'test' is set on object 'Object Repository/LoggedOutReactPages/OrderLoggedOut/City_Input'

2018-05-31 10:54:49 - [MESSAGE][PASSED] - Text 'test' is set on object 'Object Repository/LoggedOutReactPages/OrderLoggedOut/City_Input'

2018-05-31 10:54:49 - [TEST_STEP][PASSED] - selectOptionByValue: All options with value 'TX' are selected in object 'Object Repository/LoggedOutReactPages/OrderLoggedOut/State_Dropdown' 

2018-05-31 10:54:49 - [MESSAGE][PASSED] - All options with value 'TX' are selected in object 'Object Repository/LoggedOutReactPages/OrderLoggedOut/State_Dropdown' 

2018-05-31 10:54:49 - [TEST_STEP][PASSED] - setText: Text '11111' is set on object 'Object Repository/LoggedOutReactPages/OrderLoggedOut/Zip_Input'

2018-05-31 10:54:49 - [MESSAGE][PASSED] - Text '11111' is set on object 'Object Repository/LoggedOutReactPages/OrderLoggedOut/Zip_Input'

2018-05-31 10:54:49 - [TEST_STEP][PASSED] - setText: Text '8001112233' is set on object 'Object Repository/LoggedOutReactPages/OrderLoggedOut/Phone_Input'

2018-05-31 10:54:50 - [MESSAGE][PASSED] - Text '8001112233' is set on object 'Object Repository/LoggedOutReactPages/OrderLoggedOut/Phone_Input'

2018-05-31 10:54:50 - [TEST_STEP][PASSED] - setText: Text 'salesman20180531105447642@mailinator.com' is set on object 'Object Repository/LoggedOutReactPages/OrderLoggedOut/Email_Input'

2018-05-31 10:54:50 - [MESSAGE][PASSED] - Text 'salesman20180531105447642@mailinator.com' is set on object 'Object Repository/LoggedOutReactPages/OrderLoggedOut/Email_Input'

2018-05-31 10:54:50 - [TEST_STEP][PASSED] - setText: Text '4000100011112224' is set on object 'Object Repository/LoggedOutReactPages/OrderLoggedOut/CcNumber_Input'

2018-05-31 10:54:51 - [MESSAGE][PASSED] - Text '4000100011112224' is set on object 'Object Repository/LoggedOutReactPages/OrderLoggedOut/CcNumber_Input'

2018-05-31 10:54:51 - [TEST_STEP][PASSED] - setText: Text '111' is set on object 'Object Repository/LoggedOutReactPages/OrderLoggedOut/CVV_Input'

2018-05-31 10:54:51 - [MESSAGE][PASSED] - Text '111' is set on object 'Object Repository/LoggedOutReactPages/OrderLoggedOut/CVV_Input'

2018-05-31 10:54:51 - [TEST_STEP][PASSED] - selectOptionByValue: All options with value '11' are selected in object 'Object Repository/LoggedOutReactPages/OrderLoggedOut/ExpirationMonth_Dropdown' 

2018-05-31 10:54:51 - [MESSAGE][PASSED] - All options with value '11' are selected in object 'Object Repository/LoggedOutReactPages/OrderLoggedOut/ExpirationMonth_Dropdown' 

2018-05-31 10:54:51 - [TEST_STEP][PASSED] - selectOptionByValue: All options with value '2020' are selected in object 'Object Repository/LoggedOutReactPages/OrderLoggedOut/ExpirationYear_Dropdown' 

2018-05-31 10:54:51 - [MESSAGE][PASSED] - All options with value '2020' are selected in object 'Object Repository/LoggedOutReactPages/OrderLoggedOut/ExpirationYear_Dropdown' 

2018-05-31 10:54:51 - [TEST_STEP][PASSED] - selectOptionByValue: All options with value '0' are selected in object 'Object Repository/LoggedOutReactPages/OrderLoggedOut/UserType_Dropdown' 

2018-05-31 10:54:52 - [MESSAGE][PASSED] - All options with value '0' are selected in object 'Object Repository/LoggedOutReactPages/OrderLoggedOut/UserType_Dropdown' 

2018-05-31 10:54:52 - [TEST_STEP][PASSED] - check: Object 'Object Repository/LoggedOutReactPages/OrderLoggedOut/Terms_Checkbox' is checked

2018-05-31 10:54:52 - [MESSAGE][PASSED] - Object 'Object Repository/LoggedOutReactPages/OrderLoggedOut/Terms_Checkbox' is checked

2018-05-31 10:54:52 - [TEST_STEP][PASSED] - click: Object: 'Object Repository/LoggedInReactPages/Order (react)/Purchase_Button' is clicked on

2018-05-31 10:54:52 - [MESSAGE][PASSED] - Object: 'Object Repository/LoggedInReactPages/Order (react)/Purchase_Button' is clicked on

2018-05-31 10:54:52 - [MESSAGE][PASSED] - Call Test Case 'Test Cases/Base Tests/OrderSignUpBase' successfully

2018-05-31 10:54:52 - [TEST_STEP][PASSED] - waitForElementClickable: Object 'Object Repository/LoggedInReactPages/Order (react)/CompletePurchase_Button' is clickable

2018-05-31 10:54:52 - [MESSAGE][WARNING] - Timeout '0' is invalid. Using default page load timeout: '30'

2018-05-31 10:54:52 - [MESSAGE][PASSED] - Object 'Object Repository/LoggedInReactPages/Order (react)/CompletePurchase_Button' is clickable

2018-05-31 10:54:52 - [TEST_STEP][PASSED] - Statement - Price = com.kms.katalon.core.webui.keyword.WebUiBuiltInKeywords.concatenate(["Only ", Vtr1]): Concatenated string array: '['Only ','$1,551.00']' into 'Only $1,551.00'

2018-05-31 10:54:52 - [MESSAGE][PASSED] - Concatenated string array: '['Only ','$1,551.00']' into 'Only $1,551.00'

2018-05-31 10:54:53 - [TEST_STEP][PASSED] - verifyElementText: Actual text and expected text of test object 'Object Repository/LoggedInReactPages/Order (react)/Confirm_Price' are matched.

2018-05-31 10:54:53 - [MESSAGE][PASSED] - Actual text and expected text of test object 'Object Repository/LoggedInReactPages/Order (react)/Confirm_Price' are matched.

2018-05-31 10:54:53 - [TEST_STEP][PASSED] - click: Object: 'Object Repository/LoggedInReactPages/Order (react)/CompletePurchase_Button' is clicked on

2018-05-31 10:54:53 - [MESSAGE][PASSED] - Object: 'Object Repository/LoggedInReactPages/Order (react)/CompletePurchase_Button' is clicked on

2018-05-31 10:54:53 - [TEST_STEP][PASSED] - waitForElementPresent: Object 'Object Repository/LoggedInReactPages/Order (react)/VINCheckForm_EnterVINInput' is present

2018-05-31 10:54:53 - [MESSAGE][WARNING] - Timeout '0' is invalid. Using default page load timeout: '30'

2018-05-31 10:55:12 - [MESSAGE][PASSED] - Object 'Object Repository/LoggedInReactPages/Order (react)/VINCheckForm_EnterVINInput' is present

2018-05-31 10:55:12 - [TEST_STEP][PASSED] - waitForElementClickable: Object 'Object Repository/LoggedInReactPages/Order (react)/ViewReport_Button' is clickable

2018-05-31 10:55:12 - [MESSAGE][WARNING] - Timeout '0' is invalid. Using default page load timeout: '30'

2018-05-31 10:55:12 - [MESSAGE][PASSED] - Object 'Object Repository/LoggedInReactPages/Order (react)/ViewReport_Button' is clickable

2018-05-31 10:55:12 - [TEST_STEP][PASSED] - verifyTextPresent: Text 'Thank you for using instaVIN!' is present on page 

2018-05-31 10:55:12 - [MESSAGE][PASSED] - Text 'Thank you for using instaVIN!' is present on page 

2018-05-31 10:55:12 - [TEST_STEP][PASSED] - verifyElementText: Actual text and expected text of test object 'Object Repository/LoggedInReactPages/Order (react)/ViewReport - Vin' are matched.

2018-05-31 10:55:12 - [MESSAGE][PASSED] - Actual text and expected text of test object 'Object Repository/LoggedInReactPages/Order (react)/ViewReport - Vin' are matched.

2018-05-31 10:55:12 - [TEST_STEP][PASSED] - verifyElementText: Actual text and expected text of test object 'Object Repository/LoggedInReactPages/Order (react)/ViewReport - ReportType' are matched.

2018-05-31 10:55:12 - [MESSAGE][PASSED] - Actual text and expected text of test object 'Object Repository/LoggedInReactPages/Order (react)/ViewReport - ReportType' are matched.

2018-05-31 10:55:12 - [TEST_STEP][PASSED] - click: Object: 'Object Repository/LoggedInReactPages/Order (react)/ViewReport_Button' is clicked on

2018-05-31 10:55:14 - [MESSAGE][PASSED] - Object: 'Object Repository/LoggedInReactPages/Order (react)/ViewReport_Button' is clicked on

2018-05-31 10:55:14 - [TEST_STEP][PASSED] - waitForElementVisible: Object 'Object Repository/LoggedInReactPages/ReportSummary/ReportHeader' is visible

2018-05-31 10:55:14 - [MESSAGE][WARNING] - Timeout '0' is invalid. Using default page load timeout: '30'

2018-05-31 10:55:14 - [MESSAGE][PASSED] - Object 'Object Repository/LoggedInReactPages/ReportSummary/ReportHeader' is visible

2018-05-31 10:55:14 - [TEST_STEP][PASSED] - verifyElementText: Actual text and expected text of test object 'Object Repository/LoggedInReactPages/ReportSummary/VehicleTitle' are matched.

2018-05-31 10:55:14 - [MESSAGE][PASSED] - Actual text and expected text of test object 'Object Repository/LoggedInReactPages/ReportSummary/VehicleTitle' are matched.

2018-05-31 10:55:14 - [TEST_STEP][PASSED] - verifyElementAttributeValue: Object 'Object Repository/LoggedInReactPages/ReportSummary/ReportType' has attribute 'class' with value 'ReportGrade AlertSuccess'

2018-05-31 10:55:14 - [MESSAGE][WARNING] - Timeout '0' is invalid. Using default page load timeout: '30'

2018-05-31 10:55:14 - [MESSAGE][PASSED] - Object 'Object Repository/LoggedInReactPages/ReportSummary/ReportType' has attribute 'class' with value 'ReportGrade AlertSuccess'

2018-05-31 10:55:14 - [TEST_STEP][PASSED] - verifyElementText: Actual text and expected text of test object 'Object Repository/LoggedInReactPages/ReportSummary/ReportType' are matched.

2018-05-31 10:55:14 - [MESSAGE][PASSED] - Actual text and expected text of test object 'Object Repository/LoggedInReactPages/ReportSummary/ReportType' are matched.

2018-05-31 10:55:14 - [TEST_STEP][PASSED] - verifyElementAttributeValue: Object 'Object Repository/LoggedInReactPages/ReportSummary/VehicleSpecsStatus' has attribute 'class' with value 'SummaryAlertContainer AlertSuccess'

2018-05-31 10:55:14 - [MESSAGE][WARNING] - Timeout '0' is invalid. Using default page load timeout: '30'

2018-05-31 10:55:14 - [MESSAGE][PASSED] - Object 'Object Repository/LoggedInReactPages/ReportSummary/VehicleSpecsStatus' has attribute 'class' with value 'SummaryAlertContainer AlertSuccess'

2018-05-31 10:55:14 - [TEST_STEP][PASSED] - verifyElementAttributeValue: Object 'Object Repository/LoggedInReactPages/ReportSummary/JunkSalvageStatus' has attribute 'class' with value 'SummaryAlertContainer AlertSuccess'

2018-05-31 10:55:14 - [MESSAGE][WARNING] - Timeout '0' is invalid. Using default page load timeout: '30'

2018-05-31 10:55:14 - [MESSAGE][PASSED] - Object 'Object Repository/LoggedInReactPages/ReportSummary/JunkSalvageStatus' has attribute 'class' with value 'SummaryAlertContainer AlertSuccess'

2018-05-31 10:55:14 - [TEST_STEP][PASSED] - verifyElementAttributeValue: Object 'Object Repository/LoggedInReactPages/ReportSummary/TitleStatus' has attribute 'class' with value 'SummaryAlertContainer AlertSuccess'

2018-05-31 10:55:14 - [MESSAGE][WARNING] - Timeout '0' is invalid. Using default page load timeout: '30'

2018-05-31 10:55:14 - [MESSAGE][PASSED] - Object 'Object Repository/LoggedInReactPages/ReportSummary/TitleStatus' has attribute 'class' with value 'SummaryAlertContainer AlertSuccess'

2018-05-31 10:55:14 - [TEST_STEP][PASSED] - verifyElementAttributeValue: Object 'Object Repository/LoggedInReactPages/ReportSummary/OtherStatus' has attribute 'class' with value 'SummaryAlertContainer AlertSuccess'

2018-05-31 10:55:14 - [MESSAGE][WARNING] - Timeout '0' is invalid. Using default page load timeout: '30'

2018-05-31 10:55:14 - [MESSAGE][PASSED] - Object 'Object Repository/LoggedInReactPages/ReportSummary/OtherStatus' has attribute 'class' with value 'SummaryAlertContainer AlertSuccess'

2018-05-31 10:55:14 - [TEST_STEP][PASSED] - verifyElementAttributeValue: Object 'Object Repository/LoggedInReactPages/ReportSummary/VehicleRecallStatus' has attribute 'class' with value 'SummaryAlertContainer AlertSuccess'

2018-05-31 10:55:14 - [MESSAGE][WARNING] - Timeout '0' is invalid. Using default page load timeout: '30'

2018-05-31 10:55:14 - [MESSAGE][PASSED] - Object 'Object Repository/LoggedInReactPages/ReportSummary/VehicleRecallStatus' has attribute 'class' with value 'SummaryAlertContainer AlertSuccess'

2018-05-31 10:55:14 - [TEST_STEP][PASSED] - verifyElementText: Actual text and expected text of test object 'Object Repository/LoggedInReactPages/ReportSummary/OdometerStatus' are matched.

2018-05-31 10:55:15 - [MESSAGE][PASSED] - Actual text and expected text of test object 'Object Repository/LoggedInReactPages/ReportSummary/OdometerStatus' are matched.

2018-05-31 10:55:15 - [TEST_STEP][PASSED] - navigateToUrl: Navigate to 'https://dev-front.instavin.com/_O/Autotest(salesman)/order/' successfully

2018-05-31 10:55:17 - [MESSAGE][PASSED] - Navigate to 'https://dev-front.instavin.com/_O/Autotest(salesman)/order/' successfully

2018-05-31 10:55:17 - [TEST_STEP][PASSED] - verifyElementText: Actual text and expected text of test object 'Object Repository/LoggedInReactPages/Order (react)/VtrPrice1' are matched.

2018-05-31 10:55:17 - [MESSAGE][PASSED] - Actual text and expected text of test object 'Object Repository/LoggedInReactPages/Order (react)/VtrPrice1' are matched.

2018-05-31 10:55:17 - [TEST_STEP][PASSED] - verifyElementText: Actual text and expected text of test object 'Object Repository/LoggedInReactPages/Order (react)/VtrPrice10' are matched.

2018-05-31 10:55:17 - [MESSAGE][PASSED] - Actual text and expected text of test object 'Object Repository/LoggedInReactPages/Order (react)/VtrPrice10' are matched.

2018-05-31 10:55:17 - [TEST_STEP][PASSED] - closeBrowser: Browser is closed

2018-05-31 10:55:18 - [MESSAGE][PASSED] - Browser is closed]]></system-out>
         <system-err><![CDATA[]]></system-err>
      </testcase>
      <testcase name="Test Cases/Salesman - BuyVTRDealer" classname="Test Cases/Salesman - BuyVTRDealer" status="PASSED">
         <system-out><![CDATA[2018-05-31 10:55:18 - [TEST_CASE][PASSED] - Test Cases/Salesman - BuyVTRDealer: Test Cases/Salesman - BuyVTRDealer

2018-05-31 10:55:18 - [TEST_STEP][PASSED] - openBrowser: Browser is opened with url: ''

2018-05-31 10:55:20 - [MESSAGE][PASSED] - Browser is opened with url: ''

2018-05-31 10:55:20 - [TEST_STEP][PASSED] - maximizeWindow: Current window maximized

2018-05-31 10:55:21 - [MESSAGE][PASSED] - Current window maximized

2018-05-31 10:55:21 - [TEST_STEP][PASSED] - Statement - OrderURL = com.kms.katalon.core.webui.keyword.WebUiBuiltInKeywords.concatenate([StagingReact, SalesmanURL, "order/"]): Concatenated string array: '['https://dev-front.instavin.com/','_O/Autotest(salesman)/','order/']' into 'https://dev-front.instavin.com/_O/Autotest(salesman)/order/'

2018-05-31 10:55:21 - [MESSAGE][PASSED] - Concatenated string array: '['https://dev-front.instavin.com/','_O/Autotest(salesman)/','order/']' into 'https://dev-front.instavin.com/_O/Autotest(salesman)/order/'

2018-05-31 10:55:21 - [TEST_STEP][PASSED] - navigateToUrl: Navigate to 'https://dev-front.instavin.com/_O/Autotest(salesman)/order/' successfully

2018-05-31 10:55:26 - [MESSAGE][PASSED] - Navigate to 'https://dev-front.instavin.com/_O/Autotest(salesman)/order/' successfully

2018-05-31 10:55:26 - [TEST_STEP][PASSED] - waitForElementVisible: Object 'Object Repository/LoggedInReactPages/Order (react)/instaVINProducts_Label' is visible

2018-05-31 10:55:26 - [MESSAGE][WARNING] - Timeout '0' is invalid. Using default page load timeout: '30'

2018-05-31 10:55:26 - [MESSAGE][PASSED] - Object 'Object Repository/LoggedInReactPages/Order (react)/instaVINProducts_Label' is visible

2018-05-31 10:55:26 - [TEST_STEP][PASSED] - verifyElementText: Actual text and expected text of test object 'Object Repository/LoggedInReactPages/Order (react)/VtrPrice1' are matched.

2018-05-31 10:55:26 - [MESSAGE][PASSED] - Actual text and expected text of test object 'Object Repository/LoggedInReactPages/Order (react)/VtrPrice1' are matched.

2018-05-31 10:55:26 - [TEST_STEP][PASSED] - verifyElementText: Actual text and expected text of test object 'Object Repository/LoggedInReactPages/Order (react)/VtrPrice10' are matched.

2018-05-31 10:55:26 - [MESSAGE][PASSED] - Actual text and expected text of test object 'Object Repository/LoggedInReactPages/Order (react)/VtrPrice10' are matched.

2018-05-31 10:55:26 - [TEST_STEP][PASSED] - verifyElementText: Actual text and expected text of test object 'Object Repository/LoggedInReactPages/Order (react)/VtrPrice50' are matched.

2018-05-31 10:55:27 - [MESSAGE][PASSED] - Actual text and expected text of test object 'Object Repository/LoggedInReactPages/Order (react)/VtrPrice50' are matched.

2018-05-31 10:55:27 - [TEST_STEP][PASSED] - setText: Text 'SAJWA43C199B29849' is set on object 'Object Repository/LoggedInReactPages/Order (react)/VINCheckForm_EnterVINInput'

2018-05-31 10:55:27 - [MESSAGE][PASSED] - Text 'SAJWA43C199B29849' is set on object 'Object Repository/LoggedInReactPages/Order (react)/VINCheckForm_EnterVINInput'

2018-05-31 10:55:27 - [TEST_STEP][PASSED] - click: Object: 'Object Repository/LoggedInReactPages/Order (react)/CheckVin_ArrowButton' is clicked on

2018-05-31 10:55:27 - [MESSAGE][PASSED] - Object: 'Object Repository/LoggedInReactPages/Order (react)/CheckVin_ArrowButton' is clicked on

2018-05-31 10:55:27 - [TEST_STEP][PASSED] - waitForElementVisible: Object 'Object Repository/LoggedInReactPages/Order (react)/ChangeVIN_Cross' is visible

2018-05-31 10:55:27 - [MESSAGE][WARNING] - Timeout '0' is invalid. Using default page load timeout: '30'

2018-05-31 10:55:27 - [MESSAGE][PASSED] - Object 'Object Repository/LoggedInReactPages/Order (react)/ChangeVIN_Cross' is visible

2018-05-31 10:55:27 - [TEST_STEP][PASSED] - verifyElementVisible: Object 'Object Repository/LoggedInReactPages/Order (react)/OrderNow_OrangeButton' is visible

2018-05-31 10:55:28 - [MESSAGE][PASSED] - Object 'Object Repository/LoggedInReactPages/Order (react)/OrderNow_OrangeButton' is visible

2018-05-31 10:55:28 - [TEST_STEP][PASSED] - click: Object: 'Object Repository/LoggedInReactPages/Order (react)/OrderNow_OrangeButton' is clicked on

2018-05-31 10:55:28 - [MESSAGE][PASSED] - Object: 'Object Repository/LoggedInReactPages/Order (react)/OrderNow_OrangeButton' is clicked on

2018-05-31 10:55:28 - [TEST_STEP][PASSED] - waitForElementVisible: Object 'Object Repository/LoggedInReactPages/Order (react)/Purchase_Button' is visible

2018-05-31 10:55:28 - [MESSAGE][WARNING] - Timeout '0' is invalid. Using default page load timeout: '30'

2018-05-31 10:55:28 - [MESSAGE][PASSED] - Object 'Object Repository/LoggedInReactPages/Order (react)/Purchase_Button' is visible

2018-05-31 10:55:28 - [TEST_STEP][PASSED] - Statement - now = new java.util.Date(): null

2018-05-31 10:55:28 - [TEST_STEP][PASSED] - Statement - rnd = now.format("yyyyMMddHHmmssSSS").toString(): null

2018-05-31 10:55:28 - [TEST_STEP][PASSED] - Statement - Email = com.kms.katalon.core.webui.keyword.WebUiBuiltInKeywords.concatenate(["salesman", rnd, "@mailinator.com"]): Concatenated string array: '['salesman','20180531105528373','@mailinator.com']' into 'salesman20180531105528373@mailinator.com'

2018-05-31 10:55:28 - [MESSAGE][PASSED] - Concatenated string array: '['salesman','20180531105528373','@mailinator.com']' into 'salesman20180531105528373@mailinator.com'

2018-05-31 10:55:28 - [TEST_STEP][PASSED] - callTestCase: Call Test Case 'Test Cases/Base Tests/OrderSignUpBase' successfully

2018-05-31 10:55:28 - [TEST_CASE][PASSED] - Test Cases/Base Tests/OrderSignUpBase: Test Cases/Base Tests/OrderSignUpBase

2018-05-31 10:55:28 - [TEST_STEP][PASSED] - setText: Text 'Salesman' is set on object 'Object Repository/LoggedOutReactPages/OrderLoggedOut/FirstName_Input'

2018-05-31 10:55:29 - [MESSAGE][PASSED] - Text 'Salesman' is set on object 'Object Repository/LoggedOutReactPages/OrderLoggedOut/FirstName_Input'

2018-05-31 10:55:29 - [TEST_STEP][PASSED] - setText: Text 'Dealer' is set on object 'Object Repository/LoggedOutReactPages/OrderLoggedOut/LastName_Input'

2018-05-31 10:55:29 - [MESSAGE][PASSED] - Text 'Dealer' is set on object 'Object Repository/LoggedOutReactPages/OrderLoggedOut/LastName_Input'

2018-05-31 10:55:29 - [TEST_STEP][PASSED] - setText: Text 'test' is set on object 'Object Repository/LoggedOutReactPages/OrderLoggedOut/Address_Input'

2018-05-31 10:55:29 - [MESSAGE][PASSED] - Text 'test' is set on object 'Object Repository/LoggedOutReactPages/OrderLoggedOut/Address_Input'

2018-05-31 10:55:29 - [TEST_STEP][PASSED] - setText: Text 'test' is set on object 'Object Repository/LoggedOutReactPages/OrderLoggedOut/City_Input'

2018-05-31 10:55:30 - [MESSAGE][PASSED] - Text 'test' is set on object 'Object Repository/LoggedOutReactPages/OrderLoggedOut/City_Input'

2018-05-31 10:55:30 - [TEST_STEP][PASSED] - selectOptionByValue: All options with value 'TX' are selected in object 'Object Repository/LoggedOutReactPages/OrderLoggedOut/State_Dropdown' 

2018-05-31 10:55:30 - [MESSAGE][PASSED] - All options with value 'TX' are selected in object 'Object Repository/LoggedOutReactPages/OrderLoggedOut/State_Dropdown' 

2018-05-31 10:55:30 - [TEST_STEP][PASSED] - setText: Text '11111' is set on object 'Object Repository/LoggedOutReactPages/OrderLoggedOut/Zip_Input'

2018-05-31 10:55:30 - [MESSAGE][PASSED] - Text '11111' is set on object 'Object Repository/LoggedOutReactPages/OrderLoggedOut/Zip_Input'

2018-05-31 10:55:30 - [TEST_STEP][PASSED] - setText: Text '8001112233' is set on object 'Object Repository/LoggedOutReactPages/OrderLoggedOut/Phone_Input'

2018-05-31 10:55:30 - [MESSAGE][PASSED] - Text '8001112233' is set on object 'Object Repository/LoggedOutReactPages/OrderLoggedOut/Phone_Input'

2018-05-31 10:55:30 - [TEST_STEP][PASSED] - setText: Text 'salesman20180531105528373@mailinator.com' is set on object 'Object Repository/LoggedOutReactPages/OrderLoggedOut/Email_Input'

2018-05-31 10:55:31 - [MESSAGE][PASSED] - Text 'salesman20180531105528373@mailinator.com' is set on object 'Object Repository/LoggedOutReactPages/OrderLoggedOut/Email_Input'

2018-05-31 10:55:31 - [TEST_STEP][PASSED] - setText: Text '4000100011112224' is set on object 'Object Repository/LoggedOutReactPages/OrderLoggedOut/CcNumber_Input'

2018-05-31 10:55:31 - [MESSAGE][PASSED] - Text '4000100011112224' is set on object 'Object Repository/LoggedOutReactPages/OrderLoggedOut/CcNumber_Input'

2018-05-31 10:55:31 - [TEST_STEP][PASSED] - setText: Text '111' is set on object 'Object Repository/LoggedOutReactPages/OrderLoggedOut/CVV_Input'

2018-05-31 10:55:32 - [MESSAGE][PASSED] - Text '111' is set on object 'Object Repository/LoggedOutReactPages/OrderLoggedOut/CVV_Input'

2018-05-31 10:55:32 - [TEST_STEP][PASSED] - selectOptionByValue: All options with value '11' are selected in object 'Object Repository/LoggedOutReactPages/OrderLoggedOut/ExpirationMonth_Dropdown' 

2018-05-31 10:55:32 - [MESSAGE][PASSED] - All options with value '11' are selected in object 'Object Repository/LoggedOutReactPages/OrderLoggedOut/ExpirationMonth_Dropdown' 

2018-05-31 10:55:32 - [TEST_STEP][PASSED] - selectOptionByValue: All options with value '2020' are selected in object 'Object Repository/LoggedOutReactPages/OrderLoggedOut/ExpirationYear_Dropdown' 

2018-05-31 10:55:32 - [MESSAGE][PASSED] - All options with value '2020' are selected in object 'Object Repository/LoggedOutReactPages/OrderLoggedOut/ExpirationYear_Dropdown' 

2018-05-31 10:55:32 - [TEST_STEP][PASSED] - selectOptionByValue: All options with value '1' are selected in object 'Object Repository/LoggedOutReactPages/OrderLoggedOut/UserType_Dropdown' 

2018-05-31 10:55:32 - [MESSAGE][PASSED] - All options with value '1' are selected in object 'Object Repository/LoggedOutReactPages/OrderLoggedOut/UserType_Dropdown' 

2018-05-31 10:55:32 - [TEST_STEP][PASSED] - check: Object 'Object Repository/LoggedOutReactPages/OrderLoggedOut/Terms_Checkbox' is checked

2018-05-31 10:55:33 - [MESSAGE][PASSED] - Object 'Object Repository/LoggedOutReactPages/OrderLoggedOut/Terms_Checkbox' is checked

2018-05-31 10:55:33 - [TEST_STEP][PASSED] - click: Object: 'Object Repository/LoggedInReactPages/Order (react)/Purchase_Button' is clicked on

2018-05-31 10:55:33 - [MESSAGE][PASSED] - Object: 'Object Repository/LoggedInReactPages/Order (react)/Purchase_Button' is clicked on

2018-05-31 10:55:33 - [MESSAGE][PASSED] - Call Test Case 'Test Cases/Base Tests/OrderSignUpBase' successfully

2018-05-31 10:55:33 - [TEST_STEP][PASSED] - waitForElementVisible: Object 'Object Repository/LoggedInReactPages/Order (react)/CompletePurchase_Button' is visible

2018-05-31 10:55:33 - [MESSAGE][WARNING] - Timeout '0' is invalid. Using default page load timeout: '30'

2018-05-31 10:55:33 - [MESSAGE][PASSED] - Object 'Object Repository/LoggedInReactPages/Order (react)/CompletePurchase_Button' is visible

2018-05-31 10:55:33 - [TEST_STEP][PASSED] - Statement - Price = com.kms.katalon.core.webui.keyword.WebUiBuiltInKeywords.concatenate(["Only ", Vtr1]): Concatenated string array: '['Only ','$1,551.00']' into 'Only $1,551.00'

2018-05-31 10:55:34 - [MESSAGE][PASSED] - Concatenated string array: '['Only ','$1,551.00']' into 'Only $1,551.00'

2018-05-31 10:55:34 - [TEST_STEP][PASSED] - verifyElementText: Actual text and expected text of test object 'Object Repository/LoggedInReactPages/Order (react)/Confirm_Price' are matched.

2018-05-31 10:55:34 - [MESSAGE][PASSED] - Actual text and expected text of test object 'Object Repository/LoggedInReactPages/Order (react)/Confirm_Price' are matched.

2018-05-31 10:55:34 - [TEST_STEP][PASSED] - click: Object: 'Object Repository/LoggedInReactPages/Order (react)/CompletePurchase_Button' is clicked on

2018-05-31 10:55:34 - [MESSAGE][PASSED] - Object: 'Object Repository/LoggedInReactPages/Order (react)/CompletePurchase_Button' is clicked on

2018-05-31 10:55:34 - [TEST_STEP][PASSED] - waitForElementPresent: Object 'Object Repository/LoggedInReactPages/Order (react)/VINCheckForm_EnterVINInput' is present

2018-05-31 10:55:34 - [MESSAGE][WARNING] - Timeout '0' is invalid. Using default page load timeout: '30'

2018-05-31 10:55:38 - [MESSAGE][PASSED] - Object 'Object Repository/LoggedInReactPages/Order (react)/VINCheckForm_EnterVINInput' is present

2018-05-31 10:55:38 - [TEST_STEP][PASSED] - waitForElementClickable: Object 'Object Repository/LoggedInReactPages/Order (react)/ViewReport_Button' is clickable

2018-05-31 10:55:38 - [MESSAGE][WARNING] - Timeout '0' is invalid. Using default page load timeout: '30'

2018-05-31 10:55:38 - [MESSAGE][PASSED] - Object 'Object Repository/LoggedInReactPages/Order (react)/ViewReport_Button' is clickable

2018-05-31 10:55:38 - [TEST_STEP][PASSED] - verifyTextPresent: Text 'Thank you for using instaVIN!' is present on page 

2018-05-31 10:55:39 - [MESSAGE][PASSED] - Text 'Thank you for using instaVIN!' is present on page 

2018-05-31 10:55:39 - [TEST_STEP][PASSED] - verifyElementText: Actual text and expected text of test object 'Object Repository/LoggedInReactPages/Order (react)/ViewReport - Vin' are matched.

2018-05-31 10:55:39 - [MESSAGE][PASSED] - Actual text and expected text of test object 'Object Repository/LoggedInReactPages/Order (react)/ViewReport - Vin' are matched.

2018-05-31 10:55:39 - [TEST_STEP][PASSED] - verifyElementText: Actual text and expected text of test object 'Object Repository/LoggedInReactPages/Order (react)/ViewReport - ReportType' are matched.

2018-05-31 10:55:39 - [MESSAGE][PASSED] - Actual text and expected text of test object 'Object Repository/LoggedInReactPages/Order (react)/ViewReport - ReportType' are matched.

2018-05-31 10:55:39 - [TEST_STEP][PASSED] - click: Object: 'Object Repository/LoggedInReactPages/Order (react)/ViewReport_Button' is clicked on

2018-05-31 10:55:41 - [MESSAGE][PASSED] - Object: 'Object Repository/LoggedInReactPages/Order (react)/ViewReport_Button' is clicked on

2018-05-31 10:55:41 - [TEST_STEP][PASSED] - waitForElementVisible: Object 'Object Repository/LoggedInReactPages/ReportSummary/ReportHeader' is visible

2018-05-31 10:55:41 - [MESSAGE][WARNING] - Timeout '0' is invalid. Using default page load timeout: '30'

2018-05-31 10:55:41 - [MESSAGE][PASSED] - Object 'Object Repository/LoggedInReactPages/ReportSummary/ReportHeader' is visible

2018-05-31 10:55:41 - [TEST_STEP][PASSED] - verifyElementText: Actual text and expected text of test object 'Object Repository/LoggedInReactPages/ReportSummary/VehicleTitle' are matched.

2018-05-31 10:55:41 - [MESSAGE][PASSED] - Actual text and expected text of test object 'Object Repository/LoggedInReactPages/ReportSummary/VehicleTitle' are matched.

2018-05-31 10:55:41 - [TEST_STEP][PASSED] - verifyElementAttributeValue: Object 'Object Repository/LoggedInReactPages/ReportSummary/ReportType' has attribute 'class' with value 'ReportGrade AlertSuccess'

2018-05-31 10:55:41 - [MESSAGE][WARNING] - Timeout '0' is invalid. Using default page load timeout: '30'

2018-05-31 10:55:41 - [MESSAGE][PASSED] - Object 'Object Repository/LoggedInReactPages/ReportSummary/ReportType' has attribute 'class' with value 'ReportGrade AlertSuccess'

2018-05-31 10:55:41 - [TEST_STEP][PASSED] - verifyElementText: Actual text and expected text of test object 'Object Repository/LoggedInReactPages/ReportSummary/ReportType' are matched.

2018-05-31 10:55:41 - [MESSAGE][PASSED] - Actual text and expected text of test object 'Object Repository/LoggedInReactPages/ReportSummary/ReportType' are matched.

2018-05-31 10:55:41 - [TEST_STEP][PASSED] - verifyElementAttributeValue: Object 'Object Repository/LoggedInReactPages/ReportSummary/VehicleSpecsStatus' has attribute 'class' with value 'SummaryAlertContainer AlertSuccess'

2018-05-31 10:55:41 - [MESSAGE][WARNING] - Timeout '0' is invalid. Using default page load timeout: '30'

2018-05-31 10:55:41 - [MESSAGE][PASSED] - Object 'Object Repository/LoggedInReactPages/ReportSummary/VehicleSpecsStatus' has attribute 'class' with value 'SummaryAlertContainer AlertSuccess'

2018-05-31 10:55:41 - [TEST_STEP][PASSED] - verifyElementAttributeValue: Object 'Object Repository/LoggedInReactPages/ReportSummary/JunkSalvageStatus' has attribute 'class' with value 'SummaryAlertContainer AlertSuccess'

2018-05-31 10:55:41 - [MESSAGE][WARNING] - Timeout '0' is invalid. Using default page load timeout: '30'

2018-05-31 10:55:41 - [MESSAGE][PASSED] - Object 'Object Repository/LoggedInReactPages/ReportSummary/JunkSalvageStatus' has attribute 'class' with value 'SummaryAlertContainer AlertSuccess'

2018-05-31 10:55:41 - [TEST_STEP][PASSED] - verifyElementAttributeValue: Object 'Object Repository/LoggedInReactPages/ReportSummary/TitleStatus' has attribute 'class' with value 'SummaryAlertContainer AlertSuccess'

2018-05-31 10:55:41 - [MESSAGE][WARNING] - Timeout '0' is invalid. Using default page load timeout: '30'

2018-05-31 10:55:41 - [MESSAGE][PASSED] - Object 'Object Repository/LoggedInReactPages/ReportSummary/TitleStatus' has attribute 'class' with value 'SummaryAlertContainer AlertSuccess'

2018-05-31 10:55:41 - [TEST_STEP][PASSED] - verifyElementAttributeValue: Object 'Object Repository/LoggedInReactPages/ReportSummary/OtherStatus' has attribute 'class' with value 'SummaryAlertContainer AlertSuccess'

2018-05-31 10:55:41 - [MESSAGE][WARNING] - Timeout '0' is invalid. Using default page load timeout: '30'

2018-05-31 10:55:41 - [MESSAGE][PASSED] - Object 'Object Repository/LoggedInReactPages/ReportSummary/OtherStatus' has attribute 'class' with value 'SummaryAlertContainer AlertSuccess'

2018-05-31 10:55:41 - [TEST_STEP][PASSED] - verifyElementAttributeValue: Object 'Object Repository/LoggedInReactPages/ReportSummary/VehicleRecallStatus' has attribute 'class' with value 'SummaryAlertContainer AlertSuccess'

2018-05-31 10:55:42 - [MESSAGE][WARNING] - Timeout '0' is invalid. Using default page load timeout: '30'

2018-05-31 10:55:42 - [MESSAGE][PASSED] - Object 'Object Repository/LoggedInReactPages/ReportSummary/VehicleRecallStatus' has attribute 'class' with value 'SummaryAlertContainer AlertSuccess'

2018-05-31 10:55:42 - [TEST_STEP][PASSED] - verifyElementText: Actual text and expected text of test object 'Object Repository/LoggedInReactPages/ReportSummary/OdometerStatus' are matched.

2018-05-31 10:55:42 - [MESSAGE][PASSED] - Actual text and expected text of test object 'Object Repository/LoggedInReactPages/ReportSummary/OdometerStatus' are matched.

2018-05-31 10:55:42 - [TEST_STEP][PASSED] - navigateToUrl: Navigate to 'https://dev-front.instavin.com/_O/Autotest(salesman)/order/' successfully

2018-05-31 10:55:44 - [MESSAGE][PASSED] - Navigate to 'https://dev-front.instavin.com/_O/Autotest(salesman)/order/' successfully

2018-05-31 10:55:44 - [TEST_STEP][PASSED] - verifyElementText: Actual text and expected text of test object 'Object Repository/LoggedInReactPages/Order (react)/VtrPrice1' are matched.

2018-05-31 10:55:44 - [MESSAGE][PASSED] - Actual text and expected text of test object 'Object Repository/LoggedInReactPages/Order (react)/VtrPrice1' are matched.

2018-05-31 10:55:44 - [TEST_STEP][PASSED] - verifyElementText: Actual text and expected text of test object 'Object Repository/LoggedInReactPages/Order (react)/VtrPrice10' are matched.

2018-05-31 10:55:44 - [MESSAGE][PASSED] - Actual text and expected text of test object 'Object Repository/LoggedInReactPages/Order (react)/VtrPrice10' are matched.

2018-05-31 10:55:44 - [TEST_STEP][PASSED] - closeBrowser: Browser is closed

2018-05-31 10:55:44 - [MESSAGE][PASSED] - Browser is closed]]></system-out>
         <system-err><![CDATA[]]></system-err>
      </testcase>
      <testcase name="Test Cases/AffiliateRequest - ValidFields" classname="Test Cases/AffiliateRequest - ValidFields" status="PASSED">
         <system-out><![CDATA[2018-05-31 10:55:44 - [TEST_CASE][PASSED] - Test Cases/AffiliateRequest - ValidFields: Test Cases/AffiliateRequest - ValidFields

2018-05-31 10:55:45 - [TEST_STEP][PASSED] - openBrowser: Browser is opened with url: ''

2018-05-31 10:55:47 - [MESSAGE][PASSED] - Browser is opened with url: ''

2018-05-31 10:55:47 - [TEST_STEP][PASSED] - maximizeWindow: Current window maximized

2018-05-31 10:55:48 - [MESSAGE][PASSED] - Current window maximized

2018-05-31 10:55:48 - [TEST_STEP][PASSED] - navigateToUrl: Navigate to 'https://dev-front.instavin.com/' successfully

2018-05-31 10:55:52 - [MESSAGE][PASSED] - Navigate to 'https://dev-front.instavin.com/' successfully

2018-05-31 10:55:52 - [TEST_STEP][PASSED] - click: Object: 'Object Repository/LoggedOutReactPages/CommonElements/Affiliate_Link' is clicked on

2018-05-31 10:55:54 - [MESSAGE][PASSED] - Object: 'Object Repository/LoggedOutReactPages/CommonElements/Affiliate_Link' is clicked on

2018-05-31 10:55:54 - [TEST_STEP][PASSED] - waitForElementClickable: Object 'Object Repository/LoggedOutReactPages/Affiliate/SignUpTop_Button' is clickable

2018-05-31 10:55:54 - [MESSAGE][WARNING] - Timeout '0' is invalid. Using default page load timeout: '30'

2018-05-31 10:55:54 - [MESSAGE][PASSED] - Object 'Object Repository/LoggedOutReactPages/Affiliate/SignUpTop_Button' is clickable

2018-05-31 10:55:54 - [TEST_STEP][PASSED] - verifyTextPresent: Text 'Put your website to work for you! Earn extra revenue with instaVIN® vehicle history reports.' is present on page 

2018-05-31 10:55:54 - [MESSAGE][PASSED] - Text 'Put your website to work for you! Earn extra revenue with instaVIN® vehicle history reports.' is present on page 

2018-05-31 10:55:54 - [TEST_STEP][PASSED] - click: Object: 'Object Repository/LoggedOutReactPages/Affiliate/SignUpTop_Button' is clicked on

2018-05-31 10:55:54 - [MESSAGE][PASSED] - Object: 'Object Repository/LoggedOutReactPages/Affiliate/SignUpTop_Button' is clicked on

2018-05-31 10:55:54 - [TEST_STEP][PASSED] - waitForElementVisible: Object 'Object Repository/LoggedOutReactPages/Affiliate/AffiliateSignUp_Header' is visible

2018-05-31 10:55:54 - [MESSAGE][WARNING] - Timeout '0' is invalid. Using default page load timeout: '30'

2018-05-31 10:55:54 - [MESSAGE][PASSED] - Object 'Object Repository/LoggedOutReactPages/Affiliate/AffiliateSignUp_Header' is visible

2018-05-31 10:55:54 - [TEST_STEP][PASSED] - Statement - now = new java.util.Date(): null

2018-05-31 10:55:54 - [TEST_STEP][PASSED] - Statement - rnd = now.format("yyyyMMddHHmmssSSS").toString(): null

2018-05-31 10:55:54 - [TEST_STEP][PASSED] - Statement - Email = com.kms.katalon.core.webui.keyword.WebUiBuiltInKeywords.concatenate(["affiliate", rnd, "@mailinator.com"]): Concatenated string array: '['affiliate','20180531105554973','@mailinator.com']' into 'affiliate20180531105554973@mailinator.com'

2018-05-31 10:55:54 - [MESSAGE][PASSED] - Concatenated string array: '['affiliate','20180531105554973','@mailinator.com']' into 'affiliate20180531105554973@mailinator.com'

2018-05-31 10:55:54 - [TEST_STEP][PASSED] - setText: Text '111111' is set on object 'Object Repository/LoggedOutReactPages/Affiliate/CompanyName_Input'

2018-05-31 10:55:55 - [MESSAGE][PASSED] - Text '111111' is set on object 'Object Repository/LoggedOutReactPages/Affiliate/CompanyName_Input'

2018-05-31 10:55:55 - [TEST_STEP][PASSED] - setText: Text 'www.test.co' is set on object 'Object Repository/LoggedOutReactPages/Affiliate/CompanyWebsite_Input'

2018-05-31 10:55:55 - [MESSAGE][PASSED] - Text 'www.test.co' is set on object 'Object Repository/LoggedOutReactPages/Affiliate/CompanyWebsite_Input'

2018-05-31 10:55:55 - [TEST_STEP][PASSED] - setText: Text 'test' is set on object 'Object Repository/LoggedOutReactPages/Affiliate/Address_Input'

2018-05-31 10:55:55 - [MESSAGE][PASSED] - Text 'test' is set on object 'Object Repository/LoggedOutReactPages/Affiliate/Address_Input'

2018-05-31 10:55:55 - [TEST_STEP][PASSED] - setText: Text 'test' is set on object 'Object Repository/LoggedOutReactPages/Affiliate/City_Input'

2018-05-31 10:55:56 - [MESSAGE][PASSED] - Text 'test' is set on object 'Object Repository/LoggedOutReactPages/Affiliate/City_Input'

2018-05-31 10:55:56 - [TEST_STEP][PASSED] - selectOptionByValue: All options with value 'US' are selected in object 'Object Repository/LoggedOutReactPages/Affiliate/Country_Dropdown' 

2018-05-31 10:55:56 - [MESSAGE][PASSED] - All options with value 'US' are selected in object 'Object Repository/LoggedOutReactPages/Affiliate/Country_Dropdown' 

2018-05-31 10:55:56 - [TEST_STEP][PASSED] - selectOptionByValue: All options with value 'TX' are selected in object 'Object Repository/LoggedOutReactPages/Affiliate/State_Dropdown' 

2018-05-31 10:55:56 - [MESSAGE][PASSED] - All options with value 'TX' are selected in object 'Object Repository/LoggedOutReactPages/Affiliate/State_Dropdown' 

2018-05-31 10:55:56 - [TEST_STEP][PASSED] - setText: Text '11111' is set on object 'Object Repository/LoggedOutReactPages/Affiliate/Zip_Input'

2018-05-31 10:55:56 - [MESSAGE][PASSED] - Text '11111' is set on object 'Object Repository/LoggedOutReactPages/Affiliate/Zip_Input'

2018-05-31 10:55:56 - [TEST_STEP][PASSED] - setText: Text 'Affiliate' is set on object 'Object Repository/LoggedOutReactPages/Affiliate/FirstName_Input'

2018-05-31 10:55:57 - [MESSAGE][PASSED] - Text 'Affiliate' is set on object 'Object Repository/LoggedOutReactPages/Affiliate/FirstName_Input'

2018-05-31 10:55:57 - [TEST_STEP][PASSED] - setText: Text 'Autotest' is set on object 'Object Repository/LoggedOutReactPages/Affiliate/LastName_Input'

2018-05-31 10:55:57 - [MESSAGE][PASSED] - Text 'Autotest' is set on object 'Object Repository/LoggedOutReactPages/Affiliate/LastName_Input'

2018-05-31 10:55:57 - [TEST_STEP][PASSED] - setText: Text 'affiliate20180531105554973@mailinator.com' is set on object 'Object Repository/LoggedOutReactPages/Affiliate/Email_Input'

2018-05-31 10:55:58 - [MESSAGE][PASSED] - Text 'affiliate20180531105554973@mailinator.com' is set on object 'Object Repository/LoggedOutReactPages/Affiliate/Email_Input'

2018-05-31 10:55:58 - [TEST_STEP][PASSED] - setText: Text '8001112233' is set on object 'Object Repository/LoggedOutReactPages/Affiliate/Phone_Input'

2018-05-31 10:55:58 - [MESSAGE][PASSED] - Text '8001112233' is set on object 'Object Repository/LoggedOutReactPages/Affiliate/Phone_Input'

2018-05-31 10:55:58 - [TEST_STEP][PASSED] - setText: Text 'Test message text' is set on object 'Object Repository/LoggedOutReactPages/Affiliate/Message_InputArea'

2018-05-31 10:55:58 - [MESSAGE][PASSED] - Text 'Test message text' is set on object 'Object Repository/LoggedOutReactPages/Affiliate/Message_InputArea'

2018-05-31 10:55:58 - [TEST_STEP][PASSED] - check: Object 'Object Repository/LoggedOutReactPages/Affiliate/Tos_Checkbox' is checked

2018-05-31 10:55:58 - [MESSAGE][PASSED] - Object 'Object Repository/LoggedOutReactPages/Affiliate/Tos_Checkbox' is checked

2018-05-31 10:55:58 - [TEST_STEP][PASSED] - click: Object: 'Object Repository/LoggedOutReactPages/Affiliate/Submit_Button' is clicked on

2018-05-31 10:55:58 - [MESSAGE][PASSED] - Object: 'Object Repository/LoggedOutReactPages/Affiliate/Submit_Button' is clicked on

2018-05-31 10:55:59 - [TEST_STEP][PASSED] - waitForElementVisible: Object 'Object Repository/LoggedOutReactPages/Affiliate/TopNotification' is visible

2018-05-31 10:55:59 - [MESSAGE][WARNING] - Timeout '0' is invalid. Using default page load timeout: '30'

2018-05-31 10:55:59 - [MESSAGE][PASSED] - Object 'Object Repository/LoggedOutReactPages/Affiliate/TopNotification' is visible

2018-05-31 10:55:59 - [TEST_STEP][PASSED] - verifyElementText: Actual text and expected text of test object 'Object Repository/LoggedOutReactPages/Affiliate/TopNotification' are matched.

2018-05-31 10:55:59 - [MESSAGE][PASSED] - Actual text and expected text of test object 'Object Repository/LoggedOutReactPages/Affiliate/TopNotification' are matched.

2018-05-31 10:55:59 - [TEST_STEP][PASSED] - closeBrowser: Browser is closed

2018-05-31 10:56:00 - [MESSAGE][PASSED] - Browser is closed]]></system-out>
         <system-err><![CDATA[]]></system-err>
      </testcase>
      <testcase name="Test Cases/Order - BuyVtr_CautionRecall" classname="Test Cases/Order - BuyVtr_CautionRecall" status="ERROR">
         <error type="ERROR" message="Test Cases/Order - BuyVtr_CautionRecall FAILED because (of) Variable 'VIN' is not defined for test case."/>
         <system-out><![CDATA[2018-05-31 10:56:00 - [TEST_CASE][ERROR] - Test Cases/Order - BuyVtr_CautionRecall: Test Cases/Order - BuyVtr_CautionRecall FAILED because (of) Variable 'VIN' is not defined for test case.

2018-05-31 10:56:00 - [TEST_STEP][PASSED] - openBrowser: Browser is opened with url: ''

2018-05-31 10:56:03 - [MESSAGE][PASSED] - Browser is opened with url: ''

2018-05-31 10:56:03 - [TEST_STEP][PASSED] - maximizeWindow: Current window maximized

2018-05-31 10:56:04 - [MESSAGE][PASSED] - Current window maximized

2018-05-31 10:56:04 - [TEST_STEP][PASSED] - Statement - OrderURL = com.kms.katalon.core.webui.keyword.WebUiBuiltInKeywords.concatenate([StagingReact, "order/"]): Concatenated string array: '['https://dev-front.instavin.com/','order/']' into 'https://dev-front.instavin.com/order/'

2018-05-31 10:56:04 - [MESSAGE][PASSED] - Concatenated string array: '['https://dev-front.instavin.com/','order/']' into 'https://dev-front.instavin.com/order/'

2018-05-31 10:56:04 - [TEST_STEP][PASSED] - navigateToUrl: Navigate to 'https://dev-front.instavin.com/order/' successfully

2018-05-31 10:56:08 - [MESSAGE][PASSED] - Navigate to 'https://dev-front.instavin.com/order/' successfully

2018-05-31 10:56:08 - [TEST_STEP][PASSED] - waitForElementVisible: Object 'Object Repository/LoggedInReactPages/Order (react)/instaVINProducts_Label' is visible

2018-05-31 10:56:08 - [MESSAGE][WARNING] - Timeout '0' is invalid. Using default page load timeout: '30'

2018-05-31 10:56:08 - [MESSAGE][PASSED] - Object 'Object Repository/LoggedInReactPages/Order (react)/instaVINProducts_Label' is visible

2018-05-31 10:56:08 - [TEST_STEP][PASSED] - verifyElementText: Actual text and expected text of test object 'Object Repository/LoggedInReactPages/Order (react)/VtrPrice1' are matched.

2018-05-31 10:56:08 - [MESSAGE][PASSED] - Actual text and expected text of test object 'Object Repository/LoggedInReactPages/Order (react)/VtrPrice1' are matched.

2018-05-31 10:56:08 - [TEST_STEP][PASSED] - verifyElementText: Actual text and expected text of test object 'Object Repository/LoggedInReactPages/Order (react)/VtrPrice10' are matched.

2018-05-31 10:56:08 - [MESSAGE][PASSED] - Actual text and expected text of test object 'Object Repository/LoggedInReactPages/Order (react)/VtrPrice10' are matched.

2018-05-31 10:56:08 - [TEST_STEP][PASSED] - setText: Finding Test Object with id 'Object Repository/LoggedInReactPages/Order (react)/VINCheckForm_EnterVINInput']]></system-out>
         <system-err><![CDATA[2018-05-31 10:56:00 - [TEST_CASE][ERROR] - Test Cases/Order - BuyVtr_CautionRecall: Test Cases/Order - BuyVtr_CautionRecall FAILED because (of) Variable 'VIN' is not defined for test case.]]></system-err>
      </testcase>
      <testcase name="Test Cases/Order - BuyVtr_NoProblems" classname="Test Cases/Order - BuyVtr_NoProblems" status="PASSED">
         <system-out><![CDATA[2018-05-31 10:56:08 - [TEST_CASE][PASSED] - Test Cases/Order - BuyVtr_NoProblems: Test Cases/Order - BuyVtr_NoProblems

2018-05-31 10:56:09 - [TEST_STEP][PASSED] - openBrowser: Browser is opened with url: ''

2018-05-31 10:56:09 - [MESSAGE][WARNING] - A browser is already opened. Closing browser and opening a new one

2018-05-31 10:56:12 - [MESSAGE][PASSED] - Browser is opened with url: ''

2018-05-31 10:56:12 - [TEST_STEP][PASSED] - maximizeWindow: Current window maximized

2018-05-31 10:56:13 - [MESSAGE][PASSED] - Current window maximized

2018-05-31 10:56:13 - [TEST_STEP][PASSED] - Statement - OrderURL = com.kms.katalon.core.webui.keyword.WebUiBuiltInKeywords.concatenate([StagingReact, "order/"]): Concatenated string array: '['https://dev-front.instavin.com/','order/']' into 'https://dev-front.instavin.com/order/'

2018-05-31 10:56:13 - [MESSAGE][PASSED] - Concatenated string array: '['https://dev-front.instavin.com/','order/']' into 'https://dev-front.instavin.com/order/'

2018-05-31 10:56:13 - [TEST_STEP][PASSED] - navigateToUrl: Navigate to 'https://dev-front.instavin.com/order/' successfully

2018-05-31 10:56:17 - [MESSAGE][PASSED] - Navigate to 'https://dev-front.instavin.com/order/' successfully

2018-05-31 10:56:17 - [TEST_STEP][PASSED] - waitForElementVisible: Object 'Object Repository/LoggedInReactPages/Order (react)/instaVINProducts_Label' is visible

2018-05-31 10:56:17 - [MESSAGE][WARNING] - Timeout '0' is invalid. Using default page load timeout: '30'

2018-05-31 10:56:17 - [MESSAGE][PASSED] - Object 'Object Repository/LoggedInReactPages/Order (react)/instaVINProducts_Label' is visible

2018-05-31 10:56:17 - [TEST_STEP][PASSED] - verifyElementText: Actual text and expected text of test object 'Object Repository/LoggedInReactPages/Order (react)/VtrPrice1' are matched.

2018-05-31 10:56:17 - [MESSAGE][PASSED] - Actual text and expected text of test object 'Object Repository/LoggedInReactPages/Order (react)/VtrPrice1' are matched.

2018-05-31 10:56:17 - [TEST_STEP][PASSED] - verifyElementText: Actual text and expected text of test object 'Object Repository/LoggedInReactPages/Order (react)/VtrPrice10' are matched.

2018-05-31 10:56:17 - [MESSAGE][PASSED] - Actual text and expected text of test object 'Object Repository/LoggedInReactPages/Order (react)/VtrPrice10' are matched.

2018-05-31 10:56:17 - [TEST_STEP][PASSED] - setText: Text 'SAJWA43C199B29849' is set on object 'Object Repository/LoggedInReactPages/Order (react)/VINCheckForm_EnterVINInput'

2018-05-31 10:56:18 - [MESSAGE][PASSED] - Text 'SAJWA43C199B29849' is set on object 'Object Repository/LoggedInReactPages/Order (react)/VINCheckForm_EnterVINInput'

2018-05-31 10:56:18 - [TEST_STEP][PASSED] - click: Object: 'Object Repository/LoggedInReactPages/Order (react)/CheckVin_ArrowButton' is clicked on

2018-05-31 10:56:18 - [MESSAGE][PASSED] - Object: 'Object Repository/LoggedInReactPages/Order (react)/CheckVin_ArrowButton' is clicked on

2018-05-31 10:56:18 - [TEST_STEP][PASSED] - waitForElementVisible: Object 'Object Repository/LoggedInReactPages/Order (react)/ChangeVIN_Cross' is visible

2018-05-31 10:56:18 - [MESSAGE][WARNING] - Timeout '0' is invalid. Using default page load timeout: '30'

2018-05-31 10:56:18 - [MESSAGE][PASSED] - Object 'Object Repository/LoggedInReactPages/Order (react)/ChangeVIN_Cross' is visible

2018-05-31 10:56:18 - [TEST_STEP][PASSED] - click: Object: 'Object Repository/LoggedInReactPages/Order (react)/FirstPricePoint' is clicked on

2018-05-31 10:56:19 - [MESSAGE][PASSED] - Object: 'Object Repository/LoggedInReactPages/Order (react)/FirstPricePoint' is clicked on

2018-05-31 10:56:19 - [TEST_STEP][PASSED] - Statement - Price = com.kms.katalon.core.webui.keyword.WebUiBuiltInKeywords.concatenate(["Only ", Vtr1]): Concatenated string array: '['Only ','$6.99']' into 'Only $6.99'

2018-05-31 10:56:19 - [MESSAGE][PASSED] - Concatenated string array: '['Only ','$6.99']' into 'Only $6.99'

2018-05-31 10:56:19 - [TEST_STEP][PASSED] - verifyElementText: Actual text and expected text of test object 'Object Repository/LoggedInReactPages/Order (react)/Confirm_Price' are matched.

2018-05-31 10:56:19 - [MESSAGE][PASSED] - Actual text and expected text of test object 'Object Repository/LoggedInReactPages/Order (react)/Confirm_Price' are matched.

2018-05-31 10:56:19 - [TEST_STEP][PASSED] - delay: Delayed 1 second(s)

2018-05-31 10:56:20 - [MESSAGE][PASSED] - Delayed 1 second(s)

2018-05-31 10:56:20 - [TEST_STEP][PASSED] - verifyElementVisible: Object 'Object Repository/LoggedInReactPages/Order (react)/OrderNow_OrangeButton' is visible

2018-05-31 10:56:20 - [MESSAGE][PASSED] - Object 'Object Repository/LoggedInReactPages/Order (react)/OrderNow_OrangeButton' is visible

2018-05-31 10:56:20 - [TEST_STEP][PASSED] - click: Object: 'Object Repository/LoggedInReactPages/Order (react)/OrderNow_OrangeButton' is clicked on

2018-05-31 10:56:20 - [MESSAGE][PASSED] - Object: 'Object Repository/LoggedInReactPages/Order (react)/OrderNow_OrangeButton' is clicked on

2018-05-31 10:56:20 - [TEST_STEP][PASSED] - waitForElementVisible: Object 'Object Repository/LoggedInReactPages/Order (react)/Purchase_Button' is visible

2018-05-31 10:56:20 - [MESSAGE][WARNING] - Timeout '0' is invalid. Using default page load timeout: '30'

2018-05-31 10:56:20 - [MESSAGE][PASSED] - Object 'Object Repository/LoggedInReactPages/Order (react)/Purchase_Button' is visible

2018-05-31 10:56:20 - [TEST_STEP][PASSED] - Statement - now = new java.util.Date(): null

2018-05-31 10:56:20 - [TEST_STEP][PASSED] - Statement - rnd = now.format("yyyyMMddHHmmssSSS").toString(): null

2018-05-31 10:56:20 - [TEST_STEP][PASSED] - Statement - Email = com.kms.katalon.core.webui.keyword.WebUiBuiltInKeywords.concatenate(["consumer", rnd, "@mailinator.com"]): Concatenated string array: '['consumer','20180531105620393','@mailinator.com']' into 'consumer20180531105620393@mailinator.com'

2018-05-31 10:56:20 - [MESSAGE][PASSED] - Concatenated string array: '['consumer','20180531105620393','@mailinator.com']' into 'consumer20180531105620393@mailinator.com'

2018-05-31 10:56:20 - [TEST_STEP][PASSED] - callTestCase: Call Test Case 'Test Cases/Base Tests/OrderSignUpBase' successfully

2018-05-31 10:56:20 - [TEST_CASE][PASSED] - Test Cases/Base Tests/OrderSignUpBase: Test Cases/Base Tests/OrderSignUpBase

2018-05-31 10:56:20 - [TEST_STEP][PASSED] - setText: Text 'Consumer' is set on object 'Object Repository/LoggedOutReactPages/OrderLoggedOut/FirstName_Input'

2018-05-31 10:56:20 - [MESSAGE][PASSED] - Text 'Consumer' is set on object 'Object Repository/LoggedOutReactPages/OrderLoggedOut/FirstName_Input'

2018-05-31 10:56:20 - [TEST_STEP][PASSED] - setText: Text 'Test' is set on object 'Object Repository/LoggedOutReactPages/OrderLoggedOut/LastName_Input'

2018-05-31 10:56:21 - [MESSAGE][PASSED] - Text 'Test' is set on object 'Object Repository/LoggedOutReactPages/OrderLoggedOut/LastName_Input'

2018-05-31 10:56:21 - [TEST_STEP][PASSED] - setText: Text 'test' is set on object 'Object Repository/LoggedOutReactPages/OrderLoggedOut/Address_Input'

2018-05-31 10:56:21 - [MESSAGE][PASSED] - Text 'test' is set on object 'Object Repository/LoggedOutReactPages/OrderLoggedOut/Address_Input'

2018-05-31 10:56:21 - [TEST_STEP][PASSED] - setText: Text 'test' is set on object 'Object Repository/LoggedOutReactPages/OrderLoggedOut/City_Input'

2018-05-31 10:56:21 - [MESSAGE][PASSED] - Text 'test' is set on object 'Object Repository/LoggedOutReactPages/OrderLoggedOut/City_Input'

2018-05-31 10:56:21 - [TEST_STEP][PASSED] - selectOptionByValue: All options with value 'TX' are selected in object 'Object Repository/LoggedOutReactPages/OrderLoggedOut/State_Dropdown' 

2018-05-31 10:56:22 - [MESSAGE][PASSED] - All options with value 'TX' are selected in object 'Object Repository/LoggedOutReactPages/OrderLoggedOut/State_Dropdown' 

2018-05-31 10:56:22 - [TEST_STEP][PASSED] - setText: Text '11111' is set on object 'Object Repository/LoggedOutReactPages/OrderLoggedOut/Zip_Input'

2018-05-31 10:56:22 - [MESSAGE][PASSED] - Text '11111' is set on object 'Object Repository/LoggedOutReactPages/OrderLoggedOut/Zip_Input'

2018-05-31 10:56:22 - [TEST_STEP][PASSED] - setText: Text '8001112233' is set on object 'Object Repository/LoggedOutReactPages/OrderLoggedOut/Phone_Input'

2018-05-31 10:56:23 - [MESSAGE][PASSED] - Text '8001112233' is set on object 'Object Repository/LoggedOutReactPages/OrderLoggedOut/Phone_Input'

2018-05-31 10:56:23 - [TEST_STEP][PASSED] - setText: Text 'consumer20180531105620393@mailinator.com' is set on object 'Object Repository/LoggedOutReactPages/OrderLoggedOut/Email_Input'

2018-05-31 10:56:23 - [MESSAGE][PASSED] - Text 'consumer20180531105620393@mailinator.com' is set on object 'Object Repository/LoggedOutReactPages/OrderLoggedOut/Email_Input'

2018-05-31 10:56:23 - [TEST_STEP][PASSED] - setText: Text '4000100011112224' is set on object 'Object Repository/LoggedOutReactPages/OrderLoggedOut/CcNumber_Input'

2018-05-31 10:56:24 - [MESSAGE][PASSED] - Text '4000100011112224' is set on object 'Object Repository/LoggedOutReactPages/OrderLoggedOut/CcNumber_Input'

2018-05-31 10:56:24 - [TEST_STEP][PASSED] - setText: Text '111' is set on object 'Object Repository/LoggedOutReactPages/OrderLoggedOut/CVV_Input'

2018-05-31 10:56:24 - [MESSAGE][PASSED] - Text '111' is set on object 'Object Repository/LoggedOutReactPages/OrderLoggedOut/CVV_Input'

2018-05-31 10:56:24 - [TEST_STEP][PASSED] - selectOptionByValue: All options with value '11' are selected in object 'Object Repository/LoggedOutReactPages/OrderLoggedOut/ExpirationMonth_Dropdown' 

2018-05-31 10:56:24 - [MESSAGE][PASSED] - All options with value '11' are selected in object 'Object Repository/LoggedOutReactPages/OrderLoggedOut/ExpirationMonth_Dropdown' 

2018-05-31 10:56:24 - [TEST_STEP][PASSED] - selectOptionByValue: All options with value '2020' are selected in object 'Object Repository/LoggedOutReactPages/OrderLoggedOut/ExpirationYear_Dropdown' 

2018-05-31 10:56:24 - [MESSAGE][PASSED] - All options with value '2020' are selected in object 'Object Repository/LoggedOutReactPages/OrderLoggedOut/ExpirationYear_Dropdown' 

2018-05-31 10:56:24 - [TEST_STEP][PASSED] - selectOptionByValue: All options with value '0' are selected in object 'Object Repository/LoggedOutReactPages/OrderLoggedOut/UserType_Dropdown' 

2018-05-31 10:56:25 - [MESSAGE][PASSED] - All options with value '0' are selected in object 'Object Repository/LoggedOutReactPages/OrderLoggedOut/UserType_Dropdown' 

2018-05-31 10:56:25 - [TEST_STEP][PASSED] - check: Object 'Object Repository/LoggedOutReactPages/OrderLoggedOut/Terms_Checkbox' is checked

2018-05-31 10:56:25 - [MESSAGE][PASSED] - Object 'Object Repository/LoggedOutReactPages/OrderLoggedOut/Terms_Checkbox' is checked

2018-05-31 10:56:25 - [TEST_STEP][PASSED] - click: Object: 'Object Repository/LoggedInReactPages/Order (react)/Purchase_Button' is clicked on

2018-05-31 10:56:26 - [MESSAGE][PASSED] - Object: 'Object Repository/LoggedInReactPages/Order (react)/Purchase_Button' is clicked on

2018-05-31 10:56:26 - [MESSAGE][PASSED] - Call Test Case 'Test Cases/Base Tests/OrderSignUpBase' successfully

2018-05-31 10:56:26 - [TEST_STEP][PASSED] - waitForElementClickable: Object 'Object Repository/LoggedInReactPages/Order (react)/CompletePurchase_Button' is clickable

2018-05-31 10:56:26 - [MESSAGE][WARNING] - Timeout '0' is invalid. Using default page load timeout: '30'

2018-05-31 10:56:26 - [MESSAGE][PASSED] - Object 'Object Repository/LoggedInReactPages/Order (react)/CompletePurchase_Button' is clickable

2018-05-31 10:56:26 - [TEST_STEP][PASSED] - verifyElementText: Actual text and expected text of test object 'Object Repository/LoggedInReactPages/Order (react)/Confirm_Price' are matched.

2018-05-31 10:56:26 - [MESSAGE][PASSED] - Actual text and expected text of test object 'Object Repository/LoggedInReactPages/Order (react)/Confirm_Price' are matched.

2018-05-31 10:56:26 - [TEST_STEP][PASSED] - click: Object: 'Object Repository/LoggedInReactPages/Order (react)/CompletePurchase_Button' is clicked on

2018-05-31 10:56:26 - [MESSAGE][PASSED] - Object: 'Object Repository/LoggedInReactPages/Order (react)/CompletePurchase_Button' is clicked on

2018-05-31 10:56:26 - [TEST_STEP][PASSED] - waitForElementPresent: Object 'Object Repository/LoggedInReactPages/Order (react)/VINCheckForm_EnterVINInput' is present

2018-05-31 10:56:26 - [MESSAGE][WARNING] - Timeout '0' is invalid. Using default page load timeout: '30'

2018-05-31 10:56:30 - [MESSAGE][PASSED] - Object 'Object Repository/LoggedInReactPages/Order (react)/VINCheckForm_EnterVINInput' is present

2018-05-31 10:56:30 - [TEST_STEP][PASSED] - waitForElementClickable: Object 'Object Repository/LoggedInReactPages/Order (react)/ViewReport_Button' is clickable

2018-05-31 10:56:30 - [MESSAGE][WARNING] - Timeout '0' is invalid. Using default page load timeout: '30'

2018-05-31 10:56:30 - [MESSAGE][PASSED] - Object 'Object Repository/LoggedInReactPages/Order (react)/ViewReport_Button' is clickable

2018-05-31 10:56:30 - [TEST_STEP][PASSED] - verifyTextPresent: Text 'Thank you for using instaVIN!' is present on page 

2018-05-31 10:56:31 - [MESSAGE][PASSED] - Text 'Thank you for using instaVIN!' is present on page 

2018-05-31 10:56:31 - [TEST_STEP][PASSED] - verifyElementText: Actual text and expected text of test object 'Object Repository/LoggedInReactPages/Order (react)/ViewReport - Vin' are matched.

2018-05-31 10:56:31 - [MESSAGE][PASSED] - Actual text and expected text of test object 'Object Repository/LoggedInReactPages/Order (react)/ViewReport - Vin' are matched.

2018-05-31 10:56:31 - [TEST_STEP][PASSED] - verifyElementText: Actual text and expected text of test object 'Object Repository/LoggedInReactPages/Order (react)/ViewReport - ReportType' are matched.

2018-05-31 10:56:31 - [MESSAGE][PASSED] - Actual text and expected text of test object 'Object Repository/LoggedInReactPages/Order (react)/ViewReport - ReportType' are matched.

2018-05-31 10:56:31 - [TEST_STEP][PASSED] - click: Object: 'Object Repository/LoggedInReactPages/Order (react)/ViewReport_Button' is clicked on

2018-05-31 10:56:33 - [MESSAGE][PASSED] - Object: 'Object Repository/LoggedInReactPages/Order (react)/ViewReport_Button' is clicked on

2018-05-31 10:56:33 - [TEST_STEP][PASSED] - waitForElementVisible: Object 'Object Repository/LoggedInReactPages/ReportSummary/ReportHeader' is visible

2018-05-31 10:56:33 - [MESSAGE][WARNING] - Timeout '0' is invalid. Using default page load timeout: '30'

2018-05-31 10:56:33 - [MESSAGE][PASSED] - Object 'Object Repository/LoggedInReactPages/ReportSummary/ReportHeader' is visible

2018-05-31 10:56:33 - [TEST_STEP][PASSED] - verifyElementText: Actual text and expected text of test object 'Object Repository/LoggedInReactPages/ReportSummary/VehicleTitle' are matched.

2018-05-31 10:56:33 - [MESSAGE][PASSED] - Actual text and expected text of test object 'Object Repository/LoggedInReactPages/ReportSummary/VehicleTitle' are matched.

2018-05-31 10:56:33 - [TEST_STEP][PASSED] - verifyElementAttributeValue: Object 'Object Repository/LoggedInReactPages/ReportSummary/ReportType' has attribute 'class' with value 'ReportGrade AlertSuccess'

2018-05-31 10:56:33 - [MESSAGE][WARNING] - Timeout '0' is invalid. Using default page load timeout: '30'

2018-05-31 10:56:33 - [MESSAGE][PASSED] - Object 'Object Repository/LoggedInReactPages/ReportSummary/ReportType' has attribute 'class' with value 'ReportGrade AlertSuccess'

2018-05-31 10:56:33 - [TEST_STEP][PASSED] - verifyElementText: Actual text and expected text of test object 'Object Repository/LoggedInReactPages/ReportSummary/ReportType' are matched.

2018-05-31 10:56:33 - [MESSAGE][PASSED] - Actual text and expected text of test object 'Object Repository/LoggedInReactPages/ReportSummary/ReportType' are matched.

2018-05-31 10:56:33 - [TEST_STEP][PASSED] - verifyElementAttributeValue: Object 'Object Repository/LoggedInReactPages/ReportSummary/VehicleSpecsStatus' has attribute 'class' with value 'SummaryAlertContainer AlertSuccess'

2018-05-31 10:56:33 - [MESSAGE][WARNING] - Timeout '0' is invalid. Using default page load timeout: '30'

2018-05-31 10:56:33 - [MESSAGE][PASSED] - Object 'Object Repository/LoggedInReactPages/ReportSummary/VehicleSpecsStatus' has attribute 'class' with value 'SummaryAlertContainer AlertSuccess'

2018-05-31 10:56:33 - [TEST_STEP][PASSED] - verifyElementAttributeValue: Object 'Object Repository/LoggedInReactPages/ReportSummary/JunkSalvageStatus' has attribute 'class' with value 'SummaryAlertContainer AlertSuccess'

2018-05-31 10:56:33 - [MESSAGE][WARNING] - Timeout '0' is invalid. Using default page load timeout: '30'

2018-05-31 10:56:33 - [MESSAGE][PASSED] - Object 'Object Repository/LoggedInReactPages/ReportSummary/JunkSalvageStatus' has attribute 'class' with value 'SummaryAlertContainer AlertSuccess'

2018-05-31 10:56:33 - [TEST_STEP][PASSED] - verifyElementAttributeValue: Object 'Object Repository/LoggedInReactPages/ReportSummary/TitleStatus' has attribute 'class' with value 'SummaryAlertContainer AlertSuccess'

2018-05-31 10:56:33 - [MESSAGE][WARNING] - Timeout '0' is invalid. Using default page load timeout: '30'

2018-05-31 10:56:33 - [MESSAGE][PASSED] - Object 'Object Repository/LoggedInReactPages/ReportSummary/TitleStatus' has attribute 'class' with value 'SummaryAlertContainer AlertSuccess'

2018-05-31 10:56:33 - [TEST_STEP][PASSED] - verifyElementAttributeValue: Object 'Object Repository/LoggedInReactPages/ReportSummary/OtherStatus' has attribute 'class' with value 'SummaryAlertContainer AlertSuccess'

2018-05-31 10:56:33 - [MESSAGE][WARNING] - Timeout '0' is invalid. Using default page load timeout: '30'

2018-05-31 10:56:33 - [MESSAGE][PASSED] - Object 'Object Repository/LoggedInReactPages/ReportSummary/OtherStatus' has attribute 'class' with value 'SummaryAlertContainer AlertSuccess'

2018-05-31 10:56:33 - [TEST_STEP][PASSED] - verifyElementAttributeValue: Object 'Object Repository/LoggedInReactPages/ReportSummary/VehicleRecallStatus' has attribute 'class' with value 'SummaryAlertContainer AlertSuccess'

2018-05-31 10:56:33 - [MESSAGE][WARNING] - Timeout '0' is invalid. Using default page load timeout: '30'

2018-05-31 10:56:33 - [MESSAGE][PASSED] - Object 'Object Repository/LoggedInReactPages/ReportSummary/VehicleRecallStatus' has attribute 'class' with value 'SummaryAlertContainer AlertSuccess'

2018-05-31 10:56:33 - [TEST_STEP][PASSED] - verifyElementText: Actual text and expected text of test object 'Object Repository/LoggedInReactPages/ReportSummary/OdometerStatus' are matched.

2018-05-31 10:56:34 - [MESSAGE][PASSED] - Actual text and expected text of test object 'Object Repository/LoggedInReactPages/ReportSummary/OdometerStatus' are matched.

2018-05-31 10:56:34 - [TEST_STEP][PASSED] - navigateToUrl: Navigate to 'https://dev-front.instavin.com/order/' successfully

2018-05-31 10:56:35 - [MESSAGE][PASSED] - Navigate to 'https://dev-front.instavin.com/order/' successfully

2018-05-31 10:56:35 - [TEST_STEP][PASSED] - verifyElementText: Actual text and expected text of test object 'Object Repository/LoggedInReactPages/Order (react)/VtrPrice1' are matched.

2018-05-31 10:56:36 - [MESSAGE][PASSED] - Actual text and expected text of test object 'Object Repository/LoggedInReactPages/Order (react)/VtrPrice1' are matched.

2018-05-31 10:56:36 - [TEST_STEP][PASSED] - verifyElementText: Actual text and expected text of test object 'Object Repository/LoggedInReactPages/Order (react)/VtrPrice10' are matched.

2018-05-31 10:56:36 - [MESSAGE][PASSED] - Actual text and expected text of test object 'Object Repository/LoggedInReactPages/Order (react)/VtrPrice10' are matched.

2018-05-31 10:56:36 - [TEST_STEP][PASSED] - closeBrowser: Browser is closed

2018-05-31 10:56:36 - [MESSAGE][PASSED] - Browser is closed]]></system-out>
         <system-err><![CDATA[]]></system-err>
      </testcase>
      <testcase name="Test Cases/Order - BuyVtr_CautionTitle" classname="Test Cases/Order - BuyVtr_CautionTitle" status="PASSED">
         <system-out><![CDATA[2018-05-31 10:56:36 - [TEST_CASE][PASSED] - Test Cases/Order - BuyVtr_CautionTitle: Test Cases/Order - BuyVtr_CautionTitle

2018-05-31 10:56:37 - [TEST_STEP][PASSED] - openBrowser: Browser is opened with url: ''

2018-05-31 10:56:39 - [MESSAGE][PASSED] - Browser is opened with url: ''

2018-05-31 10:56:39 - [TEST_STEP][PASSED] - maximizeWindow: Current window maximized

2018-05-31 10:56:40 - [MESSAGE][PASSED] - Current window maximized

2018-05-31 10:56:40 - [TEST_STEP][PASSED] - Statement - OrderURL = com.kms.katalon.core.webui.keyword.WebUiBuiltInKeywords.concatenate([StagingReact, "order/"]): Concatenated string array: '['https://dev-front.instavin.com/','order/']' into 'https://dev-front.instavin.com/order/'

2018-05-31 10:56:40 - [MESSAGE][PASSED] - Concatenated string array: '['https://dev-front.instavin.com/','order/']' into 'https://dev-front.instavin.com/order/'

2018-05-31 10:56:40 - [TEST_STEP][PASSED] - navigateToUrl: Navigate to 'https://dev-front.instavin.com/order/' successfully

2018-05-31 10:56:45 - [MESSAGE][PASSED] - Navigate to 'https://dev-front.instavin.com/order/' successfully

2018-05-31 10:56:45 - [TEST_STEP][PASSED] - waitForElementVisible: Object 'Object Repository/LoggedInReactPages/Order (react)/instaVINProducts_Label' is visible

2018-05-31 10:56:45 - [MESSAGE][WARNING] - Timeout '0' is invalid. Using default page load timeout: '30'

2018-05-31 10:56:45 - [MESSAGE][PASSED] - Object 'Object Repository/LoggedInReactPages/Order (react)/instaVINProducts_Label' is visible

2018-05-31 10:56:45 - [TEST_STEP][PASSED] - verifyElementText: Actual text and expected text of test object 'Object Repository/LoggedInReactPages/Order (react)/VtrPrice1' are matched.

2018-05-31 10:56:45 - [MESSAGE][PASSED] - Actual text and expected text of test object 'Object Repository/LoggedInReactPages/Order (react)/VtrPrice1' are matched.

2018-05-31 10:56:45 - [TEST_STEP][PASSED] - verifyElementText: Actual text and expected text of test object 'Object Repository/LoggedInReactPages/Order (react)/VtrPrice10' are matched.

2018-05-31 10:56:45 - [MESSAGE][PASSED] - Actual text and expected text of test object 'Object Repository/LoggedInReactPages/Order (react)/VtrPrice10' are matched.

2018-05-31 10:56:45 - [TEST_STEP][PASSED] - setText: Text '2C3CDXAT1EH218927' is set on object 'Object Repository/LoggedInReactPages/Order (react)/VINCheckForm_EnterVINInput'

2018-05-31 10:56:45 - [MESSAGE][PASSED] - Text '2C3CDXAT1EH218927' is set on object 'Object Repository/LoggedInReactPages/Order (react)/VINCheckForm_EnterVINInput'

2018-05-31 10:56:45 - [TEST_STEP][PASSED] - click: Object: 'Object Repository/LoggedInReactPages/Order (react)/CheckVin_ArrowButton' is clicked on

2018-05-31 10:56:45 - [MESSAGE][PASSED] - Object: 'Object Repository/LoggedInReactPages/Order (react)/CheckVin_ArrowButton' is clicked on

2018-05-31 10:56:45 - [TEST_STEP][PASSED] - waitForElementVisible: Object 'Object Repository/LoggedInReactPages/Order (react)/ChangeVIN_Cross' is visible

2018-05-31 10:56:45 - [MESSAGE][WARNING] - Timeout '0' is invalid. Using default page load timeout: '30'

2018-05-31 10:56:46 - [MESSAGE][PASSED] - Object 'Object Repository/LoggedInReactPages/Order (react)/ChangeVIN_Cross' is visible

2018-05-31 10:56:46 - [TEST_STEP][PASSED] - click: Object: 'Object Repository/LoggedInReactPages/Order (react)/FirstPricePoint' is clicked on

2018-05-31 10:56:46 - [MESSAGE][PASSED] - Object: 'Object Repository/LoggedInReactPages/Order (react)/FirstPricePoint' is clicked on

2018-05-31 10:56:46 - [TEST_STEP][PASSED] - Statement - Price = com.kms.katalon.core.webui.keyword.WebUiBuiltInKeywords.concatenate(["Only ", Vtr1]): Concatenated string array: '['Only ','$6.99']' into 'Only $6.99'

2018-05-31 10:56:46 - [MESSAGE][PASSED] - Concatenated string array: '['Only ','$6.99']' into 'Only $6.99'

2018-05-31 10:56:46 - [TEST_STEP][PASSED] - verifyElementText: Actual text and expected text of test object 'Object Repository/LoggedInReactPages/Order (react)/Confirm_Price' are matched.

2018-05-31 10:56:46 - [MESSAGE][PASSED] - Actual text and expected text of test object 'Object Repository/LoggedInReactPages/Order (react)/Confirm_Price' are matched.

2018-05-31 10:56:46 - [TEST_STEP][PASSED] - delay: Delayed 1 second(s)

2018-05-31 10:56:47 - [MESSAGE][PASSED] - Delayed 1 second(s)

2018-05-31 10:56:47 - [TEST_STEP][PASSED] - verifyElementVisible: Object 'Object Repository/LoggedInReactPages/Order (react)/OrderNow_OrangeButton' is visible

2018-05-31 10:56:47 - [MESSAGE][PASSED] - Object 'Object Repository/LoggedInReactPages/Order (react)/OrderNow_OrangeButton' is visible

2018-05-31 10:56:47 - [TEST_STEP][PASSED] - click: Object: 'Object Repository/LoggedInReactPages/Order (react)/OrderNow_OrangeButton' is clicked on

2018-05-31 10:56:47 - [MESSAGE][PASSED] - Object: 'Object Repository/LoggedInReactPages/Order (react)/OrderNow_OrangeButton' is clicked on

2018-05-31 10:56:47 - [TEST_STEP][PASSED] - waitForElementVisible: Object 'Object Repository/LoggedInReactPages/Order (react)/Purchase_Button' is visible

2018-05-31 10:56:47 - [MESSAGE][WARNING] - Timeout '0' is invalid. Using default page load timeout: '30'

2018-05-31 10:56:47 - [MESSAGE][PASSED] - Object 'Object Repository/LoggedInReactPages/Order (react)/Purchase_Button' is visible

2018-05-31 10:56:47 - [TEST_STEP][PASSED] - Statement - now = new java.util.Date(): null

2018-05-31 10:56:47 - [TEST_STEP][PASSED] - Statement - rnd = now.format("yyyyMMddHHmmssSSS").toString(): null

2018-05-31 10:56:47 - [TEST_STEP][PASSED] - Statement - Email = com.kms.katalon.core.webui.keyword.WebUiBuiltInKeywords.concatenate(["consumer", rnd, "@mailinator.com"]): Concatenated string array: '['consumer','20180531105647846','@mailinator.com']' into 'consumer20180531105647846@mailinator.com'

2018-05-31 10:56:47 - [MESSAGE][PASSED] - Concatenated string array: '['consumer','20180531105647846','@mailinator.com']' into 'consumer20180531105647846@mailinator.com'

2018-05-31 10:56:47 - [TEST_STEP][PASSED] - callTestCase: Call Test Case 'Test Cases/Base Tests/OrderSignUpBase' successfully

2018-05-31 10:56:47 - [TEST_CASE][PASSED] - Test Cases/Base Tests/OrderSignUpBase: Test Cases/Base Tests/OrderSignUpBase

2018-05-31 10:56:47 - [TEST_STEP][PASSED] - setText: Text 'Consumer' is set on object 'Object Repository/LoggedOutReactPages/OrderLoggedOut/FirstName_Input'

2018-05-31 10:56:48 - [MESSAGE][PASSED] - Text 'Consumer' is set on object 'Object Repository/LoggedOutReactPages/OrderLoggedOut/FirstName_Input'

2018-05-31 10:56:48 - [TEST_STEP][PASSED] - setText: Text 'Test' is set on object 'Object Repository/LoggedOutReactPages/OrderLoggedOut/LastName_Input'

2018-05-31 10:56:48 - [MESSAGE][PASSED] - Text 'Test' is set on object 'Object Repository/LoggedOutReactPages/OrderLoggedOut/LastName_Input'

2018-05-31 10:56:48 - [TEST_STEP][PASSED] - setText: Text 'test' is set on object 'Object Repository/LoggedOutReactPages/OrderLoggedOut/Address_Input'

2018-05-31 10:56:48 - [MESSAGE][PASSED] - Text 'test' is set on object 'Object Repository/LoggedOutReactPages/OrderLoggedOut/Address_Input'

2018-05-31 10:56:49 - [TEST_STEP][PASSED] - setText: Text 'test' is set on object 'Object Repository/LoggedOutReactPages/OrderLoggedOut/City_Input'

2018-05-31 10:56:49 - [MESSAGE][PASSED] - Text 'test' is set on object 'Object Repository/LoggedOutReactPages/OrderLoggedOut/City_Input'

2018-05-31 10:56:49 - [TEST_STEP][PASSED] - selectOptionByValue: All options with value 'TX' are selected in object 'Object Repository/LoggedOutReactPages/OrderLoggedOut/State_Dropdown' 

2018-05-31 10:56:49 - [MESSAGE][PASSED] - All options with value 'TX' are selected in object 'Object Repository/LoggedOutReactPages/OrderLoggedOut/State_Dropdown' 

2018-05-31 10:56:49 - [TEST_STEP][PASSED] - setText: Text '11111' is set on object 'Object Repository/LoggedOutReactPages/OrderLoggedOut/Zip_Input'

2018-05-31 10:56:49 - [MESSAGE][PASSED] - Text '11111' is set on object 'Object Repository/LoggedOutReactPages/OrderLoggedOut/Zip_Input'

2018-05-31 10:56:49 - [TEST_STEP][PASSED] - setText: Text '8001112233' is set on object 'Object Repository/LoggedOutReactPages/OrderLoggedOut/Phone_Input'

2018-05-31 10:56:50 - [MESSAGE][PASSED] - Text '8001112233' is set on object 'Object Repository/LoggedOutReactPages/OrderLoggedOut/Phone_Input'

2018-05-31 10:56:50 - [TEST_STEP][PASSED] - setText: Text 'consumer20180531105647846@mailinator.com' is set on object 'Object Repository/LoggedOutReactPages/OrderLoggedOut/Email_Input'

2018-05-31 10:56:51 - [MESSAGE][PASSED] - Text 'consumer20180531105647846@mailinator.com' is set on object 'Object Repository/LoggedOutReactPages/OrderLoggedOut/Email_Input'

2018-05-31 10:56:51 - [TEST_STEP][PASSED] - setText: Text '4000100011112224' is set on object 'Object Repository/LoggedOutReactPages/OrderLoggedOut/CcNumber_Input'

2018-05-31 10:56:51 - [MESSAGE][PASSED] - Text '4000100011112224' is set on object 'Object Repository/LoggedOutReactPages/OrderLoggedOut/CcNumber_Input'

2018-05-31 10:56:51 - [TEST_STEP][PASSED] - setText: Text '111' is set on object 'Object Repository/LoggedOutReactPages/OrderLoggedOut/CVV_Input'

2018-05-31 10:56:51 - [MESSAGE][PASSED] - Text '111' is set on object 'Object Repository/LoggedOutReactPages/OrderLoggedOut/CVV_Input'

2018-05-31 10:56:51 - [TEST_STEP][PASSED] - selectOptionByValue: All options with value '11' are selected in object 'Object Repository/LoggedOutReactPages/OrderLoggedOut/ExpirationMonth_Dropdown' 

2018-05-31 10:56:51 - [MESSAGE][PASSED] - All options with value '11' are selected in object 'Object Repository/LoggedOutReactPages/OrderLoggedOut/ExpirationMonth_Dropdown' 

2018-05-31 10:56:51 - [TEST_STEP][PASSED] - selectOptionByValue: All options with value '2020' are selected in object 'Object Repository/LoggedOutReactPages/OrderLoggedOut/ExpirationYear_Dropdown' 

2018-05-31 10:56:51 - [MESSAGE][PASSED] - All options with value '2020' are selected in object 'Object Repository/LoggedOutReactPages/OrderLoggedOut/ExpirationYear_Dropdown' 

2018-05-31 10:56:51 - [TEST_STEP][PASSED] - selectOptionByValue: All options with value '0' are selected in object 'Object Repository/LoggedOutReactPages/OrderLoggedOut/UserType_Dropdown' 

2018-05-31 10:56:52 - [MESSAGE][PASSED] - All options with value '0' are selected in object 'Object Repository/LoggedOutReactPages/OrderLoggedOut/UserType_Dropdown' 

2018-05-31 10:56:52 - [TEST_STEP][PASSED] - check: Object 'Object Repository/LoggedOutReactPages/OrderLoggedOut/Terms_Checkbox' is checked

2018-05-31 10:56:52 - [MESSAGE][PASSED] - Object 'Object Repository/LoggedOutReactPages/OrderLoggedOut/Terms_Checkbox' is checked

2018-05-31 10:56:52 - [TEST_STEP][PASSED] - click: Object: 'Object Repository/LoggedInReactPages/Order (react)/Purchase_Button' is clicked on

2018-05-31 10:56:52 - [MESSAGE][PASSED] - Object: 'Object Repository/LoggedInReactPages/Order (react)/Purchase_Button' is clicked on

2018-05-31 10:56:52 - [MESSAGE][PASSED] - Call Test Case 'Test Cases/Base Tests/OrderSignUpBase' successfully

2018-05-31 10:56:52 - [TEST_STEP][PASSED] - waitForElementClickable: Object 'Object Repository/LoggedInReactPages/Order (react)/CompletePurchase_Button' is clickable

2018-05-31 10:56:52 - [MESSAGE][WARNING] - Timeout '0' is invalid. Using default page load timeout: '30'

2018-05-31 10:56:52 - [MESSAGE][PASSED] - Object 'Object Repository/LoggedInReactPages/Order (react)/CompletePurchase_Button' is clickable

2018-05-31 10:56:52 - [TEST_STEP][PASSED] - verifyElementText: Actual text and expected text of test object 'Object Repository/LoggedInReactPages/Order (react)/Confirm_Price' are matched.

2018-05-31 10:56:53 - [MESSAGE][PASSED] - Actual text and expected text of test object 'Object Repository/LoggedInReactPages/Order (react)/Confirm_Price' are matched.

2018-05-31 10:56:53 - [TEST_STEP][PASSED] - click: Object: 'Object Repository/LoggedInReactPages/Order (react)/CompletePurchase_Button' is clicked on

2018-05-31 10:56:53 - [MESSAGE][PASSED] - Object: 'Object Repository/LoggedInReactPages/Order (react)/CompletePurchase_Button' is clicked on

2018-05-31 10:56:53 - [TEST_STEP][PASSED] - waitForElementPresent: Object 'Object Repository/LoggedInReactPages/Order (react)/VINCheckForm_EnterVINInput' is present

2018-05-31 10:56:53 - [MESSAGE][WARNING] - Timeout '0' is invalid. Using default page load timeout: '30'

2018-05-31 10:57:12 - [MESSAGE][PASSED] - Object 'Object Repository/LoggedInReactPages/Order (react)/VINCheckForm_EnterVINInput' is present

2018-05-31 10:57:12 - [TEST_STEP][PASSED] - waitForElementClickable: Object 'Object Repository/LoggedInReactPages/Order (react)/ViewReport_Button' is clickable

2018-05-31 10:57:12 - [MESSAGE][WARNING] - Timeout '0' is invalid. Using default page load timeout: '30'

2018-05-31 10:57:12 - [MESSAGE][PASSED] - Object 'Object Repository/LoggedInReactPages/Order (react)/ViewReport_Button' is clickable

2018-05-31 10:57:12 - [TEST_STEP][PASSED] - verifyTextPresent: Text 'Thank you for using instaVIN!' is present on page 

2018-05-31 10:57:12 - [MESSAGE][PASSED] - Text 'Thank you for using instaVIN!' is present on page 

2018-05-31 10:57:12 - [TEST_STEP][PASSED] - verifyElementText: Actual text and expected text of test object 'Object Repository/LoggedInReactPages/Order (react)/ViewReport - Vin' are matched.

2018-05-31 10:57:12 - [MESSAGE][PASSED] - Actual text and expected text of test object 'Object Repository/LoggedInReactPages/Order (react)/ViewReport - Vin' are matched.

2018-05-31 10:57:12 - [TEST_STEP][PASSED] - verifyElementText: Actual text and expected text of test object 'Object Repository/LoggedInReactPages/Order (react)/ViewReport - ReportType' are matched.

2018-05-31 10:57:12 - [MESSAGE][PASSED] - Actual text and expected text of test object 'Object Repository/LoggedInReactPages/Order (react)/ViewReport - ReportType' are matched.

2018-05-31 10:57:12 - [TEST_STEP][PASSED] - click: Object: 'Object Repository/LoggedInReactPages/Order (react)/ViewReport_Button' is clicked on

2018-05-31 10:57:15 - [MESSAGE][PASSED] - Object: 'Object Repository/LoggedInReactPages/Order (react)/ViewReport_Button' is clicked on

2018-05-31 10:57:15 - [TEST_STEP][PASSED] - waitForElementVisible: Object 'Object Repository/LoggedInReactPages/ReportSummary/ReportHeader' is visible

2018-05-31 10:57:15 - [MESSAGE][WARNING] - Timeout '0' is invalid. Using default page load timeout: '30'

2018-05-31 10:57:15 - [MESSAGE][PASSED] - Object 'Object Repository/LoggedInReactPages/ReportSummary/ReportHeader' is visible

2018-05-31 10:57:15 - [TEST_STEP][PASSED] - verifyElementText: Actual text and expected text of test object 'Object Repository/LoggedInReactPages/ReportSummary/VehicleTitle' are matched.

2018-05-31 10:57:15 - [MESSAGE][PASSED] - Actual text and expected text of test object 'Object Repository/LoggedInReactPages/ReportSummary/VehicleTitle' are matched.

2018-05-31 10:57:15 - [TEST_STEP][PASSED] - verifyElementAttributeValue: Object 'Object Repository/LoggedInReactPages/ReportSummary/ReportType' has attribute 'class' with value 'ReportGrade AlertWarning'

2018-05-31 10:57:15 - [MESSAGE][WARNING] - Timeout '0' is invalid. Using default page load timeout: '30'

2018-05-31 10:57:15 - [MESSAGE][PASSED] - Object 'Object Repository/LoggedInReactPages/ReportSummary/ReportType' has attribute 'class' with value 'ReportGrade AlertWarning'

2018-05-31 10:57:15 - [TEST_STEP][PASSED] - verifyElementText: Actual text and expected text of test object 'Object Repository/LoggedInReactPages/ReportSummary/ReportType' are matched.

2018-05-31 10:57:15 - [MESSAGE][PASSED] - Actual text and expected text of test object 'Object Repository/LoggedInReactPages/ReportSummary/ReportType' are matched.

2018-05-31 10:57:15 - [TEST_STEP][PASSED] - verifyElementAttributeValue: Object 'Object Repository/LoggedInReactPages/ReportSummary/VehicleSpecsStatus' has attribute 'class' with value 'SummaryAlertContainer AlertSuccess'

2018-05-31 10:57:15 - [MESSAGE][WARNING] - Timeout '0' is invalid. Using default page load timeout: '30'

2018-05-31 10:57:15 - [MESSAGE][PASSED] - Object 'Object Repository/LoggedInReactPages/ReportSummary/VehicleSpecsStatus' has attribute 'class' with value 'SummaryAlertContainer AlertSuccess'

2018-05-31 10:57:15 - [TEST_STEP][PASSED] - verifyElementAttributeValue: Object 'Object Repository/LoggedInReactPages/ReportSummary/JunkSalvageStatus' has attribute 'class' with value 'SummaryAlertContainer AlertSuccess'

2018-05-31 10:57:15 - [MESSAGE][WARNING] - Timeout '0' is invalid. Using default page load timeout: '30'

2018-05-31 10:57:15 - [MESSAGE][PASSED] - Object 'Object Repository/LoggedInReactPages/ReportSummary/JunkSalvageStatus' has attribute 'class' with value 'SummaryAlertContainer AlertSuccess'

2018-05-31 10:57:15 - [TEST_STEP][PASSED] - verifyElementAttributeValue: Object 'Object Repository/LoggedInReactPages/ReportSummary/TitleStatus' has attribute 'class' with value 'SummaryAlertContainer AlertWarning'

2018-05-31 10:57:15 - [MESSAGE][WARNING] - Timeout '0' is invalid. Using default page load timeout: '30'

2018-05-31 10:57:15 - [MESSAGE][PASSED] - Object 'Object Repository/LoggedInReactPages/ReportSummary/TitleStatus' has attribute 'class' with value 'SummaryAlertContainer AlertWarning'

2018-05-31 10:57:15 - [TEST_STEP][PASSED] - verifyElementAttributeValue: Object 'Object Repository/LoggedInReactPages/ReportSummary/OtherStatus' has attribute 'class' with value 'SummaryAlertContainer AlertSuccess'

2018-05-31 10:57:15 - [MESSAGE][WARNING] - Timeout '0' is invalid. Using default page load timeout: '30'

2018-05-31 10:57:15 - [MESSAGE][PASSED] - Object 'Object Repository/LoggedInReactPages/ReportSummary/OtherStatus' has attribute 'class' with value 'SummaryAlertContainer AlertSuccess'

2018-05-31 10:57:15 - [TEST_STEP][PASSED] - verifyElementAttributeValue: Object 'Object Repository/LoggedInReactPages/ReportSummary/VehicleRecallStatus' has attribute 'class' with value 'SummaryAlertContainer AlertSuccess'

2018-05-31 10:57:15 - [MESSAGE][WARNING] - Timeout '0' is invalid. Using default page load timeout: '30'

2018-05-31 10:57:16 - [MESSAGE][PASSED] - Object 'Object Repository/LoggedInReactPages/ReportSummary/VehicleRecallStatus' has attribute 'class' with value 'SummaryAlertContainer AlertSuccess'

2018-05-31 10:57:16 - [TEST_STEP][PASSED] - verifyElementText: Actual text and expected text of test object 'Object Repository/LoggedInReactPages/ReportSummary/OdometerStatus' are matched.

2018-05-31 10:57:16 - [MESSAGE][PASSED] - Actual text and expected text of test object 'Object Repository/LoggedInReactPages/ReportSummary/OdometerStatus' are matched.

2018-05-31 10:57:16 - [TEST_STEP][PASSED] - navigateToUrl: Navigate to 'https://dev-front.instavin.com/order/' successfully

2018-05-31 10:57:18 - [MESSAGE][PASSED] - Navigate to 'https://dev-front.instavin.com/order/' successfully

2018-05-31 10:57:18 - [TEST_STEP][PASSED] - verifyElementText: Actual text and expected text of test object 'Object Repository/LoggedInReactPages/Order (react)/VtrPrice1' are matched.

2018-05-31 10:57:18 - [MESSAGE][PASSED] - Actual text and expected text of test object 'Object Repository/LoggedInReactPages/Order (react)/VtrPrice1' are matched.

2018-05-31 10:57:18 - [TEST_STEP][PASSED] - verifyElementText: Actual text and expected text of test object 'Object Repository/LoggedInReactPages/Order (react)/VtrPrice10' are matched.

2018-05-31 10:57:18 - [MESSAGE][PASSED] - Actual text and expected text of test object 'Object Repository/LoggedInReactPages/Order (react)/VtrPrice10' are matched.

2018-05-31 10:57:18 - [TEST_STEP][PASSED] - closeBrowser: Browser is closed

2018-05-31 10:57:18 - [MESSAGE][PASSED] - Browser is closed]]></system-out>
         <system-err><![CDATA[]]></system-err>
      </testcase>
      <testcase name="Test Cases/Order - BuyVtr_UseCredit" classname="Test Cases/Order - BuyVtr_UseCredit" status="PASSED">
         <system-out><![CDATA[2018-05-31 10:57:18 - [TEST_CASE][PASSED] - Test Cases/Order - BuyVtr_UseCredit: Test Cases/Order - BuyVtr_UseCredit

2018-05-31 10:57:19 - [TEST_STEP][PASSED] - openBrowser: Browser is opened with url: ''

2018-05-31 10:57:21 - [MESSAGE][PASSED] - Browser is opened with url: ''

2018-05-31 10:57:21 - [TEST_STEP][PASSED] - maximizeWindow: Current window maximized

2018-05-31 10:57:22 - [MESSAGE][PASSED] - Current window maximized

2018-05-31 10:57:22 - [TEST_STEP][PASSED] - Statement - OrderURL = com.kms.katalon.core.webui.keyword.WebUiBuiltInKeywords.concatenate([StagingReact, "order/"]): Concatenated string array: '['https://dev-front.instavin.com/','order/']' into 'https://dev-front.instavin.com/order/'

2018-05-31 10:57:22 - [MESSAGE][PASSED] - Concatenated string array: '['https://dev-front.instavin.com/','order/']' into 'https://dev-front.instavin.com/order/'

2018-05-31 10:57:22 - [TEST_STEP][PASSED] - navigateToUrl: Navigate to 'https://dev-front.instavin.com/order/' successfully

2018-05-31 10:57:27 - [MESSAGE][PASSED] - Navigate to 'https://dev-front.instavin.com/order/' successfully

2018-05-31 10:57:27 - [TEST_STEP][PASSED] - waitForElementVisible: Object 'Object Repository/LoggedInReactPages/Order (react)/instaVINProducts_Label' is visible

2018-05-31 10:57:27 - [MESSAGE][WARNING] - Timeout '0' is invalid. Using default page load timeout: '30'

2018-05-31 10:57:27 - [MESSAGE][PASSED] - Object 'Object Repository/LoggedInReactPages/Order (react)/instaVINProducts_Label' is visible

2018-05-31 10:57:27 - [TEST_STEP][PASSED] - verifyElementText: Actual text and expected text of test object 'Object Repository/LoggedInReactPages/Order (react)/VtrPrice1' are matched.

2018-05-31 10:57:27 - [MESSAGE][PASSED] - Actual text and expected text of test object 'Object Repository/LoggedInReactPages/Order (react)/VtrPrice1' are matched.

2018-05-31 10:57:27 - [TEST_STEP][PASSED] - verifyElementText: Actual text and expected text of test object 'Object Repository/LoggedInReactPages/Order (react)/VtrPrice10' are matched.

2018-05-31 10:57:27 - [MESSAGE][PASSED] - Actual text and expected text of test object 'Object Repository/LoggedInReactPages/Order (react)/VtrPrice10' are matched.

2018-05-31 10:57:27 - [TEST_STEP][PASSED] - setText: Text 'SAJWA43C199B29849' is set on object 'Object Repository/LoggedInReactPages/Order (react)/VINCheckForm_EnterVINInput'

2018-05-31 10:57:27 - [MESSAGE][PASSED] - Text 'SAJWA43C199B29849' is set on object 'Object Repository/LoggedInReactPages/Order (react)/VINCheckForm_EnterVINInput'

2018-05-31 10:57:27 - [TEST_STEP][PASSED] - click: Object: 'Object Repository/LoggedInReactPages/Order (react)/CheckVin_ArrowButton' is clicked on

2018-05-31 10:57:27 - [MESSAGE][PASSED] - Object: 'Object Repository/LoggedInReactPages/Order (react)/CheckVin_ArrowButton' is clicked on

2018-05-31 10:57:27 - [TEST_STEP][PASSED] - waitForElementVisible: Object 'Object Repository/LoggedInReactPages/Order (react)/ChangeVIN_Cross' is visible

2018-05-31 10:57:27 - [MESSAGE][WARNING] - Timeout '0' is invalid. Using default page load timeout: '30'

2018-05-31 10:57:28 - [MESSAGE][PASSED] - Object 'Object Repository/LoggedInReactPages/Order (react)/ChangeVIN_Cross' is visible

2018-05-31 10:57:28 - [TEST_STEP][PASSED] - click: Object: 'Object Repository/LoggedInReactPages/Order (react)/SecondPricePoint' is clicked on

2018-05-31 10:57:28 - [MESSAGE][PASSED] - Object: 'Object Repository/LoggedInReactPages/Order (react)/SecondPricePoint' is clicked on

2018-05-31 10:57:28 - [TEST_STEP][PASSED] - Statement - Price = com.kms.katalon.core.webui.keyword.WebUiBuiltInKeywords.concatenate(["Only ", Vtr2]): Concatenated string array: '['Only ','$13.98']' into 'Only $13.98'

2018-05-31 10:57:28 - [MESSAGE][PASSED] - Concatenated string array: '['Only ','$13.98']' into 'Only $13.98'

2018-05-31 10:57:28 - [TEST_STEP][PASSED] - verifyElementText: Actual text and expected text of test object 'Object Repository/LoggedInReactPages/Order (react)/Confirm_Price' are matched.

2018-05-31 10:57:28 - [MESSAGE][PASSED] - Actual text and expected text of test object 'Object Repository/LoggedInReactPages/Order (react)/Confirm_Price' are matched.

2018-05-31 10:57:28 - [TEST_STEP][PASSED] - delay: Delayed 1 second(s)

2018-05-31 10:57:29 - [MESSAGE][PASSED] - Delayed 1 second(s)

2018-05-31 10:57:29 - [TEST_STEP][PASSED] - verifyElementVisible: Object 'Object Repository/LoggedInReactPages/Order (react)/OrderNow_OrangeButton' is visible

2018-05-31 10:57:29 - [MESSAGE][PASSED] - Object 'Object Repository/LoggedInReactPages/Order (react)/OrderNow_OrangeButton' is visible

2018-05-31 10:57:29 - [TEST_STEP][PASSED] - click: Object: 'Object Repository/LoggedInReactPages/Order (react)/OrderNow_OrangeButton' is clicked on

2018-05-31 10:57:29 - [MESSAGE][PASSED] - Object: 'Object Repository/LoggedInReactPages/Order (react)/OrderNow_OrangeButton' is clicked on

2018-05-31 10:57:29 - [TEST_STEP][PASSED] - waitForElementVisible: Object 'Object Repository/LoggedInReactPages/Order (react)/Purchase_Button' is visible

2018-05-31 10:57:29 - [MESSAGE][WARNING] - Timeout '0' is invalid. Using default page load timeout: '30'

2018-05-31 10:57:29 - [MESSAGE][PASSED] - Object 'Object Repository/LoggedInReactPages/Order (react)/Purchase_Button' is visible

2018-05-31 10:57:29 - [TEST_STEP][PASSED] - Statement - now = new java.util.Date(): null

2018-05-31 10:57:29 - [TEST_STEP][PASSED] - Statement - rnd = now.format("yyyyMMddHHmmssSSS").toString(): null

2018-05-31 10:57:29 - [TEST_STEP][PASSED] - Statement - Email = com.kms.katalon.core.webui.keyword.WebUiBuiltInKeywords.concatenate(["consumer", rnd, "@mailinator.com"]): Concatenated string array: '['consumer','20180531105729741','@mailinator.com']' into 'consumer20180531105729741@mailinator.com'

2018-05-31 10:57:29 - [MESSAGE][PASSED] - Concatenated string array: '['consumer','20180531105729741','@mailinator.com']' into 'consumer20180531105729741@mailinator.com'

2018-05-31 10:57:29 - [TEST_STEP][PASSED] - callTestCase: Call Test Case 'Test Cases/Base Tests/OrderSignUpBase' successfully

2018-05-31 10:57:29 - [TEST_CASE][PASSED] - Test Cases/Base Tests/OrderSignUpBase: Test Cases/Base Tests/OrderSignUpBase

2018-05-31 10:57:29 - [TEST_STEP][PASSED] - setText: Text 'Consumer' is set on object 'Object Repository/LoggedOutReactPages/OrderLoggedOut/FirstName_Input'

2018-05-31 10:57:30 - [MESSAGE][PASSED] - Text 'Consumer' is set on object 'Object Repository/LoggedOutReactPages/OrderLoggedOut/FirstName_Input'

2018-05-31 10:57:30 - [TEST_STEP][PASSED] - setText: Text 'Test' is set on object 'Object Repository/LoggedOutReactPages/OrderLoggedOut/LastName_Input'

2018-05-31 10:57:30 - [MESSAGE][PASSED] - Text 'Test' is set on object 'Object Repository/LoggedOutReactPages/OrderLoggedOut/LastName_Input'

2018-05-31 10:57:30 - [TEST_STEP][PASSED] - setText: Text 'test' is set on object 'Object Repository/LoggedOutReactPages/OrderLoggedOut/Address_Input'

2018-05-31 10:57:30 - [MESSAGE][PASSED] - Text 'test' is set on object 'Object Repository/LoggedOutReactPages/OrderLoggedOut/Address_Input'

2018-05-31 10:57:30 - [TEST_STEP][PASSED] - setText: Text 'test' is set on object 'Object Repository/LoggedOutReactPages/OrderLoggedOut/City_Input'

2018-05-31 10:57:31 - [MESSAGE][PASSED] - Text 'test' is set on object 'Object Repository/LoggedOutReactPages/OrderLoggedOut/City_Input'

2018-05-31 10:57:31 - [TEST_STEP][PASSED] - selectOptionByValue: All options with value 'TX' are selected in object 'Object Repository/LoggedOutReactPages/OrderLoggedOut/State_Dropdown' 

2018-05-31 10:57:31 - [MESSAGE][PASSED] - All options with value 'TX' are selected in object 'Object Repository/LoggedOutReactPages/OrderLoggedOut/State_Dropdown' 

2018-05-31 10:57:31 - [TEST_STEP][PASSED] - setText: Text '11111' is set on object 'Object Repository/LoggedOutReactPages/OrderLoggedOut/Zip_Input'

2018-05-31 10:57:31 - [MESSAGE][PASSED] - Text '11111' is set on object 'Object Repository/LoggedOutReactPages/OrderLoggedOut/Zip_Input'

2018-05-31 10:57:31 - [TEST_STEP][PASSED] - setText: Text '8001112233' is set on object 'Object Repository/LoggedOutReactPages/OrderLoggedOut/Phone_Input'

2018-05-31 10:57:32 - [MESSAGE][PASSED] - Text '8001112233' is set on object 'Object Repository/LoggedOutReactPages/OrderLoggedOut/Phone_Input'

2018-05-31 10:57:32 - [TEST_STEP][PASSED] - setText: Text 'consumer20180531105729741@mailinator.com' is set on object 'Object Repository/LoggedOutReactPages/OrderLoggedOut/Email_Input'

2018-05-31 10:57:33 - [MESSAGE][PASSED] - Text 'consumer20180531105729741@mailinator.com' is set on object 'Object Repository/LoggedOutReactPages/OrderLoggedOut/Email_Input'

2018-05-31 10:57:33 - [TEST_STEP][PASSED] - setText: Text '4000100011112224' is set on object 'Object Repository/LoggedOutReactPages/OrderLoggedOut/CcNumber_Input'

2018-05-31 10:57:33 - [MESSAGE][PASSED] - Text '4000100011112224' is set on object 'Object Repository/LoggedOutReactPages/OrderLoggedOut/CcNumber_Input'

2018-05-31 10:57:33 - [TEST_STEP][PASSED] - setText: Text '111' is set on object 'Object Repository/LoggedOutReactPages/OrderLoggedOut/CVV_Input'

2018-05-31 10:57:33 - [MESSAGE][PASSED] - Text '111' is set on object 'Object Repository/LoggedOutReactPages/OrderLoggedOut/CVV_Input'

2018-05-31 10:57:33 - [TEST_STEP][PASSED] - selectOptionByValue: All options with value '11' are selected in object 'Object Repository/LoggedOutReactPages/OrderLoggedOut/ExpirationMonth_Dropdown' 

2018-05-31 10:57:33 - [MESSAGE][PASSED] - All options with value '11' are selected in object 'Object Repository/LoggedOutReactPages/OrderLoggedOut/ExpirationMonth_Dropdown' 

2018-05-31 10:57:33 - [TEST_STEP][PASSED] - selectOptionByValue: All options with value '2020' are selected in object 'Object Repository/LoggedOutReactPages/OrderLoggedOut/ExpirationYear_Dropdown' 

2018-05-31 10:57:33 - [MESSAGE][PASSED] - All options with value '2020' are selected in object 'Object Repository/LoggedOutReactPages/OrderLoggedOut/ExpirationYear_Dropdown' 

2018-05-31 10:57:33 - [TEST_STEP][PASSED] - selectOptionByValue: All options with value '0' are selected in object 'Object Repository/LoggedOutReactPages/OrderLoggedOut/UserType_Dropdown' 

2018-05-31 10:57:34 - [MESSAGE][PASSED] - All options with value '0' are selected in object 'Object Repository/LoggedOutReactPages/OrderLoggedOut/UserType_Dropdown' 

2018-05-31 10:57:34 - [TEST_STEP][PASSED] - check: Object 'Object Repository/LoggedOutReactPages/OrderLoggedOut/Terms_Checkbox' is checked

2018-05-31 10:57:34 - [MESSAGE][PASSED] - Object 'Object Repository/LoggedOutReactPages/OrderLoggedOut/Terms_Checkbox' is checked

2018-05-31 10:57:34 - [TEST_STEP][PASSED] - click: Object: 'Object Repository/LoggedInReactPages/Order (react)/Purchase_Button' is clicked on

2018-05-31 10:57:35 - [MESSAGE][PASSED] - Object: 'Object Repository/LoggedInReactPages/Order (react)/Purchase_Button' is clicked on

2018-05-31 10:57:35 - [MESSAGE][PASSED] - Call Test Case 'Test Cases/Base Tests/OrderSignUpBase' successfully

2018-05-31 10:57:35 - [TEST_STEP][PASSED] - waitForElementClickable: Object 'Object Repository/LoggedInReactPages/Order (react)/CompletePurchase_Button' is clickable

2018-05-31 10:57:35 - [MESSAGE][WARNING] - Timeout '0' is invalid. Using default page load timeout: '30'

2018-05-31 10:57:35 - [MESSAGE][PASSED] - Object 'Object Repository/LoggedInReactPages/Order (react)/CompletePurchase_Button' is clickable

2018-05-31 10:57:35 - [TEST_STEP][PASSED] - verifyElementText: Actual text and expected text of test object 'Object Repository/LoggedInReactPages/Order (react)/Confirm_Price' are matched.

2018-05-31 10:57:35 - [MESSAGE][PASSED] - Actual text and expected text of test object 'Object Repository/LoggedInReactPages/Order (react)/Confirm_Price' are matched.

2018-05-31 10:57:35 - [TEST_STEP][PASSED] - click: Object: 'Object Repository/LoggedInReactPages/Order (react)/CompletePurchase_Button' is clicked on

2018-05-31 10:57:35 - [MESSAGE][PASSED] - Object: 'Object Repository/LoggedInReactPages/Order (react)/CompletePurchase_Button' is clicked on

2018-05-31 10:57:35 - [TEST_STEP][PASSED] - waitForElementPresent: Object 'Object Repository/LoggedInReactPages/Order (react)/VINCheckForm_EnterVINInput' is present

2018-05-31 10:57:35 - [MESSAGE][WARNING] - Timeout '0' is invalid. Using default page load timeout: '30'

2018-05-31 10:57:40 - [MESSAGE][PASSED] - Object 'Object Repository/LoggedInReactPages/Order (react)/VINCheckForm_EnterVINInput' is present

2018-05-31 10:57:40 - [TEST_STEP][PASSED] - waitForElementClickable: Object 'Object Repository/LoggedInReactPages/Order (react)/ViewReport_Button' is clickable

2018-05-31 10:57:40 - [MESSAGE][WARNING] - Timeout '0' is invalid. Using default page load timeout: '30'

2018-05-31 10:57:40 - [MESSAGE][PASSED] - Object 'Object Repository/LoggedInReactPages/Order (react)/ViewReport_Button' is clickable

2018-05-31 10:57:40 - [TEST_STEP][PASSED] - verifyTextPresent: Text 'Thank you for using instaVIN!' is present on page 

2018-05-31 10:57:40 - [MESSAGE][PASSED] - Text 'Thank you for using instaVIN!' is present on page 

2018-05-31 10:57:40 - [TEST_STEP][PASSED] - verifyElementText: Actual text and expected text of test object 'Object Repository/LoggedInReactPages/Order (react)/ViewReport - Vin' are matched.

2018-05-31 10:57:40 - [MESSAGE][PASSED] - Actual text and expected text of test object 'Object Repository/LoggedInReactPages/Order (react)/ViewReport - Vin' are matched.

2018-05-31 10:57:40 - [TEST_STEP][PASSED] - verifyElementText: Actual text and expected text of test object 'Object Repository/LoggedInReactPages/Order (react)/ViewReport - ReportType' are matched.

2018-05-31 10:57:40 - [MESSAGE][PASSED] - Actual text and expected text of test object 'Object Repository/LoggedInReactPages/Order (react)/ViewReport - ReportType' are matched.

2018-05-31 10:57:40 - [TEST_STEP][PASSED] - Statement - MyAccountURL = com.kms.katalon.core.webui.keyword.WebUiBuiltInKeywords.concatenate([StagingReact, "my-account"]): Concatenated string array: '['https://dev-front.instavin.com/','my-account']' into 'https://dev-front.instavin.com/my-account'

2018-05-31 10:57:40 - [MESSAGE][PASSED] - Concatenated string array: '['https://dev-front.instavin.com/','my-account']' into 'https://dev-front.instavin.com/my-account'

2018-05-31 10:57:40 - [TEST_STEP][PASSED] - navigateToUrl: Navigate to 'https://dev-front.instavin.com/my-account' successfully

2018-05-31 10:57:41 - [MESSAGE][PASSED] - Navigate to 'https://dev-front.instavin.com/my-account' successfully

2018-05-31 10:57:41 - [TEST_STEP][PASSED] - verifyElementText: Actual text and expected text of test object 'Object Repository/LoggedInReactPages/MyAccount/CreditsNumber' are matched.

2018-05-31 10:57:42 - [MESSAGE][PASSED] - Actual text and expected text of test object 'Object Repository/LoggedInReactPages/MyAccount/CreditsNumber' are matched.

2018-05-31 10:57:42 - [TEST_STEP][PASSED] - navigateToUrl: Navigate to 'https://dev-front.instavin.com/order/' successfully

2018-05-31 10:57:43 - [MESSAGE][PASSED] - Navigate to 'https://dev-front.instavin.com/order/' successfully

2018-05-31 10:57:43 - [TEST_STEP][PASSED] - waitForElementVisible: Object 'Object Repository/LoggedInReactPages/Order (react)/VINCheckForm_EnterVINInput' is visible

2018-05-31 10:57:43 - [MESSAGE][WARNING] - Timeout '0' is invalid. Using default page load timeout: '30'

2018-05-31 10:57:43 - [MESSAGE][PASSED] - Object 'Object Repository/LoggedInReactPages/Order (react)/VINCheckForm_EnterVINInput' is visible

2018-05-31 10:57:43 - [TEST_STEP][PASSED] - setText: Text 'WAURV78T18A018221' is set on object 'Object Repository/LoggedInReactPages/Order (react)/VINCheckForm_EnterVINInput'

2018-05-31 10:57:43 - [MESSAGE][PASSED] - Text 'WAURV78T18A018221' is set on object 'Object Repository/LoggedInReactPages/Order (react)/VINCheckForm_EnterVINInput'

2018-05-31 10:57:43 - [TEST_STEP][PASSED] - click: Object: 'Object Repository/LoggedInReactPages/Order (react)/CheckVin_ArrowButton' is clicked on

2018-05-31 10:57:43 - [MESSAGE][PASSED] - Object: 'Object Repository/LoggedInReactPages/Order (react)/CheckVin_ArrowButton' is clicked on

2018-05-31 10:57:43 - [TEST_STEP][PASSED] - waitForElementVisible: Object 'Object Repository/LoggedInReactPages/Order (react)/ChangeVIN_Cross' is visible

2018-05-31 10:57:43 - [MESSAGE][WARNING] - Timeout '0' is invalid. Using default page load timeout: '30'

2018-05-31 10:57:44 - [MESSAGE][PASSED] - Object 'Object Repository/LoggedInReactPages/Order (react)/ChangeVIN_Cross' is visible

2018-05-31 10:57:44 - [TEST_STEP][PASSED] - click: Object: 'Object Repository/LoggedInReactPages/Order (react)/FirstPricePoint' is clicked on

2018-05-31 10:57:44 - [MESSAGE][PASSED] - Object: 'Object Repository/LoggedInReactPages/Order (react)/FirstPricePoint' is clicked on

2018-05-31 10:57:44 - [TEST_STEP][PASSED] - verifyElementText: Actual text and expected text of test object 'Object Repository/LoggedInReactPages/Order (react)/Confirm_Price' are matched.

2018-05-31 10:57:44 - [MESSAGE][PASSED] - Actual text and expected text of test object 'Object Repository/LoggedInReactPages/Order (react)/Confirm_Price' are matched.

2018-05-31 10:57:44 - [TEST_STEP][PASSED] - verifyElementText: Actual text and expected text of test object 'Object Repository/LoggedInReactPages/Order (react)/FirstPricePointPrice' are matched.

2018-05-31 10:57:44 - [MESSAGE][PASSED] - Actual text and expected text of test object 'Object Repository/LoggedInReactPages/Order (react)/FirstPricePointPrice' are matched.

2018-05-31 10:57:44 - [TEST_STEP][PASSED] - delay: Delayed 1 second(s)

2018-05-31 10:57:45 - [MESSAGE][PASSED] - Delayed 1 second(s)

2018-05-31 10:57:45 - [TEST_STEP][PASSED] - verifyElementVisible: Object 'Object Repository/LoggedInReactPages/Order (react)/OrderNow_OrangeButton' is visible

2018-05-31 10:57:45 - [MESSAGE][PASSED] - Object 'Object Repository/LoggedInReactPages/Order (react)/OrderNow_OrangeButton' is visible

2018-05-31 10:57:45 - [TEST_STEP][PASSED] - click: Object: 'Object Repository/LoggedInReactPages/Order (react)/OrderNow_OrangeButton' is clicked on

2018-05-31 10:57:45 - [MESSAGE][PASSED] - Object: 'Object Repository/LoggedInReactPages/Order (react)/OrderNow_OrangeButton' is clicked on

2018-05-31 10:57:45 - [TEST_STEP][PASSED] - waitForElementVisible: Object 'Object Repository/LoggedInReactPages/Order (react)/OrderSummary_BuyCreditsMessage' is visible

2018-05-31 10:57:45 - [MESSAGE][WARNING] - Timeout '0' is invalid. Using default page load timeout: '30'

2018-05-31 10:57:45 - [MESSAGE][PASSED] - Object 'Object Repository/LoggedInReactPages/Order (react)/OrderSummary_BuyCreditsMessage' is visible

2018-05-31 10:57:45 - [TEST_STEP][PASSED] - scrollToElement: Scroll to object 'Object Repository/LoggedInReactPages/Order (react)/CompletePurchase_Button' successfully

2018-05-31 10:57:45 - [MESSAGE][WARNING] - Timeout '0' is invalid. Using default page load timeout: '30'

2018-05-31 10:57:45 - [MESSAGE][PASSED] - Scroll to object 'Object Repository/LoggedInReactPages/Order (react)/CompletePurchase_Button' successfully

2018-05-31 10:57:45 - [TEST_STEP][PASSED] - delay: Delayed 1 second(s)

2018-05-31 10:57:46 - [MESSAGE][PASSED] - Delayed 1 second(s)

2018-05-31 10:57:46 - [TEST_STEP][PASSED] - click: Object: 'Object Repository/LoggedInReactPages/Order (react)/CompletePurchase_Button' is clicked on

2018-05-31 10:57:46 - [MESSAGE][PASSED] - Object: 'Object Repository/LoggedInReactPages/Order (react)/CompletePurchase_Button' is clicked on

2018-05-31 10:57:46 - [TEST_STEP][PASSED] - waitForElementPresent: Object 'Object Repository/LoggedInReactPages/Order (react)/VINCheckForm_EnterVINInput' is present

2018-05-31 10:57:46 - [MESSAGE][WARNING] - Timeout '0' is invalid. Using default page load timeout: '30'

2018-05-31 10:58:02 - [MESSAGE][PASSED] - Object 'Object Repository/LoggedInReactPages/Order (react)/VINCheckForm_EnterVINInput' is present

2018-05-31 10:58:02 - [TEST_STEP][PASSED] - waitForElementClickable: Object 'Object Repository/LoggedInReactPages/Order (react)/ViewReport_Button' is clickable

2018-05-31 10:58:02 - [MESSAGE][WARNING] - Timeout '0' is invalid. Using default page load timeout: '30'

2018-05-31 10:58:02 - [MESSAGE][PASSED] - Object 'Object Repository/LoggedInReactPages/Order (react)/ViewReport_Button' is clickable

2018-05-31 10:58:02 - [TEST_STEP][PASSED] - verifyTextPresent: Text 'Thank you for using instaVIN!' is present on page 

2018-05-31 10:58:03 - [MESSAGE][PASSED] - Text 'Thank you for using instaVIN!' is present on page 

2018-05-31 10:58:03 - [TEST_STEP][PASSED] - verifyElementText: Actual text and expected text of test object 'Object Repository/LoggedInReactPages/Order (react)/ViewReport - Vin' are matched.

2018-05-31 10:58:03 - [MESSAGE][PASSED] - Actual text and expected text of test object 'Object Repository/LoggedInReactPages/Order (react)/ViewReport - Vin' are matched.

2018-05-31 10:58:03 - [TEST_STEP][PASSED] - navigateToUrl: Navigate to 'https://dev-front.instavin.com/my-account' successfully

2018-05-31 10:58:03 - [MESSAGE][PASSED] - Navigate to 'https://dev-front.instavin.com/my-account' successfully

2018-05-31 10:58:03 - [TEST_STEP][PASSED] - verifyElementText: Actual text and expected text of test object 'Object Repository/LoggedInReactPages/MyAccount/CreditsNumber' are matched.

2018-05-31 10:58:04 - [MESSAGE][PASSED] - Actual text and expected text of test object 'Object Repository/LoggedInReactPages/MyAccount/CreditsNumber' are matched.

2018-05-31 10:58:04 - [TEST_STEP][PASSED] - click: Object: 'Object Repository/LoggedInReactPages/MyAccount/BillingHistorySideMenu_Tab' is clicked on

2018-05-31 10:58:04 - [MESSAGE][PASSED] - Object: 'Object Repository/LoggedInReactPages/MyAccount/BillingHistorySideMenu_Tab' is clicked on

2018-05-31 10:58:04 - [TEST_STEP][PASSED] - waitForElementVisible: Object 'Object Repository/LoggedInReactPages/BillingHistory/Pager' is visible

2018-05-31 10:58:04 - [MESSAGE][WARNING] - Timeout '0' is invalid. Using default page load timeout: '30'

2018-05-31 10:58:05 - [MESSAGE][PASSED] - Object 'Object Repository/LoggedInReactPages/BillingHistory/Pager' is visible

2018-05-31 10:58:05 - [TEST_STEP][PASSED] - verifyElementText: Actual text and expected text of test object 'Object Repository/LoggedInReactPages/BillingHistory/FirstRow_Description' are matched.

2018-05-31 10:58:05 - [MESSAGE][PASSED] - Actual text and expected text of test object 'Object Repository/LoggedInReactPages/BillingHistory/FirstRow_Description' are matched.

2018-05-31 10:58:05 - [TEST_STEP][PASSED] - verifyElementNotPresent: Web element with id: 'Object Repository/LoggedInReactPages/BillingHistory/SecondRow_Description' located by 'By.xpath: //div[@class='ViewportContainer hidden-xs']//div[@class='GridContainer']/div[3]/div[2]' is not present after '30' second(s)

2018-05-31 10:58:05 - [MESSAGE][WARNING] - Timeout '0' is invalid. Using default page load timeout: '30'

2018-05-31 10:58:05 - [MESSAGE][PASSED] - Web element with id: 'Object Repository/LoggedInReactPages/BillingHistory/SecondRow_Description' located by 'By.xpath: //div[@class='ViewportContainer hidden-xs']//div[@class='GridContainer']/div[3]/div[2]' is not present after '30' second(s)

2018-05-31 10:58:05 - [TEST_STEP][PASSED] - closeBrowser: Browser is closed

2018-05-31 10:58:06 - [MESSAGE][PASSED] - Browser is closed]]></system-out>
         <system-err><![CDATA[]]></system-err>
      </testcase>
      <testcase name="Test Cases/Order - BuyVtr_WarningSalvageTitleRecall" classname="Test Cases/Order - BuyVtr_WarningSalvageTitleRecall" status="PASSED">
         <system-out><![CDATA[2018-05-31 10:58:06 - [TEST_CASE][PASSED] - Test Cases/Order - BuyVtr_WarningSalvageTitleRecall: Test Cases/Order - BuyVtr_WarningSalvageTitleRecall

2018-05-31 10:58:06 - [TEST_STEP][PASSED] - openBrowser: Browser is opened with url: ''

2018-05-31 10:58:08 - [MESSAGE][PASSED] - Browser is opened with url: ''

2018-05-31 10:58:08 - [TEST_STEP][PASSED] - maximizeWindow: Current window maximized

2018-05-31 10:58:09 - [MESSAGE][PASSED] - Current window maximized

2018-05-31 10:58:09 - [TEST_STEP][PASSED] - Statement - OrderURL = com.kms.katalon.core.webui.keyword.WebUiBuiltInKeywords.concatenate([StagingReact, "order/"]): Concatenated string array: '['https://dev-front.instavin.com/','order/']' into 'https://dev-front.instavin.com/order/'

2018-05-31 10:58:09 - [MESSAGE][PASSED] - Concatenated string array: '['https://dev-front.instavin.com/','order/']' into 'https://dev-front.instavin.com/order/'

2018-05-31 10:58:09 - [TEST_STEP][PASSED] - navigateToUrl: Navigate to 'https://dev-front.instavin.com/order/' successfully

2018-05-31 10:58:14 - [MESSAGE][PASSED] - Navigate to 'https://dev-front.instavin.com/order/' successfully

2018-05-31 10:58:14 - [TEST_STEP][PASSED] - waitForElementVisible: Object 'Object Repository/LoggedInReactPages/Order (react)/instaVINProducts_Label' is visible

2018-05-31 10:58:14 - [MESSAGE][WARNING] - Timeout '0' is invalid. Using default page load timeout: '30'

2018-05-31 10:58:14 - [MESSAGE][PASSED] - Object 'Object Repository/LoggedInReactPages/Order (react)/instaVINProducts_Label' is visible

2018-05-31 10:58:14 - [TEST_STEP][PASSED] - verifyElementText: Actual text and expected text of test object 'Object Repository/LoggedInReactPages/Order (react)/VtrPrice1' are matched.

2018-05-31 10:58:14 - [MESSAGE][PASSED] - Actual text and expected text of test object 'Object Repository/LoggedInReactPages/Order (react)/VtrPrice1' are matched.

2018-05-31 10:58:14 - [TEST_STEP][PASSED] - verifyElementText: Actual text and expected text of test object 'Object Repository/LoggedInReactPages/Order (react)/VtrPrice10' are matched.

2018-05-31 10:58:14 - [MESSAGE][PASSED] - Actual text and expected text of test object 'Object Repository/LoggedInReactPages/Order (react)/VtrPrice10' are matched.

2018-05-31 10:58:14 - [TEST_STEP][PASSED] - setText: Text '2B3CM5CT4BH521954' is set on object 'Object Repository/LoggedInReactPages/Order (react)/VINCheckForm_EnterVINInput'

2018-05-31 10:58:14 - [MESSAGE][PASSED] - Text '2B3CM5CT4BH521954' is set on object 'Object Repository/LoggedInReactPages/Order (react)/VINCheckForm_EnterVINInput'

2018-05-31 10:58:14 - [TEST_STEP][PASSED] - click: Object: 'Object Repository/LoggedInReactPages/Order (react)/CheckVin_ArrowButton' is clicked on

2018-05-31 10:58:15 - [MESSAGE][PASSED] - Object: 'Object Repository/LoggedInReactPages/Order (react)/CheckVin_ArrowButton' is clicked on

2018-05-31 10:58:15 - [TEST_STEP][PASSED] - waitForElementVisible: Object 'Object Repository/LoggedInReactPages/Order (react)/ChangeVIN_Cross' is visible

2018-05-31 10:58:15 - [MESSAGE][WARNING] - Timeout '0' is invalid. Using default page load timeout: '30'

2018-05-31 10:58:15 - [MESSAGE][PASSED] - Object 'Object Repository/LoggedInReactPages/Order (react)/ChangeVIN_Cross' is visible

2018-05-31 10:58:15 - [TEST_STEP][PASSED] - click: Object: 'Object Repository/LoggedInReactPages/Order (react)/FirstPricePoint' is clicked on

2018-05-31 10:58:15 - [MESSAGE][PASSED] - Object: 'Object Repository/LoggedInReactPages/Order (react)/FirstPricePoint' is clicked on

2018-05-31 10:58:15 - [TEST_STEP][PASSED] - Statement - Price = com.kms.katalon.core.webui.keyword.WebUiBuiltInKeywords.concatenate(["Only ", Vtr1]): Concatenated string array: '['Only ','$6.99']' into 'Only $6.99'

2018-05-31 10:58:15 - [MESSAGE][PASSED] - Concatenated string array: '['Only ','$6.99']' into 'Only $6.99'

2018-05-31 10:58:15 - [TEST_STEP][PASSED] - verifyElementText: Actual text and expected text of test object 'Object Repository/LoggedInReactPages/Order (react)/Confirm_Price' are matched.

2018-05-31 10:58:15 - [MESSAGE][PASSED] - Actual text and expected text of test object 'Object Repository/LoggedInReactPages/Order (react)/Confirm_Price' are matched.

2018-05-31 10:58:15 - [TEST_STEP][PASSED] - delay: Delayed 1 second(s)

2018-05-31 10:58:16 - [MESSAGE][PASSED] - Delayed 1 second(s)

2018-05-31 10:58:16 - [TEST_STEP][PASSED] - verifyElementVisible: Object 'Object Repository/LoggedInReactPages/Order (react)/OrderNow_OrangeButton' is visible

2018-05-31 10:58:16 - [MESSAGE][PASSED] - Object 'Object Repository/LoggedInReactPages/Order (react)/OrderNow_OrangeButton' is visible

2018-05-31 10:58:16 - [TEST_STEP][PASSED] - click: Object: 'Object Repository/LoggedInReactPages/Order (react)/OrderNow_OrangeButton' is clicked on

2018-05-31 10:58:16 - [MESSAGE][PASSED] - Object: 'Object Repository/LoggedInReactPages/Order (react)/OrderNow_OrangeButton' is clicked on

2018-05-31 10:58:16 - [TEST_STEP][PASSED] - waitForElementVisible: Object 'Object Repository/LoggedInReactPages/Order (react)/Purchase_Button' is visible

2018-05-31 10:58:16 - [MESSAGE][WARNING] - Timeout '0' is invalid. Using default page load timeout: '30'

2018-05-31 10:58:17 - [MESSAGE][PASSED] - Object 'Object Repository/LoggedInReactPages/Order (react)/Purchase_Button' is visible

2018-05-31 10:58:17 - [TEST_STEP][PASSED] - Statement - now = new java.util.Date(): null

2018-05-31 10:58:17 - [TEST_STEP][PASSED] - Statement - rnd = now.format("yyyyMMddHHmmssSSS").toString(): null

2018-05-31 10:58:17 - [TEST_STEP][PASSED] - Statement - Email = com.kms.katalon.core.webui.keyword.WebUiBuiltInKeywords.concatenate(["consumer", rnd, "@mailinator.com"]): Concatenated string array: '['consumer','20180531105817062','@mailinator.com']' into 'consumer20180531105817062@mailinator.com'

2018-05-31 10:58:17 - [MESSAGE][PASSED] - Concatenated string array: '['consumer','20180531105817062','@mailinator.com']' into 'consumer20180531105817062@mailinator.com'

2018-05-31 10:58:17 - [TEST_STEP][PASSED] - callTestCase: Call Test Case 'Test Cases/Base Tests/OrderSignUpBase' successfully

2018-05-31 10:58:17 - [TEST_CASE][PASSED] - Test Cases/Base Tests/OrderSignUpBase: Test Cases/Base Tests/OrderSignUpBase

2018-05-31 10:58:17 - [TEST_STEP][PASSED] - setText: Text 'Consumer' is set on object 'Object Repository/LoggedOutReactPages/OrderLoggedOut/FirstName_Input'

2018-05-31 10:58:17 - [MESSAGE][PASSED] - Text 'Consumer' is set on object 'Object Repository/LoggedOutReactPages/OrderLoggedOut/FirstName_Input'

2018-05-31 10:58:17 - [TEST_STEP][PASSED] - setText: Text 'Test' is set on object 'Object Repository/LoggedOutReactPages/OrderLoggedOut/LastName_Input'

2018-05-31 10:58:17 - [MESSAGE][PASSED] - Text 'Test' is set on object 'Object Repository/LoggedOutReactPages/OrderLoggedOut/LastName_Input'

2018-05-31 10:58:17 - [TEST_STEP][PASSED] - setText: Text 'test' is set on object 'Object Repository/LoggedOutReactPages/OrderLoggedOut/Address_Input'

2018-05-31 10:58:17 - [MESSAGE][PASSED] - Text 'test' is set on object 'Object Repository/LoggedOutReactPages/OrderLoggedOut/Address_Input'

2018-05-31 10:58:17 - [TEST_STEP][PASSED] - setText: Text 'test' is set on object 'Object Repository/LoggedOutReactPages/OrderLoggedOut/City_Input'

2018-05-31 10:58:18 - [MESSAGE][PASSED] - Text 'test' is set on object 'Object Repository/LoggedOutReactPages/OrderLoggedOut/City_Input'

2018-05-31 10:58:18 - [TEST_STEP][PASSED] - selectOptionByValue: All options with value 'TX' are selected in object 'Object Repository/LoggedOutReactPages/OrderLoggedOut/State_Dropdown' 

2018-05-31 10:58:18 - [MESSAGE][PASSED] - All options with value 'TX' are selected in object 'Object Repository/LoggedOutReactPages/OrderLoggedOut/State_Dropdown' 

2018-05-31 10:58:18 - [TEST_STEP][PASSED] - setText: Text '11111' is set on object 'Object Repository/LoggedOutReactPages/OrderLoggedOut/Zip_Input'

2018-05-31 10:58:19 - [MESSAGE][PASSED] - Text '11111' is set on object 'Object Repository/LoggedOutReactPages/OrderLoggedOut/Zip_Input'

2018-05-31 10:58:19 - [TEST_STEP][PASSED] - setText: Text '8001112233' is set on object 'Object Repository/LoggedOutReactPages/OrderLoggedOut/Phone_Input'

2018-05-31 10:58:19 - [MESSAGE][PASSED] - Text '8001112233' is set on object 'Object Repository/LoggedOutReactPages/OrderLoggedOut/Phone_Input'

2018-05-31 10:58:19 - [TEST_STEP][PASSED] - setText: Text 'consumer20180531105817062@mailinator.com' is set on object 'Object Repository/LoggedOutReactPages/OrderLoggedOut/Email_Input'

2018-05-31 10:58:19 - [MESSAGE][PASSED] - Text 'consumer20180531105817062@mailinator.com' is set on object 'Object Repository/LoggedOutReactPages/OrderLoggedOut/Email_Input'

2018-05-31 10:58:19 - [TEST_STEP][PASSED] - setText: Text '4000100011112224' is set on object 'Object Repository/LoggedOutReactPages/OrderLoggedOut/CcNumber_Input'

2018-05-31 10:58:20 - [MESSAGE][PASSED] - Text '4000100011112224' is set on object 'Object Repository/LoggedOutReactPages/OrderLoggedOut/CcNumber_Input'

2018-05-31 10:58:20 - [TEST_STEP][PASSED] - setText: Text '111' is set on object 'Object Repository/LoggedOutReactPages/OrderLoggedOut/CVV_Input'

2018-05-31 10:58:20 - [MESSAGE][PASSED] - Text '111' is set on object 'Object Repository/LoggedOutReactPages/OrderLoggedOut/CVV_Input'

2018-05-31 10:58:20 - [TEST_STEP][PASSED] - selectOptionByValue: All options with value '11' are selected in object 'Object Repository/LoggedOutReactPages/OrderLoggedOut/ExpirationMonth_Dropdown' 

2018-05-31 10:58:20 - [MESSAGE][PASSED] - All options with value '11' are selected in object 'Object Repository/LoggedOutReactPages/OrderLoggedOut/ExpirationMonth_Dropdown' 

2018-05-31 10:58:20 - [TEST_STEP][PASSED] - selectOptionByValue: All options with value '2020' are selected in object 'Object Repository/LoggedOutReactPages/OrderLoggedOut/ExpirationYear_Dropdown' 

2018-05-31 10:58:20 - [MESSAGE][PASSED] - All options with value '2020' are selected in object 'Object Repository/LoggedOutReactPages/OrderLoggedOut/ExpirationYear_Dropdown' 

2018-05-31 10:58:20 - [TEST_STEP][PASSED] - selectOptionByValue: All options with value '0' are selected in object 'Object Repository/LoggedOutReactPages/OrderLoggedOut/UserType_Dropdown' 

2018-05-31 10:58:21 - [MESSAGE][PASSED] - All options with value '0' are selected in object 'Object Repository/LoggedOutReactPages/OrderLoggedOut/UserType_Dropdown' 

2018-05-31 10:58:21 - [TEST_STEP][PASSED] - check: Object 'Object Repository/LoggedOutReactPages/OrderLoggedOut/Terms_Checkbox' is checked

2018-05-31 10:58:21 - [MESSAGE][PASSED] - Object 'Object Repository/LoggedOutReactPages/OrderLoggedOut/Terms_Checkbox' is checked

2018-05-31 10:58:21 - [TEST_STEP][PASSED] - click: Object: 'Object Repository/LoggedInReactPages/Order (react)/Purchase_Button' is clicked on

2018-05-31 10:58:21 - [MESSAGE][PASSED] - Object: 'Object Repository/LoggedInReactPages/Order (react)/Purchase_Button' is clicked on

2018-05-31 10:58:21 - [MESSAGE][PASSED] - Call Test Case 'Test Cases/Base Tests/OrderSignUpBase' successfully

2018-05-31 10:58:21 - [TEST_STEP][PASSED] - waitForElementClickable: Object 'Object Repository/LoggedInReactPages/Order (react)/CompletePurchase_Button' is clickable

2018-05-31 10:58:21 - [MESSAGE][WARNING] - Timeout '0' is invalid. Using default page load timeout: '30'

2018-05-31 10:58:21 - [MESSAGE][PASSED] - Object 'Object Repository/LoggedInReactPages/Order (react)/CompletePurchase_Button' is clickable

2018-05-31 10:58:22 - [TEST_STEP][PASSED] - verifyElementText: Actual text and expected text of test object 'Object Repository/LoggedInReactPages/Order (react)/Confirm_Price' are matched.

2018-05-31 10:58:22 - [MESSAGE][PASSED] - Actual text and expected text of test object 'Object Repository/LoggedInReactPages/Order (react)/Confirm_Price' are matched.

2018-05-31 10:58:22 - [TEST_STEP][PASSED] - click: Object: 'Object Repository/LoggedInReactPages/Order (react)/CompletePurchase_Button' is clicked on

2018-05-31 10:58:22 - [MESSAGE][PASSED] - Object: 'Object Repository/LoggedInReactPages/Order (react)/CompletePurchase_Button' is clicked on

2018-05-31 10:58:22 - [TEST_STEP][PASSED] - waitForElementPresent: Object 'Object Repository/LoggedInReactPages/Order (react)/VINCheckForm_EnterVINInput' is present

2018-05-31 10:58:22 - [MESSAGE][WARNING] - Timeout '0' is invalid. Using default page load timeout: '30'

2018-05-31 10:58:41 - [MESSAGE][PASSED] - Object 'Object Repository/LoggedInReactPages/Order (react)/VINCheckForm_EnterVINInput' is present

2018-05-31 10:58:41 - [TEST_STEP][PASSED] - waitForElementClickable: Object 'Object Repository/LoggedInReactPages/Order (react)/ViewReport_Button' is clickable

2018-05-31 10:58:41 - [MESSAGE][WARNING] - Timeout '0' is invalid. Using default page load timeout: '30'

2018-05-31 10:58:41 - [MESSAGE][PASSED] - Object 'Object Repository/LoggedInReactPages/Order (react)/ViewReport_Button' is clickable

2018-05-31 10:58:41 - [TEST_STEP][PASSED] - verifyTextPresent: Text 'Thank you for using instaVIN!' is present on page 

2018-05-31 10:58:41 - [MESSAGE][PASSED] - Text 'Thank you for using instaVIN!' is present on page 

2018-05-31 10:58:41 - [TEST_STEP][PASSED] - verifyElementText: Actual text and expected text of test object 'Object Repository/LoggedInReactPages/Order (react)/ViewReport - Vin' are matched.

2018-05-31 10:58:41 - [MESSAGE][PASSED] - Actual text and expected text of test object 'Object Repository/LoggedInReactPages/Order (react)/ViewReport - Vin' are matched.

2018-05-31 10:58:41 - [TEST_STEP][PASSED] - verifyElementText: Actual text and expected text of test object 'Object Repository/LoggedInReactPages/Order (react)/ViewReport - ReportType' are matched.

2018-05-31 10:58:41 - [MESSAGE][PASSED] - Actual text and expected text of test object 'Object Repository/LoggedInReactPages/Order (react)/ViewReport - ReportType' are matched.

2018-05-31 10:58:41 - [TEST_STEP][PASSED] - click: Object: 'Object Repository/LoggedInReactPages/Order (react)/ViewReport_Button' is clicked on

2018-05-31 10:58:44 - [MESSAGE][PASSED] - Object: 'Object Repository/LoggedInReactPages/Order (react)/ViewReport_Button' is clicked on

2018-05-31 10:58:44 - [TEST_STEP][PASSED] - waitForElementVisible: Object 'Object Repository/LoggedInReactPages/ReportSummary/ReportHeader' is visible

2018-05-31 10:58:44 - [MESSAGE][WARNING] - Timeout '0' is invalid. Using default page load timeout: '30'

2018-05-31 10:58:44 - [MESSAGE][PASSED] - Object 'Object Repository/LoggedInReactPages/ReportSummary/ReportHeader' is visible

2018-05-31 10:58:44 - [TEST_STEP][PASSED] - verifyElementText: Actual text and expected text of test object 'Object Repository/LoggedInReactPages/ReportSummary/VehicleTitle' are matched.

2018-05-31 10:58:44 - [MESSAGE][PASSED] - Actual text and expected text of test object 'Object Repository/LoggedInReactPages/ReportSummary/VehicleTitle' are matched.

2018-05-31 10:58:44 - [TEST_STEP][PASSED] - verifyElementAttributeValue: Object 'Object Repository/LoggedInReactPages/ReportSummary/ReportType' has attribute 'class' with value 'ReportGrade AlertDanger'

2018-05-31 10:58:44 - [MESSAGE][WARNING] - Timeout '0' is invalid. Using default page load timeout: '30'

2018-05-31 10:58:44 - [MESSAGE][PASSED] - Object 'Object Repository/LoggedInReactPages/ReportSummary/ReportType' has attribute 'class' with value 'ReportGrade AlertDanger'

2018-05-31 10:58:44 - [TEST_STEP][PASSED] - verifyElementText: Actual text and expected text of test object 'Object Repository/LoggedInReactPages/ReportSummary/ReportType' are matched.

2018-05-31 10:58:45 - [MESSAGE][PASSED] - Actual text and expected text of test object 'Object Repository/LoggedInReactPages/ReportSummary/ReportType' are matched.

2018-05-31 10:58:45 - [TEST_STEP][PASSED] - verifyElementAttributeValue: Object 'Object Repository/LoggedInReactPages/ReportSummary/VehicleSpecsStatus' has attribute 'class' with value 'SummaryAlertContainer AlertSuccess'

2018-05-31 10:58:45 - [MESSAGE][WARNING] - Timeout '0' is invalid. Using default page load timeout: '30'

2018-05-31 10:58:45 - [MESSAGE][PASSED] - Object 'Object Repository/LoggedInReactPages/ReportSummary/VehicleSpecsStatus' has attribute 'class' with value 'SummaryAlertContainer AlertSuccess'

2018-05-31 10:58:45 - [TEST_STEP][PASSED] - verifyElementAttributeValue: Object 'Object Repository/LoggedInReactPages/ReportSummary/JunkSalvageStatus' has attribute 'class' with value 'SummaryAlertContainer AlertDanger'

2018-05-31 10:58:45 - [MESSAGE][WARNING] - Timeout '0' is invalid. Using default page load timeout: '30'

2018-05-31 10:58:45 - [MESSAGE][PASSED] - Object 'Object Repository/LoggedInReactPages/ReportSummary/JunkSalvageStatus' has attribute 'class' with value 'SummaryAlertContainer AlertDanger'

2018-05-31 10:58:45 - [TEST_STEP][PASSED] - verifyElementAttributeValue: Object 'Object Repository/LoggedInReactPages/ReportSummary/TitleStatus' has attribute 'class' with value 'SummaryAlertContainer AlertDanger'

2018-05-31 10:58:45 - [MESSAGE][WARNING] - Timeout '0' is invalid. Using default page load timeout: '30'

2018-05-31 10:58:45 - [MESSAGE][PASSED] - Object 'Object Repository/LoggedInReactPages/ReportSummary/TitleStatus' has attribute 'class' with value 'SummaryAlertContainer AlertDanger'

2018-05-31 10:58:45 - [TEST_STEP][PASSED] - verifyElementAttributeValue: Object 'Object Repository/LoggedInReactPages/ReportSummary/OtherStatus' has attribute 'class' with value 'SummaryAlertContainer AlertWarning'

2018-05-31 10:58:45 - [MESSAGE][WARNING] - Timeout '0' is invalid. Using default page load timeout: '30'

2018-05-31 10:58:45 - [MESSAGE][PASSED] - Object 'Object Repository/LoggedInReactPages/ReportSummary/OtherStatus' has attribute 'class' with value 'SummaryAlertContainer AlertWarning'

2018-05-31 10:58:45 - [TEST_STEP][PASSED] - verifyElementAttributeValue: Object 'Object Repository/LoggedInReactPages/ReportSummary/VehicleRecallStatus' has attribute 'class' with value 'SummaryAlertContainer AlertDanger'

2018-05-31 10:58:45 - [MESSAGE][WARNING] - Timeout '0' is invalid. Using default page load timeout: '30'

2018-05-31 10:58:45 - [MESSAGE][PASSED] - Object 'Object Repository/LoggedInReactPages/ReportSummary/VehicleRecallStatus' has attribute 'class' with value 'SummaryAlertContainer AlertDanger'

2018-05-31 10:58:45 - [TEST_STEP][PASSED] - verifyElementText: Actual text and expected text of test object 'Object Repository/LoggedInReactPages/ReportSummary/OdometerStatus' are matched.

2018-05-31 10:58:46 - [MESSAGE][PASSED] - Actual text and expected text of test object 'Object Repository/LoggedInReactPages/ReportSummary/OdometerStatus' are matched.

2018-05-31 10:58:46 - [TEST_STEP][PASSED] - navigateToUrl: Navigate to 'https://dev-front.instavin.com/order/' successfully

2018-05-31 10:58:47 - [MESSAGE][PASSED] - Navigate to 'https://dev-front.instavin.com/order/' successfully

2018-05-31 10:58:47 - [TEST_STEP][PASSED] - verifyElementText: Actual text and expected text of test object 'Object Repository/LoggedInReactPages/Order (react)/VtrPrice1' are matched.

2018-05-31 10:58:48 - [MESSAGE][PASSED] - Actual text and expected text of test object 'Object Repository/LoggedInReactPages/Order (react)/VtrPrice1' are matched.

2018-05-31 10:58:48 - [TEST_STEP][PASSED] - verifyElementText: Actual text and expected text of test object 'Object Repository/LoggedInReactPages/Order (react)/VtrPrice10' are matched.

2018-05-31 10:58:48 - [MESSAGE][PASSED] - Actual text and expected text of test object 'Object Repository/LoggedInReactPages/Order (react)/VtrPrice10' are matched.

2018-05-31 10:58:48 - [TEST_STEP][PASSED] - closeBrowser: Browser is closed

2018-05-31 10:58:48 - [MESSAGE][PASSED] - Browser is closed]]></system-out>
         <system-err><![CDATA[]]></system-err>
      </testcase>
      <system-out><![CDATA[2018-05-31 10:44:14 - [TEST_SUITE][ERROR] - Staging Smoke Test Suite: Test Cases/Order - BuyVtr_CautionRecall FAILED because (of) Variable 'VIN' is not defined for test case.]]></system-out>
      <system-err><![CDATA[2018-05-31 10:44:14 - [TEST_SUITE][ERROR] - Staging Smoke Test Suite: Test Cases/Order - BuyVtr_CautionRecall FAILED because (of) Variable 'VIN' is not defined for test case.]]></system-err>
   </testsuite>
</testsuites>
