<?xml version="1.0" encoding="UTF-8"?>
<testsuites name="Staging Smoke Test Suite" time="680" tests="42" failures="0" errors="0">
   <testsuite name="Staging Smoke Test Suite" tests="42" failures="0" errors="0" time="680" timestamp="2018-06-05 12:07:45" hostname="KSavinkin - LPksavinkin.TC.local" id="Test Suites/Staging Smoke Test Suite">
      <properties>
         <property name="deviceName" value=""/>
         <property name="devicePlatform" value=""/>
         <property name="logFolder" value="C:\\Projects\\instaVIN\\tests\\instaVIN\\Reports\\Staging Smoke Test Suite\\20180605_120743"/>
         <property name="logFiles" value="C:\\Projects\\instaVIN\\tests\\instaVIN\\Reports\\Staging Smoke Test Suite\\20180605_120743\\execution0.log"/>
         <property name="attachments" value=""/>
         <property name="hostName" value="KSavinkin - LPksavinkin.TC.local"/>
         <property name="os" value="Windows 7 64bit"/>
         <property name="katalonVersion" value="5.4.2.1"/>
         <property name="browser" value="Chrome 66.0.3359.181"/>
         <property name="hostAddress" value="172.18.18.52"/>
         <property name="sessionId" value="06a7c7c344d43f4cf80ff33b7e20cf6d"/>
         <property name="seleniumVersion" value="3.7.1"/>
         <property name="proxyInformation" value="ProxyInformation{proxyOption=NO_PROXY, proxyServerType=HTTP, password=, proxyServerAddress=, proxyServerPort=0}"/>
         <property name="platform" value="Windows 7"/>
      </properties>
      <testcase name="Test Cases/CheckHomeSliders" classname="Test Cases/CheckHomeSliders" status="PASSED">
         <system-out><![CDATA[2018-06-05 12:07:46 - [TEST_CASE][PASSED] - Test Cases/CheckHomeSliders: Test Cases/CheckHomeSliders

2018-06-05 12:07:46 - [TEST_STEP][PASSED] - openBrowser: Browser is opened with url: ''

2018-06-05 12:07:50 - [MESSAGE][PASSED] - Browser is opened with url: ''

2018-06-05 12:07:50 - [TEST_STEP][PASSED] - maximizeWindow: Current window maximized

2018-06-05 12:07:51 - [MESSAGE][PASSED] - Current window maximized

2018-06-05 12:07:51 - [TEST_STEP][PASSED] - navigateToUrl: Navigate to 'https://dev-front.instavin.com/' successfully

2018-06-05 12:07:54 - [MESSAGE][PASSED] - Navigate to 'https://dev-front.instavin.com/' successfully

2018-06-05 12:07:54 - [TEST_STEP][PASSED] - Statement - If (com.kms.katalon.core.webui.keyword.WebUiBuiltInKeywords.verifyElementAttributeValue(com.kms.katalon.core.testobject.ObjectRepository.findTestObject(LoggedOutPages/HomeLoggedOut/PromoSlide_Div), "class", "slick-slide slick-active slick-current", 0, CONTINUE_ON_FAILURE)): Object 'Object Repository/LoggedOutPages/HomeLoggedOut/Free_Link' is visible

2018-06-05 12:07:54 - [MESSAGE][WARNING] - Timeout '0' is invalid. Using default page load timeout: '30'

2018-06-05 12:07:54 - [MESSAGE][PASSED] - Object 'Object Repository/LoggedOutPages/HomeLoggedOut/PromoSlide_Div' has attribute 'class' with value 'slick-slide slick-active slick-current'

2018-06-05 12:07:54 - [TEST_STEP][PASSED] - click: Object: 'Object Repository/LoggedOutPages/HomeLoggedOut/SliderRightArrow' is clicked on

2018-06-05 12:07:54 - [MESSAGE][PASSED] - Object: 'Object Repository/LoggedOutPages/HomeLoggedOut/SliderRightArrow' is clicked on

2018-06-05 12:07:54 - [TEST_STEP][PASSED] - waitForElementVisible: Object 'Object Repository/LoggedOutPages/HomeLoggedOut/SecondAppsSlide' is visible

2018-06-05 12:07:54 - [MESSAGE][WARNING] - Timeout '0' is invalid. Using default page load timeout: '30'

2018-06-05 12:07:55 - [MESSAGE][PASSED] - Object 'Object Repository/LoggedOutPages/HomeLoggedOut/SecondAppsSlide' is visible

2018-06-05 12:07:55 - [TEST_STEP][PASSED] - waitForElementVisible: Object 'Object Repository/LoggedOutPages/HomeLoggedOut/FactoryOptions_Link' is visible

2018-06-05 12:07:55 - [MESSAGE][WARNING] - Timeout '0' is invalid. Using default page load timeout: '30'

2018-06-05 12:07:55 - [MESSAGE][PASSED] - Object 'Object Repository/LoggedOutPages/HomeLoggedOut/FactoryOptions_Link' is visible

2018-06-05 12:07:55 - [TEST_STEP][PASSED] - click: Object: 'Object Repository/LoggedOutPages/HomeLoggedOut/SliderLeftArrow' is clicked on

2018-06-05 12:07:55 - [MESSAGE][PASSED] - Object: 'Object Repository/LoggedOutPages/HomeLoggedOut/SliderLeftArrow' is clicked on

2018-06-05 12:07:55 - [TEST_STEP][PASSED] - waitForElementVisible: Object 'Object Repository/LoggedOutPages/HomeLoggedOut/Free_Link' is visible

2018-06-05 12:07:55 - [MESSAGE][WARNING] - Timeout '0' is invalid. Using default page load timeout: '30'

2018-06-05 12:08:00 - [MESSAGE][PASSED] - Object 'Object Repository/LoggedOutPages/HomeLoggedOut/Free_Link' is visible

2018-06-05 12:08:00 - [TEST_STEP][PASSED] - closeBrowser: Browser is closed

2018-06-05 12:08:01 - [MESSAGE][PASSED] - Browser is closed]]></system-out>
         <system-err><![CDATA[]]></system-err>
      </testcase>
      <testcase name="Test Cases/CheckVINfromHome - EmptyVIN" classname="Test Cases/CheckVINfromHome - EmptyVIN" status="PASSED">
         <system-out><![CDATA[2018-06-05 12:08:01 - [TEST_CASE][PASSED] - Test Cases/CheckVINfromHome - EmptyVIN: Test Cases/CheckVINfromHome - EmptyVIN

2018-06-05 12:08:01 - [TEST_STEP][PASSED] - openBrowser: Browser is opened with url: ''

2018-06-05 12:08:04 - [MESSAGE][PASSED] - Browser is opened with url: ''

2018-06-05 12:08:04 - [TEST_STEP][PASSED] - maximizeWindow: Current window maximized

2018-06-05 12:08:05 - [MESSAGE][PASSED] - Current window maximized

2018-06-05 12:08:05 - [TEST_STEP][PASSED] - navigateToUrl: Navigate to 'https://dev-front.instavin.com/' successfully

2018-06-05 12:08:08 - [MESSAGE][PASSED] - Navigate to 'https://dev-front.instavin.com/' successfully

2018-06-05 12:08:08 - [TEST_STEP][PASSED] - verifyElementPresent: Object 'Object Repository/LoggedOutPages/CommonElements/SignIn_Label' is present

2018-06-05 12:08:08 - [MESSAGE][WARNING] - Timeout '0' is invalid. Using default page load timeout: '30'

2018-06-05 12:08:08 - [MESSAGE][PASSED] - Object 'Object Repository/LoggedOutPages/CommonElements/SignIn_Label' is present

2018-06-05 12:08:08 - [TEST_STEP][PASSED] - verifyElementPresent: Object 'Object Repository/LoggedOutPages/HomeLoggedOut/EnterVIN_input' is present

2018-06-05 12:08:08 - [MESSAGE][WARNING] - Timeout '0' is invalid. Using default page load timeout: '30'

2018-06-05 12:08:08 - [MESSAGE][PASSED] - Object 'Object Repository/LoggedOutPages/HomeLoggedOut/EnterVIN_input' is present

2018-06-05 12:08:08 - [TEST_STEP][PASSED] - verifyElementAttributeValue: Object 'Object Repository/LoggedOutPages/HomeLoggedOut/EnterVIN_input' has attribute 'placeholder' with value 'ENTER VIN NUMBER'

2018-06-05 12:08:08 - [MESSAGE][WARNING] - Timeout '0' is invalid. Using default page load timeout: '30'

2018-06-05 12:08:08 - [MESSAGE][PASSED] - Object 'Object Repository/LoggedOutPages/HomeLoggedOut/EnterVIN_input' has attribute 'placeholder' with value 'ENTER VIN NUMBER'

2018-06-05 12:08:08 - [TEST_STEP][PASSED] - setText: Text '' is set on object 'Object Repository/LoggedOutPages/HomeLoggedOut/EnterVIN_input'

2018-06-05 12:08:08 - [MESSAGE][PASSED] - Text '' is set on object 'Object Repository/LoggedOutPages/HomeLoggedOut/EnterVIN_input'

2018-06-05 12:08:08 - [TEST_STEP][PASSED] - click: Object: 'Object Repository/LoggedOutPages/HomeLoggedOut/SubmitVinArrow_Button' is clicked on

2018-06-05 12:08:09 - [MESSAGE][PASSED] - Object: 'Object Repository/LoggedOutPages/HomeLoggedOut/SubmitVinArrow_Button' is clicked on

2018-06-05 12:08:09 - [TEST_STEP][PASSED] - waitForElementVisible: Object 'Object Repository/LoggedInPages/Order (react)/instaVINProducts_Label' is visible

2018-06-05 12:08:09 - [MESSAGE][WARNING] - Timeout '0' is invalid. Using default page load timeout: '30'

2018-06-05 12:08:09 - [MESSAGE][PASSED] - Object 'Object Repository/LoggedInPages/Order (react)/instaVINProducts_Label' is visible

2018-06-05 12:08:09 - [TEST_STEP][PASSED] - verifyElementPresent: Object 'Object Repository/LoggedInPages/Order (react)/SignIn_MenuLabel' is present

2018-06-05 12:08:09 - [MESSAGE][WARNING] - Timeout '0' is invalid. Using default page load timeout: '30'

2018-06-05 12:08:09 - [MESSAGE][PASSED] - Object 'Object Repository/LoggedInPages/Order (react)/SignIn_MenuLabel' is present

2018-06-05 12:08:09 - [TEST_STEP][PASSED] - verifyElementNotPresent: Web element with id: 'Object Repository/LoggedInPages/Order (react)/ChangeVIN_Cross' located by 'By.xpath: //div[@class='CloseButton']' is not present after '30' second(s)

2018-06-05 12:08:09 - [MESSAGE][WARNING] - Timeout '0' is invalid. Using default page load timeout: '30'

2018-06-05 12:08:09 - [MESSAGE][PASSED] - Web element with id: 'Object Repository/LoggedInPages/Order (react)/ChangeVIN_Cross' located by 'By.xpath: //div[@class='CloseButton']' is not present after '30' second(s)

2018-06-05 12:08:09 - [TEST_STEP][PASSED] - verifyElementText: Actual text and expected text of test object 'Object Repository/LoggedInPages/Order (react)/RecordsAreAvailable_Alert' are matched.

2018-06-05 12:08:09 - [MESSAGE][PASSED] - Actual text and expected text of test object 'Object Repository/LoggedInPages/Order (react)/RecordsAreAvailable_Alert' are matched.

2018-06-05 12:08:09 - [TEST_STEP][PASSED] - verifyElementNotPresent: Web element with id: 'Object Repository/LoggedInPages/Order (react)/VINdisplayed' located by 'By.xpath: //span[@id='VehicleSummary_Vin']' is not present after '30' second(s)

2018-06-05 12:08:09 - [MESSAGE][WARNING] - Timeout '0' is invalid. Using default page load timeout: '30'

2018-06-05 12:08:09 - [MESSAGE][PASSED] - Web element with id: 'Object Repository/LoggedInPages/Order (react)/VINdisplayed' located by 'By.xpath: //span[@id='VehicleSummary_Vin']' is not present after '30' second(s)

2018-06-05 12:08:09 - [TEST_STEP][PASSED] - verifyElementVisible: Object 'Object Repository/LoggedInPages/Order (react)/VINCheckForm_EnterVINInput' is visible

2018-06-05 12:08:09 - [MESSAGE][PASSED] - Object 'Object Repository/LoggedInPages/Order (react)/VINCheckForm_EnterVINInput' is visible

2018-06-05 12:08:09 - [TEST_STEP][PASSED] - verifyElementAttributeValue: Object 'Object Repository/LoggedInPages/Order (react)/VINCheckForm_EnterVINInput' has attribute 'value' with value ''

2018-06-05 12:08:09 - [MESSAGE][WARNING] - Timeout '0' is invalid. Using default page load timeout: '30'

2018-06-05 12:08:09 - [MESSAGE][PASSED] - Object 'Object Repository/LoggedInPages/Order (react)/VINCheckForm_EnterVINInput' has attribute 'value' with value ''

2018-06-05 12:08:09 - [TEST_STEP][PASSED] - verifyElementNotPresent: Web element with id: 'Object Repository/LoggedInPages/Order (react)/OrderNow_OrangeButton' located by 'By.xpath: //button[@class='btn btn-default HasRightIcon orderButtonSmall']' is not present after '30' second(s)

2018-06-05 12:08:09 - [MESSAGE][WARNING] - Timeout '0' is invalid. Using default page load timeout: '30'

2018-06-05 12:08:09 - [MESSAGE][PASSED] - Web element with id: 'Object Repository/LoggedInPages/Order (react)/OrderNow_OrangeButton' located by 'By.xpath: //button[@class='btn btn-default HasRightIcon orderButtonSmall']' is not present after '30' second(s)

2018-06-05 12:08:09 - [TEST_STEP][PASSED] - closeBrowser: Browser is closed

2018-06-05 12:08:10 - [MESSAGE][PASSED] - Browser is closed]]></system-out>
         <system-err><![CDATA[]]></system-err>
      </testcase>
      <testcase name="Test Cases/CheckVINfromHome - NoSticker" classname="Test Cases/CheckVINfromHome - NoSticker" status="PASSED">
         <system-out><![CDATA[2018-06-05 12:08:10 - [TEST_CASE][PASSED] - Test Cases/CheckVINfromHome - NoSticker: Test Cases/CheckVINfromHome - NoSticker

2018-06-05 12:08:11 - [TEST_STEP][PASSED] - openBrowser: Browser is opened with url: ''

2018-06-05 12:08:13 - [MESSAGE][PASSED] - Browser is opened with url: ''

2018-06-05 12:08:13 - [TEST_STEP][PASSED] - maximizeWindow: Current window maximized

2018-06-05 12:08:14 - [MESSAGE][PASSED] - Current window maximized

2018-06-05 12:08:14 - [TEST_STEP][PASSED] - navigateToUrl: Navigate to 'https://dev-front.instavin.com/' successfully

2018-06-05 12:08:17 - [MESSAGE][PASSED] - Navigate to 'https://dev-front.instavin.com/' successfully

2018-06-05 12:08:17 - [TEST_STEP][PASSED] - verifyElementPresent: Object 'Object Repository/LoggedOutPages/CommonElements/SignIn_Label' is present

2018-06-05 12:08:17 - [MESSAGE][WARNING] - Timeout '0' is invalid. Using default page load timeout: '30'

2018-06-05 12:08:17 - [MESSAGE][PASSED] - Object 'Object Repository/LoggedOutPages/CommonElements/SignIn_Label' is present

2018-06-05 12:08:17 - [TEST_STEP][PASSED] - verifyElementPresent: Object 'Object Repository/LoggedOutPages/HomeLoggedOut/EnterVIN_input' is present

2018-06-05 12:08:17 - [MESSAGE][WARNING] - Timeout '0' is invalid. Using default page load timeout: '30'

2018-06-05 12:08:17 - [MESSAGE][PASSED] - Object 'Object Repository/LoggedOutPages/HomeLoggedOut/EnterVIN_input' is present

2018-06-05 12:08:17 - [TEST_STEP][PASSED] - verifyElementAttributeValue: Object 'Object Repository/LoggedOutPages/HomeLoggedOut/EnterVIN_input' has attribute 'placeholder' with value 'ENTER VIN NUMBER'

2018-06-05 12:08:17 - [MESSAGE][WARNING] - Timeout '0' is invalid. Using default page load timeout: '30'

2018-06-05 12:08:17 - [MESSAGE][PASSED] - Object 'Object Repository/LoggedOutPages/HomeLoggedOut/EnterVIN_input' has attribute 'placeholder' with value 'ENTER VIN NUMBER'

2018-06-05 12:08:17 - [TEST_STEP][PASSED] - setText: Text 'JF1SF63591H766643' is set on object 'Object Repository/LoggedOutPages/HomeLoggedOut/EnterVIN_input'

2018-06-05 12:08:17 - [MESSAGE][PASSED] - Text 'JF1SF63591H766643' is set on object 'Object Repository/LoggedOutPages/HomeLoggedOut/EnterVIN_input'

2018-06-05 12:08:17 - [TEST_STEP][PASSED] - click: Object: 'Object Repository/LoggedOutPages/HomeLoggedOut/SubmitVinArrow_Button' is clicked on

2018-06-05 12:08:18 - [MESSAGE][PASSED] - Object: 'Object Repository/LoggedOutPages/HomeLoggedOut/SubmitVinArrow_Button' is clicked on

2018-06-05 12:08:18 - [TEST_STEP][PASSED] - waitForElementVisible: Object 'Object Repository/LoggedInPages/Order (react)/instaVINProducts_Label' is visible

2018-06-05 12:08:18 - [MESSAGE][WARNING] - Timeout '0' is invalid. Using default page load timeout: '30'

2018-06-05 12:08:18 - [MESSAGE][PASSED] - Object 'Object Repository/LoggedInPages/Order (react)/instaVINProducts_Label' is visible

2018-06-05 12:08:18 - [TEST_STEP][PASSED] - verifyElementVisible: Object 'Object Repository/LoggedInPages/Order (react)/ChangeVIN_Cross' is visible

2018-06-05 12:08:18 - [MESSAGE][PASSED] - Object 'Object Repository/LoggedInPages/Order (react)/ChangeVIN_Cross' is visible

2018-06-05 12:08:18 - [TEST_STEP][PASSED] - verifyElementPresent: Object 'Object Repository/LoggedInPages/Order (react)/SignIn_MenuLabel' is present

2018-06-05 12:08:18 - [MESSAGE][WARNING] - Timeout '0' is invalid. Using default page load timeout: '30'

2018-06-05 12:08:18 - [MESSAGE][PASSED] - Object 'Object Repository/LoggedInPages/Order (react)/SignIn_MenuLabel' is present

2018-06-05 12:08:18 - [TEST_STEP][PASSED] - verifyElementVisible: Object 'Object Repository/LoggedInPages/Order (react)/RecordsAreAvailable_Alert' is visible

2018-06-05 12:08:18 - [MESSAGE][PASSED] - Object 'Object Repository/LoggedInPages/Order (react)/RecordsAreAvailable_Alert' is visible

2018-06-05 12:08:18 - [TEST_STEP][PASSED] - verifyElementText: Actual text and expected text of test object 'Object Repository/LoggedInPages/Order (react)/RecordsAreAvailable_Alert' are matched.

2018-06-05 12:08:18 - [MESSAGE][PASSED] - Actual text and expected text of test object 'Object Repository/LoggedInPages/Order (react)/RecordsAreAvailable_Alert' are matched.

2018-06-05 12:08:18 - [TEST_STEP][PASSED] - verifyElementVisible: Object 'Object Repository/LoggedInPages/Order (react)/VINdisplayed' is visible

2018-06-05 12:08:18 - [MESSAGE][PASSED] - Object 'Object Repository/LoggedInPages/Order (react)/VINdisplayed' is visible

2018-06-05 12:08:18 - [TEST_STEP][PASSED] - verifyElementText: Actual text and expected text of test object 'Object Repository/LoggedInPages/Order (react)/VINdisplayed' are matched.

2018-06-05 12:08:18 - [MESSAGE][PASSED] - Actual text and expected text of test object 'Object Repository/LoggedInPages/Order (react)/VINdisplayed' are matched.

2018-06-05 12:08:18 - [TEST_STEP][PASSED] - verifyElementPresent: Object 'Object Repository/LoggedInPages/Order (react)/OrderNow_OrangeButton' is present

2018-06-05 12:08:19 - [MESSAGE][WARNING] - Timeout '0' is invalid. Using default page load timeout: '30'

2018-06-05 12:08:19 - [MESSAGE][PASSED] - Object 'Object Repository/LoggedInPages/Order (react)/OrderNow_OrangeButton' is present

2018-06-05 12:08:19 - [TEST_STEP][PASSED] - closeBrowser: Browser is closed

2018-06-05 12:08:19 - [MESSAGE][PASSED] - Browser is closed]]></system-out>
         <system-err><![CDATA[]]></system-err>
      </testcase>
      <testcase name="Test Cases/CheckVINfromHome - ShortVINwith9Digits" classname="Test Cases/CheckVINfromHome - ShortVINwith9Digits" status="PASSED">
         <system-out><![CDATA[2018-06-05 12:08:19 - [TEST_CASE][PASSED] - Test Cases/CheckVINfromHome - ShortVINwith9Digits: Test Cases/CheckVINfromHome - ShortVINwith9Digits

2018-06-05 12:08:19 - [TEST_STEP][PASSED] - openBrowser: Browser is opened with url: ''

2018-06-05 12:08:22 - [MESSAGE][PASSED] - Browser is opened with url: ''

2018-06-05 12:08:22 - [TEST_STEP][PASSED] - maximizeWindow: Current window maximized

2018-06-05 12:08:23 - [MESSAGE][PASSED] - Current window maximized

2018-06-05 12:08:23 - [TEST_STEP][PASSED] - navigateToUrl: Navigate to 'https://dev-front.instavin.com/' successfully

2018-06-05 12:08:25 - [MESSAGE][PASSED] - Navigate to 'https://dev-front.instavin.com/' successfully

2018-06-05 12:08:25 - [TEST_STEP][PASSED] - verifyElementPresent: Object 'Object Repository/LoggedOutPages/CommonElements/SignIn_Label' is present

2018-06-05 12:08:25 - [MESSAGE][WARNING] - Timeout '0' is invalid. Using default page load timeout: '30'

2018-06-05 12:08:25 - [MESSAGE][PASSED] - Object 'Object Repository/LoggedOutPages/CommonElements/SignIn_Label' is present

2018-06-05 12:08:25 - [TEST_STEP][PASSED] - verifyElementPresent: Object 'Object Repository/LoggedOutPages/HomeLoggedOut/EnterVIN_input' is present

2018-06-05 12:08:25 - [MESSAGE][WARNING] - Timeout '0' is invalid. Using default page load timeout: '30'

2018-06-05 12:08:25 - [MESSAGE][PASSED] - Object 'Object Repository/LoggedOutPages/HomeLoggedOut/EnterVIN_input' is present

2018-06-05 12:08:25 - [TEST_STEP][PASSED] - verifyElementAttributeValue: Object 'Object Repository/LoggedOutPages/HomeLoggedOut/EnterVIN_input' has attribute 'placeholder' with value 'ENTER VIN NUMBER'

2018-06-05 12:08:25 - [MESSAGE][WARNING] - Timeout '0' is invalid. Using default page load timeout: '30'

2018-06-05 12:08:25 - [MESSAGE][PASSED] - Object 'Object Repository/LoggedOutPages/HomeLoggedOut/EnterVIN_input' has attribute 'placeholder' with value 'ENTER VIN NUMBER'

2018-06-05 12:08:25 - [TEST_STEP][PASSED] - setText: Text '7J1012752' is set on object 'Object Repository/LoggedOutPages/HomeLoggedOut/EnterVIN_input'

2018-06-05 12:08:26 - [MESSAGE][PASSED] - Text '7J1012752' is set on object 'Object Repository/LoggedOutPages/HomeLoggedOut/EnterVIN_input'

2018-06-05 12:08:26 - [TEST_STEP][PASSED] - click: Object: 'Object Repository/LoggedOutPages/HomeLoggedOut/SubmitVinArrow_Button' is clicked on

2018-06-05 12:08:26 - [MESSAGE][PASSED] - Object: 'Object Repository/LoggedOutPages/HomeLoggedOut/SubmitVinArrow_Button' is clicked on

2018-06-05 12:08:26 - [TEST_STEP][PASSED] - waitForElementVisible: Object 'Object Repository/LoggedInPages/Order (react)/instaVINProducts_Label' is visible

2018-06-05 12:08:26 - [MESSAGE][WARNING] - Timeout '0' is invalid. Using default page load timeout: '30'

2018-06-05 12:08:26 - [MESSAGE][PASSED] - Object 'Object Repository/LoggedInPages/Order (react)/instaVINProducts_Label' is visible

2018-06-05 12:08:26 - [TEST_STEP][PASSED] - verifyElementNotPresent: Web element with id: 'Object Repository/LoggedInPages/Order (react)/ChangeVIN_Cross' located by 'By.xpath: //div[@class='CloseButton']' is not present after '30' second(s)

2018-06-05 12:08:27 - [MESSAGE][WARNING] - Timeout '0' is invalid. Using default page load timeout: '30'

2018-06-05 12:08:27 - [MESSAGE][PASSED] - Web element with id: 'Object Repository/LoggedInPages/Order (react)/ChangeVIN_Cross' located by 'By.xpath: //div[@class='CloseButton']' is not present after '30' second(s)

2018-06-05 12:08:27 - [TEST_STEP][PASSED] - verifyElementPresent: Object 'Object Repository/LoggedInPages/Order (react)/SignIn_MenuLabel' is present

2018-06-05 12:08:27 - [MESSAGE][WARNING] - Timeout '0' is invalid. Using default page load timeout: '30'

2018-06-05 12:08:27 - [MESSAGE][PASSED] - Object 'Object Repository/LoggedInPages/Order (react)/SignIn_MenuLabel' is present

2018-06-05 12:08:27 - [TEST_STEP][PASSED] - verifyElementVisible: Object 'Object Repository/LoggedInPages/Order (react)/RecordsAreAvailable_Alert' is visible

2018-06-05 12:08:27 - [MESSAGE][PASSED] - Object 'Object Repository/LoggedInPages/Order (react)/RecordsAreAvailable_Alert' is visible

2018-06-05 12:08:27 - [TEST_STEP][PASSED] - verifyElementText: Actual text and expected text of test object 'Object Repository/LoggedInPages/Order (react)/RecordsAreAvailable_Alert' are matched.

2018-06-05 12:08:27 - [MESSAGE][PASSED] - Actual text and expected text of test object 'Object Repository/LoggedInPages/Order (react)/RecordsAreAvailable_Alert' are matched.

2018-06-05 12:08:27 - [TEST_STEP][PASSED] - verifyElementNotPresent: Web element with id: 'Object Repository/LoggedInPages/Order (react)/VINdisplayed' located by 'By.xpath: //span[@id='VehicleSummary_Vin']' is not present after '30' second(s)

2018-06-05 12:08:27 - [MESSAGE][WARNING] - Timeout '0' is invalid. Using default page load timeout: '30'

2018-06-05 12:08:27 - [MESSAGE][PASSED] - Web element with id: 'Object Repository/LoggedInPages/Order (react)/VINdisplayed' located by 'By.xpath: //span[@id='VehicleSummary_Vin']' is not present after '30' second(s)

2018-06-05 12:08:27 - [TEST_STEP][PASSED] - verifyElementVisible: Object 'Object Repository/LoggedInPages/Order (react)/VINCheckForm_EnterVINInput' is visible

2018-06-05 12:08:27 - [MESSAGE][PASSED] - Object 'Object Repository/LoggedInPages/Order (react)/VINCheckForm_EnterVINInput' is visible

2018-06-05 12:08:27 - [TEST_STEP][PASSED] - verifyElementAttributeValue: Object 'Object Repository/LoggedInPages/Order (react)/VINCheckForm_EnterVINInput' has attribute 'value' with value '7J1012752'

2018-06-05 12:08:27 - [MESSAGE][WARNING] - Timeout '0' is invalid. Using default page load timeout: '30'

2018-06-05 12:08:27 - [MESSAGE][PASSED] - Object 'Object Repository/LoggedInPages/Order (react)/VINCheckForm_EnterVINInput' has attribute 'value' with value '7J1012752'

2018-06-05 12:08:27 - [TEST_STEP][PASSED] - verifyElementPresent: Object 'Object Repository/LoggedInPages/Order (react)/OrderNow_OrangeButton' is present

2018-06-05 12:08:27 - [MESSAGE][WARNING] - Timeout '0' is invalid. Using default page load timeout: '30'

2018-06-05 12:08:27 - [MESSAGE][PASSED] - Object 'Object Repository/LoggedInPages/Order (react)/OrderNow_OrangeButton' is present

2018-06-05 12:08:27 - [TEST_STEP][PASSED] - closeBrowser: Browser is closed

2018-06-05 12:08:28 - [MESSAGE][PASSED] - Browser is closed]]></system-out>
         <system-err><![CDATA[]]></system-err>
      </testcase>
      <testcase name="Test Cases/CheckVINfromHome - Success" classname="Test Cases/CheckVINfromHome - Success" status="PASSED">
         <system-out><![CDATA[2018-06-05 12:08:28 - [TEST_CASE][PASSED] - Test Cases/CheckVINfromHome - Success: Test Cases/CheckVINfromHome - Success

2018-06-05 12:08:28 - [TEST_STEP][PASSED] - openBrowser: Browser is opened with url: ''

2018-06-05 12:08:30 - [MESSAGE][PASSED] - Browser is opened with url: ''

2018-06-05 12:08:30 - [TEST_STEP][PASSED] - maximizeWindow: Current window maximized

2018-06-05 12:08:31 - [MESSAGE][PASSED] - Current window maximized

2018-06-05 12:08:31 - [TEST_STEP][PASSED] - navigateToUrl: Navigate to 'https://dev-front.instavin.com/' successfully

2018-06-05 12:08:34 - [MESSAGE][PASSED] - Navigate to 'https://dev-front.instavin.com/' successfully

2018-06-05 12:08:34 - [TEST_STEP][PASSED] - verifyElementPresent: Object 'Object Repository/LoggedOutPages/CommonElements/SignIn_Label' is present

2018-06-05 12:08:34 - [MESSAGE][WARNING] - Timeout '0' is invalid. Using default page load timeout: '30'

2018-06-05 12:08:34 - [MESSAGE][PASSED] - Object 'Object Repository/LoggedOutPages/CommonElements/SignIn_Label' is present

2018-06-05 12:08:34 - [TEST_STEP][PASSED] - verifyElementPresent: Object 'Object Repository/LoggedOutPages/HomeLoggedOut/EnterVIN_input' is present

2018-06-05 12:08:34 - [MESSAGE][WARNING] - Timeout '0' is invalid. Using default page load timeout: '30'

2018-06-05 12:08:34 - [MESSAGE][PASSED] - Object 'Object Repository/LoggedOutPages/HomeLoggedOut/EnterVIN_input' is present

2018-06-05 12:08:34 - [TEST_STEP][PASSED] - verifyElementAttributeValue: Object 'Object Repository/LoggedOutPages/HomeLoggedOut/EnterVIN_input' has attribute 'placeholder' with value 'ENTER VIN NUMBER'

2018-06-05 12:08:34 - [MESSAGE][WARNING] - Timeout '0' is invalid. Using default page load timeout: '30'

2018-06-05 12:08:34 - [MESSAGE][PASSED] - Object 'Object Repository/LoggedOutPages/HomeLoggedOut/EnterVIN_input' has attribute 'placeholder' with value 'ENTER VIN NUMBER'

2018-06-05 12:08:34 - [TEST_STEP][PASSED] - setText: Text '5UXKR0C52F0P15679' is set on object 'Object Repository/LoggedOutPages/HomeLoggedOut/EnterVIN_input'

2018-06-05 12:08:34 - [MESSAGE][PASSED] - Text '5UXKR0C52F0P15679' is set on object 'Object Repository/LoggedOutPages/HomeLoggedOut/EnterVIN_input'

2018-06-05 12:08:34 - [TEST_STEP][PASSED] - click: Object: 'Object Repository/LoggedOutPages/HomeLoggedOut/SubmitVinArrow_Button' is clicked on

2018-06-05 12:08:35 - [MESSAGE][PASSED] - Object: 'Object Repository/LoggedOutPages/HomeLoggedOut/SubmitVinArrow_Button' is clicked on

2018-06-05 12:08:35 - [TEST_STEP][PASSED] - waitForElementVisible: Object 'Object Repository/LoggedInPages/Order (react)/instaVINProducts_Label' is visible

2018-06-05 12:08:35 - [MESSAGE][WARNING] - Timeout '0' is invalid. Using default page load timeout: '30'

2018-06-05 12:08:35 - [MESSAGE][PASSED] - Object 'Object Repository/LoggedInPages/Order (react)/instaVINProducts_Label' is visible

2018-06-05 12:08:35 - [TEST_STEP][PASSED] - verifyElementVisible: Object 'Object Repository/LoggedInPages/Order (react)/ChangeVIN_Cross' is visible

2018-06-05 12:08:35 - [MESSAGE][PASSED] - Object 'Object Repository/LoggedInPages/Order (react)/ChangeVIN_Cross' is visible

2018-06-05 12:08:35 - [TEST_STEP][PASSED] - verifyElementPresent: Object 'Object Repository/LoggedInPages/Order (react)/SignIn_MenuLabel' is present

2018-06-05 12:08:35 - [MESSAGE][WARNING] - Timeout '0' is invalid. Using default page load timeout: '30'

2018-06-05 12:08:35 - [MESSAGE][PASSED] - Object 'Object Repository/LoggedInPages/Order (react)/SignIn_MenuLabel' is present

2018-06-05 12:08:35 - [TEST_STEP][PASSED] - verifyElementPresent: Object 'Object Repository/LoggedInPages/Order (react)/RecordsAreAvailable_Alert' is present

2018-06-05 12:08:35 - [MESSAGE][WARNING] - Timeout '0' is invalid. Using default page load timeout: '30'

2018-06-05 12:08:35 - [MESSAGE][PASSED] - Object 'Object Repository/LoggedInPages/Order (react)/RecordsAreAvailable_Alert' is present

2018-06-05 12:08:35 - [TEST_STEP][PASSED] - verifyElementText: Actual text and expected text of test object 'Object Repository/LoggedInPages/Order (react)/RecordsAreAvailable_Alert' are matched.

2018-06-05 12:08:35 - [MESSAGE][PASSED] - Actual text and expected text of test object 'Object Repository/LoggedInPages/Order (react)/RecordsAreAvailable_Alert' are matched.

2018-06-05 12:08:35 - [TEST_STEP][PASSED] - verifyElementVisible: Object 'Object Repository/LoggedInPages/Order (react)/VINdisplayed' is visible

2018-06-05 12:08:35 - [MESSAGE][PASSED] - Object 'Object Repository/LoggedInPages/Order (react)/VINdisplayed' is visible

2018-06-05 12:08:35 - [TEST_STEP][PASSED] - verifyElementText: Actual text and expected text of test object 'Object Repository/LoggedInPages/Order (react)/VINdisplayed' are matched.

2018-06-05 12:08:35 - [MESSAGE][PASSED] - Actual text and expected text of test object 'Object Repository/LoggedInPages/Order (react)/VINdisplayed' are matched.

2018-06-05 12:08:35 - [TEST_STEP][PASSED] - verifyElementPresent: Object 'Object Repository/LoggedInPages/Order (react)/OrderNow_OrangeButton' is present

2018-06-05 12:08:36 - [MESSAGE][WARNING] - Timeout '0' is invalid. Using default page load timeout: '30'

2018-06-05 12:08:36 - [MESSAGE][PASSED] - Object 'Object Repository/LoggedInPages/Order (react)/OrderNow_OrangeButton' is present

2018-06-05 12:08:36 - [TEST_STEP][PASSED] - closeBrowser: Browser is closed

2018-06-05 12:08:36 - [MESSAGE][PASSED] - Browser is closed]]></system-out>
         <system-err><![CDATA[]]></system-err>
      </testcase>
      <testcase name="Test Cases/SignUpConsumer - EmptyFields" classname="Test Cases/SignUpConsumer - EmptyFields" status="PASSED">
         <system-out><![CDATA[2018-06-05 12:08:36 - [TEST_CASE][PASSED] - Test Cases/SignUpConsumer - EmptyFields: Test Cases/SignUpConsumer - EmptyFields

2018-06-05 12:08:37 - [TEST_STEP][PASSED] - openBrowser: Browser is opened with url: ''

2018-06-05 12:08:39 - [MESSAGE][PASSED] - Browser is opened with url: ''

2018-06-05 12:08:39 - [TEST_STEP][PASSED] - maximizeWindow: Current window maximized

2018-06-05 12:08:40 - [MESSAGE][PASSED] - Current window maximized

2018-06-05 12:08:40 - [TEST_STEP][PASSED] - Statement - StartURL = com.kms.katalon.core.webui.keyword.WebUiBuiltInKeywords.concatenate([StagingReact, "create-account"]): Concatenated string array: '['https://dev-front.instavin.com/','create-account']' into 'https://dev-front.instavin.com/create-account'

2018-06-05 12:08:40 - [MESSAGE][PASSED] - Concatenated string array: '['https://dev-front.instavin.com/','create-account']' into 'https://dev-front.instavin.com/create-account'

2018-06-05 12:08:40 - [TEST_STEP][PASSED] - navigateToUrl: Navigate to 'https://dev-front.instavin.com/create-account' successfully

2018-06-05 12:08:43 - [MESSAGE][PASSED] - Navigate to 'https://dev-front.instavin.com/create-account' successfully

2018-06-05 12:08:43 - [TEST_STEP][PASSED] - verifyElementText: Actual text and expected text of test object 'Object Repository/LoggedOutPages/CreateAccount/Copy_Label' are matched.

2018-06-05 12:08:43 - [MESSAGE][PASSED] - Actual text and expected text of test object 'Object Repository/LoggedOutPages/CreateAccount/Copy_Label' are matched.

2018-06-05 12:08:43 - [TEST_STEP][PASSED] - verifyTextPresent: Text 'Buyer Information' is present on page 

2018-06-05 12:08:43 - [MESSAGE][PASSED] - Text 'Buyer Information' is present on page 

2018-06-05 12:08:43 - [TEST_STEP][PASSED] - verifyElementText: Actual text and expected text of test object 'Object Repository/LoggedOutPages/CreateAccount/Name_Label' are matched.

2018-06-05 12:08:43 - [MESSAGE][PASSED] - Actual text and expected text of test object 'Object Repository/LoggedOutPages/CreateAccount/Name_Label' are matched.

2018-06-05 12:08:43 - [TEST_STEP][PASSED] - verifyElementText: Actual text and expected text of test object 'Object Repository/LoggedOutPages/CreateAccount/Address_Label' are matched.

2018-06-05 12:08:43 - [MESSAGE][PASSED] - Actual text and expected text of test object 'Object Repository/LoggedOutPages/CreateAccount/Address_Label' are matched.

2018-06-05 12:08:43 - [TEST_STEP][PASSED] - click: Object: 'Object Repository/LoggedOutPages/CreateAccount/Submit_button' is clicked on

2018-06-05 12:08:44 - [MESSAGE][PASSED] - Object: 'Object Repository/LoggedOutPages/CreateAccount/Submit_button' is clicked on

2018-06-05 12:08:44 - [TEST_STEP][PASSED] - verifyElementPresent: Object 'Object Repository/LoggedOutPages/CreateAccount/FirstName_ErrorMessage' is present

2018-06-05 12:08:44 - [MESSAGE][WARNING] - Timeout '0' is invalid. Using default page load timeout: '30'

2018-06-05 12:08:44 - [MESSAGE][PASSED] - Object 'Object Repository/LoggedOutPages/CreateAccount/FirstName_ErrorMessage' is present

2018-06-05 12:08:44 - [TEST_STEP][PASSED] - verifyElementText: Actual text and expected text of test object 'Object Repository/LoggedOutPages/CreateAccount/FirstName_ErrorMessage' are matched.

2018-06-05 12:08:44 - [MESSAGE][PASSED] - Actual text and expected text of test object 'Object Repository/LoggedOutPages/CreateAccount/FirstName_ErrorMessage' are matched.

2018-06-05 12:08:44 - [TEST_STEP][PASSED] - verifyElementPresent: Object 'Object Repository/LoggedOutPages/CreateAccount/LastName_ErrorMessage' is present

2018-06-05 12:08:44 - [MESSAGE][WARNING] - Timeout '0' is invalid. Using default page load timeout: '30'

2018-06-05 12:08:44 - [MESSAGE][PASSED] - Object 'Object Repository/LoggedOutPages/CreateAccount/LastName_ErrorMessage' is present

2018-06-05 12:08:44 - [TEST_STEP][PASSED] - verifyElementText: Actual text and expected text of test object 'Object Repository/LoggedOutPages/CreateAccount/LastName_ErrorMessage' are matched.

2018-06-05 12:08:44 - [MESSAGE][PASSED] - Actual text and expected text of test object 'Object Repository/LoggedOutPages/CreateAccount/LastName_ErrorMessage' are matched.

2018-06-05 12:08:44 - [TEST_STEP][PASSED] - verifyElementPresent: Object 'Object Repository/LoggedOutPages/CreateAccount/Address_ErrorMessage' is present

2018-06-05 12:08:44 - [MESSAGE][WARNING] - Timeout '0' is invalid. Using default page load timeout: '30'

2018-06-05 12:08:44 - [MESSAGE][PASSED] - Object 'Object Repository/LoggedOutPages/CreateAccount/Address_ErrorMessage' is present

2018-06-05 12:08:44 - [TEST_STEP][PASSED] - verifyElementText: Actual text and expected text of test object 'Object Repository/LoggedOutPages/CreateAccount/Address_ErrorMessage' are matched.

2018-06-05 12:08:44 - [MESSAGE][PASSED] - Actual text and expected text of test object 'Object Repository/LoggedOutPages/CreateAccount/Address_ErrorMessage' are matched.

2018-06-05 12:08:44 - [TEST_STEP][PASSED] - verifyElementPresent: Object 'Object Repository/LoggedOutPages/CreateAccount/City_ErrorMessage' is present

2018-06-05 12:08:44 - [MESSAGE][WARNING] - Timeout '0' is invalid. Using default page load timeout: '30'

2018-06-05 12:08:44 - [MESSAGE][PASSED] - Object 'Object Repository/LoggedOutPages/CreateAccount/City_ErrorMessage' is present

2018-06-05 12:08:44 - [TEST_STEP][PASSED] - verifyElementText: Actual text and expected text of test object 'Object Repository/LoggedOutPages/CreateAccount/City_ErrorMessage' are matched.

2018-06-05 12:08:44 - [MESSAGE][PASSED] - Actual text and expected text of test object 'Object Repository/LoggedOutPages/CreateAccount/City_ErrorMessage' are matched.

2018-06-05 12:08:44 - [TEST_STEP][PASSED] - verifyElementPresent: Object 'Object Repository/LoggedOutPages/CreateAccount/State_ErrorMessage' is present

2018-06-05 12:08:44 - [MESSAGE][WARNING] - Timeout '0' is invalid. Using default page load timeout: '30'

2018-06-05 12:08:44 - [MESSAGE][PASSED] - Object 'Object Repository/LoggedOutPages/CreateAccount/State_ErrorMessage' is present

2018-06-05 12:08:45 - [TEST_STEP][PASSED] - verifyElementText: Actual text and expected text of test object 'Object Repository/LoggedOutPages/CreateAccount/State_ErrorMessage' are matched.

2018-06-05 12:08:45 - [MESSAGE][PASSED] - Actual text and expected text of test object 'Object Repository/LoggedOutPages/CreateAccount/State_ErrorMessage' are matched.

2018-06-05 12:08:45 - [TEST_STEP][PASSED] - verifyElementPresent: Object 'Object Repository/LoggedOutPages/CreateAccount/Zip_ErrorMessage' is present

2018-06-05 12:08:45 - [MESSAGE][WARNING] - Timeout '0' is invalid. Using default page load timeout: '30'

2018-06-05 12:08:45 - [MESSAGE][PASSED] - Object 'Object Repository/LoggedOutPages/CreateAccount/Zip_ErrorMessage' is present

2018-06-05 12:08:45 - [TEST_STEP][PASSED] - verifyElementText: Actual text and expected text of test object 'Object Repository/LoggedOutPages/CreateAccount/Zip_ErrorMessage' are matched.

2018-06-05 12:08:45 - [MESSAGE][PASSED] - Actual text and expected text of test object 'Object Repository/LoggedOutPages/CreateAccount/Zip_ErrorMessage' are matched.

2018-06-05 12:08:45 - [TEST_STEP][PASSED] - verifyElementPresent: Object 'Object Repository/LoggedOutPages/CreateAccount/Phone_ErrorMessage' is present

2018-06-05 12:08:45 - [MESSAGE][WARNING] - Timeout '0' is invalid. Using default page load timeout: '30'

2018-06-05 12:08:45 - [MESSAGE][PASSED] - Object 'Object Repository/LoggedOutPages/CreateAccount/Phone_ErrorMessage' is present

2018-06-05 12:08:45 - [TEST_STEP][PASSED] - verifyElementText: Actual text and expected text of test object 'Object Repository/LoggedOutPages/CreateAccount/Phone_ErrorMessage' are matched.

2018-06-05 12:08:45 - [MESSAGE][PASSED] - Actual text and expected text of test object 'Object Repository/LoggedOutPages/CreateAccount/Phone_ErrorMessage' are matched.

2018-06-05 12:08:45 - [TEST_STEP][PASSED] - verifyElementPresent: Object 'Object Repository/LoggedOutPages/CreateAccount/BillingFirstName_ErrorMessage' is present

2018-06-05 12:08:45 - [MESSAGE][WARNING] - Timeout '0' is invalid. Using default page load timeout: '30'

2018-06-05 12:08:45 - [MESSAGE][PASSED] - Object 'Object Repository/LoggedOutPages/CreateAccount/BillingFirstName_ErrorMessage' is present

2018-06-05 12:08:45 - [TEST_STEP][PASSED] - verifyElementText: Actual text and expected text of test object 'Object Repository/LoggedOutPages/CreateAccount/BillingFirstName_ErrorMessage' are matched.

2018-06-05 12:08:46 - [MESSAGE][PASSED] - Actual text and expected text of test object 'Object Repository/LoggedOutPages/CreateAccount/BillingFirstName_ErrorMessage' are matched.

2018-06-05 12:08:46 - [TEST_STEP][PASSED] - verifyElementPresent: Object 'Object Repository/LoggedOutPages/CreateAccount/BillingLastName_ErrorMessage' is present

2018-06-05 12:08:46 - [MESSAGE][WARNING] - Timeout '0' is invalid. Using default page load timeout: '30'

2018-06-05 12:08:46 - [MESSAGE][PASSED] - Object 'Object Repository/LoggedOutPages/CreateAccount/BillingLastName_ErrorMessage' is present

2018-06-05 12:08:46 - [TEST_STEP][PASSED] - verifyElementText: Actual text and expected text of test object 'Object Repository/LoggedOutPages/CreateAccount/BillingLastName_ErrorMessage' are matched.

2018-06-05 12:08:47 - [MESSAGE][PASSED] - Actual text and expected text of test object 'Object Repository/LoggedOutPages/CreateAccount/BillingLastName_ErrorMessage' are matched.

2018-06-05 12:08:47 - [TEST_STEP][PASSED] - verifyElementPresent: Object 'Object Repository/LoggedOutPages/CreateAccount/BillingAddress_ErrorMessage' is present

2018-06-05 12:08:47 - [MESSAGE][WARNING] - Timeout '0' is invalid. Using default page load timeout: '30'

2018-06-05 12:08:47 - [MESSAGE][PASSED] - Object 'Object Repository/LoggedOutPages/CreateAccount/BillingAddress_ErrorMessage' is present

2018-06-05 12:08:47 - [TEST_STEP][PASSED] - verifyElementText: Actual text and expected text of test object 'Object Repository/LoggedOutPages/CreateAccount/BillingAddress_ErrorMessage' are matched.

2018-06-05 12:08:47 - [MESSAGE][PASSED] - Actual text and expected text of test object 'Object Repository/LoggedOutPages/CreateAccount/BillingAddress_ErrorMessage' are matched.

2018-06-05 12:08:47 - [TEST_STEP][PASSED] - verifyElementPresent: Object 'Object Repository/LoggedOutPages/CreateAccount/BillingZip_ErrorMessage' is present

2018-06-05 12:08:47 - [MESSAGE][WARNING] - Timeout '0' is invalid. Using default page load timeout: '30'

2018-06-05 12:08:47 - [MESSAGE][PASSED] - Object 'Object Repository/LoggedOutPages/CreateAccount/BillingZip_ErrorMessage' is present

2018-06-05 12:08:47 - [TEST_STEP][PASSED] - verifyElementText: Actual text and expected text of test object 'Object Repository/LoggedOutPages/CreateAccount/BillingZip_ErrorMessage' are matched.

2018-06-05 12:08:47 - [MESSAGE][PASSED] - Actual text and expected text of test object 'Object Repository/LoggedOutPages/CreateAccount/BillingZip_ErrorMessage' are matched.

2018-06-05 12:08:47 - [TEST_STEP][PASSED] - verifyElementPresent: Object 'Object Repository/LoggedOutPages/CreateAccount/CC_ErrorMessage' is present

2018-06-05 12:08:47 - [MESSAGE][WARNING] - Timeout '0' is invalid. Using default page load timeout: '30'

2018-06-05 12:08:47 - [MESSAGE][PASSED] - Object 'Object Repository/LoggedOutPages/CreateAccount/CC_ErrorMessage' is present

2018-06-05 12:08:47 - [TEST_STEP][PASSED] - verifyElementText: Actual text and expected text of test object 'Object Repository/LoggedOutPages/CreateAccount/CC_ErrorMessage' are matched.

2018-06-05 12:08:47 - [MESSAGE][PASSED] - Actual text and expected text of test object 'Object Repository/LoggedOutPages/CreateAccount/CC_ErrorMessage' are matched.

2018-06-05 12:08:47 - [TEST_STEP][PASSED] - verifyElementPresent: Object 'Object Repository/LoggedOutPages/CreateAccount/ExpirationMonth_ErrorMessage' is present

2018-06-05 12:08:48 - [MESSAGE][WARNING] - Timeout '0' is invalid. Using default page load timeout: '30'

2018-06-05 12:08:48 - [MESSAGE][PASSED] - Object 'Object Repository/LoggedOutPages/CreateAccount/ExpirationMonth_ErrorMessage' is present

2018-06-05 12:08:48 - [TEST_STEP][PASSED] - verifyElementText: Actual text and expected text of test object 'Object Repository/LoggedOutPages/CreateAccount/ExpirationMonth_ErrorMessage' are matched.

2018-06-05 12:08:48 - [MESSAGE][PASSED] - Actual text and expected text of test object 'Object Repository/LoggedOutPages/CreateAccount/ExpirationMonth_ErrorMessage' are matched.

2018-06-05 12:08:48 - [TEST_STEP][PASSED] - verifyElementPresent: Object 'Object Repository/LoggedOutPages/CreateAccount/CVV_ErrorMessage' is present

2018-06-05 12:08:48 - [MESSAGE][WARNING] - Timeout '0' is invalid. Using default page load timeout: '30'

2018-06-05 12:08:48 - [MESSAGE][PASSED] - Object 'Object Repository/LoggedOutPages/CreateAccount/CVV_ErrorMessage' is present

2018-06-05 12:08:48 - [TEST_STEP][PASSED] - verifyElementText: Actual text and expected text of test object 'Object Repository/LoggedOutPages/CreateAccount/CVV_ErrorMessage' are matched.

2018-06-05 12:08:48 - [MESSAGE][PASSED] - Actual text and expected text of test object 'Object Repository/LoggedOutPages/CreateAccount/CVV_ErrorMessage' are matched.

2018-06-05 12:08:48 - [TEST_STEP][PASSED] - verifyElementPresent: Object 'Object Repository/LoggedOutPages/CreateAccount/ExpirationYear_ErrorMessage' is present

2018-06-05 12:08:48 - [MESSAGE][WARNING] - Timeout '0' is invalid. Using default page load timeout: '30'

2018-06-05 12:08:48 - [MESSAGE][PASSED] - Object 'Object Repository/LoggedOutPages/CreateAccount/ExpirationYear_ErrorMessage' is present

2018-06-05 12:08:48 - [TEST_STEP][PASSED] - verifyElementText: Actual text and expected text of test object 'Object Repository/LoggedOutPages/CreateAccount/ExpirationYear_ErrorMessage' are matched.

2018-06-05 12:08:48 - [MESSAGE][PASSED] - Actual text and expected text of test object 'Object Repository/LoggedOutPages/CreateAccount/ExpirationYear_ErrorMessage' are matched.

2018-06-05 12:08:48 - [TEST_STEP][PASSED] - verifyElementPresent: Object 'Object Repository/LoggedOutPages/CreateAccount/Email_ErrorMessage' is present

2018-06-05 12:08:48 - [MESSAGE][WARNING] - Timeout '0' is invalid. Using default page load timeout: '30'

2018-06-05 12:08:48 - [MESSAGE][PASSED] - Object 'Object Repository/LoggedOutPages/CreateAccount/Email_ErrorMessage' is present

2018-06-05 12:08:49 - [TEST_STEP][PASSED] - verifyElementText: Actual text and expected text of test object 'Object Repository/LoggedOutPages/CreateAccount/Email_ErrorMessage' are matched.

2018-06-05 12:08:49 - [MESSAGE][PASSED] - Actual text and expected text of test object 'Object Repository/LoggedOutPages/CreateAccount/Email_ErrorMessage' are matched.

2018-06-05 12:08:49 - [TEST_STEP][PASSED] - verifyElementPresent: Object 'Object Repository/LoggedOutPages/CreateAccount/Password_ErrorMessage' is present

2018-06-05 12:08:49 - [MESSAGE][WARNING] - Timeout '0' is invalid. Using default page load timeout: '30'

2018-06-05 12:08:49 - [MESSAGE][PASSED] - Object 'Object Repository/LoggedOutPages/CreateAccount/Password_ErrorMessage' is present

2018-06-05 12:08:49 - [TEST_STEP][PASSED] - verifyElementText: Actual text and expected text of test object 'Object Repository/LoggedOutPages/CreateAccount/Password_ErrorMessage' are matched.

2018-06-05 12:08:49 - [MESSAGE][PASSED] - Actual text and expected text of test object 'Object Repository/LoggedOutPages/CreateAccount/Password_ErrorMessage' are matched.

2018-06-05 12:08:49 - [TEST_STEP][PASSED] - verifyElementPresent: Object 'Object Repository/LoggedOutPages/CreateAccount/AcceptTOS_ErrorMessage' is present

2018-06-05 12:08:49 - [MESSAGE][WARNING] - Timeout '0' is invalid. Using default page load timeout: '30'

2018-06-05 12:08:50 - [MESSAGE][PASSED] - Object 'Object Repository/LoggedOutPages/CreateAccount/AcceptTOS_ErrorMessage' is present

2018-06-05 12:08:50 - [TEST_STEP][PASSED] - verifyElementText: Actual text and expected text of test object 'Object Repository/LoggedOutPages/CreateAccount/AcceptTOS_ErrorMessage' are matched.

2018-06-05 12:08:50 - [MESSAGE][PASSED] - Actual text and expected text of test object 'Object Repository/LoggedOutPages/CreateAccount/AcceptTOS_ErrorMessage' are matched.

2018-06-05 12:08:50 - [TEST_STEP][PASSED] - closeBrowser: Browser is closed

2018-06-05 12:08:51 - [MESSAGE][PASSED] - Browser is closed]]></system-out>
         <system-err><![CDATA[]]></system-err>
      </testcase>
      <testcase name="Test Cases/SignUpConsumer - IncorrectEmail" classname="Test Cases/SignUpConsumer - IncorrectEmail" status="PASSED">
         <system-out><![CDATA[2018-06-05 12:08:51 - [TEST_CASE][PASSED] - Test Cases/SignUpConsumer - IncorrectEmail: Test Cases/SignUpConsumer - IncorrectEmail

2018-06-05 12:08:51 - [TEST_STEP][PASSED] - openBrowser: Browser is opened with url: ''

2018-06-05 12:08:53 - [MESSAGE][PASSED] - Browser is opened with url: ''

2018-06-05 12:08:53 - [TEST_STEP][PASSED] - maximizeWindow: Current window maximized

2018-06-05 12:08:55 - [MESSAGE][PASSED] - Current window maximized

2018-06-05 12:08:55 - [TEST_STEP][PASSED] - Statement - StartURL = com.kms.katalon.core.webui.keyword.WebUiBuiltInKeywords.concatenate([StagingReact, "create-account"]): Concatenated string array: '['https://dev-front.instavin.com/','create-account']' into 'https://dev-front.instavin.com/create-account'

2018-06-05 12:08:55 - [MESSAGE][PASSED] - Concatenated string array: '['https://dev-front.instavin.com/','create-account']' into 'https://dev-front.instavin.com/create-account'

2018-06-05 12:08:55 - [TEST_STEP][PASSED] - navigateToUrl: Navigate to 'https://dev-front.instavin.com/create-account' successfully

2018-06-05 12:08:57 - [MESSAGE][PASSED] - Navigate to 'https://dev-front.instavin.com/create-account' successfully

2018-06-05 12:08:57 - [TEST_STEP][PASSED] - verifyElementText: Actual text and expected text of test object 'Object Repository/LoggedOutPages/CreateAccount/Copy_Label' are matched.

2018-06-05 12:08:57 - [MESSAGE][PASSED] - Actual text and expected text of test object 'Object Repository/LoggedOutPages/CreateAccount/Copy_Label' are matched.

2018-06-05 12:08:57 - [TEST_STEP][PASSED] - verifyTextPresent: Text 'Buyer Information' is present on page 

2018-06-05 12:08:58 - [MESSAGE][PASSED] - Text 'Buyer Information' is present on page 

2018-06-05 12:08:58 - [TEST_STEP][PASSED] - Statement - now = new java.util.Date(): null

2018-06-05 12:08:58 - [TEST_STEP][PASSED] - Statement - rnd = now.format("yyyyMMddHHmmssSSS").toString(): null

2018-06-05 12:08:58 - [TEST_STEP][PASSED] - Statement - email = com.kms.katalon.core.webui.keyword.WebUiBuiltInKeywords.concatenate([rnd, "@mailinator.com"]): Concatenated string array: '['20180605120858209','@mailinator.com']' into '20180605120858209@mailinator.com'

2018-06-05 12:08:58 - [MESSAGE][PASSED] - Concatenated string array: '['20180605120858209','@mailinator.com']' into '20180605120858209@mailinator.com'

2018-06-05 12:08:58 - [TEST_STEP][PASSED] - setText: Text '20180605120858209' is set on object 'Object Repository/LoggedOutPages/CreateAccount/Email_Input'

2018-06-05 12:08:58 - [MESSAGE][PASSED] - Text '20180605120858209' is set on object 'Object Repository/LoggedOutPages/CreateAccount/Email_Input'

2018-06-05 12:08:58 - [TEST_STEP][PASSED] - setText: Text 'test' is set on object 'Object Repository/LoggedOutPages/CreateAccount/ConfirmEmail_Input'

2018-06-05 12:08:58 - [MESSAGE][PASSED] - Text 'test' is set on object 'Object Repository/LoggedOutPages/CreateAccount/ConfirmEmail_Input'

2018-06-05 12:08:58 - [TEST_STEP][PASSED] - click: Object: 'Object Repository/LoggedOutPages/CreateAccount/Password_Input' is clicked on

2018-06-05 12:08:58 - [MESSAGE][PASSED] - Object: 'Object Repository/LoggedOutPages/CreateAccount/Password_Input' is clicked on

2018-06-05 12:08:58 - [TEST_STEP][PASSED] - verifyElementPresent: Object 'Object Repository/LoggedOutPages/CreateAccount/Email_ErrorMessage' is present

2018-06-05 12:08:58 - [MESSAGE][WARNING] - Timeout '0' is invalid. Using default page load timeout: '30'

2018-06-05 12:08:58 - [MESSAGE][PASSED] - Object 'Object Repository/LoggedOutPages/CreateAccount/Email_ErrorMessage' is present

2018-06-05 12:08:58 - [TEST_STEP][PASSED] - verifyElementText: Actual text and expected text of test object 'Object Repository/LoggedOutPages/CreateAccount/Email_ErrorMessage' are matched.

2018-06-05 12:08:58 - [MESSAGE][PASSED] - Actual text and expected text of test object 'Object Repository/LoggedOutPages/CreateAccount/Email_ErrorMessage' are matched.

2018-06-05 12:08:58 - [TEST_STEP][PASSED] - verifyElementPresent: Object 'Object Repository/LoggedOutPages/CreateAccount/ConfirmEmail_ErrorMessage' is present

2018-06-05 12:08:58 - [MESSAGE][WARNING] - Timeout '0' is invalid. Using default page load timeout: '30'

2018-06-05 12:08:59 - [MESSAGE][PASSED] - Object 'Object Repository/LoggedOutPages/CreateAccount/ConfirmEmail_ErrorMessage' is present

2018-06-05 12:08:59 - [TEST_STEP][PASSED] - verifyElementText: Actual text and expected text of test object 'Object Repository/LoggedOutPages/CreateAccount/ConfirmEmail_ErrorMessage' are matched.

2018-06-05 12:08:59 - [MESSAGE][PASSED] - Actual text and expected text of test object 'Object Repository/LoggedOutPages/CreateAccount/ConfirmEmail_ErrorMessage' are matched.

2018-06-05 12:08:59 - [TEST_STEP][PASSED] - setText: Text '20180605120858209@mailinator.com' is set on object 'Object Repository/LoggedOutPages/CreateAccount/Email_Input'

2018-06-05 12:08:59 - [MESSAGE][PASSED] - Text '20180605120858209@mailinator.com' is set on object 'Object Repository/LoggedOutPages/CreateAccount/Email_Input'

2018-06-05 12:08:59 - [TEST_STEP][PASSED] - click: Object: 'Object Repository/LoggedOutPages/CreateAccount/Password_Input' is clicked on

2018-06-05 12:08:59 - [MESSAGE][PASSED] - Object: 'Object Repository/LoggedOutPages/CreateAccount/Password_Input' is clicked on

2018-06-05 12:08:59 - [TEST_STEP][PASSED] - verifyElementNotPresent: Web element with id: 'Object Repository/LoggedOutPages/CreateAccount/Email_ErrorMessage' located by 'By.xpath: //html//div[@id='AccountInfo']/div[1]/div[1]/div[2]/span[1]/span[1]' is not present after '30' second(s)

2018-06-05 12:08:59 - [MESSAGE][WARNING] - Timeout '0' is invalid. Using default page load timeout: '30'

2018-06-05 12:08:59 - [MESSAGE][PASSED] - Web element with id: 'Object Repository/LoggedOutPages/CreateAccount/Email_ErrorMessage' located by 'By.xpath: //html//div[@id='AccountInfo']/div[1]/div[1]/div[2]/span[1]/span[1]' is not present after '30' second(s)

2018-06-05 12:08:59 - [TEST_STEP][PASSED] - verifyElementPresent: Object 'Object Repository/LoggedOutPages/CreateAccount/ConfirmEmail_ErrorMessage' is present

2018-06-05 12:08:59 - [MESSAGE][WARNING] - Timeout '0' is invalid. Using default page load timeout: '30'

2018-06-05 12:08:59 - [MESSAGE][PASSED] - Object 'Object Repository/LoggedOutPages/CreateAccount/ConfirmEmail_ErrorMessage' is present

2018-06-05 12:09:00 - [TEST_STEP][PASSED] - verifyElementText: Actual text and expected text of test object 'Object Repository/LoggedOutPages/CreateAccount/ConfirmEmail_ErrorMessage' are matched.

2018-06-05 12:09:00 - [MESSAGE][PASSED] - Actual text and expected text of test object 'Object Repository/LoggedOutPages/CreateAccount/ConfirmEmail_ErrorMessage' are matched.

2018-06-05 12:09:00 - [TEST_STEP][PASSED] - setText: Text '20180605120858209@mailinator.com' is set on object 'Object Repository/LoggedOutPages/CreateAccount/ConfirmEmail_Input'

2018-06-05 12:09:00 - [MESSAGE][PASSED] - Text '20180605120858209@mailinator.com' is set on object 'Object Repository/LoggedOutPages/CreateAccount/ConfirmEmail_Input'

2018-06-05 12:09:00 - [TEST_STEP][PASSED] - click: Object: 'Object Repository/LoggedOutPages/CreateAccount/Password_Input' is clicked on

2018-06-05 12:09:00 - [MESSAGE][PASSED] - Object: 'Object Repository/LoggedOutPages/CreateAccount/Password_Input' is clicked on

2018-06-05 12:09:00 - [TEST_STEP][PASSED] - verifyElementNotPresent: Web element with id: 'Object Repository/LoggedOutPages/CreateAccount/Email_ErrorMessage' located by 'By.xpath: //html//div[@id='AccountInfo']/div[1]/div[1]/div[2]/span[1]/span[1]' is not present after '30' second(s)

2018-06-05 12:09:00 - [MESSAGE][WARNING] - Timeout '0' is invalid. Using default page load timeout: '30'

2018-06-05 12:09:00 - [MESSAGE][PASSED] - Web element with id: 'Object Repository/LoggedOutPages/CreateAccount/Email_ErrorMessage' located by 'By.xpath: //html//div[@id='AccountInfo']/div[1]/div[1]/div[2]/span[1]/span[1]' is not present after '30' second(s)

2018-06-05 12:09:00 - [TEST_STEP][PASSED] - verifyElementNotPresent: Web element with id: 'Object Repository/LoggedOutPages/CreateAccount/ConfirmEmail_ErrorMessage' located by 'By.xpath: //span[contains(text(),'Does not match the Email Address')]' is not present after '30' second(s)

2018-06-05 12:09:00 - [MESSAGE][WARNING] - Timeout '0' is invalid. Using default page load timeout: '30'

2018-06-05 12:09:00 - [MESSAGE][PASSED] - Web element with id: 'Object Repository/LoggedOutPages/CreateAccount/ConfirmEmail_ErrorMessage' located by 'By.xpath: //span[contains(text(),'Does not match the Email Address')]' is not present after '30' second(s)

2018-06-05 12:09:00 - [TEST_STEP][PASSED] - closeBrowser: Browser is closed

2018-06-05 12:09:01 - [MESSAGE][PASSED] - Browser is closed]]></system-out>
         <system-err><![CDATA[]]></system-err>
      </testcase>
      <testcase name="Test Cases/SignUpConsumer - ShortAndMissmatchedPass" classname="Test Cases/SignUpConsumer - ShortAndMissmatchedPass" status="PASSED">
         <system-out><![CDATA[2018-06-05 12:09:01 - [TEST_CASE][PASSED] - Test Cases/SignUpConsumer - ShortAndMissmatchedPass: Test Cases/SignUpConsumer - ShortAndMissmatchedPass

2018-06-05 12:09:01 - [TEST_STEP][PASSED] - openBrowser: Browser is opened with url: ''

2018-06-05 12:09:03 - [MESSAGE][PASSED] - Browser is opened with url: ''

2018-06-05 12:09:03 - [TEST_STEP][PASSED] - maximizeWindow: Current window maximized

2018-06-05 12:09:05 - [MESSAGE][PASSED] - Current window maximized

2018-06-05 12:09:05 - [TEST_STEP][PASSED] - Statement - StartURL = com.kms.katalon.core.webui.keyword.WebUiBuiltInKeywords.concatenate([StagingReact, "create-account"]): Concatenated string array: '['https://dev-front.instavin.com/','create-account']' into 'https://dev-front.instavin.com/create-account'

2018-06-05 12:09:05 - [MESSAGE][PASSED] - Concatenated string array: '['https://dev-front.instavin.com/','create-account']' into 'https://dev-front.instavin.com/create-account'

2018-06-05 12:09:05 - [TEST_STEP][PASSED] - navigateToUrl: Navigate to 'https://dev-front.instavin.com/create-account' successfully

2018-06-05 12:09:07 - [MESSAGE][PASSED] - Navigate to 'https://dev-front.instavin.com/create-account' successfully

2018-06-05 12:09:07 - [TEST_STEP][PASSED] - verifyElementText: Actual text and expected text of test object 'Object Repository/LoggedOutPages/CreateAccount/Copy_Label' are matched.

2018-06-05 12:09:07 - [MESSAGE][PASSED] - Actual text and expected text of test object 'Object Repository/LoggedOutPages/CreateAccount/Copy_Label' are matched.

2018-06-05 12:09:07 - [TEST_STEP][PASSED] - verifyTextPresent: Text 'Buyer Information' is present on page 

2018-06-05 12:09:07 - [MESSAGE][PASSED] - Text 'Buyer Information' is present on page 

2018-06-05 12:09:07 - [TEST_STEP][PASSED] - setText: Text '11' is set on object 'Object Repository/LoggedOutPages/CreateAccount/Password_Input'

2018-06-05 12:09:08 - [MESSAGE][PASSED] - Text '11' is set on object 'Object Repository/LoggedOutPages/CreateAccount/Password_Input'

2018-06-05 12:09:08 - [TEST_STEP][PASSED] - click: Object: 'Object Repository/LoggedOutPages/CreateAccount/Email_Input' is clicked on

2018-06-05 12:09:08 - [MESSAGE][PASSED] - Object: 'Object Repository/LoggedOutPages/CreateAccount/Email_Input' is clicked on

2018-06-05 12:09:08 - [TEST_STEP][PASSED] - verifyElementPresent: Object 'Object Repository/LoggedOutPages/CreateAccount/Password_ErrorMessage' is present

2018-06-05 12:09:08 - [MESSAGE][WARNING] - Timeout '0' is invalid. Using default page load timeout: '30'

2018-06-05 12:09:08 - [MESSAGE][PASSED] - Object 'Object Repository/LoggedOutPages/CreateAccount/Password_ErrorMessage' is present

2018-06-05 12:09:08 - [TEST_STEP][PASSED] - verifyElementText: Actual text and expected text of test object 'Object Repository/LoggedOutPages/CreateAccount/Password_ErrorMessage' are matched.

2018-06-05 12:09:08 - [MESSAGE][PASSED] - Actual text and expected text of test object 'Object Repository/LoggedOutPages/CreateAccount/Password_ErrorMessage' are matched.

2018-06-05 12:09:08 - [TEST_STEP][PASSED] - verifyElementNotPresent: Web element with id: 'Object Repository/LoggedOutPages/CreateAccount/ConfirmPassword_ErrorMessage' located by 'By.xpath: //div[@id='AccountInfo']//div[@class='FormSectionContainer']//div[@class='FieldComboBox Clear']//div[@class='Field_Standard']//span[@class='field-validation-error']//span' is not present after '30' second(s)

2018-06-05 12:09:08 - [MESSAGE][WARNING] - Timeout '0' is invalid. Using default page load timeout: '30'

2018-06-05 12:09:08 - [MESSAGE][PASSED] - Web element with id: 'Object Repository/LoggedOutPages/CreateAccount/ConfirmPassword_ErrorMessage' located by 'By.xpath: //div[@id='AccountInfo']//div[@class='FormSectionContainer']//div[@class='FieldComboBox Clear']//div[@class='Field_Standard']//span[@class='field-validation-error']//span' is not present after '30' second(s)

2018-06-05 12:09:08 - [TEST_STEP][PASSED] - setText: Text '111111' is set on object 'Object Repository/LoggedOutPages/CreateAccount/Password_Input'

2018-06-05 12:09:08 - [MESSAGE][PASSED] - Text '111111' is set on object 'Object Repository/LoggedOutPages/CreateAccount/Password_Input'

2018-06-05 12:09:08 - [TEST_STEP][PASSED] - click: Object: 'Object Repository/LoggedOutPages/CreateAccount/Email_Input' is clicked on

2018-06-05 12:09:08 - [MESSAGE][PASSED] - Object: 'Object Repository/LoggedOutPages/CreateAccount/Email_Input' is clicked on

2018-06-05 12:09:08 - [TEST_STEP][PASSED] - verifyElementNotPresent: Web element with id: 'Object Repository/LoggedOutPages/CreateAccount/Password_ErrorMessage' located by 'By.xpath: //html//div[@id='AccountInfo']/div[2]/div[1]/div[2]/span[1]/span[1]' is not present after '30' second(s)

2018-06-05 12:09:08 - [MESSAGE][WARNING] - Timeout '0' is invalid. Using default page load timeout: '30'

2018-06-05 12:09:08 - [MESSAGE][PASSED] - Web element with id: 'Object Repository/LoggedOutPages/CreateAccount/Password_ErrorMessage' located by 'By.xpath: //html//div[@id='AccountInfo']/div[2]/div[1]/div[2]/span[1]/span[1]' is not present after '30' second(s)

2018-06-05 12:09:08 - [TEST_STEP][PASSED] - verifyElementNotPresent: Web element with id: 'Object Repository/LoggedOutPages/CreateAccount/ConfirmPassword_ErrorMessage' located by 'By.xpath: //div[@id='AccountInfo']//div[@class='FormSectionContainer']//div[@class='FieldComboBox Clear']//div[@class='Field_Standard']//span[@class='field-validation-error']//span' is not present after '30' second(s)

2018-06-05 12:09:08 - [MESSAGE][WARNING] - Timeout '0' is invalid. Using default page load timeout: '30'

2018-06-05 12:09:08 - [MESSAGE][PASSED] - Web element with id: 'Object Repository/LoggedOutPages/CreateAccount/ConfirmPassword_ErrorMessage' located by 'By.xpath: //div[@id='AccountInfo']//div[@class='FormSectionContainer']//div[@class='FieldComboBox Clear']//div[@class='Field_Standard']//span[@class='field-validation-error']//span' is not present after '30' second(s)

2018-06-05 12:09:08 - [TEST_STEP][PASSED] - setText: Text '11' is set on object 'Object Repository/LoggedOutPages/CreateAccount/ConfirmPassword_Input'

2018-06-05 12:09:09 - [MESSAGE][PASSED] - Text '11' is set on object 'Object Repository/LoggedOutPages/CreateAccount/ConfirmPassword_Input'

2018-06-05 12:09:09 - [TEST_STEP][PASSED] - click: Object: 'Object Repository/LoggedOutPages/CreateAccount/Email_Input' is clicked on

2018-06-05 12:09:09 - [MESSAGE][PASSED] - Object: 'Object Repository/LoggedOutPages/CreateAccount/Email_Input' is clicked on

2018-06-05 12:09:09 - [TEST_STEP][PASSED] - verifyElementNotPresent: Web element with id: 'Object Repository/LoggedOutPages/CreateAccount/Password_ErrorMessage' located by 'By.xpath: //html//div[@id='AccountInfo']/div[2]/div[1]/div[2]/span[1]/span[1]' is not present after '30' second(s)

2018-06-05 12:09:10 - [MESSAGE][WARNING] - Timeout '0' is invalid. Using default page load timeout: '30'

2018-06-05 12:09:10 - [MESSAGE][PASSED] - Web element with id: 'Object Repository/LoggedOutPages/CreateAccount/Password_ErrorMessage' located by 'By.xpath: //html//div[@id='AccountInfo']/div[2]/div[1]/div[2]/span[1]/span[1]' is not present after '30' second(s)

2018-06-05 12:09:10 - [TEST_STEP][PASSED] - verifyElementPresent: Object 'Object Repository/LoggedOutPages/CreateAccount/ConfirmPassword_ErrorMessage' is present

2018-06-05 12:09:10 - [MESSAGE][WARNING] - Timeout '0' is invalid. Using default page load timeout: '30'

2018-06-05 12:09:10 - [MESSAGE][PASSED] - Object 'Object Repository/LoggedOutPages/CreateAccount/ConfirmPassword_ErrorMessage' is present

2018-06-05 12:09:10 - [TEST_STEP][PASSED] - verifyElementText: Actual text and expected text of test object 'Object Repository/LoggedOutPages/CreateAccount/ConfirmPassword_ErrorMessage' are matched.

2018-06-05 12:09:10 - [MESSAGE][PASSED] - Actual text and expected text of test object 'Object Repository/LoggedOutPages/CreateAccount/ConfirmPassword_ErrorMessage' are matched.

2018-06-05 12:09:10 - [TEST_STEP][PASSED] - setText: Text '111111' is set on object 'Object Repository/LoggedOutPages/CreateAccount/ConfirmPassword_Input'

2018-06-05 12:09:10 - [MESSAGE][PASSED] - Text '111111' is set on object 'Object Repository/LoggedOutPages/CreateAccount/ConfirmPassword_Input'

2018-06-05 12:09:10 - [TEST_STEP][PASSED] - click: Object: 'Object Repository/LoggedOutPages/CreateAccount/Email_Input' is clicked on

2018-06-05 12:09:10 - [MESSAGE][PASSED] - Object: 'Object Repository/LoggedOutPages/CreateAccount/Email_Input' is clicked on

2018-06-05 12:09:10 - [TEST_STEP][PASSED] - verifyElementNotPresent: Web element with id: 'Object Repository/LoggedOutPages/CreateAccount/Password_ErrorMessage' located by 'By.xpath: //html//div[@id='AccountInfo']/div[2]/div[1]/div[2]/span[1]/span[1]' is not present after '30' second(s)

2018-06-05 12:09:10 - [MESSAGE][WARNING] - Timeout '0' is invalid. Using default page load timeout: '30'

2018-06-05 12:09:10 - [MESSAGE][PASSED] - Web element with id: 'Object Repository/LoggedOutPages/CreateAccount/Password_ErrorMessage' located by 'By.xpath: //html//div[@id='AccountInfo']/div[2]/div[1]/div[2]/span[1]/span[1]' is not present after '30' second(s)

2018-06-05 12:09:10 - [TEST_STEP][PASSED] - verifyElementNotPresent: Web element with id: 'Object Repository/LoggedOutPages/CreateAccount/ConfirmPassword_ErrorMessage' located by 'By.xpath: //div[@id='AccountInfo']//div[@class='FormSectionContainer']//div[@class='FieldComboBox Clear']//div[@class='Field_Standard']//span[@class='field-validation-error']//span' is not present after '30' second(s)

2018-06-05 12:09:11 - [MESSAGE][WARNING] - Timeout '0' is invalid. Using default page load timeout: '30'

2018-06-05 12:09:11 - [MESSAGE][PASSED] - Web element with id: 'Object Repository/LoggedOutPages/CreateAccount/ConfirmPassword_ErrorMessage' located by 'By.xpath: //div[@id='AccountInfo']//div[@class='FormSectionContainer']//div[@class='FieldComboBox Clear']//div[@class='Field_Standard']//span[@class='field-validation-error']//span' is not present after '30' second(s)

2018-06-05 12:09:11 - [TEST_STEP][PASSED] - closeBrowser: Browser is closed

2018-06-05 12:09:11 - [MESSAGE][PASSED] - Browser is closed]]></system-out>
         <system-err><![CDATA[]]></system-err>
      </testcase>
      <testcase name="Test Cases/SignUpConsumer - CopyBuyer" classname="Test Cases/SignUpConsumer - CopyBuyer" status="PASSED">
         <system-out><![CDATA[2018-06-05 12:09:11 - [TEST_CASE][PASSED] - Test Cases/SignUpConsumer - CopyBuyer: Test Cases/SignUpConsumer - CopyBuyer

2018-06-05 12:09:11 - [TEST_STEP][PASSED] - openBrowser: Browser is opened with url: ''

2018-06-05 12:09:14 - [MESSAGE][PASSED] - Browser is opened with url: ''

2018-06-05 12:09:14 - [TEST_STEP][PASSED] - maximizeWindow: Current window maximized

2018-06-05 12:09:15 - [MESSAGE][PASSED] - Current window maximized

2018-06-05 12:09:15 - [TEST_STEP][PASSED] - Statement - StartURL = com.kms.katalon.core.webui.keyword.WebUiBuiltInKeywords.concatenate([StagingReact, "create-account"]): Concatenated string array: '['https://dev-front.instavin.com/','create-account']' into 'https://dev-front.instavin.com/create-account'

2018-06-05 12:09:15 - [MESSAGE][PASSED] - Concatenated string array: '['https://dev-front.instavin.com/','create-account']' into 'https://dev-front.instavin.com/create-account'

2018-06-05 12:09:15 - [TEST_STEP][PASSED] - navigateToUrl: Navigate to 'https://dev-front.instavin.com/create-account' successfully

2018-06-05 12:09:18 - [MESSAGE][PASSED] - Navigate to 'https://dev-front.instavin.com/create-account' successfully

2018-06-05 12:09:18 - [TEST_STEP][PASSED] - verifyElementText: Actual text and expected text of test object 'Object Repository/LoggedOutPages/CreateAccount/Copy_Label' are matched.

2018-06-05 12:09:18 - [MESSAGE][PASSED] - Actual text and expected text of test object 'Object Repository/LoggedOutPages/CreateAccount/Copy_Label' are matched.

2018-06-05 12:09:18 - [TEST_STEP][PASSED] - verifyTextPresent: Text 'Buyer Information' is present on page 

2018-06-05 12:09:18 - [MESSAGE][PASSED] - Text 'Buyer Information' is present on page 

2018-06-05 12:09:18 - [TEST_STEP][PASSED] - verifyElementText: Actual text and expected text of test object 'Object Repository/LoggedOutPages/CreateAccount/Name_Label' are matched.

2018-06-05 12:09:18 - [MESSAGE][PASSED] - Actual text and expected text of test object 'Object Repository/LoggedOutPages/CreateAccount/Name_Label' are matched.

2018-06-05 12:09:18 - [TEST_STEP][PASSED] - verifyElementText: Actual text and expected text of test object 'Object Repository/LoggedOutPages/CreateAccount/Address_Label' are matched.

2018-06-05 12:09:18 - [MESSAGE][PASSED] - Actual text and expected text of test object 'Object Repository/LoggedOutPages/CreateAccount/Address_Label' are matched.

2018-06-05 12:09:18 - [TEST_STEP][PASSED] - setText: Text 'Consumer' is set on object 'Object Repository/LoggedOutPages/CreateAccount/FirstName_Input'

2018-06-05 12:09:18 - [MESSAGE][PASSED] - Text 'Consumer' is set on object 'Object Repository/LoggedOutPages/CreateAccount/FirstName_Input'

2018-06-05 12:09:18 - [TEST_STEP][PASSED] - setText: Text 'Last' is set on object 'Object Repository/LoggedOutPages/CreateAccount/LastName_Input'

2018-06-05 12:09:19 - [MESSAGE][PASSED] - Text 'Last' is set on object 'Object Repository/LoggedOutPages/CreateAccount/LastName_Input'

2018-06-05 12:09:19 - [TEST_STEP][PASSED] - setText: Text 'TestAddress' is set on object 'Object Repository/LoggedOutPages/CreateAccount/Address_Input'

2018-06-05 12:09:19 - [MESSAGE][PASSED] - Text 'TestAddress' is set on object 'Object Repository/LoggedOutPages/CreateAccount/Address_Input'

2018-06-05 12:09:19 - [TEST_STEP][PASSED] - setText: Text 'Autotest' is set on object 'Object Repository/LoggedOutPages/CreateAccount/City_Input'

2018-06-05 12:09:19 - [MESSAGE][PASSED] - Text 'Autotest' is set on object 'Object Repository/LoggedOutPages/CreateAccount/City_Input'

2018-06-05 12:09:19 - [TEST_STEP][PASSED] - selectOptionByValue: All options with value 'CA' are selected in object 'Object Repository/LoggedOutPages/CreateAccount/State_Dropdown' 

2018-06-05 12:09:19 - [MESSAGE][PASSED] - All options with value 'CA' are selected in object 'Object Repository/LoggedOutPages/CreateAccount/State_Dropdown' 

2018-06-05 12:09:19 - [TEST_STEP][PASSED] - setText: Text '11111' is set on object 'Object Repository/LoggedOutPages/CreateAccount/Zip_Input'

2018-06-05 12:09:20 - [MESSAGE][PASSED] - Text '11111' is set on object 'Object Repository/LoggedOutPages/CreateAccount/Zip_Input'

2018-06-05 12:09:20 - [TEST_STEP][PASSED] - check: Object 'Object Repository/LoggedOutPages/CreateAccount/Copy_Checkbox' is checked

2018-06-05 12:09:20 - [MESSAGE][PASSED] - Object 'Object Repository/LoggedOutPages/CreateAccount/Copy_Checkbox' is checked

2018-06-05 12:09:20 - [TEST_STEP][PASSED] - verifyElementAttributeValue: Object 'Object Repository/LoggedOutPages/CreateAccount/BillingFirstName_Input' has attribute 'value' with value 'Consumer'

2018-06-05 12:09:20 - [MESSAGE][WARNING] - Timeout '0' is invalid. Using default page load timeout: '30'

2018-06-05 12:09:20 - [MESSAGE][PASSED] - Object 'Object Repository/LoggedOutPages/CreateAccount/BillingFirstName_Input' has attribute 'value' with value 'Consumer'

2018-06-05 12:09:20 - [TEST_STEP][PASSED] - verifyElementHasAttribute: Object 'Object Repository/LoggedOutPages/CreateAccount/BillingFirstName_Input' has attribute 'disabled'

2018-06-05 12:09:20 - [MESSAGE][WARNING] - Timeout '0' is invalid. Using default page load timeout: '30'

2018-06-05 12:09:21 - [MESSAGE][PASSED] - Object 'Object Repository/LoggedOutPages/CreateAccount/BillingFirstName_Input' has attribute 'disabled'

2018-06-05 12:09:21 - [TEST_STEP][PASSED] - verifyElementAttributeValue: Object 'Object Repository/LoggedOutPages/CreateAccount/BillingLastName_Input' has attribute 'value' with value 'Last'

2018-06-05 12:09:21 - [MESSAGE][WARNING] - Timeout '0' is invalid. Using default page load timeout: '30'

2018-06-05 12:09:21 - [MESSAGE][PASSED] - Object 'Object Repository/LoggedOutPages/CreateAccount/BillingLastName_Input' has attribute 'value' with value 'Last'

2018-06-05 12:09:21 - [TEST_STEP][PASSED] - verifyElementHasAttribute: Object 'Object Repository/LoggedOutPages/CreateAccount/BillingLastName_Input' has attribute 'disabled'

2018-06-05 12:09:21 - [MESSAGE][WARNING] - Timeout '0' is invalid. Using default page load timeout: '30'

2018-06-05 12:09:21 - [MESSAGE][PASSED] - Object 'Object Repository/LoggedOutPages/CreateAccount/BillingLastName_Input' has attribute 'disabled'

2018-06-05 12:09:21 - [TEST_STEP][PASSED] - verifyElementAttributeValue: Object 'Object Repository/LoggedOutPages/CreateAccount/BillingAddress_Input' has attribute 'value' with value 'TestAddress'

2018-06-05 12:09:21 - [MESSAGE][WARNING] - Timeout '0' is invalid. Using default page load timeout: '30'

2018-06-05 12:09:21 - [MESSAGE][PASSED] - Object 'Object Repository/LoggedOutPages/CreateAccount/BillingAddress_Input' has attribute 'value' with value 'TestAddress'

2018-06-05 12:09:21 - [TEST_STEP][PASSED] - verifyElementHasAttribute: Object 'Object Repository/LoggedOutPages/CreateAccount/BillingAddress_Input' has attribute 'disabled'

2018-06-05 12:09:21 - [MESSAGE][WARNING] - Timeout '0' is invalid. Using default page load timeout: '30'

2018-06-05 12:09:21 - [MESSAGE][PASSED] - Object 'Object Repository/LoggedOutPages/CreateAccount/BillingAddress_Input' has attribute 'disabled'

2018-06-05 12:09:21 - [TEST_STEP][PASSED] - verifyElementAttributeValue: Object 'Object Repository/LoggedOutPages/CreateAccount/BillingZip_Input' has attribute 'value' with value '11111'

2018-06-05 12:09:21 - [MESSAGE][WARNING] - Timeout '0' is invalid. Using default page load timeout: '30'

2018-06-05 12:09:21 - [MESSAGE][PASSED] - Object 'Object Repository/LoggedOutPages/CreateAccount/BillingZip_Input' has attribute 'value' with value '11111'

2018-06-05 12:09:21 - [TEST_STEP][PASSED] - verifyElementHasAttribute: Object 'Object Repository/LoggedOutPages/CreateAccount/BillingZip_Input' has attribute 'disabled'

2018-06-05 12:09:22 - [MESSAGE][WARNING] - Timeout '0' is invalid. Using default page load timeout: '30'

2018-06-05 12:09:22 - [MESSAGE][PASSED] - Object 'Object Repository/LoggedOutPages/CreateAccount/BillingZip_Input' has attribute 'disabled'

2018-06-05 12:09:22 - [TEST_STEP][PASSED] - closeBrowser: Browser is closed

2018-06-05 12:09:23 - [MESSAGE][PASSED] - Browser is closed]]></system-out>
         <system-err><![CDATA[]]></system-err>
      </testcase>
      <testcase name="Test Cases/SignUpDealer - EmptyFields" classname="Test Cases/SignUpDealer - EmptyFields" status="PASSED">
         <system-out><![CDATA[2018-06-05 12:09:23 - [TEST_CASE][PASSED] - Test Cases/SignUpDealer - EmptyFields: Test Cases/SignUpDealer - EmptyFields

2018-06-05 12:09:23 - [TEST_STEP][PASSED] - openBrowser: Browser is opened with url: ''

2018-06-05 12:09:25 - [MESSAGE][PASSED] - Browser is opened with url: ''

2018-06-05 12:09:25 - [TEST_STEP][PASSED] - maximizeWindow: Current window maximized

2018-06-05 12:09:26 - [MESSAGE][PASSED] - Current window maximized

2018-06-05 12:09:26 - [TEST_STEP][PASSED] - Statement - StartURL = com.kms.katalon.core.webui.keyword.WebUiBuiltInKeywords.concatenate([StagingReact, "create-account"]): Concatenated string array: '['https://dev-front.instavin.com/','create-account']' into 'https://dev-front.instavin.com/create-account'

2018-06-05 12:09:26 - [MESSAGE][PASSED] - Concatenated string array: '['https://dev-front.instavin.com/','create-account']' into 'https://dev-front.instavin.com/create-account'

2018-06-05 12:09:26 - [TEST_STEP][PASSED] - navigateToUrl: Navigate to 'https://dev-front.instavin.com/create-account' successfully

2018-06-05 12:09:29 - [MESSAGE][PASSED] - Navigate to 'https://dev-front.instavin.com/create-account' successfully

2018-06-05 12:09:29 - [TEST_STEP][PASSED] - click: Object: 'Object Repository/LoggedOutPages/CreateAccount/Dealer_Button' is clicked on

2018-06-05 12:09:29 - [MESSAGE][PASSED] - Object: 'Object Repository/LoggedOutPages/CreateAccount/Dealer_Button' is clicked on

2018-06-05 12:09:29 - [TEST_STEP][PASSED] - verifyElementText: Actual text and expected text of test object 'Object Repository/LoggedOutPages/CreateAccount/Copy_Label' are matched.

2018-06-05 12:09:29 - [MESSAGE][PASSED] - Actual text and expected text of test object 'Object Repository/LoggedOutPages/CreateAccount/Copy_Label' are matched.

2018-06-05 12:09:29 - [TEST_STEP][PASSED] - verifyTextPresent: Text 'Dealer Information' is present on page 

2018-06-05 12:09:29 - [MESSAGE][PASSED] - Text 'Dealer Information' is present on page 

2018-06-05 12:09:29 - [TEST_STEP][PASSED] - verifyTextPresent: Text 'AuctionACCESS ID Number' is present on page 

2018-06-05 12:09:30 - [MESSAGE][PASSED] - Text 'AuctionACCESS ID Number' is present on page 

2018-06-05 12:09:30 - [TEST_STEP][PASSED] - verifyTextPresent: Text 'Business Name' is present on page 

2018-06-05 12:09:30 - [MESSAGE][PASSED] - Text 'Business Name' is present on page 

2018-06-05 12:09:30 - [TEST_STEP][PASSED] - click: Object: 'Object Repository/LoggedOutPages/CreateAccount/Submit_button' is clicked on

2018-06-05 12:09:30 - [MESSAGE][PASSED] - Object: 'Object Repository/LoggedOutPages/CreateAccount/Submit_button' is clicked on

2018-06-05 12:09:30 - [TEST_STEP][PASSED] - verifyElementPresent: Object 'Object Repository/LoggedOutPages/CreateAccount/BusinessFirstName_ErrorMessage' is present

2018-06-05 12:09:30 - [MESSAGE][WARNING] - Timeout '0' is invalid. Using default page load timeout: '30'

2018-06-05 12:09:30 - [MESSAGE][PASSED] - Object 'Object Repository/LoggedOutPages/CreateAccount/BusinessFirstName_ErrorMessage' is present

2018-06-05 12:09:30 - [TEST_STEP][PASSED] - verifyElementText: Actual text and expected text of test object 'Object Repository/LoggedOutPages/CreateAccount/BusinessFirstName_ErrorMessage' are matched.

2018-06-05 12:09:30 - [MESSAGE][PASSED] - Actual text and expected text of test object 'Object Repository/LoggedOutPages/CreateAccount/BusinessFirstName_ErrorMessage' are matched.

2018-06-05 12:09:30 - [TEST_STEP][PASSED] - verifyElementPresent: Object 'Object Repository/LoggedOutPages/CreateAccount/BusinessLastName_ErrorMessage' is present

2018-06-05 12:09:30 - [MESSAGE][WARNING] - Timeout '0' is invalid. Using default page load timeout: '30'

2018-06-05 12:09:30 - [MESSAGE][PASSED] - Object 'Object Repository/LoggedOutPages/CreateAccount/BusinessLastName_ErrorMessage' is present

2018-06-05 12:09:30 - [TEST_STEP][PASSED] - verifyElementText: Actual text and expected text of test object 'Object Repository/LoggedOutPages/CreateAccount/BusinessLastName_ErrorMessage' are matched.

2018-06-05 12:09:30 - [MESSAGE][PASSED] - Actual text and expected text of test object 'Object Repository/LoggedOutPages/CreateAccount/BusinessLastName_ErrorMessage' are matched.

2018-06-05 12:09:30 - [TEST_STEP][PASSED] - verifyElementPresent: Object 'Object Repository/LoggedOutPages/CreateAccount/BusinessAddress_ErrorMessage' is present

2018-06-05 12:09:30 - [MESSAGE][WARNING] - Timeout '0' is invalid. Using default page load timeout: '30'

2018-06-05 12:09:30 - [MESSAGE][PASSED] - Object 'Object Repository/LoggedOutPages/CreateAccount/BusinessAddress_ErrorMessage' is present

2018-06-05 12:09:30 - [TEST_STEP][PASSED] - verifyElementText: Actual text and expected text of test object 'Object Repository/LoggedOutPages/CreateAccount/BusinessAddress_ErrorMessage' are matched.

2018-06-05 12:09:30 - [MESSAGE][PASSED] - Actual text and expected text of test object 'Object Repository/LoggedOutPages/CreateAccount/BusinessAddress_ErrorMessage' are matched.

2018-06-05 12:09:30 - [TEST_STEP][PASSED] - verifyElementPresent: Object 'Object Repository/LoggedOutPages/CreateAccount/BusinessCity_ErrorMessage' is present

2018-06-05 12:09:30 - [MESSAGE][WARNING] - Timeout '0' is invalid. Using default page load timeout: '30'

2018-06-05 12:09:30 - [MESSAGE][PASSED] - Object 'Object Repository/LoggedOutPages/CreateAccount/BusinessCity_ErrorMessage' is present

2018-06-05 12:09:30 - [TEST_STEP][PASSED] - verifyElementText: Actual text and expected text of test object 'Object Repository/LoggedOutPages/CreateAccount/BusinessCity_ErrorMessage' are matched.

2018-06-05 12:09:30 - [MESSAGE][PASSED] - Actual text and expected text of test object 'Object Repository/LoggedOutPages/CreateAccount/BusinessCity_ErrorMessage' are matched.

2018-06-05 12:09:30 - [TEST_STEP][PASSED] - verifyElementPresent: Object 'Object Repository/LoggedOutPages/CreateAccount/State_ErrorMessage' is present

2018-06-05 12:09:30 - [MESSAGE][WARNING] - Timeout '0' is invalid. Using default page load timeout: '30'

2018-06-05 12:09:30 - [MESSAGE][PASSED] - Object 'Object Repository/LoggedOutPages/CreateAccount/State_ErrorMessage' is present

2018-06-05 12:09:30 - [TEST_STEP][PASSED] - verifyElementText: Actual text and expected text of test object 'Object Repository/LoggedOutPages/CreateAccount/State_ErrorMessage' are matched.

2018-06-05 12:09:31 - [MESSAGE][PASSED] - Actual text and expected text of test object 'Object Repository/LoggedOutPages/CreateAccount/State_ErrorMessage' are matched.

2018-06-05 12:09:31 - [TEST_STEP][PASSED] - verifyElementPresent: Object 'Object Repository/LoggedOutPages/CreateAccount/Zip_ErrorMessage' is present

2018-06-05 12:09:31 - [MESSAGE][WARNING] - Timeout '0' is invalid. Using default page load timeout: '30'

2018-06-05 12:09:31 - [MESSAGE][PASSED] - Object 'Object Repository/LoggedOutPages/CreateAccount/Zip_ErrorMessage' is present

2018-06-05 12:09:31 - [TEST_STEP][PASSED] - verifyElementText: Actual text and expected text of test object 'Object Repository/LoggedOutPages/CreateAccount/Zip_ErrorMessage' are matched.

2018-06-05 12:09:31 - [MESSAGE][PASSED] - Actual text and expected text of test object 'Object Repository/LoggedOutPages/CreateAccount/Zip_ErrorMessage' are matched.

2018-06-05 12:09:31 - [TEST_STEP][PASSED] - verifyElementPresent: Object 'Object Repository/LoggedOutPages/CreateAccount/BusinessPhone_ErrorMessage' is present

2018-06-05 12:09:31 - [MESSAGE][WARNING] - Timeout '0' is invalid. Using default page load timeout: '30'

2018-06-05 12:09:31 - [MESSAGE][PASSED] - Object 'Object Repository/LoggedOutPages/CreateAccount/BusinessPhone_ErrorMessage' is present

2018-06-05 12:09:31 - [TEST_STEP][PASSED] - verifyElementText: Actual text and expected text of test object 'Object Repository/LoggedOutPages/CreateAccount/BusinessPhone_ErrorMessage' are matched.

2018-06-05 12:09:31 - [MESSAGE][PASSED] - Actual text and expected text of test object 'Object Repository/LoggedOutPages/CreateAccount/BusinessPhone_ErrorMessage' are matched.

2018-06-05 12:09:31 - [TEST_STEP][PASSED] - verifyElementPresent: Object 'Object Repository/LoggedOutPages/CreateAccount/BillingFirstName_ErrorMessage' is present

2018-06-05 12:09:31 - [MESSAGE][WARNING] - Timeout '0' is invalid. Using default page load timeout: '30'

2018-06-05 12:09:31 - [MESSAGE][PASSED] - Object 'Object Repository/LoggedOutPages/CreateAccount/BillingFirstName_ErrorMessage' is present

2018-06-05 12:09:31 - [TEST_STEP][PASSED] - verifyElementText: Actual text and expected text of test object 'Object Repository/LoggedOutPages/CreateAccount/BillingFirstName_ErrorMessage' are matched.

2018-06-05 12:09:31 - [MESSAGE][PASSED] - Actual text and expected text of test object 'Object Repository/LoggedOutPages/CreateAccount/BillingFirstName_ErrorMessage' are matched.

2018-06-05 12:09:31 - [TEST_STEP][PASSED] - verifyElementPresent: Object 'Object Repository/LoggedOutPages/CreateAccount/BillingLastName_ErrorMessage' is present

2018-06-05 12:09:32 - [MESSAGE][WARNING] - Timeout '0' is invalid. Using default page load timeout: '30'

2018-06-05 12:09:32 - [MESSAGE][PASSED] - Object 'Object Repository/LoggedOutPages/CreateAccount/BillingLastName_ErrorMessage' is present

2018-06-05 12:09:32 - [TEST_STEP][PASSED] - verifyElementText: Actual text and expected text of test object 'Object Repository/LoggedOutPages/CreateAccount/BillingLastName_ErrorMessage' are matched.

2018-06-05 12:09:32 - [MESSAGE][PASSED] - Actual text and expected text of test object 'Object Repository/LoggedOutPages/CreateAccount/BillingLastName_ErrorMessage' are matched.

2018-06-05 12:09:32 - [TEST_STEP][PASSED] - verifyElementPresent: Object 'Object Repository/LoggedOutPages/CreateAccount/BillingAddress_ErrorMessage' is present

2018-06-05 12:09:32 - [MESSAGE][WARNING] - Timeout '0' is invalid. Using default page load timeout: '30'

2018-06-05 12:09:32 - [MESSAGE][PASSED] - Object 'Object Repository/LoggedOutPages/CreateAccount/BillingAddress_ErrorMessage' is present

2018-06-05 12:09:32 - [TEST_STEP][PASSED] - verifyElementText: Actual text and expected text of test object 'Object Repository/LoggedOutPages/CreateAccount/BillingAddress_ErrorMessage' are matched.

2018-06-05 12:09:32 - [MESSAGE][PASSED] - Actual text and expected text of test object 'Object Repository/LoggedOutPages/CreateAccount/BillingAddress_ErrorMessage' are matched.

2018-06-05 12:09:32 - [TEST_STEP][PASSED] - verifyElementPresent: Object 'Object Repository/LoggedOutPages/CreateAccount/BillingZip_ErrorMessage' is present

2018-06-05 12:09:32 - [MESSAGE][WARNING] - Timeout '0' is invalid. Using default page load timeout: '30'

2018-06-05 12:09:32 - [MESSAGE][PASSED] - Object 'Object Repository/LoggedOutPages/CreateAccount/BillingZip_ErrorMessage' is present

2018-06-05 12:09:32 - [TEST_STEP][PASSED] - verifyElementText: Actual text and expected text of test object 'Object Repository/LoggedOutPages/CreateAccount/BillingZip_ErrorMessage' are matched.

2018-06-05 12:09:32 - [MESSAGE][PASSED] - Actual text and expected text of test object 'Object Repository/LoggedOutPages/CreateAccount/BillingZip_ErrorMessage' are matched.

2018-06-05 12:09:32 - [TEST_STEP][PASSED] - verifyElementPresent: Object 'Object Repository/LoggedOutPages/CreateAccount/CC_ErrorMessage' is present

2018-06-05 12:09:32 - [MESSAGE][WARNING] - Timeout '0' is invalid. Using default page load timeout: '30'

2018-06-05 12:09:33 - [MESSAGE][PASSED] - Object 'Object Repository/LoggedOutPages/CreateAccount/CC_ErrorMessage' is present

2018-06-05 12:09:33 - [TEST_STEP][PASSED] - verifyElementText: Actual text and expected text of test object 'Object Repository/LoggedOutPages/CreateAccount/CC_ErrorMessage' are matched.

2018-06-05 12:09:33 - [MESSAGE][PASSED] - Actual text and expected text of test object 'Object Repository/LoggedOutPages/CreateAccount/CC_ErrorMessage' are matched.

2018-06-05 12:09:33 - [TEST_STEP][PASSED] - verifyElementPresent: Object 'Object Repository/LoggedOutPages/CreateAccount/ExpirationMonth_ErrorMessage' is present

2018-06-05 12:09:33 - [MESSAGE][WARNING] - Timeout '0' is invalid. Using default page load timeout: '30'

2018-06-05 12:09:33 - [MESSAGE][PASSED] - Object 'Object Repository/LoggedOutPages/CreateAccount/ExpirationMonth_ErrorMessage' is present

2018-06-05 12:09:33 - [TEST_STEP][PASSED] - verifyElementText: Actual text and expected text of test object 'Object Repository/LoggedOutPages/CreateAccount/ExpirationMonth_ErrorMessage' are matched.

2018-06-05 12:09:33 - [MESSAGE][PASSED] - Actual text and expected text of test object 'Object Repository/LoggedOutPages/CreateAccount/ExpirationMonth_ErrorMessage' are matched.

2018-06-05 12:09:33 - [TEST_STEP][PASSED] - verifyElementPresent: Object 'Object Repository/LoggedOutPages/CreateAccount/CVV_ErrorMessage' is present

2018-06-05 12:09:33 - [MESSAGE][WARNING] - Timeout '0' is invalid. Using default page load timeout: '30'

2018-06-05 12:09:33 - [MESSAGE][PASSED] - Object 'Object Repository/LoggedOutPages/CreateAccount/CVV_ErrorMessage' is present

2018-06-05 12:09:33 - [TEST_STEP][PASSED] - verifyElementText: Actual text and expected text of test object 'Object Repository/LoggedOutPages/CreateAccount/CVV_ErrorMessage' are matched.

2018-06-05 12:09:34 - [MESSAGE][PASSED] - Actual text and expected text of test object 'Object Repository/LoggedOutPages/CreateAccount/CVV_ErrorMessage' are matched.

2018-06-05 12:09:34 - [TEST_STEP][PASSED] - verifyElementPresent: Object 'Object Repository/LoggedOutPages/CreateAccount/ExpirationYear_ErrorMessage' is present

2018-06-05 12:09:34 - [MESSAGE][WARNING] - Timeout '0' is invalid. Using default page load timeout: '30'

2018-06-05 12:09:34 - [MESSAGE][PASSED] - Object 'Object Repository/LoggedOutPages/CreateAccount/ExpirationYear_ErrorMessage' is present

2018-06-05 12:09:34 - [TEST_STEP][PASSED] - verifyElementText: Actual text and expected text of test object 'Object Repository/LoggedOutPages/CreateAccount/ExpirationYear_ErrorMessage' are matched.

2018-06-05 12:09:34 - [MESSAGE][PASSED] - Actual text and expected text of test object 'Object Repository/LoggedOutPages/CreateAccount/ExpirationYear_ErrorMessage' are matched.

2018-06-05 12:09:34 - [TEST_STEP][PASSED] - verifyElementPresent: Object 'Object Repository/LoggedOutPages/CreateAccount/Email_ErrorMessage' is present

2018-06-05 12:09:34 - [MESSAGE][WARNING] - Timeout '0' is invalid. Using default page load timeout: '30'

2018-06-05 12:09:34 - [MESSAGE][PASSED] - Object 'Object Repository/LoggedOutPages/CreateAccount/Email_ErrorMessage' is present

2018-06-05 12:09:34 - [TEST_STEP][PASSED] - verifyElementText: Actual text and expected text of test object 'Object Repository/LoggedOutPages/CreateAccount/Email_ErrorMessage' are matched.

2018-06-05 12:09:34 - [MESSAGE][PASSED] - Actual text and expected text of test object 'Object Repository/LoggedOutPages/CreateAccount/Email_ErrorMessage' are matched.

2018-06-05 12:09:34 - [TEST_STEP][PASSED] - verifyElementPresent: Object 'Object Repository/LoggedOutPages/CreateAccount/Password_ErrorMessage' is present

2018-06-05 12:09:34 - [MESSAGE][WARNING] - Timeout '0' is invalid. Using default page load timeout: '30'

2018-06-05 12:09:34 - [MESSAGE][PASSED] - Object 'Object Repository/LoggedOutPages/CreateAccount/Password_ErrorMessage' is present

2018-06-05 12:09:34 - [TEST_STEP][PASSED] - verifyElementText: Actual text and expected text of test object 'Object Repository/LoggedOutPages/CreateAccount/Password_ErrorMessage' are matched.

2018-06-05 12:09:34 - [MESSAGE][PASSED] - Actual text and expected text of test object 'Object Repository/LoggedOutPages/CreateAccount/Password_ErrorMessage' are matched.

2018-06-05 12:09:35 - [TEST_STEP][PASSED] - verifyElementPresent: Object 'Object Repository/LoggedOutPages/CreateAccount/AcceptTOS_ErrorMessage' is present

2018-06-05 12:09:35 - [MESSAGE][WARNING] - Timeout '0' is invalid. Using default page load timeout: '30'

2018-06-05 12:09:35 - [MESSAGE][PASSED] - Object 'Object Repository/LoggedOutPages/CreateAccount/AcceptTOS_ErrorMessage' is present

2018-06-05 12:09:35 - [TEST_STEP][PASSED] - verifyElementText: Actual text and expected text of test object 'Object Repository/LoggedOutPages/CreateAccount/AcceptTOS_ErrorMessage' are matched.

2018-06-05 12:09:35 - [MESSAGE][PASSED] - Actual text and expected text of test object 'Object Repository/LoggedOutPages/CreateAccount/AcceptTOS_ErrorMessage' are matched.

2018-06-05 12:09:35 - [TEST_STEP][PASSED] - closeBrowser: Browser is closed

2018-06-05 12:09:36 - [MESSAGE][PASSED] - Browser is closed]]></system-out>
         <system-err><![CDATA[]]></system-err>
      </testcase>
      <testcase name="Test Cases/SignUpDealer - HiddenField" classname="Test Cases/SignUpDealer - HiddenField" status="PASSED">
         <system-out><![CDATA[2018-06-05 12:09:36 - [TEST_CASE][PASSED] - Test Cases/SignUpDealer - HiddenField: Test Cases/SignUpDealer - HiddenField

2018-06-05 12:09:36 - [TEST_STEP][PASSED] - openBrowser: Browser is opened with url: ''

2018-06-05 12:09:38 - [MESSAGE][PASSED] - Browser is opened with url: ''

2018-06-05 12:09:38 - [TEST_STEP][PASSED] - maximizeWindow: Current window maximized

2018-06-05 12:09:39 - [MESSAGE][PASSED] - Current window maximized

2018-06-05 12:09:39 - [TEST_STEP][PASSED] - Statement - StartURL = com.kms.katalon.core.webui.keyword.WebUiBuiltInKeywords.concatenate([StagingReact, "create-account"]): Concatenated string array: '['https://dev-front.instavin.com/','create-account']' into 'https://dev-front.instavin.com/create-account'

2018-06-05 12:09:39 - [MESSAGE][PASSED] - Concatenated string array: '['https://dev-front.instavin.com/','create-account']' into 'https://dev-front.instavin.com/create-account'

2018-06-05 12:09:39 - [TEST_STEP][PASSED] - navigateToUrl: Navigate to 'https://dev-front.instavin.com/create-account' successfully

2018-06-05 12:09:42 - [MESSAGE][PASSED] - Navigate to 'https://dev-front.instavin.com/create-account' successfully

2018-06-05 12:09:42 - [TEST_STEP][PASSED] - click: Object: 'Object Repository/LoggedOutPages/CreateAccount/Dealer_Button' is clicked on

2018-06-05 12:09:42 - [MESSAGE][PASSED] - Object: 'Object Repository/LoggedOutPages/CreateAccount/Dealer_Button' is clicked on

2018-06-05 12:09:42 - [TEST_STEP][PASSED] - verifyElementText: Actual text and expected text of test object 'Object Repository/LoggedOutPages/CreateAccount/Copy_Label' are matched.

2018-06-05 12:09:42 - [MESSAGE][PASSED] - Actual text and expected text of test object 'Object Repository/LoggedOutPages/CreateAccount/Copy_Label' are matched.

2018-06-05 12:09:42 - [TEST_STEP][PASSED] - verifyTextPresent: Text 'Dealer Information' is present on page 

2018-06-05 12:09:42 - [MESSAGE][PASSED] - Text 'Dealer Information' is present on page 

2018-06-05 12:09:42 - [TEST_STEP][PASSED] - sendKeys: Keys 'CONTROL + b' sent to object: 'Object Repository/LoggedOutPages/CreateAccount/Email_Input'

2018-06-05 12:09:42 - [MESSAGE][PASSED] - Keys 'CONTROL + b' sent to object: 'Object Repository/LoggedOutPages/CreateAccount/Email_Input'

2018-06-05 12:09:42 - [TEST_STEP][PASSED] - verifyTextPresent: Text 'Salesman ID' is present on page 

2018-06-05 12:09:43 - [MESSAGE][PASSED] - Text 'Salesman ID' is present on page 

2018-06-05 12:09:43 - [TEST_STEP][PASSED] - verifyElementPresent: Object 'Object Repository/LoggedOutPages/CreateAccount/SalesmanID_Input' is present

2018-06-05 12:09:43 - [MESSAGE][WARNING] - Timeout '0' is invalid. Using default page load timeout: '30'

2018-06-05 12:09:43 - [MESSAGE][PASSED] - Object 'Object Repository/LoggedOutPages/CreateAccount/SalesmanID_Input' is present

2018-06-05 12:09:43 - [TEST_STEP][PASSED] - closeBrowser: Browser is closed

2018-06-05 12:09:43 - [MESSAGE][PASSED] - Browser is closed]]></system-out>
         <system-err><![CDATA[]]></system-err>
      </testcase>
      <testcase name="Test Cases/SignUpDealer - IncorrectEmail" classname="Test Cases/SignUpDealer - IncorrectEmail" status="PASSED">
         <system-out><![CDATA[2018-06-05 12:09:43 - [TEST_CASE][PASSED] - Test Cases/SignUpDealer - IncorrectEmail: Test Cases/SignUpDealer - IncorrectEmail

2018-06-05 12:09:44 - [TEST_STEP][PASSED] - openBrowser: Browser is opened with url: ''

2018-06-05 12:09:46 - [MESSAGE][PASSED] - Browser is opened with url: ''

2018-06-05 12:09:46 - [TEST_STEP][PASSED] - maximizeWindow: Current window maximized

2018-06-05 12:09:47 - [MESSAGE][PASSED] - Current window maximized

2018-06-05 12:09:47 - [TEST_STEP][PASSED] - Statement - StartURL = com.kms.katalon.core.webui.keyword.WebUiBuiltInKeywords.concatenate([StagingReact, "create-account"]): Concatenated string array: '['https://dev-front.instavin.com/','create-account']' into 'https://dev-front.instavin.com/create-account'

2018-06-05 12:09:47 - [MESSAGE][PASSED] - Concatenated string array: '['https://dev-front.instavin.com/','create-account']' into 'https://dev-front.instavin.com/create-account'

2018-06-05 12:09:47 - [TEST_STEP][PASSED] - navigateToUrl: Navigate to 'https://dev-front.instavin.com/create-account' successfully

2018-06-05 12:09:49 - [MESSAGE][PASSED] - Navigate to 'https://dev-front.instavin.com/create-account' successfully

2018-06-05 12:09:49 - [TEST_STEP][PASSED] - click: Object: 'Object Repository/LoggedOutPages/CreateAccount/Dealer_Button' is clicked on

2018-06-05 12:09:50 - [MESSAGE][PASSED] - Object: 'Object Repository/LoggedOutPages/CreateAccount/Dealer_Button' is clicked on

2018-06-05 12:09:50 - [TEST_STEP][PASSED] - verifyElementText: Actual text and expected text of test object 'Object Repository/LoggedOutPages/CreateAccount/Copy_Label' are matched.

2018-06-05 12:09:50 - [MESSAGE][PASSED] - Actual text and expected text of test object 'Object Repository/LoggedOutPages/CreateAccount/Copy_Label' are matched.

2018-06-05 12:09:50 - [TEST_STEP][PASSED] - verifyTextPresent: Text 'Dealer Information' is present on page 

2018-06-05 12:09:50 - [MESSAGE][PASSED] - Text 'Dealer Information' is present on page 

2018-06-05 12:09:50 - [TEST_STEP][PASSED] - Statement - now = new java.util.Date(): null

2018-06-05 12:09:50 - [TEST_STEP][PASSED] - Statement - rnd = now.format("yyyyMMddHHmmssSSS").toString(): null

2018-06-05 12:09:50 - [TEST_STEP][PASSED] - Statement - email = com.kms.katalon.core.webui.keyword.WebUiBuiltInKeywords.concatenate([rnd, "@mailinator.com"]): Concatenated string array: '['20180605120950436','@mailinator.com']' into '20180605120950436@mailinator.com'

2018-06-05 12:09:50 - [MESSAGE][PASSED] - Concatenated string array: '['20180605120950436','@mailinator.com']' into '20180605120950436@mailinator.com'

2018-06-05 12:09:50 - [TEST_STEP][PASSED] - setText: Text '20180605120950436' is set on object 'Object Repository/LoggedOutPages/CreateAccount/Email_Input'

2018-06-05 12:09:50 - [MESSAGE][PASSED] - Text '20180605120950436' is set on object 'Object Repository/LoggedOutPages/CreateAccount/Email_Input'

2018-06-05 12:09:50 - [TEST_STEP][PASSED] - setText: Text 'test' is set on object 'Object Repository/LoggedOutPages/CreateAccount/ConfirmEmail_Input'

2018-06-05 12:09:50 - [MESSAGE][PASSED] - Text 'test' is set on object 'Object Repository/LoggedOutPages/CreateAccount/ConfirmEmail_Input'

2018-06-05 12:09:50 - [TEST_STEP][PASSED] - click: Object: 'Object Repository/LoggedOutPages/CreateAccount/Password_Input' is clicked on

2018-06-05 12:09:51 - [MESSAGE][PASSED] - Object: 'Object Repository/LoggedOutPages/CreateAccount/Password_Input' is clicked on

2018-06-05 12:09:51 - [TEST_STEP][PASSED] - verifyElementPresent: Object 'Object Repository/LoggedOutPages/CreateAccount/Email_ErrorMessage' is present

2018-06-05 12:09:51 - [MESSAGE][WARNING] - Timeout '0' is invalid. Using default page load timeout: '30'

2018-06-05 12:09:51 - [MESSAGE][PASSED] - Object 'Object Repository/LoggedOutPages/CreateAccount/Email_ErrorMessage' is present

2018-06-05 12:09:51 - [TEST_STEP][PASSED] - verifyElementText: Actual text and expected text of test object 'Object Repository/LoggedOutPages/CreateAccount/Email_ErrorMessage' are matched.

2018-06-05 12:09:51 - [MESSAGE][PASSED] - Actual text and expected text of test object 'Object Repository/LoggedOutPages/CreateAccount/Email_ErrorMessage' are matched.

2018-06-05 12:09:51 - [TEST_STEP][PASSED] - verifyElementPresent: Object 'Object Repository/LoggedOutPages/CreateAccount/ConfirmEmail_ErrorMessage' is present

2018-06-05 12:09:51 - [MESSAGE][WARNING] - Timeout '0' is invalid. Using default page load timeout: '30'

2018-06-05 12:09:51 - [MESSAGE][PASSED] - Object 'Object Repository/LoggedOutPages/CreateAccount/ConfirmEmail_ErrorMessage' is present

2018-06-05 12:09:51 - [TEST_STEP][PASSED] - verifyElementText: Actual text and expected text of test object 'Object Repository/LoggedOutPages/CreateAccount/ConfirmEmail_ErrorMessage' are matched.

2018-06-05 12:09:51 - [MESSAGE][PASSED] - Actual text and expected text of test object 'Object Repository/LoggedOutPages/CreateAccount/ConfirmEmail_ErrorMessage' are matched.

2018-06-05 12:09:51 - [TEST_STEP][PASSED] - setText: Text '20180605120950436@mailinator.com' is set on object 'Object Repository/LoggedOutPages/CreateAccount/Email_Input'

2018-06-05 12:09:51 - [MESSAGE][PASSED] - Text '20180605120950436@mailinator.com' is set on object 'Object Repository/LoggedOutPages/CreateAccount/Email_Input'

2018-06-05 12:09:51 - [TEST_STEP][PASSED] - click: Object: 'Object Repository/LoggedOutPages/CreateAccount/Password_Input' is clicked on

2018-06-05 12:09:51 - [MESSAGE][PASSED] - Object: 'Object Repository/LoggedOutPages/CreateAccount/Password_Input' is clicked on

2018-06-05 12:09:51 - [TEST_STEP][PASSED] - verifyElementNotPresent: Web element with id: 'Object Repository/LoggedOutPages/CreateAccount/Email_ErrorMessage' located by 'By.xpath: //html//div[@id='AccountInfo']/div[1]/div[1]/div[2]/span[1]/span[1]' is not present after '30' second(s)

2018-06-05 12:09:51 - [MESSAGE][WARNING] - Timeout '0' is invalid. Using default page load timeout: '30'

2018-06-05 12:09:51 - [MESSAGE][PASSED] - Web element with id: 'Object Repository/LoggedOutPages/CreateAccount/Email_ErrorMessage' located by 'By.xpath: //html//div[@id='AccountInfo']/div[1]/div[1]/div[2]/span[1]/span[1]' is not present after '30' second(s)

2018-06-05 12:09:51 - [TEST_STEP][PASSED] - verifyElementPresent: Object 'Object Repository/LoggedOutPages/CreateAccount/ConfirmEmail_ErrorMessage' is present

2018-06-05 12:09:51 - [MESSAGE][WARNING] - Timeout '0' is invalid. Using default page load timeout: '30'

2018-06-05 12:09:51 - [MESSAGE][PASSED] - Object 'Object Repository/LoggedOutPages/CreateAccount/ConfirmEmail_ErrorMessage' is present

2018-06-05 12:09:51 - [TEST_STEP][PASSED] - verifyElementText: Actual text and expected text of test object 'Object Repository/LoggedOutPages/CreateAccount/ConfirmEmail_ErrorMessage' are matched.

2018-06-05 12:09:52 - [MESSAGE][PASSED] - Actual text and expected text of test object 'Object Repository/LoggedOutPages/CreateAccount/ConfirmEmail_ErrorMessage' are matched.

2018-06-05 12:09:52 - [TEST_STEP][PASSED] - setText: Text '20180605120950436@mailinator.com' is set on object 'Object Repository/LoggedOutPages/CreateAccount/ConfirmEmail_Input'

2018-06-05 12:09:52 - [MESSAGE][PASSED] - Text '20180605120950436@mailinator.com' is set on object 'Object Repository/LoggedOutPages/CreateAccount/ConfirmEmail_Input'

2018-06-05 12:09:52 - [TEST_STEP][PASSED] - click: Object: 'Object Repository/LoggedOutPages/CreateAccount/Password_Input' is clicked on

2018-06-05 12:09:52 - [MESSAGE][PASSED] - Object: 'Object Repository/LoggedOutPages/CreateAccount/Password_Input' is clicked on

2018-06-05 12:09:52 - [TEST_STEP][PASSED] - verifyElementNotPresent: Web element with id: 'Object Repository/LoggedOutPages/CreateAccount/Email_ErrorMessage' located by 'By.xpath: //html//div[@id='AccountInfo']/div[1]/div[1]/div[2]/span[1]/span[1]' is not present after '30' second(s)

2018-06-05 12:09:52 - [MESSAGE][WARNING] - Timeout '0' is invalid. Using default page load timeout: '30'

2018-06-05 12:09:52 - [MESSAGE][PASSED] - Web element with id: 'Object Repository/LoggedOutPages/CreateAccount/Email_ErrorMessage' located by 'By.xpath: //html//div[@id='AccountInfo']/div[1]/div[1]/div[2]/span[1]/span[1]' is not present after '30' second(s)

2018-06-05 12:09:52 - [TEST_STEP][PASSED] - verifyElementNotPresent: Web element with id: 'Object Repository/LoggedOutPages/CreateAccount/ConfirmEmail_ErrorMessage' located by 'By.xpath: //span[contains(text(),'Does not match the Email Address')]' is not present after '30' second(s)

2018-06-05 12:09:52 - [MESSAGE][WARNING] - Timeout '0' is invalid. Using default page load timeout: '30'

2018-06-05 12:09:52 - [MESSAGE][PASSED] - Web element with id: 'Object Repository/LoggedOutPages/CreateAccount/ConfirmEmail_ErrorMessage' located by 'By.xpath: //span[contains(text(),'Does not match the Email Address')]' is not present after '30' second(s)

2018-06-05 12:09:52 - [TEST_STEP][PASSED] - closeBrowser: Browser is closed

2018-06-05 12:09:53 - [MESSAGE][PASSED] - Browser is closed]]></system-out>
         <system-err><![CDATA[]]></system-err>
      </testcase>
      <testcase name="Test Cases/SignUpDealer - ShortAndMissmatchedPass" classname="Test Cases/SignUpDealer - ShortAndMissmatchedPass" status="PASSED">
         <system-out><![CDATA[2018-06-05 12:09:53 - [TEST_CASE][PASSED] - Test Cases/SignUpDealer - ShortAndMissmatchedPass: Test Cases/SignUpDealer - ShortAndMissmatchedPass

2018-06-05 12:09:53 - [TEST_STEP][PASSED] - openBrowser: Browser is opened with url: ''

2018-06-05 12:09:56 - [MESSAGE][PASSED] - Browser is opened with url: ''

2018-06-05 12:09:56 - [TEST_STEP][PASSED] - maximizeWindow: Current window maximized

2018-06-05 12:09:57 - [MESSAGE][PASSED] - Current window maximized

2018-06-05 12:09:57 - [TEST_STEP][PASSED] - Statement - StartURL = com.kms.katalon.core.webui.keyword.WebUiBuiltInKeywords.concatenate([StagingReact, "create-account"]): Concatenated string array: '['https://dev-front.instavin.com/','create-account']' into 'https://dev-front.instavin.com/create-account'

2018-06-05 12:09:57 - [MESSAGE][PASSED] - Concatenated string array: '['https://dev-front.instavin.com/','create-account']' into 'https://dev-front.instavin.com/create-account'

2018-06-05 12:09:57 - [TEST_STEP][PASSED] - navigateToUrl: Navigate to 'https://dev-front.instavin.com/create-account' successfully

2018-06-05 12:09:59 - [MESSAGE][PASSED] - Navigate to 'https://dev-front.instavin.com/create-account' successfully

2018-06-05 12:09:59 - [TEST_STEP][PASSED] - click: Object: 'Object Repository/LoggedOutPages/CreateAccount/Dealer_Button' is clicked on

2018-06-05 12:09:59 - [MESSAGE][PASSED] - Object: 'Object Repository/LoggedOutPages/CreateAccount/Dealer_Button' is clicked on

2018-06-05 12:09:59 - [TEST_STEP][PASSED] - verifyElementText: Actual text and expected text of test object 'Object Repository/LoggedOutPages/CreateAccount/Copy_Label' are matched.

2018-06-05 12:09:59 - [MESSAGE][PASSED] - Actual text and expected text of test object 'Object Repository/LoggedOutPages/CreateAccount/Copy_Label' are matched.

2018-06-05 12:09:59 - [TEST_STEP][PASSED] - verifyTextPresent: Text 'Dealer Information' is present on page 

2018-06-05 12:10:00 - [MESSAGE][PASSED] - Text 'Dealer Information' is present on page 

2018-06-05 12:10:00 - [TEST_STEP][PASSED] - setText: Text '11' is set on object 'Object Repository/LoggedOutPages/CreateAccount/Password_Input'

2018-06-05 12:10:00 - [MESSAGE][PASSED] - Text '11' is set on object 'Object Repository/LoggedOutPages/CreateAccount/Password_Input'

2018-06-05 12:10:00 - [TEST_STEP][PASSED] - click: Object: 'Object Repository/LoggedOutPages/CreateAccount/Email_Input' is clicked on

2018-06-05 12:10:00 - [MESSAGE][PASSED] - Object: 'Object Repository/LoggedOutPages/CreateAccount/Email_Input' is clicked on

2018-06-05 12:10:00 - [TEST_STEP][PASSED] - verifyElementPresent: Object 'Object Repository/LoggedOutPages/CreateAccount/Password_ErrorMessage' is present

2018-06-05 12:10:00 - [MESSAGE][WARNING] - Timeout '0' is invalid. Using default page load timeout: '30'

2018-06-05 12:10:00 - [MESSAGE][PASSED] - Object 'Object Repository/LoggedOutPages/CreateAccount/Password_ErrorMessage' is present

2018-06-05 12:10:00 - [TEST_STEP][PASSED] - verifyElementText: Actual text and expected text of test object 'Object Repository/LoggedOutPages/CreateAccount/Password_ErrorMessage' are matched.

2018-06-05 12:10:00 - [MESSAGE][PASSED] - Actual text and expected text of test object 'Object Repository/LoggedOutPages/CreateAccount/Password_ErrorMessage' are matched.

2018-06-05 12:10:00 - [TEST_STEP][PASSED] - verifyElementNotPresent: Web element with id: 'Object Repository/LoggedOutPages/CreateAccount/ConfirmPassword_ErrorMessage' located by 'By.xpath: //div[@id='AccountInfo']//div[@class='FormSectionContainer']//div[@class='FieldComboBox Clear']//div[@class='Field_Standard']//span[@class='field-validation-error']//span' is not present after '30' second(s)

2018-06-05 12:10:00 - [MESSAGE][WARNING] - Timeout '0' is invalid. Using default page load timeout: '30'

2018-06-05 12:10:00 - [MESSAGE][PASSED] - Web element with id: 'Object Repository/LoggedOutPages/CreateAccount/ConfirmPassword_ErrorMessage' located by 'By.xpath: //div[@id='AccountInfo']//div[@class='FormSectionContainer']//div[@class='FieldComboBox Clear']//div[@class='Field_Standard']//span[@class='field-validation-error']//span' is not present after '30' second(s)

2018-06-05 12:10:00 - [TEST_STEP][PASSED] - setText: Text '111111' is set on object 'Object Repository/LoggedOutPages/CreateAccount/Password_Input'

2018-06-05 12:10:00 - [MESSAGE][PASSED] - Text '111111' is set on object 'Object Repository/LoggedOutPages/CreateAccount/Password_Input'

2018-06-05 12:10:00 - [TEST_STEP][PASSED] - click: Object: 'Object Repository/LoggedOutPages/CreateAccount/Email_Input' is clicked on

2018-06-05 12:10:00 - [MESSAGE][PASSED] - Object: 'Object Repository/LoggedOutPages/CreateAccount/Email_Input' is clicked on

2018-06-05 12:10:00 - [TEST_STEP][PASSED] - verifyElementNotPresent: Web element with id: 'Object Repository/LoggedOutPages/CreateAccount/Password_ErrorMessage' located by 'By.xpath: //html//div[@id='AccountInfo']/div[2]/div[1]/div[2]/span[1]/span[1]' is not present after '30' second(s)

2018-06-05 12:10:00 - [MESSAGE][WARNING] - Timeout '0' is invalid. Using default page load timeout: '30'

2018-06-05 12:10:01 - [MESSAGE][PASSED] - Web element with id: 'Object Repository/LoggedOutPages/CreateAccount/Password_ErrorMessage' located by 'By.xpath: //html//div[@id='AccountInfo']/div[2]/div[1]/div[2]/span[1]/span[1]' is not present after '30' second(s)

2018-06-05 12:10:01 - [TEST_STEP][PASSED] - verifyElementNotPresent: Web element with id: 'Object Repository/LoggedOutPages/CreateAccount/ConfirmPassword_ErrorMessage' located by 'By.xpath: //div[@id='AccountInfo']//div[@class='FormSectionContainer']//div[@class='FieldComboBox Clear']//div[@class='Field_Standard']//span[@class='field-validation-error']//span' is not present after '30' second(s)

2018-06-05 12:10:01 - [MESSAGE][WARNING] - Timeout '0' is invalid. Using default page load timeout: '30'

2018-06-05 12:10:01 - [MESSAGE][PASSED] - Web element with id: 'Object Repository/LoggedOutPages/CreateAccount/ConfirmPassword_ErrorMessage' located by 'By.xpath: //div[@id='AccountInfo']//div[@class='FormSectionContainer']//div[@class='FieldComboBox Clear']//div[@class='Field_Standard']//span[@class='field-validation-error']//span' is not present after '30' second(s)

2018-06-05 12:10:01 - [TEST_STEP][PASSED] - setText: Text '11' is set on object 'Object Repository/LoggedOutPages/CreateAccount/ConfirmPassword_Input'

2018-06-05 12:10:01 - [MESSAGE][PASSED] - Text '11' is set on object 'Object Repository/LoggedOutPages/CreateAccount/ConfirmPassword_Input'

2018-06-05 12:10:01 - [TEST_STEP][PASSED] - click: Object: 'Object Repository/LoggedOutPages/CreateAccount/Email_Input' is clicked on

2018-06-05 12:10:01 - [MESSAGE][PASSED] - Object: 'Object Repository/LoggedOutPages/CreateAccount/Email_Input' is clicked on

2018-06-05 12:10:01 - [TEST_STEP][PASSED] - verifyElementNotPresent: Web element with id: 'Object Repository/LoggedOutPages/CreateAccount/Password_ErrorMessage' located by 'By.xpath: //html//div[@id='AccountInfo']/div[2]/div[1]/div[2]/span[1]/span[1]' is not present after '30' second(s)

2018-06-05 12:10:01 - [MESSAGE][WARNING] - Timeout '0' is invalid. Using default page load timeout: '30'

2018-06-05 12:10:01 - [MESSAGE][PASSED] - Web element with id: 'Object Repository/LoggedOutPages/CreateAccount/Password_ErrorMessage' located by 'By.xpath: //html//div[@id='AccountInfo']/div[2]/div[1]/div[2]/span[1]/span[1]' is not present after '30' second(s)

2018-06-05 12:10:01 - [TEST_STEP][PASSED] - verifyElementPresent: Object 'Object Repository/LoggedOutPages/CreateAccount/ConfirmPassword_ErrorMessage' is present

2018-06-05 12:10:01 - [MESSAGE][WARNING] - Timeout '0' is invalid. Using default page load timeout: '30'

2018-06-05 12:10:01 - [MESSAGE][PASSED] - Object 'Object Repository/LoggedOutPages/CreateAccount/ConfirmPassword_ErrorMessage' is present

2018-06-05 12:10:01 - [TEST_STEP][PASSED] - verifyElementText: Actual text and expected text of test object 'Object Repository/LoggedOutPages/CreateAccount/ConfirmPassword_ErrorMessage' are matched.

2018-06-05 12:10:01 - [MESSAGE][PASSED] - Actual text and expected text of test object 'Object Repository/LoggedOutPages/CreateAccount/ConfirmPassword_ErrorMessage' are matched.

2018-06-05 12:10:01 - [TEST_STEP][PASSED] - setText: Text '111111' is set on object 'Object Repository/LoggedOutPages/CreateAccount/ConfirmPassword_Input'

2018-06-05 12:10:02 - [MESSAGE][PASSED] - Text '111111' is set on object 'Object Repository/LoggedOutPages/CreateAccount/ConfirmPassword_Input'

2018-06-05 12:10:02 - [TEST_STEP][PASSED] - click: Object: 'Object Repository/LoggedOutPages/CreateAccount/Email_Input' is clicked on

2018-06-05 12:10:02 - [MESSAGE][PASSED] - Object: 'Object Repository/LoggedOutPages/CreateAccount/Email_Input' is clicked on

2018-06-05 12:10:02 - [TEST_STEP][PASSED] - verifyElementNotPresent: Web element with id: 'Object Repository/LoggedOutPages/CreateAccount/Password_ErrorMessage' located by 'By.xpath: //html//div[@id='AccountInfo']/div[2]/div[1]/div[2]/span[1]/span[1]' is not present after '30' second(s)

2018-06-05 12:10:02 - [MESSAGE][WARNING] - Timeout '0' is invalid. Using default page load timeout: '30'

2018-06-05 12:10:02 - [MESSAGE][PASSED] - Web element with id: 'Object Repository/LoggedOutPages/CreateAccount/Password_ErrorMessage' located by 'By.xpath: //html//div[@id='AccountInfo']/div[2]/div[1]/div[2]/span[1]/span[1]' is not present after '30' second(s)

2018-06-05 12:10:02 - [TEST_STEP][PASSED] - verifyElementNotPresent: Web element with id: 'Object Repository/LoggedOutPages/CreateAccount/ConfirmPassword_ErrorMessage' located by 'By.xpath: //div[@id='AccountInfo']//div[@class='FormSectionContainer']//div[@class='FieldComboBox Clear']//div[@class='Field_Standard']//span[@class='field-validation-error']//span' is not present after '30' second(s)

2018-06-05 12:10:02 - [MESSAGE][WARNING] - Timeout '0' is invalid. Using default page load timeout: '30'

2018-06-05 12:10:02 - [MESSAGE][PASSED] - Web element with id: 'Object Repository/LoggedOutPages/CreateAccount/ConfirmPassword_ErrorMessage' located by 'By.xpath: //div[@id='AccountInfo']//div[@class='FormSectionContainer']//div[@class='FieldComboBox Clear']//div[@class='Field_Standard']//span[@class='field-validation-error']//span' is not present after '30' second(s)

2018-06-05 12:10:02 - [TEST_STEP][PASSED] - closeBrowser: Browser is closed

2018-06-05 12:10:03 - [MESSAGE][PASSED] - Browser is closed]]></system-out>
         <system-err><![CDATA[]]></system-err>
      </testcase>
      <testcase name="Test Cases/SignUpDealer - CopyBuyer" classname="Test Cases/SignUpDealer - CopyBuyer" status="PASSED">
         <system-out><![CDATA[2018-06-05 12:10:03 - [TEST_CASE][PASSED] - Test Cases/SignUpDealer - CopyBuyer: Test Cases/SignUpDealer - CopyBuyer

2018-06-05 12:10:03 - [TEST_STEP][PASSED] - openBrowser: Browser is opened with url: ''

2018-06-05 12:10:05 - [MESSAGE][PASSED] - Browser is opened with url: ''

2018-06-05 12:10:05 - [TEST_STEP][PASSED] - maximizeWindow: Current window maximized

2018-06-05 12:10:07 - [MESSAGE][PASSED] - Current window maximized

2018-06-05 12:10:07 - [TEST_STEP][PASSED] - Statement - StartURL = com.kms.katalon.core.webui.keyword.WebUiBuiltInKeywords.concatenate([StagingReact, "create-account"]): Concatenated string array: '['https://dev-front.instavin.com/','create-account']' into 'https://dev-front.instavin.com/create-account'

2018-06-05 12:10:07 - [MESSAGE][PASSED] - Concatenated string array: '['https://dev-front.instavin.com/','create-account']' into 'https://dev-front.instavin.com/create-account'

2018-06-05 12:10:07 - [TEST_STEP][PASSED] - navigateToUrl: Navigate to 'https://dev-front.instavin.com/create-account' successfully

2018-06-05 12:10:09 - [MESSAGE][PASSED] - Navigate to 'https://dev-front.instavin.com/create-account' successfully

2018-06-05 12:10:09 - [TEST_STEP][PASSED] - click: Object: 'Object Repository/LoggedOutPages/CreateAccount/Dealer_Button' is clicked on

2018-06-05 12:10:09 - [MESSAGE][PASSED] - Object: 'Object Repository/LoggedOutPages/CreateAccount/Dealer_Button' is clicked on

2018-06-05 12:10:09 - [TEST_STEP][PASSED] - verifyElementText: Actual text and expected text of test object 'Object Repository/LoggedOutPages/CreateAccount/Copy_Label' are matched.

2018-06-05 12:10:09 - [MESSAGE][PASSED] - Actual text and expected text of test object 'Object Repository/LoggedOutPages/CreateAccount/Copy_Label' are matched.

2018-06-05 12:10:09 - [TEST_STEP][PASSED] - verifyTextPresent: Text 'Dealer Information' is present on page 

2018-06-05 12:10:10 - [MESSAGE][PASSED] - Text 'Dealer Information' is present on page 

2018-06-05 12:10:10 - [TEST_STEP][PASSED] - verifyTextPresent: Text 'AuctionACCESS ID Number' is present on page 

2018-06-05 12:10:10 - [MESSAGE][PASSED] - Text 'AuctionACCESS ID Number' is present on page 

2018-06-05 12:10:10 - [TEST_STEP][PASSED] - verifyTextPresent: Text 'Business Name' is present on page 

2018-06-05 12:10:10 - [MESSAGE][PASSED] - Text 'Business Name' is present on page 

2018-06-05 12:10:10 - [TEST_STEP][PASSED] - setText: Text 'Dealer' is set on object 'Object Repository/LoggedOutPages/CreateAccount/FirstName_Input'

2018-06-05 12:10:10 - [MESSAGE][PASSED] - Text 'Dealer' is set on object 'Object Repository/LoggedOutPages/CreateAccount/FirstName_Input'

2018-06-05 12:10:10 - [TEST_STEP][PASSED] - setText: Text 'Last' is set on object 'Object Repository/LoggedOutPages/CreateAccount/LastName_Input'

2018-06-05 12:10:11 - [MESSAGE][PASSED] - Text 'Last' is set on object 'Object Repository/LoggedOutPages/CreateAccount/LastName_Input'

2018-06-05 12:10:11 - [TEST_STEP][PASSED] - setText: Text 'TestAddress' is set on object 'Object Repository/LoggedOutPages/CreateAccount/Address_Input'

2018-06-05 12:10:11 - [MESSAGE][PASSED] - Text 'TestAddress' is set on object 'Object Repository/LoggedOutPages/CreateAccount/Address_Input'

2018-06-05 12:10:11 - [TEST_STEP][PASSED] - setText: Text 'Autotest' is set on object 'Object Repository/LoggedOutPages/CreateAccount/City_Input'

2018-06-05 12:10:11 - [MESSAGE][PASSED] - Text 'Autotest' is set on object 'Object Repository/LoggedOutPages/CreateAccount/City_Input'

2018-06-05 12:10:11 - [TEST_STEP][PASSED] - selectOptionByValue: All options with value 'CA' are selected in object 'Object Repository/LoggedOutPages/CreateAccount/State_Dropdown' 

2018-06-05 12:10:11 - [MESSAGE][PASSED] - All options with value 'CA' are selected in object 'Object Repository/LoggedOutPages/CreateAccount/State_Dropdown' 

2018-06-05 12:10:11 - [TEST_STEP][PASSED] - setText: Text '11111' is set on object 'Object Repository/LoggedOutPages/CreateAccount/Zip_Input'

2018-06-05 12:10:12 - [MESSAGE][PASSED] - Text '11111' is set on object 'Object Repository/LoggedOutPages/CreateAccount/Zip_Input'

2018-06-05 12:10:12 - [TEST_STEP][PASSED] - check: Object 'Object Repository/LoggedOutPages/CreateAccount/Copy_Checkbox' is checked

2018-06-05 12:10:12 - [MESSAGE][PASSED] - Object 'Object Repository/LoggedOutPages/CreateAccount/Copy_Checkbox' is checked

2018-06-05 12:10:12 - [TEST_STEP][PASSED] - verifyElementAttributeValue: Object 'Object Repository/LoggedOutPages/CreateAccount/BillingFirstName_Input' has attribute 'value' with value 'Dealer'

2018-06-05 12:10:12 - [MESSAGE][WARNING] - Timeout '0' is invalid. Using default page load timeout: '30'

2018-06-05 12:10:12 - [MESSAGE][PASSED] - Object 'Object Repository/LoggedOutPages/CreateAccount/BillingFirstName_Input' has attribute 'value' with value 'Dealer'

2018-06-05 12:10:12 - [TEST_STEP][PASSED] - verifyElementHasAttribute: Object 'Object Repository/LoggedOutPages/CreateAccount/BillingFirstName_Input' has attribute 'disabled'

2018-06-05 12:10:12 - [MESSAGE][WARNING] - Timeout '0' is invalid. Using default page load timeout: '30'

2018-06-05 12:10:12 - [MESSAGE][PASSED] - Object 'Object Repository/LoggedOutPages/CreateAccount/BillingFirstName_Input' has attribute 'disabled'

2018-06-05 12:10:12 - [TEST_STEP][PASSED] - verifyElementAttributeValue: Object 'Object Repository/LoggedOutPages/CreateAccount/BillingLastName_Input' has attribute 'value' with value 'Last'

2018-06-05 12:10:12 - [MESSAGE][WARNING] - Timeout '0' is invalid. Using default page load timeout: '30'

2018-06-05 12:10:12 - [MESSAGE][PASSED] - Object 'Object Repository/LoggedOutPages/CreateAccount/BillingLastName_Input' has attribute 'value' with value 'Last'

2018-06-05 12:10:12 - [TEST_STEP][PASSED] - verifyElementHasAttribute: Object 'Object Repository/LoggedOutPages/CreateAccount/BillingLastName_Input' has attribute 'disabled'

2018-06-05 12:10:12 - [MESSAGE][WARNING] - Timeout '0' is invalid. Using default page load timeout: '30'

2018-06-05 12:10:13 - [MESSAGE][PASSED] - Object 'Object Repository/LoggedOutPages/CreateAccount/BillingLastName_Input' has attribute 'disabled'

2018-06-05 12:10:13 - [TEST_STEP][PASSED] - verifyElementAttributeValue: Object 'Object Repository/LoggedOutPages/CreateAccount/BillingAddress_Input' has attribute 'value' with value 'TestAddress'

2018-06-05 12:10:13 - [MESSAGE][WARNING] - Timeout '0' is invalid. Using default page load timeout: '30'

2018-06-05 12:10:13 - [MESSAGE][PASSED] - Object 'Object Repository/LoggedOutPages/CreateAccount/BillingAddress_Input' has attribute 'value' with value 'TestAddress'

2018-06-05 12:10:13 - [TEST_STEP][PASSED] - verifyElementHasAttribute: Object 'Object Repository/LoggedOutPages/CreateAccount/BillingAddress_Input' has attribute 'disabled'

2018-06-05 12:10:13 - [MESSAGE][WARNING] - Timeout '0' is invalid. Using default page load timeout: '30'

2018-06-05 12:10:13 - [MESSAGE][PASSED] - Object 'Object Repository/LoggedOutPages/CreateAccount/BillingAddress_Input' has attribute 'disabled'

2018-06-05 12:10:13 - [TEST_STEP][PASSED] - verifyElementAttributeValue: Object 'Object Repository/LoggedOutPages/CreateAccount/BillingZip_Input' has attribute 'value' with value '11111'

2018-06-05 12:10:13 - [MESSAGE][WARNING] - Timeout '0' is invalid. Using default page load timeout: '30'

2018-06-05 12:10:13 - [MESSAGE][PASSED] - Object 'Object Repository/LoggedOutPages/CreateAccount/BillingZip_Input' has attribute 'value' with value '11111'

2018-06-05 12:10:13 - [TEST_STEP][PASSED] - verifyElementHasAttribute: Object 'Object Repository/LoggedOutPages/CreateAccount/BillingZip_Input' has attribute 'disabled'

2018-06-05 12:10:13 - [MESSAGE][WARNING] - Timeout '0' is invalid. Using default page load timeout: '30'

2018-06-05 12:10:13 - [MESSAGE][PASSED] - Object 'Object Repository/LoggedOutPages/CreateAccount/BillingZip_Input' has attribute 'disabled'

2018-06-05 12:10:13 - [TEST_STEP][PASSED] - closeBrowser: Browser is closed

2018-06-05 12:10:14 - [MESSAGE][PASSED] - Browser is closed]]></system-out>
         <system-err><![CDATA[]]></system-err>
      </testcase>
      <testcase name="Test Cases/SignUpConsumer - ValidFields" classname="Test Cases/SignUpConsumer - ValidFields" status="PASSED">
         <system-out><![CDATA[2018-06-05 12:10:14 - [TEST_CASE][PASSED] - Test Cases/SignUpConsumer - ValidFields: Test Cases/SignUpConsumer - ValidFields

2018-06-05 12:10:14 - [TEST_STEP][PASSED] - openBrowser: Browser is opened with url: ''

2018-06-05 12:10:16 - [MESSAGE][PASSED] - Browser is opened with url: ''

2018-06-05 12:10:16 - [TEST_STEP][PASSED] - maximizeWindow: Current window maximized

2018-06-05 12:10:18 - [MESSAGE][PASSED] - Current window maximized

2018-06-05 12:10:18 - [TEST_STEP][PASSED] - Statement - StartURL = com.kms.katalon.core.webui.keyword.WebUiBuiltInKeywords.concatenate([StagingReact, "create-account"]): Concatenated string array: '['https://dev-front.instavin.com/','create-account']' into 'https://dev-front.instavin.com/create-account'

2018-06-05 12:10:18 - [MESSAGE][PASSED] - Concatenated string array: '['https://dev-front.instavin.com/','create-account']' into 'https://dev-front.instavin.com/create-account'

2018-06-05 12:10:18 - [TEST_STEP][PASSED] - navigateToUrl: Navigate to 'https://dev-front.instavin.com/create-account' successfully

2018-06-05 12:10:21 - [MESSAGE][PASSED] - Navigate to 'https://dev-front.instavin.com/create-account' successfully

2018-06-05 12:10:21 - [TEST_STEP][PASSED] - verifyElementText: Actual text and expected text of test object 'Object Repository/LoggedOutPages/CreateAccount/Copy_Label' are matched.

2018-06-05 12:10:21 - [MESSAGE][PASSED] - Actual text and expected text of test object 'Object Repository/LoggedOutPages/CreateAccount/Copy_Label' are matched.

2018-06-05 12:10:21 - [TEST_STEP][PASSED] - verifyTextPresent: Text 'Buyer Information' is present on page 

2018-06-05 12:10:22 - [MESSAGE][PASSED] - Text 'Buyer Information' is present on page 

2018-06-05 12:10:22 - [TEST_STEP][PASSED] - verifyElementText: Actual text and expected text of test object 'Object Repository/LoggedOutPages/CreateAccount/Name_Label' are matched.

2018-06-05 12:10:22 - [MESSAGE][PASSED] - Actual text and expected text of test object 'Object Repository/LoggedOutPages/CreateAccount/Name_Label' are matched.

2018-06-05 12:10:22 - [TEST_STEP][PASSED] - verifyElementText: Actual text and expected text of test object 'Object Repository/LoggedOutPages/CreateAccount/Address_Label' are matched.

2018-06-05 12:10:22 - [MESSAGE][PASSED] - Actual text and expected text of test object 'Object Repository/LoggedOutPages/CreateAccount/Address_Label' are matched.

2018-06-05 12:10:22 - [TEST_STEP][PASSED] - Statement - now = new java.util.Date(): null

2018-06-05 12:10:22 - [TEST_STEP][PASSED] - Statement - rnd = now.format("yyyyMMddHHmmssSSS").toString(): null

2018-06-05 12:10:22 - [TEST_STEP][PASSED] - Statement - Email = com.kms.katalon.core.webui.keyword.WebUiBuiltInKeywords.concatenate(["buyer", rnd, "@mailinator.com"]): Concatenated string array: '['buyer','20180605121022396','@mailinator.com']' into 'buyer20180605121022396@mailinator.com'

2018-06-05 12:10:22 - [MESSAGE][PASSED] - Concatenated string array: '['buyer','20180605121022396','@mailinator.com']' into 'buyer20180605121022396@mailinator.com'

2018-06-05 12:10:22 - [TEST_STEP][PASSED] - setText: Text 'Consumer' is set on object 'Object Repository/LoggedOutPages/CreateAccount/FirstName_Input'

2018-06-05 12:10:22 - [MESSAGE][PASSED] - Text 'Consumer' is set on object 'Object Repository/LoggedOutPages/CreateAccount/FirstName_Input'

2018-06-05 12:10:22 - [TEST_STEP][PASSED] - setText: Text 'Test' is set on object 'Object Repository/LoggedOutPages/CreateAccount/LastName_Input'

2018-06-05 12:10:22 - [MESSAGE][PASSED] - Text 'Test' is set on object 'Object Repository/LoggedOutPages/CreateAccount/LastName_Input'

2018-06-05 12:10:22 - [TEST_STEP][PASSED] - setText: Text 'test' is set on object 'Object Repository/LoggedOutPages/CreateAccount/Address_Input'

2018-06-05 12:10:23 - [MESSAGE][PASSED] - Text 'test' is set on object 'Object Repository/LoggedOutPages/CreateAccount/Address_Input'

2018-06-05 12:10:23 - [TEST_STEP][PASSED] - setText: Text 'test' is set on object 'Object Repository/LoggedOutPages/CreateAccount/City_Input'

2018-06-05 12:10:23 - [MESSAGE][PASSED] - Text 'test' is set on object 'Object Repository/LoggedOutPages/CreateAccount/City_Input'

2018-06-05 12:10:23 - [TEST_STEP][PASSED] - selectOptionByValue: All options with value 'CA' are selected in object 'Object Repository/LoggedOutPages/CreateAccount/State_Dropdown' 

2018-06-05 12:10:23 - [MESSAGE][PASSED] - All options with value 'CA' are selected in object 'Object Repository/LoggedOutPages/CreateAccount/State_Dropdown' 

2018-06-05 12:10:23 - [TEST_STEP][PASSED] - setText: Text '11111' is set on object 'Object Repository/LoggedOutPages/CreateAccount/Zip_Input'

2018-06-05 12:10:23 - [MESSAGE][PASSED] - Text '11111' is set on object 'Object Repository/LoggedOutPages/CreateAccount/Zip_Input'

2018-06-05 12:10:23 - [TEST_STEP][PASSED] - setText: Text '8001112233' is set on object 'Object Repository/LoggedOutPages/CreateAccount/Phone_Input'

2018-06-05 12:10:23 - [MESSAGE][PASSED] - Text '8001112233' is set on object 'Object Repository/LoggedOutPages/CreateAccount/Phone_Input'

2018-06-05 12:10:23 - [TEST_STEP][PASSED] - setText: Text 'Consumer' is set on object 'Object Repository/LoggedOutPages/CreateAccount/BillingFirstName_Input'

2018-06-05 12:10:24 - [MESSAGE][PASSED] - Text 'Consumer' is set on object 'Object Repository/LoggedOutPages/CreateAccount/BillingFirstName_Input'

2018-06-05 12:10:24 - [TEST_STEP][PASSED] - setText: Text 'Test' is set on object 'Object Repository/LoggedOutPages/CreateAccount/BillingLastName_Input'

2018-06-05 12:10:24 - [MESSAGE][PASSED] - Text 'Test' is set on object 'Object Repository/LoggedOutPages/CreateAccount/BillingLastName_Input'

2018-06-05 12:10:24 - [TEST_STEP][PASSED] - setText: Text 'test' is set on object 'Object Repository/LoggedOutPages/CreateAccount/BillingAddress_Input'

2018-06-05 12:10:24 - [MESSAGE][PASSED] - Text 'test' is set on object 'Object Repository/LoggedOutPages/CreateAccount/BillingAddress_Input'

2018-06-05 12:10:24 - [TEST_STEP][PASSED] - setText: Text '11111' is set on object 'Object Repository/LoggedOutPages/CreateAccount/BillingZip_Input'

2018-06-05 12:10:25 - [MESSAGE][PASSED] - Text '11111' is set on object 'Object Repository/LoggedOutPages/CreateAccount/BillingZip_Input'

2018-06-05 12:10:25 - [TEST_STEP][PASSED] - setText: Text '4000100011112224' is set on object 'Object Repository/LoggedOutPages/CreateAccount/CcNumber_Input'

2018-06-05 12:10:25 - [MESSAGE][PASSED] - Text '4000100011112224' is set on object 'Object Repository/LoggedOutPages/CreateAccount/CcNumber_Input'

2018-06-05 12:10:25 - [TEST_STEP][PASSED] - selectOptionByValue: All options with value '6' are selected in object 'Object Repository/LoggedOutPages/CreateAccount/ExpirationMonth_Dropdown' 

2018-06-05 12:10:26 - [MESSAGE][PASSED] - All options with value '6' are selected in object 'Object Repository/LoggedOutPages/CreateAccount/ExpirationMonth_Dropdown' 

2018-06-05 12:10:26 - [TEST_STEP][PASSED] - setText: Text '111' is set on object 'Object Repository/LoggedOutPages/CreateAccount/CVV_Input'

2018-06-05 12:10:26 - [MESSAGE][PASSED] - Text '111' is set on object 'Object Repository/LoggedOutPages/CreateAccount/CVV_Input'

2018-06-05 12:10:26 - [TEST_STEP][PASSED] - selectOptionByValue: All options with value '2020' are selected in object 'Object Repository/LoggedOutPages/CreateAccount/ExpirationYear_Dropdown' 

2018-06-05 12:10:26 - [MESSAGE][PASSED] - All options with value '2020' are selected in object 'Object Repository/LoggedOutPages/CreateAccount/ExpirationYear_Dropdown' 

2018-06-05 12:10:26 - [TEST_STEP][PASSED] - setText: Text 'buyer20180605121022396@mailinator.com' is set on object 'Object Repository/LoggedOutPages/CreateAccount/Email_Input'

2018-06-05 12:10:27 - [MESSAGE][PASSED] - Text 'buyer20180605121022396@mailinator.com' is set on object 'Object Repository/LoggedOutPages/CreateAccount/Email_Input'

2018-06-05 12:10:27 - [TEST_STEP][PASSED] - setText: Text 'buyer20180605121022396@mailinator.com' is set on object 'Object Repository/LoggedOutPages/CreateAccount/ConfirmEmail_Input'

2018-06-05 12:10:27 - [MESSAGE][PASSED] - Text 'buyer20180605121022396@mailinator.com' is set on object 'Object Repository/LoggedOutPages/CreateAccount/ConfirmEmail_Input'

2018-06-05 12:10:27 - [TEST_STEP][PASSED] - setText: Text '111111' is set on object 'Object Repository/LoggedOutPages/CreateAccount/Password_Input'

2018-06-05 12:10:28 - [MESSAGE][PASSED] - Text '111111' is set on object 'Object Repository/LoggedOutPages/CreateAccount/Password_Input'

2018-06-05 12:10:28 - [TEST_STEP][PASSED] - setText: Text '111111' is set on object 'Object Repository/LoggedOutPages/CreateAccount/ConfirmPassword_Input'

2018-06-05 12:10:28 - [MESSAGE][PASSED] - Text '111111' is set on object 'Object Repository/LoggedOutPages/CreateAccount/ConfirmPassword_Input'

2018-06-05 12:10:28 - [TEST_STEP][PASSED] - check: Object 'Object Repository/LoggedOutPages/CreateAccount/AcceptTos_Checkbox' is checked

2018-06-05 12:10:28 - [MESSAGE][PASSED] - Object 'Object Repository/LoggedOutPages/CreateAccount/AcceptTos_Checkbox' is checked

2018-06-05 12:10:28 - [TEST_STEP][PASSED] - click: Object: 'Object Repository/LoggedOutPages/CreateAccount/Submit_button' is clicked on

2018-06-05 12:10:28 - [MESSAGE][PASSED] - Object: 'Object Repository/LoggedOutPages/CreateAccount/Submit_button' is clicked on

2018-06-05 12:10:28 - [TEST_STEP][PASSED] - waitForElementVisible: Object 'Object Repository/LoggedInPages/MyAccount/Account_Header' is visible

2018-06-05 12:10:28 - [MESSAGE][WARNING] - Timeout '0' is invalid. Using default page load timeout: '30'

2018-06-05 12:10:46 - [MESSAGE][PASSED] - Object 'Object Repository/LoggedInPages/MyAccount/Account_Header' is visible

2018-06-05 12:10:46 - [TEST_STEP][PASSED] - verifyElementText: Actual text and expected text of test object 'Object Repository/LoggedInPages/MyAccount/Account_Header' are matched.

2018-06-05 12:10:46 - [MESSAGE][PASSED] - Actual text and expected text of test object 'Object Repository/LoggedInPages/MyAccount/Account_Header' are matched.

2018-06-05 12:10:46 - [TEST_STEP][PASSED] - Statement - OrderURL = com.kms.katalon.core.webui.keyword.WebUiBuiltInKeywords.concatenate([StagingReact, "order"]): Concatenated string array: '['https://dev-front.instavin.com/','order']' into 'https://dev-front.instavin.com/order'

2018-06-05 12:10:46 - [MESSAGE][PASSED] - Concatenated string array: '['https://dev-front.instavin.com/','order']' into 'https://dev-front.instavin.com/order'

2018-06-05 12:10:46 - [TEST_STEP][PASSED] - navigateToUrl: Navigate to 'https://dev-front.instavin.com/order' successfully

2018-06-05 12:10:47 - [MESSAGE][PASSED] - Navigate to 'https://dev-front.instavin.com/order' successfully

2018-06-05 12:10:47 - [TEST_STEP][PASSED] - waitForElementVisible: Object 'Object Repository/LoggedInPages/Order (react)/instaVINProducts_Label' is visible

2018-06-05 12:10:47 - [MESSAGE][WARNING] - Timeout '0' is invalid. Using default page load timeout: '30'

2018-06-05 12:10:47 - [MESSAGE][PASSED] - Object 'Object Repository/LoggedInPages/Order (react)/instaVINProducts_Label' is visible

2018-06-05 12:10:47 - [TEST_STEP][PASSED] - verifyElementText: Actual text and expected text of test object 'Object Repository/LoggedInPages/Order (react)/VtrPrice1' are matched.

2018-06-05 12:10:47 - [MESSAGE][PASSED] - Actual text and expected text of test object 'Object Repository/LoggedInPages/Order (react)/VtrPrice1' are matched.

2018-06-05 12:10:47 - [TEST_STEP][PASSED] - verifyElementText: Actual text and expected text of test object 'Object Repository/LoggedInPages/Order (react)/VtrPrice10' are matched.

2018-06-05 12:10:47 - [MESSAGE][PASSED] - Actual text and expected text of test object 'Object Repository/LoggedInPages/Order (react)/VtrPrice10' are matched.

2018-06-05 12:10:47 - [TEST_STEP][PASSED] - closeBrowser: Browser is closed

2018-06-05 12:10:48 - [MESSAGE][PASSED] - Browser is closed]]></system-out>
         <system-err><![CDATA[]]></system-err>
      </testcase>
      <testcase name="Test Cases/SignUpDealer - ValidFields" classname="Test Cases/SignUpDealer - ValidFields" status="PASSED">
         <system-out><![CDATA[2018-06-05 12:10:48 - [TEST_CASE][PASSED] - Test Cases/SignUpDealer - ValidFields: Test Cases/SignUpDealer - ValidFields

2018-06-05 12:10:48 - [TEST_STEP][PASSED] - openBrowser: Browser is opened with url: ''

2018-06-05 12:10:50 - [MESSAGE][PASSED] - Browser is opened with url: ''

2018-06-05 12:10:50 - [TEST_STEP][PASSED] - maximizeWindow: Current window maximized

2018-06-05 12:10:52 - [MESSAGE][PASSED] - Current window maximized

2018-06-05 12:10:52 - [TEST_STEP][PASSED] - Statement - StartURL = com.kms.katalon.core.webui.keyword.WebUiBuiltInKeywords.concatenate([StagingReact, "create-account"]): Concatenated string array: '['https://dev-front.instavin.com/','create-account']' into 'https://dev-front.instavin.com/create-account'

2018-06-05 12:10:52 - [MESSAGE][PASSED] - Concatenated string array: '['https://dev-front.instavin.com/','create-account']' into 'https://dev-front.instavin.com/create-account'

2018-06-05 12:10:52 - [TEST_STEP][PASSED] - navigateToUrl: Navigate to 'https://dev-front.instavin.com/create-account' successfully

2018-06-05 12:10:54 - [MESSAGE][PASSED] - Navigate to 'https://dev-front.instavin.com/create-account' successfully

2018-06-05 12:10:54 - [TEST_STEP][PASSED] - click: Object: 'Object Repository/LoggedOutPages/CreateAccount/Dealer_Button' is clicked on

2018-06-05 12:10:54 - [MESSAGE][PASSED] - Object: 'Object Repository/LoggedOutPages/CreateAccount/Dealer_Button' is clicked on

2018-06-05 12:10:54 - [TEST_STEP][PASSED] - verifyElementText: Actual text and expected text of test object 'Object Repository/LoggedOutPages/CreateAccount/Copy_Label' are matched.

2018-06-05 12:10:54 - [MESSAGE][PASSED] - Actual text and expected text of test object 'Object Repository/LoggedOutPages/CreateAccount/Copy_Label' are matched.

2018-06-05 12:10:54 - [TEST_STEP][PASSED] - verifyTextPresent: Text 'Dealer Information' is present on page 

2018-06-05 12:10:55 - [MESSAGE][PASSED] - Text 'Dealer Information' is present on page 

2018-06-05 12:10:55 - [TEST_STEP][PASSED] - Statement - now = new java.util.Date(): null

2018-06-05 12:10:55 - [TEST_STEP][PASSED] - Statement - rnd = now.format("yyyyMMddHHmmssSSS").toString(): null

2018-06-05 12:10:55 - [TEST_STEP][PASSED] - Statement - Email = com.kms.katalon.core.webui.keyword.WebUiBuiltInKeywords.concatenate(["dealer", rnd, "@mailinator.com"]): Concatenated string array: '['dealer','20180605121055143','@mailinator.com']' into 'dealer20180605121055143@mailinator.com'

2018-06-05 12:10:55 - [MESSAGE][PASSED] - Concatenated string array: '['dealer','20180605121055143','@mailinator.com']' into 'dealer20180605121055143@mailinator.com'

2018-06-05 12:10:55 - [TEST_STEP][PASSED] - setText: Text 'Test' is set on object 'Object Repository/LoggedOutPages/CreateAccount/BusinessName_Input'

2018-06-05 12:10:55 - [MESSAGE][PASSED] - Text 'Test' is set on object 'Object Repository/LoggedOutPages/CreateAccount/BusinessName_Input'

2018-06-05 12:10:55 - [TEST_STEP][PASSED] - setText: Text '111111' is set on object 'Object Repository/LoggedOutPages/CreateAccount/AccessID_Input'

2018-06-05 12:10:55 - [MESSAGE][PASSED] - Text '111111' is set on object 'Object Repository/LoggedOutPages/CreateAccount/AccessID_Input'

2018-06-05 12:10:55 - [TEST_STEP][PASSED] - setText: Text 'Dealer' is set on object 'Object Repository/LoggedOutPages/CreateAccount/FirstName_Input'

2018-06-05 12:10:55 - [MESSAGE][PASSED] - Text 'Dealer' is set on object 'Object Repository/LoggedOutPages/CreateAccount/FirstName_Input'

2018-06-05 12:10:55 - [TEST_STEP][PASSED] - setText: Text 'Test' is set on object 'Object Repository/LoggedOutPages/CreateAccount/LastName_Input'

2018-06-05 12:10:56 - [MESSAGE][PASSED] - Text 'Test' is set on object 'Object Repository/LoggedOutPages/CreateAccount/LastName_Input'

2018-06-05 12:10:56 - [TEST_STEP][PASSED] - setText: Text 'test' is set on object 'Object Repository/LoggedOutPages/CreateAccount/Address_Input'

2018-06-05 12:10:56 - [MESSAGE][PASSED] - Text 'test' is set on object 'Object Repository/LoggedOutPages/CreateAccount/Address_Input'

2018-06-05 12:10:56 - [TEST_STEP][PASSED] - setText: Text 'test' is set on object 'Object Repository/LoggedOutPages/CreateAccount/City_Input'

2018-06-05 12:10:56 - [MESSAGE][PASSED] - Text 'test' is set on object 'Object Repository/LoggedOutPages/CreateAccount/City_Input'

2018-06-05 12:10:56 - [TEST_STEP][PASSED] - selectOptionByValue: All options with value 'TX' are selected in object 'Object Repository/LoggedOutPages/CreateAccount/State_Dropdown' 

2018-06-05 12:10:56 - [MESSAGE][PASSED] - All options with value 'TX' are selected in object 'Object Repository/LoggedOutPages/CreateAccount/State_Dropdown' 

2018-06-05 12:10:56 - [TEST_STEP][PASSED] - setText: Text '11111' is set on object 'Object Repository/LoggedOutPages/CreateAccount/Zip_Input'

2018-06-05 12:10:57 - [MESSAGE][PASSED] - Text '11111' is set on object 'Object Repository/LoggedOutPages/CreateAccount/Zip_Input'

2018-06-05 12:10:57 - [TEST_STEP][PASSED] - setText: Text '8001112233' is set on object 'Object Repository/LoggedOutPages/CreateAccount/Phone_Input'

2018-06-05 12:10:57 - [MESSAGE][PASSED] - Text '8001112233' is set on object 'Object Repository/LoggedOutPages/CreateAccount/Phone_Input'

2018-06-05 12:10:57 - [TEST_STEP][PASSED] - setText: Text 'Dealer' is set on object 'Object Repository/LoggedOutPages/CreateAccount/BillingFirstName_Input'

2018-06-05 12:10:57 - [MESSAGE][PASSED] - Text 'Dealer' is set on object 'Object Repository/LoggedOutPages/CreateAccount/BillingFirstName_Input'

2018-06-05 12:10:57 - [TEST_STEP][PASSED] - setText: Text 'Test' is set on object 'Object Repository/LoggedOutPages/CreateAccount/BillingLastName_Input'

2018-06-05 12:10:58 - [MESSAGE][PASSED] - Text 'Test' is set on object 'Object Repository/LoggedOutPages/CreateAccount/BillingLastName_Input'

2018-06-05 12:10:58 - [TEST_STEP][PASSED] - setText: Text 'test' is set on object 'Object Repository/LoggedOutPages/CreateAccount/BillingAddress_Input'

2018-06-05 12:10:58 - [MESSAGE][PASSED] - Text 'test' is set on object 'Object Repository/LoggedOutPages/CreateAccount/BillingAddress_Input'

2018-06-05 12:10:58 - [TEST_STEP][PASSED] - setText: Text '11111' is set on object 'Object Repository/LoggedOutPages/CreateAccount/BillingZip_Input'

2018-06-05 12:10:58 - [MESSAGE][PASSED] - Text '11111' is set on object 'Object Repository/LoggedOutPages/CreateAccount/BillingZip_Input'

2018-06-05 12:10:58 - [TEST_STEP][PASSED] - setText: Text '4000100011112224' is set on object 'Object Repository/LoggedOutPages/CreateAccount/CcNumber_Input'

2018-06-05 12:10:59 - [MESSAGE][PASSED] - Text '4000100011112224' is set on object 'Object Repository/LoggedOutPages/CreateAccount/CcNumber_Input'

2018-06-05 12:10:59 - [TEST_STEP][PASSED] - selectOptionByValue: All options with value '6' are selected in object 'Object Repository/LoggedOutPages/CreateAccount/ExpirationMonth_Dropdown' 

2018-06-05 12:10:59 - [MESSAGE][PASSED] - All options with value '6' are selected in object 'Object Repository/LoggedOutPages/CreateAccount/ExpirationMonth_Dropdown' 

2018-06-05 12:10:59 - [TEST_STEP][PASSED] - setText: Text '111' is set on object 'Object Repository/LoggedOutPages/CreateAccount/CVV_Input'

2018-06-05 12:10:59 - [MESSAGE][PASSED] - Text '111' is set on object 'Object Repository/LoggedOutPages/CreateAccount/CVV_Input'

2018-06-05 12:10:59 - [TEST_STEP][PASSED] - selectOptionByValue: All options with value '2020' are selected in object 'Object Repository/LoggedOutPages/CreateAccount/ExpirationYear_Dropdown' 

2018-06-05 12:11:00 - [MESSAGE][PASSED] - All options with value '2020' are selected in object 'Object Repository/LoggedOutPages/CreateAccount/ExpirationYear_Dropdown' 

2018-06-05 12:11:00 - [TEST_STEP][PASSED] - setText: Text 'dealer20180605121055143@mailinator.com' is set on object 'Object Repository/LoggedOutPages/CreateAccount/Email_Input'

2018-06-05 12:11:00 - [MESSAGE][PASSED] - Text 'dealer20180605121055143@mailinator.com' is set on object 'Object Repository/LoggedOutPages/CreateAccount/Email_Input'

2018-06-05 12:11:00 - [TEST_STEP][PASSED] - setText: Text 'dealer20180605121055143@mailinator.com' is set on object 'Object Repository/LoggedOutPages/CreateAccount/ConfirmEmail_Input'

2018-06-05 12:11:01 - [MESSAGE][PASSED] - Text 'dealer20180605121055143@mailinator.com' is set on object 'Object Repository/LoggedOutPages/CreateAccount/ConfirmEmail_Input'

2018-06-05 12:11:01 - [TEST_STEP][PASSED] - setText: Text '111111' is set on object 'Object Repository/LoggedOutPages/CreateAccount/Password_Input'

2018-06-05 12:11:01 - [MESSAGE][PASSED] - Text '111111' is set on object 'Object Repository/LoggedOutPages/CreateAccount/Password_Input'

2018-06-05 12:11:01 - [TEST_STEP][PASSED] - setText: Text '111111' is set on object 'Object Repository/LoggedOutPages/CreateAccount/ConfirmPassword_Input'

2018-06-05 12:11:02 - [MESSAGE][PASSED] - Text '111111' is set on object 'Object Repository/LoggedOutPages/CreateAccount/ConfirmPassword_Input'

2018-06-05 12:11:02 - [TEST_STEP][PASSED] - check: Object 'Object Repository/LoggedOutPages/CreateAccount/AcceptTos_Checkbox' is checked

2018-06-05 12:11:02 - [MESSAGE][PASSED] - Object 'Object Repository/LoggedOutPages/CreateAccount/AcceptTos_Checkbox' is checked

2018-06-05 12:11:02 - [TEST_STEP][PASSED] - click: Object: 'Object Repository/LoggedOutPages/CreateAccount/Submit_button' is clicked on

2018-06-05 12:11:02 - [MESSAGE][PASSED] - Object: 'Object Repository/LoggedOutPages/CreateAccount/Submit_button' is clicked on

2018-06-05 12:11:02 - [TEST_STEP][PASSED] - waitForElementVisible: Object 'Object Repository/LoggedInPages/MyAccount/Account_Header' is visible

2018-06-05 12:11:02 - [MESSAGE][WARNING] - Timeout '0' is invalid. Using default page load timeout: '30'

2018-06-05 12:11:05 - [MESSAGE][PASSED] - Object 'Object Repository/LoggedInPages/MyAccount/Account_Header' is visible

2018-06-05 12:11:05 - [TEST_STEP][PASSED] - verifyElementText: Actual text and expected text of test object 'Object Repository/LoggedInPages/MyAccount/Account_Header' are matched.

2018-06-05 12:11:05 - [MESSAGE][PASSED] - Actual text and expected text of test object 'Object Repository/LoggedInPages/MyAccount/Account_Header' are matched.

2018-06-05 12:11:05 - [TEST_STEP][PASSED] - Statement - OrderURL = com.kms.katalon.core.webui.keyword.WebUiBuiltInKeywords.concatenate([StagingReact, "order"]): Concatenated string array: '['https://dev-front.instavin.com/','order']' into 'https://dev-front.instavin.com/order'

2018-06-05 12:11:05 - [MESSAGE][PASSED] - Concatenated string array: '['https://dev-front.instavin.com/','order']' into 'https://dev-front.instavin.com/order'

2018-06-05 12:11:05 - [TEST_STEP][PASSED] - navigateToUrl: Navigate to 'https://dev-front.instavin.com/order' successfully

2018-06-05 12:11:05 - [MESSAGE][PASSED] - Navigate to 'https://dev-front.instavin.com/order' successfully

2018-06-05 12:11:05 - [TEST_STEP][PASSED] - waitForElementVisible: Object 'Object Repository/LoggedInPages/Order (react)/instaVINProducts_Label' is visible

2018-06-05 12:11:05 - [MESSAGE][WARNING] - Timeout '0' is invalid. Using default page load timeout: '30'

2018-06-05 12:11:05 - [MESSAGE][PASSED] - Object 'Object Repository/LoggedInPages/Order (react)/instaVINProducts_Label' is visible

2018-06-05 12:11:05 - [TEST_STEP][PASSED] - verifyElementText: Actual text and expected text of test object 'Object Repository/LoggedInPages/Order (react)/VtrPrice1' are matched.

2018-06-05 12:11:05 - [MESSAGE][PASSED] - Actual text and expected text of test object 'Object Repository/LoggedInPages/Order (react)/VtrPrice1' are matched.

2018-06-05 12:11:05 - [TEST_STEP][PASSED] - verifyElementText: Actual text and expected text of test object 'Object Repository/LoggedInPages/Order (react)/VtrPrice10' are matched.

2018-06-05 12:11:05 - [MESSAGE][PASSED] - Actual text and expected text of test object 'Object Repository/LoggedInPages/Order (react)/VtrPrice10' are matched.

2018-06-05 12:11:05 - [TEST_STEP][PASSED] - verifyElementText: Actual text and expected text of test object 'Object Repository/LoggedInPages/Order (react)/VtrPrice50' are matched.

2018-06-05 12:11:05 - [MESSAGE][PASSED] - Actual text and expected text of test object 'Object Repository/LoggedInPages/Order (react)/VtrPrice50' are matched.

2018-06-05 12:11:05 - [TEST_STEP][PASSED] - closeBrowser: Browser is closed

2018-06-05 12:11:06 - [MESSAGE][PASSED] - Browser is closed]]></system-out>
         <system-err><![CDATA[]]></system-err>
      </testcase>
      <testcase name="Test Cases/SignUpCADealer - ValidFields" classname="Test Cases/SignUpCADealer - ValidFields" status="PASSED">
         <system-out><![CDATA[2018-06-05 12:11:06 - [TEST_CASE][PASSED] - Test Cases/SignUpCADealer - ValidFields: Test Cases/SignUpCADealer - ValidFields

2018-06-05 12:11:07 - [TEST_STEP][PASSED] - openBrowser: Browser is opened with url: ''

2018-06-05 12:11:09 - [MESSAGE][PASSED] - Browser is opened with url: ''

2018-06-05 12:11:09 - [TEST_STEP][PASSED] - maximizeWindow: Current window maximized

2018-06-05 12:11:10 - [MESSAGE][PASSED] - Current window maximized

2018-06-05 12:11:10 - [TEST_STEP][PASSED] - Statement - StartURL = com.kms.katalon.core.webui.keyword.WebUiBuiltInKeywords.concatenate([StagingReact, "create-account"]): Concatenated string array: '['https://dev-front.instavin.com/','create-account']' into 'https://dev-front.instavin.com/create-account'

2018-06-05 12:11:10 - [MESSAGE][PASSED] - Concatenated string array: '['https://dev-front.instavin.com/','create-account']' into 'https://dev-front.instavin.com/create-account'

2018-06-05 12:11:10 - [TEST_STEP][PASSED] - navigateToUrl: Navigate to 'https://dev-front.instavin.com/create-account' successfully

2018-06-05 12:11:13 - [MESSAGE][PASSED] - Navigate to 'https://dev-front.instavin.com/create-account' successfully

2018-06-05 12:11:13 - [TEST_STEP][PASSED] - click: Object: 'Object Repository/LoggedOutPages/CreateAccount/Dealer_Button' is clicked on

2018-06-05 12:11:13 - [MESSAGE][PASSED] - Object: 'Object Repository/LoggedOutPages/CreateAccount/Dealer_Button' is clicked on

2018-06-05 12:11:13 - [TEST_STEP][PASSED] - verifyElementText: Actual text and expected text of test object 'Object Repository/LoggedOutPages/CreateAccount/Copy_Label' are matched.

2018-06-05 12:11:13 - [MESSAGE][PASSED] - Actual text and expected text of test object 'Object Repository/LoggedOutPages/CreateAccount/Copy_Label' are matched.

2018-06-05 12:11:13 - [TEST_STEP][PASSED] - verifyTextPresent: Text 'Dealer Information' is present on page 

2018-06-05 12:11:13 - [MESSAGE][PASSED] - Text 'Dealer Information' is present on page 

2018-06-05 12:11:13 - [TEST_STEP][PASSED] - Statement - now = new java.util.Date(): null

2018-06-05 12:11:13 - [TEST_STEP][PASSED] - Statement - rnd = now.format("yyyyMMddHHmmssSSS").toString(): null

2018-06-05 12:11:13 - [TEST_STEP][PASSED] - Statement - Email = com.kms.katalon.core.webui.keyword.WebUiBuiltInKeywords.concatenate(["cadealer", rnd, "@mailinator.com"]): Concatenated string array: '['cadealer','20180605121113512','@mailinator.com']' into 'cadealer20180605121113512@mailinator.com'

2018-06-05 12:11:13 - [MESSAGE][PASSED] - Concatenated string array: '['cadealer','20180605121113512','@mailinator.com']' into 'cadealer20180605121113512@mailinator.com'

2018-06-05 12:11:13 - [TEST_STEP][PASSED] - setText: Text 'Test' is set on object 'Object Repository/LoggedOutPages/CreateAccount/BusinessName_Input'

2018-06-05 12:11:13 - [MESSAGE][PASSED] - Text 'Test' is set on object 'Object Repository/LoggedOutPages/CreateAccount/BusinessName_Input'

2018-06-05 12:11:13 - [TEST_STEP][PASSED] - setText: Text '111111' is set on object 'Object Repository/LoggedOutPages/CreateAccount/AccessID_Input'

2018-06-05 12:11:13 - [MESSAGE][PASSED] - Text '111111' is set on object 'Object Repository/LoggedOutPages/CreateAccount/AccessID_Input'

2018-06-05 12:11:14 - [TEST_STEP][PASSED] - setText: Text 'CaDealer' is set on object 'Object Repository/LoggedOutPages/CreateAccount/FirstName_Input'

2018-06-05 12:11:14 - [MESSAGE][PASSED] - Text 'CaDealer' is set on object 'Object Repository/LoggedOutPages/CreateAccount/FirstName_Input'

2018-06-05 12:11:14 - [TEST_STEP][PASSED] - setText: Text 'Test' is set on object 'Object Repository/LoggedOutPages/CreateAccount/LastName_Input'

2018-06-05 12:11:14 - [MESSAGE][PASSED] - Text 'Test' is set on object 'Object Repository/LoggedOutPages/CreateAccount/LastName_Input'

2018-06-05 12:11:14 - [TEST_STEP][PASSED] - setText: Text 'test' is set on object 'Object Repository/LoggedOutPages/CreateAccount/Address_Input'

2018-06-05 12:11:14 - [MESSAGE][PASSED] - Text 'test' is set on object 'Object Repository/LoggedOutPages/CreateAccount/Address_Input'

2018-06-05 12:11:14 - [TEST_STEP][PASSED] - setText: Text 'test' is set on object 'Object Repository/LoggedOutPages/CreateAccount/City_Input'

2018-06-05 12:11:14 - [MESSAGE][PASSED] - Text 'test' is set on object 'Object Repository/LoggedOutPages/CreateAccount/City_Input'

2018-06-05 12:11:14 - [TEST_STEP][PASSED] - selectOptionByValue: All options with value 'CA' are selected in object 'Object Repository/LoggedOutPages/CreateAccount/State_Dropdown' 

2018-06-05 12:11:14 - [MESSAGE][PASSED] - All options with value 'CA' are selected in object 'Object Repository/LoggedOutPages/CreateAccount/State_Dropdown' 

2018-06-05 12:11:14 - [TEST_STEP][PASSED] - setText: Text '11111' is set on object 'Object Repository/LoggedOutPages/CreateAccount/Zip_Input'

2018-06-05 12:11:15 - [MESSAGE][PASSED] - Text '11111' is set on object 'Object Repository/LoggedOutPages/CreateAccount/Zip_Input'

2018-06-05 12:11:15 - [TEST_STEP][PASSED] - setText: Text '8001112233' is set on object 'Object Repository/LoggedOutPages/CreateAccount/Phone_Input'

2018-06-05 12:11:15 - [MESSAGE][PASSED] - Text '8001112233' is set on object 'Object Repository/LoggedOutPages/CreateAccount/Phone_Input'

2018-06-05 12:11:15 - [TEST_STEP][PASSED] - setText: Text 'CaDealer' is set on object 'Object Repository/LoggedOutPages/CreateAccount/BillingFirstName_Input'

2018-06-05 12:11:16 - [MESSAGE][PASSED] - Text 'CaDealer' is set on object 'Object Repository/LoggedOutPages/CreateAccount/BillingFirstName_Input'

2018-06-05 12:11:16 - [TEST_STEP][PASSED] - setText: Text 'Test' is set on object 'Object Repository/LoggedOutPages/CreateAccount/BillingLastName_Input'

2018-06-05 12:11:16 - [MESSAGE][PASSED] - Text 'Test' is set on object 'Object Repository/LoggedOutPages/CreateAccount/BillingLastName_Input'

2018-06-05 12:11:16 - [TEST_STEP][PASSED] - setText: Text 'test' is set on object 'Object Repository/LoggedOutPages/CreateAccount/BillingAddress_Input'

2018-06-05 12:11:16 - [MESSAGE][PASSED] - Text 'test' is set on object 'Object Repository/LoggedOutPages/CreateAccount/BillingAddress_Input'

2018-06-05 12:11:16 - [TEST_STEP][PASSED] - setText: Text '11111' is set on object 'Object Repository/LoggedOutPages/CreateAccount/BillingZip_Input'

2018-06-05 12:11:16 - [MESSAGE][PASSED] - Text '11111' is set on object 'Object Repository/LoggedOutPages/CreateAccount/BillingZip_Input'

2018-06-05 12:11:16 - [TEST_STEP][PASSED] - setText: Text '4000100011112224' is set on object 'Object Repository/LoggedOutPages/CreateAccount/CcNumber_Input'

2018-06-05 12:11:17 - [MESSAGE][PASSED] - Text '4000100011112224' is set on object 'Object Repository/LoggedOutPages/CreateAccount/CcNumber_Input'

2018-06-05 12:11:17 - [TEST_STEP][PASSED] - selectOptionByValue: All options with value '6' are selected in object 'Object Repository/LoggedOutPages/CreateAccount/ExpirationMonth_Dropdown' 

2018-06-05 12:11:17 - [MESSAGE][PASSED] - All options with value '6' are selected in object 'Object Repository/LoggedOutPages/CreateAccount/ExpirationMonth_Dropdown' 

2018-06-05 12:11:17 - [TEST_STEP][PASSED] - setText: Text '111' is set on object 'Object Repository/LoggedOutPages/CreateAccount/CVV_Input'

2018-06-05 12:11:17 - [MESSAGE][PASSED] - Text '111' is set on object 'Object Repository/LoggedOutPages/CreateAccount/CVV_Input'

2018-06-05 12:11:17 - [TEST_STEP][PASSED] - selectOptionByValue: All options with value '2020' are selected in object 'Object Repository/LoggedOutPages/CreateAccount/ExpirationYear_Dropdown' 

2018-06-05 12:11:17 - [MESSAGE][PASSED] - All options with value '2020' are selected in object 'Object Repository/LoggedOutPages/CreateAccount/ExpirationYear_Dropdown' 

2018-06-05 12:11:17 - [TEST_STEP][PASSED] - setText: Text 'cadealer20180605121113512@mailinator.com' is set on object 'Object Repository/LoggedOutPages/CreateAccount/Email_Input'

2018-06-05 12:11:18 - [MESSAGE][PASSED] - Text 'cadealer20180605121113512@mailinator.com' is set on object 'Object Repository/LoggedOutPages/CreateAccount/Email_Input'

2018-06-05 12:11:18 - [TEST_STEP][PASSED] - setText: Text 'cadealer20180605121113512@mailinator.com' is set on object 'Object Repository/LoggedOutPages/CreateAccount/ConfirmEmail_Input'

2018-06-05 12:11:18 - [MESSAGE][PASSED] - Text 'cadealer20180605121113512@mailinator.com' is set on object 'Object Repository/LoggedOutPages/CreateAccount/ConfirmEmail_Input'

2018-06-05 12:11:18 - [TEST_STEP][PASSED] - setText: Text '111111' is set on object 'Object Repository/LoggedOutPages/CreateAccount/Password_Input'

2018-06-05 12:11:18 - [MESSAGE][PASSED] - Text '111111' is set on object 'Object Repository/LoggedOutPages/CreateAccount/Password_Input'

2018-06-05 12:11:18 - [TEST_STEP][PASSED] - setText: Text '111111' is set on object 'Object Repository/LoggedOutPages/CreateAccount/ConfirmPassword_Input'

2018-06-05 12:11:19 - [MESSAGE][PASSED] - Text '111111' is set on object 'Object Repository/LoggedOutPages/CreateAccount/ConfirmPassword_Input'

2018-06-05 12:11:19 - [TEST_STEP][PASSED] - check: Object 'Object Repository/LoggedOutPages/CreateAccount/AcceptTos_Checkbox' is checked

2018-06-05 12:11:19 - [MESSAGE][PASSED] - Object 'Object Repository/LoggedOutPages/CreateAccount/AcceptTos_Checkbox' is checked

2018-06-05 12:11:19 - [TEST_STEP][PASSED] - click: Object: 'Object Repository/LoggedOutPages/CreateAccount/Submit_button' is clicked on

2018-06-05 12:11:19 - [MESSAGE][PASSED] - Object: 'Object Repository/LoggedOutPages/CreateAccount/Submit_button' is clicked on

2018-06-05 12:11:19 - [TEST_STEP][PASSED] - waitForElementVisible: Object 'Object Repository/LoggedInPages/MyAccount/Account_Header' is visible

2018-06-05 12:11:19 - [MESSAGE][WARNING] - Timeout '0' is invalid. Using default page load timeout: '30'

2018-06-05 12:11:22 - [MESSAGE][PASSED] - Object 'Object Repository/LoggedInPages/MyAccount/Account_Header' is visible

2018-06-05 12:11:22 - [TEST_STEP][PASSED] - verifyElementText: Actual text and expected text of test object 'Object Repository/LoggedInPages/MyAccount/Account_Header' are matched.

2018-06-05 12:11:22 - [MESSAGE][PASSED] - Actual text and expected text of test object 'Object Repository/LoggedInPages/MyAccount/Account_Header' are matched.

2018-06-05 12:11:22 - [TEST_STEP][PASSED] - Statement - OrderURL = com.kms.katalon.core.webui.keyword.WebUiBuiltInKeywords.concatenate([StagingReact, "order"]): Concatenated string array: '['https://dev-front.instavin.com/','order']' into 'https://dev-front.instavin.com/order'

2018-06-05 12:11:22 - [MESSAGE][PASSED] - Concatenated string array: '['https://dev-front.instavin.com/','order']' into 'https://dev-front.instavin.com/order'

2018-06-05 12:11:22 - [TEST_STEP][PASSED] - navigateToUrl: Navigate to 'https://dev-front.instavin.com/order' successfully

2018-06-05 12:11:22 - [MESSAGE][PASSED] - Navigate to 'https://dev-front.instavin.com/order' successfully

2018-06-05 12:11:22 - [TEST_STEP][PASSED] - waitForElementVisible: Object 'Object Repository/LoggedInPages/Order (react)/instaVINProducts_Label' is visible

2018-06-05 12:11:22 - [MESSAGE][WARNING] - Timeout '0' is invalid. Using default page load timeout: '30'

2018-06-05 12:11:22 - [MESSAGE][PASSED] - Object 'Object Repository/LoggedInPages/Order (react)/instaVINProducts_Label' is visible

2018-06-05 12:11:22 - [TEST_STEP][PASSED] - verifyElementText: Actual text and expected text of test object 'Object Repository/LoggedInPages/Order (react)/VtrPrice1' are matched.

2018-06-05 12:11:23 - [MESSAGE][PASSED] - Actual text and expected text of test object 'Object Repository/LoggedInPages/Order (react)/VtrPrice1' are matched.

2018-06-05 12:11:23 - [TEST_STEP][PASSED] - verifyElementText: Actual text and expected text of test object 'Object Repository/LoggedInPages/Order (react)/VtrPrice10' are matched.

2018-06-05 12:11:23 - [MESSAGE][PASSED] - Actual text and expected text of test object 'Object Repository/LoggedInPages/Order (react)/VtrPrice10' are matched.

2018-06-05 12:11:23 - [TEST_STEP][PASSED] - verifyElementText: Actual text and expected text of test object 'Object Repository/LoggedInPages/Order (react)/VtrPrice50' are matched.

2018-06-05 12:11:23 - [MESSAGE][PASSED] - Actual text and expected text of test object 'Object Repository/LoggedInPages/Order (react)/VtrPrice50' are matched.

2018-06-05 12:11:23 - [TEST_STEP][PASSED] - closeBrowser: Browser is closed

2018-06-05 12:11:23 - [MESSAGE][PASSED] - Browser is closed]]></system-out>
         <system-err><![CDATA[]]></system-err>
      </testcase>
      <testcase name="Test Cases/LoginEmptyEmail" classname="Test Cases/LoginEmptyEmail" status="PASSED">
         <system-out><![CDATA[2018-06-05 12:11:23 - [TEST_CASE][PASSED] - Test Cases/LoginEmptyEmail: Test Cases/LoginEmptyEmail

2018-06-05 12:11:23 - [TEST_STEP][PASSED] - openBrowser: Browser is opened with url: ''

2018-06-05 12:11:26 - [MESSAGE][PASSED] - Browser is opened with url: ''

2018-06-05 12:11:26 - [TEST_STEP][PASSED] - maximizeWindow: Current window maximized

2018-06-05 12:11:27 - [MESSAGE][PASSED] - Current window maximized

2018-06-05 12:11:27 - [TEST_STEP][PASSED] - navigateToUrl: Navigate to 'https://dev-front.instavin.com/' successfully

2018-06-05 12:11:29 - [MESSAGE][PASSED] - Navigate to 'https://dev-front.instavin.com/' successfully

2018-06-05 12:11:29 - [TEST_STEP][PASSED] - mouseOver: Object: 'Object Repository/LoggedOutPages/CommonElements/SignIn_Label' is hovered

2018-06-05 12:11:30 - [MESSAGE][PASSED] - Object: 'Object Repository/LoggedOutPages/CommonElements/SignIn_Label' is hovered

2018-06-05 12:11:30 - [TEST_STEP][PASSED] - verifyElementVisible: Object 'Object Repository/LoggedOutPages/CommonElements/SignIn_Button' is visible

2018-06-05 12:11:30 - [MESSAGE][PASSED] - Object 'Object Repository/LoggedOutPages/CommonElements/SignIn_Button' is visible

2018-06-05 12:11:30 - [TEST_STEP][PASSED] - verifyElementVisible: Object 'Object Repository/LoggedOutPages/CommonElements/ForgotPassword_Link' is visible

2018-06-05 12:11:30 - [MESSAGE][PASSED] - Object 'Object Repository/LoggedOutPages/CommonElements/ForgotPassword_Link' is visible

2018-06-05 12:11:30 - [TEST_STEP][PASSED] - setText: Text '' is set on object 'Object Repository/LoggedOutPages/CommonElements/Email_input'

2018-06-05 12:11:30 - [MESSAGE][PASSED] - Text '' is set on object 'Object Repository/LoggedOutPages/CommonElements/Email_input'

2018-06-05 12:11:30 - [TEST_STEP][PASSED] - setText: Text 'WrongPassword' is set on object 'Object Repository/LoggedOutPages/CommonElements/Password_input'

2018-06-05 12:11:30 - [MESSAGE][PASSED] - Text 'WrongPassword' is set on object 'Object Repository/LoggedOutPages/CommonElements/Password_input'

2018-06-05 12:11:30 - [TEST_STEP][PASSED] - click: Object: 'Object Repository/LoggedOutPages/CommonElements/SignIn_Button' is clicked on

2018-06-05 12:11:30 - [MESSAGE][PASSED] - Object: 'Object Repository/LoggedOutPages/CommonElements/SignIn_Button' is clicked on

2018-06-05 12:11:30 - [TEST_STEP][PASSED] - verifyElementPresent: Object 'Object Repository/LoggedOutPages/CommonElements/SignInErrors_Area' is present

2018-06-05 12:11:30 - [MESSAGE][WARNING] - Timeout '0' is invalid. Using default page load timeout: '30'

2018-06-05 12:11:30 - [MESSAGE][PASSED] - Object 'Object Repository/LoggedOutPages/CommonElements/SignInErrors_Area' is present

2018-06-05 12:11:30 - [TEST_STEP][PASSED] - waitForElementVisible: Object 'Object Repository/LoggedOutPages/CommonElements/SignInErrors_Area' is visible

2018-06-05 12:11:30 - [MESSAGE][WARNING] - Timeout '0' is invalid. Using default page load timeout: '30'

2018-06-05 12:11:30 - [MESSAGE][PASSED] - Object 'Object Repository/LoggedOutPages/CommonElements/SignInErrors_Area' is visible

2018-06-05 12:11:30 - [TEST_STEP][PASSED] - verifyElementText: Actual text and expected text of test object 'Object Repository/LoggedOutPages/CommonElements/SignInErrors_Area' are matched.

2018-06-05 12:11:30 - [MESSAGE][PASSED] - Actual text and expected text of test object 'Object Repository/LoggedOutPages/CommonElements/SignInErrors_Area' are matched.

2018-06-05 12:11:30 - [TEST_STEP][PASSED] - verifyElementAttributeValue: Object 'Object Repository/LoggedOutPages/CommonElements/Email_input' has attribute 'class' with value 'error'

2018-06-05 12:11:30 - [MESSAGE][WARNING] - Timeout '0' is invalid. Using default page load timeout: '30'

2018-06-05 12:11:30 - [MESSAGE][PASSED] - Object 'Object Repository/LoggedOutPages/CommonElements/Email_input' has attribute 'class' with value 'error'

2018-06-05 12:11:30 - [TEST_STEP][PASSED] - closeBrowser: Browser is closed

2018-06-05 12:11:31 - [MESSAGE][PASSED] - Browser is closed]]></system-out>
         <system-err><![CDATA[]]></system-err>
      </testcase>
      <testcase name="Test Cases/LoginWrongPass" classname="Test Cases/LoginWrongPass" status="PASSED">
         <system-out><![CDATA[2018-06-05 12:11:31 - [TEST_CASE][PASSED] - Test Cases/LoginWrongPass: Test Cases/LoginWrongPass

2018-06-05 12:11:31 - [TEST_STEP][PASSED] - openBrowser: Browser is opened with url: ''

2018-06-05 12:11:34 - [MESSAGE][PASSED] - Browser is opened with url: ''

2018-06-05 12:11:34 - [TEST_STEP][PASSED] - maximizeWindow: Current window maximized

2018-06-05 12:11:35 - [MESSAGE][PASSED] - Current window maximized

2018-06-05 12:11:35 - [TEST_STEP][PASSED] - navigateToUrl: Navigate to 'https://dev-front.instavin.com/' successfully

2018-06-05 12:11:37 - [MESSAGE][PASSED] - Navigate to 'https://dev-front.instavin.com/' successfully

2018-06-05 12:11:37 - [TEST_STEP][PASSED] - mouseOver: Object: 'Object Repository/LoggedOutPages/CommonElements/SignIn_Label' is hovered

2018-06-05 12:11:37 - [MESSAGE][PASSED] - Object: 'Object Repository/LoggedOutPages/CommonElements/SignIn_Label' is hovered

2018-06-05 12:11:37 - [TEST_STEP][PASSED] - verifyElementVisible: Object 'Object Repository/LoggedOutPages/CommonElements/SignIn_Button' is visible

2018-06-05 12:11:37 - [MESSAGE][PASSED] - Object 'Object Repository/LoggedOutPages/CommonElements/SignIn_Button' is visible

2018-06-05 12:11:37 - [TEST_STEP][PASSED] - verifyElementVisible: Object 'Object Repository/LoggedOutPages/CommonElements/ForgotPassword_Link' is visible

2018-06-05 12:11:38 - [MESSAGE][PASSED] - Object 'Object Repository/LoggedOutPages/CommonElements/ForgotPassword_Link' is visible

2018-06-05 12:11:38 - [TEST_STEP][PASSED] - setText: Text 'consumer1@mailinator.com' is set on object 'Object Repository/LoggedOutPages/CommonElements/Email_input'

2018-06-05 12:11:38 - [MESSAGE][PASSED] - Text 'consumer1@mailinator.com' is set on object 'Object Repository/LoggedOutPages/CommonElements/Email_input'

2018-06-05 12:11:38 - [TEST_STEP][PASSED] - setText: Text '222' is set on object 'Object Repository/LoggedOutPages/CommonElements/Password_input'

2018-06-05 12:11:38 - [MESSAGE][PASSED] - Text '222' is set on object 'Object Repository/LoggedOutPages/CommonElements/Password_input'

2018-06-05 12:11:38 - [TEST_STEP][PASSED] - click: Object: 'Object Repository/LoggedOutPages/CommonElements/SignIn_Button' is clicked on

2018-06-05 12:11:38 - [MESSAGE][PASSED] - Object: 'Object Repository/LoggedOutPages/CommonElements/SignIn_Button' is clicked on

2018-06-05 12:11:38 - [TEST_STEP][PASSED] - verifyElementPresent: Object 'Object Repository/LoggedOutPages/CommonElements/SignInErrors_Area' is present

2018-06-05 12:11:38 - [MESSAGE][WARNING] - Timeout '0' is invalid. Using default page load timeout: '30'

2018-06-05 12:11:39 - [MESSAGE][PASSED] - Object 'Object Repository/LoggedOutPages/CommonElements/SignInErrors_Area' is present

2018-06-05 12:11:39 - [TEST_STEP][PASSED] - waitForElementVisible: Object 'Object Repository/LoggedOutPages/CommonElements/SignInErrors_Area' is visible

2018-06-05 12:11:39 - [MESSAGE][WARNING] - Timeout '0' is invalid. Using default page load timeout: '30'

2018-06-05 12:11:39 - [MESSAGE][PASSED] - Object 'Object Repository/LoggedOutPages/CommonElements/SignInErrors_Area' is visible

2018-06-05 12:11:39 - [TEST_STEP][PASSED] - verifyElementText: Actual text and expected text of test object 'Object Repository/LoggedOutPages/CommonElements/SignInErrors_Area' are matched.

2018-06-05 12:11:39 - [MESSAGE][PASSED] - Actual text and expected text of test object 'Object Repository/LoggedOutPages/CommonElements/SignInErrors_Area' are matched.

2018-06-05 12:11:39 - [TEST_STEP][PASSED] - closeBrowser: Browser is closed

2018-06-05 12:11:39 - [MESSAGE][PASSED] - Browser is closed]]></system-out>
         <system-err><![CDATA[]]></system-err>
      </testcase>
      <testcase name="Test Cases/LoginSuccess" classname="Test Cases/LoginSuccess" status="PASSED">
         <system-out><![CDATA[2018-06-05 12:11:39 - [TEST_CASE][PASSED] - Test Cases/LoginSuccess: Test Cases/LoginSuccess

2018-06-05 12:11:40 - [TEST_STEP][PASSED] - openBrowser: Browser is opened with url: ''

2018-06-05 12:11:42 - [MESSAGE][PASSED] - Browser is opened with url: ''

2018-06-05 12:11:42 - [TEST_STEP][PASSED] - maximizeWindow: Current window maximized

2018-06-05 12:11:43 - [MESSAGE][PASSED] - Current window maximized

2018-06-05 12:11:43 - [TEST_STEP][PASSED] - navigateToUrl: Navigate to 'https://dev-front.instavin.com/' successfully

2018-06-05 12:11:46 - [MESSAGE][PASSED] - Navigate to 'https://dev-front.instavin.com/' successfully

2018-06-05 12:11:46 - [TEST_STEP][PASSED] - verifyElementPresent: Object 'Object Repository/LoggedOutPages/CommonElements/SignIn_Label' is present

2018-06-05 12:11:46 - [MESSAGE][WARNING] - Timeout '0' is invalid. Using default page load timeout: '30'

2018-06-05 12:11:46 - [MESSAGE][PASSED] - Object 'Object Repository/LoggedOutPages/CommonElements/SignIn_Label' is present

2018-06-05 12:11:46 - [TEST_STEP][PASSED] - mouseOver: Object: 'Object Repository/LoggedOutPages/CommonElements/SignIn_Label' is hovered

2018-06-05 12:11:46 - [MESSAGE][PASSED] - Object: 'Object Repository/LoggedOutPages/CommonElements/SignIn_Label' is hovered

2018-06-05 12:11:46 - [TEST_STEP][PASSED] - verifyElementVisible: Object 'Object Repository/LoggedOutPages/CommonElements/SignIn_Label' is visible

2018-06-05 12:11:46 - [MESSAGE][PASSED] - Object 'Object Repository/LoggedOutPages/CommonElements/SignIn_Label' is visible

2018-06-05 12:11:46 - [TEST_STEP][PASSED] - verifyElementVisible: Object 'Object Repository/LoggedOutPages/CommonElements/ForgotPassword_Link' is visible

2018-06-05 12:11:46 - [MESSAGE][PASSED] - Object 'Object Repository/LoggedOutPages/CommonElements/ForgotPassword_Link' is visible

2018-06-05 12:11:46 - [TEST_STEP][PASSED] - setText: Text 'consumer1@mailinator.com' is set on object 'Object Repository/LoggedOutPages/CommonElements/Email_input'

2018-06-05 12:11:46 - [MESSAGE][PASSED] - Text 'consumer1@mailinator.com' is set on object 'Object Repository/LoggedOutPages/CommonElements/Email_input'

2018-06-05 12:11:46 - [TEST_STEP][PASSED] - setText: Text '111111' is set on object 'Object Repository/LoggedOutPages/CommonElements/Password_input'

2018-06-05 12:11:46 - [MESSAGE][PASSED] - Text '111111' is set on object 'Object Repository/LoggedOutPages/CommonElements/Password_input'

2018-06-05 12:11:46 - [TEST_STEP][PASSED] - click: Object: 'Object Repository/LoggedOutPages/CommonElements/SignIn_Button' is clicked on

2018-06-05 12:11:47 - [MESSAGE][PASSED] - Object: 'Object Repository/LoggedOutPages/CommonElements/SignIn_Button' is clicked on

2018-06-05 12:11:47 - [TEST_STEP][PASSED] - waitForElementVisible: Object 'Object Repository/LoggedInPages/Dashboard/Dashboard_Header' is visible

2018-06-05 12:11:47 - [MESSAGE][WARNING] - Timeout '0' is invalid. Using default page load timeout: '30'

2018-06-05 12:11:48 - [MESSAGE][PASSED] - Object 'Object Repository/LoggedInPages/Dashboard/Dashboard_Header' is visible

2018-06-05 12:11:48 - [TEST_STEP][PASSED] - Statement - LoginRedirect = com.kms.katalon.core.webui.keyword.WebUiBuiltInKeywords.getUrl(): Current window's url is: 'https://dev-front.instavin.com/my-account'

2018-06-05 12:11:48 - [MESSAGE][PASSED] - Current window's url is: 'https://dev-front.instavin.com/my-account'

2018-06-05 12:11:48 - [TEST_STEP][PASSED] - Statement - ExpectedLoginRedirect = com.kms.katalon.core.webui.keyword.WebUiBuiltInKeywords.concatenate([StagingReact, "my-account"]): Concatenated string array: '['https://dev-front.instavin.com/','my-account']' into 'https://dev-front.instavin.com/my-account'

2018-06-05 12:11:48 - [MESSAGE][PASSED] - Concatenated string array: '['https://dev-front.instavin.com/','my-account']' into 'https://dev-front.instavin.com/my-account'

2018-06-05 12:11:48 - [TEST_STEP][PASSED] - verifyMatch: Actual text 'https://dev-front.instavin.com/my-account' and expected text 'https://dev-front.instavin.com/my-account' are matched 

2018-06-05 12:11:48 - [MESSAGE][PASSED] - Actual text 'https://dev-front.instavin.com/my-account' and expected text 'https://dev-front.instavin.com/my-account' are matched 

2018-06-05 12:11:48 - [TEST_STEP][PASSED] - verifyElementAttributeValue: Object 'Object Repository/LoggedInPages/MyAccount/DashboardSideMenu_Tab' has attribute 'class' with value 'SideMenuTab ActiveSideMenu'

2018-06-05 12:11:48 - [MESSAGE][WARNING] - Timeout '0' is invalid. Using default page load timeout: '30'

2018-06-05 12:11:48 - [MESSAGE][PASSED] - Object 'Object Repository/LoggedInPages/MyAccount/DashboardSideMenu_Tab' has attribute 'class' with value 'SideMenuTab ActiveSideMenu'

2018-06-05 12:11:48 - [TEST_STEP][PASSED] - mouseOver: Object: 'Object Repository/LoggedInPages/MyAccount/MyAccount_Label' is hovered

2018-06-05 12:11:48 - [MESSAGE][PASSED] - Object: 'Object Repository/LoggedInPages/MyAccount/MyAccount_Label' is hovered

2018-06-05 12:11:48 - [TEST_STEP][PASSED] - verifyElementPresent: Object 'Object Repository/LoggedInPages/MyAccount/DropdownLogout' is present

2018-06-05 12:11:48 - [MESSAGE][PASSED] - Object 'Object Repository/LoggedInPages/MyAccount/DropdownLogout' is present

2018-06-05 12:11:48 - [TEST_STEP][PASSED] - closeBrowser: Browser is closed

2018-06-05 12:11:49 - [MESSAGE][PASSED] - Browser is closed]]></system-out>
         <system-err><![CDATA[]]></system-err>
      </testcase>
      <testcase name="Test Cases/BillingInfo - CheckCurrentCard" classname="Test Cases/BillingInfo - CheckCurrentCard" status="PASSED">
         <system-out><![CDATA[2018-06-05 12:11:49 - [TEST_CASE][PASSED] - Test Cases/BillingInfo - CheckCurrentCard: Test Cases/BillingInfo - CheckCurrentCard

2018-06-05 12:11:49 - [TEST_STEP][PASSED] - callTestCase: Call Test Case 'Test Cases/Base Tests/LoginBaseTest' successfully

2018-06-05 12:11:49 - [TEST_CASE][PASSED] - Test Cases/Base Tests/LoginBaseTest: Test Cases/Base Tests/LoginBaseTest

2018-06-05 12:11:50 - [TEST_STEP][PASSED] - openBrowser: Browser is opened with url: ''

2018-06-05 12:11:52 - [MESSAGE][PASSED] - Browser is opened with url: ''

2018-06-05 12:11:52 - [TEST_STEP][PASSED] - maximizeWindow: Current window maximized

2018-06-05 12:11:53 - [MESSAGE][PASSED] - Current window maximized

2018-06-05 12:11:53 - [TEST_STEP][PASSED] - navigateToUrl: Navigate to 'https://dev-front.instavin.com/' successfully

2018-06-05 12:11:56 - [MESSAGE][PASSED] - Navigate to 'https://dev-front.instavin.com/' successfully

2018-06-05 12:11:56 - [TEST_STEP][PASSED] - mouseOver: Object: 'Object Repository/LoggedOutPages/CommonElements/SignIn_Label' is hovered

2018-06-05 12:11:56 - [MESSAGE][PASSED] - Object: 'Object Repository/LoggedOutPages/CommonElements/SignIn_Label' is hovered

2018-06-05 12:11:56 - [TEST_STEP][PASSED] - verifyElementVisible: Object 'Object Repository/LoggedOutPages/CommonElements/SignIn_Button' is visible

2018-06-05 12:11:56 - [MESSAGE][PASSED] - Object 'Object Repository/LoggedOutPages/CommonElements/SignIn_Button' is visible

2018-06-05 12:11:56 - [TEST_STEP][PASSED] - setText: Text 'consumer1@mailinator.com' is set on object 'Object Repository/LoggedOutPages/CommonElements/Email_input'

2018-06-05 12:11:56 - [MESSAGE][PASSED] - Text 'consumer1@mailinator.com' is set on object 'Object Repository/LoggedOutPages/CommonElements/Email_input'

2018-06-05 12:11:56 - [TEST_STEP][PASSED] - setText: Text '111111' is set on object 'Object Repository/LoggedOutPages/CommonElements/Password_input'

2018-06-05 12:11:56 - [MESSAGE][PASSED] - Text '111111' is set on object 'Object Repository/LoggedOutPages/CommonElements/Password_input'

2018-06-05 12:11:56 - [TEST_STEP][PASSED] - click: Object: 'Object Repository/LoggedOutPages/CommonElements/SignIn_Button' is clicked on

2018-06-05 12:11:56 - [MESSAGE][PASSED] - Object: 'Object Repository/LoggedOutPages/CommonElements/SignIn_Button' is clicked on

2018-06-05 12:11:56 - [MESSAGE][PASSED] - Call Test Case 'Test Cases/Base Tests/LoginBaseTest' successfully

2018-06-05 12:11:56 - [TEST_STEP][PASSED] - verifyElementVisible: Object 'Object Repository/LoggedInPages/MyAccount/Account_Header' is visible

2018-06-05 12:11:58 - [MESSAGE][PASSED] - Object 'Object Repository/LoggedInPages/MyAccount/Account_Header' is visible

2018-06-05 12:11:58 - [TEST_STEP][PASSED] - Statement - HeaderText = com.kms.katalon.core.webui.keyword.WebUiBuiltInKeywords.concatenate(["For ", FirstName, " ", LastName], STOP_ON_FAILURE): Concatenated string array: '['For ','Uno',' ','Consumer']' into 'For Uno Consumer'

2018-06-05 12:11:58 - [MESSAGE][PASSED] - Concatenated string array: '['For ','Uno',' ','Consumer']' into 'For Uno Consumer'

2018-06-05 12:11:58 - [TEST_STEP][PASSED] - verifyElementText: Actual text and expected text of test object 'Object Repository/LoggedInPages/MyAccount/Account_Header' are matched.

2018-06-05 12:11:58 - [MESSAGE][PASSED] - Actual text and expected text of test object 'Object Repository/LoggedInPages/MyAccount/Account_Header' are matched.

2018-06-05 12:11:58 - [TEST_STEP][PASSED] - click: Object: 'Object Repository/LoggedInPages/BillingInfo/BillingInfoSideMenu_Link' is clicked on

2018-06-05 12:11:58 - [MESSAGE][PASSED] - Object: 'Object Repository/LoggedInPages/BillingInfo/BillingInfoSideMenu_Link' is clicked on

2018-06-05 12:11:58 - [TEST_STEP][PASSED] - waitForElementVisible: Object 'Object Repository/LoggedInPages/MyAccount/BillingInfoSideMenu_Tab' is visible

2018-06-05 12:11:58 - [MESSAGE][WARNING] - Timeout '0' is invalid. Using default page load timeout: '30'

2018-06-05 12:11:58 - [MESSAGE][PASSED] - Object 'Object Repository/LoggedInPages/MyAccount/BillingInfoSideMenu_Tab' is visible

2018-06-05 12:11:58 - [TEST_STEP][PASSED] - waitForElementVisible: Object 'Object Repository/LoggedInPages/BillingInfo/VisaImage' is visible

2018-06-05 12:11:58 - [MESSAGE][WARNING] - Timeout '0' is invalid. Using default page load timeout: '30'

2018-06-05 12:12:00 - [MESSAGE][PASSED] - Object 'Object Repository/LoggedInPages/BillingInfo/VisaImage' is visible

2018-06-05 12:12:00 - [TEST_STEP][PASSED] - verifyTextPresent: Text '•••• •••• •••• 2224' is present on page 

2018-06-05 12:12:00 - [MESSAGE][PASSED] - Text '•••• •••• •••• 2224' is present on page 

2018-06-05 12:12:00 - [TEST_STEP][PASSED] - closeBrowser: Browser is closed

2018-06-05 12:12:01 - [MESSAGE][PASSED] - Browser is closed]]></system-out>
         <system-err><![CDATA[]]></system-err>
      </testcase>
      <testcase name="Test Cases/CheckVINfromHomeLoggedIn - EmptyVIN" classname="Test Cases/CheckVINfromHomeLoggedIn - EmptyVIN" status="PASSED">
         <system-out><![CDATA[2018-06-05 12:12:01 - [TEST_CASE][PASSED] - Test Cases/CheckVINfromHomeLoggedIn - EmptyVIN: Test Cases/CheckVINfromHomeLoggedIn - EmptyVIN

2018-06-05 12:12:01 - [TEST_STEP][PASSED] - callTestCase: Call Test Case 'Test Cases/Base Tests/LoginBaseTest' successfully

2018-06-05 12:12:01 - [TEST_CASE][PASSED] - Test Cases/Base Tests/LoginBaseTest: Test Cases/Base Tests/LoginBaseTest

2018-06-05 12:12:01 - [TEST_STEP][PASSED] - openBrowser: Browser is opened with url: ''

2018-06-05 12:12:03 - [MESSAGE][PASSED] - Browser is opened with url: ''

2018-06-05 12:12:03 - [TEST_STEP][PASSED] - maximizeWindow: Current window maximized

2018-06-05 12:12:04 - [MESSAGE][PASSED] - Current window maximized

2018-06-05 12:12:04 - [TEST_STEP][PASSED] - navigateToUrl: Navigate to 'https://dev-front.instavin.com/' successfully

2018-06-05 12:12:07 - [MESSAGE][PASSED] - Navigate to 'https://dev-front.instavin.com/' successfully

2018-06-05 12:12:07 - [TEST_STEP][PASSED] - mouseOver: Object: 'Object Repository/LoggedOutPages/CommonElements/SignIn_Label' is hovered

2018-06-05 12:12:07 - [MESSAGE][PASSED] - Object: 'Object Repository/LoggedOutPages/CommonElements/SignIn_Label' is hovered

2018-06-05 12:12:07 - [TEST_STEP][PASSED] - verifyElementVisible: Object 'Object Repository/LoggedOutPages/CommonElements/SignIn_Button' is visible

2018-06-05 12:12:07 - [MESSAGE][PASSED] - Object 'Object Repository/LoggedOutPages/CommonElements/SignIn_Button' is visible

2018-06-05 12:12:07 - [TEST_STEP][PASSED] - setText: Text 'consumer1@mailinator.com' is set on object 'Object Repository/LoggedOutPages/CommonElements/Email_input'

2018-06-05 12:12:07 - [MESSAGE][PASSED] - Text 'consumer1@mailinator.com' is set on object 'Object Repository/LoggedOutPages/CommonElements/Email_input'

2018-06-05 12:12:07 - [TEST_STEP][PASSED] - setText: Text '111111' is set on object 'Object Repository/LoggedOutPages/CommonElements/Password_input'

2018-06-05 12:12:07 - [MESSAGE][PASSED] - Text '111111' is set on object 'Object Repository/LoggedOutPages/CommonElements/Password_input'

2018-06-05 12:12:07 - [TEST_STEP][PASSED] - click: Object: 'Object Repository/LoggedOutPages/CommonElements/SignIn_Button' is clicked on

2018-06-05 12:12:08 - [MESSAGE][PASSED] - Object: 'Object Repository/LoggedOutPages/CommonElements/SignIn_Button' is clicked on

2018-06-05 12:12:08 - [MESSAGE][PASSED] - Call Test Case 'Test Cases/Base Tests/LoginBaseTest' successfully

2018-06-05 12:12:08 - [TEST_STEP][PASSED] - verifyElementVisible: Object 'Object Repository/LoggedInPages/MyAccount/Account_Header' is visible

2018-06-05 12:12:09 - [MESSAGE][PASSED] - Object 'Object Repository/LoggedInPages/MyAccount/Account_Header' is visible

2018-06-05 12:12:09 - [TEST_STEP][PASSED] - navigateToUrl: Navigate to 'https://dev-front.instavin.com/' successfully

2018-06-05 12:12:10 - [MESSAGE][PASSED] - Navigate to 'https://dev-front.instavin.com/' successfully

2018-06-05 12:12:10 - [TEST_STEP][PASSED] - waitForElementPresent: Object 'Object Repository/LoggedOutPages/HomeLoggedOut/EnterVIN_input' is present

2018-06-05 12:12:10 - [MESSAGE][WARNING] - Timeout '0' is invalid. Using default page load timeout: '30'

2018-06-05 12:12:10 - [MESSAGE][PASSED] - Object 'Object Repository/LoggedOutPages/HomeLoggedOut/EnterVIN_input' is present

2018-06-05 12:12:10 - [TEST_STEP][PASSED] - verifyElementAttributeValue: Object 'Object Repository/LoggedOutPages/HomeLoggedOut/EnterVIN_input' has attribute 'placeholder' with value 'ENTER VIN NUMBER'

2018-06-05 12:12:10 - [MESSAGE][WARNING] - Timeout '0' is invalid. Using default page load timeout: '30'

2018-06-05 12:12:10 - [MESSAGE][PASSED] - Object 'Object Repository/LoggedOutPages/HomeLoggedOut/EnterVIN_input' has attribute 'placeholder' with value 'ENTER VIN NUMBER'

2018-06-05 12:12:10 - [TEST_STEP][PASSED] - setText: Text '' is set on object 'Object Repository/LoggedOutPages/HomeLoggedOut/EnterVIN_input'

2018-06-05 12:12:10 - [MESSAGE][PASSED] - Text '' is set on object 'Object Repository/LoggedOutPages/HomeLoggedOut/EnterVIN_input'

2018-06-05 12:12:10 - [TEST_STEP][PASSED] - click: Object: 'Object Repository/LoggedOutPages/HomeLoggedOut/SubmitVinArrow_Button' is clicked on

2018-06-05 12:12:11 - [MESSAGE][PASSED] - Object: 'Object Repository/LoggedOutPages/HomeLoggedOut/SubmitVinArrow_Button' is clicked on

2018-06-05 12:12:11 - [TEST_STEP][PASSED] - waitForElementVisible: Object 'Object Repository/LoggedInPages/Order (react)/instaVINProducts_Label' is visible

2018-06-05 12:12:11 - [MESSAGE][WARNING] - Timeout '0' is invalid. Using default page load timeout: '30'

2018-06-05 12:12:11 - [MESSAGE][PASSED] - Object 'Object Repository/LoggedInPages/Order (react)/instaVINProducts_Label' is visible

2018-06-05 12:12:11 - [TEST_STEP][PASSED] - verifyElementPresent: Object 'Object Repository/LoggedInPages/Order (react)/MyAccount_Label' is present

2018-06-05 12:12:11 - [MESSAGE][WARNING] - Timeout '0' is invalid. Using default page load timeout: '30'

2018-06-05 12:12:11 - [MESSAGE][PASSED] - Object 'Object Repository/LoggedInPages/Order (react)/MyAccount_Label' is present

2018-06-05 12:12:11 - [TEST_STEP][PASSED] - verifyElementNotPresent: Web element with id: 'Object Repository/LoggedInPages/Order (react)/ChangeVIN_Cross' located by 'By.xpath: //div[@class='CloseButton']' is not present after '30' second(s)

2018-06-05 12:12:11 - [MESSAGE][WARNING] - Timeout '0' is invalid. Using default page load timeout: '30'

2018-06-05 12:12:11 - [MESSAGE][PASSED] - Web element with id: 'Object Repository/LoggedInPages/Order (react)/ChangeVIN_Cross' located by 'By.xpath: //div[@class='CloseButton']' is not present after '30' second(s)

2018-06-05 12:12:11 - [TEST_STEP][PASSED] - verifyElementNotPresent: Web element with id: 'Object Repository/LoggedInPages/Order (react)/VINdisplayed' located by 'By.xpath: //span[@id='VehicleSummary_Vin']' is not present after '30' second(s)

2018-06-05 12:12:11 - [MESSAGE][WARNING] - Timeout '0' is invalid. Using default page load timeout: '30'

2018-06-05 12:12:11 - [MESSAGE][PASSED] - Web element with id: 'Object Repository/LoggedInPages/Order (react)/VINdisplayed' located by 'By.xpath: //span[@id='VehicleSummary_Vin']' is not present after '30' second(s)

2018-06-05 12:12:11 - [TEST_STEP][PASSED] - verifyElementText: Actual text and expected text of test object 'Object Repository/LoggedInPages/Order (react)/RecordsAreAvailable_Alert' are matched.

2018-06-05 12:12:11 - [MESSAGE][PASSED] - Actual text and expected text of test object 'Object Repository/LoggedInPages/Order (react)/RecordsAreAvailable_Alert' are matched.

2018-06-05 12:12:11 - [TEST_STEP][PASSED] - verifyElementVisible: Object 'Object Repository/LoggedInPages/Order (react)/VINCheckForm_EnterVINInput' is visible

2018-06-05 12:12:11 - [MESSAGE][PASSED] - Object 'Object Repository/LoggedInPages/Order (react)/VINCheckForm_EnterVINInput' is visible

2018-06-05 12:12:11 - [TEST_STEP][PASSED] - verifyElementAttributeValue: Object 'Object Repository/LoggedInPages/Order (react)/VINCheckForm_EnterVINInput' has attribute 'value' with value ''

2018-06-05 12:12:11 - [MESSAGE][WARNING] - Timeout '0' is invalid. Using default page load timeout: '30'

2018-06-05 12:12:11 - [MESSAGE][PASSED] - Object 'Object Repository/LoggedInPages/Order (react)/VINCheckForm_EnterVINInput' has attribute 'value' with value ''

2018-06-05 12:12:11 - [TEST_STEP][PASSED] - verifyElementNotPresent: Web element with id: 'Object Repository/LoggedInPages/Order (react)/OrderNow_OrangeButton' located by 'By.xpath: //button[@class='btn btn-default HasRightIcon orderButtonSmall']' is not present after '30' second(s)

2018-06-05 12:12:11 - [MESSAGE][WARNING] - Timeout '0' is invalid. Using default page load timeout: '30'

2018-06-05 12:12:11 - [MESSAGE][PASSED] - Web element with id: 'Object Repository/LoggedInPages/Order (react)/OrderNow_OrangeButton' located by 'By.xpath: //button[@class='btn btn-default HasRightIcon orderButtonSmall']' is not present after '30' second(s)

2018-06-05 12:12:11 - [TEST_STEP][PASSED] - closeBrowser: Browser is closed

2018-06-05 12:12:12 - [MESSAGE][PASSED] - Browser is closed]]></system-out>
         <system-err><![CDATA[]]></system-err>
      </testcase>
      <testcase name="Test Cases/CheckVINfromHomeLoggedIn - NoSticker" classname="Test Cases/CheckVINfromHomeLoggedIn - NoSticker" status="PASSED">
         <system-out><![CDATA[2018-06-05 12:12:12 - [TEST_CASE][PASSED] - Test Cases/CheckVINfromHomeLoggedIn - NoSticker: Test Cases/CheckVINfromHomeLoggedIn - NoSticker

2018-06-05 12:12:12 - [TEST_STEP][PASSED] - callTestCase: Call Test Case 'Test Cases/Base Tests/LoginBaseTest' successfully

2018-06-05 12:12:12 - [TEST_CASE][PASSED] - Test Cases/Base Tests/LoginBaseTest: Test Cases/Base Tests/LoginBaseTest

2018-06-05 12:12:12 - [TEST_STEP][PASSED] - openBrowser: Browser is opened with url: ''

2018-06-05 12:12:15 - [MESSAGE][PASSED] - Browser is opened with url: ''

2018-06-05 12:12:15 - [TEST_STEP][PASSED] - maximizeWindow: Current window maximized

2018-06-05 12:12:16 - [MESSAGE][PASSED] - Current window maximized

2018-06-05 12:12:16 - [TEST_STEP][PASSED] - navigateToUrl: Navigate to 'https://dev-front.instavin.com/' successfully

2018-06-05 12:12:18 - [MESSAGE][PASSED] - Navigate to 'https://dev-front.instavin.com/' successfully

2018-06-05 12:12:18 - [TEST_STEP][PASSED] - mouseOver: Object: 'Object Repository/LoggedOutPages/CommonElements/SignIn_Label' is hovered

2018-06-05 12:12:18 - [MESSAGE][PASSED] - Object: 'Object Repository/LoggedOutPages/CommonElements/SignIn_Label' is hovered

2018-06-05 12:12:18 - [TEST_STEP][PASSED] - verifyElementVisible: Object 'Object Repository/LoggedOutPages/CommonElements/SignIn_Button' is visible

2018-06-05 12:12:18 - [MESSAGE][PASSED] - Object 'Object Repository/LoggedOutPages/CommonElements/SignIn_Button' is visible

2018-06-05 12:12:18 - [TEST_STEP][PASSED] - setText: Text 'consumer1@mailinator.com' is set on object 'Object Repository/LoggedOutPages/CommonElements/Email_input'

2018-06-05 12:12:19 - [MESSAGE][PASSED] - Text 'consumer1@mailinator.com' is set on object 'Object Repository/LoggedOutPages/CommonElements/Email_input'

2018-06-05 12:12:19 - [TEST_STEP][PASSED] - setText: Text '111111' is set on object 'Object Repository/LoggedOutPages/CommonElements/Password_input'

2018-06-05 12:12:19 - [MESSAGE][PASSED] - Text '111111' is set on object 'Object Repository/LoggedOutPages/CommonElements/Password_input'

2018-06-05 12:12:19 - [TEST_STEP][PASSED] - click: Object: 'Object Repository/LoggedOutPages/CommonElements/SignIn_Button' is clicked on

2018-06-05 12:12:19 - [MESSAGE][PASSED] - Object: 'Object Repository/LoggedOutPages/CommonElements/SignIn_Button' is clicked on

2018-06-05 12:12:19 - [MESSAGE][PASSED] - Call Test Case 'Test Cases/Base Tests/LoginBaseTest' successfully

2018-06-05 12:12:19 - [TEST_STEP][PASSED] - verifyElementVisible: Object 'Object Repository/LoggedInPages/MyAccount/Account_Header' is visible

2018-06-05 12:12:21 - [MESSAGE][PASSED] - Object 'Object Repository/LoggedInPages/MyAccount/Account_Header' is visible

2018-06-05 12:12:21 - [TEST_STEP][PASSED] - navigateToUrl: Navigate to 'https://dev-front.instavin.com/' successfully

2018-06-05 12:12:21 - [MESSAGE][PASSED] - Navigate to 'https://dev-front.instavin.com/' successfully

2018-06-05 12:12:21 - [TEST_STEP][PASSED] - waitForElementPresent: Object 'Object Repository/LoggedOutPages/HomeLoggedOut/EnterVIN_input' is present

2018-06-05 12:12:21 - [MESSAGE][WARNING] - Timeout '0' is invalid. Using default page load timeout: '30'

2018-06-05 12:12:21 - [MESSAGE][PASSED] - Object 'Object Repository/LoggedOutPages/HomeLoggedOut/EnterVIN_input' is present

2018-06-05 12:12:21 - [TEST_STEP][PASSED] - verifyElementAttributeValue: Object 'Object Repository/LoggedOutPages/HomeLoggedOut/EnterVIN_input' has attribute 'placeholder' with value 'ENTER VIN NUMBER'

2018-06-05 12:12:21 - [MESSAGE][WARNING] - Timeout '0' is invalid. Using default page load timeout: '30'

2018-06-05 12:12:21 - [MESSAGE][PASSED] - Object 'Object Repository/LoggedOutPages/HomeLoggedOut/EnterVIN_input' has attribute 'placeholder' with value 'ENTER VIN NUMBER'

2018-06-05 12:12:21 - [TEST_STEP][PASSED] - setText: Text 'JF1SF63591H766643' is set on object 'Object Repository/LoggedOutPages/HomeLoggedOut/EnterVIN_input'

2018-06-05 12:12:22 - [MESSAGE][PASSED] - Text 'JF1SF63591H766643' is set on object 'Object Repository/LoggedOutPages/HomeLoggedOut/EnterVIN_input'

2018-06-05 12:12:22 - [TEST_STEP][PASSED] - click: Object: 'Object Repository/LoggedOutPages/HomeLoggedOut/SubmitVinArrow_Button' is clicked on

2018-06-05 12:12:22 - [MESSAGE][PASSED] - Object: 'Object Repository/LoggedOutPages/HomeLoggedOut/SubmitVinArrow_Button' is clicked on

2018-06-05 12:12:22 - [TEST_STEP][PASSED] - waitForElementVisible: Object 'Object Repository/LoggedInPages/Order (react)/instaVINProducts_Label' is visible

2018-06-05 12:12:22 - [MESSAGE][WARNING] - Timeout '0' is invalid. Using default page load timeout: '30'

2018-06-05 12:12:23 - [MESSAGE][PASSED] - Object 'Object Repository/LoggedInPages/Order (react)/instaVINProducts_Label' is visible

2018-06-05 12:12:23 - [TEST_STEP][PASSED] - verifyElementPresent: Object 'Object Repository/LoggedInPages/Order (react)/MyAccount_Label' is present

2018-06-05 12:12:23 - [MESSAGE][WARNING] - Timeout '0' is invalid. Using default page load timeout: '30'

2018-06-05 12:12:23 - [MESSAGE][PASSED] - Object 'Object Repository/LoggedInPages/Order (react)/MyAccount_Label' is present

2018-06-05 12:12:23 - [TEST_STEP][PASSED] - verifyElementVisible: Object 'Object Repository/LoggedInPages/Order (react)/ChangeVIN_Cross' is visible

2018-06-05 12:12:23 - [MESSAGE][PASSED] - Object 'Object Repository/LoggedInPages/Order (react)/ChangeVIN_Cross' is visible

2018-06-05 12:12:23 - [TEST_STEP][PASSED] - verifyElementVisible: Object 'Object Repository/LoggedInPages/Order (react)/VINdisplayed' is visible

2018-06-05 12:12:23 - [MESSAGE][PASSED] - Object 'Object Repository/LoggedInPages/Order (react)/VINdisplayed' is visible

2018-06-05 12:12:23 - [TEST_STEP][PASSED] - verifyElementText: Actual text and expected text of test object 'Object Repository/LoggedInPages/Order (react)/VinDetails_Alert' are matched.

2018-06-05 12:12:23 - [MESSAGE][PASSED] - Actual text and expected text of test object 'Object Repository/LoggedInPages/Order (react)/VinDetails_Alert' are matched.

2018-06-05 12:12:23 - [TEST_STEP][PASSED] - verifyElementNotPresent: Web element with id: 'Object Repository/LoggedInPages/Order (react)/VINCheckForm_EnterVINInput' located by 'By.xpath: //input[@class='VinCheckField InlineRightButtonFieldContainer']' is not present after '30' second(s)

2018-06-05 12:12:23 - [MESSAGE][WARNING] - Timeout '0' is invalid. Using default page load timeout: '30'

2018-06-05 12:12:23 - [MESSAGE][PASSED] - Web element with id: 'Object Repository/LoggedInPages/Order (react)/VINCheckForm_EnterVINInput' located by 'By.xpath: //input[@class='VinCheckField InlineRightButtonFieldContainer']' is not present after '30' second(s)

2018-06-05 12:12:23 - [TEST_STEP][PASSED] - verifyElementPresent: Object 'Object Repository/LoggedInPages/Order (react)/OrderNow_OrangeButton' is present

2018-06-05 12:12:23 - [MESSAGE][WARNING] - Timeout '0' is invalid. Using default page load timeout: '30'

2018-06-05 12:12:23 - [MESSAGE][PASSED] - Object 'Object Repository/LoggedInPages/Order (react)/OrderNow_OrangeButton' is present

2018-06-05 12:12:23 - [TEST_STEP][PASSED] - closeBrowser: Browser is closed

2018-06-05 12:12:24 - [MESSAGE][PASSED] - Browser is closed]]></system-out>
         <system-err><![CDATA[]]></system-err>
      </testcase>
      <testcase name="Test Cases/CheckVINfromHomeLoggedIn - ShortVINwith9Digits" classname="Test Cases/CheckVINfromHomeLoggedIn - ShortVINwith9Digits" status="PASSED">
         <system-out><![CDATA[2018-06-05 12:12:24 - [TEST_CASE][PASSED] - Test Cases/CheckVINfromHomeLoggedIn - ShortVINwith9Digits: Test Cases/CheckVINfromHomeLoggedIn - ShortVINwith9Digits

2018-06-05 12:12:24 - [TEST_STEP][PASSED] - callTestCase: Call Test Case 'Test Cases/Base Tests/LoginBaseTest' successfully

2018-06-05 12:12:24 - [TEST_CASE][PASSED] - Test Cases/Base Tests/LoginBaseTest: Test Cases/Base Tests/LoginBaseTest

2018-06-05 12:12:24 - [TEST_STEP][PASSED] - openBrowser: Browser is opened with url: ''

2018-06-05 12:12:26 - [MESSAGE][PASSED] - Browser is opened with url: ''

2018-06-05 12:12:26 - [TEST_STEP][PASSED] - maximizeWindow: Current window maximized

2018-06-05 12:12:27 - [MESSAGE][PASSED] - Current window maximized

2018-06-05 12:12:27 - [TEST_STEP][PASSED] - navigateToUrl: Navigate to 'https://dev-front.instavin.com/' successfully

2018-06-05 12:12:30 - [MESSAGE][PASSED] - Navigate to 'https://dev-front.instavin.com/' successfully

2018-06-05 12:12:30 - [TEST_STEP][PASSED] - mouseOver: Object: 'Object Repository/LoggedOutPages/CommonElements/SignIn_Label' is hovered

2018-06-05 12:12:30 - [MESSAGE][PASSED] - Object: 'Object Repository/LoggedOutPages/CommonElements/SignIn_Label' is hovered

2018-06-05 12:12:30 - [TEST_STEP][PASSED] - verifyElementVisible: Object 'Object Repository/LoggedOutPages/CommonElements/SignIn_Button' is visible

2018-06-05 12:12:30 - [MESSAGE][PASSED] - Object 'Object Repository/LoggedOutPages/CommonElements/SignIn_Button' is visible

2018-06-05 12:12:30 - [TEST_STEP][PASSED] - setText: Text 'consumer1@mailinator.com' is set on object 'Object Repository/LoggedOutPages/CommonElements/Email_input'

2018-06-05 12:12:31 - [MESSAGE][PASSED] - Text 'consumer1@mailinator.com' is set on object 'Object Repository/LoggedOutPages/CommonElements/Email_input'

2018-06-05 12:12:31 - [TEST_STEP][PASSED] - setText: Text '111111' is set on object 'Object Repository/LoggedOutPages/CommonElements/Password_input'

2018-06-05 12:12:31 - [MESSAGE][PASSED] - Text '111111' is set on object 'Object Repository/LoggedOutPages/CommonElements/Password_input'

2018-06-05 12:12:31 - [TEST_STEP][PASSED] - click: Object: 'Object Repository/LoggedOutPages/CommonElements/SignIn_Button' is clicked on

2018-06-05 12:12:31 - [MESSAGE][PASSED] - Object: 'Object Repository/LoggedOutPages/CommonElements/SignIn_Button' is clicked on

2018-06-05 12:12:31 - [MESSAGE][PASSED] - Call Test Case 'Test Cases/Base Tests/LoginBaseTest' successfully

2018-06-05 12:12:31 - [TEST_STEP][PASSED] - verifyElementVisible: Object 'Object Repository/LoggedInPages/MyAccount/Account_Header' is visible

2018-06-05 12:12:32 - [MESSAGE][PASSED] - Object 'Object Repository/LoggedInPages/MyAccount/Account_Header' is visible

2018-06-05 12:12:32 - [TEST_STEP][PASSED] - navigateToUrl: Navigate to 'https://dev-front.instavin.com/' successfully

2018-06-05 12:12:33 - [MESSAGE][PASSED] - Navigate to 'https://dev-front.instavin.com/' successfully

2018-06-05 12:12:33 - [TEST_STEP][PASSED] - waitForElementPresent: Object 'Object Repository/LoggedOutPages/HomeLoggedOut/EnterVIN_input' is present

2018-06-05 12:12:33 - [MESSAGE][WARNING] - Timeout '0' is invalid. Using default page load timeout: '30'

2018-06-05 12:12:33 - [MESSAGE][PASSED] - Object 'Object Repository/LoggedOutPages/HomeLoggedOut/EnterVIN_input' is present

2018-06-05 12:12:33 - [TEST_STEP][PASSED] - verifyElementAttributeValue: Object 'Object Repository/LoggedOutPages/HomeLoggedOut/EnterVIN_input' has attribute 'placeholder' with value 'ENTER VIN NUMBER'

2018-06-05 12:12:33 - [MESSAGE][WARNING] - Timeout '0' is invalid. Using default page load timeout: '30'

2018-06-05 12:12:33 - [MESSAGE][PASSED] - Object 'Object Repository/LoggedOutPages/HomeLoggedOut/EnterVIN_input' has attribute 'placeholder' with value 'ENTER VIN NUMBER'

2018-06-05 12:12:33 - [TEST_STEP][PASSED] - setText: Text '7J1012752' is set on object 'Object Repository/LoggedOutPages/HomeLoggedOut/EnterVIN_input'

2018-06-05 12:12:33 - [MESSAGE][PASSED] - Text '7J1012752' is set on object 'Object Repository/LoggedOutPages/HomeLoggedOut/EnterVIN_input'

2018-06-05 12:12:33 - [TEST_STEP][PASSED] - click: Object: 'Object Repository/LoggedOutPages/HomeLoggedOut/SubmitVinArrow_Button' is clicked on

2018-06-05 12:12:34 - [MESSAGE][PASSED] - Object: 'Object Repository/LoggedOutPages/HomeLoggedOut/SubmitVinArrow_Button' is clicked on

2018-06-05 12:12:34 - [TEST_STEP][PASSED] - waitForElementVisible: Object 'Object Repository/LoggedInPages/Order (react)/instaVINProducts_Label' is visible

2018-06-05 12:12:34 - [MESSAGE][WARNING] - Timeout '0' is invalid. Using default page load timeout: '30'

2018-06-05 12:12:35 - [MESSAGE][PASSED] - Object 'Object Repository/LoggedInPages/Order (react)/instaVINProducts_Label' is visible

2018-06-05 12:12:35 - [TEST_STEP][PASSED] - verifyElementPresent: Object 'Object Repository/LoggedInPages/Order (react)/MyAccount_Label' is present

2018-06-05 12:12:35 - [MESSAGE][WARNING] - Timeout '0' is invalid. Using default page load timeout: '30'

2018-06-05 12:12:35 - [MESSAGE][PASSED] - Object 'Object Repository/LoggedInPages/Order (react)/MyAccount_Label' is present

2018-06-05 12:12:35 - [TEST_STEP][PASSED] - verifyElementNotPresent: Web element with id: 'Object Repository/LoggedInPages/Order (react)/ChangeVIN_Cross' located by 'By.xpath: //div[@class='CloseButton']' is not present after '30' second(s)

2018-06-05 12:12:35 - [MESSAGE][WARNING] - Timeout '0' is invalid. Using default page load timeout: '30'

2018-06-05 12:12:35 - [MESSAGE][PASSED] - Web element with id: 'Object Repository/LoggedInPages/Order (react)/ChangeVIN_Cross' located by 'By.xpath: //div[@class='CloseButton']' is not present after '30' second(s)

2018-06-05 12:12:35 - [TEST_STEP][PASSED] - verifyElementNotPresent: Web element with id: 'Object Repository/LoggedInPages/Order (react)/VINdisplayed' located by 'By.xpath: //span[@id='VehicleSummary_Vin']' is not present after '30' second(s)

2018-06-05 12:12:35 - [MESSAGE][WARNING] - Timeout '0' is invalid. Using default page load timeout: '30'

2018-06-05 12:12:35 - [MESSAGE][PASSED] - Web element with id: 'Object Repository/LoggedInPages/Order (react)/VINdisplayed' located by 'By.xpath: //span[@id='VehicleSummary_Vin']' is not present after '30' second(s)

2018-06-05 12:12:35 - [TEST_STEP][PASSED] - verifyElementVisible: Object 'Object Repository/LoggedInPages/Order (react)/VinDetails_Alert' is visible

2018-06-05 12:12:35 - [MESSAGE][PASSED] - Object 'Object Repository/LoggedInPages/Order (react)/VinDetails_Alert' is visible

2018-06-05 12:12:35 - [TEST_STEP][PASSED] - verifyTextPresent: Text 'The VIN entered is 9 digits long.' is present on page 

2018-06-05 12:12:35 - [MESSAGE][PASSED] - Text 'The VIN entered is 9 digits long.' is present on page 

2018-06-05 12:12:35 - [TEST_STEP][PASSED] - verifyTextPresent: Text 'If your vehicle is a classic car, RV or specialty vehicle, this may be correct. However, no records are available from participating DMVs.' is present on page 

2018-06-05 12:12:35 - [MESSAGE][PASSED] - Text 'If your vehicle is a classic car, RV or specialty vehicle, this may be correct. However, no records are available from participating DMVs.' is present on page 

2018-06-05 12:12:35 - [TEST_STEP][PASSED] - verifyTextPresent: Text 'If your VIN is for a vehicle produced after 1981 it should have exactly 17 digits.' is present on page 

2018-06-05 12:12:36 - [MESSAGE][PASSED] - Text 'If your VIN is for a vehicle produced after 1981 it should have exactly 17 digits.' is present on page 

2018-06-05 12:12:36 - [TEST_STEP][PASSED] - verifyTextPresent: Text 'Sorry, no Window Sticker is Available for this VIN.' is present on page 

2018-06-05 12:12:36 - [MESSAGE][PASSED] - Text 'Sorry, no Window Sticker is Available for this VIN.' is present on page 

2018-06-05 12:12:36 - [TEST_STEP][PASSED] - verifyElementVisible: Object 'Object Repository/LoggedInPages/Order (react)/VINCheckForm_EnterVINInput' is visible

2018-06-05 12:12:36 - [MESSAGE][PASSED] - Object 'Object Repository/LoggedInPages/Order (react)/VINCheckForm_EnterVINInput' is visible

2018-06-05 12:12:36 - [TEST_STEP][PASSED] - verifyElementAttributeValue: Object 'Object Repository/LoggedInPages/Order (react)/VINCheckForm_EnterVINInput' has attribute 'value' with value '7J1012752'

2018-06-05 12:12:36 - [MESSAGE][WARNING] - Timeout '0' is invalid. Using default page load timeout: '30'

2018-06-05 12:12:36 - [MESSAGE][PASSED] - Object 'Object Repository/LoggedInPages/Order (react)/VINCheckForm_EnterVINInput' has attribute 'value' with value '7J1012752'

2018-06-05 12:12:36 - [TEST_STEP][PASSED] - verifyElementPresent: Object 'Object Repository/LoggedInPages/Order (react)/OrderNow_OrangeButton' is present

2018-06-05 12:12:36 - [MESSAGE][WARNING] - Timeout '0' is invalid. Using default page load timeout: '30'

2018-06-05 12:12:36 - [MESSAGE][PASSED] - Object 'Object Repository/LoggedInPages/Order (react)/OrderNow_OrangeButton' is present

2018-06-05 12:12:36 - [TEST_STEP][PASSED] - closeBrowser: Browser is closed

2018-06-05 12:12:37 - [MESSAGE][PASSED] - Browser is closed]]></system-out>
         <system-err><![CDATA[]]></system-err>
      </testcase>
      <testcase name="Test Cases/CheckVINfromHomeLoggedIn - Success" classname="Test Cases/CheckVINfromHomeLoggedIn - Success" status="PASSED">
         <system-out><![CDATA[2018-06-05 12:12:37 - [TEST_CASE][PASSED] - Test Cases/CheckVINfromHomeLoggedIn - Success: Test Cases/CheckVINfromHomeLoggedIn - Success

2018-06-05 12:12:37 - [TEST_STEP][PASSED] - callTestCase: Call Test Case 'Test Cases/Base Tests/LoginBaseTest' successfully

2018-06-05 12:12:37 - [TEST_CASE][PASSED] - Test Cases/Base Tests/LoginBaseTest: Test Cases/Base Tests/LoginBaseTest

2018-06-05 12:12:37 - [TEST_STEP][PASSED] - openBrowser: Browser is opened with url: ''

2018-06-05 12:12:39 - [MESSAGE][PASSED] - Browser is opened with url: ''

2018-06-05 12:12:39 - [TEST_STEP][PASSED] - maximizeWindow: Current window maximized

2018-06-05 12:12:41 - [MESSAGE][PASSED] - Current window maximized

2018-06-05 12:12:41 - [TEST_STEP][PASSED] - navigateToUrl: Navigate to 'https://dev-front.instavin.com/' successfully

2018-06-05 12:12:43 - [MESSAGE][PASSED] - Navigate to 'https://dev-front.instavin.com/' successfully

2018-06-05 12:12:43 - [TEST_STEP][PASSED] - mouseOver: Object: 'Object Repository/LoggedOutPages/CommonElements/SignIn_Label' is hovered

2018-06-05 12:12:43 - [MESSAGE][PASSED] - Object: 'Object Repository/LoggedOutPages/CommonElements/SignIn_Label' is hovered

2018-06-05 12:12:43 - [TEST_STEP][PASSED] - verifyElementVisible: Object 'Object Repository/LoggedOutPages/CommonElements/SignIn_Button' is visible

2018-06-05 12:12:43 - [MESSAGE][PASSED] - Object 'Object Repository/LoggedOutPages/CommonElements/SignIn_Button' is visible

2018-06-05 12:12:43 - [TEST_STEP][PASSED] - setText: Text 'consumer1@mailinator.com' is set on object 'Object Repository/LoggedOutPages/CommonElements/Email_input'

2018-06-05 12:12:44 - [MESSAGE][PASSED] - Text 'consumer1@mailinator.com' is set on object 'Object Repository/LoggedOutPages/CommonElements/Email_input'

2018-06-05 12:12:44 - [TEST_STEP][PASSED] - setText: Text '111111' is set on object 'Object Repository/LoggedOutPages/CommonElements/Password_input'

2018-06-05 12:12:44 - [MESSAGE][PASSED] - Text '111111' is set on object 'Object Repository/LoggedOutPages/CommonElements/Password_input'

2018-06-05 12:12:44 - [TEST_STEP][PASSED] - click: Object: 'Object Repository/LoggedOutPages/CommonElements/SignIn_Button' is clicked on

2018-06-05 12:12:44 - [MESSAGE][PASSED] - Object: 'Object Repository/LoggedOutPages/CommonElements/SignIn_Button' is clicked on

2018-06-05 12:12:44 - [MESSAGE][PASSED] - Call Test Case 'Test Cases/Base Tests/LoginBaseTest' successfully

2018-06-05 12:12:44 - [TEST_STEP][PASSED] - verifyElementVisible: Object 'Object Repository/LoggedInPages/MyAccount/Account_Header' is visible

2018-06-05 12:12:46 - [MESSAGE][PASSED] - Object 'Object Repository/LoggedInPages/MyAccount/Account_Header' is visible

2018-06-05 12:12:46 - [TEST_STEP][PASSED] - navigateToUrl: Navigate to 'https://dev-front.instavin.com/' successfully

2018-06-05 12:12:47 - [MESSAGE][PASSED] - Navigate to 'https://dev-front.instavin.com/' successfully

2018-06-05 12:12:47 - [TEST_STEP][PASSED] - waitForElementPresent: Object 'Object Repository/LoggedOutPages/HomeLoggedOut/EnterVIN_input' is present

2018-06-05 12:12:47 - [MESSAGE][WARNING] - Timeout '0' is invalid. Using default page load timeout: '30'

2018-06-05 12:12:47 - [MESSAGE][PASSED] - Object 'Object Repository/LoggedOutPages/HomeLoggedOut/EnterVIN_input' is present

2018-06-05 12:12:47 - [TEST_STEP][PASSED] - verifyElementAttributeValue: Object 'Object Repository/LoggedOutPages/HomeLoggedOut/EnterVIN_input' has attribute 'placeholder' with value 'ENTER VIN NUMBER'

2018-06-05 12:12:47 - [MESSAGE][WARNING] - Timeout '0' is invalid. Using default page load timeout: '30'

2018-06-05 12:12:47 - [MESSAGE][PASSED] - Object 'Object Repository/LoggedOutPages/HomeLoggedOut/EnterVIN_input' has attribute 'placeholder' with value 'ENTER VIN NUMBER'

2018-06-05 12:12:47 - [TEST_STEP][PASSED] - setText: Text '5UXKR0C52F0P15679' is set on object 'Object Repository/LoggedOutPages/HomeLoggedOut/EnterVIN_input'

2018-06-05 12:12:47 - [MESSAGE][PASSED] - Text '5UXKR0C52F0P15679' is set on object 'Object Repository/LoggedOutPages/HomeLoggedOut/EnterVIN_input'

2018-06-05 12:12:47 - [TEST_STEP][PASSED] - click: Object: 'Object Repository/LoggedOutPages/HomeLoggedOut/SubmitVinArrow_Button' is clicked on

2018-06-05 12:12:48 - [MESSAGE][PASSED] - Object: 'Object Repository/LoggedOutPages/HomeLoggedOut/SubmitVinArrow_Button' is clicked on

2018-06-05 12:12:48 - [TEST_STEP][PASSED] - waitForElementVisible: Object 'Object Repository/LoggedInPages/Order (react)/instaVINProducts_Label' is visible

2018-06-05 12:12:48 - [MESSAGE][WARNING] - Timeout '0' is invalid. Using default page load timeout: '30'

2018-06-05 12:12:48 - [MESSAGE][PASSED] - Object 'Object Repository/LoggedInPages/Order (react)/instaVINProducts_Label' is visible

2018-06-05 12:12:48 - [TEST_STEP][PASSED] - verifyElementPresent: Object 'Object Repository/LoggedInPages/Order (react)/MyAccount_Label' is present

2018-06-05 12:12:48 - [MESSAGE][WARNING] - Timeout '0' is invalid. Using default page load timeout: '30'

2018-06-05 12:12:48 - [MESSAGE][PASSED] - Object 'Object Repository/LoggedInPages/Order (react)/MyAccount_Label' is present

2018-06-05 12:12:48 - [TEST_STEP][PASSED] - verifyElementVisible: Object 'Object Repository/LoggedInPages/Order (react)/ChangeVIN_Cross' is visible

2018-06-05 12:12:48 - [MESSAGE][PASSED] - Object 'Object Repository/LoggedInPages/Order (react)/ChangeVIN_Cross' is visible

2018-06-05 12:12:48 - [TEST_STEP][PASSED] - verifyElementVisible: Object 'Object Repository/LoggedInPages/Order (react)/VINdisplayed' is visible

2018-06-05 12:12:48 - [MESSAGE][PASSED] - Object 'Object Repository/LoggedInPages/Order (react)/VINdisplayed' is visible

2018-06-05 12:12:48 - [TEST_STEP][PASSED] - verifyElementText: Actual text and expected text of test object 'Object Repository/LoggedInPages/Order (react)/VINdisplayed' are matched.

2018-06-05 12:12:48 - [MESSAGE][PASSED] - Actual text and expected text of test object 'Object Repository/LoggedInPages/Order (react)/VINdisplayed' are matched.

2018-06-05 12:12:48 - [TEST_STEP][PASSED] - verifyElementText: Actual text and expected text of test object 'Object Repository/LoggedInPages/Order (react)/RecordsAreAvailable_Alert' are matched.

2018-06-05 12:12:48 - [MESSAGE][PASSED] - Actual text and expected text of test object 'Object Repository/LoggedInPages/Order (react)/RecordsAreAvailable_Alert' are matched.

2018-06-05 12:12:48 - [TEST_STEP][PASSED] - verifyElementNotPresent: Web element with id: 'Object Repository/LoggedInPages/Order (react)/VINCheckForm_EnterVINInput' located by 'By.xpath: //input[@class='VinCheckField InlineRightButtonFieldContainer']' is not present after '30' second(s)

2018-06-05 12:12:48 - [MESSAGE][WARNING] - Timeout '0' is invalid. Using default page load timeout: '30'

2018-06-05 12:12:48 - [MESSAGE][PASSED] - Web element with id: 'Object Repository/LoggedInPages/Order (react)/VINCheckForm_EnterVINInput' located by 'By.xpath: //input[@class='VinCheckField InlineRightButtonFieldContainer']' is not present after '30' second(s)

2018-06-05 12:12:48 - [TEST_STEP][PASSED] - verifyElementPresent: Object 'Object Repository/LoggedInPages/Order (react)/OrderNow_OrangeButton' is present

2018-06-05 12:12:48 - [MESSAGE][WARNING] - Timeout '0' is invalid. Using default page load timeout: '30'

2018-06-05 12:12:48 - [MESSAGE][PASSED] - Object 'Object Repository/LoggedInPages/Order (react)/OrderNow_OrangeButton' is present

2018-06-05 12:12:48 - [TEST_STEP][PASSED] - closeBrowser: Browser is closed

2018-06-05 12:12:49 - [MESSAGE][PASSED] - Browser is closed]]></system-out>
         <system-err><![CDATA[]]></system-err>
      </testcase>
      <testcase name="Test Cases/CaDealerRequest - ValidFields" classname="Test Cases/CaDealerRequest - ValidFields" status="PASSED">
         <system-out><![CDATA[2018-06-05 12:12:49 - [TEST_CASE][PASSED] - Test Cases/CaDealerRequest - ValidFields: Test Cases/CaDealerRequest - ValidFields

2018-06-05 12:12:49 - [TEST_STEP][PASSED] - openBrowser: Browser is opened with url: ''

2018-06-05 12:12:52 - [MESSAGE][PASSED] - Browser is opened with url: ''

2018-06-05 12:12:52 - [TEST_STEP][PASSED] - maximizeWindow: Current window maximized

2018-06-05 12:12:53 - [MESSAGE][PASSED] - Current window maximized

2018-06-05 12:12:53 - [TEST_STEP][PASSED] - navigateToUrl: Navigate to 'https://dev-front.instavin.com/' successfully

2018-06-05 12:12:55 - [MESSAGE][PASSED] - Navigate to 'https://dev-front.instavin.com/' successfully

2018-06-05 12:12:55 - [TEST_STEP][PASSED] - mouseOver: Object: 'Object Repository/LoggedOutPages/HomeLoggedOut/Dealers_Label' is hovered

2018-06-05 12:12:56 - [MESSAGE][PASSED] - Object: 'Object Repository/LoggedOutPages/HomeLoggedOut/Dealers_Label' is hovered

2018-06-05 12:12:56 - [TEST_STEP][PASSED] - verifyElementVisible: Object 'Object Repository/LoggedOutPages/HomeLoggedOut/CaliforniaDealers_Link' is visible

2018-06-05 12:12:56 - [MESSAGE][PASSED] - Object 'Object Repository/LoggedOutPages/HomeLoggedOut/CaliforniaDealers_Link' is visible

2018-06-05 12:12:56 - [TEST_STEP][PASSED] - click: Object: 'Object Repository/LoggedOutPages/HomeLoggedOut/CaliforniaDealers_Link' is clicked on

2018-06-05 12:12:57 - [MESSAGE][PASSED] - Object: 'Object Repository/LoggedOutPages/HomeLoggedOut/CaliforniaDealers_Link' is clicked on

2018-06-05 12:12:57 - [TEST_STEP][PASSED] - waitForElementVisible: Object 'Object Repository/LoggedOutPages/Dealers/SignUpTop_Button' is visible

2018-06-05 12:12:57 - [MESSAGE][WARNING] - Timeout '0' is invalid. Using default page load timeout: '30'

2018-06-05 12:12:57 - [MESSAGE][PASSED] - Object 'Object Repository/LoggedOutPages/Dealers/SignUpTop_Button' is visible

2018-06-05 12:12:57 - [TEST_STEP][PASSED] - verifyTextPresent: Text 'instaVIN Reports complies with the California Assembly Bill 1215 salvage sticker law' is present on page 

2018-06-05 12:12:57 - [MESSAGE][PASSED] - Text 'instaVIN Reports complies with the California Assembly Bill 1215 salvage sticker law' is present on page 

2018-06-05 12:12:57 - [TEST_STEP][PASSED] - verifyTextPresent: Text 'CA Law AB1215 Overview' is present on page 

2018-06-05 12:12:57 - [MESSAGE][PASSED] - Text 'CA Law AB1215 Overview' is present on page 

2018-06-05 12:12:57 - [TEST_STEP][PASSED] - click: Object: 'Object Repository/LoggedOutPages/Dealers/SignUpTop_Button' is clicked on

2018-06-05 12:12:57 - [MESSAGE][PASSED] - Object: 'Object Repository/LoggedOutPages/Dealers/SignUpTop_Button' is clicked on

2018-06-05 12:12:57 - [TEST_STEP][PASSED] - waitForElementVisible: Object 'Object Repository/LoggedOutPages/Dealers/DealerSignUp_Header' is visible

2018-06-05 12:12:57 - [MESSAGE][WARNING] - Timeout '0' is invalid. Using default page load timeout: '30'

2018-06-05 12:12:57 - [MESSAGE][PASSED] - Object 'Object Repository/LoggedOutPages/Dealers/DealerSignUp_Header' is visible

2018-06-05 12:12:57 - [TEST_STEP][PASSED] - Statement - now = new java.util.Date(): null

2018-06-05 12:12:57 - [TEST_STEP][PASSED] - Statement - rnd = now.format("yyyyMMddHHmmssSSS").toString(): null

2018-06-05 12:12:57 - [TEST_STEP][PASSED] - Statement - Email = com.kms.katalon.core.webui.keyword.WebUiBuiltInKeywords.concatenate(["dealer", rnd, "@mailinator.com"]): Concatenated string array: '['dealer','20180605121257918','@mailinator.com']' into 'dealer20180605121257918@mailinator.com'

2018-06-05 12:12:57 - [MESSAGE][PASSED] - Concatenated string array: '['dealer','20180605121257918','@mailinator.com']' into 'dealer20180605121257918@mailinator.com'

2018-06-05 12:12:57 - [TEST_STEP][PASSED] - setText: Text 'Test Dealer' is set on object 'Object Repository/LoggedOutPages/Dealers/DealerName_Input'

2018-06-05 12:12:58 - [MESSAGE][PASSED] - Text 'Test Dealer' is set on object 'Object Repository/LoggedOutPages/Dealers/DealerName_Input'

2018-06-05 12:12:58 - [TEST_STEP][PASSED] - setText: Text '111111' is set on object 'Object Repository/LoggedOutPages/Dealers/AccessID_Input'

2018-06-05 12:12:58 - [MESSAGE][PASSED] - Text '111111' is set on object 'Object Repository/LoggedOutPages/Dealers/AccessID_Input'

2018-06-05 12:12:58 - [TEST_STEP][PASSED] - setText: Text 'www.test.co' is set on object 'Object Repository/LoggedOutPages/Dealers/Website_Input'

2018-06-05 12:12:58 - [MESSAGE][PASSED] - Text 'www.test.co' is set on object 'Object Repository/LoggedOutPages/Dealers/Website_Input'

2018-06-05 12:12:58 - [TEST_STEP][PASSED] - setText: Text 'test' is set on object 'Object Repository/LoggedOutPages/Dealers/Address_Input'

2018-06-05 12:12:58 - [MESSAGE][PASSED] - Text 'test' is set on object 'Object Repository/LoggedOutPages/Dealers/Address_Input'

2018-06-05 12:12:58 - [TEST_STEP][PASSED] - setText: Text 'test' is set on object 'Object Repository/LoggedOutPages/Dealers/City_Input'

2018-06-05 12:12:59 - [MESSAGE][PASSED] - Text 'test' is set on object 'Object Repository/LoggedOutPages/Dealers/City_Input'

2018-06-05 12:12:59 - [TEST_STEP][PASSED] - selectOptionByValue: All options with value 'CA' are selected in object 'Object Repository/LoggedOutPages/CreateAccount/State_Dropdown' 

2018-06-05 12:12:59 - [MESSAGE][PASSED] - All options with value 'CA' are selected in object 'Object Repository/LoggedOutPages/CreateAccount/State_Dropdown' 

2018-06-05 12:12:59 - [TEST_STEP][PASSED] - setText: Text '11111' is set on object 'Object Repository/LoggedOutPages/Dealers/Zip_Input'

2018-06-05 12:12:59 - [MESSAGE][PASSED] - Text '11111' is set on object 'Object Repository/LoggedOutPages/Dealers/Zip_Input'

2018-06-05 12:12:59 - [TEST_STEP][PASSED] - setText: Text 'Dealer' is set on object 'Object Repository/LoggedOutPages/Dealers/FirstName_Input'

2018-06-05 12:12:59 - [MESSAGE][PASSED] - Text 'Dealer' is set on object 'Object Repository/LoggedOutPages/Dealers/FirstName_Input'

2018-06-05 12:12:59 - [TEST_STEP][PASSED] - setText: Text 'Autotest' is set on object 'Object Repository/LoggedOutPages/Dealers/LastName_Input'

2018-06-05 12:13:00 - [MESSAGE][PASSED] - Text 'Autotest' is set on object 'Object Repository/LoggedOutPages/Dealers/LastName_Input'

2018-06-05 12:13:00 - [TEST_STEP][PASSED] - setText: Text 'dealer20180605121257918@mailinator.com' is set on object 'Object Repository/LoggedOutPages/Dealers/Email_Input'

2018-06-05 12:13:01 - [MESSAGE][PASSED] - Text 'dealer20180605121257918@mailinator.com' is set on object 'Object Repository/LoggedOutPages/Dealers/Email_Input'

2018-06-05 12:13:01 - [TEST_STEP][PASSED] - setText: Text '8001112233' is set on object 'Object Repository/LoggedOutPages/Dealers/Phone_Input'

2018-06-05 12:13:01 - [MESSAGE][PASSED] - Text '8001112233' is set on object 'Object Repository/LoggedOutPages/Dealers/Phone_Input'

2018-06-05 12:13:01 - [TEST_STEP][PASSED] - setText: Text 'Test message text' is set on object 'Object Repository/LoggedOutPages/Dealers/Message_InputArea'

2018-06-05 12:13:01 - [MESSAGE][PASSED] - Text 'Test message text' is set on object 'Object Repository/LoggedOutPages/Dealers/Message_InputArea'

2018-06-05 12:13:01 - [TEST_STEP][PASSED] - click: Object: 'Object Repository/LoggedOutPages/Dealers/DealerSubmit_Button' is clicked on

2018-06-05 12:13:01 - [MESSAGE][PASSED] - Object: 'Object Repository/LoggedOutPages/Dealers/DealerSubmit_Button' is clicked on

2018-06-05 12:13:02 - [TEST_STEP][PASSED] - waitForElementPresent: Object 'Object Repository/LoggedOutPages/Dealers/Confirmation_Modal' is present

2018-06-05 12:13:02 - [MESSAGE][WARNING] - Timeout '0' is invalid. Using default page load timeout: '30'

2018-06-05 12:13:02 - [MESSAGE][PASSED] - Object 'Object Repository/LoggedOutPages/Dealers/Confirmation_Modal' is present

2018-06-05 12:13:02 - [TEST_STEP][PASSED] - verifyTextPresent: Text 'Click OK to be redirected to instaVIN® Dealer pricing. Dealers - Buy in Bundles and Save!' is present on page 

2018-06-05 12:13:02 - [MESSAGE][PASSED] - Text 'Click OK to be redirected to instaVIN® Dealer pricing. Dealers - Buy in Bundles and Save!' is present on page 

2018-06-05 12:13:02 - [TEST_STEP][PASSED] - click: Object: 'Object Repository/LoggedOutPages/Dealers/OkConfirmation_Button' is clicked on

2018-06-05 12:13:03 - [MESSAGE][PASSED] - Object: 'Object Repository/LoggedOutPages/Dealers/OkConfirmation_Button' is clicked on

2018-06-05 12:13:03 - [TEST_STEP][PASSED] - waitForElementVisible: Object 'Object Repository/LoggedOutPages/DealersOrder/EnterVin_Field' is visible

2018-06-05 12:13:03 - [MESSAGE][WARNING] - Timeout '0' is invalid. Using default page load timeout: '30'

2018-06-05 12:13:04 - [MESSAGE][PASSED] - Object 'Object Repository/LoggedOutPages/DealersOrder/EnterVin_Field' is visible

2018-06-05 12:13:04 - [TEST_STEP][PASSED] - Statement - RedirectURL = com.kms.katalon.core.webui.keyword.WebUiBuiltInKeywords.getUrl(): Current window's url is: 'https://dev-front.instavin.com/_O/CA-Dealer-Specials/order'

2018-06-05 12:13:04 - [MESSAGE][PASSED] - Current window's url is: 'https://dev-front.instavin.com/_O/CA-Dealer-Specials/order'

2018-06-05 12:13:04 - [TEST_STEP][PASSED] - Statement - ExpectedURL = com.kms.katalon.core.webui.keyword.WebUiBuiltInKeywords.concatenate([StartURL, "_O/CA-Dealer-Specials/order"]): Concatenated string array: '['https://dev-front.instavin.com/','_O/CA-Dealer-Specials/order']' into 'https://dev-front.instavin.com/_O/CA-Dealer-Specials/order'

2018-06-05 12:13:04 - [MESSAGE][PASSED] - Concatenated string array: '['https://dev-front.instavin.com/','_O/CA-Dealer-Specials/order']' into 'https://dev-front.instavin.com/_O/CA-Dealer-Specials/order'

2018-06-05 12:13:04 - [TEST_STEP][PASSED] - verifyEqual: Actual object 'https://dev-front.instavin.com/_O/CA-Dealer-Specials/order' and expected object 'https://dev-front.instavin.com/_O/CA-Dealer-Specials/order' are equal

2018-06-05 12:13:04 - [MESSAGE][PASSED] - Actual object 'https://dev-front.instavin.com/_O/CA-Dealer-Specials/order' and expected object 'https://dev-front.instavin.com/_O/CA-Dealer-Specials/order' are equal

2018-06-05 12:13:04 - [TEST_STEP][PASSED] - closeBrowser: Browser is closed

2018-06-05 12:13:04 - [MESSAGE][PASSED] - Browser is closed]]></system-out>
         <system-err><![CDATA[]]></system-err>
      </testcase>
      <testcase name="Test Cases/DealerRequest - ValidFields" classname="Test Cases/DealerRequest - ValidFields" status="PASSED">
         <system-out><![CDATA[2018-06-05 12:13:04 - [TEST_CASE][PASSED] - Test Cases/DealerRequest - ValidFields: Test Cases/DealerRequest - ValidFields

2018-06-05 12:13:05 - [TEST_STEP][PASSED] - openBrowser: Browser is opened with url: ''

2018-06-05 12:13:07 - [MESSAGE][PASSED] - Browser is opened with url: ''

2018-06-05 12:13:07 - [TEST_STEP][PASSED] - maximizeWindow: Current window maximized

2018-06-05 12:13:08 - [MESSAGE][PASSED] - Current window maximized

2018-06-05 12:13:08 - [TEST_STEP][PASSED] - navigateToUrl: Navigate to 'https://dev-front.instavin.com/' successfully

2018-06-05 12:13:11 - [MESSAGE][PASSED] - Navigate to 'https://dev-front.instavin.com/' successfully

2018-06-05 12:13:11 - [TEST_STEP][PASSED] - mouseOver: Object: 'Object Repository/LoggedOutPages/HomeLoggedOut/Dealers_Label' is hovered

2018-06-05 12:13:11 - [MESSAGE][PASSED] - Object: 'Object Repository/LoggedOutPages/HomeLoggedOut/Dealers_Label' is hovered

2018-06-05 12:13:11 - [TEST_STEP][PASSED] - verifyElementVisible: Object 'Object Repository/LoggedOutPages/HomeLoggedOut/DealerProgram_Link' is visible

2018-06-05 12:13:11 - [MESSAGE][PASSED] - Object 'Object Repository/LoggedOutPages/HomeLoggedOut/DealerProgram_Link' is visible

2018-06-05 12:13:11 - [TEST_STEP][PASSED] - click: Object: 'Object Repository/LoggedOutPages/HomeLoggedOut/DealerProgram_Link' is clicked on

2018-06-05 12:13:12 - [MESSAGE][PASSED] - Object: 'Object Repository/LoggedOutPages/HomeLoggedOut/DealerProgram_Link' is clicked on

2018-06-05 12:13:12 - [TEST_STEP][PASSED] - waitForElementVisible: Object 'Object Repository/LoggedOutPages/Dealers/SignUpTop_Button' is visible

2018-06-05 12:13:12 - [MESSAGE][WARNING] - Timeout '0' is invalid. Using default page load timeout: '30'

2018-06-05 12:13:12 - [MESSAGE][PASSED] - Object 'Object Repository/LoggedOutPages/Dealers/SignUpTop_Button' is visible

2018-06-05 12:13:12 - [TEST_STEP][PASSED] - verifyTextPresent: Text 'Welcome Dealers!' is present on page 

2018-06-05 12:13:12 - [MESSAGE][PASSED] - Text 'Welcome Dealers!' is present on page 

2018-06-05 12:13:12 - [TEST_STEP][PASSED] - verifyTextPresent: Text 'Get more data to help make better decisions, including' is present on page 

2018-06-05 12:13:12 - [MESSAGE][PASSED] - Text 'Get more data to help make better decisions, including' is present on page 

2018-06-05 12:13:12 - [TEST_STEP][PASSED] - click: Object: 'Object Repository/LoggedOutPages/Dealers/SignUpTop_Button' is clicked on

2018-06-05 12:13:13 - [MESSAGE][PASSED] - Object: 'Object Repository/LoggedOutPages/Dealers/SignUpTop_Button' is clicked on

2018-06-05 12:13:13 - [TEST_STEP][PASSED] - waitForElementVisible: Object 'Object Repository/LoggedOutPages/Dealers/DealerSignUp_Header' is visible

2018-06-05 12:13:13 - [MESSAGE][WARNING] - Timeout '0' is invalid. Using default page load timeout: '30'

2018-06-05 12:13:13 - [MESSAGE][PASSED] - Object 'Object Repository/LoggedOutPages/Dealers/DealerSignUp_Header' is visible

2018-06-05 12:13:13 - [TEST_STEP][PASSED] - Statement - now = new java.util.Date(): null

2018-06-05 12:13:13 - [TEST_STEP][PASSED] - Statement - rnd = now.format("yyyyMMddHHmmssSSS").toString(): null

2018-06-05 12:13:13 - [TEST_STEP][PASSED] - Statement - Email = com.kms.katalon.core.webui.keyword.WebUiBuiltInKeywords.concatenate(["dealer", rnd, "@mailinator.com"]): Concatenated string array: '['dealer','20180605121313132','@mailinator.com']' into 'dealer20180605121313132@mailinator.com'

2018-06-05 12:13:13 - [MESSAGE][PASSED] - Concatenated string array: '['dealer','20180605121313132','@mailinator.com']' into 'dealer20180605121313132@mailinator.com'

2018-06-05 12:13:13 - [TEST_STEP][PASSED] - setText: Text 'Test Dealer' is set on object 'Object Repository/LoggedOutPages/Dealers/DealerName_Input'

2018-06-05 12:13:13 - [MESSAGE][PASSED] - Text 'Test Dealer' is set on object 'Object Repository/LoggedOutPages/Dealers/DealerName_Input'

2018-06-05 12:13:13 - [TEST_STEP][PASSED] - setText: Text '111111' is set on object 'Object Repository/LoggedOutPages/Dealers/AccessID_Input'

2018-06-05 12:13:13 - [MESSAGE][PASSED] - Text '111111' is set on object 'Object Repository/LoggedOutPages/Dealers/AccessID_Input'

2018-06-05 12:13:13 - [TEST_STEP][PASSED] - setText: Text 'www.test.co' is set on object 'Object Repository/LoggedOutPages/Dealers/Website_Input'

2018-06-05 12:13:13 - [MESSAGE][PASSED] - Text 'www.test.co' is set on object 'Object Repository/LoggedOutPages/Dealers/Website_Input'

2018-06-05 12:13:13 - [TEST_STEP][PASSED] - setText: Text 'test' is set on object 'Object Repository/LoggedOutPages/Dealers/Address_Input'

2018-06-05 12:13:13 - [MESSAGE][PASSED] - Text 'test' is set on object 'Object Repository/LoggedOutPages/Dealers/Address_Input'

2018-06-05 12:13:13 - [TEST_STEP][PASSED] - setText: Text 'test' is set on object 'Object Repository/LoggedOutPages/Dealers/City_Input'

2018-06-05 12:13:14 - [MESSAGE][PASSED] - Text 'test' is set on object 'Object Repository/LoggedOutPages/Dealers/City_Input'

2018-06-05 12:13:14 - [TEST_STEP][PASSED] - selectOptionByValue: All options with value 'TX' are selected in object 'Object Repository/LoggedOutPages/CreateAccount/State_Dropdown' 

2018-06-05 12:13:14 - [MESSAGE][PASSED] - All options with value 'TX' are selected in object 'Object Repository/LoggedOutPages/CreateAccount/State_Dropdown' 

2018-06-05 12:13:14 - [TEST_STEP][PASSED] - setText: Text '11111' is set on object 'Object Repository/LoggedOutPages/Dealers/Zip_Input'

2018-06-05 12:13:15 - [MESSAGE][PASSED] - Text '11111' is set on object 'Object Repository/LoggedOutPages/Dealers/Zip_Input'

2018-06-05 12:13:15 - [TEST_STEP][PASSED] - setText: Text 'Dealer' is set on object 'Object Repository/LoggedOutPages/Dealers/FirstName_Input'

2018-06-05 12:13:15 - [MESSAGE][PASSED] - Text 'Dealer' is set on object 'Object Repository/LoggedOutPages/Dealers/FirstName_Input'

2018-06-05 12:13:15 - [TEST_STEP][PASSED] - setText: Text 'Autotest' is set on object 'Object Repository/LoggedOutPages/Dealers/LastName_Input'

2018-06-05 12:13:15 - [MESSAGE][PASSED] - Text 'Autotest' is set on object 'Object Repository/LoggedOutPages/Dealers/LastName_Input'

2018-06-05 12:13:15 - [TEST_STEP][PASSED] - setText: Text 'dealer20180605121313132@mailinator.com' is set on object 'Object Repository/LoggedOutPages/Dealers/Email_Input'

2018-06-05 12:13:15 - [MESSAGE][PASSED] - Text 'dealer20180605121313132@mailinator.com' is set on object 'Object Repository/LoggedOutPages/Dealers/Email_Input'

2018-06-05 12:13:15 - [TEST_STEP][PASSED] - setText: Text '8001112233' is set on object 'Object Repository/LoggedOutPages/Dealers/Phone_Input'

2018-06-05 12:13:16 - [MESSAGE][PASSED] - Text '8001112233' is set on object 'Object Repository/LoggedOutPages/Dealers/Phone_Input'

2018-06-05 12:13:16 - [TEST_STEP][PASSED] - setText: Text 'Test message text' is set on object 'Object Repository/LoggedOutPages/Dealers/Message_InputArea'

2018-06-05 12:13:16 - [MESSAGE][PASSED] - Text 'Test message text' is set on object 'Object Repository/LoggedOutPages/Dealers/Message_InputArea'

2018-06-05 12:13:16 - [TEST_STEP][PASSED] - click: Object: 'Object Repository/LoggedOutPages/Dealers/DealerSubmit_Button' is clicked on

2018-06-05 12:13:16 - [MESSAGE][PASSED] - Object: 'Object Repository/LoggedOutPages/Dealers/DealerSubmit_Button' is clicked on

2018-06-05 12:13:16 - [TEST_STEP][PASSED] - waitForElementPresent: Object 'Object Repository/LoggedOutPages/Dealers/Confirmation_Modal' is present

2018-06-05 12:13:16 - [MESSAGE][WARNING] - Timeout '0' is invalid. Using default page load timeout: '30'

2018-06-05 12:13:17 - [MESSAGE][PASSED] - Object 'Object Repository/LoggedOutPages/Dealers/Confirmation_Modal' is present

2018-06-05 12:13:17 - [TEST_STEP][PASSED] - verifyTextPresent: Text 'Click OK to be redirected to instaVIN® Dealer pricing. Dealers - Buy in Bundles and Save!' is present on page 

2018-06-05 12:13:17 - [MESSAGE][PASSED] - Text 'Click OK to be redirected to instaVIN® Dealer pricing. Dealers - Buy in Bundles and Save!' is present on page 

2018-06-05 12:13:17 - [TEST_STEP][PASSED] - click: Object: 'Object Repository/LoggedOutPages/Dealers/OkConfirmation_Button' is clicked on

2018-06-05 12:13:39 - [MESSAGE][PASSED] - Object: 'Object Repository/LoggedOutPages/Dealers/OkConfirmation_Button' is clicked on

2018-06-05 12:13:39 - [TEST_STEP][PASSED] - waitForElementVisible: Object 'Object Repository/LoggedOutPages/DealersOrder/EnterVin_Field' is visible

2018-06-05 12:13:39 - [MESSAGE][WARNING] - Timeout '0' is invalid. Using default page load timeout: '30'

2018-06-05 12:13:39 - [MESSAGE][PASSED] - Object 'Object Repository/LoggedOutPages/DealersOrder/EnterVin_Field' is visible

2018-06-05 12:13:39 - [TEST_STEP][PASSED] - Statement - RedirectURL = com.kms.katalon.core.webui.keyword.WebUiBuiltInKeywords.getUrl(): Current window's url is: 'https://dev-front.instavin.com/_O/dealer-bundles/order'

2018-06-05 12:13:39 - [MESSAGE][PASSED] - Current window's url is: 'https://dev-front.instavin.com/_O/dealer-bundles/order'

2018-06-05 12:13:39 - [TEST_STEP][PASSED] - Statement - ExpectedURL = com.kms.katalon.core.webui.keyword.WebUiBuiltInKeywords.concatenate([StartURL, "_O/dealer-bundles/order"]): Concatenated string array: '['https://dev-front.instavin.com/','_O/dealer-bundles/order']' into 'https://dev-front.instavin.com/_O/dealer-bundles/order'

2018-06-05 12:13:39 - [MESSAGE][PASSED] - Concatenated string array: '['https://dev-front.instavin.com/','_O/dealer-bundles/order']' into 'https://dev-front.instavin.com/_O/dealer-bundles/order'

2018-06-05 12:13:39 - [TEST_STEP][PASSED] - verifyEqual: Actual object 'https://dev-front.instavin.com/_O/dealer-bundles/order' and expected object 'https://dev-front.instavin.com/_O/dealer-bundles/order' are equal

2018-06-05 12:13:39 - [MESSAGE][PASSED] - Actual object 'https://dev-front.instavin.com/_O/dealer-bundles/order' and expected object 'https://dev-front.instavin.com/_O/dealer-bundles/order' are equal

2018-06-05 12:13:39 - [TEST_STEP][PASSED] - closeBrowser: Browser is closed

2018-06-05 12:13:40 - [MESSAGE][PASSED] - Browser is closed]]></system-out>
         <system-err><![CDATA[]]></system-err>
      </testcase>
      <testcase name="Test Cases/Affiliate - BuyVTRConsumer" classname="Test Cases/Affiliate - BuyVTRConsumer" status="PASSED">
         <system-out><![CDATA[2018-06-05 12:13:40 - [TEST_CASE][PASSED] - Test Cases/Affiliate - BuyVTRConsumer: Test Cases/Affiliate - BuyVTRConsumer

2018-06-05 12:13:41 - [TEST_STEP][PASSED] - openBrowser: Browser is opened with url: ''

2018-06-05 12:13:43 - [MESSAGE][PASSED] - Browser is opened with url: ''

2018-06-05 12:13:43 - [TEST_STEP][PASSED] - maximizeWindow: Current window maximized

2018-06-05 12:13:44 - [MESSAGE][PASSED] - Current window maximized

2018-06-05 12:13:44 - [TEST_STEP][PASSED] - Statement - OrderURL = com.kms.katalon.core.webui.keyword.WebUiBuiltInKeywords.concatenate([StagingReact, AffiliateURL, "order/"]): Concatenated string array: '['https://dev-front.instavin.com/','_O/autotest/','order/']' into 'https://dev-front.instavin.com/_O/autotest/order/'

2018-06-05 12:13:44 - [MESSAGE][PASSED] - Concatenated string array: '['https://dev-front.instavin.com/','_O/autotest/','order/']' into 'https://dev-front.instavin.com/_O/autotest/order/'

2018-06-05 12:13:44 - [TEST_STEP][PASSED] - navigateToUrl: Navigate to 'https://dev-front.instavin.com/_O/autotest/order/' successfully

2018-06-05 12:13:47 - [MESSAGE][PASSED] - Navigate to 'https://dev-front.instavin.com/_O/autotest/order/' successfully

2018-06-05 12:13:47 - [TEST_STEP][PASSED] - waitForElementVisible: Object 'Object Repository/LoggedInPages/Order (react)/instaVINProducts_Label' is visible

2018-06-05 12:13:47 - [MESSAGE][WARNING] - Timeout '0' is invalid. Using default page load timeout: '30'

2018-06-05 12:13:47 - [MESSAGE][PASSED] - Object 'Object Repository/LoggedInPages/Order (react)/instaVINProducts_Label' is visible

2018-06-05 12:13:47 - [TEST_STEP][PASSED] - verifyElementText: Actual text and expected text of test object 'Object Repository/LoggedInPages/Order (react)/VtrPrice1' are matched.

2018-06-05 12:13:47 - [MESSAGE][PASSED] - Actual text and expected text of test object 'Object Repository/LoggedInPages/Order (react)/VtrPrice1' are matched.

2018-06-05 12:13:47 - [TEST_STEP][PASSED] - verifyElementText: Actual text and expected text of test object 'Object Repository/LoggedInPages/Order (react)/VtrPrice10' are matched.

2018-06-05 12:13:47 - [MESSAGE][PASSED] - Actual text and expected text of test object 'Object Repository/LoggedInPages/Order (react)/VtrPrice10' are matched.

2018-06-05 12:13:47 - [TEST_STEP][PASSED] - verifyElementText: Actual text and expected text of test object 'Object Repository/LoggedInPages/Order (react)/VtrPrice50' are matched.

2018-06-05 12:13:47 - [MESSAGE][PASSED] - Actual text and expected text of test object 'Object Repository/LoggedInPages/Order (react)/VtrPrice50' are matched.

2018-06-05 12:13:47 - [TEST_STEP][PASSED] - setText: Text 'SAJWA43C199B29849' is set on object 'Object Repository/LoggedInPages/Order (react)/VINCheckForm_EnterVINInput'

2018-06-05 12:13:47 - [MESSAGE][PASSED] - Text 'SAJWA43C199B29849' is set on object 'Object Repository/LoggedInPages/Order (react)/VINCheckForm_EnterVINInput'

2018-06-05 12:13:47 - [TEST_STEP][PASSED] - click: Object: 'Object Repository/LoggedInPages/Order (react)/CheckVin_ArrowButton' is clicked on

2018-06-05 12:13:47 - [MESSAGE][PASSED] - Object: 'Object Repository/LoggedInPages/Order (react)/CheckVin_ArrowButton' is clicked on

2018-06-05 12:13:47 - [TEST_STEP][PASSED] - waitForElementVisible: Object 'Object Repository/LoggedInPages/Order (react)/ChangeVIN_Cross' is visible

2018-06-05 12:13:47 - [MESSAGE][WARNING] - Timeout '0' is invalid. Using default page load timeout: '30'

2018-06-05 12:13:48 - [MESSAGE][PASSED] - Object 'Object Repository/LoggedInPages/Order (react)/ChangeVIN_Cross' is visible

2018-06-05 12:13:48 - [TEST_STEP][PASSED] - verifyElementVisible: Object 'Object Repository/LoggedInPages/Order (react)/OrderNow_OrangeButton' is visible

2018-06-05 12:13:48 - [MESSAGE][PASSED] - Object 'Object Repository/LoggedInPages/Order (react)/OrderNow_OrangeButton' is visible

2018-06-05 12:13:48 - [TEST_STEP][PASSED] - click: Object: 'Object Repository/LoggedInPages/Order (react)/OrderNow_OrangeButton' is clicked on

2018-06-05 12:13:48 - [MESSAGE][PASSED] - Object: 'Object Repository/LoggedInPages/Order (react)/OrderNow_OrangeButton' is clicked on

2018-06-05 12:13:48 - [TEST_STEP][PASSED] - waitForElementVisible: Object 'Object Repository/LoggedInPages/Order (react)/Purchase_Button' is visible

2018-06-05 12:13:48 - [MESSAGE][WARNING] - Timeout '0' is invalid. Using default page load timeout: '30'

2018-06-05 12:13:48 - [MESSAGE][PASSED] - Object 'Object Repository/LoggedInPages/Order (react)/Purchase_Button' is visible

2018-06-05 12:13:48 - [TEST_STEP][PASSED] - Statement - now = new java.util.Date(): null

2018-06-05 12:13:48 - [TEST_STEP][PASSED] - Statement - rnd = now.format("yyyyMMddHHmmssSSS").toString(): null

2018-06-05 12:13:48 - [TEST_STEP][PASSED] - Statement - Email = com.kms.katalon.core.webui.keyword.WebUiBuiltInKeywords.concatenate(["affiliate", rnd, "@mailinator.com"]): Concatenated string array: '['affiliate','20180605121348429','@mailinator.com']' into 'affiliate20180605121348429@mailinator.com'

2018-06-05 12:13:48 - [MESSAGE][PASSED] - Concatenated string array: '['affiliate','20180605121348429','@mailinator.com']' into 'affiliate20180605121348429@mailinator.com'

2018-06-05 12:13:48 - [TEST_STEP][PASSED] - callTestCase: Call Test Case 'Test Cases/Base Tests/OrderSignUpBase' successfully

2018-06-05 12:13:48 - [TEST_CASE][PASSED] - Test Cases/Base Tests/OrderSignUpBase: Test Cases/Base Tests/OrderSignUpBase

2018-06-05 12:13:48 - [TEST_STEP][PASSED] - setText: Text 'Affiliate' is set on object 'Object Repository/LoggedOutPages/OrderLoggedOut/FirstName_Input'

2018-06-05 12:13:49 - [MESSAGE][PASSED] - Text 'Affiliate' is set on object 'Object Repository/LoggedOutPages/OrderLoggedOut/FirstName_Input'

2018-06-05 12:13:49 - [TEST_STEP][PASSED] - setText: Text 'Test' is set on object 'Object Repository/LoggedOutPages/OrderLoggedOut/LastName_Input'

2018-06-05 12:13:49 - [MESSAGE][PASSED] - Text 'Test' is set on object 'Object Repository/LoggedOutPages/OrderLoggedOut/LastName_Input'

2018-06-05 12:13:49 - [TEST_STEP][PASSED] - setText: Text 'test' is set on object 'Object Repository/LoggedOutPages/OrderLoggedOut/Address_Input'

2018-06-05 12:13:49 - [MESSAGE][PASSED] - Text 'test' is set on object 'Object Repository/LoggedOutPages/OrderLoggedOut/Address_Input'

2018-06-05 12:13:49 - [TEST_STEP][PASSED] - setText: Text 'test' is set on object 'Object Repository/LoggedOutPages/OrderLoggedOut/City_Input'

2018-06-05 12:13:50 - [MESSAGE][PASSED] - Text 'test' is set on object 'Object Repository/LoggedOutPages/OrderLoggedOut/City_Input'

2018-06-05 12:13:50 - [TEST_STEP][PASSED] - selectOptionByValue: All options with value 'TX' are selected in object 'Object Repository/LoggedOutPages/OrderLoggedOut/State_Dropdown' 

2018-06-05 12:13:50 - [MESSAGE][PASSED] - All options with value 'TX' are selected in object 'Object Repository/LoggedOutPages/OrderLoggedOut/State_Dropdown' 

2018-06-05 12:13:50 - [TEST_STEP][PASSED] - setText: Text '11111' is set on object 'Object Repository/LoggedOutPages/OrderLoggedOut/Zip_Input'

2018-06-05 12:13:50 - [MESSAGE][PASSED] - Text '11111' is set on object 'Object Repository/LoggedOutPages/OrderLoggedOut/Zip_Input'

2018-06-05 12:13:50 - [TEST_STEP][PASSED] - setText: Text '8001112233' is set on object 'Object Repository/LoggedOutPages/OrderLoggedOut/Phone_Input'

2018-06-05 12:13:51 - [MESSAGE][PASSED] - Text '8001112233' is set on object 'Object Repository/LoggedOutPages/OrderLoggedOut/Phone_Input'

2018-06-05 12:13:51 - [TEST_STEP][PASSED] - setText: Text 'affiliate20180605121348429@mailinator.com' is set on object 'Object Repository/LoggedOutPages/OrderLoggedOut/Email_Input'

2018-06-05 12:13:51 - [MESSAGE][PASSED] - Text 'affiliate20180605121348429@mailinator.com' is set on object 'Object Repository/LoggedOutPages/OrderLoggedOut/Email_Input'

2018-06-05 12:13:51 - [TEST_STEP][PASSED] - setText: Text '4000100011112224' is set on object 'Object Repository/LoggedOutPages/OrderLoggedOut/CcNumber_Input'

2018-06-05 12:13:51 - [MESSAGE][PASSED] - Text '4000100011112224' is set on object 'Object Repository/LoggedOutPages/OrderLoggedOut/CcNumber_Input'

2018-06-05 12:13:51 - [TEST_STEP][PASSED] - setText: Text '111' is set on object 'Object Repository/LoggedOutPages/OrderLoggedOut/CVV_Input'

2018-06-05 12:13:51 - [MESSAGE][PASSED] - Text '111' is set on object 'Object Repository/LoggedOutPages/OrderLoggedOut/CVV_Input'

2018-06-05 12:13:51 - [TEST_STEP][PASSED] - selectOptionByValue: All options with value '11' are selected in object 'Object Repository/LoggedOutPages/OrderLoggedOut/ExpirationMonth_Dropdown' 

2018-06-05 12:13:52 - [MESSAGE][PASSED] - All options with value '11' are selected in object 'Object Repository/LoggedOutPages/OrderLoggedOut/ExpirationMonth_Dropdown' 

2018-06-05 12:13:52 - [TEST_STEP][PASSED] - selectOptionByValue: All options with value '2020' are selected in object 'Object Repository/LoggedOutPages/OrderLoggedOut/ExpirationYear_Dropdown' 

2018-06-05 12:13:52 - [MESSAGE][PASSED] - All options with value '2020' are selected in object 'Object Repository/LoggedOutPages/OrderLoggedOut/ExpirationYear_Dropdown' 

2018-06-05 12:13:52 - [TEST_STEP][PASSED] - selectOptionByValue: All options with value '0' are selected in object 'Object Repository/LoggedOutPages/OrderLoggedOut/UserType_Dropdown' 

2018-06-05 12:13:52 - [MESSAGE][PASSED] - All options with value '0' are selected in object 'Object Repository/LoggedOutPages/OrderLoggedOut/UserType_Dropdown' 

2018-06-05 12:13:52 - [TEST_STEP][PASSED] - check: Object 'Object Repository/LoggedOutPages/OrderLoggedOut/Terms_Checkbox' is checked

2018-06-05 12:13:52 - [MESSAGE][PASSED] - Object 'Object Repository/LoggedOutPages/OrderLoggedOut/Terms_Checkbox' is checked

2018-06-05 12:13:52 - [TEST_STEP][PASSED] - click: Object: 'Object Repository/LoggedInPages/Order (react)/Purchase_Button' is clicked on

2018-06-05 12:13:53 - [MESSAGE][PASSED] - Object: 'Object Repository/LoggedInPages/Order (react)/Purchase_Button' is clicked on

2018-06-05 12:13:53 - [MESSAGE][PASSED] - Call Test Case 'Test Cases/Base Tests/OrderSignUpBase' successfully

2018-06-05 12:13:53 - [TEST_STEP][PASSED] - waitForElementClickable: Object 'Object Repository/LoggedInPages/Order (react)/CompletePurchase_Button' is clickable

2018-06-05 12:13:53 - [MESSAGE][WARNING] - Timeout '0' is invalid. Using default page load timeout: '30'

2018-06-05 12:13:53 - [MESSAGE][PASSED] - Object 'Object Repository/LoggedInPages/Order (react)/CompletePurchase_Button' is clickable

2018-06-05 12:13:53 - [TEST_STEP][PASSED] - Statement - Price = com.kms.katalon.core.webui.keyword.WebUiBuiltInKeywords.concatenate(["Only ", Vtr1]): Concatenated string array: '['Only ','$333.00']' into 'Only $333.00'

2018-06-05 12:13:53 - [MESSAGE][PASSED] - Concatenated string array: '['Only ','$333.00']' into 'Only $333.00'

2018-06-05 12:13:53 - [TEST_STEP][PASSED] - verifyElementText: Actual text and expected text of test object 'Object Repository/LoggedInPages/Order (react)/Confirm_Price' are matched.

2018-06-05 12:13:53 - [MESSAGE][PASSED] - Actual text and expected text of test object 'Object Repository/LoggedInPages/Order (react)/Confirm_Price' are matched.

2018-06-05 12:13:53 - [TEST_STEP][PASSED] - click: Object: 'Object Repository/LoggedInPages/Order (react)/CompletePurchase_Button' is clicked on

2018-06-05 12:13:53 - [MESSAGE][PASSED] - Object: 'Object Repository/LoggedInPages/Order (react)/CompletePurchase_Button' is clicked on

2018-06-05 12:13:53 - [TEST_STEP][PASSED] - waitForElementPresent: Object 'Object Repository/LoggedInPages/Order (react)/VINCheckForm_EnterVINInput' is present

2018-06-05 12:13:53 - [MESSAGE][WARNING] - Timeout '0' is invalid. Using default page load timeout: '30'

2018-06-05 12:13:59 - [MESSAGE][PASSED] - Object 'Object Repository/LoggedInPages/Order (react)/VINCheckForm_EnterVINInput' is present

2018-06-05 12:13:59 - [TEST_STEP][PASSED] - waitForElementClickable: Object 'Object Repository/LoggedInPages/Order (react)/ViewReport_Button' is clickable

2018-06-05 12:13:59 - [MESSAGE][WARNING] - Timeout '0' is invalid. Using default page load timeout: '30'

2018-06-05 12:13:59 - [MESSAGE][PASSED] - Object 'Object Repository/LoggedInPages/Order (react)/ViewReport_Button' is clickable

2018-06-05 12:13:59 - [TEST_STEP][PASSED] - verifyTextPresent: Text 'Thank you for using instaVIN!' is present on page 

2018-06-05 12:13:59 - [MESSAGE][PASSED] - Text 'Thank you for using instaVIN!' is present on page 

2018-06-05 12:13:59 - [TEST_STEP][PASSED] - verifyElementText: Actual text and expected text of test object 'Object Repository/LoggedInPages/Order (react)/ViewReport - Vin' are matched.

2018-06-05 12:13:59 - [MESSAGE][PASSED] - Actual text and expected text of test object 'Object Repository/LoggedInPages/Order (react)/ViewReport - Vin' are matched.

2018-06-05 12:13:59 - [TEST_STEP][PASSED] - verifyElementText: Actual text and expected text of test object 'Object Repository/LoggedInPages/Order (react)/ViewReport - ReportType' are matched.

2018-06-05 12:13:59 - [MESSAGE][PASSED] - Actual text and expected text of test object 'Object Repository/LoggedInPages/Order (react)/ViewReport - ReportType' are matched.

2018-06-05 12:13:59 - [TEST_STEP][PASSED] - click: Object: 'Object Repository/LoggedInPages/Order (react)/ViewReport_Button' is clicked on

2018-06-05 12:14:01 - [MESSAGE][PASSED] - Object: 'Object Repository/LoggedInPages/Order (react)/ViewReport_Button' is clicked on

2018-06-05 12:14:01 - [TEST_STEP][PASSED] - waitForElementVisible: Object 'Object Repository/LoggedInPages/ReportSummary/ReportHeader' is visible

2018-06-05 12:14:01 - [MESSAGE][WARNING] - Timeout '0' is invalid. Using default page load timeout: '30'

2018-06-05 12:14:01 - [MESSAGE][PASSED] - Object 'Object Repository/LoggedInPages/ReportSummary/ReportHeader' is visible

2018-06-05 12:14:01 - [TEST_STEP][PASSED] - verifyElementText: Actual text and expected text of test object 'Object Repository/LoggedInPages/ReportSummary/VehicleTitle' are matched.

2018-06-05 12:14:01 - [MESSAGE][PASSED] - Actual text and expected text of test object 'Object Repository/LoggedInPages/ReportSummary/VehicleTitle' are matched.

2018-06-05 12:14:01 - [TEST_STEP][PASSED] - verifyElementAttributeValue: Object 'Object Repository/LoggedInPages/ReportSummary/ReportType' has attribute 'class' with value 'ReportGrade AlertSuccess'

2018-06-05 12:14:01 - [MESSAGE][WARNING] - Timeout '0' is invalid. Using default page load timeout: '30'

2018-06-05 12:14:01 - [MESSAGE][PASSED] - Object 'Object Repository/LoggedInPages/ReportSummary/ReportType' has attribute 'class' with value 'ReportGrade AlertSuccess'

2018-06-05 12:14:01 - [TEST_STEP][PASSED] - verifyElementText: Actual text and expected text of test object 'Object Repository/LoggedInPages/ReportSummary/ReportType' are matched.

2018-06-05 12:14:01 - [MESSAGE][PASSED] - Actual text and expected text of test object 'Object Repository/LoggedInPages/ReportSummary/ReportType' are matched.

2018-06-05 12:14:01 - [TEST_STEP][PASSED] - verifyElementAttributeValue: Object 'Object Repository/LoggedInPages/ReportSummary/VehicleSpecsStatus' has attribute 'class' with value 'SummaryAlertContainer AlertSuccess'

2018-06-05 12:14:01 - [MESSAGE][WARNING] - Timeout '0' is invalid. Using default page load timeout: '30'

2018-06-05 12:14:01 - [MESSAGE][PASSED] - Object 'Object Repository/LoggedInPages/ReportSummary/VehicleSpecsStatus' has attribute 'class' with value 'SummaryAlertContainer AlertSuccess'

2018-06-05 12:14:01 - [TEST_STEP][PASSED] - verifyElementAttributeValue: Object 'Object Repository/LoggedInPages/ReportSummary/JunkSalvageStatus' has attribute 'class' with value 'SummaryAlertContainer AlertSuccess'

2018-06-05 12:14:01 - [MESSAGE][WARNING] - Timeout '0' is invalid. Using default page load timeout: '30'

2018-06-05 12:14:01 - [MESSAGE][PASSED] - Object 'Object Repository/LoggedInPages/ReportSummary/JunkSalvageStatus' has attribute 'class' with value 'SummaryAlertContainer AlertSuccess'

2018-06-05 12:14:01 - [TEST_STEP][PASSED] - verifyElementAttributeValue: Object 'Object Repository/LoggedInPages/ReportSummary/TitleStatus' has attribute 'class' with value 'SummaryAlertContainer AlertSuccess'

2018-06-05 12:14:02 - [MESSAGE][WARNING] - Timeout '0' is invalid. Using default page load timeout: '30'

2018-06-05 12:14:02 - [MESSAGE][PASSED] - Object 'Object Repository/LoggedInPages/ReportSummary/TitleStatus' has attribute 'class' with value 'SummaryAlertContainer AlertSuccess'

2018-06-05 12:14:02 - [TEST_STEP][PASSED] - verifyElementAttributeValue: Object 'Object Repository/LoggedInPages/ReportSummary/OtherStatus' has attribute 'class' with value 'SummaryAlertContainer AlertSuccess'

2018-06-05 12:14:02 - [MESSAGE][WARNING] - Timeout '0' is invalid. Using default page load timeout: '30'

2018-06-05 12:14:02 - [MESSAGE][PASSED] - Object 'Object Repository/LoggedInPages/ReportSummary/OtherStatus' has attribute 'class' with value 'SummaryAlertContainer AlertSuccess'

2018-06-05 12:14:02 - [TEST_STEP][PASSED] - verifyElementAttributeValue: Object 'Object Repository/LoggedInPages/ReportSummary/VehicleRecallStatus' has attribute 'class' with value 'SummaryAlertContainer AlertSuccess'

2018-06-05 12:14:02 - [MESSAGE][WARNING] - Timeout '0' is invalid. Using default page load timeout: '30'

2018-06-05 12:14:02 - [MESSAGE][PASSED] - Object 'Object Repository/LoggedInPages/ReportSummary/VehicleRecallStatus' has attribute 'class' with value 'SummaryAlertContainer AlertSuccess'

2018-06-05 12:14:02 - [TEST_STEP][PASSED] - verifyElementText: Actual text and expected text of test object 'Object Repository/LoggedInPages/ReportSummary/OdometerStatus' are matched.

2018-06-05 12:14:02 - [MESSAGE][PASSED] - Actual text and expected text of test object 'Object Repository/LoggedInPages/ReportSummary/OdometerStatus' are matched.

2018-06-05 12:14:02 - [TEST_STEP][PASSED] - navigateToUrl: Navigate to 'https://dev-front.instavin.com/_O/autotest/order/' successfully

2018-06-05 12:14:04 - [MESSAGE][PASSED] - Navigate to 'https://dev-front.instavin.com/_O/autotest/order/' successfully

2018-06-05 12:14:04 - [TEST_STEP][PASSED] - verifyElementText: Actual text and expected text of test object 'Object Repository/LoggedInPages/Order (react)/VtrPrice1' are matched.

2018-06-05 12:14:04 - [MESSAGE][PASSED] - Actual text and expected text of test object 'Object Repository/LoggedInPages/Order (react)/VtrPrice1' are matched.

2018-06-05 12:14:04 - [TEST_STEP][PASSED] - verifyElementText: Actual text and expected text of test object 'Object Repository/LoggedInPages/Order (react)/VtrPrice10' are matched.

2018-06-05 12:14:04 - [MESSAGE][PASSED] - Actual text and expected text of test object 'Object Repository/LoggedInPages/Order (react)/VtrPrice10' are matched.

2018-06-05 12:14:04 - [TEST_STEP][PASSED] - closeBrowser: Browser is closed

2018-06-05 12:14:04 - [MESSAGE][PASSED] - Browser is closed]]></system-out>
         <system-err><![CDATA[]]></system-err>
      </testcase>
      <testcase name="Test Cases/Affiliate - BuyVTRDealer" classname="Test Cases/Affiliate - BuyVTRDealer" status="PASSED">
         <system-out><![CDATA[2018-06-05 12:14:04 - [TEST_CASE][PASSED] - Test Cases/Affiliate - BuyVTRDealer: Test Cases/Affiliate - BuyVTRDealer

2018-06-05 12:14:05 - [TEST_STEP][PASSED] - openBrowser: Browser is opened with url: ''

2018-06-05 12:14:07 - [MESSAGE][PASSED] - Browser is opened with url: ''

2018-06-05 12:14:07 - [TEST_STEP][PASSED] - maximizeWindow: Current window maximized

2018-06-05 12:14:08 - [MESSAGE][PASSED] - Current window maximized

2018-06-05 12:14:08 - [TEST_STEP][PASSED] - Statement - OrderURL = com.kms.katalon.core.webui.keyword.WebUiBuiltInKeywords.concatenate([StagingReact, AffiliateURL, "order/"]): Concatenated string array: '['https://dev-front.instavin.com/','_O/autotest/','order/']' into 'https://dev-front.instavin.com/_O/autotest/order/'

2018-06-05 12:14:08 - [MESSAGE][PASSED] - Concatenated string array: '['https://dev-front.instavin.com/','_O/autotest/','order/']' into 'https://dev-front.instavin.com/_O/autotest/order/'

2018-06-05 12:14:08 - [TEST_STEP][PASSED] - navigateToUrl: Navigate to 'https://dev-front.instavin.com/_O/autotest/order/' successfully

2018-06-05 12:14:11 - [MESSAGE][PASSED] - Navigate to 'https://dev-front.instavin.com/_O/autotest/order/' successfully

2018-06-05 12:14:11 - [TEST_STEP][PASSED] - waitForElementVisible: Object 'Object Repository/LoggedInPages/Order (react)/instaVINProducts_Label' is visible

2018-06-05 12:14:11 - [MESSAGE][WARNING] - Timeout '0' is invalid. Using default page load timeout: '30'

2018-06-05 12:14:11 - [MESSAGE][PASSED] - Object 'Object Repository/LoggedInPages/Order (react)/instaVINProducts_Label' is visible

2018-06-05 12:14:11 - [TEST_STEP][PASSED] - verifyElementText: Actual text and expected text of test object 'Object Repository/LoggedInPages/Order (react)/VtrPrice1' are matched.

2018-06-05 12:14:11 - [MESSAGE][PASSED] - Actual text and expected text of test object 'Object Repository/LoggedInPages/Order (react)/VtrPrice1' are matched.

2018-06-05 12:14:11 - [TEST_STEP][PASSED] - verifyElementText: Actual text and expected text of test object 'Object Repository/LoggedInPages/Order (react)/VtrPrice10' are matched.

2018-06-05 12:14:11 - [MESSAGE][PASSED] - Actual text and expected text of test object 'Object Repository/LoggedInPages/Order (react)/VtrPrice10' are matched.

2018-06-05 12:14:11 - [TEST_STEP][PASSED] - verifyElementText: Actual text and expected text of test object 'Object Repository/LoggedInPages/Order (react)/VtrPrice50' are matched.

2018-06-05 12:14:11 - [MESSAGE][PASSED] - Actual text and expected text of test object 'Object Repository/LoggedInPages/Order (react)/VtrPrice50' are matched.

2018-06-05 12:14:11 - [TEST_STEP][PASSED] - setText: Text 'SAJWA43C199B29849' is set on object 'Object Repository/LoggedInPages/Order (react)/VINCheckForm_EnterVINInput'

2018-06-05 12:14:11 - [MESSAGE][PASSED] - Text 'SAJWA43C199B29849' is set on object 'Object Repository/LoggedInPages/Order (react)/VINCheckForm_EnterVINInput'

2018-06-05 12:14:11 - [TEST_STEP][PASSED] - click: Object: 'Object Repository/LoggedInPages/Order (react)/CheckVin_ArrowButton' is clicked on

2018-06-05 12:14:11 - [MESSAGE][PASSED] - Object: 'Object Repository/LoggedInPages/Order (react)/CheckVin_ArrowButton' is clicked on

2018-06-05 12:14:11 - [TEST_STEP][PASSED] - waitForElementVisible: Object 'Object Repository/LoggedInPages/Order (react)/ChangeVIN_Cross' is visible

2018-06-05 12:14:11 - [MESSAGE][WARNING] - Timeout '0' is invalid. Using default page load timeout: '30'

2018-06-05 12:14:12 - [MESSAGE][PASSED] - Object 'Object Repository/LoggedInPages/Order (react)/ChangeVIN_Cross' is visible

2018-06-05 12:14:12 - [TEST_STEP][PASSED] - verifyElementVisible: Object 'Object Repository/LoggedInPages/Order (react)/OrderNow_OrangeButton' is visible

2018-06-05 12:14:12 - [MESSAGE][PASSED] - Object 'Object Repository/LoggedInPages/Order (react)/OrderNow_OrangeButton' is visible

2018-06-05 12:14:12 - [TEST_STEP][PASSED] - click: Object: 'Object Repository/LoggedInPages/Order (react)/OrderNow_OrangeButton' is clicked on

2018-06-05 12:14:12 - [MESSAGE][PASSED] - Object: 'Object Repository/LoggedInPages/Order (react)/OrderNow_OrangeButton' is clicked on

2018-06-05 12:14:12 - [TEST_STEP][PASSED] - waitForElementVisible: Object 'Object Repository/LoggedInPages/Order (react)/Purchase_Button' is visible

2018-06-05 12:14:12 - [MESSAGE][WARNING] - Timeout '0' is invalid. Using default page load timeout: '30'

2018-06-05 12:14:12 - [MESSAGE][PASSED] - Object 'Object Repository/LoggedInPages/Order (react)/Purchase_Button' is visible

2018-06-05 12:14:12 - [TEST_STEP][PASSED] - Statement - now = new java.util.Date(): null

2018-06-05 12:14:12 - [TEST_STEP][PASSED] - Statement - rnd = now.format("yyyyMMddHHmmssSSS").toString(): null

2018-06-05 12:14:12 - [TEST_STEP][PASSED] - Statement - Email = com.kms.katalon.core.webui.keyword.WebUiBuiltInKeywords.concatenate(["affiliate", rnd, "@mailinator.com"]): Concatenated string array: '['affiliate','20180605121412507','@mailinator.com']' into 'affiliate20180605121412507@mailinator.com'

2018-06-05 12:14:12 - [MESSAGE][PASSED] - Concatenated string array: '['affiliate','20180605121412507','@mailinator.com']' into 'affiliate20180605121412507@mailinator.com'

2018-06-05 12:14:12 - [TEST_STEP][PASSED] - callTestCase: Call Test Case 'Test Cases/Base Tests/OrderSignUpBase' successfully

2018-06-05 12:14:12 - [TEST_CASE][PASSED] - Test Cases/Base Tests/OrderSignUpBase: Test Cases/Base Tests/OrderSignUpBase

2018-06-05 12:14:12 - [TEST_STEP][PASSED] - setText: Text 'Affiliate' is set on object 'Object Repository/LoggedOutPages/OrderLoggedOut/FirstName_Input'

2018-06-05 12:14:13 - [MESSAGE][PASSED] - Text 'Affiliate' is set on object 'Object Repository/LoggedOutPages/OrderLoggedOut/FirstName_Input'

2018-06-05 12:14:13 - [TEST_STEP][PASSED] - setText: Text 'Test' is set on object 'Object Repository/LoggedOutPages/OrderLoggedOut/LastName_Input'

2018-06-05 12:14:13 - [MESSAGE][PASSED] - Text 'Test' is set on object 'Object Repository/LoggedOutPages/OrderLoggedOut/LastName_Input'

2018-06-05 12:14:13 - [TEST_STEP][PASSED] - setText: Text 'test' is set on object 'Object Repository/LoggedOutPages/OrderLoggedOut/Address_Input'

2018-06-05 12:14:14 - [MESSAGE][PASSED] - Text 'test' is set on object 'Object Repository/LoggedOutPages/OrderLoggedOut/Address_Input'

2018-06-05 12:14:14 - [TEST_STEP][PASSED] - setText: Text 'test' is set on object 'Object Repository/LoggedOutPages/OrderLoggedOut/City_Input'

2018-06-05 12:14:14 - [MESSAGE][PASSED] - Text 'test' is set on object 'Object Repository/LoggedOutPages/OrderLoggedOut/City_Input'

2018-06-05 12:14:14 - [TEST_STEP][PASSED] - selectOptionByValue: All options with value 'TX' are selected in object 'Object Repository/LoggedOutPages/OrderLoggedOut/State_Dropdown' 

2018-06-05 12:14:14 - [MESSAGE][PASSED] - All options with value 'TX' are selected in object 'Object Repository/LoggedOutPages/OrderLoggedOut/State_Dropdown' 

2018-06-05 12:14:14 - [TEST_STEP][PASSED] - setText: Text '11111' is set on object 'Object Repository/LoggedOutPages/OrderLoggedOut/Zip_Input'

2018-06-05 12:14:14 - [MESSAGE][PASSED] - Text '11111' is set on object 'Object Repository/LoggedOutPages/OrderLoggedOut/Zip_Input'

2018-06-05 12:14:14 - [TEST_STEP][PASSED] - setText: Text '8001112233' is set on object 'Object Repository/LoggedOutPages/OrderLoggedOut/Phone_Input'

2018-06-05 12:14:15 - [MESSAGE][PASSED] - Text '8001112233' is set on object 'Object Repository/LoggedOutPages/OrderLoggedOut/Phone_Input'

2018-06-05 12:14:15 - [TEST_STEP][PASSED] - setText: Text 'affiliate20180605121412507@mailinator.com' is set on object 'Object Repository/LoggedOutPages/OrderLoggedOut/Email_Input'

2018-06-05 12:14:15 - [MESSAGE][PASSED] - Text 'affiliate20180605121412507@mailinator.com' is set on object 'Object Repository/LoggedOutPages/OrderLoggedOut/Email_Input'

2018-06-05 12:14:15 - [TEST_STEP][PASSED] - setText: Text '4000100011112224' is set on object 'Object Repository/LoggedOutPages/OrderLoggedOut/CcNumber_Input'

2018-06-05 12:14:16 - [MESSAGE][PASSED] - Text '4000100011112224' is set on object 'Object Repository/LoggedOutPages/OrderLoggedOut/CcNumber_Input'

2018-06-05 12:14:16 - [TEST_STEP][PASSED] - setText: Text '111' is set on object 'Object Repository/LoggedOutPages/OrderLoggedOut/CVV_Input'

2018-06-05 12:14:16 - [MESSAGE][PASSED] - Text '111' is set on object 'Object Repository/LoggedOutPages/OrderLoggedOut/CVV_Input'

2018-06-05 12:14:16 - [TEST_STEP][PASSED] - selectOptionByValue: All options with value '11' are selected in object 'Object Repository/LoggedOutPages/OrderLoggedOut/ExpirationMonth_Dropdown' 

2018-06-05 12:14:16 - [MESSAGE][PASSED] - All options with value '11' are selected in object 'Object Repository/LoggedOutPages/OrderLoggedOut/ExpirationMonth_Dropdown' 

2018-06-05 12:14:16 - [TEST_STEP][PASSED] - selectOptionByValue: All options with value '2020' are selected in object 'Object Repository/LoggedOutPages/OrderLoggedOut/ExpirationYear_Dropdown' 

2018-06-05 12:14:17 - [MESSAGE][PASSED] - All options with value '2020' are selected in object 'Object Repository/LoggedOutPages/OrderLoggedOut/ExpirationYear_Dropdown' 

2018-06-05 12:14:17 - [TEST_STEP][PASSED] - selectOptionByValue: All options with value '1' are selected in object 'Object Repository/LoggedOutPages/OrderLoggedOut/UserType_Dropdown' 

2018-06-05 12:14:17 - [MESSAGE][PASSED] - All options with value '1' are selected in object 'Object Repository/LoggedOutPages/OrderLoggedOut/UserType_Dropdown' 

2018-06-05 12:14:17 - [TEST_STEP][PASSED] - check: Object 'Object Repository/LoggedOutPages/OrderLoggedOut/Terms_Checkbox' is checked

2018-06-05 12:14:17 - [MESSAGE][PASSED] - Object 'Object Repository/LoggedOutPages/OrderLoggedOut/Terms_Checkbox' is checked

2018-06-05 12:14:17 - [TEST_STEP][PASSED] - click: Object: 'Object Repository/LoggedInPages/Order (react)/Purchase_Button' is clicked on

2018-06-05 12:14:17 - [MESSAGE][PASSED] - Object: 'Object Repository/LoggedInPages/Order (react)/Purchase_Button' is clicked on

2018-06-05 12:14:17 - [MESSAGE][PASSED] - Call Test Case 'Test Cases/Base Tests/OrderSignUpBase' successfully

2018-06-05 12:14:17 - [TEST_STEP][PASSED] - waitForElementClickable: Object 'Object Repository/LoggedInPages/Order (react)/CompletePurchase_Button' is clickable

2018-06-05 12:14:17 - [MESSAGE][WARNING] - Timeout '0' is invalid. Using default page load timeout: '30'

2018-06-05 12:14:17 - [MESSAGE][PASSED] - Object 'Object Repository/LoggedInPages/Order (react)/CompletePurchase_Button' is clickable

2018-06-05 12:14:17 - [TEST_STEP][PASSED] - Statement - Price = com.kms.katalon.core.webui.keyword.WebUiBuiltInKeywords.concatenate(["Only ", Vtr1]): Concatenated string array: '['Only ','$333.00']' into 'Only $333.00'

2018-06-05 12:14:17 - [MESSAGE][PASSED] - Concatenated string array: '['Only ','$333.00']' into 'Only $333.00'

2018-06-05 12:14:17 - [TEST_STEP][PASSED] - verifyElementText: Actual text and expected text of test object 'Object Repository/LoggedInPages/Order (react)/Confirm_Price' are matched.

2018-06-05 12:14:17 - [MESSAGE][PASSED] - Actual text and expected text of test object 'Object Repository/LoggedInPages/Order (react)/Confirm_Price' are matched.

2018-06-05 12:14:18 - [TEST_STEP][PASSED] - click: Object: 'Object Repository/LoggedInPages/Order (react)/CompletePurchase_Button' is clicked on

2018-06-05 12:14:18 - [MESSAGE][PASSED] - Object: 'Object Repository/LoggedInPages/Order (react)/CompletePurchase_Button' is clicked on

2018-06-05 12:14:18 - [TEST_STEP][PASSED] - waitForElementPresent: Object 'Object Repository/LoggedInPages/Order (react)/VINCheckForm_EnterVINInput' is present

2018-06-05 12:14:18 - [MESSAGE][WARNING] - Timeout '0' is invalid. Using default page load timeout: '30'

2018-06-05 12:14:22 - [MESSAGE][PASSED] - Object 'Object Repository/LoggedInPages/Order (react)/VINCheckForm_EnterVINInput' is present

2018-06-05 12:14:22 - [TEST_STEP][PASSED] - waitForElementClickable: Object 'Object Repository/LoggedInPages/Order (react)/ViewReport_Button' is clickable

2018-06-05 12:14:22 - [MESSAGE][WARNING] - Timeout '0' is invalid. Using default page load timeout: '30'

2018-06-05 12:14:22 - [MESSAGE][PASSED] - Object 'Object Repository/LoggedInPages/Order (react)/ViewReport_Button' is clickable

2018-06-05 12:14:22 - [TEST_STEP][PASSED] - verifyTextPresent: Text 'Thank you for using instaVIN!' is present on page 

2018-06-05 12:14:22 - [MESSAGE][PASSED] - Text 'Thank you for using instaVIN!' is present on page 

2018-06-05 12:14:22 - [TEST_STEP][PASSED] - verifyElementText: Actual text and expected text of test object 'Object Repository/LoggedInPages/Order (react)/ViewReport - Vin' are matched.

2018-06-05 12:14:22 - [MESSAGE][PASSED] - Actual text and expected text of test object 'Object Repository/LoggedInPages/Order (react)/ViewReport - Vin' are matched.

2018-06-05 12:14:22 - [TEST_STEP][PASSED] - verifyElementText: Actual text and expected text of test object 'Object Repository/LoggedInPages/Order (react)/ViewReport - ReportType' are matched.

2018-06-05 12:14:22 - [MESSAGE][PASSED] - Actual text and expected text of test object 'Object Repository/LoggedInPages/Order (react)/ViewReport - ReportType' are matched.

2018-06-05 12:14:22 - [TEST_STEP][PASSED] - click: Object: 'Object Repository/LoggedInPages/Order (react)/ViewReport_Button' is clicked on

2018-06-05 12:14:24 - [MESSAGE][PASSED] - Object: 'Object Repository/LoggedInPages/Order (react)/ViewReport_Button' is clicked on

2018-06-05 12:14:24 - [TEST_STEP][PASSED] - waitForElementVisible: Object 'Object Repository/LoggedInPages/ReportSummary/ReportHeader' is visible

2018-06-05 12:14:24 - [MESSAGE][WARNING] - Timeout '0' is invalid. Using default page load timeout: '30'

2018-06-05 12:14:24 - [MESSAGE][PASSED] - Object 'Object Repository/LoggedInPages/ReportSummary/ReportHeader' is visible

2018-06-05 12:14:24 - [TEST_STEP][PASSED] - verifyElementText: Actual text and expected text of test object 'Object Repository/LoggedInPages/ReportSummary/VehicleTitle' are matched.

2018-06-05 12:14:24 - [MESSAGE][PASSED] - Actual text and expected text of test object 'Object Repository/LoggedInPages/ReportSummary/VehicleTitle' are matched.

2018-06-05 12:14:24 - [TEST_STEP][PASSED] - verifyElementAttributeValue: Object 'Object Repository/LoggedInPages/ReportSummary/ReportType' has attribute 'class' with value 'ReportGrade AlertSuccess'

2018-06-05 12:14:24 - [MESSAGE][WARNING] - Timeout '0' is invalid. Using default page load timeout: '30'

2018-06-05 12:14:24 - [MESSAGE][PASSED] - Object 'Object Repository/LoggedInPages/ReportSummary/ReportType' has attribute 'class' with value 'ReportGrade AlertSuccess'

2018-06-05 12:14:24 - [TEST_STEP][PASSED] - verifyElementText: Actual text and expected text of test object 'Object Repository/LoggedInPages/ReportSummary/ReportType' are matched.

2018-06-05 12:14:24 - [MESSAGE][PASSED] - Actual text and expected text of test object 'Object Repository/LoggedInPages/ReportSummary/ReportType' are matched.

2018-06-05 12:14:24 - [TEST_STEP][PASSED] - verifyElementAttributeValue: Object 'Object Repository/LoggedInPages/ReportSummary/VehicleSpecsStatus' has attribute 'class' with value 'SummaryAlertContainer AlertSuccess'

2018-06-05 12:14:24 - [MESSAGE][WARNING] - Timeout '0' is invalid. Using default page load timeout: '30'

2018-06-05 12:14:24 - [MESSAGE][PASSED] - Object 'Object Repository/LoggedInPages/ReportSummary/VehicleSpecsStatus' has attribute 'class' with value 'SummaryAlertContainer AlertSuccess'

2018-06-05 12:14:24 - [TEST_STEP][PASSED] - verifyElementAttributeValue: Object 'Object Repository/LoggedInPages/ReportSummary/JunkSalvageStatus' has attribute 'class' with value 'SummaryAlertContainer AlertSuccess'

2018-06-05 12:14:24 - [MESSAGE][WARNING] - Timeout '0' is invalid. Using default page load timeout: '30'

2018-06-05 12:14:24 - [MESSAGE][PASSED] - Object 'Object Repository/LoggedInPages/ReportSummary/JunkSalvageStatus' has attribute 'class' with value 'SummaryAlertContainer AlertSuccess'

2018-06-05 12:14:24 - [TEST_STEP][PASSED] - verifyElementAttributeValue: Object 'Object Repository/LoggedInPages/ReportSummary/TitleStatus' has attribute 'class' with value 'SummaryAlertContainer AlertSuccess'

2018-06-05 12:14:24 - [MESSAGE][WARNING] - Timeout '0' is invalid. Using default page load timeout: '30'

2018-06-05 12:14:24 - [MESSAGE][PASSED] - Object 'Object Repository/LoggedInPages/ReportSummary/TitleStatus' has attribute 'class' with value 'SummaryAlertContainer AlertSuccess'

2018-06-05 12:14:24 - [TEST_STEP][PASSED] - verifyElementAttributeValue: Object 'Object Repository/LoggedInPages/ReportSummary/OtherStatus' has attribute 'class' with value 'SummaryAlertContainer AlertSuccess'

2018-06-05 12:14:24 - [MESSAGE][WARNING] - Timeout '0' is invalid. Using default page load timeout: '30'

2018-06-05 12:14:24 - [MESSAGE][PASSED] - Object 'Object Repository/LoggedInPages/ReportSummary/OtherStatus' has attribute 'class' with value 'SummaryAlertContainer AlertSuccess'

2018-06-05 12:14:24 - [TEST_STEP][PASSED] - verifyElementAttributeValue: Object 'Object Repository/LoggedInPages/ReportSummary/VehicleRecallStatus' has attribute 'class' with value 'SummaryAlertContainer AlertSuccess'

2018-06-05 12:14:24 - [MESSAGE][WARNING] - Timeout '0' is invalid. Using default page load timeout: '30'

2018-06-05 12:14:25 - [MESSAGE][PASSED] - Object 'Object Repository/LoggedInPages/ReportSummary/VehicleRecallStatus' has attribute 'class' with value 'SummaryAlertContainer AlertSuccess'

2018-06-05 12:14:25 - [TEST_STEP][PASSED] - verifyElementText: Actual text and expected text of test object 'Object Repository/LoggedInPages/ReportSummary/OdometerStatus' are matched.

2018-06-05 12:14:25 - [MESSAGE][PASSED] - Actual text and expected text of test object 'Object Repository/LoggedInPages/ReportSummary/OdometerStatus' are matched.

2018-06-05 12:14:25 - [TEST_STEP][PASSED] - navigateToUrl: Navigate to 'https://dev-front.instavin.com/_O/autotest/order/' successfully

2018-06-05 12:14:26 - [MESSAGE][PASSED] - Navigate to 'https://dev-front.instavin.com/_O/autotest/order/' successfully

2018-06-05 12:14:26 - [TEST_STEP][PASSED] - verifyElementText: Actual text and expected text of test object 'Object Repository/LoggedInPages/Order (react)/VtrPrice1' are matched.

2018-06-05 12:14:26 - [MESSAGE][PASSED] - Actual text and expected text of test object 'Object Repository/LoggedInPages/Order (react)/VtrPrice1' are matched.

2018-06-05 12:14:26 - [TEST_STEP][PASSED] - verifyElementText: Actual text and expected text of test object 'Object Repository/LoggedInPages/Order (react)/VtrPrice10' are matched.

2018-06-05 12:14:26 - [MESSAGE][PASSED] - Actual text and expected text of test object 'Object Repository/LoggedInPages/Order (react)/VtrPrice10' are matched.

2018-06-05 12:14:26 - [TEST_STEP][PASSED] - verifyElementText: Actual text and expected text of test object 'Object Repository/LoggedInPages/Order (react)/VtrPrice50' are matched.

2018-06-05 12:14:26 - [MESSAGE][PASSED] - Actual text and expected text of test object 'Object Repository/LoggedInPages/Order (react)/VtrPrice50' are matched.

2018-06-05 12:14:26 - [TEST_STEP][PASSED] - closeBrowser: Browser is closed

2018-06-05 12:14:27 - [MESSAGE][PASSED] - Browser is closed]]></system-out>
         <system-err><![CDATA[]]></system-err>
      </testcase>
      <testcase name="Test Cases/Affiliate - BuyVTRCaDealer" classname="Test Cases/Affiliate - BuyVTRCaDealer" status="PASSED">
         <system-out><![CDATA[2018-06-05 12:14:27 - [TEST_CASE][PASSED] - Test Cases/Affiliate - BuyVTRCaDealer: Test Cases/Affiliate - BuyVTRCaDealer

2018-06-05 12:14:28 - [TEST_STEP][PASSED] - openBrowser: Browser is opened with url: ''

2018-06-05 12:14:30 - [MESSAGE][PASSED] - Browser is opened with url: ''

2018-06-05 12:14:30 - [TEST_STEP][PASSED] - maximizeWindow: Current window maximized

2018-06-05 12:14:31 - [MESSAGE][PASSED] - Current window maximized

2018-06-05 12:14:31 - [TEST_STEP][PASSED] - Statement - OrderURL = com.kms.katalon.core.webui.keyword.WebUiBuiltInKeywords.concatenate([StagingReact, AffiliateURL, "order/"]): Concatenated string array: '['https://dev-front.instavin.com/','_O/autotest/','order/']' into 'https://dev-front.instavin.com/_O/autotest/order/'

2018-06-05 12:14:31 - [MESSAGE][PASSED] - Concatenated string array: '['https://dev-front.instavin.com/','_O/autotest/','order/']' into 'https://dev-front.instavin.com/_O/autotest/order/'

2018-06-05 12:14:31 - [TEST_STEP][PASSED] - navigateToUrl: Navigate to 'https://dev-front.instavin.com/_O/autotest/order/' successfully

2018-06-05 12:14:33 - [MESSAGE][PASSED] - Navigate to 'https://dev-front.instavin.com/_O/autotest/order/' successfully

2018-06-05 12:14:33 - [TEST_STEP][PASSED] - waitForElementVisible: Object 'Object Repository/LoggedInPages/Order (react)/instaVINProducts_Label' is visible

2018-06-05 12:14:33 - [MESSAGE][WARNING] - Timeout '0' is invalid. Using default page load timeout: '30'

2018-06-05 12:14:33 - [MESSAGE][PASSED] - Object 'Object Repository/LoggedInPages/Order (react)/instaVINProducts_Label' is visible

2018-06-05 12:14:33 - [TEST_STEP][PASSED] - verifyElementText: Actual text and expected text of test object 'Object Repository/LoggedInPages/Order (react)/VtrPrice1' are matched.

2018-06-05 12:14:34 - [MESSAGE][PASSED] - Actual text and expected text of test object 'Object Repository/LoggedInPages/Order (react)/VtrPrice1' are matched.

2018-06-05 12:14:34 - [TEST_STEP][PASSED] - verifyElementText: Actual text and expected text of test object 'Object Repository/LoggedInPages/Order (react)/VtrPrice10' are matched.

2018-06-05 12:14:34 - [MESSAGE][PASSED] - Actual text and expected text of test object 'Object Repository/LoggedInPages/Order (react)/VtrPrice10' are matched.

2018-06-05 12:14:34 - [TEST_STEP][PASSED] - verifyElementText: Actual text and expected text of test object 'Object Repository/LoggedInPages/Order (react)/VtrPrice50' are matched.

2018-06-05 12:14:34 - [MESSAGE][PASSED] - Actual text and expected text of test object 'Object Repository/LoggedInPages/Order (react)/VtrPrice50' are matched.

2018-06-05 12:14:34 - [TEST_STEP][PASSED] - setText: Text 'SAJWA43C199B29849' is set on object 'Object Repository/LoggedInPages/Order (react)/VINCheckForm_EnterVINInput'

2018-06-05 12:14:34 - [MESSAGE][PASSED] - Text 'SAJWA43C199B29849' is set on object 'Object Repository/LoggedInPages/Order (react)/VINCheckForm_EnterVINInput'

2018-06-05 12:14:34 - [TEST_STEP][PASSED] - click: Object: 'Object Repository/LoggedInPages/Order (react)/CheckVin_ArrowButton' is clicked on

2018-06-05 12:14:34 - [MESSAGE][PASSED] - Object: 'Object Repository/LoggedInPages/Order (react)/CheckVin_ArrowButton' is clicked on

2018-06-05 12:14:34 - [TEST_STEP][PASSED] - waitForElementVisible: Object 'Object Repository/LoggedInPages/Order (react)/ChangeVIN_Cross' is visible

2018-06-05 12:14:34 - [MESSAGE][WARNING] - Timeout '0' is invalid. Using default page load timeout: '30'

2018-06-05 12:14:35 - [MESSAGE][PASSED] - Object 'Object Repository/LoggedInPages/Order (react)/ChangeVIN_Cross' is visible

2018-06-05 12:14:35 - [TEST_STEP][PASSED] - verifyElementVisible: Object 'Object Repository/LoggedInPages/Order (react)/OrderNow_OrangeButton' is visible

2018-06-05 12:14:35 - [MESSAGE][PASSED] - Object 'Object Repository/LoggedInPages/Order (react)/OrderNow_OrangeButton' is visible

2018-06-05 12:14:35 - [TEST_STEP][PASSED] - click: Object: 'Object Repository/LoggedInPages/Order (react)/OrderNow_OrangeButton' is clicked on

2018-06-05 12:14:35 - [MESSAGE][PASSED] - Object: 'Object Repository/LoggedInPages/Order (react)/OrderNow_OrangeButton' is clicked on

2018-06-05 12:14:35 - [TEST_STEP][PASSED] - waitForElementVisible: Object 'Object Repository/LoggedInPages/Order (react)/Purchase_Button' is visible

2018-06-05 12:14:35 - [MESSAGE][WARNING] - Timeout '0' is invalid. Using default page load timeout: '30'

2018-06-05 12:14:35 - [MESSAGE][PASSED] - Object 'Object Repository/LoggedInPages/Order (react)/Purchase_Button' is visible

2018-06-05 12:14:35 - [TEST_STEP][PASSED] - Statement - now = new java.util.Date(): null

2018-06-05 12:14:35 - [TEST_STEP][PASSED] - Statement - rnd = now.format("yyyyMMddHHmmssSSS").toString(): null

2018-06-05 12:14:35 - [TEST_STEP][PASSED] - Statement - Email = com.kms.katalon.core.webui.keyword.WebUiBuiltInKeywords.concatenate(["affiliate", rnd, "@mailinator.com"]): Concatenated string array: '['affiliate','20180605121435376','@mailinator.com']' into 'affiliate20180605121435376@mailinator.com'

2018-06-05 12:14:35 - [MESSAGE][PASSED] - Concatenated string array: '['affiliate','20180605121435376','@mailinator.com']' into 'affiliate20180605121435376@mailinator.com'

2018-06-05 12:14:35 - [TEST_STEP][PASSED] - callTestCase: Call Test Case 'Test Cases/Base Tests/OrderSignUpBase' successfully

2018-06-05 12:14:35 - [TEST_CASE][PASSED] - Test Cases/Base Tests/OrderSignUpBase: Test Cases/Base Tests/OrderSignUpBase

2018-06-05 12:14:35 - [TEST_STEP][PASSED] - setText: Text 'Affiliate' is set on object 'Object Repository/LoggedOutPages/OrderLoggedOut/FirstName_Input'

2018-06-05 12:14:36 - [MESSAGE][PASSED] - Text 'Affiliate' is set on object 'Object Repository/LoggedOutPages/OrderLoggedOut/FirstName_Input'

2018-06-05 12:14:36 - [TEST_STEP][PASSED] - setText: Text 'Cadealer' is set on object 'Object Repository/LoggedOutPages/OrderLoggedOut/LastName_Input'

2018-06-05 12:14:36 - [MESSAGE][PASSED] - Text 'Cadealer' is set on object 'Object Repository/LoggedOutPages/OrderLoggedOut/LastName_Input'

2018-06-05 12:14:36 - [TEST_STEP][PASSED] - setText: Text 'test' is set on object 'Object Repository/LoggedOutPages/OrderLoggedOut/Address_Input'

2018-06-05 12:14:36 - [MESSAGE][PASSED] - Text 'test' is set on object 'Object Repository/LoggedOutPages/OrderLoggedOut/Address_Input'

2018-06-05 12:14:36 - [TEST_STEP][PASSED] - setText: Text 'test' is set on object 'Object Repository/LoggedOutPages/OrderLoggedOut/City_Input'

2018-06-05 12:14:37 - [MESSAGE][PASSED] - Text 'test' is set on object 'Object Repository/LoggedOutPages/OrderLoggedOut/City_Input'

2018-06-05 12:14:37 - [TEST_STEP][PASSED] - selectOptionByValue: All options with value 'CA' are selected in object 'Object Repository/LoggedOutPages/OrderLoggedOut/State_Dropdown' 

2018-06-05 12:14:37 - [MESSAGE][PASSED] - All options with value 'CA' are selected in object 'Object Repository/LoggedOutPages/OrderLoggedOut/State_Dropdown' 

2018-06-05 12:14:37 - [TEST_STEP][PASSED] - setText: Text '11111' is set on object 'Object Repository/LoggedOutPages/OrderLoggedOut/Zip_Input'

2018-06-05 12:14:37 - [MESSAGE][PASSED] - Text '11111' is set on object 'Object Repository/LoggedOutPages/OrderLoggedOut/Zip_Input'

2018-06-05 12:14:37 - [TEST_STEP][PASSED] - setText: Text '8001112233' is set on object 'Object Repository/LoggedOutPages/OrderLoggedOut/Phone_Input'

2018-06-05 12:14:38 - [MESSAGE][PASSED] - Text '8001112233' is set on object 'Object Repository/LoggedOutPages/OrderLoggedOut/Phone_Input'

2018-06-05 12:14:38 - [TEST_STEP][PASSED] - setText: Text 'affiliate20180605121435376@mailinator.com' is set on object 'Object Repository/LoggedOutPages/OrderLoggedOut/Email_Input'

2018-06-05 12:14:38 - [MESSAGE][PASSED] - Text 'affiliate20180605121435376@mailinator.com' is set on object 'Object Repository/LoggedOutPages/OrderLoggedOut/Email_Input'

2018-06-05 12:14:38 - [TEST_STEP][PASSED] - setText: Text '4000100011112224' is set on object 'Object Repository/LoggedOutPages/OrderLoggedOut/CcNumber_Input'

2018-06-05 12:14:38 - [MESSAGE][PASSED] - Text '4000100011112224' is set on object 'Object Repository/LoggedOutPages/OrderLoggedOut/CcNumber_Input'

2018-06-05 12:14:38 - [TEST_STEP][PASSED] - setText: Text '111' is set on object 'Object Repository/LoggedOutPages/OrderLoggedOut/CVV_Input'

2018-06-05 12:14:39 - [MESSAGE][PASSED] - Text '111' is set on object 'Object Repository/LoggedOutPages/OrderLoggedOut/CVV_Input'

2018-06-05 12:14:39 - [TEST_STEP][PASSED] - selectOptionByValue: All options with value '11' are selected in object 'Object Repository/LoggedOutPages/OrderLoggedOut/ExpirationMonth_Dropdown' 

2018-06-05 12:14:39 - [MESSAGE][PASSED] - All options with value '11' are selected in object 'Object Repository/LoggedOutPages/OrderLoggedOut/ExpirationMonth_Dropdown' 

2018-06-05 12:14:39 - [TEST_STEP][PASSED] - selectOptionByValue: All options with value '2020' are selected in object 'Object Repository/LoggedOutPages/OrderLoggedOut/ExpirationYear_Dropdown' 

2018-06-05 12:14:40 - [MESSAGE][PASSED] - All options with value '2020' are selected in object 'Object Repository/LoggedOutPages/OrderLoggedOut/ExpirationYear_Dropdown' 

2018-06-05 12:14:40 - [TEST_STEP][PASSED] - selectOptionByValue: All options with value '1' are selected in object 'Object Repository/LoggedOutPages/OrderLoggedOut/UserType_Dropdown' 

2018-06-05 12:14:40 - [MESSAGE][PASSED] - All options with value '1' are selected in object 'Object Repository/LoggedOutPages/OrderLoggedOut/UserType_Dropdown' 

2018-06-05 12:14:40 - [TEST_STEP][PASSED] - check: Object 'Object Repository/LoggedOutPages/OrderLoggedOut/Terms_Checkbox' is checked

2018-06-05 12:14:40 - [MESSAGE][PASSED] - Object 'Object Repository/LoggedOutPages/OrderLoggedOut/Terms_Checkbox' is checked

2018-06-05 12:14:40 - [TEST_STEP][PASSED] - click: Object: 'Object Repository/LoggedInPages/Order (react)/Purchase_Button' is clicked on

2018-06-05 12:14:40 - [MESSAGE][PASSED] - Object: 'Object Repository/LoggedInPages/Order (react)/Purchase_Button' is clicked on

2018-06-05 12:14:40 - [MESSAGE][PASSED] - Call Test Case 'Test Cases/Base Tests/OrderSignUpBase' successfully

2018-06-05 12:14:40 - [TEST_STEP][PASSED] - waitForElementClickable: Object 'Object Repository/LoggedInPages/Order (react)/CompletePurchase_Button' is clickable

2018-06-05 12:14:40 - [MESSAGE][WARNING] - Timeout '0' is invalid. Using default page load timeout: '30'

2018-06-05 12:14:40 - [MESSAGE][PASSED] - Object 'Object Repository/LoggedInPages/Order (react)/CompletePurchase_Button' is clickable

2018-06-05 12:14:40 - [TEST_STEP][PASSED] - Statement - Price = com.kms.katalon.core.webui.keyword.WebUiBuiltInKeywords.concatenate(["Only ", Vtr1]): Concatenated string array: '['Only ','$333.00']' into 'Only $333.00'

2018-06-05 12:14:40 - [MESSAGE][PASSED] - Concatenated string array: '['Only ','$333.00']' into 'Only $333.00'

2018-06-05 12:14:40 - [TEST_STEP][PASSED] - verifyElementText: Actual text and expected text of test object 'Object Repository/LoggedInPages/Order (react)/Confirm_Price' are matched.

2018-06-05 12:14:40 - [MESSAGE][PASSED] - Actual text and expected text of test object 'Object Repository/LoggedInPages/Order (react)/Confirm_Price' are matched.

2018-06-05 12:14:41 - [TEST_STEP][PASSED] - click: Object: 'Object Repository/LoggedInPages/Order (react)/CompletePurchase_Button' is clicked on

2018-06-05 12:14:41 - [MESSAGE][PASSED] - Object: 'Object Repository/LoggedInPages/Order (react)/CompletePurchase_Button' is clicked on

2018-06-05 12:14:41 - [TEST_STEP][PASSED] - waitForElementPresent: Object 'Object Repository/LoggedInPages/Order (react)/VINCheckForm_EnterVINInput' is present

2018-06-05 12:14:41 - [MESSAGE][WARNING] - Timeout '0' is invalid. Using default page load timeout: '30'

2018-06-05 12:14:45 - [MESSAGE][PASSED] - Object 'Object Repository/LoggedInPages/Order (react)/VINCheckForm_EnterVINInput' is present

2018-06-05 12:14:45 - [TEST_STEP][PASSED] - waitForElementClickable: Object 'Object Repository/LoggedInPages/Order (react)/ViewReport_Button' is clickable

2018-06-05 12:14:45 - [MESSAGE][WARNING] - Timeout '0' is invalid. Using default page load timeout: '30'

2018-06-05 12:14:45 - [MESSAGE][PASSED] - Object 'Object Repository/LoggedInPages/Order (react)/ViewReport_Button' is clickable

2018-06-05 12:14:45 - [TEST_STEP][PASSED] - verifyTextPresent: Text 'Thank you for using instaVIN!' is present on page 

2018-06-05 12:14:45 - [MESSAGE][PASSED] - Text 'Thank you for using instaVIN!' is present on page 

2018-06-05 12:14:45 - [TEST_STEP][PASSED] - verifyElementText: Actual text and expected text of test object 'Object Repository/LoggedInPages/Order (react)/ViewReport - Vin' are matched.

2018-06-05 12:14:45 - [MESSAGE][PASSED] - Actual text and expected text of test object 'Object Repository/LoggedInPages/Order (react)/ViewReport - Vin' are matched.

2018-06-05 12:14:45 - [TEST_STEP][PASSED] - verifyElementText: Actual text and expected text of test object 'Object Repository/LoggedInPages/Order (react)/ViewReport - ReportType' are matched.

2018-06-05 12:14:45 - [MESSAGE][PASSED] - Actual text and expected text of test object 'Object Repository/LoggedInPages/Order (react)/ViewReport - ReportType' are matched.

2018-06-05 12:14:45 - [TEST_STEP][PASSED] - click: Object: 'Object Repository/LoggedInPages/Order (react)/ViewReport_Button' is clicked on

2018-06-05 12:14:47 - [MESSAGE][PASSED] - Object: 'Object Repository/LoggedInPages/Order (react)/ViewReport_Button' is clicked on

2018-06-05 12:14:47 - [TEST_STEP][PASSED] - waitForElementVisible: Object 'Object Repository/LoggedInPages/ReportSummary/ReportHeader' is visible

2018-06-05 12:14:47 - [MESSAGE][WARNING] - Timeout '0' is invalid. Using default page load timeout: '30'

2018-06-05 12:14:47 - [MESSAGE][PASSED] - Object 'Object Repository/LoggedInPages/ReportSummary/ReportHeader' is visible

2018-06-05 12:14:47 - [TEST_STEP][PASSED] - verifyElementText: Actual text and expected text of test object 'Object Repository/LoggedInPages/ReportSummary/VehicleTitle' are matched.

2018-06-05 12:14:47 - [MESSAGE][PASSED] - Actual text and expected text of test object 'Object Repository/LoggedInPages/ReportSummary/VehicleTitle' are matched.

2018-06-05 12:14:47 - [TEST_STEP][PASSED] - verifyElementAttributeValue: Object 'Object Repository/LoggedInPages/ReportSummary/ReportType' has attribute 'class' with value 'ReportGrade AlertSuccess'

2018-06-05 12:14:47 - [MESSAGE][WARNING] - Timeout '0' is invalid. Using default page load timeout: '30'

2018-06-05 12:14:47 - [MESSAGE][PASSED] - Object 'Object Repository/LoggedInPages/ReportSummary/ReportType' has attribute 'class' with value 'ReportGrade AlertSuccess'

2018-06-05 12:14:47 - [TEST_STEP][PASSED] - verifyElementText: Actual text and expected text of test object 'Object Repository/LoggedInPages/ReportSummary/ReportType' are matched.

2018-06-05 12:14:47 - [MESSAGE][PASSED] - Actual text and expected text of test object 'Object Repository/LoggedInPages/ReportSummary/ReportType' are matched.

2018-06-05 12:14:47 - [TEST_STEP][PASSED] - verifyElementAttributeValue: Object 'Object Repository/LoggedInPages/ReportSummary/VehicleSpecsStatus' has attribute 'class' with value 'SummaryAlertContainer AlertSuccess'

2018-06-05 12:14:47 - [MESSAGE][WARNING] - Timeout '0' is invalid. Using default page load timeout: '30'

2018-06-05 12:14:47 - [MESSAGE][PASSED] - Object 'Object Repository/LoggedInPages/ReportSummary/VehicleSpecsStatus' has attribute 'class' with value 'SummaryAlertContainer AlertSuccess'

2018-06-05 12:14:47 - [TEST_STEP][PASSED] - verifyElementAttributeValue: Object 'Object Repository/LoggedInPages/ReportSummary/JunkSalvageStatus' has attribute 'class' with value 'SummaryAlertContainer AlertSuccess'

2018-06-05 12:14:47 - [MESSAGE][WARNING] - Timeout '0' is invalid. Using default page load timeout: '30'

2018-06-05 12:14:47 - [MESSAGE][PASSED] - Object 'Object Repository/LoggedInPages/ReportSummary/JunkSalvageStatus' has attribute 'class' with value 'SummaryAlertContainer AlertSuccess'

2018-06-05 12:14:47 - [TEST_STEP][PASSED] - verifyElementAttributeValue: Object 'Object Repository/LoggedInPages/ReportSummary/TitleStatus' has attribute 'class' with value 'SummaryAlertContainer AlertSuccess'

2018-06-05 12:14:48 - [MESSAGE][WARNING] - Timeout '0' is invalid. Using default page load timeout: '30'

2018-06-05 12:14:48 - [MESSAGE][PASSED] - Object 'Object Repository/LoggedInPages/ReportSummary/TitleStatus' has attribute 'class' with value 'SummaryAlertContainer AlertSuccess'

2018-06-05 12:14:48 - [TEST_STEP][PASSED] - verifyElementAttributeValue: Object 'Object Repository/LoggedInPages/ReportSummary/OtherStatus' has attribute 'class' with value 'SummaryAlertContainer AlertSuccess'

2018-06-05 12:14:48 - [MESSAGE][WARNING] - Timeout '0' is invalid. Using default page load timeout: '30'

2018-06-05 12:14:48 - [MESSAGE][PASSED] - Object 'Object Repository/LoggedInPages/ReportSummary/OtherStatus' has attribute 'class' with value 'SummaryAlertContainer AlertSuccess'

2018-06-05 12:14:48 - [TEST_STEP][PASSED] - verifyElementAttributeValue: Object 'Object Repository/LoggedInPages/ReportSummary/VehicleRecallStatus' has attribute 'class' with value 'SummaryAlertContainer AlertSuccess'

2018-06-05 12:14:48 - [MESSAGE][WARNING] - Timeout '0' is invalid. Using default page load timeout: '30'

2018-06-05 12:14:48 - [MESSAGE][PASSED] - Object 'Object Repository/LoggedInPages/ReportSummary/VehicleRecallStatus' has attribute 'class' with value 'SummaryAlertContainer AlertSuccess'

2018-06-05 12:14:48 - [TEST_STEP][PASSED] - verifyElementText: Actual text and expected text of test object 'Object Repository/LoggedInPages/ReportSummary/OdometerStatus' are matched.

2018-06-05 12:14:48 - [MESSAGE][PASSED] - Actual text and expected text of test object 'Object Repository/LoggedInPages/ReportSummary/OdometerStatus' are matched.

2018-06-05 12:14:48 - [TEST_STEP][PASSED] - navigateToUrl: Navigate to 'https://dev-front.instavin.com/_O/autotest/order/' successfully

2018-06-05 12:14:49 - [MESSAGE][PASSED] - Navigate to 'https://dev-front.instavin.com/_O/autotest/order/' successfully

2018-06-05 12:14:49 - [TEST_STEP][PASSED] - verifyElementText: Actual text and expected text of test object 'Object Repository/LoggedInPages/Order (react)/VtrPrice1' are matched.

2018-06-05 12:14:50 - [MESSAGE][PASSED] - Actual text and expected text of test object 'Object Repository/LoggedInPages/Order (react)/VtrPrice1' are matched.

2018-06-05 12:14:50 - [TEST_STEP][PASSED] - verifyElementText: Actual text and expected text of test object 'Object Repository/LoggedInPages/Order (react)/VtrPrice10' are matched.

2018-06-05 12:14:50 - [MESSAGE][PASSED] - Actual text and expected text of test object 'Object Repository/LoggedInPages/Order (react)/VtrPrice10' are matched.

2018-06-05 12:14:50 - [TEST_STEP][PASSED] - verifyElementText: Actual text and expected text of test object 'Object Repository/LoggedInPages/Order (react)/VtrPrice50' are matched.

2018-06-05 12:14:50 - [MESSAGE][PASSED] - Actual text and expected text of test object 'Object Repository/LoggedInPages/Order (react)/VtrPrice50' are matched.

2018-06-05 12:14:50 - [TEST_STEP][PASSED] - closeBrowser: Browser is closed

2018-06-05 12:14:50 - [MESSAGE][PASSED] - Browser is closed]]></system-out>
         <system-err><![CDATA[]]></system-err>
      </testcase>
      <testcase name="Test Cases/Salesman - BuyVtrCaDealer" classname="Test Cases/Salesman - BuyVtrCaDealer" status="PASSED">
         <system-out><![CDATA[2018-06-05 12:14:50 - [TEST_CASE][PASSED] - Test Cases/Salesman - BuyVtrCaDealer: Test Cases/Salesman - BuyVtrCaDealer

2018-06-05 12:14:51 - [TEST_STEP][PASSED] - openBrowser: Browser is opened with url: ''

2018-06-05 12:14:53 - [MESSAGE][PASSED] - Browser is opened with url: ''

2018-06-05 12:14:53 - [TEST_STEP][PASSED] - maximizeWindow: Current window maximized

2018-06-05 12:14:54 - [MESSAGE][PASSED] - Current window maximized

2018-06-05 12:14:54 - [TEST_STEP][PASSED] - Statement - OrderURL = com.kms.katalon.core.webui.keyword.WebUiBuiltInKeywords.concatenate([StagingReact, SalesmanURL, "order/"]): Concatenated string array: '['https://dev-front.instavin.com/','_O/Autotest(salesman)/','order/']' into 'https://dev-front.instavin.com/_O/Autotest(salesman)/order/'

2018-06-05 12:14:54 - [MESSAGE][PASSED] - Concatenated string array: '['https://dev-front.instavin.com/','_O/Autotest(salesman)/','order/']' into 'https://dev-front.instavin.com/_O/Autotest(salesman)/order/'

2018-06-05 12:14:54 - [TEST_STEP][PASSED] - navigateToUrl: Navigate to 'https://dev-front.instavin.com/_O/Autotest(salesman)/order/' successfully

2018-06-05 12:14:57 - [MESSAGE][PASSED] - Navigate to 'https://dev-front.instavin.com/_O/Autotest(salesman)/order/' successfully

2018-06-05 12:14:57 - [TEST_STEP][PASSED] - waitForElementVisible: Object 'Object Repository/LoggedInPages/Order (react)/instaVINProducts_Label' is visible

2018-06-05 12:14:57 - [MESSAGE][WARNING] - Timeout '0' is invalid. Using default page load timeout: '30'

2018-06-05 12:14:57 - [MESSAGE][PASSED] - Object 'Object Repository/LoggedInPages/Order (react)/instaVINProducts_Label' is visible

2018-06-05 12:14:57 - [TEST_STEP][PASSED] - verifyElementText: Actual text and expected text of test object 'Object Repository/LoggedInPages/Order (react)/VtrPrice1' are matched.

2018-06-05 12:14:57 - [MESSAGE][PASSED] - Actual text and expected text of test object 'Object Repository/LoggedInPages/Order (react)/VtrPrice1' are matched.

2018-06-05 12:14:57 - [TEST_STEP][PASSED] - verifyElementText: Actual text and expected text of test object 'Object Repository/LoggedInPages/Order (react)/VtrPrice10' are matched.

2018-06-05 12:14:57 - [MESSAGE][PASSED] - Actual text and expected text of test object 'Object Repository/LoggedInPages/Order (react)/VtrPrice10' are matched.

2018-06-05 12:14:57 - [TEST_STEP][PASSED] - verifyElementText: Actual text and expected text of test object 'Object Repository/LoggedInPages/Order (react)/VtrPrice50' are matched.

2018-06-05 12:14:57 - [MESSAGE][PASSED] - Actual text and expected text of test object 'Object Repository/LoggedInPages/Order (react)/VtrPrice50' are matched.

2018-06-05 12:14:57 - [TEST_STEP][PASSED] - setText: Text 'SAJWA43C199B29849' is set on object 'Object Repository/LoggedInPages/Order (react)/VINCheckForm_EnterVINInput'

2018-06-05 12:14:57 - [MESSAGE][PASSED] - Text 'SAJWA43C199B29849' is set on object 'Object Repository/LoggedInPages/Order (react)/VINCheckForm_EnterVINInput'

2018-06-05 12:14:57 - [TEST_STEP][PASSED] - click: Object: 'Object Repository/LoggedInPages/Order (react)/CheckVin_ArrowButton' is clicked on

2018-06-05 12:14:57 - [MESSAGE][PASSED] - Object: 'Object Repository/LoggedInPages/Order (react)/CheckVin_ArrowButton' is clicked on

2018-06-05 12:14:57 - [TEST_STEP][PASSED] - waitForElementVisible: Object 'Object Repository/LoggedInPages/Order (react)/ChangeVIN_Cross' is visible

2018-06-05 12:14:57 - [MESSAGE][WARNING] - Timeout '0' is invalid. Using default page load timeout: '30'

2018-06-05 12:14:58 - [MESSAGE][PASSED] - Object 'Object Repository/LoggedInPages/Order (react)/ChangeVIN_Cross' is visible

2018-06-05 12:14:58 - [TEST_STEP][PASSED] - verifyElementVisible: Object 'Object Repository/LoggedInPages/Order (react)/OrderNow_OrangeButton' is visible

2018-06-05 12:14:58 - [MESSAGE][PASSED] - Object 'Object Repository/LoggedInPages/Order (react)/OrderNow_OrangeButton' is visible

2018-06-05 12:14:58 - [TEST_STEP][PASSED] - click: Object: 'Object Repository/LoggedInPages/Order (react)/OrderNow_OrangeButton' is clicked on

2018-06-05 12:14:58 - [MESSAGE][PASSED] - Object: 'Object Repository/LoggedInPages/Order (react)/OrderNow_OrangeButton' is clicked on

2018-06-05 12:14:58 - [TEST_STEP][PASSED] - waitForElementVisible: Object 'Object Repository/LoggedInPages/Order (react)/Purchase_Button' is visible

2018-06-05 12:14:58 - [MESSAGE][WARNING] - Timeout '0' is invalid. Using default page load timeout: '30'

2018-06-05 12:14:58 - [MESSAGE][PASSED] - Object 'Object Repository/LoggedInPages/Order (react)/Purchase_Button' is visible

2018-06-05 12:14:58 - [TEST_STEP][PASSED] - Statement - now = new java.util.Date(): null

2018-06-05 12:14:58 - [TEST_STEP][PASSED] - Statement - rnd = now.format("yyyyMMddHHmmssSSS").toString(): null

2018-06-05 12:14:58 - [TEST_STEP][PASSED] - Statement - Email = com.kms.katalon.core.webui.keyword.WebUiBuiltInKeywords.concatenate(["salesman", rnd, "@mailinator.com"]): Concatenated string array: '['salesman','20180605121458812','@mailinator.com']' into 'salesman20180605121458812@mailinator.com'

2018-06-05 12:14:58 - [MESSAGE][PASSED] - Concatenated string array: '['salesman','20180605121458812','@mailinator.com']' into 'salesman20180605121458812@mailinator.com'

2018-06-05 12:14:58 - [TEST_STEP][PASSED] - callTestCase: Call Test Case 'Test Cases/Base Tests/OrderSignUpBase' successfully

2018-06-05 12:14:58 - [TEST_CASE][PASSED] - Test Cases/Base Tests/OrderSignUpBase: Test Cases/Base Tests/OrderSignUpBase

2018-06-05 12:14:58 - [TEST_STEP][PASSED] - setText: Text 'Salesman' is set on object 'Object Repository/LoggedOutPages/OrderLoggedOut/FirstName_Input'

2018-06-05 12:14:59 - [MESSAGE][PASSED] - Text 'Salesman' is set on object 'Object Repository/LoggedOutPages/OrderLoggedOut/FirstName_Input'

2018-06-05 12:14:59 - [TEST_STEP][PASSED] - setText: Text 'Dealer' is set on object 'Object Repository/LoggedOutPages/OrderLoggedOut/LastName_Input'

2018-06-05 12:14:59 - [MESSAGE][PASSED] - Text 'Dealer' is set on object 'Object Repository/LoggedOutPages/OrderLoggedOut/LastName_Input'

2018-06-05 12:14:59 - [TEST_STEP][PASSED] - setText: Text 'test' is set on object 'Object Repository/LoggedOutPages/OrderLoggedOut/Address_Input'

2018-06-05 12:14:59 - [MESSAGE][PASSED] - Text 'test' is set on object 'Object Repository/LoggedOutPages/OrderLoggedOut/Address_Input'

2018-06-05 12:14:59 - [TEST_STEP][PASSED] - setText: Text 'test' is set on object 'Object Repository/LoggedOutPages/OrderLoggedOut/City_Input'

2018-06-05 12:15:00 - [MESSAGE][PASSED] - Text 'test' is set on object 'Object Repository/LoggedOutPages/OrderLoggedOut/City_Input'

2018-06-05 12:15:00 - [TEST_STEP][PASSED] - selectOptionByValue: All options with value 'CA' are selected in object 'Object Repository/LoggedOutPages/OrderLoggedOut/State_Dropdown' 

2018-06-05 12:15:00 - [MESSAGE][PASSED] - All options with value 'CA' are selected in object 'Object Repository/LoggedOutPages/OrderLoggedOut/State_Dropdown' 

2018-06-05 12:15:00 - [TEST_STEP][PASSED] - setText: Text '11111' is set on object 'Object Repository/LoggedOutPages/OrderLoggedOut/Zip_Input'

2018-06-05 12:15:00 - [MESSAGE][PASSED] - Text '11111' is set on object 'Object Repository/LoggedOutPages/OrderLoggedOut/Zip_Input'

2018-06-05 12:15:00 - [TEST_STEP][PASSED] - setText: Text '8001112233' is set on object 'Object Repository/LoggedOutPages/OrderLoggedOut/Phone_Input'

2018-06-05 12:15:01 - [MESSAGE][PASSED] - Text '8001112233' is set on object 'Object Repository/LoggedOutPages/OrderLoggedOut/Phone_Input'

2018-06-05 12:15:01 - [TEST_STEP][PASSED] - setText: Text 'salesman20180605121458812@mailinator.com' is set on object 'Object Repository/LoggedOutPages/OrderLoggedOut/Email_Input'

2018-06-05 12:15:01 - [MESSAGE][PASSED] - Text 'salesman20180605121458812@mailinator.com' is set on object 'Object Repository/LoggedOutPages/OrderLoggedOut/Email_Input'

2018-06-05 12:15:01 - [TEST_STEP][PASSED] - setText: Text '4000100011112224' is set on object 'Object Repository/LoggedOutPages/OrderLoggedOut/CcNumber_Input'

2018-06-05 12:15:02 - [MESSAGE][PASSED] - Text '4000100011112224' is set on object 'Object Repository/LoggedOutPages/OrderLoggedOut/CcNumber_Input'

2018-06-05 12:15:02 - [TEST_STEP][PASSED] - setText: Text '111' is set on object 'Object Repository/LoggedOutPages/OrderLoggedOut/CVV_Input'

2018-06-05 12:15:02 - [MESSAGE][PASSED] - Text '111' is set on object 'Object Repository/LoggedOutPages/OrderLoggedOut/CVV_Input'

2018-06-05 12:15:02 - [TEST_STEP][PASSED] - selectOptionByValue: All options with value '11' are selected in object 'Object Repository/LoggedOutPages/OrderLoggedOut/ExpirationMonth_Dropdown' 

2018-06-05 12:15:02 - [MESSAGE][PASSED] - All options with value '11' are selected in object 'Object Repository/LoggedOutPages/OrderLoggedOut/ExpirationMonth_Dropdown' 

2018-06-05 12:15:02 - [TEST_STEP][PASSED] - selectOptionByValue: All options with value '2020' are selected in object 'Object Repository/LoggedOutPages/OrderLoggedOut/ExpirationYear_Dropdown' 

2018-06-05 12:15:03 - [MESSAGE][PASSED] - All options with value '2020' are selected in object 'Object Repository/LoggedOutPages/OrderLoggedOut/ExpirationYear_Dropdown' 

2018-06-05 12:15:03 - [TEST_STEP][PASSED] - selectOptionByValue: All options with value '1' are selected in object 'Object Repository/LoggedOutPages/OrderLoggedOut/UserType_Dropdown' 

2018-06-05 12:15:03 - [MESSAGE][PASSED] - All options with value '1' are selected in object 'Object Repository/LoggedOutPages/OrderLoggedOut/UserType_Dropdown' 

2018-06-05 12:15:03 - [TEST_STEP][PASSED] - check: Object 'Object Repository/LoggedOutPages/OrderLoggedOut/Terms_Checkbox' is checked

2018-06-05 12:15:03 - [MESSAGE][PASSED] - Object 'Object Repository/LoggedOutPages/OrderLoggedOut/Terms_Checkbox' is checked

2018-06-05 12:15:03 - [TEST_STEP][PASSED] - click: Object: 'Object Repository/LoggedInPages/Order (react)/Purchase_Button' is clicked on

2018-06-05 12:15:03 - [MESSAGE][PASSED] - Object: 'Object Repository/LoggedInPages/Order (react)/Purchase_Button' is clicked on

2018-06-05 12:15:03 - [MESSAGE][PASSED] - Call Test Case 'Test Cases/Base Tests/OrderSignUpBase' successfully

2018-06-05 12:15:03 - [TEST_STEP][PASSED] - waitForElementClickable: Object 'Object Repository/LoggedInPages/Order (react)/CompletePurchase_Button' is clickable

2018-06-05 12:15:03 - [MESSAGE][WARNING] - Timeout '0' is invalid. Using default page load timeout: '30'

2018-06-05 12:15:04 - [MESSAGE][PASSED] - Object 'Object Repository/LoggedInPages/Order (react)/CompletePurchase_Button' is clickable

2018-06-05 12:15:04 - [TEST_STEP][PASSED] - Statement - Price = com.kms.katalon.core.webui.keyword.WebUiBuiltInKeywords.concatenate(["Only ", Vtr1]): Concatenated string array: '['Only ','$1,551.00']' into 'Only $1,551.00'

2018-06-05 12:15:04 - [MESSAGE][PASSED] - Concatenated string array: '['Only ','$1,551.00']' into 'Only $1,551.00'

2018-06-05 12:15:04 - [TEST_STEP][PASSED] - verifyElementText: Actual text and expected text of test object 'Object Repository/LoggedInPages/Order (react)/Confirm_Price' are matched.

2018-06-05 12:15:04 - [MESSAGE][PASSED] - Actual text and expected text of test object 'Object Repository/LoggedInPages/Order (react)/Confirm_Price' are matched.

2018-06-05 12:15:04 - [TEST_STEP][PASSED] - click: Object: 'Object Repository/LoggedInPages/Order (react)/CompletePurchase_Button' is clicked on

2018-06-05 12:15:04 - [MESSAGE][PASSED] - Object: 'Object Repository/LoggedInPages/Order (react)/CompletePurchase_Button' is clicked on

2018-06-05 12:15:04 - [TEST_STEP][PASSED] - waitForElementPresent: Object 'Object Repository/LoggedInPages/Order (react)/VINCheckForm_EnterVINInput' is present

2018-06-05 12:15:04 - [MESSAGE][WARNING] - Timeout '0' is invalid. Using default page load timeout: '30'

2018-06-05 12:15:09 - [MESSAGE][PASSED] - Object 'Object Repository/LoggedInPages/Order (react)/VINCheckForm_EnterVINInput' is present

2018-06-05 12:15:09 - [TEST_STEP][PASSED] - waitForElementClickable: Object 'Object Repository/LoggedInPages/Order (react)/ViewReport_Button' is clickable

2018-06-05 12:15:09 - [MESSAGE][WARNING] - Timeout '0' is invalid. Using default page load timeout: '30'

2018-06-05 12:15:09 - [MESSAGE][PASSED] - Object 'Object Repository/LoggedInPages/Order (react)/ViewReport_Button' is clickable

2018-06-05 12:15:09 - [TEST_STEP][PASSED] - verifyTextPresent: Text 'Thank you for using instaVIN!' is present on page 

2018-06-05 12:15:09 - [MESSAGE][PASSED] - Text 'Thank you for using instaVIN!' is present on page 

2018-06-05 12:15:09 - [TEST_STEP][PASSED] - verifyElementText: Actual text and expected text of test object 'Object Repository/LoggedInPages/Order (react)/ViewReport - Vin' are matched.

2018-06-05 12:15:09 - [MESSAGE][PASSED] - Actual text and expected text of test object 'Object Repository/LoggedInPages/Order (react)/ViewReport - Vin' are matched.

2018-06-05 12:15:09 - [TEST_STEP][PASSED] - verifyElementText: Actual text and expected text of test object 'Object Repository/LoggedInPages/Order (react)/ViewReport - ReportType' are matched.

2018-06-05 12:15:09 - [MESSAGE][PASSED] - Actual text and expected text of test object 'Object Repository/LoggedInPages/Order (react)/ViewReport - ReportType' are matched.

2018-06-05 12:15:09 - [TEST_STEP][PASSED] - click: Object: 'Object Repository/LoggedInPages/Order (react)/ViewReport_Button' is clicked on

2018-06-05 12:15:10 - [MESSAGE][PASSED] - Object: 'Object Repository/LoggedInPages/Order (react)/ViewReport_Button' is clicked on

2018-06-05 12:15:10 - [TEST_STEP][PASSED] - waitForElementVisible: Object 'Object Repository/LoggedInPages/ReportSummary/ReportHeader' is visible

2018-06-05 12:15:10 - [MESSAGE][WARNING] - Timeout '0' is invalid. Using default page load timeout: '30'

2018-06-05 12:15:11 - [MESSAGE][PASSED] - Object 'Object Repository/LoggedInPages/ReportSummary/ReportHeader' is visible

2018-06-05 12:15:11 - [TEST_STEP][PASSED] - verifyElementText: Actual text and expected text of test object 'Object Repository/LoggedInPages/ReportSummary/VehicleTitle' are matched.

2018-06-05 12:15:11 - [MESSAGE][PASSED] - Actual text and expected text of test object 'Object Repository/LoggedInPages/ReportSummary/VehicleTitle' are matched.

2018-06-05 12:15:11 - [TEST_STEP][PASSED] - verifyElementAttributeValue: Object 'Object Repository/LoggedInPages/ReportSummary/ReportType' has attribute 'class' with value 'ReportGrade AlertSuccess'

2018-06-05 12:15:11 - [MESSAGE][WARNING] - Timeout '0' is invalid. Using default page load timeout: '30'

2018-06-05 12:15:11 - [MESSAGE][PASSED] - Object 'Object Repository/LoggedInPages/ReportSummary/ReportType' has attribute 'class' with value 'ReportGrade AlertSuccess'

2018-06-05 12:15:11 - [TEST_STEP][PASSED] - verifyElementText: Actual text and expected text of test object 'Object Repository/LoggedInPages/ReportSummary/ReportType' are matched.

2018-06-05 12:15:11 - [MESSAGE][PASSED] - Actual text and expected text of test object 'Object Repository/LoggedInPages/ReportSummary/ReportType' are matched.

2018-06-05 12:15:11 - [TEST_STEP][PASSED] - verifyElementAttributeValue: Object 'Object Repository/LoggedInPages/ReportSummary/VehicleSpecsStatus' has attribute 'class' with value 'SummaryAlertContainer AlertSuccess'

2018-06-05 12:15:11 - [MESSAGE][WARNING] - Timeout '0' is invalid. Using default page load timeout: '30'

2018-06-05 12:15:11 - [MESSAGE][PASSED] - Object 'Object Repository/LoggedInPages/ReportSummary/VehicleSpecsStatus' has attribute 'class' with value 'SummaryAlertContainer AlertSuccess'

2018-06-05 12:15:11 - [TEST_STEP][PASSED] - verifyElementAttributeValue: Object 'Object Repository/LoggedInPages/ReportSummary/JunkSalvageStatus' has attribute 'class' with value 'SummaryAlertContainer AlertSuccess'

2018-06-05 12:15:11 - [MESSAGE][WARNING] - Timeout '0' is invalid. Using default page load timeout: '30'

2018-06-05 12:15:11 - [MESSAGE][PASSED] - Object 'Object Repository/LoggedInPages/ReportSummary/JunkSalvageStatus' has attribute 'class' with value 'SummaryAlertContainer AlertSuccess'

2018-06-05 12:15:11 - [TEST_STEP][PASSED] - verifyElementAttributeValue: Object 'Object Repository/LoggedInPages/ReportSummary/TitleStatus' has attribute 'class' with value 'SummaryAlertContainer AlertSuccess'

2018-06-05 12:15:11 - [MESSAGE][WARNING] - Timeout '0' is invalid. Using default page load timeout: '30'

2018-06-05 12:15:11 - [MESSAGE][PASSED] - Object 'Object Repository/LoggedInPages/ReportSummary/TitleStatus' has attribute 'class' with value 'SummaryAlertContainer AlertSuccess'

2018-06-05 12:15:11 - [TEST_STEP][PASSED] - verifyElementAttributeValue: Object 'Object Repository/LoggedInPages/ReportSummary/OtherStatus' has attribute 'class' with value 'SummaryAlertContainer AlertSuccess'

2018-06-05 12:15:11 - [MESSAGE][WARNING] - Timeout '0' is invalid. Using default page load timeout: '30'

2018-06-05 12:15:11 - [MESSAGE][PASSED] - Object 'Object Repository/LoggedInPages/ReportSummary/OtherStatus' has attribute 'class' with value 'SummaryAlertContainer AlertSuccess'

2018-06-05 12:15:11 - [TEST_STEP][PASSED] - verifyElementAttributeValue: Object 'Object Repository/LoggedInPages/ReportSummary/VehicleRecallStatus' has attribute 'class' with value 'SummaryAlertContainer AlertSuccess'

2018-06-05 12:15:11 - [MESSAGE][WARNING] - Timeout '0' is invalid. Using default page load timeout: '30'

2018-06-05 12:15:11 - [MESSAGE][PASSED] - Object 'Object Repository/LoggedInPages/ReportSummary/VehicleRecallStatus' has attribute 'class' with value 'SummaryAlertContainer AlertSuccess'

2018-06-05 12:15:11 - [TEST_STEP][PASSED] - verifyElementText: Actual text and expected text of test object 'Object Repository/LoggedInPages/ReportSummary/OdometerStatus' are matched.

2018-06-05 12:15:12 - [MESSAGE][PASSED] - Actual text and expected text of test object 'Object Repository/LoggedInPages/ReportSummary/OdometerStatus' are matched.

2018-06-05 12:15:12 - [TEST_STEP][PASSED] - navigateToUrl: Navigate to 'https://dev-front.instavin.com/_O/Autotest(salesman)/order/' successfully

2018-06-05 12:15:13 - [MESSAGE][PASSED] - Navigate to 'https://dev-front.instavin.com/_O/Autotest(salesman)/order/' successfully

2018-06-05 12:15:13 - [TEST_STEP][PASSED] - verifyElementText: Actual text and expected text of test object 'Object Repository/LoggedInPages/Order (react)/VtrPrice1' are matched.

2018-06-05 12:15:13 - [MESSAGE][PASSED] - Actual text and expected text of test object 'Object Repository/LoggedInPages/Order (react)/VtrPrice1' are matched.

2018-06-05 12:15:13 - [TEST_STEP][PASSED] - verifyElementText: Actual text and expected text of test object 'Object Repository/LoggedInPages/Order (react)/VtrPrice10' are matched.

2018-06-05 12:15:13 - [MESSAGE][PASSED] - Actual text and expected text of test object 'Object Repository/LoggedInPages/Order (react)/VtrPrice10' are matched.

2018-06-05 12:15:13 - [TEST_STEP][PASSED] - closeBrowser: Browser is closed

2018-06-05 12:15:14 - [MESSAGE][PASSED] - Browser is closed]]></system-out>
         <system-err><![CDATA[]]></system-err>
      </testcase>
      <testcase name="Test Cases/Salesman - BuyVTRConsumer" classname="Test Cases/Salesman - BuyVTRConsumer" status="PASSED">
         <system-out><![CDATA[2018-06-05 12:15:14 - [TEST_CASE][PASSED] - Test Cases/Salesman - BuyVTRConsumer: Test Cases/Salesman - BuyVTRConsumer

2018-06-05 12:15:15 - [TEST_STEP][PASSED] - openBrowser: Browser is opened with url: ''

2018-06-05 12:15:17 - [MESSAGE][PASSED] - Browser is opened with url: ''

2018-06-05 12:15:17 - [TEST_STEP][PASSED] - maximizeWindow: Current window maximized

2018-06-05 12:15:18 - [MESSAGE][PASSED] - Current window maximized

2018-06-05 12:15:18 - [TEST_STEP][PASSED] - Statement - OrderURL = com.kms.katalon.core.webui.keyword.WebUiBuiltInKeywords.concatenate([StagingReact, SalesmanURL, "order/"]): Concatenated string array: '['https://dev-front.instavin.com/','_O/Autotest(salesman)/','order/']' into 'https://dev-front.instavin.com/_O/Autotest(salesman)/order/'

2018-06-05 12:15:18 - [MESSAGE][PASSED] - Concatenated string array: '['https://dev-front.instavin.com/','_O/Autotest(salesman)/','order/']' into 'https://dev-front.instavin.com/_O/Autotest(salesman)/order/'

2018-06-05 12:15:18 - [TEST_STEP][PASSED] - navigateToUrl: Navigate to 'https://dev-front.instavin.com/_O/Autotest(salesman)/order/' successfully

2018-06-05 12:15:20 - [MESSAGE][PASSED] - Navigate to 'https://dev-front.instavin.com/_O/Autotest(salesman)/order/' successfully

2018-06-05 12:15:20 - [TEST_STEP][PASSED] - waitForElementVisible: Object 'Object Repository/LoggedInPages/Order (react)/instaVINProducts_Label' is visible

2018-06-05 12:15:20 - [MESSAGE][WARNING] - Timeout '0' is invalid. Using default page load timeout: '30'

2018-06-05 12:15:21 - [MESSAGE][PASSED] - Object 'Object Repository/LoggedInPages/Order (react)/instaVINProducts_Label' is visible

2018-06-05 12:15:21 - [TEST_STEP][PASSED] - verifyElementText: Actual text and expected text of test object 'Object Repository/LoggedInPages/Order (react)/VtrPrice1' are matched.

2018-06-05 12:15:21 - [MESSAGE][PASSED] - Actual text and expected text of test object 'Object Repository/LoggedInPages/Order (react)/VtrPrice1' are matched.

2018-06-05 12:15:21 - [TEST_STEP][PASSED] - verifyElementText: Actual text and expected text of test object 'Object Repository/LoggedInPages/Order (react)/VtrPrice10' are matched.

2018-06-05 12:15:21 - [MESSAGE][PASSED] - Actual text and expected text of test object 'Object Repository/LoggedInPages/Order (react)/VtrPrice10' are matched.

2018-06-05 12:15:21 - [TEST_STEP][PASSED] - verifyElementText: Actual text and expected text of test object 'Object Repository/LoggedInPages/Order (react)/VtrPrice50' are matched.

2018-06-05 12:15:21 - [MESSAGE][PASSED] - Actual text and expected text of test object 'Object Repository/LoggedInPages/Order (react)/VtrPrice50' are matched.

2018-06-05 12:15:21 - [TEST_STEP][PASSED] - setText: Text 'SAJWA43C199B29849' is set on object 'Object Repository/LoggedInPages/Order (react)/VINCheckForm_EnterVINInput'

2018-06-05 12:15:21 - [MESSAGE][PASSED] - Text 'SAJWA43C199B29849' is set on object 'Object Repository/LoggedInPages/Order (react)/VINCheckForm_EnterVINInput'

2018-06-05 12:15:21 - [TEST_STEP][PASSED] - click: Object: 'Object Repository/LoggedInPages/Order (react)/CheckVin_ArrowButton' is clicked on

2018-06-05 12:15:21 - [MESSAGE][PASSED] - Object: 'Object Repository/LoggedInPages/Order (react)/CheckVin_ArrowButton' is clicked on

2018-06-05 12:15:21 - [TEST_STEP][PASSED] - waitForElementVisible: Object 'Object Repository/LoggedInPages/Order (react)/ChangeVIN_Cross' is visible

2018-06-05 12:15:21 - [MESSAGE][WARNING] - Timeout '0' is invalid. Using default page load timeout: '30'

2018-06-05 12:15:22 - [MESSAGE][PASSED] - Object 'Object Repository/LoggedInPages/Order (react)/ChangeVIN_Cross' is visible

2018-06-05 12:15:22 - [TEST_STEP][PASSED] - verifyElementVisible: Object 'Object Repository/LoggedInPages/Order (react)/OrderNow_OrangeButton' is visible

2018-06-05 12:15:22 - [MESSAGE][PASSED] - Object 'Object Repository/LoggedInPages/Order (react)/OrderNow_OrangeButton' is visible

2018-06-05 12:15:22 - [TEST_STEP][PASSED] - click: Object: 'Object Repository/LoggedInPages/Order (react)/OrderNow_OrangeButton' is clicked on

2018-06-05 12:15:22 - [MESSAGE][PASSED] - Object: 'Object Repository/LoggedInPages/Order (react)/OrderNow_OrangeButton' is clicked on

2018-06-05 12:15:22 - [TEST_STEP][PASSED] - waitForElementVisible: Object 'Object Repository/LoggedInPages/Order (react)/Purchase_Button' is visible

2018-06-05 12:15:22 - [MESSAGE][WARNING] - Timeout '0' is invalid. Using default page load timeout: '30'

2018-06-05 12:15:22 - [MESSAGE][PASSED] - Object 'Object Repository/LoggedInPages/Order (react)/Purchase_Button' is visible

2018-06-05 12:15:22 - [TEST_STEP][PASSED] - Statement - now = new java.util.Date(): null

2018-06-05 12:15:22 - [TEST_STEP][PASSED] - Statement - rnd = now.format("yyyyMMddHHmmssSSS").toString(): null

2018-06-05 12:15:22 - [TEST_STEP][PASSED] - Statement - Email = com.kms.katalon.core.webui.keyword.WebUiBuiltInKeywords.concatenate(["salesman", rnd, "@mailinator.com"]): Concatenated string array: '['salesman','20180605121522401','@mailinator.com']' into 'salesman20180605121522401@mailinator.com'

2018-06-05 12:15:22 - [MESSAGE][PASSED] - Concatenated string array: '['salesman','20180605121522401','@mailinator.com']' into 'salesman20180605121522401@mailinator.com'

2018-06-05 12:15:22 - [TEST_STEP][PASSED] - callTestCase: Call Test Case 'Test Cases/Base Tests/OrderSignUpBase' successfully

2018-06-05 12:15:22 - [TEST_CASE][PASSED] - Test Cases/Base Tests/OrderSignUpBase: Test Cases/Base Tests/OrderSignUpBase

2018-06-05 12:15:22 - [TEST_STEP][PASSED] - setText: Text 'Salesman' is set on object 'Object Repository/LoggedOutPages/OrderLoggedOut/FirstName_Input'

2018-06-05 12:15:23 - [MESSAGE][PASSED] - Text 'Salesman' is set on object 'Object Repository/LoggedOutPages/OrderLoggedOut/FirstName_Input'

2018-06-05 12:15:23 - [TEST_STEP][PASSED] - setText: Text 'Test' is set on object 'Object Repository/LoggedOutPages/OrderLoggedOut/LastName_Input'

2018-06-05 12:15:23 - [MESSAGE][PASSED] - Text 'Test' is set on object 'Object Repository/LoggedOutPages/OrderLoggedOut/LastName_Input'

2018-06-05 12:15:23 - [TEST_STEP][PASSED] - setText: Text 'test' is set on object 'Object Repository/LoggedOutPages/OrderLoggedOut/Address_Input'

2018-06-05 12:15:23 - [MESSAGE][PASSED] - Text 'test' is set on object 'Object Repository/LoggedOutPages/OrderLoggedOut/Address_Input'

2018-06-05 12:15:23 - [TEST_STEP][PASSED] - setText: Text 'test' is set on object 'Object Repository/LoggedOutPages/OrderLoggedOut/City_Input'

2018-06-05 12:15:24 - [MESSAGE][PASSED] - Text 'test' is set on object 'Object Repository/LoggedOutPages/OrderLoggedOut/City_Input'

2018-06-05 12:15:24 - [TEST_STEP][PASSED] - selectOptionByValue: All options with value 'TX' are selected in object 'Object Repository/LoggedOutPages/OrderLoggedOut/State_Dropdown' 

2018-06-05 12:15:24 - [MESSAGE][PASSED] - All options with value 'TX' are selected in object 'Object Repository/LoggedOutPages/OrderLoggedOut/State_Dropdown' 

2018-06-05 12:15:24 - [TEST_STEP][PASSED] - setText: Text '11111' is set on object 'Object Repository/LoggedOutPages/OrderLoggedOut/Zip_Input'

2018-06-05 12:15:24 - [MESSAGE][PASSED] - Text '11111' is set on object 'Object Repository/LoggedOutPages/OrderLoggedOut/Zip_Input'

2018-06-05 12:15:24 - [TEST_STEP][PASSED] - setText: Text '8001112233' is set on object 'Object Repository/LoggedOutPages/OrderLoggedOut/Phone_Input'

2018-06-05 12:15:25 - [MESSAGE][PASSED] - Text '8001112233' is set on object 'Object Repository/LoggedOutPages/OrderLoggedOut/Phone_Input'

2018-06-05 12:15:25 - [TEST_STEP][PASSED] - setText: Text 'salesman20180605121522401@mailinator.com' is set on object 'Object Repository/LoggedOutPages/OrderLoggedOut/Email_Input'

2018-06-05 12:15:25 - [MESSAGE][PASSED] - Text 'salesman20180605121522401@mailinator.com' is set on object 'Object Repository/LoggedOutPages/OrderLoggedOut/Email_Input'

2018-06-05 12:15:25 - [TEST_STEP][PASSED] - setText: Text '4000100011112224' is set on object 'Object Repository/LoggedOutPages/OrderLoggedOut/CcNumber_Input'

2018-06-05 12:15:26 - [MESSAGE][PASSED] - Text '4000100011112224' is set on object 'Object Repository/LoggedOutPages/OrderLoggedOut/CcNumber_Input'

2018-06-05 12:15:26 - [TEST_STEP][PASSED] - setText: Text '111' is set on object 'Object Repository/LoggedOutPages/OrderLoggedOut/CVV_Input'

2018-06-05 12:15:26 - [MESSAGE][PASSED] - Text '111' is set on object 'Object Repository/LoggedOutPages/OrderLoggedOut/CVV_Input'

2018-06-05 12:15:26 - [TEST_STEP][PASSED] - selectOptionByValue: All options with value '11' are selected in object 'Object Repository/LoggedOutPages/OrderLoggedOut/ExpirationMonth_Dropdown' 

2018-06-05 12:15:26 - [MESSAGE][PASSED] - All options with value '11' are selected in object 'Object Repository/LoggedOutPages/OrderLoggedOut/ExpirationMonth_Dropdown' 

2018-06-05 12:15:26 - [TEST_STEP][PASSED] - selectOptionByValue: All options with value '2020' are selected in object 'Object Repository/LoggedOutPages/OrderLoggedOut/ExpirationYear_Dropdown' 

2018-06-05 12:15:26 - [MESSAGE][PASSED] - All options with value '2020' are selected in object 'Object Repository/LoggedOutPages/OrderLoggedOut/ExpirationYear_Dropdown' 

2018-06-05 12:15:26 - [TEST_STEP][PASSED] - selectOptionByValue: All options with value '0' are selected in object 'Object Repository/LoggedOutPages/OrderLoggedOut/UserType_Dropdown' 

2018-06-05 12:15:27 - [MESSAGE][PASSED] - All options with value '0' are selected in object 'Object Repository/LoggedOutPages/OrderLoggedOut/UserType_Dropdown' 

2018-06-05 12:15:27 - [TEST_STEP][PASSED] - check: Object 'Object Repository/LoggedOutPages/OrderLoggedOut/Terms_Checkbox' is checked

2018-06-05 12:15:27 - [MESSAGE][PASSED] - Object 'Object Repository/LoggedOutPages/OrderLoggedOut/Terms_Checkbox' is checked

2018-06-05 12:15:27 - [TEST_STEP][PASSED] - click: Object: 'Object Repository/LoggedInPages/Order (react)/Purchase_Button' is clicked on

2018-06-05 12:15:27 - [MESSAGE][PASSED] - Object: 'Object Repository/LoggedInPages/Order (react)/Purchase_Button' is clicked on

2018-06-05 12:15:27 - [MESSAGE][PASSED] - Call Test Case 'Test Cases/Base Tests/OrderSignUpBase' successfully

2018-06-05 12:15:27 - [TEST_STEP][PASSED] - waitForElementClickable: Object 'Object Repository/LoggedInPages/Order (react)/CompletePurchase_Button' is clickable

2018-06-05 12:15:27 - [MESSAGE][WARNING] - Timeout '0' is invalid. Using default page load timeout: '30'

2018-06-05 12:15:27 - [MESSAGE][PASSED] - Object 'Object Repository/LoggedInPages/Order (react)/CompletePurchase_Button' is clickable

2018-06-05 12:15:27 - [TEST_STEP][PASSED] - Statement - Price = com.kms.katalon.core.webui.keyword.WebUiBuiltInKeywords.concatenate(["Only ", Vtr1]): Concatenated string array: '['Only ','$1,551.00']' into 'Only $1,551.00'

2018-06-05 12:15:27 - [MESSAGE][PASSED] - Concatenated string array: '['Only ','$1,551.00']' into 'Only $1,551.00'

2018-06-05 12:15:28 - [TEST_STEP][PASSED] - verifyElementText: Actual text and expected text of test object 'Object Repository/LoggedInPages/Order (react)/Confirm_Price' are matched.

2018-06-05 12:15:28 - [MESSAGE][PASSED] - Actual text and expected text of test object 'Object Repository/LoggedInPages/Order (react)/Confirm_Price' are matched.

2018-06-05 12:15:28 - [TEST_STEP][PASSED] - click: Object: 'Object Repository/LoggedInPages/Order (react)/CompletePurchase_Button' is clicked on

2018-06-05 12:15:28 - [MESSAGE][PASSED] - Object: 'Object Repository/LoggedInPages/Order (react)/CompletePurchase_Button' is clicked on

2018-06-05 12:15:28 - [TEST_STEP][PASSED] - waitForElementPresent: Object 'Object Repository/LoggedInPages/Order (react)/VINCheckForm_EnterVINInput' is present

2018-06-05 12:15:28 - [MESSAGE][WARNING] - Timeout '0' is invalid. Using default page load timeout: '30'

2018-06-05 12:15:32 - [MESSAGE][PASSED] - Object 'Object Repository/LoggedInPages/Order (react)/VINCheckForm_EnterVINInput' is present

2018-06-05 12:15:32 - [TEST_STEP][PASSED] - waitForElementClickable: Object 'Object Repository/LoggedInPages/Order (react)/ViewReport_Button' is clickable

2018-06-05 12:15:32 - [MESSAGE][WARNING] - Timeout '0' is invalid. Using default page load timeout: '30'

2018-06-05 12:15:32 - [MESSAGE][PASSED] - Object 'Object Repository/LoggedInPages/Order (react)/ViewReport_Button' is clickable

2018-06-05 12:15:32 - [TEST_STEP][PASSED] - verifyTextPresent: Text 'Thank you for using instaVIN!' is present on page 

2018-06-05 12:15:33 - [MESSAGE][PASSED] - Text 'Thank you for using instaVIN!' is present on page 

2018-06-05 12:15:33 - [TEST_STEP][PASSED] - verifyElementText: Actual text and expected text of test object 'Object Repository/LoggedInPages/Order (react)/ViewReport - Vin' are matched.

2018-06-05 12:15:33 - [MESSAGE][PASSED] - Actual text and expected text of test object 'Object Repository/LoggedInPages/Order (react)/ViewReport - Vin' are matched.

2018-06-05 12:15:33 - [TEST_STEP][PASSED] - verifyElementText: Actual text and expected text of test object 'Object Repository/LoggedInPages/Order (react)/ViewReport - ReportType' are matched.

2018-06-05 12:15:33 - [MESSAGE][PASSED] - Actual text and expected text of test object 'Object Repository/LoggedInPages/Order (react)/ViewReport - ReportType' are matched.

2018-06-05 12:15:33 - [TEST_STEP][PASSED] - click: Object: 'Object Repository/LoggedInPages/Order (react)/ViewReport_Button' is clicked on

2018-06-05 12:15:34 - [MESSAGE][PASSED] - Object: 'Object Repository/LoggedInPages/Order (react)/ViewReport_Button' is clicked on

2018-06-05 12:15:34 - [TEST_STEP][PASSED] - waitForElementVisible: Object 'Object Repository/LoggedInPages/ReportSummary/ReportHeader' is visible

2018-06-05 12:15:34 - [MESSAGE][WARNING] - Timeout '0' is invalid. Using default page load timeout: '30'

2018-06-05 12:15:34 - [MESSAGE][PASSED] - Object 'Object Repository/LoggedInPages/ReportSummary/ReportHeader' is visible

2018-06-05 12:15:34 - [TEST_STEP][PASSED] - verifyElementText: Actual text and expected text of test object 'Object Repository/LoggedInPages/ReportSummary/VehicleTitle' are matched.

2018-06-05 12:15:34 - [MESSAGE][PASSED] - Actual text and expected text of test object 'Object Repository/LoggedInPages/ReportSummary/VehicleTitle' are matched.

2018-06-05 12:15:34 - [TEST_STEP][PASSED] - verifyElementAttributeValue: Object 'Object Repository/LoggedInPages/ReportSummary/ReportType' has attribute 'class' with value 'ReportGrade AlertSuccess'

2018-06-05 12:15:34 - [MESSAGE][WARNING] - Timeout '0' is invalid. Using default page load timeout: '30'

2018-06-05 12:15:34 - [MESSAGE][PASSED] - Object 'Object Repository/LoggedInPages/ReportSummary/ReportType' has attribute 'class' with value 'ReportGrade AlertSuccess'

2018-06-05 12:15:34 - [TEST_STEP][PASSED] - verifyElementText: Actual text and expected text of test object 'Object Repository/LoggedInPages/ReportSummary/ReportType' are matched.

2018-06-05 12:15:34 - [MESSAGE][PASSED] - Actual text and expected text of test object 'Object Repository/LoggedInPages/ReportSummary/ReportType' are matched.

2018-06-05 12:15:34 - [TEST_STEP][PASSED] - verifyElementAttributeValue: Object 'Object Repository/LoggedInPages/ReportSummary/VehicleSpecsStatus' has attribute 'class' with value 'SummaryAlertContainer AlertSuccess'

2018-06-05 12:15:34 - [MESSAGE][WARNING] - Timeout '0' is invalid. Using default page load timeout: '30'

2018-06-05 12:15:34 - [MESSAGE][PASSED] - Object 'Object Repository/LoggedInPages/ReportSummary/VehicleSpecsStatus' has attribute 'class' with value 'SummaryAlertContainer AlertSuccess'

2018-06-05 12:15:34 - [TEST_STEP][PASSED] - verifyElementAttributeValue: Object 'Object Repository/LoggedInPages/ReportSummary/JunkSalvageStatus' has attribute 'class' with value 'SummaryAlertContainer AlertSuccess'

2018-06-05 12:15:34 - [MESSAGE][WARNING] - Timeout '0' is invalid. Using default page load timeout: '30'

2018-06-05 12:15:34 - [MESSAGE][PASSED] - Object 'Object Repository/LoggedInPages/ReportSummary/JunkSalvageStatus' has attribute 'class' with value 'SummaryAlertContainer AlertSuccess'

2018-06-05 12:15:34 - [TEST_STEP][PASSED] - verifyElementAttributeValue: Object 'Object Repository/LoggedInPages/ReportSummary/TitleStatus' has attribute 'class' with value 'SummaryAlertContainer AlertSuccess'

2018-06-05 12:15:34 - [MESSAGE][WARNING] - Timeout '0' is invalid. Using default page load timeout: '30'

2018-06-05 12:15:34 - [MESSAGE][PASSED] - Object 'Object Repository/LoggedInPages/ReportSummary/TitleStatus' has attribute 'class' with value 'SummaryAlertContainer AlertSuccess'

2018-06-05 12:15:34 - [TEST_STEP][PASSED] - verifyElementAttributeValue: Object 'Object Repository/LoggedInPages/ReportSummary/OtherStatus' has attribute 'class' with value 'SummaryAlertContainer AlertSuccess'

2018-06-05 12:15:35 - [MESSAGE][WARNING] - Timeout '0' is invalid. Using default page load timeout: '30'

2018-06-05 12:15:35 - [MESSAGE][PASSED] - Object 'Object Repository/LoggedInPages/ReportSummary/OtherStatus' has attribute 'class' with value 'SummaryAlertContainer AlertSuccess'

2018-06-05 12:15:35 - [TEST_STEP][PASSED] - verifyElementAttributeValue: Object 'Object Repository/LoggedInPages/ReportSummary/VehicleRecallStatus' has attribute 'class' with value 'SummaryAlertContainer AlertSuccess'

2018-06-05 12:15:35 - [MESSAGE][WARNING] - Timeout '0' is invalid. Using default page load timeout: '30'

2018-06-05 12:15:35 - [MESSAGE][PASSED] - Object 'Object Repository/LoggedInPages/ReportSummary/VehicleRecallStatus' has attribute 'class' with value 'SummaryAlertContainer AlertSuccess'

2018-06-05 12:15:35 - [TEST_STEP][PASSED] - verifyElementText: Actual text and expected text of test object 'Object Repository/LoggedInPages/ReportSummary/OdometerStatus' are matched.

2018-06-05 12:15:35 - [MESSAGE][PASSED] - Actual text and expected text of test object 'Object Repository/LoggedInPages/ReportSummary/OdometerStatus' are matched.

2018-06-05 12:15:35 - [TEST_STEP][PASSED] - navigateToUrl: Navigate to 'https://dev-front.instavin.com/_O/Autotest(salesman)/order/' successfully

2018-06-05 12:15:36 - [MESSAGE][PASSED] - Navigate to 'https://dev-front.instavin.com/_O/Autotest(salesman)/order/' successfully

2018-06-05 12:15:36 - [TEST_STEP][PASSED] - verifyElementText: Actual text and expected text of test object 'Object Repository/LoggedInPages/Order (react)/VtrPrice1' are matched.

2018-06-05 12:15:36 - [MESSAGE][PASSED] - Actual text and expected text of test object 'Object Repository/LoggedInPages/Order (react)/VtrPrice1' are matched.

2018-06-05 12:15:36 - [TEST_STEP][PASSED] - verifyElementText: Actual text and expected text of test object 'Object Repository/LoggedInPages/Order (react)/VtrPrice10' are matched.

2018-06-05 12:15:36 - [MESSAGE][PASSED] - Actual text and expected text of test object 'Object Repository/LoggedInPages/Order (react)/VtrPrice10' are matched.

2018-06-05 12:15:36 - [TEST_STEP][PASSED] - closeBrowser: Browser is closed

2018-06-05 12:15:37 - [MESSAGE][PASSED] - Browser is closed]]></system-out>
         <system-err><![CDATA[]]></system-err>
      </testcase>
      <testcase name="Test Cases/Salesman - BuyVTRDealer" classname="Test Cases/Salesman - BuyVTRDealer" status="PASSED">
         <system-out><![CDATA[2018-06-05 12:15:37 - [TEST_CASE][PASSED] - Test Cases/Salesman - BuyVTRDealer: Test Cases/Salesman - BuyVTRDealer

2018-06-05 12:15:37 - [TEST_STEP][PASSED] - openBrowser: Browser is opened with url: ''

2018-06-05 12:15:39 - [MESSAGE][PASSED] - Browser is opened with url: ''

2018-06-05 12:15:39 - [TEST_STEP][PASSED] - maximizeWindow: Current window maximized

2018-06-05 12:15:41 - [MESSAGE][PASSED] - Current window maximized

2018-06-05 12:15:41 - [TEST_STEP][PASSED] - Statement - OrderURL = com.kms.katalon.core.webui.keyword.WebUiBuiltInKeywords.concatenate([StagingReact, SalesmanURL, "order/"]): Concatenated string array: '['https://dev-front.instavin.com/','_O/Autotest(salesman)/','order/']' into 'https://dev-front.instavin.com/_O/Autotest(salesman)/order/'

2018-06-05 12:15:41 - [MESSAGE][PASSED] - Concatenated string array: '['https://dev-front.instavin.com/','_O/Autotest(salesman)/','order/']' into 'https://dev-front.instavin.com/_O/Autotest(salesman)/order/'

2018-06-05 12:15:41 - [TEST_STEP][PASSED] - navigateToUrl: Navigate to 'https://dev-front.instavin.com/_O/Autotest(salesman)/order/' successfully

2018-06-05 12:15:43 - [MESSAGE][PASSED] - Navigate to 'https://dev-front.instavin.com/_O/Autotest(salesman)/order/' successfully

2018-06-05 12:15:43 - [TEST_STEP][PASSED] - waitForElementVisible: Object 'Object Repository/LoggedInPages/Order (react)/instaVINProducts_Label' is visible

2018-06-05 12:15:43 - [MESSAGE][WARNING] - Timeout '0' is invalid. Using default page load timeout: '30'

2018-06-05 12:15:43 - [MESSAGE][PASSED] - Object 'Object Repository/LoggedInPages/Order (react)/instaVINProducts_Label' is visible

2018-06-05 12:15:43 - [TEST_STEP][PASSED] - verifyElementText: Actual text and expected text of test object 'Object Repository/LoggedInPages/Order (react)/VtrPrice1' are matched.

2018-06-05 12:15:43 - [MESSAGE][PASSED] - Actual text and expected text of test object 'Object Repository/LoggedInPages/Order (react)/VtrPrice1' are matched.

2018-06-05 12:15:43 - [TEST_STEP][PASSED] - verifyElementText: Actual text and expected text of test object 'Object Repository/LoggedInPages/Order (react)/VtrPrice10' are matched.

2018-06-05 12:15:43 - [MESSAGE][PASSED] - Actual text and expected text of test object 'Object Repository/LoggedInPages/Order (react)/VtrPrice10' are matched.

2018-06-05 12:15:43 - [TEST_STEP][PASSED] - verifyElementText: Actual text and expected text of test object 'Object Repository/LoggedInPages/Order (react)/VtrPrice50' are matched.

2018-06-05 12:15:43 - [MESSAGE][PASSED] - Actual text and expected text of test object 'Object Repository/LoggedInPages/Order (react)/VtrPrice50' are matched.

2018-06-05 12:15:43 - [TEST_STEP][PASSED] - setText: Text 'SAJWA43C199B29849' is set on object 'Object Repository/LoggedInPages/Order (react)/VINCheckForm_EnterVINInput'

2018-06-05 12:15:44 - [MESSAGE][PASSED] - Text 'SAJWA43C199B29849' is set on object 'Object Repository/LoggedInPages/Order (react)/VINCheckForm_EnterVINInput'

2018-06-05 12:15:44 - [TEST_STEP][PASSED] - click: Object: 'Object Repository/LoggedInPages/Order (react)/CheckVin_ArrowButton' is clicked on

2018-06-05 12:15:44 - [MESSAGE][PASSED] - Object: 'Object Repository/LoggedInPages/Order (react)/CheckVin_ArrowButton' is clicked on

2018-06-05 12:15:44 - [TEST_STEP][PASSED] - waitForElementVisible: Object 'Object Repository/LoggedInPages/Order (react)/ChangeVIN_Cross' is visible

2018-06-05 12:15:44 - [MESSAGE][WARNING] - Timeout '0' is invalid. Using default page load timeout: '30'

2018-06-05 12:15:44 - [MESSAGE][PASSED] - Object 'Object Repository/LoggedInPages/Order (react)/ChangeVIN_Cross' is visible

2018-06-05 12:15:44 - [TEST_STEP][PASSED] - verifyElementVisible: Object 'Object Repository/LoggedInPages/Order (react)/OrderNow_OrangeButton' is visible

2018-06-05 12:15:44 - [MESSAGE][PASSED] - Object 'Object Repository/LoggedInPages/Order (react)/OrderNow_OrangeButton' is visible

2018-06-05 12:15:44 - [TEST_STEP][PASSED] - click: Object: 'Object Repository/LoggedInPages/Order (react)/OrderNow_OrangeButton' is clicked on

2018-06-05 12:15:44 - [MESSAGE][PASSED] - Object: 'Object Repository/LoggedInPages/Order (react)/OrderNow_OrangeButton' is clicked on

2018-06-05 12:15:44 - [TEST_STEP][PASSED] - waitForElementVisible: Object 'Object Repository/LoggedInPages/Order (react)/Purchase_Button' is visible

2018-06-05 12:15:44 - [MESSAGE][WARNING] - Timeout '0' is invalid. Using default page load timeout: '30'

2018-06-05 12:15:45 - [MESSAGE][PASSED] - Object 'Object Repository/LoggedInPages/Order (react)/Purchase_Button' is visible

2018-06-05 12:15:45 - [TEST_STEP][PASSED] - Statement - now = new java.util.Date(): null

2018-06-05 12:15:45 - [TEST_STEP][PASSED] - Statement - rnd = now.format("yyyyMMddHHmmssSSS").toString(): null

2018-06-05 12:15:45 - [TEST_STEP][PASSED] - Statement - Email = com.kms.katalon.core.webui.keyword.WebUiBuiltInKeywords.concatenate(["salesman", rnd, "@mailinator.com"]): Concatenated string array: '['salesman','20180605121545010','@mailinator.com']' into 'salesman20180605121545010@mailinator.com'

2018-06-05 12:15:45 - [MESSAGE][PASSED] - Concatenated string array: '['salesman','20180605121545010','@mailinator.com']' into 'salesman20180605121545010@mailinator.com'

2018-06-05 12:15:45 - [TEST_STEP][PASSED] - callTestCase: Call Test Case 'Test Cases/Base Tests/OrderSignUpBase' successfully

2018-06-05 12:15:45 - [TEST_CASE][PASSED] - Test Cases/Base Tests/OrderSignUpBase: Test Cases/Base Tests/OrderSignUpBase

2018-06-05 12:15:45 - [TEST_STEP][PASSED] - setText: Text 'Salesman' is set on object 'Object Repository/LoggedOutPages/OrderLoggedOut/FirstName_Input'

2018-06-05 12:15:45 - [MESSAGE][PASSED] - Text 'Salesman' is set on object 'Object Repository/LoggedOutPages/OrderLoggedOut/FirstName_Input'

2018-06-05 12:15:45 - [TEST_STEP][PASSED] - setText: Text 'Dealer' is set on object 'Object Repository/LoggedOutPages/OrderLoggedOut/LastName_Input'

2018-06-05 12:15:45 - [MESSAGE][PASSED] - Text 'Dealer' is set on object 'Object Repository/LoggedOutPages/OrderLoggedOut/LastName_Input'

2018-06-05 12:15:45 - [TEST_STEP][PASSED] - setText: Text 'test' is set on object 'Object Repository/LoggedOutPages/OrderLoggedOut/Address_Input'

2018-06-05 12:15:46 - [MESSAGE][PASSED] - Text 'test' is set on object 'Object Repository/LoggedOutPages/OrderLoggedOut/Address_Input'

2018-06-05 12:15:46 - [TEST_STEP][PASSED] - setText: Text 'test' is set on object 'Object Repository/LoggedOutPages/OrderLoggedOut/City_Input'

2018-06-05 12:15:46 - [MESSAGE][PASSED] - Text 'test' is set on object 'Object Repository/LoggedOutPages/OrderLoggedOut/City_Input'

2018-06-05 12:15:46 - [TEST_STEP][PASSED] - selectOptionByValue: All options with value 'TX' are selected in object 'Object Repository/LoggedOutPages/OrderLoggedOut/State_Dropdown' 

2018-06-05 12:15:46 - [MESSAGE][PASSED] - All options with value 'TX' are selected in object 'Object Repository/LoggedOutPages/OrderLoggedOut/State_Dropdown' 

2018-06-05 12:15:46 - [TEST_STEP][PASSED] - setText: Text '11111' is set on object 'Object Repository/LoggedOutPages/OrderLoggedOut/Zip_Input'

2018-06-05 12:15:47 - [MESSAGE][PASSED] - Text '11111' is set on object 'Object Repository/LoggedOutPages/OrderLoggedOut/Zip_Input'

2018-06-05 12:15:47 - [TEST_STEP][PASSED] - setText: Text '8001112233' is set on object 'Object Repository/LoggedOutPages/OrderLoggedOut/Phone_Input'

2018-06-05 12:15:47 - [MESSAGE][PASSED] - Text '8001112233' is set on object 'Object Repository/LoggedOutPages/OrderLoggedOut/Phone_Input'

2018-06-05 12:15:47 - [TEST_STEP][PASSED] - setText: Text 'salesman20180605121545010@mailinator.com' is set on object 'Object Repository/LoggedOutPages/OrderLoggedOut/Email_Input'

2018-06-05 12:15:48 - [MESSAGE][PASSED] - Text 'salesman20180605121545010@mailinator.com' is set on object 'Object Repository/LoggedOutPages/OrderLoggedOut/Email_Input'

2018-06-05 12:15:48 - [TEST_STEP][PASSED] - setText: Text '4000100011112224' is set on object 'Object Repository/LoggedOutPages/OrderLoggedOut/CcNumber_Input'

2018-06-05 12:15:48 - [MESSAGE][PASSED] - Text '4000100011112224' is set on object 'Object Repository/LoggedOutPages/OrderLoggedOut/CcNumber_Input'

2018-06-05 12:15:48 - [TEST_STEP][PASSED] - setText: Text '111' is set on object 'Object Repository/LoggedOutPages/OrderLoggedOut/CVV_Input'

2018-06-05 12:15:48 - [MESSAGE][PASSED] - Text '111' is set on object 'Object Repository/LoggedOutPages/OrderLoggedOut/CVV_Input'

2018-06-05 12:15:48 - [TEST_STEP][PASSED] - selectOptionByValue: All options with value '11' are selected in object 'Object Repository/LoggedOutPages/OrderLoggedOut/ExpirationMonth_Dropdown' 

2018-06-05 12:15:48 - [MESSAGE][PASSED] - All options with value '11' are selected in object 'Object Repository/LoggedOutPages/OrderLoggedOut/ExpirationMonth_Dropdown' 

2018-06-05 12:15:48 - [TEST_STEP][PASSED] - selectOptionByValue: All options with value '2020' are selected in object 'Object Repository/LoggedOutPages/OrderLoggedOut/ExpirationYear_Dropdown' 

2018-06-05 12:15:48 - [MESSAGE][PASSED] - All options with value '2020' are selected in object 'Object Repository/LoggedOutPages/OrderLoggedOut/ExpirationYear_Dropdown' 

2018-06-05 12:15:48 - [TEST_STEP][PASSED] - selectOptionByValue: All options with value '1' are selected in object 'Object Repository/LoggedOutPages/OrderLoggedOut/UserType_Dropdown' 

2018-06-05 12:15:49 - [MESSAGE][PASSED] - All options with value '1' are selected in object 'Object Repository/LoggedOutPages/OrderLoggedOut/UserType_Dropdown' 

2018-06-05 12:15:49 - [TEST_STEP][PASSED] - check: Object 'Object Repository/LoggedOutPages/OrderLoggedOut/Terms_Checkbox' is checked

2018-06-05 12:15:49 - [MESSAGE][PASSED] - Object 'Object Repository/LoggedOutPages/OrderLoggedOut/Terms_Checkbox' is checked

2018-06-05 12:15:49 - [TEST_STEP][PASSED] - click: Object: 'Object Repository/LoggedInPages/Order (react)/Purchase_Button' is clicked on

2018-06-05 12:15:49 - [MESSAGE][PASSED] - Object: 'Object Repository/LoggedInPages/Order (react)/Purchase_Button' is clicked on

2018-06-05 12:15:49 - [MESSAGE][PASSED] - Call Test Case 'Test Cases/Base Tests/OrderSignUpBase' successfully

2018-06-05 12:15:49 - [TEST_STEP][PASSED] - waitForElementVisible: Object 'Object Repository/LoggedInPages/Order (react)/CompletePurchase_Button' is visible

2018-06-05 12:15:49 - [MESSAGE][WARNING] - Timeout '0' is invalid. Using default page load timeout: '30'

2018-06-05 12:15:49 - [MESSAGE][PASSED] - Object 'Object Repository/LoggedInPages/Order (react)/CompletePurchase_Button' is visible

2018-06-05 12:15:49 - [TEST_STEP][PASSED] - Statement - Price = com.kms.katalon.core.webui.keyword.WebUiBuiltInKeywords.concatenate(["Only ", Vtr1]): Concatenated string array: '['Only ','$1,551.00']' into 'Only $1,551.00'

2018-06-05 12:15:49 - [MESSAGE][PASSED] - Concatenated string array: '['Only ','$1,551.00']' into 'Only $1,551.00'

2018-06-05 12:15:49 - [TEST_STEP][PASSED] - verifyElementText: Actual text and expected text of test object 'Object Repository/LoggedInPages/Order (react)/Confirm_Price' are matched.

2018-06-05 12:15:49 - [MESSAGE][PASSED] - Actual text and expected text of test object 'Object Repository/LoggedInPages/Order (react)/Confirm_Price' are matched.

2018-06-05 12:15:49 - [TEST_STEP][PASSED] - click: Object: 'Object Repository/LoggedInPages/Order (react)/CompletePurchase_Button' is clicked on

2018-06-05 12:15:50 - [MESSAGE][PASSED] - Object: 'Object Repository/LoggedInPages/Order (react)/CompletePurchase_Button' is clicked on

2018-06-05 12:15:50 - [TEST_STEP][PASSED] - waitForElementPresent: Object 'Object Repository/LoggedInPages/Order (react)/VINCheckForm_EnterVINInput' is present

2018-06-05 12:15:50 - [MESSAGE][WARNING] - Timeout '0' is invalid. Using default page load timeout: '30'

2018-06-05 12:15:54 - [MESSAGE][PASSED] - Object 'Object Repository/LoggedInPages/Order (react)/VINCheckForm_EnterVINInput' is present

2018-06-05 12:15:54 - [TEST_STEP][PASSED] - waitForElementClickable: Object 'Object Repository/LoggedInPages/Order (react)/ViewReport_Button' is clickable

2018-06-05 12:15:54 - [MESSAGE][WARNING] - Timeout '0' is invalid. Using default page load timeout: '30'

2018-06-05 12:15:54 - [MESSAGE][PASSED] - Object 'Object Repository/LoggedInPages/Order (react)/ViewReport_Button' is clickable

2018-06-05 12:15:54 - [TEST_STEP][PASSED] - verifyTextPresent: Text 'Thank you for using instaVIN!' is present on page 

2018-06-05 12:15:54 - [MESSAGE][PASSED] - Text 'Thank you for using instaVIN!' is present on page 

2018-06-05 12:15:54 - [TEST_STEP][PASSED] - verifyElementText: Actual text and expected text of test object 'Object Repository/LoggedInPages/Order (react)/ViewReport - Vin' are matched.

2018-06-05 12:15:54 - [MESSAGE][PASSED] - Actual text and expected text of test object 'Object Repository/LoggedInPages/Order (react)/ViewReport - Vin' are matched.

2018-06-05 12:15:54 - [TEST_STEP][PASSED] - verifyElementText: Actual text and expected text of test object 'Object Repository/LoggedInPages/Order (react)/ViewReport - ReportType' are matched.

2018-06-05 12:15:54 - [MESSAGE][PASSED] - Actual text and expected text of test object 'Object Repository/LoggedInPages/Order (react)/ViewReport - ReportType' are matched.

2018-06-05 12:15:54 - [TEST_STEP][PASSED] - click: Object: 'Object Repository/LoggedInPages/Order (react)/ViewReport_Button' is clicked on

2018-06-05 12:15:56 - [MESSAGE][PASSED] - Object: 'Object Repository/LoggedInPages/Order (react)/ViewReport_Button' is clicked on

2018-06-05 12:15:56 - [TEST_STEP][PASSED] - waitForElementVisible: Object 'Object Repository/LoggedInPages/ReportSummary/ReportHeader' is visible

2018-06-05 12:15:56 - [MESSAGE][WARNING] - Timeout '0' is invalid. Using default page load timeout: '30'

2018-06-05 12:15:56 - [MESSAGE][PASSED] - Object 'Object Repository/LoggedInPages/ReportSummary/ReportHeader' is visible

2018-06-05 12:15:56 - [TEST_STEP][PASSED] - verifyElementText: Actual text and expected text of test object 'Object Repository/LoggedInPages/ReportSummary/VehicleTitle' are matched.

2018-06-05 12:15:56 - [MESSAGE][PASSED] - Actual text and expected text of test object 'Object Repository/LoggedInPages/ReportSummary/VehicleTitle' are matched.

2018-06-05 12:15:56 - [TEST_STEP][PASSED] - verifyElementAttributeValue: Object 'Object Repository/LoggedInPages/ReportSummary/ReportType' has attribute 'class' with value 'ReportGrade AlertSuccess'

2018-06-05 12:15:56 - [MESSAGE][WARNING] - Timeout '0' is invalid. Using default page load timeout: '30'

2018-06-05 12:15:56 - [MESSAGE][PASSED] - Object 'Object Repository/LoggedInPages/ReportSummary/ReportType' has attribute 'class' with value 'ReportGrade AlertSuccess'

2018-06-05 12:15:56 - [TEST_STEP][PASSED] - verifyElementText: Actual text and expected text of test object 'Object Repository/LoggedInPages/ReportSummary/ReportType' are matched.

2018-06-05 12:15:56 - [MESSAGE][PASSED] - Actual text and expected text of test object 'Object Repository/LoggedInPages/ReportSummary/ReportType' are matched.

2018-06-05 12:15:56 - [TEST_STEP][PASSED] - verifyElementAttributeValue: Object 'Object Repository/LoggedInPages/ReportSummary/VehicleSpecsStatus' has attribute 'class' with value 'SummaryAlertContainer AlertSuccess'

2018-06-05 12:15:56 - [MESSAGE][WARNING] - Timeout '0' is invalid. Using default page load timeout: '30'

2018-06-05 12:15:56 - [MESSAGE][PASSED] - Object 'Object Repository/LoggedInPages/ReportSummary/VehicleSpecsStatus' has attribute 'class' with value 'SummaryAlertContainer AlertSuccess'

2018-06-05 12:15:56 - [TEST_STEP][PASSED] - verifyElementAttributeValue: Object 'Object Repository/LoggedInPages/ReportSummary/JunkSalvageStatus' has attribute 'class' with value 'SummaryAlertContainer AlertSuccess'

2018-06-05 12:15:56 - [MESSAGE][WARNING] - Timeout '0' is invalid. Using default page load timeout: '30'

2018-06-05 12:15:56 - [MESSAGE][PASSED] - Object 'Object Repository/LoggedInPages/ReportSummary/JunkSalvageStatus' has attribute 'class' with value 'SummaryAlertContainer AlertSuccess'

2018-06-05 12:15:56 - [TEST_STEP][PASSED] - verifyElementAttributeValue: Object 'Object Repository/LoggedInPages/ReportSummary/TitleStatus' has attribute 'class' with value 'SummaryAlertContainer AlertSuccess'

2018-06-05 12:15:56 - [MESSAGE][WARNING] - Timeout '0' is invalid. Using default page load timeout: '30'

2018-06-05 12:15:56 - [MESSAGE][PASSED] - Object 'Object Repository/LoggedInPages/ReportSummary/TitleStatus' has attribute 'class' with value 'SummaryAlertContainer AlertSuccess'

2018-06-05 12:15:56 - [TEST_STEP][PASSED] - verifyElementAttributeValue: Object 'Object Repository/LoggedInPages/ReportSummary/OtherStatus' has attribute 'class' with value 'SummaryAlertContainer AlertSuccess'

2018-06-05 12:15:56 - [MESSAGE][WARNING] - Timeout '0' is invalid. Using default page load timeout: '30'

2018-06-05 12:15:56 - [MESSAGE][PASSED] - Object 'Object Repository/LoggedInPages/ReportSummary/OtherStatus' has attribute 'class' with value 'SummaryAlertContainer AlertSuccess'

2018-06-05 12:15:57 - [TEST_STEP][PASSED] - verifyElementAttributeValue: Object 'Object Repository/LoggedInPages/ReportSummary/VehicleRecallStatus' has attribute 'class' with value 'SummaryAlertContainer AlertSuccess'

2018-06-05 12:15:57 - [MESSAGE][WARNING] - Timeout '0' is invalid. Using default page load timeout: '30'

2018-06-05 12:15:57 - [MESSAGE][PASSED] - Object 'Object Repository/LoggedInPages/ReportSummary/VehicleRecallStatus' has attribute 'class' with value 'SummaryAlertContainer AlertSuccess'

2018-06-05 12:15:57 - [TEST_STEP][PASSED] - verifyElementText: Actual text and expected text of test object 'Object Repository/LoggedInPages/ReportSummary/OdometerStatus' are matched.

2018-06-05 12:15:57 - [MESSAGE][PASSED] - Actual text and expected text of test object 'Object Repository/LoggedInPages/ReportSummary/OdometerStatus' are matched.

2018-06-05 12:15:57 - [TEST_STEP][PASSED] - navigateToUrl: Navigate to 'https://dev-front.instavin.com/_O/Autotest(salesman)/order/' successfully

2018-06-05 12:15:58 - [MESSAGE][PASSED] - Navigate to 'https://dev-front.instavin.com/_O/Autotest(salesman)/order/' successfully

2018-06-05 12:15:58 - [TEST_STEP][PASSED] - verifyElementText: Actual text and expected text of test object 'Object Repository/LoggedInPages/Order (react)/VtrPrice1' are matched.

2018-06-05 12:15:58 - [MESSAGE][PASSED] - Actual text and expected text of test object 'Object Repository/LoggedInPages/Order (react)/VtrPrice1' are matched.

2018-06-05 12:15:58 - [TEST_STEP][PASSED] - verifyElementText: Actual text and expected text of test object 'Object Repository/LoggedInPages/Order (react)/VtrPrice10' are matched.

2018-06-05 12:15:58 - [MESSAGE][PASSED] - Actual text and expected text of test object 'Object Repository/LoggedInPages/Order (react)/VtrPrice10' are matched.

2018-06-05 12:15:58 - [TEST_STEP][PASSED] - closeBrowser: Browser is closed

2018-06-05 12:15:59 - [MESSAGE][PASSED] - Browser is closed]]></system-out>
         <system-err><![CDATA[]]></system-err>
      </testcase>
      <testcase name="Test Cases/AffiliateRequest - ValidFields" classname="Test Cases/AffiliateRequest - ValidFields" status="PASSED">
         <system-out><![CDATA[2018-06-05 12:15:59 - [TEST_CASE][PASSED] - Test Cases/AffiliateRequest - ValidFields: Test Cases/AffiliateRequest - ValidFields

2018-06-05 12:15:59 - [TEST_STEP][PASSED] - openBrowser: Browser is opened with url: ''

2018-06-05 12:16:01 - [MESSAGE][PASSED] - Browser is opened with url: ''

2018-06-05 12:16:01 - [TEST_STEP][PASSED] - maximizeWindow: Current window maximized

2018-06-05 12:16:02 - [MESSAGE][PASSED] - Current window maximized

2018-06-05 12:16:02 - [TEST_STEP][PASSED] - navigateToUrl: Navigate to 'https://dev-front.instavin.com/' successfully

2018-06-05 12:16:05 - [MESSAGE][PASSED] - Navigate to 'https://dev-front.instavin.com/' successfully

2018-06-05 12:16:05 - [TEST_STEP][PASSED] - click: Object: 'Object Repository/LoggedOutPages/CommonElements/Affiliate_Link' is clicked on

2018-06-05 12:16:06 - [MESSAGE][PASSED] - Object: 'Object Repository/LoggedOutPages/CommonElements/Affiliate_Link' is clicked on

2018-06-05 12:16:06 - [TEST_STEP][PASSED] - waitForElementClickable: Object 'Object Repository/LoggedOutPages/Affiliate/SignUpTop_Button' is clickable

2018-06-05 12:16:06 - [MESSAGE][WARNING] - Timeout '0' is invalid. Using default page load timeout: '30'

2018-06-05 12:16:06 - [MESSAGE][PASSED] - Object 'Object Repository/LoggedOutPages/Affiliate/SignUpTop_Button' is clickable

2018-06-05 12:16:06 - [TEST_STEP][PASSED] - verifyTextPresent: Text 'Put your website to work for you! Earn extra revenue with instaVIN® vehicle history reports.' is present on page 

2018-06-05 12:16:07 - [MESSAGE][PASSED] - Text 'Put your website to work for you! Earn extra revenue with instaVIN® vehicle history reports.' is present on page 

2018-06-05 12:16:07 - [TEST_STEP][PASSED] - click: Object: 'Object Repository/LoggedOutPages/Affiliate/SignUpTop_Button' is clicked on

2018-06-05 12:16:07 - [MESSAGE][PASSED] - Object: 'Object Repository/LoggedOutPages/Affiliate/SignUpTop_Button' is clicked on

2018-06-05 12:16:07 - [TEST_STEP][PASSED] - waitForElementVisible: Object 'Object Repository/LoggedOutPages/Affiliate/AffiliateSignUp_Header' is visible

2018-06-05 12:16:07 - [MESSAGE][WARNING] - Timeout '0' is invalid. Using default page load timeout: '30'

2018-06-05 12:16:07 - [MESSAGE][PASSED] - Object 'Object Repository/LoggedOutPages/Affiliate/AffiliateSignUp_Header' is visible

2018-06-05 12:16:07 - [TEST_STEP][PASSED] - Statement - now = new java.util.Date(): null

2018-06-05 12:16:07 - [TEST_STEP][PASSED] - Statement - rnd = now.format("yyyyMMddHHmmssSSS").toString(): null

2018-06-05 12:16:07 - [TEST_STEP][PASSED] - Statement - Email = com.kms.katalon.core.webui.keyword.WebUiBuiltInKeywords.concatenate(["affiliate", rnd, "@mailinator.com"]): Concatenated string array: '['affiliate','20180605121607223','@mailinator.com']' into 'affiliate20180605121607223@mailinator.com'

2018-06-05 12:16:07 - [MESSAGE][PASSED] - Concatenated string array: '['affiliate','20180605121607223','@mailinator.com']' into 'affiliate20180605121607223@mailinator.com'

2018-06-05 12:16:07 - [TEST_STEP][PASSED] - setText: Text '111111' is set on object 'Object Repository/LoggedOutPages/Affiliate/CompanyName_Input'

2018-06-05 12:16:07 - [MESSAGE][PASSED] - Text '111111' is set on object 'Object Repository/LoggedOutPages/Affiliate/CompanyName_Input'

2018-06-05 12:16:07 - [TEST_STEP][PASSED] - setText: Text 'www.test.co' is set on object 'Object Repository/LoggedOutPages/Affiliate/CompanyWebsite_Input'

2018-06-05 12:16:07 - [MESSAGE][PASSED] - Text 'www.test.co' is set on object 'Object Repository/LoggedOutPages/Affiliate/CompanyWebsite_Input'

2018-06-05 12:16:07 - [TEST_STEP][PASSED] - setText: Text 'test' is set on object 'Object Repository/LoggedOutPages/Affiliate/Address_Input'

2018-06-05 12:16:07 - [MESSAGE][PASSED] - Text 'test' is set on object 'Object Repository/LoggedOutPages/Affiliate/Address_Input'

2018-06-05 12:16:07 - [TEST_STEP][PASSED] - setText: Text 'test' is set on object 'Object Repository/LoggedOutPages/Affiliate/City_Input'

2018-06-05 12:16:08 - [MESSAGE][PASSED] - Text 'test' is set on object 'Object Repository/LoggedOutPages/Affiliate/City_Input'

2018-06-05 12:16:08 - [TEST_STEP][PASSED] - selectOptionByValue: All options with value 'US' are selected in object 'Object Repository/LoggedOutPages/Affiliate/Country_Dropdown' 

2018-06-05 12:16:08 - [MESSAGE][PASSED] - All options with value 'US' are selected in object 'Object Repository/LoggedOutPages/Affiliate/Country_Dropdown' 

2018-06-05 12:16:08 - [TEST_STEP][PASSED] - selectOptionByValue: All options with value 'TX' are selected in object 'Object Repository/LoggedOutPages/Affiliate/State_Dropdown' 

2018-06-05 12:16:08 - [MESSAGE][PASSED] - All options with value 'TX' are selected in object 'Object Repository/LoggedOutPages/Affiliate/State_Dropdown' 

2018-06-05 12:16:08 - [TEST_STEP][PASSED] - setText: Text '11111' is set on object 'Object Repository/LoggedOutPages/Affiliate/Zip_Input'

2018-06-05 12:16:08 - [MESSAGE][PASSED] - Text '11111' is set on object 'Object Repository/LoggedOutPages/Affiliate/Zip_Input'

2018-06-05 12:16:08 - [TEST_STEP][PASSED] - setText: Text 'Affiliate' is set on object 'Object Repository/LoggedOutPages/Affiliate/FirstName_Input'

2018-06-05 12:16:08 - [MESSAGE][PASSED] - Text 'Affiliate' is set on object 'Object Repository/LoggedOutPages/Affiliate/FirstName_Input'

2018-06-05 12:16:08 - [TEST_STEP][PASSED] - setText: Text 'Autotest' is set on object 'Object Repository/LoggedOutPages/Affiliate/LastName_Input'

2018-06-05 12:16:09 - [MESSAGE][PASSED] - Text 'Autotest' is set on object 'Object Repository/LoggedOutPages/Affiliate/LastName_Input'

2018-06-05 12:16:09 - [TEST_STEP][PASSED] - setText: Text 'affiliate20180605121607223@mailinator.com' is set on object 'Object Repository/LoggedOutPages/Affiliate/Email_Input'

2018-06-05 12:16:09 - [MESSAGE][PASSED] - Text 'affiliate20180605121607223@mailinator.com' is set on object 'Object Repository/LoggedOutPages/Affiliate/Email_Input'

2018-06-05 12:16:09 - [TEST_STEP][PASSED] - setText: Text '8001112233' is set on object 'Object Repository/LoggedOutPages/Affiliate/Phone_Input'

2018-06-05 12:16:10 - [MESSAGE][PASSED] - Text '8001112233' is set on object 'Object Repository/LoggedOutPages/Affiliate/Phone_Input'

2018-06-05 12:16:10 - [TEST_STEP][PASSED] - setText: Text 'Test message text' is set on object 'Object Repository/LoggedOutPages/Affiliate/Message_InputArea'

2018-06-05 12:16:10 - [MESSAGE][PASSED] - Text 'Test message text' is set on object 'Object Repository/LoggedOutPages/Affiliate/Message_InputArea'

2018-06-05 12:16:10 - [TEST_STEP][PASSED] - check: Object 'Object Repository/LoggedOutPages/Affiliate/Tos_Checkbox' is checked

2018-06-05 12:16:10 - [MESSAGE][PASSED] - Object 'Object Repository/LoggedOutPages/Affiliate/Tos_Checkbox' is checked

2018-06-05 12:16:10 - [TEST_STEP][PASSED] - click: Object: 'Object Repository/LoggedOutPages/Affiliate/Submit_Button' is clicked on

2018-06-05 12:16:10 - [MESSAGE][PASSED] - Object: 'Object Repository/LoggedOutPages/Affiliate/Submit_Button' is clicked on

2018-06-05 12:16:10 - [TEST_STEP][PASSED] - waitForElementVisible: Object 'Object Repository/LoggedOutPages/Affiliate/TopNotification' is visible

2018-06-05 12:16:10 - [MESSAGE][WARNING] - Timeout '0' is invalid. Using default page load timeout: '30'

2018-06-05 12:16:11 - [MESSAGE][PASSED] - Object 'Object Repository/LoggedOutPages/Affiliate/TopNotification' is visible

2018-06-05 12:16:11 - [TEST_STEP][PASSED] - verifyElementText: Actual text and expected text of test object 'Object Repository/LoggedOutPages/Affiliate/TopNotification' are matched.

2018-06-05 12:16:11 - [MESSAGE][PASSED] - Actual text and expected text of test object 'Object Repository/LoggedOutPages/Affiliate/TopNotification' are matched.

2018-06-05 12:16:11 - [TEST_STEP][PASSED] - closeBrowser: Browser is closed

2018-06-05 12:16:12 - [MESSAGE][PASSED] - Browser is closed]]></system-out>
         <system-err><![CDATA[]]></system-err>
      </testcase>
      <testcase name="Test Cases/Order - BuyVtr_CautionRecall" classname="Test Cases/Order - BuyVtr_CautionRecall" status="PASSED">
         <system-out><![CDATA[2018-06-05 12:16:12 - [TEST_CASE][PASSED] - Test Cases/Order - BuyVtr_CautionRecall: Test Cases/Order - BuyVtr_CautionRecall

2018-06-05 12:16:12 - [TEST_STEP][PASSED] - openBrowser: Browser is opened with url: ''

2018-06-05 12:16:14 - [MESSAGE][PASSED] - Browser is opened with url: ''

2018-06-05 12:16:14 - [TEST_STEP][PASSED] - maximizeWindow: Current window maximized

2018-06-05 12:16:15 - [MESSAGE][PASSED] - Current window maximized

2018-06-05 12:16:15 - [TEST_STEP][PASSED] - Statement - OrderURL = com.kms.katalon.core.webui.keyword.WebUiBuiltInKeywords.concatenate([StagingReact, "order/"]): Concatenated string array: '['https://dev-front.instavin.com/','order/']' into 'https://dev-front.instavin.com/order/'

2018-06-05 12:16:15 - [MESSAGE][PASSED] - Concatenated string array: '['https://dev-front.instavin.com/','order/']' into 'https://dev-front.instavin.com/order/'

2018-06-05 12:16:15 - [TEST_STEP][PASSED] - navigateToUrl: Navigate to 'https://dev-front.instavin.com/order/' successfully

2018-06-05 12:16:18 - [MESSAGE][PASSED] - Navigate to 'https://dev-front.instavin.com/order/' successfully

2018-06-05 12:16:18 - [TEST_STEP][PASSED] - waitForElementVisible: Object 'Object Repository/LoggedInPages/Order (react)/instaVINProducts_Label' is visible

2018-06-05 12:16:18 - [MESSAGE][WARNING] - Timeout '0' is invalid. Using default page load timeout: '30'

2018-06-05 12:16:18 - [MESSAGE][PASSED] - Object 'Object Repository/LoggedInPages/Order (react)/instaVINProducts_Label' is visible

2018-06-05 12:16:18 - [TEST_STEP][PASSED] - verifyElementText: Actual text and expected text of test object 'Object Repository/LoggedInPages/Order (react)/VtrPrice1' are matched.

2018-06-05 12:16:18 - [MESSAGE][PASSED] - Actual text and expected text of test object 'Object Repository/LoggedInPages/Order (react)/VtrPrice1' are matched.

2018-06-05 12:16:18 - [TEST_STEP][PASSED] - verifyElementText: Actual text and expected text of test object 'Object Repository/LoggedInPages/Order (react)/VtrPrice10' are matched.

2018-06-05 12:16:18 - [MESSAGE][PASSED] - Actual text and expected text of test object 'Object Repository/LoggedInPages/Order (react)/VtrPrice10' are matched.

2018-06-05 12:16:18 - [TEST_STEP][PASSED] - setText: Text 'WAURV78T18A018221' is set on object 'Object Repository/LoggedInPages/Order (react)/VINCheckForm_EnterVINInput'

2018-06-05 12:16:18 - [MESSAGE][PASSED] - Text 'WAURV78T18A018221' is set on object 'Object Repository/LoggedInPages/Order (react)/VINCheckForm_EnterVINInput'

2018-06-05 12:16:18 - [TEST_STEP][PASSED] - click: Object: 'Object Repository/LoggedInPages/Order (react)/CheckVin_ArrowButton' is clicked on

2018-06-05 12:16:18 - [MESSAGE][PASSED] - Object: 'Object Repository/LoggedInPages/Order (react)/CheckVin_ArrowButton' is clicked on

2018-06-05 12:16:18 - [TEST_STEP][PASSED] - waitForElementVisible: Object 'Object Repository/LoggedInPages/Order (react)/ChangeVIN_Cross' is visible

2018-06-05 12:16:18 - [MESSAGE][WARNING] - Timeout '0' is invalid. Using default page load timeout: '30'

2018-06-05 12:16:19 - [MESSAGE][PASSED] - Object 'Object Repository/LoggedInPages/Order (react)/ChangeVIN_Cross' is visible

2018-06-05 12:16:19 - [TEST_STEP][PASSED] - click: Object: 'Object Repository/LoggedInPages/Order (react)/FirstPricePoint' is clicked on

2018-06-05 12:16:19 - [MESSAGE][PASSED] - Object: 'Object Repository/LoggedInPages/Order (react)/FirstPricePoint' is clicked on

2018-06-05 12:16:19 - [TEST_STEP][PASSED] - Statement - Price = com.kms.katalon.core.webui.keyword.WebUiBuiltInKeywords.concatenate(["Only ", Vtr1]): Concatenated string array: '['Only ','$6.99']' into 'Only $6.99'

2018-06-05 12:16:19 - [MESSAGE][PASSED] - Concatenated string array: '['Only ','$6.99']' into 'Only $6.99'

2018-06-05 12:16:19 - [TEST_STEP][PASSED] - verifyElementText: Actual text and expected text of test object 'Object Repository/LoggedInPages/Order (react)/Confirm_Price' are matched.

2018-06-05 12:16:19 - [MESSAGE][PASSED] - Actual text and expected text of test object 'Object Repository/LoggedInPages/Order (react)/Confirm_Price' are matched.

2018-06-05 12:16:19 - [TEST_STEP][PASSED] - delay: Delayed 1 second(s)

2018-06-05 12:16:20 - [MESSAGE][PASSED] - Delayed 1 second(s)

2018-06-05 12:16:20 - [TEST_STEP][PASSED] - verifyElementVisible: Object 'Object Repository/LoggedInPages/Order (react)/OrderNow_OrangeButton' is visible

2018-06-05 12:16:20 - [MESSAGE][PASSED] - Object 'Object Repository/LoggedInPages/Order (react)/OrderNow_OrangeButton' is visible

2018-06-05 12:16:20 - [TEST_STEP][PASSED] - click: Object: 'Object Repository/LoggedInPages/Order (react)/OrderNow_OrangeButton' is clicked on

2018-06-05 12:16:20 - [MESSAGE][PASSED] - Object: 'Object Repository/LoggedInPages/Order (react)/OrderNow_OrangeButton' is clicked on

2018-06-05 12:16:20 - [TEST_STEP][PASSED] - waitForElementVisible: Object 'Object Repository/LoggedInPages/Order (react)/Purchase_Button' is visible

2018-06-05 12:16:20 - [MESSAGE][WARNING] - Timeout '0' is invalid. Using default page load timeout: '30'

2018-06-05 12:16:21 - [MESSAGE][PASSED] - Object 'Object Repository/LoggedInPages/Order (react)/Purchase_Button' is visible

2018-06-05 12:16:21 - [TEST_STEP][PASSED] - Statement - now = new java.util.Date(): null

2018-06-05 12:16:21 - [TEST_STEP][PASSED] - Statement - rnd = now.format("yyyyMMddHHmmssSSS").toString(): null

2018-06-05 12:16:21 - [TEST_STEP][PASSED] - Statement - Email = com.kms.katalon.core.webui.keyword.WebUiBuiltInKeywords.concatenate(["consumer", rnd, "@mailinator.com"]): Concatenated string array: '['consumer','20180605121621053','@mailinator.com']' into 'consumer20180605121621053@mailinator.com'

2018-06-05 12:16:21 - [MESSAGE][PASSED] - Concatenated string array: '['consumer','20180605121621053','@mailinator.com']' into 'consumer20180605121621053@mailinator.com'

2018-06-05 12:16:21 - [TEST_STEP][PASSED] - callTestCase: Call Test Case 'Test Cases/Base Tests/OrderSignUpBase' successfully

2018-06-05 12:16:21 - [TEST_CASE][PASSED] - Test Cases/Base Tests/OrderSignUpBase: Test Cases/Base Tests/OrderSignUpBase

2018-06-05 12:16:21 - [TEST_STEP][PASSED] - setText: Text 'Consumer' is set on object 'Object Repository/LoggedOutPages/OrderLoggedOut/FirstName_Input'

2018-06-05 12:16:21 - [MESSAGE][PASSED] - Text 'Consumer' is set on object 'Object Repository/LoggedOutPages/OrderLoggedOut/FirstName_Input'

2018-06-05 12:16:21 - [TEST_STEP][PASSED] - setText: Text 'Test' is set on object 'Object Repository/LoggedOutPages/OrderLoggedOut/LastName_Input'

2018-06-05 12:16:21 - [MESSAGE][PASSED] - Text 'Test' is set on object 'Object Repository/LoggedOutPages/OrderLoggedOut/LastName_Input'

2018-06-05 12:16:21 - [TEST_STEP][PASSED] - setText: Text 'test' is set on object 'Object Repository/LoggedOutPages/OrderLoggedOut/Address_Input'

2018-06-05 12:16:22 - [MESSAGE][PASSED] - Text 'test' is set on object 'Object Repository/LoggedOutPages/OrderLoggedOut/Address_Input'

2018-06-05 12:16:22 - [TEST_STEP][PASSED] - setText: Text 'test' is set on object 'Object Repository/LoggedOutPages/OrderLoggedOut/City_Input'

2018-06-05 12:16:22 - [MESSAGE][PASSED] - Text 'test' is set on object 'Object Repository/LoggedOutPages/OrderLoggedOut/City_Input'

2018-06-05 12:16:22 - [TEST_STEP][PASSED] - selectOptionByValue: All options with value 'TX' are selected in object 'Object Repository/LoggedOutPages/OrderLoggedOut/State_Dropdown' 

2018-06-05 12:16:22 - [MESSAGE][PASSED] - All options with value 'TX' are selected in object 'Object Repository/LoggedOutPages/OrderLoggedOut/State_Dropdown' 

2018-06-05 12:16:22 - [TEST_STEP][PASSED] - setText: Text '11111' is set on object 'Object Repository/LoggedOutPages/OrderLoggedOut/Zip_Input'

2018-06-05 12:16:23 - [MESSAGE][PASSED] - Text '11111' is set on object 'Object Repository/LoggedOutPages/OrderLoggedOut/Zip_Input'

2018-06-05 12:16:23 - [TEST_STEP][PASSED] - setText: Text '8001112233' is set on object 'Object Repository/LoggedOutPages/OrderLoggedOut/Phone_Input'

2018-06-05 12:16:23 - [MESSAGE][PASSED] - Text '8001112233' is set on object 'Object Repository/LoggedOutPages/OrderLoggedOut/Phone_Input'

2018-06-05 12:16:23 - [TEST_STEP][PASSED] - setText: Text 'consumer20180605121621053@mailinator.com' is set on object 'Object Repository/LoggedOutPages/OrderLoggedOut/Email_Input'

2018-06-05 12:16:24 - [MESSAGE][PASSED] - Text 'consumer20180605121621053@mailinator.com' is set on object 'Object Repository/LoggedOutPages/OrderLoggedOut/Email_Input'

2018-06-05 12:16:24 - [TEST_STEP][PASSED] - setText: Text '4000100011112224' is set on object 'Object Repository/LoggedOutPages/OrderLoggedOut/CcNumber_Input'

2018-06-05 12:16:24 - [MESSAGE][PASSED] - Text '4000100011112224' is set on object 'Object Repository/LoggedOutPages/OrderLoggedOut/CcNumber_Input'

2018-06-05 12:16:24 - [TEST_STEP][PASSED] - setText: Text '111' is set on object 'Object Repository/LoggedOutPages/OrderLoggedOut/CVV_Input'

2018-06-05 12:16:24 - [MESSAGE][PASSED] - Text '111' is set on object 'Object Repository/LoggedOutPages/OrderLoggedOut/CVV_Input'

2018-06-05 12:16:24 - [TEST_STEP][PASSED] - selectOptionByValue: All options with value '11' are selected in object 'Object Repository/LoggedOutPages/OrderLoggedOut/ExpirationMonth_Dropdown' 

2018-06-05 12:16:24 - [MESSAGE][PASSED] - All options with value '11' are selected in object 'Object Repository/LoggedOutPages/OrderLoggedOut/ExpirationMonth_Dropdown' 

2018-06-05 12:16:24 - [TEST_STEP][PASSED] - selectOptionByValue: All options with value '2020' are selected in object 'Object Repository/LoggedOutPages/OrderLoggedOut/ExpirationYear_Dropdown' 

2018-06-05 12:16:24 - [MESSAGE][PASSED] - All options with value '2020' are selected in object 'Object Repository/LoggedOutPages/OrderLoggedOut/ExpirationYear_Dropdown' 

2018-06-05 12:16:24 - [TEST_STEP][PASSED] - selectOptionByValue: All options with value '0' are selected in object 'Object Repository/LoggedOutPages/OrderLoggedOut/UserType_Dropdown' 

2018-06-05 12:16:25 - [MESSAGE][PASSED] - All options with value '0' are selected in object 'Object Repository/LoggedOutPages/OrderLoggedOut/UserType_Dropdown' 

2018-06-05 12:16:25 - [TEST_STEP][PASSED] - check: Object 'Object Repository/LoggedOutPages/OrderLoggedOut/Terms_Checkbox' is checked

2018-06-05 12:16:25 - [MESSAGE][PASSED] - Object 'Object Repository/LoggedOutPages/OrderLoggedOut/Terms_Checkbox' is checked

2018-06-05 12:16:25 - [TEST_STEP][PASSED] - click: Object: 'Object Repository/LoggedInPages/Order (react)/Purchase_Button' is clicked on

2018-06-05 12:16:25 - [MESSAGE][PASSED] - Object: 'Object Repository/LoggedInPages/Order (react)/Purchase_Button' is clicked on

2018-06-05 12:16:25 - [MESSAGE][PASSED] - Call Test Case 'Test Cases/Base Tests/OrderSignUpBase' successfully

2018-06-05 12:16:25 - [TEST_STEP][PASSED] - waitForElementClickable: Object 'Object Repository/LoggedInPages/Order (react)/CompletePurchase_Button' is clickable

2018-06-05 12:16:25 - [MESSAGE][WARNING] - Timeout '0' is invalid. Using default page load timeout: '30'

2018-06-05 12:16:25 - [MESSAGE][PASSED] - Object 'Object Repository/LoggedInPages/Order (react)/CompletePurchase_Button' is clickable

2018-06-05 12:16:25 - [TEST_STEP][PASSED] - verifyElementText: Actual text and expected text of test object 'Object Repository/LoggedInPages/Order (react)/Confirm_Price' are matched.

2018-06-05 12:16:25 - [MESSAGE][PASSED] - Actual text and expected text of test object 'Object Repository/LoggedInPages/Order (react)/Confirm_Price' are matched.

2018-06-05 12:16:25 - [TEST_STEP][PASSED] - click: Object: 'Object Repository/LoggedInPages/Order (react)/CompletePurchase_Button' is clicked on

2018-06-05 12:16:25 - [MESSAGE][PASSED] - Object: 'Object Repository/LoggedInPages/Order (react)/CompletePurchase_Button' is clicked on

2018-06-05 12:16:25 - [TEST_STEP][PASSED] - waitForElementPresent: Object 'Object Repository/LoggedInPages/Order (react)/VINCheckForm_EnterVINInput' is present

2018-06-05 12:16:26 - [MESSAGE][WARNING] - Timeout '0' is invalid. Using default page load timeout: '30'

2018-06-05 12:16:31 - [MESSAGE][PASSED] - Object 'Object Repository/LoggedInPages/Order (react)/VINCheckForm_EnterVINInput' is present

2018-06-05 12:16:31 - [TEST_STEP][PASSED] - waitForElementClickable: Object 'Object Repository/LoggedInPages/Order (react)/ViewReport_Button' is clickable

2018-06-05 12:16:31 - [MESSAGE][WARNING] - Timeout '0' is invalid. Using default page load timeout: '30'

2018-06-05 12:16:31 - [MESSAGE][PASSED] - Object 'Object Repository/LoggedInPages/Order (react)/ViewReport_Button' is clickable

2018-06-05 12:16:31 - [TEST_STEP][PASSED] - verifyTextPresent: Text 'Thank you for using instaVIN!' is present on page 

2018-06-05 12:16:31 - [MESSAGE][PASSED] - Text 'Thank you for using instaVIN!' is present on page 

2018-06-05 12:16:31 - [TEST_STEP][PASSED] - verifyElementText: Actual text and expected text of test object 'Object Repository/LoggedInPages/Order (react)/ViewReport - Vin' are matched.

2018-06-05 12:16:31 - [MESSAGE][PASSED] - Actual text and expected text of test object 'Object Repository/LoggedInPages/Order (react)/ViewReport - Vin' are matched.

2018-06-05 12:16:31 - [TEST_STEP][PASSED] - verifyElementText: Actual text and expected text of test object 'Object Repository/LoggedInPages/Order (react)/ViewReport - ReportType' are matched.

2018-06-05 12:16:31 - [MESSAGE][PASSED] - Actual text and expected text of test object 'Object Repository/LoggedInPages/Order (react)/ViewReport - ReportType' are matched.

2018-06-05 12:16:31 - [TEST_STEP][PASSED] - click: Object: 'Object Repository/LoggedInPages/Order (react)/ViewReport_Button' is clicked on

2018-06-05 12:16:33 - [MESSAGE][PASSED] - Object: 'Object Repository/LoggedInPages/Order (react)/ViewReport_Button' is clicked on

2018-06-05 12:16:33 - [TEST_STEP][PASSED] - waitForElementVisible: Object 'Object Repository/LoggedInPages/ReportSummary/ReportHeader' is visible

2018-06-05 12:16:33 - [MESSAGE][WARNING] - Timeout '0' is invalid. Using default page load timeout: '30'

2018-06-05 12:16:33 - [MESSAGE][PASSED] - Object 'Object Repository/LoggedInPages/ReportSummary/ReportHeader' is visible

2018-06-05 12:16:33 - [TEST_STEP][PASSED] - verifyElementText: Actual text and expected text of test object 'Object Repository/LoggedInPages/ReportSummary/VehicleTitle' are matched.

2018-06-05 12:16:33 - [MESSAGE][PASSED] - Actual text and expected text of test object 'Object Repository/LoggedInPages/ReportSummary/VehicleTitle' are matched.

2018-06-05 12:16:33 - [TEST_STEP][PASSED] - verifyElementAttributeValue: Object 'Object Repository/LoggedInPages/ReportSummary/ReportType' has attribute 'class' with value 'ReportGrade AlertWarning'

2018-06-05 12:16:33 - [MESSAGE][WARNING] - Timeout '0' is invalid. Using default page load timeout: '30'

2018-06-05 12:16:33 - [MESSAGE][PASSED] - Object 'Object Repository/LoggedInPages/ReportSummary/ReportType' has attribute 'class' with value 'ReportGrade AlertWarning'

2018-06-05 12:16:33 - [TEST_STEP][PASSED] - verifyElementText: Actual text and expected text of test object 'Object Repository/LoggedInPages/ReportSummary/ReportType' are matched.

2018-06-05 12:16:33 - [MESSAGE][PASSED] - Actual text and expected text of test object 'Object Repository/LoggedInPages/ReportSummary/ReportType' are matched.

2018-06-05 12:16:33 - [TEST_STEP][PASSED] - verifyElementAttributeValue: Object 'Object Repository/LoggedInPages/ReportSummary/VehicleSpecsStatus' has attribute 'class' with value 'SummaryAlertContainer AlertSuccess'

2018-06-05 12:16:33 - [MESSAGE][WARNING] - Timeout '0' is invalid. Using default page load timeout: '30'

2018-06-05 12:16:33 - [MESSAGE][PASSED] - Object 'Object Repository/LoggedInPages/ReportSummary/VehicleSpecsStatus' has attribute 'class' with value 'SummaryAlertContainer AlertSuccess'

2018-06-05 12:16:33 - [TEST_STEP][PASSED] - verifyElementAttributeValue: Object 'Object Repository/LoggedInPages/ReportSummary/JunkSalvageStatus' has attribute 'class' with value 'SummaryAlertContainer AlertSuccess'

2018-06-05 12:16:33 - [MESSAGE][WARNING] - Timeout '0' is invalid. Using default page load timeout: '30'

2018-06-05 12:16:33 - [MESSAGE][PASSED] - Object 'Object Repository/LoggedInPages/ReportSummary/JunkSalvageStatus' has attribute 'class' with value 'SummaryAlertContainer AlertSuccess'

2018-06-05 12:16:33 - [TEST_STEP][PASSED] - verifyElementAttributeValue: Object 'Object Repository/LoggedInPages/ReportSummary/TitleStatus' has attribute 'class' with value 'SummaryAlertContainer AlertSuccess'

2018-06-05 12:16:33 - [MESSAGE][WARNING] - Timeout '0' is invalid. Using default page load timeout: '30'

2018-06-05 12:16:33 - [MESSAGE][PASSED] - Object 'Object Repository/LoggedInPages/ReportSummary/TitleStatus' has attribute 'class' with value 'SummaryAlertContainer AlertSuccess'

2018-06-05 12:16:33 - [TEST_STEP][PASSED] - verifyElementAttributeValue: Object 'Object Repository/LoggedInPages/ReportSummary/OtherStatus' has attribute 'class' with value 'SummaryAlertContainer AlertSuccess'

2018-06-05 12:16:33 - [MESSAGE][WARNING] - Timeout '0' is invalid. Using default page load timeout: '30'

2018-06-05 12:16:33 - [MESSAGE][PASSED] - Object 'Object Repository/LoggedInPages/ReportSummary/OtherStatus' has attribute 'class' with value 'SummaryAlertContainer AlertSuccess'

2018-06-05 12:16:33 - [TEST_STEP][PASSED] - verifyElementAttributeValue: Object 'Object Repository/LoggedInPages/ReportSummary/VehicleRecallStatus' has attribute 'class' with value 'SummaryAlertContainer AlertWarning'

2018-06-05 12:16:33 - [MESSAGE][WARNING] - Timeout '0' is invalid. Using default page load timeout: '30'

2018-06-05 12:16:33 - [MESSAGE][PASSED] - Object 'Object Repository/LoggedInPages/ReportSummary/VehicleRecallStatus' has attribute 'class' with value 'SummaryAlertContainer AlertWarning'

2018-06-05 12:16:33 - [TEST_STEP][PASSED] - verifyElementText: Actual text and expected text of test object 'Object Repository/LoggedInPages/ReportSummary/OdometerStatus' are matched.

2018-06-05 12:16:34 - [MESSAGE][PASSED] - Actual text and expected text of test object 'Object Repository/LoggedInPages/ReportSummary/OdometerStatus' are matched.

2018-06-05 12:16:34 - [TEST_STEP][PASSED] - navigateToUrl: Navigate to 'https://dev-front.instavin.com/order/' successfully

2018-06-05 12:16:35 - [MESSAGE][PASSED] - Navigate to 'https://dev-front.instavin.com/order/' successfully

2018-06-05 12:16:35 - [TEST_STEP][PASSED] - verifyElementText: Actual text and expected text of test object 'Object Repository/LoggedInPages/Order (react)/VtrPrice1' are matched.

2018-06-05 12:16:35 - [MESSAGE][PASSED] - Actual text and expected text of test object 'Object Repository/LoggedInPages/Order (react)/VtrPrice1' are matched.

2018-06-05 12:16:35 - [TEST_STEP][PASSED] - verifyElementText: Actual text and expected text of test object 'Object Repository/LoggedInPages/Order (react)/VtrPrice10' are matched.

2018-06-05 12:16:35 - [MESSAGE][PASSED] - Actual text and expected text of test object 'Object Repository/LoggedInPages/Order (react)/VtrPrice10' are matched.

2018-06-05 12:16:35 - [TEST_STEP][PASSED] - closeBrowser: Browser is closed

2018-06-05 12:16:36 - [MESSAGE][PASSED] - Browser is closed]]></system-out>
         <system-err><![CDATA[]]></system-err>
      </testcase>
      <testcase name="Test Cases/Order - BuyVtr_NoProblems" classname="Test Cases/Order - BuyVtr_NoProblems" status="PASSED">
         <system-out><![CDATA[2018-06-05 12:16:36 - [TEST_CASE][PASSED] - Test Cases/Order - BuyVtr_NoProblems: Test Cases/Order - BuyVtr_NoProblems

2018-06-05 12:16:36 - [TEST_STEP][PASSED] - openBrowser: Browser is opened with url: ''

2018-06-05 12:16:38 - [MESSAGE][PASSED] - Browser is opened with url: ''

2018-06-05 12:16:38 - [TEST_STEP][PASSED] - maximizeWindow: Current window maximized

2018-06-05 12:16:40 - [MESSAGE][PASSED] - Current window maximized

2018-06-05 12:16:40 - [TEST_STEP][PASSED] - Statement - OrderURL = com.kms.katalon.core.webui.keyword.WebUiBuiltInKeywords.concatenate([StagingReact, "order/"]): Concatenated string array: '['https://dev-front.instavin.com/','order/']' into 'https://dev-front.instavin.com/order/'

2018-06-05 12:16:40 - [MESSAGE][PASSED] - Concatenated string array: '['https://dev-front.instavin.com/','order/']' into 'https://dev-front.instavin.com/order/'

2018-06-05 12:16:40 - [TEST_STEP][PASSED] - navigateToUrl: Navigate to 'https://dev-front.instavin.com/order/' successfully

2018-06-05 12:16:42 - [MESSAGE][PASSED] - Navigate to 'https://dev-front.instavin.com/order/' successfully

2018-06-05 12:16:42 - [TEST_STEP][PASSED] - waitForElementVisible: Object 'Object Repository/LoggedInPages/Order (react)/instaVINProducts_Label' is visible

2018-06-05 12:16:42 - [MESSAGE][WARNING] - Timeout '0' is invalid. Using default page load timeout: '30'

2018-06-05 12:16:42 - [MESSAGE][PASSED] - Object 'Object Repository/LoggedInPages/Order (react)/instaVINProducts_Label' is visible

2018-06-05 12:16:42 - [TEST_STEP][PASSED] - verifyElementText: Actual text and expected text of test object 'Object Repository/LoggedInPages/Order (react)/VtrPrice1' are matched.

2018-06-05 12:16:42 - [MESSAGE][PASSED] - Actual text and expected text of test object 'Object Repository/LoggedInPages/Order (react)/VtrPrice1' are matched.

2018-06-05 12:16:42 - [TEST_STEP][PASSED] - verifyElementText: Actual text and expected text of test object 'Object Repository/LoggedInPages/Order (react)/VtrPrice10' are matched.

2018-06-05 12:16:42 - [MESSAGE][PASSED] - Actual text and expected text of test object 'Object Repository/LoggedInPages/Order (react)/VtrPrice10' are matched.

2018-06-05 12:16:42 - [TEST_STEP][PASSED] - setText: Text 'SAJWA43C199B29849' is set on object 'Object Repository/LoggedInPages/Order (react)/VINCheckForm_EnterVINInput'

2018-06-05 12:16:42 - [MESSAGE][PASSED] - Text 'SAJWA43C199B29849' is set on object 'Object Repository/LoggedInPages/Order (react)/VINCheckForm_EnterVINInput'

2018-06-05 12:16:42 - [TEST_STEP][PASSED] - click: Object: 'Object Repository/LoggedInPages/Order (react)/CheckVin_ArrowButton' is clicked on

2018-06-05 12:16:43 - [MESSAGE][PASSED] - Object: 'Object Repository/LoggedInPages/Order (react)/CheckVin_ArrowButton' is clicked on

2018-06-05 12:16:43 - [TEST_STEP][PASSED] - waitForElementVisible: Object 'Object Repository/LoggedInPages/Order (react)/ChangeVIN_Cross' is visible

2018-06-05 12:16:43 - [MESSAGE][WARNING] - Timeout '0' is invalid. Using default page load timeout: '30'

2018-06-05 12:16:43 - [MESSAGE][PASSED] - Object 'Object Repository/LoggedInPages/Order (react)/ChangeVIN_Cross' is visible

2018-06-05 12:16:43 - [TEST_STEP][PASSED] - click: Object: 'Object Repository/LoggedInPages/Order (react)/FirstPricePoint' is clicked on

2018-06-05 12:16:43 - [MESSAGE][PASSED] - Object: 'Object Repository/LoggedInPages/Order (react)/FirstPricePoint' is clicked on

2018-06-05 12:16:43 - [TEST_STEP][PASSED] - Statement - Price = com.kms.katalon.core.webui.keyword.WebUiBuiltInKeywords.concatenate(["Only ", Vtr1]): Concatenated string array: '['Only ','$6.99']' into 'Only $6.99'

2018-06-05 12:16:43 - [MESSAGE][PASSED] - Concatenated string array: '['Only ','$6.99']' into 'Only $6.99'

2018-06-05 12:16:43 - [TEST_STEP][PASSED] - verifyElementText: Actual text and expected text of test object 'Object Repository/LoggedInPages/Order (react)/Confirm_Price' are matched.

2018-06-05 12:16:43 - [MESSAGE][PASSED] - Actual text and expected text of test object 'Object Repository/LoggedInPages/Order (react)/Confirm_Price' are matched.

2018-06-05 12:16:43 - [TEST_STEP][PASSED] - delay: Delayed 1 second(s)

2018-06-05 12:16:44 - [MESSAGE][PASSED] - Delayed 1 second(s)

2018-06-05 12:16:44 - [TEST_STEP][PASSED] - verifyElementVisible: Object 'Object Repository/LoggedInPages/Order (react)/OrderNow_OrangeButton' is visible

2018-06-05 12:16:44 - [MESSAGE][PASSED] - Object 'Object Repository/LoggedInPages/Order (react)/OrderNow_OrangeButton' is visible

2018-06-05 12:16:44 - [TEST_STEP][PASSED] - click: Object: 'Object Repository/LoggedInPages/Order (react)/OrderNow_OrangeButton' is clicked on

2018-06-05 12:16:44 - [MESSAGE][PASSED] - Object: 'Object Repository/LoggedInPages/Order (react)/OrderNow_OrangeButton' is clicked on

2018-06-05 12:16:44 - [TEST_STEP][PASSED] - waitForElementVisible: Object 'Object Repository/LoggedInPages/Order (react)/Purchase_Button' is visible

2018-06-05 12:16:45 - [MESSAGE][WARNING] - Timeout '0' is invalid. Using default page load timeout: '30'

2018-06-05 12:16:45 - [MESSAGE][PASSED] - Object 'Object Repository/LoggedInPages/Order (react)/Purchase_Button' is visible

2018-06-05 12:16:45 - [TEST_STEP][PASSED] - Statement - now = new java.util.Date(): null

2018-06-05 12:16:45 - [TEST_STEP][PASSED] - Statement - rnd = now.format("yyyyMMddHHmmssSSS").toString(): null

2018-06-05 12:16:45 - [TEST_STEP][PASSED] - Statement - Email = com.kms.katalon.core.webui.keyword.WebUiBuiltInKeywords.concatenate(["consumer", rnd, "@mailinator.com"]): Concatenated string array: '['consumer','20180605121645075','@mailinator.com']' into 'consumer20180605121645075@mailinator.com'

2018-06-05 12:16:45 - [MESSAGE][PASSED] - Concatenated string array: '['consumer','20180605121645075','@mailinator.com']' into 'consumer20180605121645075@mailinator.com'

2018-06-05 12:16:45 - [TEST_STEP][PASSED] - callTestCase: Call Test Case 'Test Cases/Base Tests/OrderSignUpBase' successfully

2018-06-05 12:16:45 - [TEST_CASE][PASSED] - Test Cases/Base Tests/OrderSignUpBase: Test Cases/Base Tests/OrderSignUpBase

2018-06-05 12:16:45 - [TEST_STEP][PASSED] - setText: Text 'Consumer' is set on object 'Object Repository/LoggedOutPages/OrderLoggedOut/FirstName_Input'

2018-06-05 12:16:45 - [MESSAGE][PASSED] - Text 'Consumer' is set on object 'Object Repository/LoggedOutPages/OrderLoggedOut/FirstName_Input'

2018-06-05 12:16:45 - [TEST_STEP][PASSED] - setText: Text 'Test' is set on object 'Object Repository/LoggedOutPages/OrderLoggedOut/LastName_Input'

2018-06-05 12:16:45 - [MESSAGE][PASSED] - Text 'Test' is set on object 'Object Repository/LoggedOutPages/OrderLoggedOut/LastName_Input'

2018-06-05 12:16:45 - [TEST_STEP][PASSED] - setText: Text 'test' is set on object 'Object Repository/LoggedOutPages/OrderLoggedOut/Address_Input'

2018-06-05 12:16:45 - [MESSAGE][PASSED] - Text 'test' is set on object 'Object Repository/LoggedOutPages/OrderLoggedOut/Address_Input'

2018-06-05 12:16:45 - [TEST_STEP][PASSED] - setText: Text 'test' is set on object 'Object Repository/LoggedOutPages/OrderLoggedOut/City_Input'

2018-06-05 12:16:45 - [MESSAGE][PASSED] - Text 'test' is set on object 'Object Repository/LoggedOutPages/OrderLoggedOut/City_Input'

2018-06-05 12:16:45 - [TEST_STEP][PASSED] - selectOptionByValue: All options with value 'TX' are selected in object 'Object Repository/LoggedOutPages/OrderLoggedOut/State_Dropdown' 

2018-06-05 12:16:46 - [MESSAGE][PASSED] - All options with value 'TX' are selected in object 'Object Repository/LoggedOutPages/OrderLoggedOut/State_Dropdown' 

2018-06-05 12:16:46 - [TEST_STEP][PASSED] - setText: Text '11111' is set on object 'Object Repository/LoggedOutPages/OrderLoggedOut/Zip_Input'

2018-06-05 12:16:46 - [MESSAGE][PASSED] - Text '11111' is set on object 'Object Repository/LoggedOutPages/OrderLoggedOut/Zip_Input'

2018-06-05 12:16:46 - [TEST_STEP][PASSED] - setText: Text '8001112233' is set on object 'Object Repository/LoggedOutPages/OrderLoggedOut/Phone_Input'

2018-06-05 12:16:47 - [MESSAGE][PASSED] - Text '8001112233' is set on object 'Object Repository/LoggedOutPages/OrderLoggedOut/Phone_Input'

2018-06-05 12:16:47 - [TEST_STEP][PASSED] - setText: Text 'consumer20180605121645075@mailinator.com' is set on object 'Object Repository/LoggedOutPages/OrderLoggedOut/Email_Input'

2018-06-05 12:16:47 - [MESSAGE][PASSED] - Text 'consumer20180605121645075@mailinator.com' is set on object 'Object Repository/LoggedOutPages/OrderLoggedOut/Email_Input'

2018-06-05 12:16:47 - [TEST_STEP][PASSED] - setText: Text '4000100011112224' is set on object 'Object Repository/LoggedOutPages/OrderLoggedOut/CcNumber_Input'

2018-06-05 12:16:47 - [MESSAGE][PASSED] - Text '4000100011112224' is set on object 'Object Repository/LoggedOutPages/OrderLoggedOut/CcNumber_Input'

2018-06-05 12:16:47 - [TEST_STEP][PASSED] - setText: Text '111' is set on object 'Object Repository/LoggedOutPages/OrderLoggedOut/CVV_Input'

2018-06-05 12:16:48 - [MESSAGE][PASSED] - Text '111' is set on object 'Object Repository/LoggedOutPages/OrderLoggedOut/CVV_Input'

2018-06-05 12:16:48 - [TEST_STEP][PASSED] - selectOptionByValue: All options with value '11' are selected in object 'Object Repository/LoggedOutPages/OrderLoggedOut/ExpirationMonth_Dropdown' 

2018-06-05 12:16:48 - [MESSAGE][PASSED] - All options with value '11' are selected in object 'Object Repository/LoggedOutPages/OrderLoggedOut/ExpirationMonth_Dropdown' 

2018-06-05 12:16:48 - [TEST_STEP][PASSED] - selectOptionByValue: All options with value '2020' are selected in object 'Object Repository/LoggedOutPages/OrderLoggedOut/ExpirationYear_Dropdown' 

2018-06-05 12:16:48 - [MESSAGE][PASSED] - All options with value '2020' are selected in object 'Object Repository/LoggedOutPages/OrderLoggedOut/ExpirationYear_Dropdown' 

2018-06-05 12:16:48 - [TEST_STEP][PASSED] - selectOptionByValue: All options with value '0' are selected in object 'Object Repository/LoggedOutPages/OrderLoggedOut/UserType_Dropdown' 

2018-06-05 12:16:48 - [MESSAGE][PASSED] - All options with value '0' are selected in object 'Object Repository/LoggedOutPages/OrderLoggedOut/UserType_Dropdown' 

2018-06-05 12:16:48 - [TEST_STEP][PASSED] - check: Object 'Object Repository/LoggedOutPages/OrderLoggedOut/Terms_Checkbox' is checked

2018-06-05 12:16:48 - [MESSAGE][PASSED] - Object 'Object Repository/LoggedOutPages/OrderLoggedOut/Terms_Checkbox' is checked

2018-06-05 12:16:48 - [TEST_STEP][PASSED] - click: Object: 'Object Repository/LoggedInPages/Order (react)/Purchase_Button' is clicked on

2018-06-05 12:16:49 - [MESSAGE][PASSED] - Object: 'Object Repository/LoggedInPages/Order (react)/Purchase_Button' is clicked on

2018-06-05 12:16:49 - [MESSAGE][PASSED] - Call Test Case 'Test Cases/Base Tests/OrderSignUpBase' successfully

2018-06-05 12:16:49 - [TEST_STEP][PASSED] - waitForElementClickable: Object 'Object Repository/LoggedInPages/Order (react)/CompletePurchase_Button' is clickable

2018-06-05 12:16:49 - [MESSAGE][WARNING] - Timeout '0' is invalid. Using default page load timeout: '30'

2018-06-05 12:16:49 - [MESSAGE][PASSED] - Object 'Object Repository/LoggedInPages/Order (react)/CompletePurchase_Button' is clickable

2018-06-05 12:16:49 - [TEST_STEP][PASSED] - verifyElementText: Actual text and expected text of test object 'Object Repository/LoggedInPages/Order (react)/Confirm_Price' are matched.

2018-06-05 12:16:49 - [MESSAGE][PASSED] - Actual text and expected text of test object 'Object Repository/LoggedInPages/Order (react)/Confirm_Price' are matched.

2018-06-05 12:16:49 - [TEST_STEP][PASSED] - click: Object: 'Object Repository/LoggedInPages/Order (react)/CompletePurchase_Button' is clicked on

2018-06-05 12:16:49 - [MESSAGE][PASSED] - Object: 'Object Repository/LoggedInPages/Order (react)/CompletePurchase_Button' is clicked on

2018-06-05 12:16:49 - [TEST_STEP][PASSED] - waitForElementPresent: Object 'Object Repository/LoggedInPages/Order (react)/VINCheckForm_EnterVINInput' is present

2018-06-05 12:16:49 - [MESSAGE][WARNING] - Timeout '0' is invalid. Using default page load timeout: '30'

2018-06-05 12:16:54 - [MESSAGE][PASSED] - Object 'Object Repository/LoggedInPages/Order (react)/VINCheckForm_EnterVINInput' is present

2018-06-05 12:16:54 - [TEST_STEP][PASSED] - waitForElementClickable: Object 'Object Repository/LoggedInPages/Order (react)/ViewReport_Button' is clickable

2018-06-05 12:16:54 - [MESSAGE][WARNING] - Timeout '0' is invalid. Using default page load timeout: '30'

2018-06-05 12:16:54 - [MESSAGE][PASSED] - Object 'Object Repository/LoggedInPages/Order (react)/ViewReport_Button' is clickable

2018-06-05 12:16:54 - [TEST_STEP][PASSED] - verifyTextPresent: Text 'Thank you for using instaVIN!' is present on page 

2018-06-05 12:16:54 - [MESSAGE][PASSED] - Text 'Thank you for using instaVIN!' is present on page 

2018-06-05 12:16:54 - [TEST_STEP][PASSED] - verifyElementText: Actual text and expected text of test object 'Object Repository/LoggedInPages/Order (react)/ViewReport - Vin' are matched.

2018-06-05 12:16:54 - [MESSAGE][PASSED] - Actual text and expected text of test object 'Object Repository/LoggedInPages/Order (react)/ViewReport - Vin' are matched.

2018-06-05 12:16:54 - [TEST_STEP][PASSED] - verifyElementText: Actual text and expected text of test object 'Object Repository/LoggedInPages/Order (react)/ViewReport - ReportType' are matched.

2018-06-05 12:16:54 - [MESSAGE][PASSED] - Actual text and expected text of test object 'Object Repository/LoggedInPages/Order (react)/ViewReport - ReportType' are matched.

2018-06-05 12:16:54 - [TEST_STEP][PASSED] - click: Object: 'Object Repository/LoggedInPages/Order (react)/ViewReport_Button' is clicked on

2018-06-05 12:16:55 - [MESSAGE][PASSED] - Object: 'Object Repository/LoggedInPages/Order (react)/ViewReport_Button' is clicked on

2018-06-05 12:16:55 - [TEST_STEP][PASSED] - waitForElementVisible: Object 'Object Repository/LoggedInPages/ReportSummary/ReportHeader' is visible

2018-06-05 12:16:55 - [MESSAGE][WARNING] - Timeout '0' is invalid. Using default page load timeout: '30'

2018-06-05 12:16:56 - [MESSAGE][PASSED] - Object 'Object Repository/LoggedInPages/ReportSummary/ReportHeader' is visible

2018-06-05 12:16:56 - [TEST_STEP][PASSED] - verifyElementText: Actual text and expected text of test object 'Object Repository/LoggedInPages/ReportSummary/VehicleTitle' are matched.

2018-06-05 12:16:56 - [MESSAGE][PASSED] - Actual text and expected text of test object 'Object Repository/LoggedInPages/ReportSummary/VehicleTitle' are matched.

2018-06-05 12:16:56 - [TEST_STEP][PASSED] - verifyElementAttributeValue: Object 'Object Repository/LoggedInPages/ReportSummary/ReportType' has attribute 'class' with value 'ReportGrade AlertSuccess'

2018-06-05 12:16:56 - [MESSAGE][WARNING] - Timeout '0' is invalid. Using default page load timeout: '30'

2018-06-05 12:16:56 - [MESSAGE][PASSED] - Object 'Object Repository/LoggedInPages/ReportSummary/ReportType' has attribute 'class' with value 'ReportGrade AlertSuccess'

2018-06-05 12:16:56 - [TEST_STEP][PASSED] - verifyElementText: Actual text and expected text of test object 'Object Repository/LoggedInPages/ReportSummary/ReportType' are matched.

2018-06-05 12:16:56 - [MESSAGE][PASSED] - Actual text and expected text of test object 'Object Repository/LoggedInPages/ReportSummary/ReportType' are matched.

2018-06-05 12:16:56 - [TEST_STEP][PASSED] - verifyElementAttributeValue: Object 'Object Repository/LoggedInPages/ReportSummary/VehicleSpecsStatus' has attribute 'class' with value 'SummaryAlertContainer AlertSuccess'

2018-06-05 12:16:56 - [MESSAGE][WARNING] - Timeout '0' is invalid. Using default page load timeout: '30'

2018-06-05 12:16:56 - [MESSAGE][PASSED] - Object 'Object Repository/LoggedInPages/ReportSummary/VehicleSpecsStatus' has attribute 'class' with value 'SummaryAlertContainer AlertSuccess'

2018-06-05 12:16:56 - [TEST_STEP][PASSED] - verifyElementAttributeValue: Object 'Object Repository/LoggedInPages/ReportSummary/JunkSalvageStatus' has attribute 'class' with value 'SummaryAlertContainer AlertSuccess'

2018-06-05 12:16:56 - [MESSAGE][WARNING] - Timeout '0' is invalid. Using default page load timeout: '30'

2018-06-05 12:16:56 - [MESSAGE][PASSED] - Object 'Object Repository/LoggedInPages/ReportSummary/JunkSalvageStatus' has attribute 'class' with value 'SummaryAlertContainer AlertSuccess'

2018-06-05 12:16:56 - [TEST_STEP][PASSED] - verifyElementAttributeValue: Object 'Object Repository/LoggedInPages/ReportSummary/TitleStatus' has attribute 'class' with value 'SummaryAlertContainer AlertSuccess'

2018-06-05 12:16:56 - [MESSAGE][WARNING] - Timeout '0' is invalid. Using default page load timeout: '30'

2018-06-05 12:16:56 - [MESSAGE][PASSED] - Object 'Object Repository/LoggedInPages/ReportSummary/TitleStatus' has attribute 'class' with value 'SummaryAlertContainer AlertSuccess'

2018-06-05 12:16:56 - [TEST_STEP][PASSED] - verifyElementAttributeValue: Object 'Object Repository/LoggedInPages/ReportSummary/OtherStatus' has attribute 'class' with value 'SummaryAlertContainer AlertSuccess'

2018-06-05 12:16:56 - [MESSAGE][WARNING] - Timeout '0' is invalid. Using default page load timeout: '30'

2018-06-05 12:16:56 - [MESSAGE][PASSED] - Object 'Object Repository/LoggedInPages/ReportSummary/OtherStatus' has attribute 'class' with value 'SummaryAlertContainer AlertSuccess'

2018-06-05 12:16:56 - [TEST_STEP][PASSED] - verifyElementAttributeValue: Object 'Object Repository/LoggedInPages/ReportSummary/VehicleRecallStatus' has attribute 'class' with value 'SummaryAlertContainer AlertSuccess'

2018-06-05 12:16:56 - [MESSAGE][WARNING] - Timeout '0' is invalid. Using default page load timeout: '30'

2018-06-05 12:16:56 - [MESSAGE][PASSED] - Object 'Object Repository/LoggedInPages/ReportSummary/VehicleRecallStatus' has attribute 'class' with value 'SummaryAlertContainer AlertSuccess'

2018-06-05 12:16:56 - [TEST_STEP][PASSED] - verifyElementText: Actual text and expected text of test object 'Object Repository/LoggedInPages/ReportSummary/OdometerStatus' are matched.

2018-06-05 12:16:56 - [MESSAGE][PASSED] - Actual text and expected text of test object 'Object Repository/LoggedInPages/ReportSummary/OdometerStatus' are matched.

2018-06-05 12:16:56 - [TEST_STEP][PASSED] - navigateToUrl: Navigate to 'https://dev-front.instavin.com/order/' successfully

2018-06-05 12:16:58 - [MESSAGE][PASSED] - Navigate to 'https://dev-front.instavin.com/order/' successfully

2018-06-05 12:16:58 - [TEST_STEP][PASSED] - verifyElementText: Actual text and expected text of test object 'Object Repository/LoggedInPages/Order (react)/VtrPrice1' are matched.

2018-06-05 12:16:58 - [MESSAGE][PASSED] - Actual text and expected text of test object 'Object Repository/LoggedInPages/Order (react)/VtrPrice1' are matched.

2018-06-05 12:16:58 - [TEST_STEP][PASSED] - verifyElementText: Actual text and expected text of test object 'Object Repository/LoggedInPages/Order (react)/VtrPrice10' are matched.

2018-06-05 12:16:58 - [MESSAGE][PASSED] - Actual text and expected text of test object 'Object Repository/LoggedInPages/Order (react)/VtrPrice10' are matched.

2018-06-05 12:16:58 - [TEST_STEP][PASSED] - closeBrowser: Browser is closed

2018-06-05 12:16:58 - [MESSAGE][PASSED] - Browser is closed]]></system-out>
         <system-err><![CDATA[]]></system-err>
      </testcase>
      <testcase name="Test Cases/Order - BuyVtr_CautionTitle" classname="Test Cases/Order - BuyVtr_CautionTitle" status="PASSED">
         <system-out><![CDATA[2018-06-05 12:16:58 - [TEST_CASE][PASSED] - Test Cases/Order - BuyVtr_CautionTitle: Test Cases/Order - BuyVtr_CautionTitle

2018-06-05 12:16:59 - [TEST_STEP][PASSED] - openBrowser: Browser is opened with url: ''

2018-06-05 12:17:01 - [MESSAGE][PASSED] - Browser is opened with url: ''

2018-06-05 12:17:01 - [TEST_STEP][PASSED] - maximizeWindow: Current window maximized

2018-06-05 12:17:02 - [MESSAGE][PASSED] - Current window maximized

2018-06-05 12:17:02 - [TEST_STEP][PASSED] - Statement - OrderURL = com.kms.katalon.core.webui.keyword.WebUiBuiltInKeywords.concatenate([StagingReact, "order/"]): Concatenated string array: '['https://dev-front.instavin.com/','order/']' into 'https://dev-front.instavin.com/order/'

2018-06-05 12:17:02 - [MESSAGE][PASSED] - Concatenated string array: '['https://dev-front.instavin.com/','order/']' into 'https://dev-front.instavin.com/order/'

2018-06-05 12:17:02 - [TEST_STEP][PASSED] - navigateToUrl: Navigate to 'https://dev-front.instavin.com/order/' successfully

2018-06-05 12:17:05 - [MESSAGE][PASSED] - Navigate to 'https://dev-front.instavin.com/order/' successfully

2018-06-05 12:17:05 - [TEST_STEP][PASSED] - waitForElementVisible: Object 'Object Repository/LoggedInPages/Order (react)/instaVINProducts_Label' is visible

2018-06-05 12:17:05 - [MESSAGE][WARNING] - Timeout '0' is invalid. Using default page load timeout: '30'

2018-06-05 12:17:05 - [MESSAGE][PASSED] - Object 'Object Repository/LoggedInPages/Order (react)/instaVINProducts_Label' is visible

2018-06-05 12:17:05 - [TEST_STEP][PASSED] - verifyElementText: Actual text and expected text of test object 'Object Repository/LoggedInPages/Order (react)/VtrPrice1' are matched.

2018-06-05 12:17:05 - [MESSAGE][PASSED] - Actual text and expected text of test object 'Object Repository/LoggedInPages/Order (react)/VtrPrice1' are matched.

2018-06-05 12:17:05 - [TEST_STEP][PASSED] - verifyElementText: Actual text and expected text of test object 'Object Repository/LoggedInPages/Order (react)/VtrPrice10' are matched.

2018-06-05 12:17:05 - [MESSAGE][PASSED] - Actual text and expected text of test object 'Object Repository/LoggedInPages/Order (react)/VtrPrice10' are matched.

2018-06-05 12:17:05 - [TEST_STEP][PASSED] - setText: Text '2C3CDXAT1EH218927' is set on object 'Object Repository/LoggedInPages/Order (react)/VINCheckForm_EnterVINInput'

2018-06-05 12:17:05 - [MESSAGE][PASSED] - Text '2C3CDXAT1EH218927' is set on object 'Object Repository/LoggedInPages/Order (react)/VINCheckForm_EnterVINInput'

2018-06-05 12:17:05 - [TEST_STEP][PASSED] - click: Object: 'Object Repository/LoggedInPages/Order (react)/CheckVin_ArrowButton' is clicked on

2018-06-05 12:17:05 - [MESSAGE][PASSED] - Object: 'Object Repository/LoggedInPages/Order (react)/CheckVin_ArrowButton' is clicked on

2018-06-05 12:17:05 - [TEST_STEP][PASSED] - waitForElementVisible: Object 'Object Repository/LoggedInPages/Order (react)/ChangeVIN_Cross' is visible

2018-06-05 12:17:05 - [MESSAGE][WARNING] - Timeout '0' is invalid. Using default page load timeout: '30'

2018-06-05 12:17:06 - [MESSAGE][PASSED] - Object 'Object Repository/LoggedInPages/Order (react)/ChangeVIN_Cross' is visible

2018-06-05 12:17:06 - [TEST_STEP][PASSED] - click: Object: 'Object Repository/LoggedInPages/Order (react)/FirstPricePoint' is clicked on

2018-06-05 12:17:06 - [MESSAGE][PASSED] - Object: 'Object Repository/LoggedInPages/Order (react)/FirstPricePoint' is clicked on

2018-06-05 12:17:06 - [TEST_STEP][PASSED] - Statement - Price = com.kms.katalon.core.webui.keyword.WebUiBuiltInKeywords.concatenate(["Only ", Vtr1]): Concatenated string array: '['Only ','$6.99']' into 'Only $6.99'

2018-06-05 12:17:06 - [MESSAGE][PASSED] - Concatenated string array: '['Only ','$6.99']' into 'Only $6.99'

2018-06-05 12:17:06 - [TEST_STEP][PASSED] - verifyElementText: Actual text and expected text of test object 'Object Repository/LoggedInPages/Order (react)/Confirm_Price' are matched.

2018-06-05 12:17:06 - [MESSAGE][PASSED] - Actual text and expected text of test object 'Object Repository/LoggedInPages/Order (react)/Confirm_Price' are matched.

2018-06-05 12:17:06 - [TEST_STEP][PASSED] - delay: Delayed 1 second(s)

2018-06-05 12:17:07 - [MESSAGE][PASSED] - Delayed 1 second(s)

2018-06-05 12:17:07 - [TEST_STEP][PASSED] - verifyElementVisible: Object 'Object Repository/LoggedInPages/Order (react)/OrderNow_OrangeButton' is visible

2018-06-05 12:17:07 - [MESSAGE][PASSED] - Object 'Object Repository/LoggedInPages/Order (react)/OrderNow_OrangeButton' is visible

2018-06-05 12:17:07 - [TEST_STEP][PASSED] - click: Object: 'Object Repository/LoggedInPages/Order (react)/OrderNow_OrangeButton' is clicked on

2018-06-05 12:17:07 - [MESSAGE][PASSED] - Object: 'Object Repository/LoggedInPages/Order (react)/OrderNow_OrangeButton' is clicked on

2018-06-05 12:17:07 - [TEST_STEP][PASSED] - waitForElementVisible: Object 'Object Repository/LoggedInPages/Order (react)/Purchase_Button' is visible

2018-06-05 12:17:07 - [MESSAGE][WARNING] - Timeout '0' is invalid. Using default page load timeout: '30'

2018-06-05 12:17:07 - [MESSAGE][PASSED] - Object 'Object Repository/LoggedInPages/Order (react)/Purchase_Button' is visible

2018-06-05 12:17:07 - [TEST_STEP][PASSED] - Statement - now = new java.util.Date(): null

2018-06-05 12:17:07 - [TEST_STEP][PASSED] - Statement - rnd = now.format("yyyyMMddHHmmssSSS").toString(): null

2018-06-05 12:17:07 - [TEST_STEP][PASSED] - Statement - Email = com.kms.katalon.core.webui.keyword.WebUiBuiltInKeywords.concatenate(["consumer", rnd, "@mailinator.com"]): Concatenated string array: '['consumer','20180605121707612','@mailinator.com']' into 'consumer20180605121707612@mailinator.com'

2018-06-05 12:17:07 - [MESSAGE][PASSED] - Concatenated string array: '['consumer','20180605121707612','@mailinator.com']' into 'consumer20180605121707612@mailinator.com'

2018-06-05 12:17:07 - [TEST_STEP][PASSED] - callTestCase: Call Test Case 'Test Cases/Base Tests/OrderSignUpBase' successfully

2018-06-05 12:17:07 - [TEST_CASE][PASSED] - Test Cases/Base Tests/OrderSignUpBase: Test Cases/Base Tests/OrderSignUpBase

2018-06-05 12:17:07 - [TEST_STEP][PASSED] - setText: Text 'Consumer' is set on object 'Object Repository/LoggedOutPages/OrderLoggedOut/FirstName_Input'

2018-06-05 12:17:08 - [MESSAGE][PASSED] - Text 'Consumer' is set on object 'Object Repository/LoggedOutPages/OrderLoggedOut/FirstName_Input'

2018-06-05 12:17:08 - [TEST_STEP][PASSED] - setText: Text 'Test' is set on object 'Object Repository/LoggedOutPages/OrderLoggedOut/LastName_Input'

2018-06-05 12:17:08 - [MESSAGE][PASSED] - Text 'Test' is set on object 'Object Repository/LoggedOutPages/OrderLoggedOut/LastName_Input'

2018-06-05 12:17:08 - [TEST_STEP][PASSED] - setText: Text 'test' is set on object 'Object Repository/LoggedOutPages/OrderLoggedOut/Address_Input'

2018-06-05 12:17:08 - [MESSAGE][PASSED] - Text 'test' is set on object 'Object Repository/LoggedOutPages/OrderLoggedOut/Address_Input'

2018-06-05 12:17:08 - [TEST_STEP][PASSED] - setText: Text 'test' is set on object 'Object Repository/LoggedOutPages/OrderLoggedOut/City_Input'

2018-06-05 12:17:08 - [MESSAGE][PASSED] - Text 'test' is set on object 'Object Repository/LoggedOutPages/OrderLoggedOut/City_Input'

2018-06-05 12:17:08 - [TEST_STEP][PASSED] - selectOptionByValue: All options with value 'TX' are selected in object 'Object Repository/LoggedOutPages/OrderLoggedOut/State_Dropdown' 

2018-06-05 12:17:09 - [MESSAGE][PASSED] - All options with value 'TX' are selected in object 'Object Repository/LoggedOutPages/OrderLoggedOut/State_Dropdown' 

2018-06-05 12:17:09 - [TEST_STEP][PASSED] - setText: Text '11111' is set on object 'Object Repository/LoggedOutPages/OrderLoggedOut/Zip_Input'

2018-06-05 12:17:09 - [MESSAGE][PASSED] - Text '11111' is set on object 'Object Repository/LoggedOutPages/OrderLoggedOut/Zip_Input'

2018-06-05 12:17:09 - [TEST_STEP][PASSED] - setText: Text '8001112233' is set on object 'Object Repository/LoggedOutPages/OrderLoggedOut/Phone_Input'

2018-06-05 12:17:09 - [MESSAGE][PASSED] - Text '8001112233' is set on object 'Object Repository/LoggedOutPages/OrderLoggedOut/Phone_Input'

2018-06-05 12:17:09 - [TEST_STEP][PASSED] - setText: Text 'consumer20180605121707612@mailinator.com' is set on object 'Object Repository/LoggedOutPages/OrderLoggedOut/Email_Input'

2018-06-05 12:17:10 - [MESSAGE][PASSED] - Text 'consumer20180605121707612@mailinator.com' is set on object 'Object Repository/LoggedOutPages/OrderLoggedOut/Email_Input'

2018-06-05 12:17:10 - [TEST_STEP][PASSED] - setText: Text '4000100011112224' is set on object 'Object Repository/LoggedOutPages/OrderLoggedOut/CcNumber_Input'

2018-06-05 12:17:10 - [MESSAGE][PASSED] - Text '4000100011112224' is set on object 'Object Repository/LoggedOutPages/OrderLoggedOut/CcNumber_Input'

2018-06-05 12:17:10 - [TEST_STEP][PASSED] - setText: Text '111' is set on object 'Object Repository/LoggedOutPages/OrderLoggedOut/CVV_Input'

2018-06-05 12:17:10 - [MESSAGE][PASSED] - Text '111' is set on object 'Object Repository/LoggedOutPages/OrderLoggedOut/CVV_Input'

2018-06-05 12:17:10 - [TEST_STEP][PASSED] - selectOptionByValue: All options with value '11' are selected in object 'Object Repository/LoggedOutPages/OrderLoggedOut/ExpirationMonth_Dropdown' 

2018-06-05 12:17:10 - [MESSAGE][PASSED] - All options with value '11' are selected in object 'Object Repository/LoggedOutPages/OrderLoggedOut/ExpirationMonth_Dropdown' 

2018-06-05 12:17:10 - [TEST_STEP][PASSED] - selectOptionByValue: All options with value '2020' are selected in object 'Object Repository/LoggedOutPages/OrderLoggedOut/ExpirationYear_Dropdown' 

2018-06-05 12:17:11 - [MESSAGE][PASSED] - All options with value '2020' are selected in object 'Object Repository/LoggedOutPages/OrderLoggedOut/ExpirationYear_Dropdown' 

2018-06-05 12:17:11 - [TEST_STEP][PASSED] - selectOptionByValue: All options with value '0' are selected in object 'Object Repository/LoggedOutPages/OrderLoggedOut/UserType_Dropdown' 

2018-06-05 12:17:11 - [MESSAGE][PASSED] - All options with value '0' are selected in object 'Object Repository/LoggedOutPages/OrderLoggedOut/UserType_Dropdown' 

2018-06-05 12:17:11 - [TEST_STEP][PASSED] - check: Object 'Object Repository/LoggedOutPages/OrderLoggedOut/Terms_Checkbox' is checked

2018-06-05 12:17:11 - [MESSAGE][PASSED] - Object 'Object Repository/LoggedOutPages/OrderLoggedOut/Terms_Checkbox' is checked

2018-06-05 12:17:11 - [TEST_STEP][PASSED] - click: Object: 'Object Repository/LoggedInPages/Order (react)/Purchase_Button' is clicked on

2018-06-05 12:17:11 - [MESSAGE][PASSED] - Object: 'Object Repository/LoggedInPages/Order (react)/Purchase_Button' is clicked on

2018-06-05 12:17:11 - [MESSAGE][PASSED] - Call Test Case 'Test Cases/Base Tests/OrderSignUpBase' successfully

2018-06-05 12:17:11 - [TEST_STEP][PASSED] - waitForElementClickable: Object 'Object Repository/LoggedInPages/Order (react)/CompletePurchase_Button' is clickable

2018-06-05 12:17:11 - [MESSAGE][WARNING] - Timeout '0' is invalid. Using default page load timeout: '30'

2018-06-05 12:17:11 - [MESSAGE][PASSED] - Object 'Object Repository/LoggedInPages/Order (react)/CompletePurchase_Button' is clickable

2018-06-05 12:17:11 - [TEST_STEP][PASSED] - verifyElementText: Actual text and expected text of test object 'Object Repository/LoggedInPages/Order (react)/Confirm_Price' are matched.

2018-06-05 12:17:12 - [MESSAGE][PASSED] - Actual text and expected text of test object 'Object Repository/LoggedInPages/Order (react)/Confirm_Price' are matched.

2018-06-05 12:17:12 - [TEST_STEP][PASSED] - click: Object: 'Object Repository/LoggedInPages/Order (react)/CompletePurchase_Button' is clicked on

2018-06-05 12:17:12 - [MESSAGE][PASSED] - Object: 'Object Repository/LoggedInPages/Order (react)/CompletePurchase_Button' is clicked on

2018-06-05 12:17:12 - [TEST_STEP][PASSED] - waitForElementPresent: Object 'Object Repository/LoggedInPages/Order (react)/VINCheckForm_EnterVINInput' is present

2018-06-05 12:17:12 - [MESSAGE][WARNING] - Timeout '0' is invalid. Using default page load timeout: '30'

2018-06-05 12:17:16 - [MESSAGE][PASSED] - Object 'Object Repository/LoggedInPages/Order (react)/VINCheckForm_EnterVINInput' is present

2018-06-05 12:17:16 - [TEST_STEP][PASSED] - waitForElementClickable: Object 'Object Repository/LoggedInPages/Order (react)/ViewReport_Button' is clickable

2018-06-05 12:17:16 - [MESSAGE][WARNING] - Timeout '0' is invalid. Using default page load timeout: '30'

2018-06-05 12:17:16 - [MESSAGE][PASSED] - Object 'Object Repository/LoggedInPages/Order (react)/ViewReport_Button' is clickable

2018-06-05 12:17:16 - [TEST_STEP][PASSED] - verifyTextPresent: Text 'Thank you for using instaVIN!' is present on page 

2018-06-05 12:17:16 - [MESSAGE][PASSED] - Text 'Thank you for using instaVIN!' is present on page 

2018-06-05 12:17:16 - [TEST_STEP][PASSED] - verifyElementText: Actual text and expected text of test object 'Object Repository/LoggedInPages/Order (react)/ViewReport - Vin' are matched.

2018-06-05 12:17:16 - [MESSAGE][PASSED] - Actual text and expected text of test object 'Object Repository/LoggedInPages/Order (react)/ViewReport - Vin' are matched.

2018-06-05 12:17:16 - [TEST_STEP][PASSED] - verifyElementText: Actual text and expected text of test object 'Object Repository/LoggedInPages/Order (react)/ViewReport - ReportType' are matched.

2018-06-05 12:17:17 - [MESSAGE][PASSED] - Actual text and expected text of test object 'Object Repository/LoggedInPages/Order (react)/ViewReport - ReportType' are matched.

2018-06-05 12:17:17 - [TEST_STEP][PASSED] - click: Object: 'Object Repository/LoggedInPages/Order (react)/ViewReport_Button' is clicked on

2018-06-05 12:17:18 - [MESSAGE][PASSED] - Object: 'Object Repository/LoggedInPages/Order (react)/ViewReport_Button' is clicked on

2018-06-05 12:17:18 - [TEST_STEP][PASSED] - waitForElementVisible: Object 'Object Repository/LoggedInPages/ReportSummary/ReportHeader' is visible

2018-06-05 12:17:18 - [MESSAGE][WARNING] - Timeout '0' is invalid. Using default page load timeout: '30'

2018-06-05 12:17:18 - [MESSAGE][PASSED] - Object 'Object Repository/LoggedInPages/ReportSummary/ReportHeader' is visible

2018-06-05 12:17:18 - [TEST_STEP][PASSED] - verifyElementText: Actual text and expected text of test object 'Object Repository/LoggedInPages/ReportSummary/VehicleTitle' are matched.

2018-06-05 12:17:18 - [MESSAGE][PASSED] - Actual text and expected text of test object 'Object Repository/LoggedInPages/ReportSummary/VehicleTitle' are matched.

2018-06-05 12:17:18 - [TEST_STEP][PASSED] - verifyElementAttributeValue: Object 'Object Repository/LoggedInPages/ReportSummary/ReportType' has attribute 'class' with value 'ReportGrade AlertWarning'

2018-06-05 12:17:18 - [MESSAGE][WARNING] - Timeout '0' is invalid. Using default page load timeout: '30'

2018-06-05 12:17:18 - [MESSAGE][PASSED] - Object 'Object Repository/LoggedInPages/ReportSummary/ReportType' has attribute 'class' with value 'ReportGrade AlertWarning'

2018-06-05 12:17:18 - [TEST_STEP][PASSED] - verifyElementText: Actual text and expected text of test object 'Object Repository/LoggedInPages/ReportSummary/ReportType' are matched.

2018-06-05 12:17:18 - [MESSAGE][PASSED] - Actual text and expected text of test object 'Object Repository/LoggedInPages/ReportSummary/ReportType' are matched.

2018-06-05 12:17:18 - [TEST_STEP][PASSED] - verifyElementAttributeValue: Object 'Object Repository/LoggedInPages/ReportSummary/VehicleSpecsStatus' has attribute 'class' with value 'SummaryAlertContainer AlertSuccess'

2018-06-05 12:17:18 - [MESSAGE][WARNING] - Timeout '0' is invalid. Using default page load timeout: '30'

2018-06-05 12:17:18 - [MESSAGE][PASSED] - Object 'Object Repository/LoggedInPages/ReportSummary/VehicleSpecsStatus' has attribute 'class' with value 'SummaryAlertContainer AlertSuccess'

2018-06-05 12:17:18 - [TEST_STEP][PASSED] - verifyElementAttributeValue: Object 'Object Repository/LoggedInPages/ReportSummary/JunkSalvageStatus' has attribute 'class' with value 'SummaryAlertContainer AlertSuccess'

2018-06-05 12:17:18 - [MESSAGE][WARNING] - Timeout '0' is invalid. Using default page load timeout: '30'

2018-06-05 12:17:18 - [MESSAGE][PASSED] - Object 'Object Repository/LoggedInPages/ReportSummary/JunkSalvageStatus' has attribute 'class' with value 'SummaryAlertContainer AlertSuccess'

2018-06-05 12:17:18 - [TEST_STEP][PASSED] - verifyElementAttributeValue: Object 'Object Repository/LoggedInPages/ReportSummary/TitleStatus' has attribute 'class' with value 'SummaryAlertContainer AlertWarning'

2018-06-05 12:17:19 - [MESSAGE][WARNING] - Timeout '0' is invalid. Using default page load timeout: '30'

2018-06-05 12:17:19 - [MESSAGE][PASSED] - Object 'Object Repository/LoggedInPages/ReportSummary/TitleStatus' has attribute 'class' with value 'SummaryAlertContainer AlertWarning'

2018-06-05 12:17:19 - [TEST_STEP][PASSED] - verifyElementAttributeValue: Object 'Object Repository/LoggedInPages/ReportSummary/OtherStatus' has attribute 'class' with value 'SummaryAlertContainer AlertSuccess'

2018-06-05 12:17:19 - [MESSAGE][WARNING] - Timeout '0' is invalid. Using default page load timeout: '30'

2018-06-05 12:17:19 - [MESSAGE][PASSED] - Object 'Object Repository/LoggedInPages/ReportSummary/OtherStatus' has attribute 'class' with value 'SummaryAlertContainer AlertSuccess'

2018-06-05 12:17:19 - [TEST_STEP][PASSED] - verifyElementAttributeValue: Object 'Object Repository/LoggedInPages/ReportSummary/VehicleRecallStatus' has attribute 'class' with value 'SummaryAlertContainer AlertSuccess'

2018-06-05 12:17:19 - [MESSAGE][WARNING] - Timeout '0' is invalid. Using default page load timeout: '30'

2018-06-05 12:17:19 - [MESSAGE][PASSED] - Object 'Object Repository/LoggedInPages/ReportSummary/VehicleRecallStatus' has attribute 'class' with value 'SummaryAlertContainer AlertSuccess'

2018-06-05 12:17:19 - [TEST_STEP][PASSED] - verifyElementText: Actual text and expected text of test object 'Object Repository/LoggedInPages/ReportSummary/OdometerStatus' are matched.

2018-06-05 12:17:19 - [MESSAGE][PASSED] - Actual text and expected text of test object 'Object Repository/LoggedInPages/ReportSummary/OdometerStatus' are matched.

2018-06-05 12:17:19 - [TEST_STEP][PASSED] - navigateToUrl: Navigate to 'https://dev-front.instavin.com/order/' successfully

2018-06-05 12:17:21 - [MESSAGE][PASSED] - Navigate to 'https://dev-front.instavin.com/order/' successfully

2018-06-05 12:17:21 - [TEST_STEP][PASSED] - verifyElementText: Actual text and expected text of test object 'Object Repository/LoggedInPages/Order (react)/VtrPrice1' are matched.

2018-06-05 12:17:21 - [MESSAGE][PASSED] - Actual text and expected text of test object 'Object Repository/LoggedInPages/Order (react)/VtrPrice1' are matched.

2018-06-05 12:17:21 - [TEST_STEP][PASSED] - verifyElementText: Actual text and expected text of test object 'Object Repository/LoggedInPages/Order (react)/VtrPrice10' are matched.

2018-06-05 12:17:21 - [MESSAGE][PASSED] - Actual text and expected text of test object 'Object Repository/LoggedInPages/Order (react)/VtrPrice10' are matched.

2018-06-05 12:17:21 - [TEST_STEP][PASSED] - closeBrowser: Browser is closed

2018-06-05 12:17:21 - [MESSAGE][PASSED] - Browser is closed]]></system-out>
         <system-err><![CDATA[]]></system-err>
      </testcase>
      <testcase name="Test Cases/Order - BuyVtr_UseCredit" classname="Test Cases/Order - BuyVtr_UseCredit" status="PASSED">
         <system-out><![CDATA[2018-06-05 12:17:21 - [TEST_CASE][PASSED] - Test Cases/Order - BuyVtr_UseCredit: Test Cases/Order - BuyVtr_UseCredit

2018-06-05 12:17:22 - [TEST_STEP][PASSED] - openBrowser: Browser is opened with url: ''

2018-06-05 12:17:24 - [MESSAGE][PASSED] - Browser is opened with url: ''

2018-06-05 12:17:24 - [TEST_STEP][PASSED] - maximizeWindow: Current window maximized

2018-06-05 12:17:25 - [MESSAGE][PASSED] - Current window maximized

2018-06-05 12:17:25 - [TEST_STEP][PASSED] - Statement - OrderURL = com.kms.katalon.core.webui.keyword.WebUiBuiltInKeywords.concatenate([StagingReact, "order/"]): Concatenated string array: '['https://dev-front.instavin.com/','order/']' into 'https://dev-front.instavin.com/order/'

2018-06-05 12:17:25 - [MESSAGE][PASSED] - Concatenated string array: '['https://dev-front.instavin.com/','order/']' into 'https://dev-front.instavin.com/order/'

2018-06-05 12:17:25 - [TEST_STEP][PASSED] - navigateToUrl: Navigate to 'https://dev-front.instavin.com/order/' successfully

2018-06-05 12:17:28 - [MESSAGE][PASSED] - Navigate to 'https://dev-front.instavin.com/order/' successfully

2018-06-05 12:17:28 - [TEST_STEP][PASSED] - waitForElementVisible: Object 'Object Repository/LoggedInPages/Order (react)/instaVINProducts_Label' is visible

2018-06-05 12:17:28 - [MESSAGE][WARNING] - Timeout '0' is invalid. Using default page load timeout: '30'

2018-06-05 12:17:28 - [MESSAGE][PASSED] - Object 'Object Repository/LoggedInPages/Order (react)/instaVINProducts_Label' is visible

2018-06-05 12:17:28 - [TEST_STEP][PASSED] - verifyElementText: Actual text and expected text of test object 'Object Repository/LoggedInPages/Order (react)/VtrPrice1' are matched.

2018-06-05 12:17:28 - [MESSAGE][PASSED] - Actual text and expected text of test object 'Object Repository/LoggedInPages/Order (react)/VtrPrice1' are matched.

2018-06-05 12:17:28 - [TEST_STEP][PASSED] - verifyElementText: Actual text and expected text of test object 'Object Repository/LoggedInPages/Order (react)/VtrPrice10' are matched.

2018-06-05 12:17:28 - [MESSAGE][PASSED] - Actual text and expected text of test object 'Object Repository/LoggedInPages/Order (react)/VtrPrice10' are matched.

2018-06-05 12:17:28 - [TEST_STEP][PASSED] - setText: Text 'SAJWA43C199B29849' is set on object 'Object Repository/LoggedInPages/Order (react)/VINCheckForm_EnterVINInput'

2018-06-05 12:17:29 - [MESSAGE][PASSED] - Text 'SAJWA43C199B29849' is set on object 'Object Repository/LoggedInPages/Order (react)/VINCheckForm_EnterVINInput'

2018-06-05 12:17:29 - [TEST_STEP][PASSED] - click: Object: 'Object Repository/LoggedInPages/Order (react)/CheckVin_ArrowButton' is clicked on

2018-06-05 12:17:29 - [MESSAGE][PASSED] - Object: 'Object Repository/LoggedInPages/Order (react)/CheckVin_ArrowButton' is clicked on

2018-06-05 12:17:29 - [TEST_STEP][PASSED] - waitForElementVisible: Object 'Object Repository/LoggedInPages/Order (react)/ChangeVIN_Cross' is visible

2018-06-05 12:17:29 - [MESSAGE][WARNING] - Timeout '0' is invalid. Using default page load timeout: '30'

2018-06-05 12:17:29 - [MESSAGE][PASSED] - Object 'Object Repository/LoggedInPages/Order (react)/ChangeVIN_Cross' is visible

2018-06-05 12:17:29 - [TEST_STEP][PASSED] - click: Object: 'Object Repository/LoggedInPages/Order (react)/SecondPricePoint' is clicked on

2018-06-05 12:17:29 - [MESSAGE][PASSED] - Object: 'Object Repository/LoggedInPages/Order (react)/SecondPricePoint' is clicked on

2018-06-05 12:17:29 - [TEST_STEP][PASSED] - Statement - Price = com.kms.katalon.core.webui.keyword.WebUiBuiltInKeywords.concatenate(["Only ", Vtr2]): Concatenated string array: '['Only ','$13.98']' into 'Only $13.98'

2018-06-05 12:17:29 - [MESSAGE][PASSED] - Concatenated string array: '['Only ','$13.98']' into 'Only $13.98'

2018-06-05 12:17:29 - [TEST_STEP][PASSED] - verifyElementText: Actual text and expected text of test object 'Object Repository/LoggedInPages/Order (react)/Confirm_Price' are matched.

2018-06-05 12:17:29 - [MESSAGE][PASSED] - Actual text and expected text of test object 'Object Repository/LoggedInPages/Order (react)/Confirm_Price' are matched.

2018-06-05 12:17:29 - [TEST_STEP][PASSED] - delay: Delayed 1 second(s)

2018-06-05 12:17:30 - [MESSAGE][PASSED] - Delayed 1 second(s)

2018-06-05 12:17:30 - [TEST_STEP][PASSED] - verifyElementVisible: Object 'Object Repository/LoggedInPages/Order (react)/OrderNow_OrangeButton' is visible

2018-06-05 12:17:30 - [MESSAGE][PASSED] - Object 'Object Repository/LoggedInPages/Order (react)/OrderNow_OrangeButton' is visible

2018-06-05 12:17:30 - [TEST_STEP][PASSED] - click: Object: 'Object Repository/LoggedInPages/Order (react)/OrderNow_OrangeButton' is clicked on

2018-06-05 12:17:31 - [MESSAGE][PASSED] - Object: 'Object Repository/LoggedInPages/Order (react)/OrderNow_OrangeButton' is clicked on

2018-06-05 12:17:31 - [TEST_STEP][PASSED] - waitForElementVisible: Object 'Object Repository/LoggedInPages/Order (react)/Purchase_Button' is visible

2018-06-05 12:17:31 - [MESSAGE][WARNING] - Timeout '0' is invalid. Using default page load timeout: '30'

2018-06-05 12:17:31 - [MESSAGE][PASSED] - Object 'Object Repository/LoggedInPages/Order (react)/Purchase_Button' is visible

2018-06-05 12:17:31 - [TEST_STEP][PASSED] - Statement - now = new java.util.Date(): null

2018-06-05 12:17:31 - [TEST_STEP][PASSED] - Statement - rnd = now.format("yyyyMMddHHmmssSSS").toString(): null

2018-06-05 12:17:31 - [TEST_STEP][PASSED] - Statement - Email = com.kms.katalon.core.webui.keyword.WebUiBuiltInKeywords.concatenate(["consumer", rnd, "@mailinator.com"]): Concatenated string array: '['consumer','20180605121731233','@mailinator.com']' into 'consumer20180605121731233@mailinator.com'

2018-06-05 12:17:31 - [MESSAGE][PASSED] - Concatenated string array: '['consumer','20180605121731233','@mailinator.com']' into 'consumer20180605121731233@mailinator.com'

2018-06-05 12:17:31 - [TEST_STEP][PASSED] - callTestCase: Call Test Case 'Test Cases/Base Tests/OrderSignUpBase' successfully

2018-06-05 12:17:31 - [TEST_CASE][PASSED] - Test Cases/Base Tests/OrderSignUpBase: Test Cases/Base Tests/OrderSignUpBase

2018-06-05 12:17:31 - [TEST_STEP][PASSED] - setText: Text 'Consumer' is set on object 'Object Repository/LoggedOutPages/OrderLoggedOut/FirstName_Input'

2018-06-05 12:17:31 - [MESSAGE][PASSED] - Text 'Consumer' is set on object 'Object Repository/LoggedOutPages/OrderLoggedOut/FirstName_Input'

2018-06-05 12:17:31 - [TEST_STEP][PASSED] - setText: Text 'Test' is set on object 'Object Repository/LoggedOutPages/OrderLoggedOut/LastName_Input'

2018-06-05 12:17:31 - [MESSAGE][PASSED] - Text 'Test' is set on object 'Object Repository/LoggedOutPages/OrderLoggedOut/LastName_Input'

2018-06-05 12:17:31 - [TEST_STEP][PASSED] - setText: Text 'test' is set on object 'Object Repository/LoggedOutPages/OrderLoggedOut/Address_Input'

2018-06-05 12:17:32 - [MESSAGE][PASSED] - Text 'test' is set on object 'Object Repository/LoggedOutPages/OrderLoggedOut/Address_Input'

2018-06-05 12:17:32 - [TEST_STEP][PASSED] - setText: Text 'test' is set on object 'Object Repository/LoggedOutPages/OrderLoggedOut/City_Input'

2018-06-05 12:17:32 - [MESSAGE][PASSED] - Text 'test' is set on object 'Object Repository/LoggedOutPages/OrderLoggedOut/City_Input'

2018-06-05 12:17:32 - [TEST_STEP][PASSED] - selectOptionByValue: All options with value 'TX' are selected in object 'Object Repository/LoggedOutPages/OrderLoggedOut/State_Dropdown' 

2018-06-05 12:17:32 - [MESSAGE][PASSED] - All options with value 'TX' are selected in object 'Object Repository/LoggedOutPages/OrderLoggedOut/State_Dropdown' 

2018-06-05 12:17:32 - [TEST_STEP][PASSED] - setText: Text '11111' is set on object 'Object Repository/LoggedOutPages/OrderLoggedOut/Zip_Input'

2018-06-05 12:17:32 - [MESSAGE][PASSED] - Text '11111' is set on object 'Object Repository/LoggedOutPages/OrderLoggedOut/Zip_Input'

2018-06-05 12:17:32 - [TEST_STEP][PASSED] - setText: Text '8001112233' is set on object 'Object Repository/LoggedOutPages/OrderLoggedOut/Phone_Input'

2018-06-05 12:17:33 - [MESSAGE][PASSED] - Text '8001112233' is set on object 'Object Repository/LoggedOutPages/OrderLoggedOut/Phone_Input'

2018-06-05 12:17:33 - [TEST_STEP][PASSED] - setText: Text 'consumer20180605121731233@mailinator.com' is set on object 'Object Repository/LoggedOutPages/OrderLoggedOut/Email_Input'

2018-06-05 12:17:34 - [MESSAGE][PASSED] - Text 'consumer20180605121731233@mailinator.com' is set on object 'Object Repository/LoggedOutPages/OrderLoggedOut/Email_Input'

2018-06-05 12:17:34 - [TEST_STEP][PASSED] - setText: Text '4000100011112224' is set on object 'Object Repository/LoggedOutPages/OrderLoggedOut/CcNumber_Input'

2018-06-05 12:17:34 - [MESSAGE][PASSED] - Text '4000100011112224' is set on object 'Object Repository/LoggedOutPages/OrderLoggedOut/CcNumber_Input'

2018-06-05 12:17:34 - [TEST_STEP][PASSED] - setText: Text '111' is set on object 'Object Repository/LoggedOutPages/OrderLoggedOut/CVV_Input'

2018-06-05 12:17:34 - [MESSAGE][PASSED] - Text '111' is set on object 'Object Repository/LoggedOutPages/OrderLoggedOut/CVV_Input'

2018-06-05 12:17:34 - [TEST_STEP][PASSED] - selectOptionByValue: All options with value '11' are selected in object 'Object Repository/LoggedOutPages/OrderLoggedOut/ExpirationMonth_Dropdown' 

2018-06-05 12:17:34 - [MESSAGE][PASSED] - All options with value '11' are selected in object 'Object Repository/LoggedOutPages/OrderLoggedOut/ExpirationMonth_Dropdown' 

2018-06-05 12:17:34 - [TEST_STEP][PASSED] - selectOptionByValue: All options with value '2020' are selected in object 'Object Repository/LoggedOutPages/OrderLoggedOut/ExpirationYear_Dropdown' 

2018-06-05 12:17:34 - [MESSAGE][PASSED] - All options with value '2020' are selected in object 'Object Repository/LoggedOutPages/OrderLoggedOut/ExpirationYear_Dropdown' 

2018-06-05 12:17:34 - [TEST_STEP][PASSED] - selectOptionByValue: All options with value '0' are selected in object 'Object Repository/LoggedOutPages/OrderLoggedOut/UserType_Dropdown' 

2018-06-05 12:17:35 - [MESSAGE][PASSED] - All options with value '0' are selected in object 'Object Repository/LoggedOutPages/OrderLoggedOut/UserType_Dropdown' 

2018-06-05 12:17:35 - [TEST_STEP][PASSED] - check: Object 'Object Repository/LoggedOutPages/OrderLoggedOut/Terms_Checkbox' is checked

2018-06-05 12:17:35 - [MESSAGE][PASSED] - Object 'Object Repository/LoggedOutPages/OrderLoggedOut/Terms_Checkbox' is checked

2018-06-05 12:17:35 - [TEST_STEP][PASSED] - click: Object: 'Object Repository/LoggedInPages/Order (react)/Purchase_Button' is clicked on

2018-06-05 12:17:35 - [MESSAGE][PASSED] - Object: 'Object Repository/LoggedInPages/Order (react)/Purchase_Button' is clicked on

2018-06-05 12:17:35 - [MESSAGE][PASSED] - Call Test Case 'Test Cases/Base Tests/OrderSignUpBase' successfully

2018-06-05 12:17:35 - [TEST_STEP][PASSED] - waitForElementClickable: Object 'Object Repository/LoggedInPages/Order (react)/CompletePurchase_Button' is clickable

2018-06-05 12:17:35 - [MESSAGE][WARNING] - Timeout '0' is invalid. Using default page load timeout: '30'

2018-06-05 12:17:35 - [MESSAGE][PASSED] - Object 'Object Repository/LoggedInPages/Order (react)/CompletePurchase_Button' is clickable

2018-06-05 12:17:35 - [TEST_STEP][PASSED] - verifyElementText: Actual text and expected text of test object 'Object Repository/LoggedInPages/Order (react)/Confirm_Price' are matched.

2018-06-05 12:17:35 - [MESSAGE][PASSED] - Actual text and expected text of test object 'Object Repository/LoggedInPages/Order (react)/Confirm_Price' are matched.

2018-06-05 12:17:35 - [TEST_STEP][PASSED] - click: Object: 'Object Repository/LoggedInPages/Order (react)/CompletePurchase_Button' is clicked on

2018-06-05 12:17:35 - [MESSAGE][PASSED] - Object: 'Object Repository/LoggedInPages/Order (react)/CompletePurchase_Button' is clicked on

2018-06-05 12:17:35 - [TEST_STEP][PASSED] - waitForElementPresent: Object 'Object Repository/LoggedInPages/Order (react)/VINCheckForm_EnterVINInput' is present

2018-06-05 12:17:36 - [MESSAGE][WARNING] - Timeout '0' is invalid. Using default page load timeout: '30'

2018-06-05 12:17:40 - [MESSAGE][PASSED] - Object 'Object Repository/LoggedInPages/Order (react)/VINCheckForm_EnterVINInput' is present

2018-06-05 12:17:40 - [TEST_STEP][PASSED] - waitForElementClickable: Object 'Object Repository/LoggedInPages/Order (react)/ViewReport_Button' is clickable

2018-06-05 12:17:40 - [MESSAGE][WARNING] - Timeout '0' is invalid. Using default page load timeout: '30'

2018-06-05 12:17:40 - [MESSAGE][PASSED] - Object 'Object Repository/LoggedInPages/Order (react)/ViewReport_Button' is clickable

2018-06-05 12:17:40 - [TEST_STEP][PASSED] - verifyTextPresent: Text 'Thank you for using instaVIN!' is present on page 

2018-06-05 12:17:40 - [MESSAGE][PASSED] - Text 'Thank you for using instaVIN!' is present on page 

2018-06-05 12:17:40 - [TEST_STEP][PASSED] - verifyElementText: Actual text and expected text of test object 'Object Repository/LoggedInPages/Order (react)/ViewReport - Vin' are matched.

2018-06-05 12:17:40 - [MESSAGE][PASSED] - Actual text and expected text of test object 'Object Repository/LoggedInPages/Order (react)/ViewReport - Vin' are matched.

2018-06-05 12:17:40 - [TEST_STEP][PASSED] - verifyElementText: Actual text and expected text of test object 'Object Repository/LoggedInPages/Order (react)/ViewReport - ReportType' are matched.

2018-06-05 12:17:40 - [MESSAGE][PASSED] - Actual text and expected text of test object 'Object Repository/LoggedInPages/Order (react)/ViewReport - ReportType' are matched.

2018-06-05 12:17:40 - [TEST_STEP][PASSED] - Statement - MyAccountURL = com.kms.katalon.core.webui.keyword.WebUiBuiltInKeywords.concatenate([StagingReact, "my-account"]): Concatenated string array: '['https://dev-front.instavin.com/','my-account']' into 'https://dev-front.instavin.com/my-account'

2018-06-05 12:17:40 - [MESSAGE][PASSED] - Concatenated string array: '['https://dev-front.instavin.com/','my-account']' into 'https://dev-front.instavin.com/my-account'

2018-06-05 12:17:40 - [TEST_STEP][PASSED] - navigateToUrl: Navigate to 'https://dev-front.instavin.com/my-account' successfully

2018-06-05 12:17:41 - [MESSAGE][PASSED] - Navigate to 'https://dev-front.instavin.com/my-account' successfully

2018-06-05 12:17:41 - [TEST_STEP][PASSED] - verifyElementText: Actual text and expected text of test object 'Object Repository/LoggedInPages/MyAccount/CreditsNumber' are matched.

2018-06-05 12:17:42 - [MESSAGE][PASSED] - Actual text and expected text of test object 'Object Repository/LoggedInPages/MyAccount/CreditsNumber' are matched.

2018-06-05 12:17:42 - [TEST_STEP][PASSED] - navigateToUrl: Navigate to 'https://dev-front.instavin.com/order/' successfully

2018-06-05 12:17:43 - [MESSAGE][PASSED] - Navigate to 'https://dev-front.instavin.com/order/' successfully

2018-06-05 12:17:43 - [TEST_STEP][PASSED] - waitForElementVisible: Object 'Object Repository/LoggedInPages/Order (react)/VINCheckForm_EnterVINInput' is visible

2018-06-05 12:17:43 - [MESSAGE][WARNING] - Timeout '0' is invalid. Using default page load timeout: '30'

2018-06-05 12:17:43 - [MESSAGE][PASSED] - Object 'Object Repository/LoggedInPages/Order (react)/VINCheckForm_EnterVINInput' is visible

2018-06-05 12:17:43 - [TEST_STEP][PASSED] - setText: Text 'WAURV78T18A018221' is set on object 'Object Repository/LoggedInPages/Order (react)/VINCheckForm_EnterVINInput'

2018-06-05 12:17:43 - [MESSAGE][PASSED] - Text 'WAURV78T18A018221' is set on object 'Object Repository/LoggedInPages/Order (react)/VINCheckForm_EnterVINInput'

2018-06-05 12:17:43 - [TEST_STEP][PASSED] - click: Object: 'Object Repository/LoggedInPages/Order (react)/CheckVin_ArrowButton' is clicked on

2018-06-05 12:17:43 - [MESSAGE][PASSED] - Object: 'Object Repository/LoggedInPages/Order (react)/CheckVin_ArrowButton' is clicked on

2018-06-05 12:17:43 - [TEST_STEP][PASSED] - waitForElementVisible: Object 'Object Repository/LoggedInPages/Order (react)/ChangeVIN_Cross' is visible

2018-06-05 12:17:43 - [MESSAGE][WARNING] - Timeout '0' is invalid. Using default page load timeout: '30'

2018-06-05 12:17:44 - [MESSAGE][PASSED] - Object 'Object Repository/LoggedInPages/Order (react)/ChangeVIN_Cross' is visible

2018-06-05 12:17:44 - [TEST_STEP][PASSED] - click: Object: 'Object Repository/LoggedInPages/Order (react)/FirstPricePoint' is clicked on

2018-06-05 12:17:44 - [MESSAGE][PASSED] - Object: 'Object Repository/LoggedInPages/Order (react)/FirstPricePoint' is clicked on

2018-06-05 12:17:44 - [TEST_STEP][PASSED] - verifyElementText: Actual text and expected text of test object 'Object Repository/LoggedInPages/Order (react)/Confirm_Price' are matched.

2018-06-05 12:17:44 - [MESSAGE][PASSED] - Actual text and expected text of test object 'Object Repository/LoggedInPages/Order (react)/Confirm_Price' are matched.

2018-06-05 12:17:44 - [TEST_STEP][PASSED] - verifyElementText: Actual text and expected text of test object 'Object Repository/LoggedInPages/Order (react)/FirstPricePointPrice' are matched.

2018-06-05 12:17:44 - [MESSAGE][PASSED] - Actual text and expected text of test object 'Object Repository/LoggedInPages/Order (react)/FirstPricePointPrice' are matched.

2018-06-05 12:17:44 - [TEST_STEP][PASSED] - delay: Delayed 1 second(s)

2018-06-05 12:17:45 - [MESSAGE][PASSED] - Delayed 1 second(s)

2018-06-05 12:17:45 - [TEST_STEP][PASSED] - verifyElementVisible: Object 'Object Repository/LoggedInPages/Order (react)/OrderNow_OrangeButton' is visible

2018-06-05 12:17:45 - [MESSAGE][PASSED] - Object 'Object Repository/LoggedInPages/Order (react)/OrderNow_OrangeButton' is visible

2018-06-05 12:17:45 - [TEST_STEP][PASSED] - click: Object: 'Object Repository/LoggedInPages/Order (react)/OrderNow_OrangeButton' is clicked on

2018-06-05 12:17:45 - [MESSAGE][PASSED] - Object: 'Object Repository/LoggedInPages/Order (react)/OrderNow_OrangeButton' is clicked on

2018-06-05 12:17:45 - [TEST_STEP][PASSED] - waitForElementVisible: Object 'Object Repository/LoggedInPages/Order (react)/OrderSummary_BuyCreditsMessage' is visible

2018-06-05 12:17:45 - [MESSAGE][WARNING] - Timeout '0' is invalid. Using default page load timeout: '30'

2018-06-05 12:17:45 - [MESSAGE][PASSED] - Object 'Object Repository/LoggedInPages/Order (react)/OrderSummary_BuyCreditsMessage' is visible

2018-06-05 12:17:45 - [TEST_STEP][PASSED] - scrollToElement: Scroll to object 'Object Repository/LoggedInPages/Order (react)/CompletePurchase_Button' successfully

2018-06-05 12:17:45 - [MESSAGE][WARNING] - Timeout '0' is invalid. Using default page load timeout: '30'

2018-06-05 12:17:45 - [MESSAGE][PASSED] - Scroll to object 'Object Repository/LoggedInPages/Order (react)/CompletePurchase_Button' successfully

2018-06-05 12:17:45 - [TEST_STEP][PASSED] - delay: Delayed 1 second(s)

2018-06-05 12:17:46 - [MESSAGE][PASSED] - Delayed 1 second(s)

2018-06-05 12:17:46 - [TEST_STEP][PASSED] - click: Object: 'Object Repository/LoggedInPages/Order (react)/CompletePurchase_Button' is clicked on

2018-06-05 12:17:46 - [MESSAGE][PASSED] - Object: 'Object Repository/LoggedInPages/Order (react)/CompletePurchase_Button' is clicked on

2018-06-05 12:17:46 - [TEST_STEP][PASSED] - waitForElementPresent: Object 'Object Repository/LoggedInPages/Order (react)/VINCheckForm_EnterVINInput' is present

2018-06-05 12:17:46 - [MESSAGE][WARNING] - Timeout '0' is invalid. Using default page load timeout: '30'

2018-06-05 12:17:47 - [MESSAGE][PASSED] - Object 'Object Repository/LoggedInPages/Order (react)/VINCheckForm_EnterVINInput' is present

2018-06-05 12:17:47 - [TEST_STEP][PASSED] - waitForElementClickable: Object 'Object Repository/LoggedInPages/Order (react)/ViewReport_Button' is clickable

2018-06-05 12:17:47 - [MESSAGE][WARNING] - Timeout '0' is invalid. Using default page load timeout: '30'

2018-06-05 12:17:47 - [MESSAGE][PASSED] - Object 'Object Repository/LoggedInPages/Order (react)/ViewReport_Button' is clickable

2018-06-05 12:17:47 - [TEST_STEP][PASSED] - verifyTextPresent: Text 'Thank you for using instaVIN!' is present on page 

2018-06-05 12:17:48 - [MESSAGE][PASSED] - Text 'Thank you for using instaVIN!' is present on page 

2018-06-05 12:17:48 - [TEST_STEP][PASSED] - verifyElementText: Actual text and expected text of test object 'Object Repository/LoggedInPages/Order (react)/ViewReport - Vin' are matched.

2018-06-05 12:17:48 - [MESSAGE][PASSED] - Actual text and expected text of test object 'Object Repository/LoggedInPages/Order (react)/ViewReport - Vin' are matched.

2018-06-05 12:17:48 - [TEST_STEP][PASSED] - navigateToUrl: Navigate to 'https://dev-front.instavin.com/my-account' successfully

2018-06-05 12:17:48 - [MESSAGE][PASSED] - Navigate to 'https://dev-front.instavin.com/my-account' successfully

2018-06-05 12:17:48 - [TEST_STEP][PASSED] - verifyElementText: Actual text and expected text of test object 'Object Repository/LoggedInPages/MyAccount/CreditsNumber' are matched.

2018-06-05 12:17:49 - [MESSAGE][PASSED] - Actual text and expected text of test object 'Object Repository/LoggedInPages/MyAccount/CreditsNumber' are matched.

2018-06-05 12:17:49 - [TEST_STEP][PASSED] - click: Object: 'Object Repository/LoggedInPages/MyAccount/BillingHistorySideMenu_Tab' is clicked on

2018-06-05 12:17:49 - [MESSAGE][PASSED] - Object: 'Object Repository/LoggedInPages/MyAccount/BillingHistorySideMenu_Tab' is clicked on

2018-06-05 12:17:49 - [TEST_STEP][PASSED] - waitForElementVisible: Object 'Object Repository/LoggedInPages/BillingHistory/Pager' is visible

2018-06-05 12:17:49 - [MESSAGE][WARNING] - Timeout '0' is invalid. Using default page load timeout: '30'

2018-06-05 12:17:49 - [MESSAGE][PASSED] - Object 'Object Repository/LoggedInPages/BillingHistory/Pager' is visible

2018-06-05 12:17:49 - [TEST_STEP][PASSED] - verifyElementText: Actual text and expected text of test object 'Object Repository/LoggedInPages/BillingHistory/FirstRow_Description' are matched.

2018-06-05 12:17:49 - [MESSAGE][PASSED] - Actual text and expected text of test object 'Object Repository/LoggedInPages/BillingHistory/FirstRow_Description' are matched.

2018-06-05 12:17:49 - [TEST_STEP][PASSED] - verifyElementNotPresent: Web element with id: 'Object Repository/LoggedInPages/BillingHistory/SecondRow_Description' located by 'By.xpath: //div[@class='ViewportContainer hidden-xs']//div[@class='GridContainer']/div[3]/div[2]' is not present after '30' second(s)

2018-06-05 12:17:49 - [MESSAGE][WARNING] - Timeout '0' is invalid. Using default page load timeout: '30'

2018-06-05 12:17:49 - [MESSAGE][PASSED] - Web element with id: 'Object Repository/LoggedInPages/BillingHistory/SecondRow_Description' located by 'By.xpath: //div[@class='ViewportContainer hidden-xs']//div[@class='GridContainer']/div[3]/div[2]' is not present after '30' second(s)

2018-06-05 12:17:49 - [TEST_STEP][PASSED] - closeBrowser: Browser is closed

2018-06-05 12:17:50 - [MESSAGE][PASSED] - Browser is closed]]></system-out>
         <system-err><![CDATA[]]></system-err>
      </testcase>
      <testcase name="Test Cases/Order - BuyVtr_WarningSalvageTitleRecall" classname="Test Cases/Order - BuyVtr_WarningSalvageTitleRecall" status="PASSED">
         <system-out><![CDATA[2018-06-05 12:17:50 - [TEST_CASE][PASSED] - Test Cases/Order - BuyVtr_WarningSalvageTitleRecall: Test Cases/Order - BuyVtr_WarningSalvageTitleRecall

2018-06-05 12:17:50 - [TEST_STEP][PASSED] - openBrowser: Browser is opened with url: ''

2018-06-05 12:17:53 - [MESSAGE][PASSED] - Browser is opened with url: ''

2018-06-05 12:17:53 - [TEST_STEP][PASSED] - maximizeWindow: Current window maximized

2018-06-05 12:17:54 - [MESSAGE][PASSED] - Current window maximized

2018-06-05 12:17:54 - [TEST_STEP][PASSED] - Statement - OrderURL = com.kms.katalon.core.webui.keyword.WebUiBuiltInKeywords.concatenate([StagingReact, "order/"]): Concatenated string array: '['https://dev-front.instavin.com/','order/']' into 'https://dev-front.instavin.com/order/'

2018-06-05 12:17:54 - [MESSAGE][PASSED] - Concatenated string array: '['https://dev-front.instavin.com/','order/']' into 'https://dev-front.instavin.com/order/'

2018-06-05 12:17:54 - [TEST_STEP][PASSED] - navigateToUrl: Navigate to 'https://dev-front.instavin.com/order/' successfully

2018-06-05 12:17:56 - [MESSAGE][PASSED] - Navigate to 'https://dev-front.instavin.com/order/' successfully

2018-06-05 12:17:56 - [TEST_STEP][PASSED] - waitForElementVisible: Object 'Object Repository/LoggedInPages/Order (react)/instaVINProducts_Label' is visible

2018-06-05 12:17:56 - [MESSAGE][WARNING] - Timeout '0' is invalid. Using default page load timeout: '30'

2018-06-05 12:17:56 - [MESSAGE][PASSED] - Object 'Object Repository/LoggedInPages/Order (react)/instaVINProducts_Label' is visible

2018-06-05 12:17:56 - [TEST_STEP][PASSED] - verifyElementText: Actual text and expected text of test object 'Object Repository/LoggedInPages/Order (react)/VtrPrice1' are matched.

2018-06-05 12:17:56 - [MESSAGE][PASSED] - Actual text and expected text of test object 'Object Repository/LoggedInPages/Order (react)/VtrPrice1' are matched.

2018-06-05 12:17:56 - [TEST_STEP][PASSED] - verifyElementText: Actual text and expected text of test object 'Object Repository/LoggedInPages/Order (react)/VtrPrice10' are matched.

2018-06-05 12:17:56 - [MESSAGE][PASSED] - Actual text and expected text of test object 'Object Repository/LoggedInPages/Order (react)/VtrPrice10' are matched.

2018-06-05 12:17:56 - [TEST_STEP][PASSED] - setText: Text '2B3CM5CT4BH521954' is set on object 'Object Repository/LoggedInPages/Order (react)/VINCheckForm_EnterVINInput'

2018-06-05 12:17:56 - [MESSAGE][PASSED] - Text '2B3CM5CT4BH521954' is set on object 'Object Repository/LoggedInPages/Order (react)/VINCheckForm_EnterVINInput'

2018-06-05 12:17:56 - [TEST_STEP][PASSED] - click: Object: 'Object Repository/LoggedInPages/Order (react)/CheckVin_ArrowButton' is clicked on

2018-06-05 12:17:56 - [MESSAGE][PASSED] - Object: 'Object Repository/LoggedInPages/Order (react)/CheckVin_ArrowButton' is clicked on

2018-06-05 12:17:56 - [TEST_STEP][PASSED] - waitForElementVisible: Object 'Object Repository/LoggedInPages/Order (react)/ChangeVIN_Cross' is visible

2018-06-05 12:17:56 - [MESSAGE][WARNING] - Timeout '0' is invalid. Using default page load timeout: '30'

2018-06-05 12:17:57 - [MESSAGE][PASSED] - Object 'Object Repository/LoggedInPages/Order (react)/ChangeVIN_Cross' is visible

2018-06-05 12:17:57 - [TEST_STEP][PASSED] - click: Object: 'Object Repository/LoggedInPages/Order (react)/FirstPricePoint' is clicked on

2018-06-05 12:17:57 - [MESSAGE][PASSED] - Object: 'Object Repository/LoggedInPages/Order (react)/FirstPricePoint' is clicked on

2018-06-05 12:17:57 - [TEST_STEP][PASSED] - Statement - Price = com.kms.katalon.core.webui.keyword.WebUiBuiltInKeywords.concatenate(["Only ", Vtr1]): Concatenated string array: '['Only ','$6.99']' into 'Only $6.99'

2018-06-05 12:17:57 - [MESSAGE][PASSED] - Concatenated string array: '['Only ','$6.99']' into 'Only $6.99'

2018-06-05 12:17:57 - [TEST_STEP][PASSED] - verifyElementText: Actual text and expected text of test object 'Object Repository/LoggedInPages/Order (react)/Confirm_Price' are matched.

2018-06-05 12:17:57 - [MESSAGE][PASSED] - Actual text and expected text of test object 'Object Repository/LoggedInPages/Order (react)/Confirm_Price' are matched.

2018-06-05 12:17:57 - [TEST_STEP][PASSED] - delay: Delayed 1 second(s)

2018-06-05 12:17:58 - [MESSAGE][PASSED] - Delayed 1 second(s)

2018-06-05 12:17:58 - [TEST_STEP][PASSED] - verifyElementVisible: Object 'Object Repository/LoggedInPages/Order (react)/OrderNow_OrangeButton' is visible

2018-06-05 12:17:58 - [MESSAGE][PASSED] - Object 'Object Repository/LoggedInPages/Order (react)/OrderNow_OrangeButton' is visible

2018-06-05 12:17:58 - [TEST_STEP][PASSED] - click: Object: 'Object Repository/LoggedInPages/Order (react)/OrderNow_OrangeButton' is clicked on

2018-06-05 12:17:58 - [MESSAGE][PASSED] - Object: 'Object Repository/LoggedInPages/Order (react)/OrderNow_OrangeButton' is clicked on

2018-06-05 12:17:58 - [TEST_STEP][PASSED] - waitForElementVisible: Object 'Object Repository/LoggedInPages/Order (react)/Purchase_Button' is visible

2018-06-05 12:17:58 - [MESSAGE][WARNING] - Timeout '0' is invalid. Using default page load timeout: '30'

2018-06-05 12:17:58 - [MESSAGE][PASSED] - Object 'Object Repository/LoggedInPages/Order (react)/Purchase_Button' is visible

2018-06-05 12:17:58 - [TEST_STEP][PASSED] - Statement - now = new java.util.Date(): null

2018-06-05 12:17:58 - [TEST_STEP][PASSED] - Statement - rnd = now.format("yyyyMMddHHmmssSSS").toString(): null

2018-06-05 12:17:58 - [TEST_STEP][PASSED] - Statement - Email = com.kms.katalon.core.webui.keyword.WebUiBuiltInKeywords.concatenate(["consumer", rnd, "@mailinator.com"]): Concatenated string array: '['consumer','20180605121758796','@mailinator.com']' into 'consumer20180605121758796@mailinator.com'

2018-06-05 12:17:58 - [MESSAGE][PASSED] - Concatenated string array: '['consumer','20180605121758796','@mailinator.com']' into 'consumer20180605121758796@mailinator.com'

2018-06-05 12:17:58 - [TEST_STEP][PASSED] - callTestCase: Call Test Case 'Test Cases/Base Tests/OrderSignUpBase' successfully

2018-06-05 12:17:58 - [TEST_CASE][PASSED] - Test Cases/Base Tests/OrderSignUpBase: Test Cases/Base Tests/OrderSignUpBase

2018-06-05 12:17:58 - [TEST_STEP][PASSED] - setText: Text 'Consumer' is set on object 'Object Repository/LoggedOutPages/OrderLoggedOut/FirstName_Input'

2018-06-05 12:17:59 - [MESSAGE][PASSED] - Text 'Consumer' is set on object 'Object Repository/LoggedOutPages/OrderLoggedOut/FirstName_Input'

2018-06-05 12:17:59 - [TEST_STEP][PASSED] - setText: Text 'Test' is set on object 'Object Repository/LoggedOutPages/OrderLoggedOut/LastName_Input'

2018-06-05 12:17:59 - [MESSAGE][PASSED] - Text 'Test' is set on object 'Object Repository/LoggedOutPages/OrderLoggedOut/LastName_Input'

2018-06-05 12:17:59 - [TEST_STEP][PASSED] - setText: Text 'test' is set on object 'Object Repository/LoggedOutPages/OrderLoggedOut/Address_Input'

2018-06-05 12:17:59 - [MESSAGE][PASSED] - Text 'test' is set on object 'Object Repository/LoggedOutPages/OrderLoggedOut/Address_Input'

2018-06-05 12:17:59 - [TEST_STEP][PASSED] - setText: Text 'test' is set on object 'Object Repository/LoggedOutPages/OrderLoggedOut/City_Input'

2018-06-05 12:18:00 - [MESSAGE][PASSED] - Text 'test' is set on object 'Object Repository/LoggedOutPages/OrderLoggedOut/City_Input'

2018-06-05 12:18:00 - [TEST_STEP][PASSED] - selectOptionByValue: All options with value 'TX' are selected in object 'Object Repository/LoggedOutPages/OrderLoggedOut/State_Dropdown' 

2018-06-05 12:18:00 - [MESSAGE][PASSED] - All options with value 'TX' are selected in object 'Object Repository/LoggedOutPages/OrderLoggedOut/State_Dropdown' 

2018-06-05 12:18:00 - [TEST_STEP][PASSED] - setText: Text '11111' is set on object 'Object Repository/LoggedOutPages/OrderLoggedOut/Zip_Input'

2018-06-05 12:18:00 - [MESSAGE][PASSED] - Text '11111' is set on object 'Object Repository/LoggedOutPages/OrderLoggedOut/Zip_Input'

2018-06-05 12:18:00 - [TEST_STEP][PASSED] - setText: Text '8001112233' is set on object 'Object Repository/LoggedOutPages/OrderLoggedOut/Phone_Input'

2018-06-05 12:18:00 - [MESSAGE][PASSED] - Text '8001112233' is set on object 'Object Repository/LoggedOutPages/OrderLoggedOut/Phone_Input'

2018-06-05 12:18:00 - [TEST_STEP][PASSED] - setText: Text 'consumer20180605121758796@mailinator.com' is set on object 'Object Repository/LoggedOutPages/OrderLoggedOut/Email_Input'

2018-06-05 12:18:01 - [MESSAGE][PASSED] - Text 'consumer20180605121758796@mailinator.com' is set on object 'Object Repository/LoggedOutPages/OrderLoggedOut/Email_Input'

2018-06-05 12:18:01 - [TEST_STEP][PASSED] - setText: Text '4000100011112224' is set on object 'Object Repository/LoggedOutPages/OrderLoggedOut/CcNumber_Input'

2018-06-05 12:18:01 - [MESSAGE][PASSED] - Text '4000100011112224' is set on object 'Object Repository/LoggedOutPages/OrderLoggedOut/CcNumber_Input'

2018-06-05 12:18:01 - [TEST_STEP][PASSED] - setText: Text '111' is set on object 'Object Repository/LoggedOutPages/OrderLoggedOut/CVV_Input'

2018-06-05 12:18:02 - [MESSAGE][PASSED] - Text '111' is set on object 'Object Repository/LoggedOutPages/OrderLoggedOut/CVV_Input'

2018-06-05 12:18:02 - [TEST_STEP][PASSED] - selectOptionByValue: All options with value '11' are selected in object 'Object Repository/LoggedOutPages/OrderLoggedOut/ExpirationMonth_Dropdown' 

2018-06-05 12:18:02 - [MESSAGE][PASSED] - All options with value '11' are selected in object 'Object Repository/LoggedOutPages/OrderLoggedOut/ExpirationMonth_Dropdown' 

2018-06-05 12:18:02 - [TEST_STEP][PASSED] - selectOptionByValue: All options with value '2020' are selected in object 'Object Repository/LoggedOutPages/OrderLoggedOut/ExpirationYear_Dropdown' 

2018-06-05 12:18:02 - [MESSAGE][PASSED] - All options with value '2020' are selected in object 'Object Repository/LoggedOutPages/OrderLoggedOut/ExpirationYear_Dropdown' 

2018-06-05 12:18:02 - [TEST_STEP][PASSED] - selectOptionByValue: All options with value '0' are selected in object 'Object Repository/LoggedOutPages/OrderLoggedOut/UserType_Dropdown' 

2018-06-05 12:18:02 - [MESSAGE][PASSED] - All options with value '0' are selected in object 'Object Repository/LoggedOutPages/OrderLoggedOut/UserType_Dropdown' 

2018-06-05 12:18:02 - [TEST_STEP][PASSED] - check: Object 'Object Repository/LoggedOutPages/OrderLoggedOut/Terms_Checkbox' is checked

2018-06-05 12:18:02 - [MESSAGE][PASSED] - Object 'Object Repository/LoggedOutPages/OrderLoggedOut/Terms_Checkbox' is checked

2018-06-05 12:18:02 - [TEST_STEP][PASSED] - click: Object: 'Object Repository/LoggedInPages/Order (react)/Purchase_Button' is clicked on

2018-06-05 12:18:03 - [MESSAGE][PASSED] - Object: 'Object Repository/LoggedInPages/Order (react)/Purchase_Button' is clicked on

2018-06-05 12:18:03 - [MESSAGE][PASSED] - Call Test Case 'Test Cases/Base Tests/OrderSignUpBase' successfully

2018-06-05 12:18:03 - [TEST_STEP][PASSED] - waitForElementClickable: Object 'Object Repository/LoggedInPages/Order (react)/CompletePurchase_Button' is clickable

2018-06-05 12:18:03 - [MESSAGE][WARNING] - Timeout '0' is invalid. Using default page load timeout: '30'

2018-06-05 12:18:03 - [MESSAGE][PASSED] - Object 'Object Repository/LoggedInPages/Order (react)/CompletePurchase_Button' is clickable

2018-06-05 12:18:03 - [TEST_STEP][PASSED] - verifyElementText: Actual text and expected text of test object 'Object Repository/LoggedInPages/Order (react)/Confirm_Price' are matched.

2018-06-05 12:18:03 - [MESSAGE][PASSED] - Actual text and expected text of test object 'Object Repository/LoggedInPages/Order (react)/Confirm_Price' are matched.

2018-06-05 12:18:03 - [TEST_STEP][PASSED] - click: Object: 'Object Repository/LoggedInPages/Order (react)/CompletePurchase_Button' is clicked on

2018-06-05 12:18:03 - [MESSAGE][PASSED] - Object: 'Object Repository/LoggedInPages/Order (react)/CompletePurchase_Button' is clicked on

2018-06-05 12:18:03 - [TEST_STEP][PASSED] - waitForElementPresent: Object 'Object Repository/LoggedInPages/Order (react)/VINCheckForm_EnterVINInput' is present

2018-06-05 12:18:03 - [MESSAGE][WARNING] - Timeout '0' is invalid. Using default page load timeout: '30'

2018-06-05 12:18:08 - [MESSAGE][PASSED] - Object 'Object Repository/LoggedInPages/Order (react)/VINCheckForm_EnterVINInput' is present

2018-06-05 12:18:08 - [TEST_STEP][PASSED] - waitForElementClickable: Object 'Object Repository/LoggedInPages/Order (react)/ViewReport_Button' is clickable

2018-06-05 12:18:08 - [MESSAGE][WARNING] - Timeout '0' is invalid. Using default page load timeout: '30'

2018-06-05 12:18:08 - [MESSAGE][PASSED] - Object 'Object Repository/LoggedInPages/Order (react)/ViewReport_Button' is clickable

2018-06-05 12:18:08 - [TEST_STEP][PASSED] - verifyTextPresent: Text 'Thank you for using instaVIN!' is present on page 

2018-06-05 12:18:08 - [MESSAGE][PASSED] - Text 'Thank you for using instaVIN!' is present on page 

2018-06-05 12:18:08 - [TEST_STEP][PASSED] - verifyElementText: Actual text and expected text of test object 'Object Repository/LoggedInPages/Order (react)/ViewReport - Vin' are matched.

2018-06-05 12:18:08 - [MESSAGE][PASSED] - Actual text and expected text of test object 'Object Repository/LoggedInPages/Order (react)/ViewReport - Vin' are matched.

2018-06-05 12:18:08 - [TEST_STEP][PASSED] - verifyElementText: Actual text and expected text of test object 'Object Repository/LoggedInPages/Order (react)/ViewReport - ReportType' are matched.

2018-06-05 12:18:08 - [MESSAGE][PASSED] - Actual text and expected text of test object 'Object Repository/LoggedInPages/Order (react)/ViewReport - ReportType' are matched.

2018-06-05 12:18:08 - [TEST_STEP][PASSED] - click: Object: 'Object Repository/LoggedInPages/Order (react)/ViewReport_Button' is clicked on

2018-06-05 12:18:10 - [MESSAGE][PASSED] - Object: 'Object Repository/LoggedInPages/Order (react)/ViewReport_Button' is clicked on

2018-06-05 12:18:10 - [TEST_STEP][PASSED] - waitForElementVisible: Object 'Object Repository/LoggedInPages/ReportSummary/ReportHeader' is visible

2018-06-05 12:18:10 - [MESSAGE][WARNING] - Timeout '0' is invalid. Using default page load timeout: '30'

2018-06-05 12:18:10 - [MESSAGE][PASSED] - Object 'Object Repository/LoggedInPages/ReportSummary/ReportHeader' is visible

2018-06-05 12:18:10 - [TEST_STEP][PASSED] - verifyElementText: Actual text and expected text of test object 'Object Repository/LoggedInPages/ReportSummary/VehicleTitle' are matched.

2018-06-05 12:18:10 - [MESSAGE][PASSED] - Actual text and expected text of test object 'Object Repository/LoggedInPages/ReportSummary/VehicleTitle' are matched.

2018-06-05 12:18:10 - [TEST_STEP][PASSED] - verifyElementAttributeValue: Object 'Object Repository/LoggedInPages/ReportSummary/ReportType' has attribute 'class' with value 'ReportGrade AlertDanger'

2018-06-05 12:18:10 - [MESSAGE][WARNING] - Timeout '0' is invalid. Using default page load timeout: '30'

2018-06-05 12:18:10 - [MESSAGE][PASSED] - Object 'Object Repository/LoggedInPages/ReportSummary/ReportType' has attribute 'class' with value 'ReportGrade AlertDanger'

2018-06-05 12:18:10 - [TEST_STEP][PASSED] - verifyElementText: Actual text and expected text of test object 'Object Repository/LoggedInPages/ReportSummary/ReportType' are matched.

2018-06-05 12:18:10 - [MESSAGE][PASSED] - Actual text and expected text of test object 'Object Repository/LoggedInPages/ReportSummary/ReportType' are matched.

2018-06-05 12:18:10 - [TEST_STEP][PASSED] - verifyElementAttributeValue: Object 'Object Repository/LoggedInPages/ReportSummary/VehicleSpecsStatus' has attribute 'class' with value 'SummaryAlertContainer AlertSuccess'

2018-06-05 12:18:10 - [MESSAGE][WARNING] - Timeout '0' is invalid. Using default page load timeout: '30'

2018-06-05 12:18:10 - [MESSAGE][PASSED] - Object 'Object Repository/LoggedInPages/ReportSummary/VehicleSpecsStatus' has attribute 'class' with value 'SummaryAlertContainer AlertSuccess'

2018-06-05 12:18:10 - [TEST_STEP][PASSED] - verifyElementAttributeValue: Object 'Object Repository/LoggedInPages/ReportSummary/JunkSalvageStatus' has attribute 'class' with value 'SummaryAlertContainer AlertDanger'

2018-06-05 12:18:10 - [MESSAGE][WARNING] - Timeout '0' is invalid. Using default page load timeout: '30'

2018-06-05 12:18:10 - [MESSAGE][PASSED] - Object 'Object Repository/LoggedInPages/ReportSummary/JunkSalvageStatus' has attribute 'class' with value 'SummaryAlertContainer AlertDanger'

2018-06-05 12:18:10 - [TEST_STEP][PASSED] - verifyElementAttributeValue: Object 'Object Repository/LoggedInPages/ReportSummary/TitleStatus' has attribute 'class' with value 'SummaryAlertContainer AlertDanger'

2018-06-05 12:18:10 - [MESSAGE][WARNING] - Timeout '0' is invalid. Using default page load timeout: '30'

2018-06-05 12:18:10 - [MESSAGE][PASSED] - Object 'Object Repository/LoggedInPages/ReportSummary/TitleStatus' has attribute 'class' with value 'SummaryAlertContainer AlertDanger'

2018-06-05 12:18:10 - [TEST_STEP][PASSED] - verifyElementAttributeValue: Object 'Object Repository/LoggedInPages/ReportSummary/OtherStatus' has attribute 'class' with value 'SummaryAlertContainer AlertWarning'

2018-06-05 12:18:10 - [MESSAGE][WARNING] - Timeout '0' is invalid. Using default page load timeout: '30'

2018-06-05 12:18:11 - [MESSAGE][PASSED] - Object 'Object Repository/LoggedInPages/ReportSummary/OtherStatus' has attribute 'class' with value 'SummaryAlertContainer AlertWarning'

2018-06-05 12:18:11 - [TEST_STEP][PASSED] - verifyElementAttributeValue: Object 'Object Repository/LoggedInPages/ReportSummary/VehicleRecallStatus' has attribute 'class' with value 'SummaryAlertContainer AlertDanger'

2018-06-05 12:18:11 - [MESSAGE][WARNING] - Timeout '0' is invalid. Using default page load timeout: '30'

2018-06-05 12:18:11 - [MESSAGE][PASSED] - Object 'Object Repository/LoggedInPages/ReportSummary/VehicleRecallStatus' has attribute 'class' with value 'SummaryAlertContainer AlertDanger'

2018-06-05 12:18:11 - [TEST_STEP][PASSED] - verifyElementText: Actual text and expected text of test object 'Object Repository/LoggedInPages/ReportSummary/OdometerStatus' are matched.

2018-06-05 12:18:11 - [MESSAGE][PASSED] - Actual text and expected text of test object 'Object Repository/LoggedInPages/ReportSummary/OdometerStatus' are matched.

2018-06-05 12:18:11 - [TEST_STEP][PASSED] - navigateToUrl: Navigate to 'https://dev-front.instavin.com/order/' successfully

2018-06-05 12:18:12 - [MESSAGE][PASSED] - Navigate to 'https://dev-front.instavin.com/order/' successfully

2018-06-05 12:18:12 - [TEST_STEP][PASSED] - verifyElementText: Actual text and expected text of test object 'Object Repository/LoggedInPages/Order (react)/VtrPrice1' are matched.

2018-06-05 12:18:13 - [MESSAGE][PASSED] - Actual text and expected text of test object 'Object Repository/LoggedInPages/Order (react)/VtrPrice1' are matched.

2018-06-05 12:18:13 - [TEST_STEP][PASSED] - verifyElementText: Actual text and expected text of test object 'Object Repository/LoggedInPages/Order (react)/VtrPrice10' are matched.

2018-06-05 12:18:13 - [MESSAGE][PASSED] - Actual text and expected text of test object 'Object Repository/LoggedInPages/Order (react)/VtrPrice10' are matched.

2018-06-05 12:18:13 - [TEST_STEP][PASSED] - closeBrowser: Browser is closed

2018-06-05 12:18:13 - [MESSAGE][PASSED] - Browser is closed]]></system-out>
         <system-err><![CDATA[]]></system-err>
      </testcase>
      <testcase name="Test Cases/Order - ByVtrGrantCredits" classname="Test Cases/Order - ByVtrGrantCredits" status="PASSED">
         <system-out><![CDATA[2018-06-05 12:18:13 - [TEST_CASE][PASSED] - Test Cases/Order - ByVtrGrantCredits: Test Cases/Order - ByVtrGrantCredits

2018-06-05 12:18:14 - [TEST_STEP][PASSED] - Statement - now = new java.util.Date(): null

2018-06-05 12:18:14 - [TEST_STEP][PASSED] - Statement - rnd = now.format("yyyyMMddHHmmssSSS").toString(): null

2018-06-05 12:18:14 - [TEST_STEP][PASSED] - Statement - Email = com.kms.katalon.core.webui.keyword.WebUiBuiltInKeywords.concatenate(["buyer", rnd, "@mailinator.com"]): Concatenated string array: '['buyer','20180605121814239','@mailinator.com']' into 'buyer20180605121814239@mailinator.com'

2018-06-05 12:18:14 - [MESSAGE][PASSED] - Concatenated string array: '['buyer','20180605121814239','@mailinator.com']' into 'buyer20180605121814239@mailinator.com'

2018-06-05 12:18:14 - [TEST_STEP][PASSED] - callTestCase: Call Test Case 'Test Cases/Base Tests/SignUpConsumerBase' successfully

2018-06-05 12:18:14 - [TEST_CASE][PASSED] - Test Cases/Base Tests/SignUpConsumerBase: Test Cases/Base Tests/SignUpConsumerBase

2018-06-05 12:18:14 - [TEST_STEP][PASSED] - openBrowser: Browser is opened with url: ''

2018-06-05 12:18:16 - [MESSAGE][PASSED] - Browser is opened with url: ''

2018-06-05 12:18:16 - [TEST_STEP][PASSED] - maximizeWindow: Current window maximized

2018-06-05 12:18:18 - [MESSAGE][PASSED] - Current window maximized

2018-06-05 12:18:18 - [TEST_STEP][PASSED] - Statement - StartURL = com.kms.katalon.core.webui.keyword.WebUiBuiltInKeywords.concatenate([StagingReact, "create-account"]): Concatenated string array: '['https://dev-front.instavin.com/','create-account']' into 'https://dev-front.instavin.com/create-account'

2018-06-05 12:18:18 - [MESSAGE][PASSED] - Concatenated string array: '['https://dev-front.instavin.com/','create-account']' into 'https://dev-front.instavin.com/create-account'

2018-06-05 12:18:18 - [TEST_STEP][PASSED] - navigateToUrl: Navigate to 'https://dev-front.instavin.com/create-account' successfully

2018-06-05 12:18:20 - [MESSAGE][PASSED] - Navigate to 'https://dev-front.instavin.com/create-account' successfully

2018-06-05 12:18:20 - [TEST_STEP][PASSED] - verifyElementText: Actual text and expected text of test object 'Object Repository/LoggedOutPages/CreateAccount/Copy_Label' are matched.

2018-06-05 12:18:20 - [MESSAGE][PASSED] - Actual text and expected text of test object 'Object Repository/LoggedOutPages/CreateAccount/Copy_Label' are matched.

2018-06-05 12:18:20 - [TEST_STEP][PASSED] - setText: Text 'Consumer' is set on object 'Object Repository/LoggedOutPages/CreateAccount/FirstName_Input'

2018-06-05 12:18:20 - [MESSAGE][PASSED] - Text 'Consumer' is set on object 'Object Repository/LoggedOutPages/CreateAccount/FirstName_Input'

2018-06-05 12:18:20 - [TEST_STEP][PASSED] - setText: Text 'Test' is set on object 'Object Repository/LoggedOutPages/CreateAccount/LastName_Input'

2018-06-05 12:18:20 - [MESSAGE][PASSED] - Text 'Test' is set on object 'Object Repository/LoggedOutPages/CreateAccount/LastName_Input'

2018-06-05 12:18:20 - [TEST_STEP][PASSED] - setText: Text 'test' is set on object 'Object Repository/LoggedOutPages/CreateAccount/Address_Input'

2018-06-05 12:18:20 - [MESSAGE][PASSED] - Text 'test' is set on object 'Object Repository/LoggedOutPages/CreateAccount/Address_Input'

2018-06-05 12:18:20 - [TEST_STEP][PASSED] - setText: Text 'test' is set on object 'Object Repository/LoggedOutPages/CreateAccount/City_Input'

2018-06-05 12:18:20 - [MESSAGE][PASSED] - Text 'test' is set on object 'Object Repository/LoggedOutPages/CreateAccount/City_Input'

2018-06-05 12:18:20 - [TEST_STEP][PASSED] - selectOptionByValue: All options with value 'CA' are selected in object 'Object Repository/LoggedOutPages/CreateAccount/State_Dropdown' 

2018-06-05 12:18:21 - [MESSAGE][PASSED] - All options with value 'CA' are selected in object 'Object Repository/LoggedOutPages/CreateAccount/State_Dropdown' 

2018-06-05 12:18:21 - [TEST_STEP][PASSED] - setText: Text '11111' is set on object 'Object Repository/LoggedOutPages/CreateAccount/Zip_Input'

2018-06-05 12:18:21 - [MESSAGE][PASSED] - Text '11111' is set on object 'Object Repository/LoggedOutPages/CreateAccount/Zip_Input'

2018-06-05 12:18:21 - [TEST_STEP][PASSED] - setText: Text '8001112233' is set on object 'Object Repository/LoggedOutPages/CreateAccount/Phone_Input'

2018-06-05 12:18:21 - [MESSAGE][PASSED] - Text '8001112233' is set on object 'Object Repository/LoggedOutPages/CreateAccount/Phone_Input'

2018-06-05 12:18:21 - [TEST_STEP][PASSED] - setText: Text 'Consumer' is set on object 'Object Repository/LoggedOutPages/CreateAccount/BillingFirstName_Input'

2018-06-05 12:18:21 - [MESSAGE][PASSED] - Text 'Consumer' is set on object 'Object Repository/LoggedOutPages/CreateAccount/BillingFirstName_Input'

2018-06-05 12:18:21 - [TEST_STEP][PASSED] - setText: Text 'Test' is set on object 'Object Repository/LoggedOutPages/CreateAccount/BillingLastName_Input'

2018-06-05 12:18:22 - [MESSAGE][PASSED] - Text 'Test' is set on object 'Object Repository/LoggedOutPages/CreateAccount/BillingLastName_Input'

2018-06-05 12:18:22 - [TEST_STEP][PASSED] - setText: Text 'test' is set on object 'Object Repository/LoggedOutPages/CreateAccount/BillingAddress_Input'

2018-06-05 12:18:22 - [MESSAGE][PASSED] - Text 'test' is set on object 'Object Repository/LoggedOutPages/CreateAccount/BillingAddress_Input'

2018-06-05 12:18:22 - [TEST_STEP][PASSED] - setText: Text '11111' is set on object 'Object Repository/LoggedOutPages/CreateAccount/BillingZip_Input'

2018-06-05 12:18:22 - [MESSAGE][PASSED] - Text '11111' is set on object 'Object Repository/LoggedOutPages/CreateAccount/BillingZip_Input'

2018-06-05 12:18:22 - [TEST_STEP][PASSED] - setText: Text '4000100011112224' is set on object 'Object Repository/LoggedOutPages/CreateAccount/CcNumber_Input'

2018-06-05 12:18:22 - [MESSAGE][PASSED] - Text '4000100011112224' is set on object 'Object Repository/LoggedOutPages/CreateAccount/CcNumber_Input'

2018-06-05 12:18:22 - [TEST_STEP][PASSED] - selectOptionByValue: All options with value '6' are selected in object 'Object Repository/LoggedOutPages/CreateAccount/ExpirationMonth_Dropdown' 

2018-06-05 12:18:23 - [MESSAGE][PASSED] - All options with value '6' are selected in object 'Object Repository/LoggedOutPages/CreateAccount/ExpirationMonth_Dropdown' 

2018-06-05 12:18:23 - [TEST_STEP][PASSED] - setText: Text '111' is set on object 'Object Repository/LoggedOutPages/CreateAccount/CVV_Input'

2018-06-05 12:18:23 - [MESSAGE][PASSED] - Text '111' is set on object 'Object Repository/LoggedOutPages/CreateAccount/CVV_Input'

2018-06-05 12:18:23 - [TEST_STEP][PASSED] - selectOptionByValue: All options with value '2020' are selected in object 'Object Repository/LoggedOutPages/CreateAccount/ExpirationYear_Dropdown' 

2018-06-05 12:18:23 - [MESSAGE][PASSED] - All options with value '2020' are selected in object 'Object Repository/LoggedOutPages/CreateAccount/ExpirationYear_Dropdown' 

2018-06-05 12:18:23 - [TEST_STEP][PASSED] - setText: Text 'buyer20180605121814239@mailinator.com' is set on object 'Object Repository/LoggedOutPages/CreateAccount/Email_Input'

2018-06-05 12:18:24 - [MESSAGE][PASSED] - Text 'buyer20180605121814239@mailinator.com' is set on object 'Object Repository/LoggedOutPages/CreateAccount/Email_Input'

2018-06-05 12:18:24 - [TEST_STEP][PASSED] - setText: Text 'buyer20180605121814239@mailinator.com' is set on object 'Object Repository/LoggedOutPages/CreateAccount/ConfirmEmail_Input'

2018-06-05 12:18:24 - [MESSAGE][PASSED] - Text 'buyer20180605121814239@mailinator.com' is set on object 'Object Repository/LoggedOutPages/CreateAccount/ConfirmEmail_Input'

2018-06-05 12:18:24 - [TEST_STEP][PASSED] - setText: Text '111111' is set on object 'Object Repository/LoggedOutPages/CreateAccount/Password_Input'

2018-06-05 12:18:24 - [MESSAGE][PASSED] - Text '111111' is set on object 'Object Repository/LoggedOutPages/CreateAccount/Password_Input'

2018-06-05 12:18:24 - [TEST_STEP][PASSED] - setText: Text '111111' is set on object 'Object Repository/LoggedOutPages/CreateAccount/ConfirmPassword_Input'

2018-06-05 12:18:25 - [MESSAGE][PASSED] - Text '111111' is set on object 'Object Repository/LoggedOutPages/CreateAccount/ConfirmPassword_Input'

2018-06-05 12:18:25 - [TEST_STEP][PASSED] - check: Object 'Object Repository/LoggedOutPages/CreateAccount/AcceptTos_Checkbox' is checked

2018-06-05 12:18:25 - [MESSAGE][PASSED] - Object 'Object Repository/LoggedOutPages/CreateAccount/AcceptTos_Checkbox' is checked

2018-06-05 12:18:25 - [TEST_STEP][PASSED] - click: Object: 'Object Repository/LoggedOutPages/CreateAccount/Submit_button' is clicked on

2018-06-05 12:18:25 - [MESSAGE][PASSED] - Object: 'Object Repository/LoggedOutPages/CreateAccount/Submit_button' is clicked on

2018-06-05 12:18:25 - [MESSAGE][PASSED] - Call Test Case 'Test Cases/Base Tests/SignUpConsumerBase' successfully

2018-06-05 12:18:25 - [TEST_STEP][PASSED] - waitForElementVisible: Object 'Object Repository/LoggedInPages/MyAccount/Account_Header' is visible

2018-06-05 12:18:25 - [MESSAGE][WARNING] - Timeout '0' is invalid. Using default page load timeout: '30'

2018-06-05 12:18:27 - [MESSAGE][PASSED] - Object 'Object Repository/LoggedInPages/MyAccount/Account_Header' is visible

2018-06-05 12:18:27 - [TEST_STEP][PASSED] - verifyElementText: Actual text and expected text of test object 'Object Repository/LoggedInPages/MyAccount/Account_Header' are matched.

2018-06-05 12:18:28 - [MESSAGE][PASSED] - Actual text and expected text of test object 'Object Repository/LoggedInPages/MyAccount/Account_Header' are matched.

2018-06-05 12:18:28 - [TEST_STEP][PASSED] - Statement - OrderURL = com.kms.katalon.core.webui.keyword.WebUiBuiltInKeywords.concatenate([StagingReact, "order/"]): Concatenated string array: '['https://dev-front.instavin.com/','order/']' into 'https://dev-front.instavin.com/order/'

2018-06-05 12:18:28 - [MESSAGE][PASSED] - Concatenated string array: '['https://dev-front.instavin.com/','order/']' into 'https://dev-front.instavin.com/order/'

2018-06-05 12:18:28 - [TEST_STEP][PASSED] - navigateToUrl: Navigate to 'https://dev-front.instavin.com/order/' successfully

2018-06-05 12:18:28 - [MESSAGE][PASSED] - Navigate to 'https://dev-front.instavin.com/order/' successfully

2018-06-05 12:18:28 - [TEST_STEP][PASSED] - waitForElementVisible: Object 'Object Repository/LoggedInPages/Order (react)/instaVINProducts_Label' is visible

2018-06-05 12:18:28 - [MESSAGE][WARNING] - Timeout '0' is invalid. Using default page load timeout: '30'

2018-06-05 12:18:28 - [MESSAGE][PASSED] - Object 'Object Repository/LoggedInPages/Order (react)/instaVINProducts_Label' is visible

2018-06-05 12:18:28 - [TEST_STEP][PASSED] - waitForElementVisible: Object 'Object Repository/LoggedInPages/Order (react)/VINCheckForm_EnterVINInput' is visible

2018-06-05 12:18:28 - [MESSAGE][WARNING] - Timeout '0' is invalid. Using default page load timeout: '30'

2018-06-05 12:18:28 - [MESSAGE][PASSED] - Object 'Object Repository/LoggedInPages/Order (react)/VINCheckForm_EnterVINInput' is visible

2018-06-05 12:18:28 - [TEST_STEP][PASSED] - setText: Text 'QANODATA' is set on object 'Object Repository/LoggedInPages/Order (react)/VINCheckForm_EnterVINInput'

2018-06-05 12:18:28 - [MESSAGE][PASSED] - Text 'QANODATA' is set on object 'Object Repository/LoggedInPages/Order (react)/VINCheckForm_EnterVINInput'

2018-06-05 12:18:28 - [TEST_STEP][PASSED] - click: Object: 'Object Repository/LoggedInPages/Order (react)/CheckVin_ArrowButton' is clicked on

2018-06-05 12:18:29 - [MESSAGE][PASSED] - Object: 'Object Repository/LoggedInPages/Order (react)/CheckVin_ArrowButton' is clicked on

2018-06-05 12:18:29 - [TEST_STEP][PASSED] - waitForElementVisible: Object 'Object Repository/LoggedInPages/Order (react)/OrderNow_OrangeButton' is visible

2018-06-05 12:18:29 - [MESSAGE][WARNING] - Timeout '0' is invalid. Using default page load timeout: '30'

2018-06-05 12:18:29 - [MESSAGE][PASSED] - Object 'Object Repository/LoggedInPages/Order (react)/OrderNow_OrangeButton' is visible

2018-06-05 12:18:29 - [TEST_STEP][PASSED] - click: Object: 'Object Repository/LoggedInPages/Order (react)/FirstPricePoint' is clicked on

2018-06-05 12:18:29 - [MESSAGE][PASSED] - Object: 'Object Repository/LoggedInPages/Order (react)/FirstPricePoint' is clicked on

2018-06-05 12:18:29 - [TEST_STEP][PASSED] - delay: Delayed 1 second(s)

2018-06-05 12:18:30 - [MESSAGE][PASSED] - Delayed 1 second(s)

2018-06-05 12:18:30 - [TEST_STEP][PASSED] - verifyElementVisible: Object 'Object Repository/LoggedInPages/Order (react)/OrderNow_OrangeButton' is visible

2018-06-05 12:18:30 - [MESSAGE][PASSED] - Object 'Object Repository/LoggedInPages/Order (react)/OrderNow_OrangeButton' is visible

2018-06-05 12:18:30 - [TEST_STEP][PASSED] - click: Object: 'Object Repository/LoggedInPages/Order (react)/OrderNow_OrangeButton' is clicked on

2018-06-05 12:18:30 - [MESSAGE][PASSED] - Object: 'Object Repository/LoggedInPages/Order (react)/OrderNow_OrangeButton' is clicked on

2018-06-05 12:18:30 - [TEST_STEP][PASSED] - scrollToElement: Scroll to object 'Object Repository/LoggedInPages/Order (react)/CompletePurchase_Button' successfully

2018-06-05 12:18:30 - [MESSAGE][WARNING] - Timeout '0' is invalid. Using default page load timeout: '30'

2018-06-05 12:18:30 - [MESSAGE][PASSED] - Scroll to object 'Object Repository/LoggedInPages/Order (react)/CompletePurchase_Button' successfully

2018-06-05 12:18:30 - [TEST_STEP][PASSED] - delay: Delayed 1 second(s)

2018-06-05 12:18:31 - [MESSAGE][PASSED] - Delayed 1 second(s)

2018-06-05 12:18:31 - [TEST_STEP][PASSED] - click: Object: 'Object Repository/LoggedInPages/Order (react)/CompletePurchase_Button' is clicked on

2018-06-05 12:18:31 - [MESSAGE][PASSED] - Object: 'Object Repository/LoggedInPages/Order (react)/CompletePurchase_Button' is clicked on

2018-06-05 12:18:31 - [TEST_STEP][PASSED] - waitForElementVisible: Object 'Object Repository/LoggedInPages/Order (react)/DataError_Message' is visible

2018-06-05 12:18:32 - [MESSAGE][WARNING] - Timeout '0' is invalid. Using default page load timeout: '30'

2018-06-05 12:18:34 - [MESSAGE][PASSED] - Object 'Object Repository/LoggedInPages/Order (react)/DataError_Message' is visible

2018-06-05 12:18:34 - [TEST_STEP][PASSED] - Statement - MyAccountURL = com.kms.katalon.core.webui.keyword.WebUiBuiltInKeywords.concatenate([StagingReact, "my-account"]): Concatenated string array: '['https://dev-front.instavin.com/','my-account']' into 'https://dev-front.instavin.com/my-account'

2018-06-05 12:18:34 - [MESSAGE][PASSED] - Concatenated string array: '['https://dev-front.instavin.com/','my-account']' into 'https://dev-front.instavin.com/my-account'

2018-06-05 12:18:34 - [TEST_STEP][PASSED] - navigateToUrl: Navigate to 'https://dev-front.instavin.com/my-account' successfully

2018-06-05 12:18:34 - [MESSAGE][PASSED] - Navigate to 'https://dev-front.instavin.com/my-account' successfully

2018-06-05 12:18:34 - [TEST_STEP][PASSED] - verifyElementText: Actual text and expected text of test object 'Object Repository/LoggedInPages/MyAccount/CreditsNumber' are matched.

2018-06-05 12:18:35 - [MESSAGE][PASSED] - Actual text and expected text of test object 'Object Repository/LoggedInPages/MyAccount/CreditsNumber' are matched.

2018-06-05 12:18:35 - [TEST_STEP][PASSED] - click: Object: 'Object Repository/LoggedInPages/MyAccount/BillingHistorySideMenu_Tab' is clicked on

2018-06-05 12:18:35 - [MESSAGE][PASSED] - Object: 'Object Repository/LoggedInPages/MyAccount/BillingHistorySideMenu_Tab' is clicked on

2018-06-05 12:18:35 - [TEST_STEP][PASSED] - waitForElementVisible: Object 'Object Repository/LoggedInPages/BillingHistory/Pager' is visible

2018-06-05 12:18:35 - [MESSAGE][WARNING] - Timeout '0' is invalid. Using default page load timeout: '30'

2018-06-05 12:18:35 - [MESSAGE][PASSED] - Object 'Object Repository/LoggedInPages/BillingHistory/Pager' is visible

2018-06-05 12:18:35 - [TEST_STEP][PASSED] - verifyElementText: Actual text and expected text of test object 'Object Repository/LoggedInPages/BillingHistory/FirstRow_Description' are matched.

2018-06-05 12:18:35 - [MESSAGE][PASSED] - Actual text and expected text of test object 'Object Repository/LoggedInPages/BillingHistory/FirstRow_Description' are matched.

2018-06-05 12:18:35 - [TEST_STEP][PASSED] - closeBrowser: Browser is closed

2018-06-05 12:18:36 - [MESSAGE][PASSED] - Browser is closed]]></system-out>
         <system-err><![CDATA[]]></system-err>
      </testcase>
      <testcase name="Test Cases/Order - ByVtrNoGrantCredits" classname="Test Cases/Order - ByVtrNoGrantCredits" status="PASSED">
         <system-out><![CDATA[2018-06-05 12:18:36 - [TEST_CASE][PASSED] - Test Cases/Order - ByVtrNoGrantCredits: Test Cases/Order - ByVtrNoGrantCredits

2018-06-05 12:18:36 - [TEST_STEP][PASSED] - Statement - now = new java.util.Date(): null

2018-06-05 12:18:36 - [TEST_STEP][PASSED] - Statement - rnd = now.format("yyyyMMddHHmmssSSS").toString(): null

2018-06-05 12:18:36 - [TEST_STEP][PASSED] - Statement - Email = com.kms.katalon.core.webui.keyword.WebUiBuiltInKeywords.concatenate(["buyer", rnd, "@mailinator.com"]): Concatenated string array: '['buyer','20180605121836839','@mailinator.com']' into 'buyer20180605121836839@mailinator.com'

2018-06-05 12:18:36 - [MESSAGE][PASSED] - Concatenated string array: '['buyer','20180605121836839','@mailinator.com']' into 'buyer20180605121836839@mailinator.com'

2018-06-05 12:18:36 - [TEST_STEP][PASSED] - callTestCase: Call Test Case 'Test Cases/Base Tests/SignUpConsumerBase' successfully

2018-06-05 12:18:36 - [TEST_CASE][PASSED] - Test Cases/Base Tests/SignUpConsumerBase: Test Cases/Base Tests/SignUpConsumerBase

2018-06-05 12:18:36 - [TEST_STEP][PASSED] - openBrowser: Browser is opened with url: ''

2018-06-05 12:18:39 - [MESSAGE][PASSED] - Browser is opened with url: ''

2018-06-05 12:18:39 - [TEST_STEP][PASSED] - maximizeWindow: Current window maximized

2018-06-05 12:18:40 - [MESSAGE][PASSED] - Current window maximized

2018-06-05 12:18:40 - [TEST_STEP][PASSED] - Statement - StartURL = com.kms.katalon.core.webui.keyword.WebUiBuiltInKeywords.concatenate([StagingReact, "create-account"]): Concatenated string array: '['https://dev-front.instavin.com/','create-account']' into 'https://dev-front.instavin.com/create-account'

2018-06-05 12:18:40 - [MESSAGE][PASSED] - Concatenated string array: '['https://dev-front.instavin.com/','create-account']' into 'https://dev-front.instavin.com/create-account'

2018-06-05 12:18:40 - [TEST_STEP][PASSED] - navigateToUrl: Navigate to 'https://dev-front.instavin.com/create-account' successfully

2018-06-05 12:18:42 - [MESSAGE][PASSED] - Navigate to 'https://dev-front.instavin.com/create-account' successfully

2018-06-05 12:18:42 - [TEST_STEP][PASSED] - verifyElementText: Actual text and expected text of test object 'Object Repository/LoggedOutPages/CreateAccount/Copy_Label' are matched.

2018-06-05 12:18:42 - [MESSAGE][PASSED] - Actual text and expected text of test object 'Object Repository/LoggedOutPages/CreateAccount/Copy_Label' are matched.

2018-06-05 12:18:42 - [TEST_STEP][PASSED] - setText: Text 'Consumer' is set on object 'Object Repository/LoggedOutPages/CreateAccount/FirstName_Input'

2018-06-05 12:18:42 - [MESSAGE][PASSED] - Text 'Consumer' is set on object 'Object Repository/LoggedOutPages/CreateAccount/FirstName_Input'

2018-06-05 12:18:42 - [TEST_STEP][PASSED] - setText: Text 'Test' is set on object 'Object Repository/LoggedOutPages/CreateAccount/LastName_Input'

2018-06-05 12:18:43 - [MESSAGE][PASSED] - Text 'Test' is set on object 'Object Repository/LoggedOutPages/CreateAccount/LastName_Input'

2018-06-05 12:18:43 - [TEST_STEP][PASSED] - setText: Text 'test' is set on object 'Object Repository/LoggedOutPages/CreateAccount/Address_Input'

2018-06-05 12:18:43 - [MESSAGE][PASSED] - Text 'test' is set on object 'Object Repository/LoggedOutPages/CreateAccount/Address_Input'

2018-06-05 12:18:43 - [TEST_STEP][PASSED] - setText: Text 'test' is set on object 'Object Repository/LoggedOutPages/CreateAccount/City_Input'

2018-06-05 12:18:43 - [MESSAGE][PASSED] - Text 'test' is set on object 'Object Repository/LoggedOutPages/CreateAccount/City_Input'

2018-06-05 12:18:43 - [TEST_STEP][PASSED] - selectOptionByValue: All options with value 'CA' are selected in object 'Object Repository/LoggedOutPages/CreateAccount/State_Dropdown' 

2018-06-05 12:18:43 - [MESSAGE][PASSED] - All options with value 'CA' are selected in object 'Object Repository/LoggedOutPages/CreateAccount/State_Dropdown' 

2018-06-05 12:18:43 - [TEST_STEP][PASSED] - setText: Text '11111' is set on object 'Object Repository/LoggedOutPages/CreateAccount/Zip_Input'

2018-06-05 12:18:43 - [MESSAGE][PASSED] - Text '11111' is set on object 'Object Repository/LoggedOutPages/CreateAccount/Zip_Input'

2018-06-05 12:18:43 - [TEST_STEP][PASSED] - setText: Text '8001112233' is set on object 'Object Repository/LoggedOutPages/CreateAccount/Phone_Input'

2018-06-05 12:18:43 - [MESSAGE][PASSED] - Text '8001112233' is set on object 'Object Repository/LoggedOutPages/CreateAccount/Phone_Input'

2018-06-05 12:18:43 - [TEST_STEP][PASSED] - setText: Text 'Consumer' is set on object 'Object Repository/LoggedOutPages/CreateAccount/BillingFirstName_Input'

2018-06-05 12:18:44 - [MESSAGE][PASSED] - Text 'Consumer' is set on object 'Object Repository/LoggedOutPages/CreateAccount/BillingFirstName_Input'

2018-06-05 12:18:44 - [TEST_STEP][PASSED] - setText: Text 'Test' is set on object 'Object Repository/LoggedOutPages/CreateAccount/BillingLastName_Input'

2018-06-05 12:18:44 - [MESSAGE][PASSED] - Text 'Test' is set on object 'Object Repository/LoggedOutPages/CreateAccount/BillingLastName_Input'

2018-06-05 12:18:44 - [TEST_STEP][PASSED] - setText: Text 'test' is set on object 'Object Repository/LoggedOutPages/CreateAccount/BillingAddress_Input'

2018-06-05 12:18:44 - [MESSAGE][PASSED] - Text 'test' is set on object 'Object Repository/LoggedOutPages/CreateAccount/BillingAddress_Input'

2018-06-05 12:18:44 - [TEST_STEP][PASSED] - setText: Text '11111' is set on object 'Object Repository/LoggedOutPages/CreateAccount/BillingZip_Input'

2018-06-05 12:18:44 - [MESSAGE][PASSED] - Text '11111' is set on object 'Object Repository/LoggedOutPages/CreateAccount/BillingZip_Input'

2018-06-05 12:18:45 - [TEST_STEP][PASSED] - setText: Text '4000100011112224' is set on object 'Object Repository/LoggedOutPages/CreateAccount/CcNumber_Input'

2018-06-05 12:18:45 - [MESSAGE][PASSED] - Text '4000100011112224' is set on object 'Object Repository/LoggedOutPages/CreateAccount/CcNumber_Input'

2018-06-05 12:18:45 - [TEST_STEP][PASSED] - selectOptionByValue: All options with value '6' are selected in object 'Object Repository/LoggedOutPages/CreateAccount/ExpirationMonth_Dropdown' 

2018-06-05 12:18:45 - [MESSAGE][PASSED] - All options with value '6' are selected in object 'Object Repository/LoggedOutPages/CreateAccount/ExpirationMonth_Dropdown' 

2018-06-05 12:18:45 - [TEST_STEP][PASSED] - setText: Text '111' is set on object 'Object Repository/LoggedOutPages/CreateAccount/CVV_Input'

2018-06-05 12:18:45 - [MESSAGE][PASSED] - Text '111' is set on object 'Object Repository/LoggedOutPages/CreateAccount/CVV_Input'

2018-06-05 12:18:46 - [TEST_STEP][PASSED] - selectOptionByValue: All options with value '2020' are selected in object 'Object Repository/LoggedOutPages/CreateAccount/ExpirationYear_Dropdown' 

2018-06-05 12:18:46 - [MESSAGE][PASSED] - All options with value '2020' are selected in object 'Object Repository/LoggedOutPages/CreateAccount/ExpirationYear_Dropdown' 

2018-06-05 12:18:46 - [TEST_STEP][PASSED] - setText: Text 'buyer20180605121836839@mailinator.com' is set on object 'Object Repository/LoggedOutPages/CreateAccount/Email_Input'

2018-06-05 12:18:46 - [MESSAGE][PASSED] - Text 'buyer20180605121836839@mailinator.com' is set on object 'Object Repository/LoggedOutPages/CreateAccount/Email_Input'

2018-06-05 12:18:46 - [TEST_STEP][PASSED] - setText: Text 'buyer20180605121836839@mailinator.com' is set on object 'Object Repository/LoggedOutPages/CreateAccount/ConfirmEmail_Input'

2018-06-05 12:18:47 - [MESSAGE][PASSED] - Text 'buyer20180605121836839@mailinator.com' is set on object 'Object Repository/LoggedOutPages/CreateAccount/ConfirmEmail_Input'

2018-06-05 12:18:47 - [TEST_STEP][PASSED] - setText: Text '111111' is set on object 'Object Repository/LoggedOutPages/CreateAccount/Password_Input'

2018-06-05 12:18:47 - [MESSAGE][PASSED] - Text '111111' is set on object 'Object Repository/LoggedOutPages/CreateAccount/Password_Input'

2018-06-05 12:18:47 - [TEST_STEP][PASSED] - setText: Text '111111' is set on object 'Object Repository/LoggedOutPages/CreateAccount/ConfirmPassword_Input'

2018-06-05 12:18:47 - [MESSAGE][PASSED] - Text '111111' is set on object 'Object Repository/LoggedOutPages/CreateAccount/ConfirmPassword_Input'

2018-06-05 12:18:47 - [TEST_STEP][PASSED] - check: Object 'Object Repository/LoggedOutPages/CreateAccount/AcceptTos_Checkbox' is checked

2018-06-05 12:18:47 - [MESSAGE][PASSED] - Object 'Object Repository/LoggedOutPages/CreateAccount/AcceptTos_Checkbox' is checked

2018-06-05 12:18:48 - [TEST_STEP][PASSED] - click: Object: 'Object Repository/LoggedOutPages/CreateAccount/Submit_button' is clicked on

2018-06-05 12:18:48 - [MESSAGE][PASSED] - Object: 'Object Repository/LoggedOutPages/CreateAccount/Submit_button' is clicked on

2018-06-05 12:18:48 - [MESSAGE][PASSED] - Call Test Case 'Test Cases/Base Tests/SignUpConsumerBase' successfully

2018-06-05 12:18:48 - [TEST_STEP][PASSED] - waitForElementVisible: Object 'Object Repository/LoggedInPages/MyAccount/Account_Header' is visible

2018-06-05 12:18:48 - [MESSAGE][WARNING] - Timeout '0' is invalid. Using default page load timeout: '30'

2018-06-05 12:18:50 - [MESSAGE][PASSED] - Object 'Object Repository/LoggedInPages/MyAccount/Account_Header' is visible

2018-06-05 12:18:50 - [TEST_STEP][PASSED] - verifyElementText: Actual text and expected text of test object 'Object Repository/LoggedInPages/MyAccount/Account_Header' are matched.

2018-06-05 12:18:50 - [MESSAGE][PASSED] - Actual text and expected text of test object 'Object Repository/LoggedInPages/MyAccount/Account_Header' are matched.

2018-06-05 12:18:50 - [TEST_STEP][PASSED] - Statement - OrderURL = com.kms.katalon.core.webui.keyword.WebUiBuiltInKeywords.concatenate([StagingReact, "order/"]): Concatenated string array: '['https://dev-front.instavin.com/','order/']' into 'https://dev-front.instavin.com/order/'

2018-06-05 12:18:50 - [MESSAGE][PASSED] - Concatenated string array: '['https://dev-front.instavin.com/','order/']' into 'https://dev-front.instavin.com/order/'

2018-06-05 12:18:50 - [TEST_STEP][PASSED] - navigateToUrl: Navigate to 'https://dev-front.instavin.com/order/' successfully

2018-06-05 12:18:51 - [MESSAGE][PASSED] - Navigate to 'https://dev-front.instavin.com/order/' successfully

2018-06-05 12:18:51 - [TEST_STEP][PASSED] - waitForElementVisible: Object 'Object Repository/LoggedInPages/Order (react)/instaVINProducts_Label' is visible

2018-06-05 12:18:51 - [MESSAGE][WARNING] - Timeout '0' is invalid. Using default page load timeout: '30'

2018-06-05 12:18:51 - [MESSAGE][PASSED] - Object 'Object Repository/LoggedInPages/Order (react)/instaVINProducts_Label' is visible

2018-06-05 12:18:51 - [TEST_STEP][PASSED] - waitForElementVisible: Object 'Object Repository/LoggedInPages/Order (react)/VINCheckForm_EnterVINInput' is visible

2018-06-05 12:18:51 - [MESSAGE][WARNING] - Timeout '0' is invalid. Using default page load timeout: '30'

2018-06-05 12:18:51 - [MESSAGE][PASSED] - Object 'Object Repository/LoggedInPages/Order (react)/VINCheckForm_EnterVINInput' is visible

2018-06-05 12:18:51 - [TEST_STEP][PASSED] - setText: Text 'QANODATA' is set on object 'Object Repository/LoggedInPages/Order (react)/VINCheckForm_EnterVINInput'

2018-06-05 12:18:51 - [MESSAGE][PASSED] - Text 'QANODATA' is set on object 'Object Repository/LoggedInPages/Order (react)/VINCheckForm_EnterVINInput'

2018-06-05 12:18:51 - [TEST_STEP][PASSED] - click: Object: 'Object Repository/LoggedInPages/Order (react)/CheckVin_ArrowButton' is clicked on

2018-06-05 12:18:51 - [MESSAGE][PASSED] - Object: 'Object Repository/LoggedInPages/Order (react)/CheckVin_ArrowButton' is clicked on

2018-06-05 12:18:51 - [TEST_STEP][PASSED] - waitForElementVisible: Object 'Object Repository/LoggedInPages/Order (react)/OrderNow_OrangeButton' is visible

2018-06-05 12:18:51 - [MESSAGE][WARNING] - Timeout '0' is invalid. Using default page load timeout: '30'

2018-06-05 12:18:52 - [MESSAGE][PASSED] - Object 'Object Repository/LoggedInPages/Order (react)/OrderNow_OrangeButton' is visible

2018-06-05 12:18:52 - [TEST_STEP][PASSED] - click: Object: 'Object Repository/LoggedInPages/Order (react)/SeventhPricePoint' is clicked on

2018-06-05 12:18:52 - [MESSAGE][PASSED] - Object: 'Object Repository/LoggedInPages/Order (react)/SeventhPricePoint' is clicked on

2018-06-05 12:18:52 - [TEST_STEP][PASSED] - delay: Delayed 1 second(s)

2018-06-05 12:18:53 - [MESSAGE][PASSED] - Delayed 1 second(s)

2018-06-05 12:18:53 - [TEST_STEP][PASSED] - verifyElementVisible: Object 'Object Repository/LoggedInPages/Order (react)/OrderNow_OrangeButton' is visible

2018-06-05 12:18:53 - [MESSAGE][PASSED] - Object 'Object Repository/LoggedInPages/Order (react)/OrderNow_OrangeButton' is visible

2018-06-05 12:18:53 - [TEST_STEP][PASSED] - click: Object: 'Object Repository/LoggedInPages/Order (react)/OrderNow_OrangeButton' is clicked on

2018-06-05 12:18:53 - [MESSAGE][PASSED] - Object: 'Object Repository/LoggedInPages/Order (react)/OrderNow_OrangeButton' is clicked on

2018-06-05 12:18:53 - [TEST_STEP][PASSED] - scrollToElement: Scroll to object 'Object Repository/LoggedInPages/Order (react)/CompletePurchase_Button' successfully

2018-06-05 12:18:53 - [MESSAGE][WARNING] - Timeout '0' is invalid. Using default page load timeout: '30'

2018-06-05 12:18:53 - [MESSAGE][PASSED] - Scroll to object 'Object Repository/LoggedInPages/Order (react)/CompletePurchase_Button' successfully

2018-06-05 12:18:53 - [TEST_STEP][PASSED] - delay: Delayed 1 second(s)

2018-06-05 12:18:54 - [MESSAGE][PASSED] - Delayed 1 second(s)

2018-06-05 12:18:54 - [TEST_STEP][PASSED] - click: Object: 'Object Repository/LoggedInPages/Order (react)/CompletePurchase_Button' is clicked on

2018-06-05 12:18:54 - [MESSAGE][PASSED] - Object: 'Object Repository/LoggedInPages/Order (react)/CompletePurchase_Button' is clicked on

2018-06-05 12:18:54 - [TEST_STEP][PASSED] - waitForElementVisible: Object 'Object Repository/LoggedInPages/Order (react)/DataError_Message' is visible

2018-06-05 12:18:54 - [MESSAGE][WARNING] - Timeout '0' is invalid. Using default page load timeout: '30'

2018-06-05 12:18:56 - [MESSAGE][PASSED] - Object 'Object Repository/LoggedInPages/Order (react)/DataError_Message' is visible

2018-06-05 12:18:56 - [TEST_STEP][PASSED] - Statement - MyAccountURL = com.kms.katalon.core.webui.keyword.WebUiBuiltInKeywords.concatenate([StagingReact, "my-account"]): Concatenated string array: '['https://dev-front.instavin.com/','my-account']' into 'https://dev-front.instavin.com/my-account'

2018-06-05 12:18:56 - [MESSAGE][PASSED] - Concatenated string array: '['https://dev-front.instavin.com/','my-account']' into 'https://dev-front.instavin.com/my-account'

2018-06-05 12:18:56 - [TEST_STEP][PASSED] - navigateToUrl: Navigate to 'https://dev-front.instavin.com/my-account' successfully

2018-06-05 12:18:57 - [MESSAGE][PASSED] - Navigate to 'https://dev-front.instavin.com/my-account' successfully

2018-06-05 12:18:57 - [TEST_STEP][PASSED] - verifyElementText: Actual text and expected text of test object 'Object Repository/LoggedInPages/MyAccount/CreditsNumber' are matched.

2018-06-05 12:18:57 - [MESSAGE][PASSED] - Actual text and expected text of test object 'Object Repository/LoggedInPages/MyAccount/CreditsNumber' are matched.

2018-06-05 12:18:57 - [TEST_STEP][PASSED] - click: Object: 'Object Repository/LoggedInPages/MyAccount/BillingHistorySideMenu_Tab' is clicked on

2018-06-05 12:18:58 - [MESSAGE][PASSED] - Object: 'Object Repository/LoggedInPages/MyAccount/BillingHistorySideMenu_Tab' is clicked on

2018-06-05 12:18:58 - [TEST_STEP][PASSED] - waitForElementVisible: Object 'Object Repository/LoggedInPages/BillingHistory/GridHeader' is visible

2018-06-05 12:18:58 - [MESSAGE][WARNING] - Timeout '0' is invalid. Using default page load timeout: '30'

2018-06-05 12:18:58 - [MESSAGE][PASSED] - Object 'Object Repository/LoggedInPages/BillingHistory/GridHeader' is visible

2018-06-05 12:18:58 - [TEST_STEP][PASSED] - verifyElementNotPresent: Web element with id: 'Object Repository/LoggedInPages/BillingHistory/FirstRow_Description' located by 'By.xpath: //div[@class='ViewportContainer hidden-xs']//div[@class='GridContainer']/div[2]/div[2]' is not present after '30' second(s)

2018-06-05 12:18:58 - [MESSAGE][WARNING] - Timeout '0' is invalid. Using default page load timeout: '30'

2018-06-05 12:18:58 - [MESSAGE][PASSED] - Web element with id: 'Object Repository/LoggedInPages/BillingHistory/FirstRow_Description' located by 'By.xpath: //div[@class='ViewportContainer hidden-xs']//div[@class='GridContainer']/div[2]/div[2]' is not present after '30' second(s)

2018-06-05 12:18:58 - [TEST_STEP][PASSED] - closeBrowser: Browser is closed

2018-06-05 12:18:58 - [MESSAGE][PASSED] - Browser is closed]]></system-out>
         <system-err><![CDATA[]]></system-err>
      </testcase>
      <testcase name="Test Cases/ApiDocs" classname="Test Cases/ApiDocs" status="PASSED">
         <system-out><![CDATA[2018-06-05 12:18:58 - [TEST_CASE][PASSED] - Test Cases/ApiDocs: Test Cases/ApiDocs

2018-06-05 12:18:58 - [TEST_STEP][PASSED] - openBrowser: Browser is opened with url: ''

2018-06-05 12:19:01 - [MESSAGE][PASSED] - Browser is opened with url: ''

2018-06-05 12:19:01 - [TEST_STEP][PASSED] - maximizeWindow: Current window maximized

2018-06-05 12:19:02 - [MESSAGE][PASSED] - Current window maximized

2018-06-05 12:19:02 - [TEST_STEP][PASSED] - Statement - ApiDocURL = com.kms.katalon.core.webui.keyword.WebUiBuiltInKeywords.concatenate([StagingReact, "api-doc/"]): Concatenated string array: '['https://dev-front.instavin.com/','api-doc/']' into 'https://dev-front.instavin.com/api-doc/'

2018-06-05 12:19:02 - [MESSAGE][PASSED] - Concatenated string array: '['https://dev-front.instavin.com/','api-doc/']' into 'https://dev-front.instavin.com/api-doc/'

2018-06-05 12:19:02 - [TEST_STEP][PASSED] - navigateToUrl: Navigate to 'https://dev-front.instavin.com/api-doc/' successfully

2018-06-05 12:19:04 - [MESSAGE][PASSED] - Navigate to 'https://dev-front.instavin.com/api-doc/' successfully

2018-06-05 12:19:04 - [TEST_STEP][PASSED] - verifyElementText: Actual text and expected text of test object 'Object Repository/LoggedOutPages/ApiDoc/FirstSection' are matched.

2018-06-05 12:19:05 - [MESSAGE][PASSED] - Actual text and expected text of test object 'Object Repository/LoggedOutPages/ApiDoc/FirstSection' are matched.

2018-06-05 12:19:05 - [TEST_STEP][PASSED] - verifyElementText: Actual text and expected text of test object 'Object Repository/LoggedOutPages/ApiDoc/SecondSection' are matched.

2018-06-05 12:19:05 - [MESSAGE][PASSED] - Actual text and expected text of test object 'Object Repository/LoggedOutPages/ApiDoc/SecondSection' are matched.

2018-06-05 12:19:05 - [TEST_STEP][PASSED] - verifyElementText: Actual text and expected text of test object 'Object Repository/LoggedOutPages/ApiDoc/ThirdSection' are matched.

2018-06-05 12:19:05 - [MESSAGE][PASSED] - Actual text and expected text of test object 'Object Repository/LoggedOutPages/ApiDoc/ThirdSection' are matched.

2018-06-05 12:19:05 - [TEST_STEP][PASSED] - verifyElementText: Actual text and expected text of test object 'Object Repository/LoggedOutPages/ApiDoc/FirstRowFirstSection' are matched.

2018-06-05 12:19:05 - [MESSAGE][PASSED] - Actual text and expected text of test object 'Object Repository/LoggedOutPages/ApiDoc/FirstRowFirstSection' are matched.

2018-06-05 12:19:05 - [TEST_STEP][PASSED] - verifyElementText: Actual text and expected text of test object 'Object Repository/LoggedOutPages/ApiDoc/SecondRowFirstSection' are matched.

2018-06-05 12:19:05 - [MESSAGE][PASSED] - Actual text and expected text of test object 'Object Repository/LoggedOutPages/ApiDoc/SecondRowFirstSection' are matched.

2018-06-05 12:19:05 - [TEST_STEP][PASSED] - verifyElementText: Actual text and expected text of test object 'Object Repository/LoggedOutPages/ApiDoc/ThirdRowFirstSection' are matched.

2018-06-05 12:19:05 - [MESSAGE][PASSED] - Actual text and expected text of test object 'Object Repository/LoggedOutPages/ApiDoc/ThirdRowFirstSection' are matched.

2018-06-05 12:19:05 - [TEST_STEP][PASSED] - verifyElementText: Actual text and expected text of test object 'Object Repository/LoggedOutPages/ApiDoc/FourthRowFirstSection' are matched.

2018-06-05 12:19:05 - [MESSAGE][PASSED] - Actual text and expected text of test object 'Object Repository/LoggedOutPages/ApiDoc/FourthRowFirstSection' are matched.

2018-06-05 12:19:05 - [TEST_STEP][PASSED] - verifyElementText: Actual text and expected text of test object 'Object Repository/LoggedOutPages/ApiDoc/FirstRowSecondSection' are matched.

2018-06-05 12:19:05 - [MESSAGE][PASSED] - Actual text and expected text of test object 'Object Repository/LoggedOutPages/ApiDoc/FirstRowSecondSection' are matched.

2018-06-05 12:19:05 - [TEST_STEP][PASSED] - verifyElementText: Actual text and expected text of test object 'Object Repository/LoggedOutPages/ApiDoc/SecondRowSecondSection' are matched.

2018-06-05 12:19:05 - [MESSAGE][PASSED] - Actual text and expected text of test object 'Object Repository/LoggedOutPages/ApiDoc/SecondRowSecondSection' are matched.

2018-06-05 12:19:05 - [TEST_STEP][PASSED] - verifyElementText: Actual text and expected text of test object 'Object Repository/LoggedOutPages/ApiDoc/FirstRowThirdSection' are matched.

2018-06-05 12:19:05 - [MESSAGE][PASSED] - Actual text and expected text of test object 'Object Repository/LoggedOutPages/ApiDoc/FirstRowThirdSection' are matched.

2018-06-05 12:19:05 - [TEST_STEP][PASSED] - verifyElementText: Actual text and expected text of test object 'Object Repository/LoggedOutPages/ApiDoc/SecondRowThirdSection' are matched.

2018-06-05 12:19:05 - [MESSAGE][PASSED] - Actual text and expected text of test object 'Object Repository/LoggedOutPages/ApiDoc/SecondRowThirdSection' are matched.

2018-06-05 12:19:05 - [TEST_STEP][PASSED] - closeBrowser: Browser is closed

2018-06-05 12:19:06 - [MESSAGE][PASSED] - Browser is closed]]></system-out>
         <system-err><![CDATA[]]></system-err>
      </testcase>
      <system-out><![CDATA[2018-06-05 12:07:45 - [TEST_SUITE][PASSED] - Staging Smoke Test Suite: Test Cases/ApiDocs]]></system-out>
      <system-err><![CDATA[]]></system-err>
   </testsuite>
</testsuites>
