<?xml version="1.0" encoding="UTF-8"?>
<testsuites name="Staging Smoke Test Suite" time="577" tests="39" failures="0" errors="0">
   <testsuite name="Staging Smoke Test Suite" tests="39" failures="0" errors="0" time="577" timestamp="2018-06-01 10:06:41" hostname="KSavinkin - LPksavinkin.TC.local" id="Test Suites/Staging Smoke Test Suite">
      <properties>
         <property name="deviceName" value=""/>
         <property name="devicePlatform" value=""/>
         <property name="logFolder" value="C:\\Projects\\instaVIN\\tests\\instaVIN\\Reports\\Staging Smoke Test Suite\\20180601_100638"/>
         <property name="logFiles" value="C:\\Projects\\instaVIN\\tests\\instaVIN\\Reports\\Staging Smoke Test Suite\\20180601_100638\\execution0.log"/>
         <property name="attachments" value=""/>
         <property name="hostName" value="KSavinkin - LPksavinkin.TC.local"/>
         <property name="os" value="Windows 7 64bit"/>
         <property name="katalonVersion" value="5.4.2.1"/>
         <property name="browser" value="Chrome 66.0.3359.181"/>
         <property name="hostAddress" value="172.18.18.81"/>
         <property name="sessionId" value="3e519d4fe5c369dc5ea7513ab34d9e0d"/>
         <property name="seleniumVersion" value="3.7.1"/>
         <property name="proxyInformation" value="ProxyInformation{proxyOption=NO_PROXY, proxyServerType=HTTP, password=, proxyServerAddress=, proxyServerPort=0}"/>
         <property name="platform" value="Windows 7"/>
      </properties>
      <testcase name="Test Cases/CheckHomeSliders" classname="Test Cases/CheckHomeSliders" status="PASSED">
         <system-out><![CDATA[2018-06-01 10:06:41 - [TEST_CASE][PASSED] - Test Cases/CheckHomeSliders: Test Cases/CheckHomeSliders

2018-06-01 10:06:42 - [TEST_STEP][PASSED] - openBrowser: Browser is opened with url: ''

2018-06-01 10:06:46 - [MESSAGE][PASSED] - Browser is opened with url: ''

2018-06-01 10:06:46 - [TEST_STEP][PASSED] - maximizeWindow: Current window maximized

2018-06-01 10:06:47 - [MESSAGE][PASSED] - Current window maximized

2018-06-01 10:06:47 - [TEST_STEP][PASSED] - navigateToUrl: Navigate to 'https://dev-front.instavin.com/' successfully

2018-06-01 10:06:49 - [MESSAGE][PASSED] - Navigate to 'https://dev-front.instavin.com/' successfully

2018-06-01 10:06:49 - [TEST_STEP][PASSED] - Statement - If (com.kms.katalon.core.webui.keyword.WebUiBuiltInKeywords.verifyElementAttributeValue(com.kms.katalon.core.testobject.ObjectRepository.findTestObject(LoggedOutReactPages/HomeLoggedOut/PromoSlide_Div), "class", "slick-slide slick-active slick-current", 0, CONTINUE_ON_FAILURE)): Object 'Object Repository/LoggedOutReactPages/HomeLoggedOut/Free_Link' is visible

2018-06-01 10:06:49 - [MESSAGE][WARNING] - Timeout '0' is invalid. Using default page load timeout: '30'

2018-06-01 10:06:49 - [MESSAGE][PASSED] - Object 'Object Repository/LoggedOutReactPages/HomeLoggedOut/PromoSlide_Div' has attribute 'class' with value 'slick-slide slick-active slick-current'

2018-06-01 10:06:49 - [TEST_STEP][PASSED] - click: Object: 'Object Repository/LoggedOutReactPages/HomeLoggedOut/SliderRightArrow' is clicked on

2018-06-01 10:06:49 - [MESSAGE][PASSED] - Object: 'Object Repository/LoggedOutReactPages/HomeLoggedOut/SliderRightArrow' is clicked on

2018-06-01 10:06:49 - [TEST_STEP][PASSED] - waitForElementVisible: Object 'Object Repository/LoggedOutReactPages/HomeLoggedOut/SecondAppsSlide' is visible

2018-06-01 10:06:49 - [MESSAGE][WARNING] - Timeout '0' is invalid. Using default page load timeout: '30'

2018-06-01 10:06:50 - [MESSAGE][PASSED] - Object 'Object Repository/LoggedOutReactPages/HomeLoggedOut/SecondAppsSlide' is visible

2018-06-01 10:06:50 - [TEST_STEP][PASSED] - waitForElementVisible: Object 'Object Repository/LoggedOutReactPages/HomeLoggedOut/FactoryOptions_Link' is visible

2018-06-01 10:06:50 - [MESSAGE][WARNING] - Timeout '0' is invalid. Using default page load timeout: '30'

2018-06-01 10:06:50 - [MESSAGE][PASSED] - Object 'Object Repository/LoggedOutReactPages/HomeLoggedOut/FactoryOptions_Link' is visible

2018-06-01 10:06:50 - [TEST_STEP][PASSED] - click: Object: 'Object Repository/LoggedOutReactPages/HomeLoggedOut/SliderLeftArrow' is clicked on

2018-06-01 10:06:50 - [MESSAGE][PASSED] - Object: 'Object Repository/LoggedOutReactPages/HomeLoggedOut/SliderLeftArrow' is clicked on

2018-06-01 10:06:50 - [TEST_STEP][PASSED] - waitForElementVisible: Object 'Object Repository/LoggedOutReactPages/HomeLoggedOut/Free_Link' is visible

2018-06-01 10:06:50 - [MESSAGE][WARNING] - Timeout '0' is invalid. Using default page load timeout: '30'

2018-06-01 10:06:55 - [MESSAGE][PASSED] - Object 'Object Repository/LoggedOutReactPages/HomeLoggedOut/Free_Link' is visible

2018-06-01 10:06:55 - [TEST_STEP][PASSED] - closeBrowser: Browser is closed

2018-06-01 10:06:56 - [MESSAGE][PASSED] - Browser is closed]]></system-out>
         <system-err><![CDATA[]]></system-err>
      </testcase>
      <testcase name="Test Cases/CheckVINfromHome - EmptyVIN" classname="Test Cases/CheckVINfromHome - EmptyVIN" status="PASSED">
         <system-out><![CDATA[2018-06-01 10:06:56 - [TEST_CASE][PASSED] - Test Cases/CheckVINfromHome - EmptyVIN: Test Cases/CheckVINfromHome - EmptyVIN

2018-06-01 10:06:56 - [TEST_STEP][PASSED] - openBrowser: Browser is opened with url: ''

2018-06-01 10:06:59 - [MESSAGE][PASSED] - Browser is opened with url: ''

2018-06-01 10:06:59 - [TEST_STEP][PASSED] - maximizeWindow: Current window maximized

2018-06-01 10:07:00 - [MESSAGE][PASSED] - Current window maximized

2018-06-01 10:07:00 - [TEST_STEP][PASSED] - navigateToUrl: Navigate to 'https://dev-front.instavin.com/' successfully

2018-06-01 10:07:02 - [MESSAGE][PASSED] - Navigate to 'https://dev-front.instavin.com/' successfully

2018-06-01 10:07:02 - [TEST_STEP][PASSED] - verifyElementPresent: Object 'Object Repository/LoggedOutReactPages/CommonElements/SignIn_Label' is present

2018-06-01 10:07:02 - [MESSAGE][WARNING] - Timeout '0' is invalid. Using default page load timeout: '30'

2018-06-01 10:07:02 - [MESSAGE][PASSED] - Object 'Object Repository/LoggedOutReactPages/CommonElements/SignIn_Label' is present

2018-06-01 10:07:02 - [TEST_STEP][PASSED] - verifyElementPresent: Object 'Object Repository/LoggedOutReactPages/HomeLoggedOut/EnterVIN_input' is present

2018-06-01 10:07:02 - [MESSAGE][WARNING] - Timeout '0' is invalid. Using default page load timeout: '30'

2018-06-01 10:07:02 - [MESSAGE][PASSED] - Object 'Object Repository/LoggedOutReactPages/HomeLoggedOut/EnterVIN_input' is present

2018-06-01 10:07:02 - [TEST_STEP][PASSED] - verifyElementAttributeValue: Object 'Object Repository/LoggedOutReactPages/HomeLoggedOut/EnterVIN_input' has attribute 'placeholder' with value 'ENTER VIN NUMBER'

2018-06-01 10:07:02 - [MESSAGE][WARNING] - Timeout '0' is invalid. Using default page load timeout: '30'

2018-06-01 10:07:02 - [MESSAGE][PASSED] - Object 'Object Repository/LoggedOutReactPages/HomeLoggedOut/EnterVIN_input' has attribute 'placeholder' with value 'ENTER VIN NUMBER'

2018-06-01 10:07:02 - [TEST_STEP][PASSED] - setText: Text '' is set on object 'Object Repository/LoggedOutReactPages/HomeLoggedOut/EnterVIN_input'

2018-06-01 10:07:02 - [MESSAGE][PASSED] - Text '' is set on object 'Object Repository/LoggedOutReactPages/HomeLoggedOut/EnterVIN_input'

2018-06-01 10:07:02 - [TEST_STEP][PASSED] - click: Object: 'Object Repository/LoggedOutReactPages/HomeLoggedOut/SubmitVinArrow_Button' is clicked on

2018-06-01 10:07:03 - [MESSAGE][PASSED] - Object: 'Object Repository/LoggedOutReactPages/HomeLoggedOut/SubmitVinArrow_Button' is clicked on

2018-06-01 10:07:03 - [TEST_STEP][PASSED] - waitForElementVisible: Object 'Object Repository/LoggedInReactPages/Order (react)/instaVINProducts_Label' is visible

2018-06-01 10:07:03 - [MESSAGE][WARNING] - Timeout '0' is invalid. Using default page load timeout: '30'

2018-06-01 10:07:03 - [MESSAGE][PASSED] - Object 'Object Repository/LoggedInReactPages/Order (react)/instaVINProducts_Label' is visible

2018-06-01 10:07:03 - [TEST_STEP][PASSED] - verifyElementPresent: Object 'Object Repository/LoggedInReactPages/Order (react)/SignIn_MenuLabel' is present

2018-06-01 10:07:03 - [MESSAGE][WARNING] - Timeout '0' is invalid. Using default page load timeout: '30'

2018-06-01 10:07:03 - [MESSAGE][PASSED] - Object 'Object Repository/LoggedInReactPages/Order (react)/SignIn_MenuLabel' is present

2018-06-01 10:07:03 - [TEST_STEP][PASSED] - verifyElementNotPresent: Web element with id: 'Object Repository/LoggedInReactPages/Order (react)/ChangeVIN_Cross' located by 'By.xpath: //div[@class='CloseButton']' is not present after '30' second(s)

2018-06-01 10:07:03 - [MESSAGE][WARNING] - Timeout '0' is invalid. Using default page load timeout: '30'

2018-06-01 10:07:04 - [MESSAGE][PASSED] - Web element with id: 'Object Repository/LoggedInReactPages/Order (react)/ChangeVIN_Cross' located by 'By.xpath: //div[@class='CloseButton']' is not present after '30' second(s)

2018-06-01 10:07:04 - [TEST_STEP][PASSED] - verifyElementText: Actual text and expected text of test object 'Object Repository/LoggedInReactPages/Order (react)/RecordsAreAvailable_Alert' are matched.

2018-06-01 10:07:04 - [MESSAGE][PASSED] - Actual text and expected text of test object 'Object Repository/LoggedInReactPages/Order (react)/RecordsAreAvailable_Alert' are matched.

2018-06-01 10:07:04 - [TEST_STEP][PASSED] - verifyElementNotPresent: Web element with id: 'Object Repository/LoggedInReactPages/Order (react)/VINdisplayed' located by 'By.xpath: //span[@id='VehicleSummary_Vin']' is not present after '30' second(s)

2018-06-01 10:07:04 - [MESSAGE][WARNING] - Timeout '0' is invalid. Using default page load timeout: '30'

2018-06-01 10:07:04 - [MESSAGE][PASSED] - Web element with id: 'Object Repository/LoggedInReactPages/Order (react)/VINdisplayed' located by 'By.xpath: //span[@id='VehicleSummary_Vin']' is not present after '30' second(s)

2018-06-01 10:07:04 - [TEST_STEP][PASSED] - verifyElementVisible: Object 'Object Repository/LoggedInReactPages/Order (react)/VINCheckForm_EnterVINInput' is visible

2018-06-01 10:07:04 - [MESSAGE][PASSED] - Object 'Object Repository/LoggedInReactPages/Order (react)/VINCheckForm_EnterVINInput' is visible

2018-06-01 10:07:04 - [TEST_STEP][PASSED] - verifyElementAttributeValue: Object 'Object Repository/LoggedInReactPages/Order (react)/VINCheckForm_EnterVINInput' has attribute 'value' with value ''

2018-06-01 10:07:04 - [MESSAGE][WARNING] - Timeout '0' is invalid. Using default page load timeout: '30'

2018-06-01 10:07:04 - [MESSAGE][PASSED] - Object 'Object Repository/LoggedInReactPages/Order (react)/VINCheckForm_EnterVINInput' has attribute 'value' with value ''

2018-06-01 10:07:04 - [TEST_STEP][PASSED] - verifyElementNotPresent: Web element with id: 'Object Repository/LoggedInReactPages/Order (react)/OrderNow_OrangeButton' located by 'By.xpath: //button[@class='btn btn-default HasRightIcon orderButtonSmall']' is not present after '30' second(s)

2018-06-01 10:07:04 - [MESSAGE][WARNING] - Timeout '0' is invalid. Using default page load timeout: '30'

2018-06-01 10:07:04 - [MESSAGE][PASSED] - Web element with id: 'Object Repository/LoggedInReactPages/Order (react)/OrderNow_OrangeButton' located by 'By.xpath: //button[@class='btn btn-default HasRightIcon orderButtonSmall']' is not present after '30' second(s)

2018-06-01 10:07:04 - [TEST_STEP][PASSED] - closeBrowser: Browser is closed

2018-06-01 10:07:05 - [MESSAGE][PASSED] - Browser is closed]]></system-out>
         <system-err><![CDATA[]]></system-err>
      </testcase>
      <testcase name="Test Cases/CheckVINfromHome - NoSticker" classname="Test Cases/CheckVINfromHome - NoSticker" status="PASSED">
         <system-out><![CDATA[2018-06-01 10:07:05 - [TEST_CASE][PASSED] - Test Cases/CheckVINfromHome - NoSticker: Test Cases/CheckVINfromHome - NoSticker

2018-06-01 10:07:05 - [TEST_STEP][PASSED] - openBrowser: Browser is opened with url: ''

2018-06-01 10:07:07 - [MESSAGE][PASSED] - Browser is opened with url: ''

2018-06-01 10:07:07 - [TEST_STEP][PASSED] - maximizeWindow: Current window maximized

2018-06-01 10:07:08 - [MESSAGE][PASSED] - Current window maximized

2018-06-01 10:07:08 - [TEST_STEP][PASSED] - navigateToUrl: Navigate to 'https://dev-front.instavin.com/' successfully

2018-06-01 10:07:10 - [MESSAGE][PASSED] - Navigate to 'https://dev-front.instavin.com/' successfully

2018-06-01 10:07:10 - [TEST_STEP][PASSED] - verifyElementPresent: Object 'Object Repository/LoggedOutReactPages/CommonElements/SignIn_Label' is present

2018-06-01 10:07:10 - [MESSAGE][WARNING] - Timeout '0' is invalid. Using default page load timeout: '30'

2018-06-01 10:07:10 - [MESSAGE][PASSED] - Object 'Object Repository/LoggedOutReactPages/CommonElements/SignIn_Label' is present

2018-06-01 10:07:10 - [TEST_STEP][PASSED] - verifyElementPresent: Object 'Object Repository/LoggedOutReactPages/HomeLoggedOut/EnterVIN_input' is present

2018-06-01 10:07:10 - [MESSAGE][WARNING] - Timeout '0' is invalid. Using default page load timeout: '30'

2018-06-01 10:07:10 - [MESSAGE][PASSED] - Object 'Object Repository/LoggedOutReactPages/HomeLoggedOut/EnterVIN_input' is present

2018-06-01 10:07:10 - [TEST_STEP][PASSED] - verifyElementAttributeValue: Object 'Object Repository/LoggedOutReactPages/HomeLoggedOut/EnterVIN_input' has attribute 'placeholder' with value 'ENTER VIN NUMBER'

2018-06-01 10:07:10 - [MESSAGE][WARNING] - Timeout '0' is invalid. Using default page load timeout: '30'

2018-06-01 10:07:11 - [MESSAGE][PASSED] - Object 'Object Repository/LoggedOutReactPages/HomeLoggedOut/EnterVIN_input' has attribute 'placeholder' with value 'ENTER VIN NUMBER'

2018-06-01 10:07:11 - [TEST_STEP][PASSED] - setText: Text 'JF1SF63591H766643' is set on object 'Object Repository/LoggedOutReactPages/HomeLoggedOut/EnterVIN_input'

2018-06-01 10:07:11 - [MESSAGE][PASSED] - Text 'JF1SF63591H766643' is set on object 'Object Repository/LoggedOutReactPages/HomeLoggedOut/EnterVIN_input'

2018-06-01 10:07:11 - [TEST_STEP][PASSED] - click: Object: 'Object Repository/LoggedOutReactPages/HomeLoggedOut/SubmitVinArrow_Button' is clicked on

2018-06-01 10:07:12 - [MESSAGE][PASSED] - Object: 'Object Repository/LoggedOutReactPages/HomeLoggedOut/SubmitVinArrow_Button' is clicked on

2018-06-01 10:07:12 - [TEST_STEP][PASSED] - waitForElementVisible: Object 'Object Repository/LoggedInReactPages/Order (react)/instaVINProducts_Label' is visible

2018-06-01 10:07:12 - [MESSAGE][WARNING] - Timeout '0' is invalid. Using default page load timeout: '30'

2018-06-01 10:07:12 - [MESSAGE][PASSED] - Object 'Object Repository/LoggedInReactPages/Order (react)/instaVINProducts_Label' is visible

2018-06-01 10:07:12 - [TEST_STEP][PASSED] - verifyElementVisible: Object 'Object Repository/LoggedInReactPages/Order (react)/ChangeVIN_Cross' is visible

2018-06-01 10:07:12 - [MESSAGE][PASSED] - Object 'Object Repository/LoggedInReactPages/Order (react)/ChangeVIN_Cross' is visible

2018-06-01 10:07:12 - [TEST_STEP][PASSED] - verifyElementPresent: Object 'Object Repository/LoggedInReactPages/Order (react)/SignIn_MenuLabel' is present

2018-06-01 10:07:12 - [MESSAGE][WARNING] - Timeout '0' is invalid. Using default page load timeout: '30'

2018-06-01 10:07:12 - [MESSAGE][PASSED] - Object 'Object Repository/LoggedInReactPages/Order (react)/SignIn_MenuLabel' is present

2018-06-01 10:07:12 - [TEST_STEP][PASSED] - verifyElementVisible: Object 'Object Repository/LoggedInReactPages/Order (react)/RecordsAreAvailable_Alert' is visible

2018-06-01 10:07:12 - [MESSAGE][PASSED] - Object 'Object Repository/LoggedInReactPages/Order (react)/RecordsAreAvailable_Alert' is visible

2018-06-01 10:07:12 - [TEST_STEP][PASSED] - verifyElementText: Actual text and expected text of test object 'Object Repository/LoggedInReactPages/Order (react)/RecordsAreAvailable_Alert' are matched.

2018-06-01 10:07:12 - [MESSAGE][PASSED] - Actual text and expected text of test object 'Object Repository/LoggedInReactPages/Order (react)/RecordsAreAvailable_Alert' are matched.

2018-06-01 10:07:12 - [TEST_STEP][PASSED] - verifyElementVisible: Object 'Object Repository/LoggedInReactPages/Order (react)/VINdisplayed' is visible

2018-06-01 10:07:12 - [MESSAGE][PASSED] - Object 'Object Repository/LoggedInReactPages/Order (react)/VINdisplayed' is visible

2018-06-01 10:07:12 - [TEST_STEP][PASSED] - verifyElementText: Actual text and expected text of test object 'Object Repository/LoggedInReactPages/Order (react)/VINdisplayed' are matched.

2018-06-01 10:07:12 - [MESSAGE][PASSED] - Actual text and expected text of test object 'Object Repository/LoggedInReactPages/Order (react)/VINdisplayed' are matched.

2018-06-01 10:07:12 - [TEST_STEP][PASSED] - verifyElementPresent: Object 'Object Repository/LoggedInReactPages/Order (react)/OrderNow_OrangeButton' is present

2018-06-01 10:07:12 - [MESSAGE][WARNING] - Timeout '0' is invalid. Using default page load timeout: '30'

2018-06-01 10:07:13 - [MESSAGE][PASSED] - Object 'Object Repository/LoggedInReactPages/Order (react)/OrderNow_OrangeButton' is present

2018-06-01 10:07:13 - [TEST_STEP][PASSED] - closeBrowser: Browser is closed

2018-06-01 10:07:13 - [MESSAGE][PASSED] - Browser is closed]]></system-out>
         <system-err><![CDATA[]]></system-err>
      </testcase>
      <testcase name="Test Cases/CheckVINfromHome - ShortVINwith9Digits" classname="Test Cases/CheckVINfromHome - ShortVINwith9Digits" status="PASSED">
         <system-out><![CDATA[2018-06-01 10:07:13 - [TEST_CASE][PASSED] - Test Cases/CheckVINfromHome - ShortVINwith9Digits: Test Cases/CheckVINfromHome - ShortVINwith9Digits

2018-06-01 10:07:13 - [TEST_STEP][PASSED] - openBrowser: Browser is opened with url: ''

2018-06-01 10:07:16 - [MESSAGE][PASSED] - Browser is opened with url: ''

2018-06-01 10:07:16 - [TEST_STEP][PASSED] - maximizeWindow: Current window maximized

2018-06-01 10:07:17 - [MESSAGE][PASSED] - Current window maximized

2018-06-01 10:07:17 - [TEST_STEP][PASSED] - navigateToUrl: Navigate to 'https://dev-front.instavin.com/' successfully

2018-06-01 10:07:19 - [MESSAGE][PASSED] - Navigate to 'https://dev-front.instavin.com/' successfully

2018-06-01 10:07:19 - [TEST_STEP][PASSED] - verifyElementPresent: Object 'Object Repository/LoggedOutReactPages/CommonElements/SignIn_Label' is present

2018-06-01 10:07:19 - [MESSAGE][WARNING] - Timeout '0' is invalid. Using default page load timeout: '30'

2018-06-01 10:07:19 - [MESSAGE][PASSED] - Object 'Object Repository/LoggedOutReactPages/CommonElements/SignIn_Label' is present

2018-06-01 10:07:19 - [TEST_STEP][PASSED] - verifyElementPresent: Object 'Object Repository/LoggedOutReactPages/HomeLoggedOut/EnterVIN_input' is present

2018-06-01 10:07:19 - [MESSAGE][WARNING] - Timeout '0' is invalid. Using default page load timeout: '30'

2018-06-01 10:07:19 - [MESSAGE][PASSED] - Object 'Object Repository/LoggedOutReactPages/HomeLoggedOut/EnterVIN_input' is present

2018-06-01 10:07:19 - [TEST_STEP][PASSED] - verifyElementAttributeValue: Object 'Object Repository/LoggedOutReactPages/HomeLoggedOut/EnterVIN_input' has attribute 'placeholder' with value 'ENTER VIN NUMBER'

2018-06-01 10:07:19 - [MESSAGE][WARNING] - Timeout '0' is invalid. Using default page load timeout: '30'

2018-06-01 10:07:19 - [MESSAGE][PASSED] - Object 'Object Repository/LoggedOutReactPages/HomeLoggedOut/EnterVIN_input' has attribute 'placeholder' with value 'ENTER VIN NUMBER'

2018-06-01 10:07:19 - [TEST_STEP][PASSED] - setText: Text '7J1012752' is set on object 'Object Repository/LoggedOutReactPages/HomeLoggedOut/EnterVIN_input'

2018-06-01 10:07:19 - [MESSAGE][PASSED] - Text '7J1012752' is set on object 'Object Repository/LoggedOutReactPages/HomeLoggedOut/EnterVIN_input'

2018-06-01 10:07:19 - [TEST_STEP][PASSED] - click: Object: 'Object Repository/LoggedOutReactPages/HomeLoggedOut/SubmitVinArrow_Button' is clicked on

2018-06-01 10:07:20 - [MESSAGE][PASSED] - Object: 'Object Repository/LoggedOutReactPages/HomeLoggedOut/SubmitVinArrow_Button' is clicked on

2018-06-01 10:07:20 - [TEST_STEP][PASSED] - waitForElementVisible: Object 'Object Repository/LoggedInReactPages/Order (react)/instaVINProducts_Label' is visible

2018-06-01 10:07:20 - [MESSAGE][WARNING] - Timeout '0' is invalid. Using default page load timeout: '30'

2018-06-01 10:07:21 - [MESSAGE][PASSED] - Object 'Object Repository/LoggedInReactPages/Order (react)/instaVINProducts_Label' is visible

2018-06-01 10:07:21 - [TEST_STEP][PASSED] - verifyElementNotPresent: Web element with id: 'Object Repository/LoggedInReactPages/Order (react)/ChangeVIN_Cross' located by 'By.xpath: //div[@class='CloseButton']' is not present after '30' second(s)

2018-06-01 10:07:21 - [MESSAGE][WARNING] - Timeout '0' is invalid. Using default page load timeout: '30'

2018-06-01 10:07:21 - [MESSAGE][PASSED] - Web element with id: 'Object Repository/LoggedInReactPages/Order (react)/ChangeVIN_Cross' located by 'By.xpath: //div[@class='CloseButton']' is not present after '30' second(s)

2018-06-01 10:07:21 - [TEST_STEP][PASSED] - verifyElementPresent: Object 'Object Repository/LoggedInReactPages/Order (react)/SignIn_MenuLabel' is present

2018-06-01 10:07:21 - [MESSAGE][WARNING] - Timeout '0' is invalid. Using default page load timeout: '30'

2018-06-01 10:07:21 - [MESSAGE][PASSED] - Object 'Object Repository/LoggedInReactPages/Order (react)/SignIn_MenuLabel' is present

2018-06-01 10:07:21 - [TEST_STEP][PASSED] - verifyElementVisible: Object 'Object Repository/LoggedInReactPages/Order (react)/RecordsAreAvailable_Alert' is visible

2018-06-01 10:07:21 - [MESSAGE][PASSED] - Object 'Object Repository/LoggedInReactPages/Order (react)/RecordsAreAvailable_Alert' is visible

2018-06-01 10:07:21 - [TEST_STEP][PASSED] - verifyElementText: Actual text and expected text of test object 'Object Repository/LoggedInReactPages/Order (react)/RecordsAreAvailable_Alert' are matched.

2018-06-01 10:07:21 - [MESSAGE][PASSED] - Actual text and expected text of test object 'Object Repository/LoggedInReactPages/Order (react)/RecordsAreAvailable_Alert' are matched.

2018-06-01 10:07:21 - [TEST_STEP][PASSED] - verifyElementNotPresent: Web element with id: 'Object Repository/LoggedInReactPages/Order (react)/VINdisplayed' located by 'By.xpath: //span[@id='VehicleSummary_Vin']' is not present after '30' second(s)

2018-06-01 10:07:21 - [MESSAGE][WARNING] - Timeout '0' is invalid. Using default page load timeout: '30'

2018-06-01 10:07:21 - [MESSAGE][PASSED] - Web element with id: 'Object Repository/LoggedInReactPages/Order (react)/VINdisplayed' located by 'By.xpath: //span[@id='VehicleSummary_Vin']' is not present after '30' second(s)

2018-06-01 10:07:21 - [TEST_STEP][PASSED] - verifyElementVisible: Object 'Object Repository/LoggedInReactPages/Order (react)/VINCheckForm_EnterVINInput' is visible

2018-06-01 10:07:21 - [MESSAGE][PASSED] - Object 'Object Repository/LoggedInReactPages/Order (react)/VINCheckForm_EnterVINInput' is visible

2018-06-01 10:07:21 - [TEST_STEP][PASSED] - verifyElementAttributeValue: Object 'Object Repository/LoggedInReactPages/Order (react)/VINCheckForm_EnterVINInput' has attribute 'value' with value '7J1012752'

2018-06-01 10:07:21 - [MESSAGE][WARNING] - Timeout '0' is invalid. Using default page load timeout: '30'

2018-06-01 10:07:21 - [MESSAGE][PASSED] - Object 'Object Repository/LoggedInReactPages/Order (react)/VINCheckForm_EnterVINInput' has attribute 'value' with value '7J1012752'

2018-06-01 10:07:21 - [TEST_STEP][PASSED] - verifyElementPresent: Object 'Object Repository/LoggedInReactPages/Order (react)/OrderNow_OrangeButton' is present

2018-06-01 10:07:21 - [MESSAGE][WARNING] - Timeout '0' is invalid. Using default page load timeout: '30'

2018-06-01 10:07:21 - [MESSAGE][PASSED] - Object 'Object Repository/LoggedInReactPages/Order (react)/OrderNow_OrangeButton' is present

2018-06-01 10:07:21 - [TEST_STEP][PASSED] - closeBrowser: Browser is closed

2018-06-01 10:07:22 - [MESSAGE][PASSED] - Browser is closed]]></system-out>
         <system-err><![CDATA[]]></system-err>
      </testcase>
      <testcase name="Test Cases/CheckVINfromHome - Success" classname="Test Cases/CheckVINfromHome - Success" status="PASSED">
         <system-out><![CDATA[2018-06-01 10:07:22 - [TEST_CASE][PASSED] - Test Cases/CheckVINfromHome - Success: Test Cases/CheckVINfromHome - Success

2018-06-01 10:07:22 - [TEST_STEP][PASSED] - openBrowser: Browser is opened with url: ''

2018-06-01 10:07:24 - [MESSAGE][PASSED] - Browser is opened with url: ''

2018-06-01 10:07:24 - [TEST_STEP][PASSED] - maximizeWindow: Current window maximized

2018-06-01 10:07:25 - [MESSAGE][PASSED] - Current window maximized

2018-06-01 10:07:25 - [TEST_STEP][PASSED] - navigateToUrl: Navigate to 'https://dev-front.instavin.com/' successfully

2018-06-01 10:07:28 - [MESSAGE][PASSED] - Navigate to 'https://dev-front.instavin.com/' successfully

2018-06-01 10:07:28 - [TEST_STEP][PASSED] - verifyElementPresent: Object 'Object Repository/LoggedOutReactPages/CommonElements/SignIn_Label' is present

2018-06-01 10:07:28 - [MESSAGE][WARNING] - Timeout '0' is invalid. Using default page load timeout: '30'

2018-06-01 10:07:28 - [MESSAGE][PASSED] - Object 'Object Repository/LoggedOutReactPages/CommonElements/SignIn_Label' is present

2018-06-01 10:07:28 - [TEST_STEP][PASSED] - verifyElementPresent: Object 'Object Repository/LoggedOutReactPages/HomeLoggedOut/EnterVIN_input' is present

2018-06-01 10:07:28 - [MESSAGE][WARNING] - Timeout '0' is invalid. Using default page load timeout: '30'

2018-06-01 10:07:28 - [MESSAGE][PASSED] - Object 'Object Repository/LoggedOutReactPages/HomeLoggedOut/EnterVIN_input' is present

2018-06-01 10:07:28 - [TEST_STEP][PASSED] - verifyElementAttributeValue: Object 'Object Repository/LoggedOutReactPages/HomeLoggedOut/EnterVIN_input' has attribute 'placeholder' with value 'ENTER VIN NUMBER'

2018-06-01 10:07:28 - [MESSAGE][WARNING] - Timeout '0' is invalid. Using default page load timeout: '30'

2018-06-01 10:07:28 - [MESSAGE][PASSED] - Object 'Object Repository/LoggedOutReactPages/HomeLoggedOut/EnterVIN_input' has attribute 'placeholder' with value 'ENTER VIN NUMBER'

2018-06-01 10:07:28 - [TEST_STEP][PASSED] - setText: Text '5UXKR0C52F0P15679' is set on object 'Object Repository/LoggedOutReactPages/HomeLoggedOut/EnterVIN_input'

2018-06-01 10:07:28 - [MESSAGE][PASSED] - Text '5UXKR0C52F0P15679' is set on object 'Object Repository/LoggedOutReactPages/HomeLoggedOut/EnterVIN_input'

2018-06-01 10:07:28 - [TEST_STEP][PASSED] - click: Object: 'Object Repository/LoggedOutReactPages/HomeLoggedOut/SubmitVinArrow_Button' is clicked on

2018-06-01 10:07:29 - [MESSAGE][PASSED] - Object: 'Object Repository/LoggedOutReactPages/HomeLoggedOut/SubmitVinArrow_Button' is clicked on

2018-06-01 10:07:29 - [TEST_STEP][PASSED] - waitForElementVisible: Object 'Object Repository/LoggedInReactPages/Order (react)/instaVINProducts_Label' is visible

2018-06-01 10:07:29 - [MESSAGE][WARNING] - Timeout '0' is invalid. Using default page load timeout: '30'

2018-06-01 10:07:29 - [MESSAGE][PASSED] - Object 'Object Repository/LoggedInReactPages/Order (react)/instaVINProducts_Label' is visible

2018-06-01 10:07:29 - [TEST_STEP][PASSED] - verifyElementVisible: Object 'Object Repository/LoggedInReactPages/Order (react)/ChangeVIN_Cross' is visible

2018-06-01 10:07:29 - [MESSAGE][PASSED] - Object 'Object Repository/LoggedInReactPages/Order (react)/ChangeVIN_Cross' is visible

2018-06-01 10:07:29 - [TEST_STEP][PASSED] - verifyElementPresent: Object 'Object Repository/LoggedInReactPages/Order (react)/SignIn_MenuLabel' is present

2018-06-01 10:07:29 - [MESSAGE][WARNING] - Timeout '0' is invalid. Using default page load timeout: '30'

2018-06-01 10:07:29 - [MESSAGE][PASSED] - Object 'Object Repository/LoggedInReactPages/Order (react)/SignIn_MenuLabel' is present

2018-06-01 10:07:29 - [TEST_STEP][PASSED] - verifyElementPresent: Object 'Object Repository/LoggedInReactPages/Order (react)/RecordsAreAvailable_Alert' is present

2018-06-01 10:07:29 - [MESSAGE][WARNING] - Timeout '0' is invalid. Using default page load timeout: '30'

2018-06-01 10:07:29 - [MESSAGE][PASSED] - Object 'Object Repository/LoggedInReactPages/Order (react)/RecordsAreAvailable_Alert' is present

2018-06-01 10:07:29 - [TEST_STEP][PASSED] - verifyElementText: Actual text and expected text of test object 'Object Repository/LoggedInReactPages/Order (react)/RecordsAreAvailable_Alert' are matched.

2018-06-01 10:07:30 - [MESSAGE][PASSED] - Actual text and expected text of test object 'Object Repository/LoggedInReactPages/Order (react)/RecordsAreAvailable_Alert' are matched.

2018-06-01 10:07:30 - [TEST_STEP][PASSED] - verifyElementVisible: Object 'Object Repository/LoggedInReactPages/Order (react)/VINdisplayed' is visible

2018-06-01 10:07:30 - [MESSAGE][PASSED] - Object 'Object Repository/LoggedInReactPages/Order (react)/VINdisplayed' is visible

2018-06-01 10:07:30 - [TEST_STEP][PASSED] - verifyElementText: Actual text and expected text of test object 'Object Repository/LoggedInReactPages/Order (react)/VINdisplayed' are matched.

2018-06-01 10:07:30 - [MESSAGE][PASSED] - Actual text and expected text of test object 'Object Repository/LoggedInReactPages/Order (react)/VINdisplayed' are matched.

2018-06-01 10:07:30 - [TEST_STEP][PASSED] - verifyElementPresent: Object 'Object Repository/LoggedInReactPages/Order (react)/OrderNow_OrangeButton' is present

2018-06-01 10:07:30 - [MESSAGE][WARNING] - Timeout '0' is invalid. Using default page load timeout: '30'

2018-06-01 10:07:30 - [MESSAGE][PASSED] - Object 'Object Repository/LoggedInReactPages/Order (react)/OrderNow_OrangeButton' is present

2018-06-01 10:07:30 - [TEST_STEP][PASSED] - closeBrowser: Browser is closed

2018-06-01 10:07:30 - [MESSAGE][PASSED] - Browser is closed]]></system-out>
         <system-err><![CDATA[]]></system-err>
      </testcase>
      <testcase name="Test Cases/SignUpConsumer - EmptyFields" classname="Test Cases/SignUpConsumer - EmptyFields" status="PASSED">
         <system-out><![CDATA[2018-06-01 10:07:30 - [TEST_CASE][PASSED] - Test Cases/SignUpConsumer - EmptyFields: Test Cases/SignUpConsumer - EmptyFields

2018-06-01 10:07:31 - [TEST_STEP][PASSED] - openBrowser: Browser is opened with url: ''

2018-06-01 10:07:33 - [MESSAGE][PASSED] - Browser is opened with url: ''

2018-06-01 10:07:33 - [TEST_STEP][PASSED] - maximizeWindow: Current window maximized

2018-06-01 10:07:34 - [MESSAGE][PASSED] - Current window maximized

2018-06-01 10:07:34 - [TEST_STEP][PASSED] - Statement - StartURL = com.kms.katalon.core.webui.keyword.WebUiBuiltInKeywords.concatenate([StagingReact, "create-account"]): Concatenated string array: '['https://dev-front.instavin.com/','create-account']' into 'https://dev-front.instavin.com/create-account'

2018-06-01 10:07:34 - [MESSAGE][PASSED] - Concatenated string array: '['https://dev-front.instavin.com/','create-account']' into 'https://dev-front.instavin.com/create-account'

2018-06-01 10:07:34 - [TEST_STEP][PASSED] - navigateToUrl: Navigate to 'https://dev-front.instavin.com/create-account' successfully

2018-06-01 10:07:36 - [MESSAGE][PASSED] - Navigate to 'https://dev-front.instavin.com/create-account' successfully

2018-06-01 10:07:36 - [TEST_STEP][PASSED] - verifyElementText: Actual text and expected text of test object 'Object Repository/LoggedOutReactPages/CreateAccount/Copy_Label' are matched.

2018-06-01 10:07:36 - [MESSAGE][PASSED] - Actual text and expected text of test object 'Object Repository/LoggedOutReactPages/CreateAccount/Copy_Label' are matched.

2018-06-01 10:07:36 - [TEST_STEP][PASSED] - verifyTextPresent: Text 'Buyer Information' is present on page 

2018-06-01 10:07:37 - [MESSAGE][PASSED] - Text 'Buyer Information' is present on page 

2018-06-01 10:07:37 - [TEST_STEP][PASSED] - verifyElementText: Actual text and expected text of test object 'Object Repository/LoggedOutReactPages/CreateAccount/Name_Label' are matched.

2018-06-01 10:07:37 - [MESSAGE][PASSED] - Actual text and expected text of test object 'Object Repository/LoggedOutReactPages/CreateAccount/Name_Label' are matched.

2018-06-01 10:07:37 - [TEST_STEP][PASSED] - verifyElementText: Actual text and expected text of test object 'Object Repository/LoggedOutReactPages/CreateAccount/Address_Label' are matched.

2018-06-01 10:07:37 - [MESSAGE][PASSED] - Actual text and expected text of test object 'Object Repository/LoggedOutReactPages/CreateAccount/Address_Label' are matched.

2018-06-01 10:07:37 - [TEST_STEP][PASSED] - click: Object: 'Object Repository/LoggedOutReactPages/CreateAccount/Submit_button' is clicked on

2018-06-01 10:07:37 - [MESSAGE][PASSED] - Object: 'Object Repository/LoggedOutReactPages/CreateAccount/Submit_button' is clicked on

2018-06-01 10:07:37 - [TEST_STEP][PASSED] - verifyElementPresent: Object 'Object Repository/LoggedOutReactPages/CreateAccount/FirstName_ErrorMessage' is present

2018-06-01 10:07:37 - [MESSAGE][WARNING] - Timeout '0' is invalid. Using default page load timeout: '30'

2018-06-01 10:07:37 - [MESSAGE][PASSED] - Object 'Object Repository/LoggedOutReactPages/CreateAccount/FirstName_ErrorMessage' is present

2018-06-01 10:07:37 - [TEST_STEP][PASSED] - verifyElementText: Actual text and expected text of test object 'Object Repository/LoggedOutReactPages/CreateAccount/FirstName_ErrorMessage' are matched.

2018-06-01 10:07:37 - [MESSAGE][PASSED] - Actual text and expected text of test object 'Object Repository/LoggedOutReactPages/CreateAccount/FirstName_ErrorMessage' are matched.

2018-06-01 10:07:37 - [TEST_STEP][PASSED] - verifyElementPresent: Object 'Object Repository/LoggedOutReactPages/CreateAccount/LastName_ErrorMessage' is present

2018-06-01 10:07:37 - [MESSAGE][WARNING] - Timeout '0' is invalid. Using default page load timeout: '30'

2018-06-01 10:07:37 - [MESSAGE][PASSED] - Object 'Object Repository/LoggedOutReactPages/CreateAccount/LastName_ErrorMessage' is present

2018-06-01 10:07:37 - [TEST_STEP][PASSED] - verifyElementText: Actual text and expected text of test object 'Object Repository/LoggedOutReactPages/CreateAccount/LastName_ErrorMessage' are matched.

2018-06-01 10:07:37 - [MESSAGE][PASSED] - Actual text and expected text of test object 'Object Repository/LoggedOutReactPages/CreateAccount/LastName_ErrorMessage' are matched.

2018-06-01 10:07:37 - [TEST_STEP][PASSED] - verifyElementPresent: Object 'Object Repository/LoggedOutReactPages/CreateAccount/Address_ErrorMessage' is present

2018-06-01 10:07:37 - [MESSAGE][WARNING] - Timeout '0' is invalid. Using default page load timeout: '30'

2018-06-01 10:07:37 - [MESSAGE][PASSED] - Object 'Object Repository/LoggedOutReactPages/CreateAccount/Address_ErrorMessage' is present

2018-06-01 10:07:37 - [TEST_STEP][PASSED] - verifyElementText: Actual text and expected text of test object 'Object Repository/LoggedOutReactPages/CreateAccount/Address_ErrorMessage' are matched.

2018-06-01 10:07:37 - [MESSAGE][PASSED] - Actual text and expected text of test object 'Object Repository/LoggedOutReactPages/CreateAccount/Address_ErrorMessage' are matched.

2018-06-01 10:07:37 - [TEST_STEP][PASSED] - verifyElementPresent: Object 'Object Repository/LoggedOutReactPages/CreateAccount/City_ErrorMessage' is present

2018-06-01 10:07:37 - [MESSAGE][WARNING] - Timeout '0' is invalid. Using default page load timeout: '30'

2018-06-01 10:07:37 - [MESSAGE][PASSED] - Object 'Object Repository/LoggedOutReactPages/CreateAccount/City_ErrorMessage' is present

2018-06-01 10:07:37 - [TEST_STEP][PASSED] - verifyElementText: Actual text and expected text of test object 'Object Repository/LoggedOutReactPages/CreateAccount/City_ErrorMessage' are matched.

2018-06-01 10:07:38 - [MESSAGE][PASSED] - Actual text and expected text of test object 'Object Repository/LoggedOutReactPages/CreateAccount/City_ErrorMessage' are matched.

2018-06-01 10:07:38 - [TEST_STEP][PASSED] - verifyElementPresent: Object 'Object Repository/LoggedOutReactPages/CreateAccount/State_ErrorMessage' is present

2018-06-01 10:07:38 - [MESSAGE][WARNING] - Timeout '0' is invalid. Using default page load timeout: '30'

2018-06-01 10:07:38 - [MESSAGE][PASSED] - Object 'Object Repository/LoggedOutReactPages/CreateAccount/State_ErrorMessage' is present

2018-06-01 10:07:38 - [TEST_STEP][PASSED] - verifyElementText: Actual text and expected text of test object 'Object Repository/LoggedOutReactPages/CreateAccount/State_ErrorMessage' are matched.

2018-06-01 10:07:38 - [MESSAGE][PASSED] - Actual text and expected text of test object 'Object Repository/LoggedOutReactPages/CreateAccount/State_ErrorMessage' are matched.

2018-06-01 10:07:38 - [TEST_STEP][PASSED] - verifyElementPresent: Object 'Object Repository/LoggedOutReactPages/CreateAccount/Zip_ErrorMessage' is present

2018-06-01 10:07:38 - [MESSAGE][WARNING] - Timeout '0' is invalid. Using default page load timeout: '30'

2018-06-01 10:07:38 - [MESSAGE][PASSED] - Object 'Object Repository/LoggedOutReactPages/CreateAccount/Zip_ErrorMessage' is present

2018-06-01 10:07:38 - [TEST_STEP][PASSED] - verifyElementText: Actual text and expected text of test object 'Object Repository/LoggedOutReactPages/CreateAccount/Zip_ErrorMessage' are matched.

2018-06-01 10:07:38 - [MESSAGE][PASSED] - Actual text and expected text of test object 'Object Repository/LoggedOutReactPages/CreateAccount/Zip_ErrorMessage' are matched.

2018-06-01 10:07:38 - [TEST_STEP][PASSED] - verifyElementPresent: Object 'Object Repository/LoggedOutReactPages/CreateAccount/Phone_ErrorMessage' is present

2018-06-01 10:07:38 - [MESSAGE][WARNING] - Timeout '0' is invalid. Using default page load timeout: '30'

2018-06-01 10:07:38 - [MESSAGE][PASSED] - Object 'Object Repository/LoggedOutReactPages/CreateAccount/Phone_ErrorMessage' is present

2018-06-01 10:07:38 - [TEST_STEP][PASSED] - verifyElementText: Actual text and expected text of test object 'Object Repository/LoggedOutReactPages/CreateAccount/Phone_ErrorMessage' are matched.

2018-06-01 10:07:38 - [MESSAGE][PASSED] - Actual text and expected text of test object 'Object Repository/LoggedOutReactPages/CreateAccount/Phone_ErrorMessage' are matched.

2018-06-01 10:07:38 - [TEST_STEP][PASSED] - verifyElementPresent: Object 'Object Repository/LoggedOutReactPages/CreateAccount/BillingFirstName_ErrorMessage' is present

2018-06-01 10:07:39 - [MESSAGE][WARNING] - Timeout '0' is invalid. Using default page load timeout: '30'

2018-06-01 10:07:39 - [MESSAGE][PASSED] - Object 'Object Repository/LoggedOutReactPages/CreateAccount/BillingFirstName_ErrorMessage' is present

2018-06-01 10:07:39 - [TEST_STEP][PASSED] - verifyElementText: Actual text and expected text of test object 'Object Repository/LoggedOutReactPages/CreateAccount/BillingFirstName_ErrorMessage' are matched.

2018-06-01 10:07:39 - [MESSAGE][PASSED] - Actual text and expected text of test object 'Object Repository/LoggedOutReactPages/CreateAccount/BillingFirstName_ErrorMessage' are matched.

2018-06-01 10:07:39 - [TEST_STEP][PASSED] - verifyElementPresent: Object 'Object Repository/LoggedOutReactPages/CreateAccount/BillingLastName_ErrorMessage' is present

2018-06-01 10:07:39 - [MESSAGE][WARNING] - Timeout '0' is invalid. Using default page load timeout: '30'

2018-06-01 10:07:39 - [MESSAGE][PASSED] - Object 'Object Repository/LoggedOutReactPages/CreateAccount/BillingLastName_ErrorMessage' is present

2018-06-01 10:07:39 - [TEST_STEP][PASSED] - verifyElementText: Actual text and expected text of test object 'Object Repository/LoggedOutReactPages/CreateAccount/BillingLastName_ErrorMessage' are matched.

2018-06-01 10:07:39 - [MESSAGE][PASSED] - Actual text and expected text of test object 'Object Repository/LoggedOutReactPages/CreateAccount/BillingLastName_ErrorMessage' are matched.

2018-06-01 10:07:39 - [TEST_STEP][PASSED] - verifyElementPresent: Object 'Object Repository/LoggedOutReactPages/CreateAccount/BillingAddress_ErrorMessage' is present

2018-06-01 10:07:39 - [MESSAGE][WARNING] - Timeout '0' is invalid. Using default page load timeout: '30'

2018-06-01 10:07:39 - [MESSAGE][PASSED] - Object 'Object Repository/LoggedOutReactPages/CreateAccount/BillingAddress_ErrorMessage' is present

2018-06-01 10:07:39 - [TEST_STEP][PASSED] - verifyElementText: Actual text and expected text of test object 'Object Repository/LoggedOutReactPages/CreateAccount/BillingAddress_ErrorMessage' are matched.

2018-06-01 10:07:39 - [MESSAGE][PASSED] - Actual text and expected text of test object 'Object Repository/LoggedOutReactPages/CreateAccount/BillingAddress_ErrorMessage' are matched.

2018-06-01 10:07:39 - [TEST_STEP][PASSED] - verifyElementPresent: Object 'Object Repository/LoggedOutReactPages/CreateAccount/BillingZip_ErrorMessage' is present

2018-06-01 10:07:39 - [MESSAGE][WARNING] - Timeout '0' is invalid. Using default page load timeout: '30'

2018-06-01 10:07:40 - [MESSAGE][PASSED] - Object 'Object Repository/LoggedOutReactPages/CreateAccount/BillingZip_ErrorMessage' is present

2018-06-01 10:07:40 - [TEST_STEP][PASSED] - verifyElementText: Actual text and expected text of test object 'Object Repository/LoggedOutReactPages/CreateAccount/BillingZip_ErrorMessage' are matched.

2018-06-01 10:07:40 - [MESSAGE][PASSED] - Actual text and expected text of test object 'Object Repository/LoggedOutReactPages/CreateAccount/BillingZip_ErrorMessage' are matched.

2018-06-01 10:07:40 - [TEST_STEP][PASSED] - verifyElementPresent: Object 'Object Repository/LoggedOutReactPages/CreateAccount/CC_ErrorMessage' is present

2018-06-01 10:07:40 - [MESSAGE][WARNING] - Timeout '0' is invalid. Using default page load timeout: '30'

2018-06-01 10:07:40 - [MESSAGE][PASSED] - Object 'Object Repository/LoggedOutReactPages/CreateAccount/CC_ErrorMessage' is present

2018-06-01 10:07:40 - [TEST_STEP][PASSED] - verifyElementText: Actual text and expected text of test object 'Object Repository/LoggedOutReactPages/CreateAccount/CC_ErrorMessage' are matched.

2018-06-01 10:07:40 - [MESSAGE][PASSED] - Actual text and expected text of test object 'Object Repository/LoggedOutReactPages/CreateAccount/CC_ErrorMessage' are matched.

2018-06-01 10:07:40 - [TEST_STEP][PASSED] - verifyElementPresent: Object 'Object Repository/LoggedOutReactPages/CreateAccount/ExpirationMonth_ErrorMessage' is present

2018-06-01 10:07:40 - [MESSAGE][WARNING] - Timeout '0' is invalid. Using default page load timeout: '30'

2018-06-01 10:07:40 - [MESSAGE][PASSED] - Object 'Object Repository/LoggedOutReactPages/CreateAccount/ExpirationMonth_ErrorMessage' is present

2018-06-01 10:07:40 - [TEST_STEP][PASSED] - verifyElementText: Actual text and expected text of test object 'Object Repository/LoggedOutReactPages/CreateAccount/ExpirationMonth_ErrorMessage' are matched.

2018-06-01 10:07:40 - [MESSAGE][PASSED] - Actual text and expected text of test object 'Object Repository/LoggedOutReactPages/CreateAccount/ExpirationMonth_ErrorMessage' are matched.

2018-06-01 10:07:40 - [TEST_STEP][PASSED] - verifyElementPresent: Object 'Object Repository/LoggedOutReactPages/CreateAccount/CVV_ErrorMessage' is present

2018-06-01 10:07:40 - [MESSAGE][WARNING] - Timeout '0' is invalid. Using default page load timeout: '30'

2018-06-01 10:07:40 - [MESSAGE][PASSED] - Object 'Object Repository/LoggedOutReactPages/CreateAccount/CVV_ErrorMessage' is present

2018-06-01 10:07:40 - [TEST_STEP][PASSED] - verifyElementText: Actual text and expected text of test object 'Object Repository/LoggedOutReactPages/CreateAccount/CVV_ErrorMessage' are matched.

2018-06-01 10:07:40 - [MESSAGE][PASSED] - Actual text and expected text of test object 'Object Repository/LoggedOutReactPages/CreateAccount/CVV_ErrorMessage' are matched.

2018-06-01 10:07:41 - [TEST_STEP][PASSED] - verifyElementPresent: Object 'Object Repository/LoggedOutReactPages/CreateAccount/ExpirationYear_ErrorMessage' is present

2018-06-01 10:07:41 - [MESSAGE][WARNING] - Timeout '0' is invalid. Using default page load timeout: '30'

2018-06-01 10:07:41 - [MESSAGE][PASSED] - Object 'Object Repository/LoggedOutReactPages/CreateAccount/ExpirationYear_ErrorMessage' is present

2018-06-01 10:07:41 - [TEST_STEP][PASSED] - verifyElementText: Actual text and expected text of test object 'Object Repository/LoggedOutReactPages/CreateAccount/ExpirationYear_ErrorMessage' are matched.

2018-06-01 10:07:41 - [MESSAGE][PASSED] - Actual text and expected text of test object 'Object Repository/LoggedOutReactPages/CreateAccount/ExpirationYear_ErrorMessage' are matched.

2018-06-01 10:07:41 - [TEST_STEP][PASSED] - verifyElementPresent: Object 'Object Repository/LoggedOutReactPages/CreateAccount/Email_ErrorMessage' is present

2018-06-01 10:07:41 - [MESSAGE][WARNING] - Timeout '0' is invalid. Using default page load timeout: '30'

2018-06-01 10:07:41 - [MESSAGE][PASSED] - Object 'Object Repository/LoggedOutReactPages/CreateAccount/Email_ErrorMessage' is present

2018-06-01 10:07:41 - [TEST_STEP][PASSED] - verifyElementText: Actual text and expected text of test object 'Object Repository/LoggedOutReactPages/CreateAccount/Email_ErrorMessage' are matched.

2018-06-01 10:07:41 - [MESSAGE][PASSED] - Actual text and expected text of test object 'Object Repository/LoggedOutReactPages/CreateAccount/Email_ErrorMessage' are matched.

2018-06-01 10:07:41 - [TEST_STEP][PASSED] - verifyElementPresent: Object 'Object Repository/LoggedOutReactPages/CreateAccount/Password_ErrorMessage' is present

2018-06-01 10:07:41 - [MESSAGE][WARNING] - Timeout '0' is invalid. Using default page load timeout: '30'

2018-06-01 10:07:41 - [MESSAGE][PASSED] - Object 'Object Repository/LoggedOutReactPages/CreateAccount/Password_ErrorMessage' is present

2018-06-01 10:07:41 - [TEST_STEP][PASSED] - verifyElementText: Actual text and expected text of test object 'Object Repository/LoggedOutReactPages/CreateAccount/Password_ErrorMessage' are matched.

2018-06-01 10:07:41 - [MESSAGE][PASSED] - Actual text and expected text of test object 'Object Repository/LoggedOutReactPages/CreateAccount/Password_ErrorMessage' are matched.

2018-06-01 10:07:41 - [TEST_STEP][PASSED] - verifyElementPresent: Object 'Object Repository/LoggedOutReactPages/CreateAccount/AcceptTOS_ErrorMessage' is present

2018-06-01 10:07:42 - [MESSAGE][WARNING] - Timeout '0' is invalid. Using default page load timeout: '30'

2018-06-01 10:07:42 - [MESSAGE][PASSED] - Object 'Object Repository/LoggedOutReactPages/CreateAccount/AcceptTOS_ErrorMessage' is present

2018-06-01 10:07:42 - [TEST_STEP][PASSED] - verifyElementText: Actual text and expected text of test object 'Object Repository/LoggedOutReactPages/CreateAccount/AcceptTOS_ErrorMessage' are matched.

2018-06-01 10:07:42 - [MESSAGE][PASSED] - Actual text and expected text of test object 'Object Repository/LoggedOutReactPages/CreateAccount/AcceptTOS_ErrorMessage' are matched.

2018-06-01 10:07:42 - [TEST_STEP][PASSED] - closeBrowser: Browser is closed

2018-06-01 10:07:43 - [MESSAGE][PASSED] - Browser is closed]]></system-out>
         <system-err><![CDATA[]]></system-err>
      </testcase>
      <testcase name="Test Cases/SignUpConsumer - IncorrectEmail" classname="Test Cases/SignUpConsumer - IncorrectEmail" status="PASSED">
         <system-out><![CDATA[2018-06-01 10:07:43 - [TEST_CASE][PASSED] - Test Cases/SignUpConsumer - IncorrectEmail: Test Cases/SignUpConsumer - IncorrectEmail

2018-06-01 10:07:43 - [TEST_STEP][PASSED] - openBrowser: Browser is opened with url: ''

2018-06-01 10:07:45 - [MESSAGE][PASSED] - Browser is opened with url: ''

2018-06-01 10:07:45 - [TEST_STEP][PASSED] - maximizeWindow: Current window maximized

2018-06-01 10:07:46 - [MESSAGE][PASSED] - Current window maximized

2018-06-01 10:07:46 - [TEST_STEP][PASSED] - Statement - StartURL = com.kms.katalon.core.webui.keyword.WebUiBuiltInKeywords.concatenate([StagingReact, "create-account"]): Concatenated string array: '['https://dev-front.instavin.com/','create-account']' into 'https://dev-front.instavin.com/create-account'

2018-06-01 10:07:46 - [MESSAGE][PASSED] - Concatenated string array: '['https://dev-front.instavin.com/','create-account']' into 'https://dev-front.instavin.com/create-account'

2018-06-01 10:07:46 - [TEST_STEP][PASSED] - navigateToUrl: Navigate to 'https://dev-front.instavin.com/create-account' successfully

2018-06-01 10:07:48 - [MESSAGE][PASSED] - Navigate to 'https://dev-front.instavin.com/create-account' successfully

2018-06-01 10:07:48 - [TEST_STEP][PASSED] - verifyElementText: Actual text and expected text of test object 'Object Repository/LoggedOutReactPages/CreateAccount/Copy_Label' are matched.

2018-06-01 10:07:48 - [MESSAGE][PASSED] - Actual text and expected text of test object 'Object Repository/LoggedOutReactPages/CreateAccount/Copy_Label' are matched.

2018-06-01 10:07:48 - [TEST_STEP][PASSED] - verifyTextPresent: Text 'Buyer Information' is present on page 

2018-06-01 10:07:49 - [MESSAGE][PASSED] - Text 'Buyer Information' is present on page 

2018-06-01 10:07:49 - [TEST_STEP][PASSED] - Statement - now = new java.util.Date(): null

2018-06-01 10:07:49 - [TEST_STEP][PASSED] - Statement - rnd = now.format("yyyyMMddHHmmssSSS").toString(): null

2018-06-01 10:07:49 - [TEST_STEP][PASSED] - Statement - email = com.kms.katalon.core.webui.keyword.WebUiBuiltInKeywords.concatenate([rnd, "@mailinator.com"]): Concatenated string array: '['20180601100749160','@mailinator.com']' into '20180601100749160@mailinator.com'

2018-06-01 10:07:49 - [MESSAGE][PASSED] - Concatenated string array: '['20180601100749160','@mailinator.com']' into '20180601100749160@mailinator.com'

2018-06-01 10:07:49 - [TEST_STEP][PASSED] - setText: Text '20180601100749160' is set on object 'Object Repository/LoggedOutReactPages/CreateAccount/Email_Input'

2018-06-01 10:07:49 - [MESSAGE][PASSED] - Text '20180601100749160' is set on object 'Object Repository/LoggedOutReactPages/CreateAccount/Email_Input'

2018-06-01 10:07:49 - [TEST_STEP][PASSED] - setText: Text 'test' is set on object 'Object Repository/LoggedOutReactPages/CreateAccount/ConfirmEmail_Input'

2018-06-01 10:07:49 - [MESSAGE][PASSED] - Text 'test' is set on object 'Object Repository/LoggedOutReactPages/CreateAccount/ConfirmEmail_Input'

2018-06-01 10:07:49 - [TEST_STEP][PASSED] - click: Object: 'Object Repository/LoggedOutReactPages/CreateAccount/Password_Input' is clicked on

2018-06-01 10:07:49 - [MESSAGE][PASSED] - Object: 'Object Repository/LoggedOutReactPages/CreateAccount/Password_Input' is clicked on

2018-06-01 10:07:49 - [TEST_STEP][PASSED] - verifyElementPresent: Object 'Object Repository/LoggedOutReactPages/CreateAccount/Email_ErrorMessage' is present

2018-06-01 10:07:49 - [MESSAGE][WARNING] - Timeout '0' is invalid. Using default page load timeout: '30'

2018-06-01 10:07:49 - [MESSAGE][PASSED] - Object 'Object Repository/LoggedOutReactPages/CreateAccount/Email_ErrorMessage' is present

2018-06-01 10:07:49 - [TEST_STEP][PASSED] - verifyElementText: Actual text and expected text of test object 'Object Repository/LoggedOutReactPages/CreateAccount/Email_ErrorMessage' are matched.

2018-06-01 10:07:49 - [MESSAGE][PASSED] - Actual text and expected text of test object 'Object Repository/LoggedOutReactPages/CreateAccount/Email_ErrorMessage' are matched.

2018-06-01 10:07:49 - [TEST_STEP][PASSED] - verifyElementPresent: Object 'Object Repository/LoggedOutReactPages/CreateAccount/ConfirmEmail_ErrorMessage' is present

2018-06-01 10:07:49 - [MESSAGE][WARNING] - Timeout '0' is invalid. Using default page load timeout: '30'

2018-06-01 10:07:49 - [MESSAGE][PASSED] - Object 'Object Repository/LoggedOutReactPages/CreateAccount/ConfirmEmail_ErrorMessage' is present

2018-06-01 10:07:49 - [TEST_STEP][PASSED] - verifyElementText: Actual text and expected text of test object 'Object Repository/LoggedOutReactPages/CreateAccount/ConfirmEmail_ErrorMessage' are matched.

2018-06-01 10:07:50 - [MESSAGE][PASSED] - Actual text and expected text of test object 'Object Repository/LoggedOutReactPages/CreateAccount/ConfirmEmail_ErrorMessage' are matched.

2018-06-01 10:07:50 - [TEST_STEP][PASSED] - setText: Text '20180601100749160@mailinator.com' is set on object 'Object Repository/LoggedOutReactPages/CreateAccount/Email_Input'

2018-06-01 10:07:50 - [MESSAGE][PASSED] - Text '20180601100749160@mailinator.com' is set on object 'Object Repository/LoggedOutReactPages/CreateAccount/Email_Input'

2018-06-01 10:07:50 - [TEST_STEP][PASSED] - click: Object: 'Object Repository/LoggedOutReactPages/CreateAccount/Password_Input' is clicked on

2018-06-01 10:07:50 - [MESSAGE][PASSED] - Object: 'Object Repository/LoggedOutReactPages/CreateAccount/Password_Input' is clicked on

2018-06-01 10:07:50 - [TEST_STEP][PASSED] - verifyElementNotPresent: Web element with id: 'Object Repository/LoggedOutReactPages/CreateAccount/Email_ErrorMessage' located by 'By.xpath: //html//div[@id='AccountInfo']/div[1]/div[1]/div[2]/span[1]/span[1]' is not present after '30' second(s)

2018-06-01 10:07:50 - [MESSAGE][WARNING] - Timeout '0' is invalid. Using default page load timeout: '30'

2018-06-01 10:07:50 - [MESSAGE][PASSED] - Web element with id: 'Object Repository/LoggedOutReactPages/CreateAccount/Email_ErrorMessage' located by 'By.xpath: //html//div[@id='AccountInfo']/div[1]/div[1]/div[2]/span[1]/span[1]' is not present after '30' second(s)

2018-06-01 10:07:50 - [TEST_STEP][PASSED] - verifyElementPresent: Object 'Object Repository/LoggedOutReactPages/CreateAccount/ConfirmEmail_ErrorMessage' is present

2018-06-01 10:07:50 - [MESSAGE][WARNING] - Timeout '0' is invalid. Using default page load timeout: '30'

2018-06-01 10:07:50 - [MESSAGE][PASSED] - Object 'Object Repository/LoggedOutReactPages/CreateAccount/ConfirmEmail_ErrorMessage' is present

2018-06-01 10:07:50 - [TEST_STEP][PASSED] - verifyElementText: Actual text and expected text of test object 'Object Repository/LoggedOutReactPages/CreateAccount/ConfirmEmail_ErrorMessage' are matched.

2018-06-01 10:07:50 - [MESSAGE][PASSED] - Actual text and expected text of test object 'Object Repository/LoggedOutReactPages/CreateAccount/ConfirmEmail_ErrorMessage' are matched.

2018-06-01 10:07:50 - [TEST_STEP][PASSED] - setText: Text '20180601100749160@mailinator.com' is set on object 'Object Repository/LoggedOutReactPages/CreateAccount/ConfirmEmail_Input'

2018-06-01 10:07:51 - [MESSAGE][PASSED] - Text '20180601100749160@mailinator.com' is set on object 'Object Repository/LoggedOutReactPages/CreateAccount/ConfirmEmail_Input'

2018-06-01 10:07:51 - [TEST_STEP][PASSED] - click: Object: 'Object Repository/LoggedOutReactPages/CreateAccount/Password_Input' is clicked on

2018-06-01 10:07:51 - [MESSAGE][PASSED] - Object: 'Object Repository/LoggedOutReactPages/CreateAccount/Password_Input' is clicked on

2018-06-01 10:07:51 - [TEST_STEP][PASSED] - verifyElementNotPresent: Web element with id: 'Object Repository/LoggedOutReactPages/CreateAccount/Email_ErrorMessage' located by 'By.xpath: //html//div[@id='AccountInfo']/div[1]/div[1]/div[2]/span[1]/span[1]' is not present after '30' second(s)

2018-06-01 10:07:51 - [MESSAGE][WARNING] - Timeout '0' is invalid. Using default page load timeout: '30'

2018-06-01 10:07:51 - [MESSAGE][PASSED] - Web element with id: 'Object Repository/LoggedOutReactPages/CreateAccount/Email_ErrorMessage' located by 'By.xpath: //html//div[@id='AccountInfo']/div[1]/div[1]/div[2]/span[1]/span[1]' is not present after '30' second(s)

2018-06-01 10:07:51 - [TEST_STEP][PASSED] - verifyElementNotPresent: Web element with id: 'Object Repository/LoggedOutReactPages/CreateAccount/ConfirmEmail_ErrorMessage' located by 'By.xpath: //span[contains(text(),'Does not match the Email Address')]' is not present after '30' second(s)

2018-06-01 10:07:51 - [MESSAGE][WARNING] - Timeout '0' is invalid. Using default page load timeout: '30'

2018-06-01 10:07:51 - [MESSAGE][PASSED] - Web element with id: 'Object Repository/LoggedOutReactPages/CreateAccount/ConfirmEmail_ErrorMessage' located by 'By.xpath: //span[contains(text(),'Does not match the Email Address')]' is not present after '30' second(s)

2018-06-01 10:07:51 - [TEST_STEP][PASSED] - closeBrowser: Browser is closed

2018-06-01 10:07:52 - [MESSAGE][PASSED] - Browser is closed]]></system-out>
         <system-err><![CDATA[]]></system-err>
      </testcase>
      <testcase name="Test Cases/SignUpConsumer - ShortAndMissmatchedPass" classname="Test Cases/SignUpConsumer - ShortAndMissmatchedPass" status="PASSED">
         <system-out><![CDATA[2018-06-01 10:07:52 - [TEST_CASE][PASSED] - Test Cases/SignUpConsumer - ShortAndMissmatchedPass: Test Cases/SignUpConsumer - ShortAndMissmatchedPass

2018-06-01 10:07:52 - [TEST_STEP][PASSED] - openBrowser: Browser is opened with url: ''

2018-06-01 10:07:54 - [MESSAGE][PASSED] - Browser is opened with url: ''

2018-06-01 10:07:54 - [TEST_STEP][PASSED] - maximizeWindow: Current window maximized

2018-06-01 10:07:56 - [MESSAGE][PASSED] - Current window maximized

2018-06-01 10:07:56 - [TEST_STEP][PASSED] - Statement - StartURL = com.kms.katalon.core.webui.keyword.WebUiBuiltInKeywords.concatenate([StagingReact, "create-account"]): Concatenated string array: '['https://dev-front.instavin.com/','create-account']' into 'https://dev-front.instavin.com/create-account'

2018-06-01 10:07:56 - [MESSAGE][PASSED] - Concatenated string array: '['https://dev-front.instavin.com/','create-account']' into 'https://dev-front.instavin.com/create-account'

2018-06-01 10:07:56 - [TEST_STEP][PASSED] - navigateToUrl: Navigate to 'https://dev-front.instavin.com/create-account' successfully

2018-06-01 10:07:58 - [MESSAGE][PASSED] - Navigate to 'https://dev-front.instavin.com/create-account' successfully

2018-06-01 10:07:58 - [TEST_STEP][PASSED] - verifyElementText: Actual text and expected text of test object 'Object Repository/LoggedOutReactPages/CreateAccount/Copy_Label' are matched.

2018-06-01 10:07:58 - [MESSAGE][PASSED] - Actual text and expected text of test object 'Object Repository/LoggedOutReactPages/CreateAccount/Copy_Label' are matched.

2018-06-01 10:07:58 - [TEST_STEP][PASSED] - verifyTextPresent: Text 'Buyer Information' is present on page 

2018-06-01 10:07:58 - [MESSAGE][PASSED] - Text 'Buyer Information' is present on page 

2018-06-01 10:07:58 - [TEST_STEP][PASSED] - setText: Text '11' is set on object 'Object Repository/LoggedOutReactPages/CreateAccount/Password_Input'

2018-06-01 10:07:58 - [MESSAGE][PASSED] - Text '11' is set on object 'Object Repository/LoggedOutReactPages/CreateAccount/Password_Input'

2018-06-01 10:07:58 - [TEST_STEP][PASSED] - click: Object: 'Object Repository/LoggedOutReactPages/CreateAccount/Email_Input' is clicked on

2018-06-01 10:07:58 - [MESSAGE][PASSED] - Object: 'Object Repository/LoggedOutReactPages/CreateAccount/Email_Input' is clicked on

2018-06-01 10:07:58 - [TEST_STEP][PASSED] - verifyElementPresent: Object 'Object Repository/LoggedOutReactPages/CreateAccount/Password_ErrorMessage' is present

2018-06-01 10:07:58 - [MESSAGE][WARNING] - Timeout '0' is invalid. Using default page load timeout: '30'

2018-06-01 10:07:58 - [MESSAGE][PASSED] - Object 'Object Repository/LoggedOutReactPages/CreateAccount/Password_ErrorMessage' is present

2018-06-01 10:07:58 - [TEST_STEP][PASSED] - verifyElementText: Actual text and expected text of test object 'Object Repository/LoggedOutReactPages/CreateAccount/Password_ErrorMessage' are matched.

2018-06-01 10:07:59 - [MESSAGE][PASSED] - Actual text and expected text of test object 'Object Repository/LoggedOutReactPages/CreateAccount/Password_ErrorMessage' are matched.

2018-06-01 10:07:59 - [TEST_STEP][PASSED] - verifyElementNotPresent: Web element with id: 'Object Repository/LoggedOutReactPages/CreateAccount/ConfirmPassword_ErrorMessage' located by 'By.xpath: //div[@id='AccountInfo']//div[@class='FormSectionContainer']//div[@class='FieldComboBox Clear']//div[@class='Field_Standard']//span[@class='field-validation-error']//span' is not present after '30' second(s)

2018-06-01 10:07:59 - [MESSAGE][WARNING] - Timeout '0' is invalid. Using default page load timeout: '30'

2018-06-01 10:07:59 - [MESSAGE][PASSED] - Web element with id: 'Object Repository/LoggedOutReactPages/CreateAccount/ConfirmPassword_ErrorMessage' located by 'By.xpath: //div[@id='AccountInfo']//div[@class='FormSectionContainer']//div[@class='FieldComboBox Clear']//div[@class='Field_Standard']//span[@class='field-validation-error']//span' is not present after '30' second(s)

2018-06-01 10:07:59 - [TEST_STEP][PASSED] - setText: Text '111111' is set on object 'Object Repository/LoggedOutReactPages/CreateAccount/Password_Input'

2018-06-01 10:07:59 - [MESSAGE][PASSED] - Text '111111' is set on object 'Object Repository/LoggedOutReactPages/CreateAccount/Password_Input'

2018-06-01 10:07:59 - [TEST_STEP][PASSED] - click: Object: 'Object Repository/LoggedOutReactPages/CreateAccount/Email_Input' is clicked on

2018-06-01 10:07:59 - [MESSAGE][PASSED] - Object: 'Object Repository/LoggedOutReactPages/CreateAccount/Email_Input' is clicked on

2018-06-01 10:07:59 - [TEST_STEP][PASSED] - verifyElementNotPresent: Web element with id: 'Object Repository/LoggedOutReactPages/CreateAccount/Password_ErrorMessage' located by 'By.xpath: //html//div[@id='AccountInfo']/div[2]/div[1]/div[2]/span[1]/span[1]' is not present after '30' second(s)

2018-06-01 10:07:59 - [MESSAGE][WARNING] - Timeout '0' is invalid. Using default page load timeout: '30'

2018-06-01 10:07:59 - [MESSAGE][PASSED] - Web element with id: 'Object Repository/LoggedOutReactPages/CreateAccount/Password_ErrorMessage' located by 'By.xpath: //html//div[@id='AccountInfo']/div[2]/div[1]/div[2]/span[1]/span[1]' is not present after '30' second(s)

2018-06-01 10:07:59 - [TEST_STEP][PASSED] - verifyElementNotPresent: Web element with id: 'Object Repository/LoggedOutReactPages/CreateAccount/ConfirmPassword_ErrorMessage' located by 'By.xpath: //div[@id='AccountInfo']//div[@class='FormSectionContainer']//div[@class='FieldComboBox Clear']//div[@class='Field_Standard']//span[@class='field-validation-error']//span' is not present after '30' second(s)

2018-06-01 10:07:59 - [MESSAGE][WARNING] - Timeout '0' is invalid. Using default page load timeout: '30'

2018-06-01 10:07:59 - [MESSAGE][PASSED] - Web element with id: 'Object Repository/LoggedOutReactPages/CreateAccount/ConfirmPassword_ErrorMessage' located by 'By.xpath: //div[@id='AccountInfo']//div[@class='FormSectionContainer']//div[@class='FieldComboBox Clear']//div[@class='Field_Standard']//span[@class='field-validation-error']//span' is not present after '30' second(s)

2018-06-01 10:07:59 - [TEST_STEP][PASSED] - setText: Text '11' is set on object 'Object Repository/LoggedOutReactPages/CreateAccount/ConfirmPassword_Input'

2018-06-01 10:07:59 - [MESSAGE][PASSED] - Text '11' is set on object 'Object Repository/LoggedOutReactPages/CreateAccount/ConfirmPassword_Input'

2018-06-01 10:07:59 - [TEST_STEP][PASSED] - click: Object: 'Object Repository/LoggedOutReactPages/CreateAccount/Email_Input' is clicked on

2018-06-01 10:07:59 - [MESSAGE][PASSED] - Object: 'Object Repository/LoggedOutReactPages/CreateAccount/Email_Input' is clicked on

2018-06-01 10:07:59 - [TEST_STEP][PASSED] - verifyElementNotPresent: Web element with id: 'Object Repository/LoggedOutReactPages/CreateAccount/Password_ErrorMessage' located by 'By.xpath: //html//div[@id='AccountInfo']/div[2]/div[1]/div[2]/span[1]/span[1]' is not present after '30' second(s)

2018-06-01 10:07:59 - [MESSAGE][WARNING] - Timeout '0' is invalid. Using default page load timeout: '30'

2018-06-01 10:08:00 - [MESSAGE][PASSED] - Web element with id: 'Object Repository/LoggedOutReactPages/CreateAccount/Password_ErrorMessage' located by 'By.xpath: //html//div[@id='AccountInfo']/div[2]/div[1]/div[2]/span[1]/span[1]' is not present after '30' second(s)

2018-06-01 10:08:00 - [TEST_STEP][PASSED] - verifyElementPresent: Object 'Object Repository/LoggedOutReactPages/CreateAccount/ConfirmPassword_ErrorMessage' is present

2018-06-01 10:08:00 - [MESSAGE][WARNING] - Timeout '0' is invalid. Using default page load timeout: '30'

2018-06-01 10:08:00 - [MESSAGE][PASSED] - Object 'Object Repository/LoggedOutReactPages/CreateAccount/ConfirmPassword_ErrorMessage' is present

2018-06-01 10:08:00 - [TEST_STEP][PASSED] - verifyElementText: Actual text and expected text of test object 'Object Repository/LoggedOutReactPages/CreateAccount/ConfirmPassword_ErrorMessage' are matched.

2018-06-01 10:08:00 - [MESSAGE][PASSED] - Actual text and expected text of test object 'Object Repository/LoggedOutReactPages/CreateAccount/ConfirmPassword_ErrorMessage' are matched.

2018-06-01 10:08:00 - [TEST_STEP][PASSED] - setText: Text '111111' is set on object 'Object Repository/LoggedOutReactPages/CreateAccount/ConfirmPassword_Input'

2018-06-01 10:08:00 - [MESSAGE][PASSED] - Text '111111' is set on object 'Object Repository/LoggedOutReactPages/CreateAccount/ConfirmPassword_Input'

2018-06-01 10:08:00 - [TEST_STEP][PASSED] - click: Object: 'Object Repository/LoggedOutReactPages/CreateAccount/Email_Input' is clicked on

2018-06-01 10:08:00 - [MESSAGE][PASSED] - Object: 'Object Repository/LoggedOutReactPages/CreateAccount/Email_Input' is clicked on

2018-06-01 10:08:00 - [TEST_STEP][PASSED] - verifyElementNotPresent: Web element with id: 'Object Repository/LoggedOutReactPages/CreateAccount/Password_ErrorMessage' located by 'By.xpath: //html//div[@id='AccountInfo']/div[2]/div[1]/div[2]/span[1]/span[1]' is not present after '30' second(s)

2018-06-01 10:08:00 - [MESSAGE][WARNING] - Timeout '0' is invalid. Using default page load timeout: '30'

2018-06-01 10:08:00 - [MESSAGE][PASSED] - Web element with id: 'Object Repository/LoggedOutReactPages/CreateAccount/Password_ErrorMessage' located by 'By.xpath: //html//div[@id='AccountInfo']/div[2]/div[1]/div[2]/span[1]/span[1]' is not present after '30' second(s)

2018-06-01 10:08:00 - [TEST_STEP][PASSED] - verifyElementNotPresent: Web element with id: 'Object Repository/LoggedOutReactPages/CreateAccount/ConfirmPassword_ErrorMessage' located by 'By.xpath: //div[@id='AccountInfo']//div[@class='FormSectionContainer']//div[@class='FieldComboBox Clear']//div[@class='Field_Standard']//span[@class='field-validation-error']//span' is not present after '30' second(s)

2018-06-01 10:08:00 - [MESSAGE][WARNING] - Timeout '0' is invalid. Using default page load timeout: '30'

2018-06-01 10:08:00 - [MESSAGE][PASSED] - Web element with id: 'Object Repository/LoggedOutReactPages/CreateAccount/ConfirmPassword_ErrorMessage' located by 'By.xpath: //div[@id='AccountInfo']//div[@class='FormSectionContainer']//div[@class='FieldComboBox Clear']//div[@class='Field_Standard']//span[@class='field-validation-error']//span' is not present after '30' second(s)

2018-06-01 10:08:01 - [TEST_STEP][PASSED] - closeBrowser: Browser is closed

2018-06-01 10:08:01 - [MESSAGE][PASSED] - Browser is closed]]></system-out>
         <system-err><![CDATA[]]></system-err>
      </testcase>
      <testcase name="Test Cases/SignUpConsumer - CopyBuyer" classname="Test Cases/SignUpConsumer - CopyBuyer" status="PASSED">
         <system-out><![CDATA[2018-06-01 10:08:01 - [TEST_CASE][PASSED] - Test Cases/SignUpConsumer - CopyBuyer: Test Cases/SignUpConsumer - CopyBuyer

2018-06-01 10:08:01 - [TEST_STEP][PASSED] - openBrowser: Browser is opened with url: ''

2018-06-01 10:08:04 - [MESSAGE][PASSED] - Browser is opened with url: ''

2018-06-01 10:08:04 - [TEST_STEP][PASSED] - maximizeWindow: Current window maximized

2018-06-01 10:08:05 - [MESSAGE][PASSED] - Current window maximized

2018-06-01 10:08:05 - [TEST_STEP][PASSED] - Statement - StartURL = com.kms.katalon.core.webui.keyword.WebUiBuiltInKeywords.concatenate([StagingReact, "create-account"]): Concatenated string array: '['https://dev-front.instavin.com/','create-account']' into 'https://dev-front.instavin.com/create-account'

2018-06-01 10:08:05 - [MESSAGE][PASSED] - Concatenated string array: '['https://dev-front.instavin.com/','create-account']' into 'https://dev-front.instavin.com/create-account'

2018-06-01 10:08:05 - [TEST_STEP][PASSED] - navigateToUrl: Navigate to 'https://dev-front.instavin.com/create-account' successfully

2018-06-01 10:08:07 - [MESSAGE][PASSED] - Navigate to 'https://dev-front.instavin.com/create-account' successfully

2018-06-01 10:08:07 - [TEST_STEP][PASSED] - verifyElementText: Actual text and expected text of test object 'Object Repository/LoggedOutReactPages/CreateAccount/Copy_Label' are matched.

2018-06-01 10:08:07 - [MESSAGE][PASSED] - Actual text and expected text of test object 'Object Repository/LoggedOutReactPages/CreateAccount/Copy_Label' are matched.

2018-06-01 10:08:07 - [TEST_STEP][PASSED] - verifyTextPresent: Text 'Buyer Information' is present on page 

2018-06-01 10:08:08 - [MESSAGE][PASSED] - Text 'Buyer Information' is present on page 

2018-06-01 10:08:08 - [TEST_STEP][PASSED] - verifyElementText: Actual text and expected text of test object 'Object Repository/LoggedOutReactPages/CreateAccount/Name_Label' are matched.

2018-06-01 10:08:08 - [MESSAGE][PASSED] - Actual text and expected text of test object 'Object Repository/LoggedOutReactPages/CreateAccount/Name_Label' are matched.

2018-06-01 10:08:08 - [TEST_STEP][PASSED] - verifyElementText: Actual text and expected text of test object 'Object Repository/LoggedOutReactPages/CreateAccount/Address_Label' are matched.

2018-06-01 10:08:08 - [MESSAGE][PASSED] - Actual text and expected text of test object 'Object Repository/LoggedOutReactPages/CreateAccount/Address_Label' are matched.

2018-06-01 10:08:08 - [TEST_STEP][PASSED] - setText: Text 'Consumer' is set on object 'Object Repository/LoggedOutReactPages/CreateAccount/FirstName_Input'

2018-06-01 10:08:08 - [MESSAGE][PASSED] - Text 'Consumer' is set on object 'Object Repository/LoggedOutReactPages/CreateAccount/FirstName_Input'

2018-06-01 10:08:08 - [TEST_STEP][PASSED] - setText: Text 'Last' is set on object 'Object Repository/LoggedOutReactPages/CreateAccount/LastName_Input'

2018-06-01 10:08:08 - [MESSAGE][PASSED] - Text 'Last' is set on object 'Object Repository/LoggedOutReactPages/CreateAccount/LastName_Input'

2018-06-01 10:08:08 - [TEST_STEP][PASSED] - setText: Text 'TestAddress' is set on object 'Object Repository/LoggedOutReactPages/CreateAccount/Address_Input'

2018-06-01 10:08:08 - [MESSAGE][PASSED] - Text 'TestAddress' is set on object 'Object Repository/LoggedOutReactPages/CreateAccount/Address_Input'

2018-06-01 10:08:08 - [TEST_STEP][PASSED] - setText: Text 'Autotest' is set on object 'Object Repository/LoggedOutReactPages/CreateAccount/City_Input'

2018-06-01 10:08:09 - [MESSAGE][PASSED] - Text 'Autotest' is set on object 'Object Repository/LoggedOutReactPages/CreateAccount/City_Input'

2018-06-01 10:08:09 - [TEST_STEP][PASSED] - selectOptionByValue: All options with value 'CA' are selected in object 'Object Repository/LoggedOutReactPages/CreateAccount/State_Dropdown' 

2018-06-01 10:08:09 - [MESSAGE][PASSED] - All options with value 'CA' are selected in object 'Object Repository/LoggedOutReactPages/CreateAccount/State_Dropdown' 

2018-06-01 10:08:09 - [TEST_STEP][PASSED] - setText: Text '11111' is set on object 'Object Repository/LoggedOutReactPages/CreateAccount/Zip_Input'

2018-06-01 10:08:09 - [MESSAGE][PASSED] - Text '11111' is set on object 'Object Repository/LoggedOutReactPages/CreateAccount/Zip_Input'

2018-06-01 10:08:09 - [TEST_STEP][PASSED] - check: Object 'Object Repository/LoggedOutReactPages/CreateAccount/Copy_Checkbox' is checked

2018-06-01 10:08:09 - [MESSAGE][PASSED] - Object 'Object Repository/LoggedOutReactPages/CreateAccount/Copy_Checkbox' is checked

2018-06-01 10:08:09 - [TEST_STEP][PASSED] - verifyElementAttributeValue: Object 'Object Repository/LoggedOutReactPages/CreateAccount/BillingFirstName_Input' has attribute 'value' with value 'Consumer'

2018-06-01 10:08:09 - [MESSAGE][WARNING] - Timeout '0' is invalid. Using default page load timeout: '30'

2018-06-01 10:08:09 - [MESSAGE][PASSED] - Object 'Object Repository/LoggedOutReactPages/CreateAccount/BillingFirstName_Input' has attribute 'value' with value 'Consumer'

2018-06-01 10:08:09 - [TEST_STEP][PASSED] - verifyElementHasAttribute: Object 'Object Repository/LoggedOutReactPages/CreateAccount/BillingFirstName_Input' has attribute 'disabled'

2018-06-01 10:08:09 - [MESSAGE][WARNING] - Timeout '0' is invalid. Using default page load timeout: '30'

2018-06-01 10:08:10 - [MESSAGE][PASSED] - Object 'Object Repository/LoggedOutReactPages/CreateAccount/BillingFirstName_Input' has attribute 'disabled'

2018-06-01 10:08:10 - [TEST_STEP][PASSED] - verifyElementAttributeValue: Object 'Object Repository/LoggedOutReactPages/CreateAccount/BillingLastName_Input' has attribute 'value' with value 'Last'

2018-06-01 10:08:10 - [MESSAGE][WARNING] - Timeout '0' is invalid. Using default page load timeout: '30'

2018-06-01 10:08:10 - [MESSAGE][PASSED] - Object 'Object Repository/LoggedOutReactPages/CreateAccount/BillingLastName_Input' has attribute 'value' with value 'Last'

2018-06-01 10:08:10 - [TEST_STEP][PASSED] - verifyElementHasAttribute: Object 'Object Repository/LoggedOutReactPages/CreateAccount/BillingLastName_Input' has attribute 'disabled'

2018-06-01 10:08:10 - [MESSAGE][WARNING] - Timeout '0' is invalid. Using default page load timeout: '30'

2018-06-01 10:08:10 - [MESSAGE][PASSED] - Object 'Object Repository/LoggedOutReactPages/CreateAccount/BillingLastName_Input' has attribute 'disabled'

2018-06-01 10:08:10 - [TEST_STEP][PASSED] - verifyElementAttributeValue: Object 'Object Repository/LoggedOutReactPages/CreateAccount/BillingAddress_Input' has attribute 'value' with value 'TestAddress'

2018-06-01 10:08:10 - [MESSAGE][WARNING] - Timeout '0' is invalid. Using default page load timeout: '30'

2018-06-01 10:08:10 - [MESSAGE][PASSED] - Object 'Object Repository/LoggedOutReactPages/CreateAccount/BillingAddress_Input' has attribute 'value' with value 'TestAddress'

2018-06-01 10:08:10 - [TEST_STEP][PASSED] - verifyElementHasAttribute: Object 'Object Repository/LoggedOutReactPages/CreateAccount/BillingAddress_Input' has attribute 'disabled'

2018-06-01 10:08:10 - [MESSAGE][WARNING] - Timeout '0' is invalid. Using default page load timeout: '30'

2018-06-01 10:08:10 - [MESSAGE][PASSED] - Object 'Object Repository/LoggedOutReactPages/CreateAccount/BillingAddress_Input' has attribute 'disabled'

2018-06-01 10:08:10 - [TEST_STEP][PASSED] - verifyElementAttributeValue: Object 'Object Repository/LoggedOutReactPages/CreateAccount/BillingZip_Input' has attribute 'value' with value '11111'

2018-06-01 10:08:10 - [MESSAGE][WARNING] - Timeout '0' is invalid. Using default page load timeout: '30'

2018-06-01 10:08:10 - [MESSAGE][PASSED] - Object 'Object Repository/LoggedOutReactPages/CreateAccount/BillingZip_Input' has attribute 'value' with value '11111'

2018-06-01 10:08:10 - [TEST_STEP][PASSED] - verifyElementHasAttribute: Object 'Object Repository/LoggedOutReactPages/CreateAccount/BillingZip_Input' has attribute 'disabled'

2018-06-01 10:08:10 - [MESSAGE][WARNING] - Timeout '0' is invalid. Using default page load timeout: '30'

2018-06-01 10:08:10 - [MESSAGE][PASSED] - Object 'Object Repository/LoggedOutReactPages/CreateAccount/BillingZip_Input' has attribute 'disabled'

2018-06-01 10:08:10 - [TEST_STEP][PASSED] - closeBrowser: Browser is closed

2018-06-01 10:08:11 - [MESSAGE][PASSED] - Browser is closed]]></system-out>
         <system-err><![CDATA[]]></system-err>
      </testcase>
      <testcase name="Test Cases/SignUpDealer - EmptyFields" classname="Test Cases/SignUpDealer - EmptyFields" status="PASSED">
         <system-out><![CDATA[2018-06-01 10:08:11 - [TEST_CASE][PASSED] - Test Cases/SignUpDealer - EmptyFields: Test Cases/SignUpDealer - EmptyFields

2018-06-01 10:08:11 - [TEST_STEP][PASSED] - openBrowser: Browser is opened with url: ''

2018-06-01 10:08:14 - [MESSAGE][PASSED] - Browser is opened with url: ''

2018-06-01 10:08:14 - [TEST_STEP][PASSED] - maximizeWindow: Current window maximized

2018-06-01 10:08:15 - [MESSAGE][PASSED] - Current window maximized

2018-06-01 10:08:15 - [TEST_STEP][PASSED] - Statement - StartURL = com.kms.katalon.core.webui.keyword.WebUiBuiltInKeywords.concatenate([StagingReact, "create-account"]): Concatenated string array: '['https://dev-front.instavin.com/','create-account']' into 'https://dev-front.instavin.com/create-account'

2018-06-01 10:08:15 - [MESSAGE][PASSED] - Concatenated string array: '['https://dev-front.instavin.com/','create-account']' into 'https://dev-front.instavin.com/create-account'

2018-06-01 10:08:15 - [TEST_STEP][PASSED] - navigateToUrl: Navigate to 'https://dev-front.instavin.com/create-account' successfully

2018-06-01 10:08:17 - [MESSAGE][PASSED] - Navigate to 'https://dev-front.instavin.com/create-account' successfully

2018-06-01 10:08:17 - [TEST_STEP][PASSED] - click: Object: 'Object Repository/LoggedOutReactPages/CreateAccount/Dealer_Button' is clicked on

2018-06-01 10:08:17 - [MESSAGE][PASSED] - Object: 'Object Repository/LoggedOutReactPages/CreateAccount/Dealer_Button' is clicked on

2018-06-01 10:08:17 - [TEST_STEP][PASSED] - verifyElementText: Actual text and expected text of test object 'Object Repository/LoggedOutReactPages/CreateAccount/Copy_Label' are matched.

2018-06-01 10:08:17 - [MESSAGE][PASSED] - Actual text and expected text of test object 'Object Repository/LoggedOutReactPages/CreateAccount/Copy_Label' are matched.

2018-06-01 10:08:17 - [TEST_STEP][PASSED] - verifyTextPresent: Text 'Dealer Information' is present on page 

2018-06-01 10:08:17 - [MESSAGE][PASSED] - Text 'Dealer Information' is present on page 

2018-06-01 10:08:17 - [TEST_STEP][PASSED] - verifyTextPresent: Text 'AuctionACCESS ID Number' is present on page 

2018-06-01 10:08:18 - [MESSAGE][PASSED] - Text 'AuctionACCESS ID Number' is present on page 

2018-06-01 10:08:18 - [TEST_STEP][PASSED] - verifyTextPresent: Text 'Business Name' is present on page 

2018-06-01 10:08:18 - [MESSAGE][PASSED] - Text 'Business Name' is present on page 

2018-06-01 10:08:18 - [TEST_STEP][PASSED] - click: Object: 'Object Repository/LoggedOutReactPages/CreateAccount/Submit_button' is clicked on

2018-06-01 10:08:18 - [MESSAGE][PASSED] - Object: 'Object Repository/LoggedOutReactPages/CreateAccount/Submit_button' is clicked on

2018-06-01 10:08:18 - [TEST_STEP][PASSED] - verifyElementPresent: Object 'Object Repository/LoggedOutReactPages/CreateAccount/BusinessFirstName_ErrorMessage' is present

2018-06-01 10:08:18 - [MESSAGE][WARNING] - Timeout '0' is invalid. Using default page load timeout: '30'

2018-06-01 10:08:18 - [MESSAGE][PASSED] - Object 'Object Repository/LoggedOutReactPages/CreateAccount/BusinessFirstName_ErrorMessage' is present

2018-06-01 10:08:18 - [TEST_STEP][PASSED] - verifyElementText: Actual text and expected text of test object 'Object Repository/LoggedOutReactPages/CreateAccount/BusinessFirstName_ErrorMessage' are matched.

2018-06-01 10:08:18 - [MESSAGE][PASSED] - Actual text and expected text of test object 'Object Repository/LoggedOutReactPages/CreateAccount/BusinessFirstName_ErrorMessage' are matched.

2018-06-01 10:08:18 - [TEST_STEP][PASSED] - verifyElementPresent: Object 'Object Repository/LoggedOutReactPages/CreateAccount/BusinessLastName_ErrorMessage' is present

2018-06-01 10:08:18 - [MESSAGE][WARNING] - Timeout '0' is invalid. Using default page load timeout: '30'

2018-06-01 10:08:18 - [MESSAGE][PASSED] - Object 'Object Repository/LoggedOutReactPages/CreateAccount/BusinessLastName_ErrorMessage' is present

2018-06-01 10:08:18 - [TEST_STEP][PASSED] - verifyElementText: Actual text and expected text of test object 'Object Repository/LoggedOutReactPages/CreateAccount/BusinessLastName_ErrorMessage' are matched.

2018-06-01 10:08:18 - [MESSAGE][PASSED] - Actual text and expected text of test object 'Object Repository/LoggedOutReactPages/CreateAccount/BusinessLastName_ErrorMessage' are matched.

2018-06-01 10:08:18 - [TEST_STEP][PASSED] - verifyElementPresent: Object 'Object Repository/LoggedOutReactPages/CreateAccount/BusinessAddress_ErrorMessage' is present

2018-06-01 10:08:18 - [MESSAGE][WARNING] - Timeout '0' is invalid. Using default page load timeout: '30'

2018-06-01 10:08:18 - [MESSAGE][PASSED] - Object 'Object Repository/LoggedOutReactPages/CreateAccount/BusinessAddress_ErrorMessage' is present

2018-06-01 10:08:18 - [TEST_STEP][PASSED] - verifyElementText: Actual text and expected text of test object 'Object Repository/LoggedOutReactPages/CreateAccount/BusinessAddress_ErrorMessage' are matched.

2018-06-01 10:08:18 - [MESSAGE][PASSED] - Actual text and expected text of test object 'Object Repository/LoggedOutReactPages/CreateAccount/BusinessAddress_ErrorMessage' are matched.

2018-06-01 10:08:18 - [TEST_STEP][PASSED] - verifyElementPresent: Object 'Object Repository/LoggedOutReactPages/CreateAccount/BusinessCity_ErrorMessage' is present

2018-06-01 10:08:18 - [MESSAGE][WARNING] - Timeout '0' is invalid. Using default page load timeout: '30'

2018-06-01 10:08:18 - [MESSAGE][PASSED] - Object 'Object Repository/LoggedOutReactPages/CreateAccount/BusinessCity_ErrorMessage' is present

2018-06-01 10:08:18 - [TEST_STEP][PASSED] - verifyElementText: Actual text and expected text of test object 'Object Repository/LoggedOutReactPages/CreateAccount/BusinessCity_ErrorMessage' are matched.

2018-06-01 10:08:18 - [MESSAGE][PASSED] - Actual text and expected text of test object 'Object Repository/LoggedOutReactPages/CreateAccount/BusinessCity_ErrorMessage' are matched.

2018-06-01 10:08:18 - [TEST_STEP][PASSED] - verifyElementPresent: Object 'Object Repository/LoggedOutReactPages/CreateAccount/State_ErrorMessage' is present

2018-06-01 10:08:18 - [MESSAGE][WARNING] - Timeout '0' is invalid. Using default page load timeout: '30'

2018-06-01 10:08:18 - [MESSAGE][PASSED] - Object 'Object Repository/LoggedOutReactPages/CreateAccount/State_ErrorMessage' is present

2018-06-01 10:08:18 - [TEST_STEP][PASSED] - verifyElementText: Actual text and expected text of test object 'Object Repository/LoggedOutReactPages/CreateAccount/State_ErrorMessage' are matched.

2018-06-01 10:08:19 - [MESSAGE][PASSED] - Actual text and expected text of test object 'Object Repository/LoggedOutReactPages/CreateAccount/State_ErrorMessage' are matched.

2018-06-01 10:08:19 - [TEST_STEP][PASSED] - verifyElementPresent: Object 'Object Repository/LoggedOutReactPages/CreateAccount/Zip_ErrorMessage' is present

2018-06-01 10:08:19 - [MESSAGE][WARNING] - Timeout '0' is invalid. Using default page load timeout: '30'

2018-06-01 10:08:19 - [MESSAGE][PASSED] - Object 'Object Repository/LoggedOutReactPages/CreateAccount/Zip_ErrorMessage' is present

2018-06-01 10:08:19 - [TEST_STEP][PASSED] - verifyElementText: Actual text and expected text of test object 'Object Repository/LoggedOutReactPages/CreateAccount/Zip_ErrorMessage' are matched.

2018-06-01 10:08:19 - [MESSAGE][PASSED] - Actual text and expected text of test object 'Object Repository/LoggedOutReactPages/CreateAccount/Zip_ErrorMessage' are matched.

2018-06-01 10:08:19 - [TEST_STEP][PASSED] - verifyElementPresent: Object 'Object Repository/LoggedOutReactPages/CreateAccount/BusinessPhone_ErrorMessage' is present

2018-06-01 10:08:19 - [MESSAGE][WARNING] - Timeout '0' is invalid. Using default page load timeout: '30'

2018-06-01 10:08:19 - [MESSAGE][PASSED] - Object 'Object Repository/LoggedOutReactPages/CreateAccount/BusinessPhone_ErrorMessage' is present

2018-06-01 10:08:19 - [TEST_STEP][PASSED] - verifyElementText: Actual text and expected text of test object 'Object Repository/LoggedOutReactPages/CreateAccount/BusinessPhone_ErrorMessage' are matched.

2018-06-01 10:08:19 - [MESSAGE][PASSED] - Actual text and expected text of test object 'Object Repository/LoggedOutReactPages/CreateAccount/BusinessPhone_ErrorMessage' are matched.

2018-06-01 10:08:19 - [TEST_STEP][PASSED] - verifyElementPresent: Object 'Object Repository/LoggedOutReactPages/CreateAccount/BillingFirstName_ErrorMessage' is present

2018-06-01 10:08:19 - [MESSAGE][WARNING] - Timeout '0' is invalid. Using default page load timeout: '30'

2018-06-01 10:08:19 - [MESSAGE][PASSED] - Object 'Object Repository/LoggedOutReactPages/CreateAccount/BillingFirstName_ErrorMessage' is present

2018-06-01 10:08:19 - [TEST_STEP][PASSED] - verifyElementText: Actual text and expected text of test object 'Object Repository/LoggedOutReactPages/CreateAccount/BillingFirstName_ErrorMessage' are matched.

2018-06-01 10:08:20 - [MESSAGE][PASSED] - Actual text and expected text of test object 'Object Repository/LoggedOutReactPages/CreateAccount/BillingFirstName_ErrorMessage' are matched.

2018-06-01 10:08:20 - [TEST_STEP][PASSED] - verifyElementPresent: Object 'Object Repository/LoggedOutReactPages/CreateAccount/BillingLastName_ErrorMessage' is present

2018-06-01 10:08:20 - [MESSAGE][WARNING] - Timeout '0' is invalid. Using default page load timeout: '30'

2018-06-01 10:08:20 - [MESSAGE][PASSED] - Object 'Object Repository/LoggedOutReactPages/CreateAccount/BillingLastName_ErrorMessage' is present

2018-06-01 10:08:20 - [TEST_STEP][PASSED] - verifyElementText: Actual text and expected text of test object 'Object Repository/LoggedOutReactPages/CreateAccount/BillingLastName_ErrorMessage' are matched.

2018-06-01 10:08:20 - [MESSAGE][PASSED] - Actual text and expected text of test object 'Object Repository/LoggedOutReactPages/CreateAccount/BillingLastName_ErrorMessage' are matched.

2018-06-01 10:08:20 - [TEST_STEP][PASSED] - verifyElementPresent: Object 'Object Repository/LoggedOutReactPages/CreateAccount/BillingAddress_ErrorMessage' is present

2018-06-01 10:08:20 - [MESSAGE][WARNING] - Timeout '0' is invalid. Using default page load timeout: '30'

2018-06-01 10:08:20 - [MESSAGE][PASSED] - Object 'Object Repository/LoggedOutReactPages/CreateAccount/BillingAddress_ErrorMessage' is present

2018-06-01 10:08:20 - [TEST_STEP][PASSED] - verifyElementText: Actual text and expected text of test object 'Object Repository/LoggedOutReactPages/CreateAccount/BillingAddress_ErrorMessage' are matched.

2018-06-01 10:08:20 - [MESSAGE][PASSED] - Actual text and expected text of test object 'Object Repository/LoggedOutReactPages/CreateAccount/BillingAddress_ErrorMessage' are matched.

2018-06-01 10:08:20 - [TEST_STEP][PASSED] - verifyElementPresent: Object 'Object Repository/LoggedOutReactPages/CreateAccount/BillingZip_ErrorMessage' is present

2018-06-01 10:08:20 - [MESSAGE][WARNING] - Timeout '0' is invalid. Using default page load timeout: '30'

2018-06-01 10:08:20 - [MESSAGE][PASSED] - Object 'Object Repository/LoggedOutReactPages/CreateAccount/BillingZip_ErrorMessage' is present

2018-06-01 10:08:20 - [TEST_STEP][PASSED] - verifyElementText: Actual text and expected text of test object 'Object Repository/LoggedOutReactPages/CreateAccount/BillingZip_ErrorMessage' are matched.

2018-06-01 10:08:20 - [MESSAGE][PASSED] - Actual text and expected text of test object 'Object Repository/LoggedOutReactPages/CreateAccount/BillingZip_ErrorMessage' are matched.

2018-06-01 10:08:20 - [TEST_STEP][PASSED] - verifyElementPresent: Object 'Object Repository/LoggedOutReactPages/CreateAccount/CC_ErrorMessage' is present

2018-06-01 10:08:20 - [MESSAGE][WARNING] - Timeout '0' is invalid. Using default page load timeout: '30'

2018-06-01 10:08:21 - [MESSAGE][PASSED] - Object 'Object Repository/LoggedOutReactPages/CreateAccount/CC_ErrorMessage' is present

2018-06-01 10:08:21 - [TEST_STEP][PASSED] - verifyElementText: Actual text and expected text of test object 'Object Repository/LoggedOutReactPages/CreateAccount/CC_ErrorMessage' are matched.

2018-06-01 10:08:21 - [MESSAGE][PASSED] - Actual text and expected text of test object 'Object Repository/LoggedOutReactPages/CreateAccount/CC_ErrorMessage' are matched.

2018-06-01 10:08:21 - [TEST_STEP][PASSED] - verifyElementPresent: Object 'Object Repository/LoggedOutReactPages/CreateAccount/ExpirationMonth_ErrorMessage' is present

2018-06-01 10:08:21 - [MESSAGE][WARNING] - Timeout '0' is invalid. Using default page load timeout: '30'

2018-06-01 10:08:21 - [MESSAGE][PASSED] - Object 'Object Repository/LoggedOutReactPages/CreateAccount/ExpirationMonth_ErrorMessage' is present

2018-06-01 10:08:21 - [TEST_STEP][PASSED] - verifyElementText: Actual text and expected text of test object 'Object Repository/LoggedOutReactPages/CreateAccount/ExpirationMonth_ErrorMessage' are matched.

2018-06-01 10:08:21 - [MESSAGE][PASSED] - Actual text and expected text of test object 'Object Repository/LoggedOutReactPages/CreateAccount/ExpirationMonth_ErrorMessage' are matched.

2018-06-01 10:08:21 - [TEST_STEP][PASSED] - verifyElementPresent: Object 'Object Repository/LoggedOutReactPages/CreateAccount/CVV_ErrorMessage' is present

2018-06-01 10:08:21 - [MESSAGE][WARNING] - Timeout '0' is invalid. Using default page load timeout: '30'

2018-06-01 10:08:21 - [MESSAGE][PASSED] - Object 'Object Repository/LoggedOutReactPages/CreateAccount/CVV_ErrorMessage' is present

2018-06-01 10:08:21 - [TEST_STEP][PASSED] - verifyElementText: Actual text and expected text of test object 'Object Repository/LoggedOutReactPages/CreateAccount/CVV_ErrorMessage' are matched.

2018-06-01 10:08:21 - [MESSAGE][PASSED] - Actual text and expected text of test object 'Object Repository/LoggedOutReactPages/CreateAccount/CVV_ErrorMessage' are matched.

2018-06-01 10:08:21 - [TEST_STEP][PASSED] - verifyElementPresent: Object 'Object Repository/LoggedOutReactPages/CreateAccount/ExpirationYear_ErrorMessage' is present

2018-06-01 10:08:21 - [MESSAGE][WARNING] - Timeout '0' is invalid. Using default page load timeout: '30'

2018-06-01 10:08:21 - [MESSAGE][PASSED] - Object 'Object Repository/LoggedOutReactPages/CreateAccount/ExpirationYear_ErrorMessage' is present

2018-06-01 10:08:21 - [TEST_STEP][PASSED] - verifyElementText: Actual text and expected text of test object 'Object Repository/LoggedOutReactPages/CreateAccount/ExpirationYear_ErrorMessage' are matched.

2018-06-01 10:08:22 - [MESSAGE][PASSED] - Actual text and expected text of test object 'Object Repository/LoggedOutReactPages/CreateAccount/ExpirationYear_ErrorMessage' are matched.

2018-06-01 10:08:22 - [TEST_STEP][PASSED] - verifyElementPresent: Object 'Object Repository/LoggedOutReactPages/CreateAccount/Email_ErrorMessage' is present

2018-06-01 10:08:22 - [MESSAGE][WARNING] - Timeout '0' is invalid. Using default page load timeout: '30'

2018-06-01 10:08:22 - [MESSAGE][PASSED] - Object 'Object Repository/LoggedOutReactPages/CreateAccount/Email_ErrorMessage' is present

2018-06-01 10:08:22 - [TEST_STEP][PASSED] - verifyElementText: Actual text and expected text of test object 'Object Repository/LoggedOutReactPages/CreateAccount/Email_ErrorMessage' are matched.

2018-06-01 10:08:22 - [MESSAGE][PASSED] - Actual text and expected text of test object 'Object Repository/LoggedOutReactPages/CreateAccount/Email_ErrorMessage' are matched.

2018-06-01 10:08:22 - [TEST_STEP][PASSED] - verifyElementPresent: Object 'Object Repository/LoggedOutReactPages/CreateAccount/Password_ErrorMessage' is present

2018-06-01 10:08:22 - [MESSAGE][WARNING] - Timeout '0' is invalid. Using default page load timeout: '30'

2018-06-01 10:08:22 - [MESSAGE][PASSED] - Object 'Object Repository/LoggedOutReactPages/CreateAccount/Password_ErrorMessage' is present

2018-06-01 10:08:22 - [TEST_STEP][PASSED] - verifyElementText: Actual text and expected text of test object 'Object Repository/LoggedOutReactPages/CreateAccount/Password_ErrorMessage' are matched.

2018-06-01 10:08:22 - [MESSAGE][PASSED] - Actual text and expected text of test object 'Object Repository/LoggedOutReactPages/CreateAccount/Password_ErrorMessage' are matched.

2018-06-01 10:08:22 - [TEST_STEP][PASSED] - verifyElementPresent: Object 'Object Repository/LoggedOutReactPages/CreateAccount/AcceptTOS_ErrorMessage' is present

2018-06-01 10:08:22 - [MESSAGE][WARNING] - Timeout '0' is invalid. Using default page load timeout: '30'

2018-06-01 10:08:22 - [MESSAGE][PASSED] - Object 'Object Repository/LoggedOutReactPages/CreateAccount/AcceptTOS_ErrorMessage' is present

2018-06-01 10:08:22 - [TEST_STEP][PASSED] - verifyElementText: Actual text and expected text of test object 'Object Repository/LoggedOutReactPages/CreateAccount/AcceptTOS_ErrorMessage' are matched.

2018-06-01 10:08:23 - [MESSAGE][PASSED] - Actual text and expected text of test object 'Object Repository/LoggedOutReactPages/CreateAccount/AcceptTOS_ErrorMessage' are matched.

2018-06-01 10:08:23 - [TEST_STEP][PASSED] - closeBrowser: Browser is closed

2018-06-01 10:08:24 - [MESSAGE][PASSED] - Browser is closed]]></system-out>
         <system-err><![CDATA[]]></system-err>
      </testcase>
      <testcase name="Test Cases/SignUpDealer - HiddenField" classname="Test Cases/SignUpDealer - HiddenField" status="PASSED">
         <system-out><![CDATA[2018-06-01 10:08:24 - [TEST_CASE][PASSED] - Test Cases/SignUpDealer - HiddenField: Test Cases/SignUpDealer - HiddenField

2018-06-01 10:08:24 - [TEST_STEP][PASSED] - openBrowser: Browser is opened with url: ''

2018-06-01 10:08:26 - [MESSAGE][PASSED] - Browser is opened with url: ''

2018-06-01 10:08:26 - [TEST_STEP][PASSED] - maximizeWindow: Current window maximized

2018-06-01 10:08:27 - [MESSAGE][PASSED] - Current window maximized

2018-06-01 10:08:27 - [TEST_STEP][PASSED] - Statement - StartURL = com.kms.katalon.core.webui.keyword.WebUiBuiltInKeywords.concatenate([StagingReact, "create-account"]): Concatenated string array: '['https://dev-front.instavin.com/','create-account']' into 'https://dev-front.instavin.com/create-account'

2018-06-01 10:08:27 - [MESSAGE][PASSED] - Concatenated string array: '['https://dev-front.instavin.com/','create-account']' into 'https://dev-front.instavin.com/create-account'

2018-06-01 10:08:27 - [TEST_STEP][PASSED] - navigateToUrl: Navigate to 'https://dev-front.instavin.com/create-account' successfully

2018-06-01 10:08:30 - [MESSAGE][PASSED] - Navigate to 'https://dev-front.instavin.com/create-account' successfully

2018-06-01 10:08:30 - [TEST_STEP][PASSED] - click: Object: 'Object Repository/LoggedOutReactPages/CreateAccount/Dealer_Button' is clicked on

2018-06-01 10:08:30 - [MESSAGE][PASSED] - Object: 'Object Repository/LoggedOutReactPages/CreateAccount/Dealer_Button' is clicked on

2018-06-01 10:08:30 - [TEST_STEP][PASSED] - verifyElementText: Actual text and expected text of test object 'Object Repository/LoggedOutReactPages/CreateAccount/Copy_Label' are matched.

2018-06-01 10:08:30 - [MESSAGE][PASSED] - Actual text and expected text of test object 'Object Repository/LoggedOutReactPages/CreateAccount/Copy_Label' are matched.

2018-06-01 10:08:30 - [TEST_STEP][PASSED] - verifyTextPresent: Text 'Dealer Information' is present on page 

2018-06-01 10:08:30 - [MESSAGE][PASSED] - Text 'Dealer Information' is present on page 

2018-06-01 10:08:30 - [TEST_STEP][PASSED] - sendKeys: Keys 'CONTROL + b' sent to object: 'Object Repository/LoggedOutReactPages/CreateAccount/Email_Input'

2018-06-01 10:08:30 - [MESSAGE][PASSED] - Keys 'CONTROL + b' sent to object: 'Object Repository/LoggedOutReactPages/CreateAccount/Email_Input'

2018-06-01 10:08:30 - [TEST_STEP][PASSED] - verifyTextPresent: Text 'Salesman ID' is present on page 

2018-06-01 10:08:30 - [MESSAGE][PASSED] - Text 'Salesman ID' is present on page 

2018-06-01 10:08:30 - [TEST_STEP][PASSED] - verifyElementPresent: Object 'Object Repository/LoggedOutReactPages/CreateAccount/SalesmanID_Input' is present

2018-06-01 10:08:30 - [MESSAGE][WARNING] - Timeout '0' is invalid. Using default page load timeout: '30'

2018-06-01 10:08:30 - [MESSAGE][PASSED] - Object 'Object Repository/LoggedOutReactPages/CreateAccount/SalesmanID_Input' is present

2018-06-01 10:08:30 - [TEST_STEP][PASSED] - closeBrowser: Browser is closed

2018-06-01 10:08:31 - [MESSAGE][PASSED] - Browser is closed]]></system-out>
         <system-err><![CDATA[]]></system-err>
      </testcase>
      <testcase name="Test Cases/SignUpDealer - IncorrectEmail" classname="Test Cases/SignUpDealer - IncorrectEmail" status="PASSED">
         <system-out><![CDATA[2018-06-01 10:08:31 - [TEST_CASE][PASSED] - Test Cases/SignUpDealer - IncorrectEmail: Test Cases/SignUpDealer - IncorrectEmail

2018-06-01 10:08:31 - [TEST_STEP][PASSED] - openBrowser: Browser is opened with url: ''

2018-06-01 10:08:34 - [MESSAGE][PASSED] - Browser is opened with url: ''

2018-06-01 10:08:34 - [TEST_STEP][PASSED] - maximizeWindow: Current window maximized

2018-06-01 10:08:35 - [MESSAGE][PASSED] - Current window maximized

2018-06-01 10:08:35 - [TEST_STEP][PASSED] - Statement - StartURL = com.kms.katalon.core.webui.keyword.WebUiBuiltInKeywords.concatenate([StagingReact, "create-account"]): Concatenated string array: '['https://dev-front.instavin.com/','create-account']' into 'https://dev-front.instavin.com/create-account'

2018-06-01 10:08:35 - [MESSAGE][PASSED] - Concatenated string array: '['https://dev-front.instavin.com/','create-account']' into 'https://dev-front.instavin.com/create-account'

2018-06-01 10:08:35 - [TEST_STEP][PASSED] - navigateToUrl: Navigate to 'https://dev-front.instavin.com/create-account' successfully

2018-06-01 10:08:37 - [MESSAGE][PASSED] - Navigate to 'https://dev-front.instavin.com/create-account' successfully

2018-06-01 10:08:37 - [TEST_STEP][PASSED] - click: Object: 'Object Repository/LoggedOutReactPages/CreateAccount/Dealer_Button' is clicked on

2018-06-01 10:08:37 - [MESSAGE][PASSED] - Object: 'Object Repository/LoggedOutReactPages/CreateAccount/Dealer_Button' is clicked on

2018-06-01 10:08:37 - [TEST_STEP][PASSED] - verifyElementText: Actual text and expected text of test object 'Object Repository/LoggedOutReactPages/CreateAccount/Copy_Label' are matched.

2018-06-01 10:08:37 - [MESSAGE][PASSED] - Actual text and expected text of test object 'Object Repository/LoggedOutReactPages/CreateAccount/Copy_Label' are matched.

2018-06-01 10:08:37 - [TEST_STEP][PASSED] - verifyTextPresent: Text 'Dealer Information' is present on page 

2018-06-01 10:08:37 - [MESSAGE][PASSED] - Text 'Dealer Information' is present on page 

2018-06-01 10:08:37 - [TEST_STEP][PASSED] - Statement - now = new java.util.Date(): null

2018-06-01 10:08:37 - [TEST_STEP][PASSED] - Statement - rnd = now.format("yyyyMMddHHmmssSSS").toString(): null

2018-06-01 10:08:37 - [TEST_STEP][PASSED] - Statement - email = com.kms.katalon.core.webui.keyword.WebUiBuiltInKeywords.concatenate([rnd, "@mailinator.com"]): Concatenated string array: '['20180601100837801','@mailinator.com']' into '20180601100837801@mailinator.com'

2018-06-01 10:08:37 - [MESSAGE][PASSED] - Concatenated string array: '['20180601100837801','@mailinator.com']' into '20180601100837801@mailinator.com'

2018-06-01 10:08:37 - [TEST_STEP][PASSED] - setText: Text '20180601100837801' is set on object 'Object Repository/LoggedOutReactPages/CreateAccount/Email_Input'

2018-06-01 10:08:38 - [MESSAGE][PASSED] - Text '20180601100837801' is set on object 'Object Repository/LoggedOutReactPages/CreateAccount/Email_Input'

2018-06-01 10:08:38 - [TEST_STEP][PASSED] - setText: Text 'test' is set on object 'Object Repository/LoggedOutReactPages/CreateAccount/ConfirmEmail_Input'

2018-06-01 10:08:38 - [MESSAGE][PASSED] - Text 'test' is set on object 'Object Repository/LoggedOutReactPages/CreateAccount/ConfirmEmail_Input'

2018-06-01 10:08:38 - [TEST_STEP][PASSED] - click: Object: 'Object Repository/LoggedOutReactPages/CreateAccount/Password_Input' is clicked on

2018-06-01 10:08:38 - [MESSAGE][PASSED] - Object: 'Object Repository/LoggedOutReactPages/CreateAccount/Password_Input' is clicked on

2018-06-01 10:08:38 - [TEST_STEP][PASSED] - verifyElementPresent: Object 'Object Repository/LoggedOutReactPages/CreateAccount/Email_ErrorMessage' is present

2018-06-01 10:08:38 - [MESSAGE][WARNING] - Timeout '0' is invalid. Using default page load timeout: '30'

2018-06-01 10:08:38 - [MESSAGE][PASSED] - Object 'Object Repository/LoggedOutReactPages/CreateAccount/Email_ErrorMessage' is present

2018-06-01 10:08:38 - [TEST_STEP][PASSED] - verifyElementText: Actual text and expected text of test object 'Object Repository/LoggedOutReactPages/CreateAccount/Email_ErrorMessage' are matched.

2018-06-01 10:08:38 - [MESSAGE][PASSED] - Actual text and expected text of test object 'Object Repository/LoggedOutReactPages/CreateAccount/Email_ErrorMessage' are matched.

2018-06-01 10:08:38 - [TEST_STEP][PASSED] - verifyElementPresent: Object 'Object Repository/LoggedOutReactPages/CreateAccount/ConfirmEmail_ErrorMessage' is present

2018-06-01 10:08:38 - [MESSAGE][WARNING] - Timeout '0' is invalid. Using default page load timeout: '30'

2018-06-01 10:08:38 - [MESSAGE][PASSED] - Object 'Object Repository/LoggedOutReactPages/CreateAccount/ConfirmEmail_ErrorMessage' is present

2018-06-01 10:08:38 - [TEST_STEP][PASSED] - verifyElementText: Actual text and expected text of test object 'Object Repository/LoggedOutReactPages/CreateAccount/ConfirmEmail_ErrorMessage' are matched.

2018-06-01 10:08:38 - [MESSAGE][PASSED] - Actual text and expected text of test object 'Object Repository/LoggedOutReactPages/CreateAccount/ConfirmEmail_ErrorMessage' are matched.

2018-06-01 10:08:38 - [TEST_STEP][PASSED] - setText: Text '20180601100837801@mailinator.com' is set on object 'Object Repository/LoggedOutReactPages/CreateAccount/Email_Input'

2018-06-01 10:08:39 - [MESSAGE][PASSED] - Text '20180601100837801@mailinator.com' is set on object 'Object Repository/LoggedOutReactPages/CreateAccount/Email_Input'

2018-06-01 10:08:39 - [TEST_STEP][PASSED] - click: Object: 'Object Repository/LoggedOutReactPages/CreateAccount/Password_Input' is clicked on

2018-06-01 10:08:39 - [MESSAGE][PASSED] - Object: 'Object Repository/LoggedOutReactPages/CreateAccount/Password_Input' is clicked on

2018-06-01 10:08:39 - [TEST_STEP][PASSED] - verifyElementNotPresent: Web element with id: 'Object Repository/LoggedOutReactPages/CreateAccount/Email_ErrorMessage' located by 'By.xpath: //html//div[@id='AccountInfo']/div[1]/div[1]/div[2]/span[1]/span[1]' is not present after '30' second(s)

2018-06-01 10:08:39 - [MESSAGE][WARNING] - Timeout '0' is invalid. Using default page load timeout: '30'

2018-06-01 10:08:39 - [MESSAGE][PASSED] - Web element with id: 'Object Repository/LoggedOutReactPages/CreateAccount/Email_ErrorMessage' located by 'By.xpath: //html//div[@id='AccountInfo']/div[1]/div[1]/div[2]/span[1]/span[1]' is not present after '30' second(s)

2018-06-01 10:08:39 - [TEST_STEP][PASSED] - verifyElementPresent: Object 'Object Repository/LoggedOutReactPages/CreateAccount/ConfirmEmail_ErrorMessage' is present

2018-06-01 10:08:39 - [MESSAGE][WARNING] - Timeout '0' is invalid. Using default page load timeout: '30'

2018-06-01 10:08:39 - [MESSAGE][PASSED] - Object 'Object Repository/LoggedOutReactPages/CreateAccount/ConfirmEmail_ErrorMessage' is present

2018-06-01 10:08:39 - [TEST_STEP][PASSED] - verifyElementText: Actual text and expected text of test object 'Object Repository/LoggedOutReactPages/CreateAccount/ConfirmEmail_ErrorMessage' are matched.

2018-06-01 10:08:39 - [MESSAGE][PASSED] - Actual text and expected text of test object 'Object Repository/LoggedOutReactPages/CreateAccount/ConfirmEmail_ErrorMessage' are matched.

2018-06-01 10:08:39 - [TEST_STEP][PASSED] - setText: Text '20180601100837801@mailinator.com' is set on object 'Object Repository/LoggedOutReactPages/CreateAccount/ConfirmEmail_Input'

2018-06-01 10:08:40 - [MESSAGE][PASSED] - Text '20180601100837801@mailinator.com' is set on object 'Object Repository/LoggedOutReactPages/CreateAccount/ConfirmEmail_Input'

2018-06-01 10:08:40 - [TEST_STEP][PASSED] - click: Object: 'Object Repository/LoggedOutReactPages/CreateAccount/Password_Input' is clicked on

2018-06-01 10:08:40 - [MESSAGE][PASSED] - Object: 'Object Repository/LoggedOutReactPages/CreateAccount/Password_Input' is clicked on

2018-06-01 10:08:40 - [TEST_STEP][PASSED] - verifyElementNotPresent: Web element with id: 'Object Repository/LoggedOutReactPages/CreateAccount/Email_ErrorMessage' located by 'By.xpath: //html//div[@id='AccountInfo']/div[1]/div[1]/div[2]/span[1]/span[1]' is not present after '30' second(s)

2018-06-01 10:08:40 - [MESSAGE][WARNING] - Timeout '0' is invalid. Using default page load timeout: '30'

2018-06-01 10:08:40 - [MESSAGE][PASSED] - Web element with id: 'Object Repository/LoggedOutReactPages/CreateAccount/Email_ErrorMessage' located by 'By.xpath: //html//div[@id='AccountInfo']/div[1]/div[1]/div[2]/span[1]/span[1]' is not present after '30' second(s)

2018-06-01 10:08:40 - [TEST_STEP][PASSED] - verifyElementNotPresent: Web element with id: 'Object Repository/LoggedOutReactPages/CreateAccount/ConfirmEmail_ErrorMessage' located by 'By.xpath: //span[contains(text(),'Does not match the Email Address')]' is not present after '30' second(s)

2018-06-01 10:08:40 - [MESSAGE][WARNING] - Timeout '0' is invalid. Using default page load timeout: '30'

2018-06-01 10:08:40 - [MESSAGE][PASSED] - Web element with id: 'Object Repository/LoggedOutReactPages/CreateAccount/ConfirmEmail_ErrorMessage' located by 'By.xpath: //span[contains(text(),'Does not match the Email Address')]' is not present after '30' second(s)

2018-06-01 10:08:40 - [TEST_STEP][PASSED] - closeBrowser: Browser is closed

2018-06-01 10:08:41 - [MESSAGE][PASSED] - Browser is closed]]></system-out>
         <system-err><![CDATA[]]></system-err>
      </testcase>
      <testcase name="Test Cases/SignUpDealer - ShortAndMissmatchedPass" classname="Test Cases/SignUpDealer - ShortAndMissmatchedPass" status="PASSED">
         <system-out><![CDATA[2018-06-01 10:08:41 - [TEST_CASE][PASSED] - Test Cases/SignUpDealer - ShortAndMissmatchedPass: Test Cases/SignUpDealer - ShortAndMissmatchedPass

2018-06-01 10:08:41 - [TEST_STEP][PASSED] - openBrowser: Browser is opened with url: ''

2018-06-01 10:08:44 - [MESSAGE][PASSED] - Browser is opened with url: ''

2018-06-01 10:08:44 - [TEST_STEP][PASSED] - maximizeWindow: Current window maximized

2018-06-01 10:08:45 - [MESSAGE][PASSED] - Current window maximized

2018-06-01 10:08:45 - [TEST_STEP][PASSED] - Statement - StartURL = com.kms.katalon.core.webui.keyword.WebUiBuiltInKeywords.concatenate([StagingReact, "create-account"]): Concatenated string array: '['https://dev-front.instavin.com/','create-account']' into 'https://dev-front.instavin.com/create-account'

2018-06-01 10:08:45 - [MESSAGE][PASSED] - Concatenated string array: '['https://dev-front.instavin.com/','create-account']' into 'https://dev-front.instavin.com/create-account'

2018-06-01 10:08:45 - [TEST_STEP][PASSED] - navigateToUrl: Navigate to 'https://dev-front.instavin.com/create-account' successfully

2018-06-01 10:08:47 - [MESSAGE][PASSED] - Navigate to 'https://dev-front.instavin.com/create-account' successfully

2018-06-01 10:08:47 - [TEST_STEP][PASSED] - click: Object: 'Object Repository/LoggedOutReactPages/CreateAccount/Dealer_Button' is clicked on

2018-06-01 10:08:47 - [MESSAGE][PASSED] - Object: 'Object Repository/LoggedOutReactPages/CreateAccount/Dealer_Button' is clicked on

2018-06-01 10:08:47 - [TEST_STEP][PASSED] - verifyElementText: Actual text and expected text of test object 'Object Repository/LoggedOutReactPages/CreateAccount/Copy_Label' are matched.

2018-06-01 10:08:47 - [MESSAGE][PASSED] - Actual text and expected text of test object 'Object Repository/LoggedOutReactPages/CreateAccount/Copy_Label' are matched.

2018-06-01 10:08:47 - [TEST_STEP][PASSED] - verifyTextPresent: Text 'Dealer Information' is present on page 

2018-06-01 10:08:47 - [MESSAGE][PASSED] - Text 'Dealer Information' is present on page 

2018-06-01 10:08:47 - [TEST_STEP][PASSED] - setText: Text '11' is set on object 'Object Repository/LoggedOutReactPages/CreateAccount/Password_Input'

2018-06-01 10:08:47 - [MESSAGE][PASSED] - Text '11' is set on object 'Object Repository/LoggedOutReactPages/CreateAccount/Password_Input'

2018-06-01 10:08:47 - [TEST_STEP][PASSED] - click: Object: 'Object Repository/LoggedOutReactPages/CreateAccount/Email_Input' is clicked on

2018-06-01 10:08:48 - [MESSAGE][PASSED] - Object: 'Object Repository/LoggedOutReactPages/CreateAccount/Email_Input' is clicked on

2018-06-01 10:08:48 - [TEST_STEP][PASSED] - verifyElementPresent: Object 'Object Repository/LoggedOutReactPages/CreateAccount/Password_ErrorMessage' is present

2018-06-01 10:08:48 - [MESSAGE][WARNING] - Timeout '0' is invalid. Using default page load timeout: '30'

2018-06-01 10:08:48 - [MESSAGE][PASSED] - Object 'Object Repository/LoggedOutReactPages/CreateAccount/Password_ErrorMessage' is present

2018-06-01 10:08:48 - [TEST_STEP][PASSED] - verifyElementText: Actual text and expected text of test object 'Object Repository/LoggedOutReactPages/CreateAccount/Password_ErrorMessage' are matched.

2018-06-01 10:08:48 - [MESSAGE][PASSED] - Actual text and expected text of test object 'Object Repository/LoggedOutReactPages/CreateAccount/Password_ErrorMessage' are matched.

2018-06-01 10:08:48 - [TEST_STEP][PASSED] - verifyElementNotPresent: Web element with id: 'Object Repository/LoggedOutReactPages/CreateAccount/ConfirmPassword_ErrorMessage' located by 'By.xpath: //div[@id='AccountInfo']//div[@class='FormSectionContainer']//div[@class='FieldComboBox Clear']//div[@class='Field_Standard']//span[@class='field-validation-error']//span' is not present after '30' second(s)

2018-06-01 10:08:48 - [MESSAGE][WARNING] - Timeout '0' is invalid. Using default page load timeout: '30'

2018-06-01 10:08:48 - [MESSAGE][PASSED] - Web element with id: 'Object Repository/LoggedOutReactPages/CreateAccount/ConfirmPassword_ErrorMessage' located by 'By.xpath: //div[@id='AccountInfo']//div[@class='FormSectionContainer']//div[@class='FieldComboBox Clear']//div[@class='Field_Standard']//span[@class='field-validation-error']//span' is not present after '30' second(s)

2018-06-01 10:08:48 - [TEST_STEP][PASSED] - setText: Text '111111' is set on object 'Object Repository/LoggedOutReactPages/CreateAccount/Password_Input'

2018-06-01 10:08:48 - [MESSAGE][PASSED] - Text '111111' is set on object 'Object Repository/LoggedOutReactPages/CreateAccount/Password_Input'

2018-06-01 10:08:48 - [TEST_STEP][PASSED] - click: Object: 'Object Repository/LoggedOutReactPages/CreateAccount/Email_Input' is clicked on

2018-06-01 10:08:48 - [MESSAGE][PASSED] - Object: 'Object Repository/LoggedOutReactPages/CreateAccount/Email_Input' is clicked on

2018-06-01 10:08:48 - [TEST_STEP][PASSED] - verifyElementNotPresent: Web element with id: 'Object Repository/LoggedOutReactPages/CreateAccount/Password_ErrorMessage' located by 'By.xpath: //html//div[@id='AccountInfo']/div[2]/div[1]/div[2]/span[1]/span[1]' is not present after '30' second(s)

2018-06-01 10:08:48 - [MESSAGE][WARNING] - Timeout '0' is invalid. Using default page load timeout: '30'

2018-06-01 10:08:48 - [MESSAGE][PASSED] - Web element with id: 'Object Repository/LoggedOutReactPages/CreateAccount/Password_ErrorMessage' located by 'By.xpath: //html//div[@id='AccountInfo']/div[2]/div[1]/div[2]/span[1]/span[1]' is not present after '30' second(s)

2018-06-01 10:08:48 - [TEST_STEP][PASSED] - verifyElementNotPresent: Web element with id: 'Object Repository/LoggedOutReactPages/CreateAccount/ConfirmPassword_ErrorMessage' located by 'By.xpath: //div[@id='AccountInfo']//div[@class='FormSectionContainer']//div[@class='FieldComboBox Clear']//div[@class='Field_Standard']//span[@class='field-validation-error']//span' is not present after '30' second(s)

2018-06-01 10:08:48 - [MESSAGE][WARNING] - Timeout '0' is invalid. Using default page load timeout: '30'

2018-06-01 10:08:48 - [MESSAGE][PASSED] - Web element with id: 'Object Repository/LoggedOutReactPages/CreateAccount/ConfirmPassword_ErrorMessage' located by 'By.xpath: //div[@id='AccountInfo']//div[@class='FormSectionContainer']//div[@class='FieldComboBox Clear']//div[@class='Field_Standard']//span[@class='field-validation-error']//span' is not present after '30' second(s)

2018-06-01 10:08:48 - [TEST_STEP][PASSED] - setText: Text '11' is set on object 'Object Repository/LoggedOutReactPages/CreateAccount/ConfirmPassword_Input'

2018-06-01 10:08:48 - [MESSAGE][PASSED] - Text '11' is set on object 'Object Repository/LoggedOutReactPages/CreateAccount/ConfirmPassword_Input'

2018-06-01 10:08:48 - [TEST_STEP][PASSED] - click: Object: 'Object Repository/LoggedOutReactPages/CreateAccount/Email_Input' is clicked on

2018-06-01 10:08:49 - [MESSAGE][PASSED] - Object: 'Object Repository/LoggedOutReactPages/CreateAccount/Email_Input' is clicked on

2018-06-01 10:08:49 - [TEST_STEP][PASSED] - verifyElementNotPresent: Web element with id: 'Object Repository/LoggedOutReactPages/CreateAccount/Password_ErrorMessage' located by 'By.xpath: //html//div[@id='AccountInfo']/div[2]/div[1]/div[2]/span[1]/span[1]' is not present after '30' second(s)

2018-06-01 10:08:49 - [MESSAGE][WARNING] - Timeout '0' is invalid. Using default page load timeout: '30'

2018-06-01 10:08:49 - [MESSAGE][PASSED] - Web element with id: 'Object Repository/LoggedOutReactPages/CreateAccount/Password_ErrorMessage' located by 'By.xpath: //html//div[@id='AccountInfo']/div[2]/div[1]/div[2]/span[1]/span[1]' is not present after '30' second(s)

2018-06-01 10:08:49 - [TEST_STEP][PASSED] - verifyElementPresent: Object 'Object Repository/LoggedOutReactPages/CreateAccount/ConfirmPassword_ErrorMessage' is present

2018-06-01 10:08:49 - [MESSAGE][WARNING] - Timeout '0' is invalid. Using default page load timeout: '30'

2018-06-01 10:08:49 - [MESSAGE][PASSED] - Object 'Object Repository/LoggedOutReactPages/CreateAccount/ConfirmPassword_ErrorMessage' is present

2018-06-01 10:08:49 - [TEST_STEP][PASSED] - verifyElementText: Actual text and expected text of test object 'Object Repository/LoggedOutReactPages/CreateAccount/ConfirmPassword_ErrorMessage' are matched.

2018-06-01 10:08:49 - [MESSAGE][PASSED] - Actual text and expected text of test object 'Object Repository/LoggedOutReactPages/CreateAccount/ConfirmPassword_ErrorMessage' are matched.

2018-06-01 10:08:49 - [TEST_STEP][PASSED] - setText: Text '111111' is set on object 'Object Repository/LoggedOutReactPages/CreateAccount/ConfirmPassword_Input'

2018-06-01 10:08:49 - [MESSAGE][PASSED] - Text '111111' is set on object 'Object Repository/LoggedOutReactPages/CreateAccount/ConfirmPassword_Input'

2018-06-01 10:08:49 - [TEST_STEP][PASSED] - click: Object: 'Object Repository/LoggedOutReactPages/CreateAccount/Email_Input' is clicked on

2018-06-01 10:08:49 - [MESSAGE][PASSED] - Object: 'Object Repository/LoggedOutReactPages/CreateAccount/Email_Input' is clicked on

2018-06-01 10:08:49 - [TEST_STEP][PASSED] - verifyElementNotPresent: Web element with id: 'Object Repository/LoggedOutReactPages/CreateAccount/Password_ErrorMessage' located by 'By.xpath: //html//div[@id='AccountInfo']/div[2]/div[1]/div[2]/span[1]/span[1]' is not present after '30' second(s)

2018-06-01 10:08:49 - [MESSAGE][WARNING] - Timeout '0' is invalid. Using default page load timeout: '30'

2018-06-01 10:08:49 - [MESSAGE][PASSED] - Web element with id: 'Object Repository/LoggedOutReactPages/CreateAccount/Password_ErrorMessage' located by 'By.xpath: //html//div[@id='AccountInfo']/div[2]/div[1]/div[2]/span[1]/span[1]' is not present after '30' second(s)

2018-06-01 10:08:49 - [TEST_STEP][PASSED] - verifyElementNotPresent: Web element with id: 'Object Repository/LoggedOutReactPages/CreateAccount/ConfirmPassword_ErrorMessage' located by 'By.xpath: //div[@id='AccountInfo']//div[@class='FormSectionContainer']//div[@class='FieldComboBox Clear']//div[@class='Field_Standard']//span[@class='field-validation-error']//span' is not present after '30' second(s)

2018-06-01 10:08:49 - [MESSAGE][WARNING] - Timeout '0' is invalid. Using default page load timeout: '30'

2018-06-01 10:08:49 - [MESSAGE][PASSED] - Web element with id: 'Object Repository/LoggedOutReactPages/CreateAccount/ConfirmPassword_ErrorMessage' located by 'By.xpath: //div[@id='AccountInfo']//div[@class='FormSectionContainer']//div[@class='FieldComboBox Clear']//div[@class='Field_Standard']//span[@class='field-validation-error']//span' is not present after '30' second(s)

2018-06-01 10:08:50 - [TEST_STEP][PASSED] - closeBrowser: Browser is closed

2018-06-01 10:08:50 - [MESSAGE][PASSED] - Browser is closed]]></system-out>
         <system-err><![CDATA[]]></system-err>
      </testcase>
      <testcase name="Test Cases/SignUpDealer - CopyBuyer" classname="Test Cases/SignUpDealer - CopyBuyer" status="PASSED">
         <system-out><![CDATA[2018-06-01 10:08:50 - [TEST_CASE][PASSED] - Test Cases/SignUpDealer - CopyBuyer: Test Cases/SignUpDealer - CopyBuyer

2018-06-01 10:08:50 - [TEST_STEP][PASSED] - openBrowser: Browser is opened with url: ''

2018-06-01 10:08:53 - [MESSAGE][PASSED] - Browser is opened with url: ''

2018-06-01 10:08:53 - [TEST_STEP][PASSED] - maximizeWindow: Current window maximized

2018-06-01 10:08:54 - [MESSAGE][PASSED] - Current window maximized

2018-06-01 10:08:54 - [TEST_STEP][PASSED] - Statement - StartURL = com.kms.katalon.core.webui.keyword.WebUiBuiltInKeywords.concatenate([StagingReact, "create-account"]): Concatenated string array: '['https://dev-front.instavin.com/','create-account']' into 'https://dev-front.instavin.com/create-account'

2018-06-01 10:08:54 - [MESSAGE][PASSED] - Concatenated string array: '['https://dev-front.instavin.com/','create-account']' into 'https://dev-front.instavin.com/create-account'

2018-06-01 10:08:54 - [TEST_STEP][PASSED] - navigateToUrl: Navigate to 'https://dev-front.instavin.com/create-account' successfully

2018-06-01 10:08:57 - [MESSAGE][PASSED] - Navigate to 'https://dev-front.instavin.com/create-account' successfully

2018-06-01 10:08:57 - [TEST_STEP][PASSED] - click: Object: 'Object Repository/LoggedOutReactPages/CreateAccount/Dealer_Button' is clicked on

2018-06-01 10:08:57 - [MESSAGE][PASSED] - Object: 'Object Repository/LoggedOutReactPages/CreateAccount/Dealer_Button' is clicked on

2018-06-01 10:08:57 - [TEST_STEP][PASSED] - verifyElementText: Actual text and expected text of test object 'Object Repository/LoggedOutReactPages/CreateAccount/Copy_Label' are matched.

2018-06-01 10:08:57 - [MESSAGE][PASSED] - Actual text and expected text of test object 'Object Repository/LoggedOutReactPages/CreateAccount/Copy_Label' are matched.

2018-06-01 10:08:57 - [TEST_STEP][PASSED] - verifyTextPresent: Text 'Dealer Information' is present on page 

2018-06-01 10:08:57 - [MESSAGE][PASSED] - Text 'Dealer Information' is present on page 

2018-06-01 10:08:57 - [TEST_STEP][PASSED] - verifyTextPresent: Text 'AuctionACCESS ID Number' is present on page 

2018-06-01 10:08:57 - [MESSAGE][PASSED] - Text 'AuctionACCESS ID Number' is present on page 

2018-06-01 10:08:57 - [TEST_STEP][PASSED] - verifyTextPresent: Text 'Business Name' is present on page 

2018-06-01 10:08:57 - [MESSAGE][PASSED] - Text 'Business Name' is present on page 

2018-06-01 10:08:57 - [TEST_STEP][PASSED] - setText: Text 'Dealer' is set on object 'Object Repository/LoggedOutReactPages/CreateAccount/FirstName_Input'

2018-06-01 10:08:58 - [MESSAGE][PASSED] - Text 'Dealer' is set on object 'Object Repository/LoggedOutReactPages/CreateAccount/FirstName_Input'

2018-06-01 10:08:58 - [TEST_STEP][PASSED] - setText: Text 'Last' is set on object 'Object Repository/LoggedOutReactPages/CreateAccount/LastName_Input'

2018-06-01 10:08:58 - [MESSAGE][PASSED] - Text 'Last' is set on object 'Object Repository/LoggedOutReactPages/CreateAccount/LastName_Input'

2018-06-01 10:08:58 - [TEST_STEP][PASSED] - setText: Text 'TestAddress' is set on object 'Object Repository/LoggedOutReactPages/CreateAccount/Address_Input'

2018-06-01 10:08:58 - [MESSAGE][PASSED] - Text 'TestAddress' is set on object 'Object Repository/LoggedOutReactPages/CreateAccount/Address_Input'

2018-06-01 10:08:58 - [TEST_STEP][PASSED] - setText: Text 'Autotest' is set on object 'Object Repository/LoggedOutReactPages/CreateAccount/City_Input'

2018-06-01 10:08:58 - [MESSAGE][PASSED] - Text 'Autotest' is set on object 'Object Repository/LoggedOutReactPages/CreateAccount/City_Input'

2018-06-01 10:08:58 - [TEST_STEP][PASSED] - selectOptionByValue: All options with value 'CA' are selected in object 'Object Repository/LoggedOutReactPages/CreateAccount/State_Dropdown' 

2018-06-01 10:08:59 - [MESSAGE][PASSED] - All options with value 'CA' are selected in object 'Object Repository/LoggedOutReactPages/CreateAccount/State_Dropdown' 

2018-06-01 10:08:59 - [TEST_STEP][PASSED] - setText: Text '11111' is set on object 'Object Repository/LoggedOutReactPages/CreateAccount/Zip_Input'

2018-06-01 10:08:59 - [MESSAGE][PASSED] - Text '11111' is set on object 'Object Repository/LoggedOutReactPages/CreateAccount/Zip_Input'

2018-06-01 10:08:59 - [TEST_STEP][PASSED] - check: Object 'Object Repository/LoggedOutReactPages/CreateAccount/Copy_Checkbox' is checked

2018-06-01 10:08:59 - [MESSAGE][PASSED] - Object 'Object Repository/LoggedOutReactPages/CreateAccount/Copy_Checkbox' is checked

2018-06-01 10:08:59 - [TEST_STEP][PASSED] - verifyElementAttributeValue: Object 'Object Repository/LoggedOutReactPages/CreateAccount/BillingFirstName_Input' has attribute 'value' with value 'Dealer'

2018-06-01 10:08:59 - [MESSAGE][WARNING] - Timeout '0' is invalid. Using default page load timeout: '30'

2018-06-01 10:08:59 - [MESSAGE][PASSED] - Object 'Object Repository/LoggedOutReactPages/CreateAccount/BillingFirstName_Input' has attribute 'value' with value 'Dealer'

2018-06-01 10:08:59 - [TEST_STEP][PASSED] - verifyElementHasAttribute: Object 'Object Repository/LoggedOutReactPages/CreateAccount/BillingFirstName_Input' has attribute 'disabled'

2018-06-01 10:08:59 - [MESSAGE][WARNING] - Timeout '0' is invalid. Using default page load timeout: '30'

2018-06-01 10:08:59 - [MESSAGE][PASSED] - Object 'Object Repository/LoggedOutReactPages/CreateAccount/BillingFirstName_Input' has attribute 'disabled'

2018-06-01 10:08:59 - [TEST_STEP][PASSED] - verifyElementAttributeValue: Object 'Object Repository/LoggedOutReactPages/CreateAccount/BillingLastName_Input' has attribute 'value' with value 'Last'

2018-06-01 10:08:59 - [MESSAGE][WARNING] - Timeout '0' is invalid. Using default page load timeout: '30'

2018-06-01 10:08:59 - [MESSAGE][PASSED] - Object 'Object Repository/LoggedOutReactPages/CreateAccount/BillingLastName_Input' has attribute 'value' with value 'Last'

2018-06-01 10:08:59 - [TEST_STEP][PASSED] - verifyElementHasAttribute: Object 'Object Repository/LoggedOutReactPages/CreateAccount/BillingLastName_Input' has attribute 'disabled'

2018-06-01 10:08:59 - [MESSAGE][WARNING] - Timeout '0' is invalid. Using default page load timeout: '30'

2018-06-01 10:08:59 - [MESSAGE][PASSED] - Object 'Object Repository/LoggedOutReactPages/CreateAccount/BillingLastName_Input' has attribute 'disabled'

2018-06-01 10:08:59 - [TEST_STEP][PASSED] - verifyElementAttributeValue: Object 'Object Repository/LoggedOutReactPages/CreateAccount/BillingAddress_Input' has attribute 'value' with value 'TestAddress'

2018-06-01 10:09:00 - [MESSAGE][WARNING] - Timeout '0' is invalid. Using default page load timeout: '30'

2018-06-01 10:09:00 - [MESSAGE][PASSED] - Object 'Object Repository/LoggedOutReactPages/CreateAccount/BillingAddress_Input' has attribute 'value' with value 'TestAddress'

2018-06-01 10:09:00 - [TEST_STEP][PASSED] - verifyElementHasAttribute: Object 'Object Repository/LoggedOutReactPages/CreateAccount/BillingAddress_Input' has attribute 'disabled'

2018-06-01 10:09:00 - [MESSAGE][WARNING] - Timeout '0' is invalid. Using default page load timeout: '30'

2018-06-01 10:09:00 - [MESSAGE][PASSED] - Object 'Object Repository/LoggedOutReactPages/CreateAccount/BillingAddress_Input' has attribute 'disabled'

2018-06-01 10:09:00 - [TEST_STEP][PASSED] - verifyElementAttributeValue: Object 'Object Repository/LoggedOutReactPages/CreateAccount/BillingZip_Input' has attribute 'value' with value '11111'

2018-06-01 10:09:00 - [MESSAGE][WARNING] - Timeout '0' is invalid. Using default page load timeout: '30'

2018-06-01 10:09:00 - [MESSAGE][PASSED] - Object 'Object Repository/LoggedOutReactPages/CreateAccount/BillingZip_Input' has attribute 'value' with value '11111'

2018-06-01 10:09:00 - [TEST_STEP][PASSED] - verifyElementHasAttribute: Object 'Object Repository/LoggedOutReactPages/CreateAccount/BillingZip_Input' has attribute 'disabled'

2018-06-01 10:09:00 - [MESSAGE][WARNING] - Timeout '0' is invalid. Using default page load timeout: '30'

2018-06-01 10:09:00 - [MESSAGE][PASSED] - Object 'Object Repository/LoggedOutReactPages/CreateAccount/BillingZip_Input' has attribute 'disabled'

2018-06-01 10:09:00 - [TEST_STEP][PASSED] - closeBrowser: Browser is closed

2018-06-01 10:09:01 - [MESSAGE][PASSED] - Browser is closed]]></system-out>
         <system-err><![CDATA[]]></system-err>
      </testcase>
      <testcase name="Test Cases/SignUpConsumer - ValidFields" classname="Test Cases/SignUpConsumer - ValidFields" status="PASSED">
         <system-out><![CDATA[2018-06-01 10:09:01 - [TEST_CASE][PASSED] - Test Cases/SignUpConsumer - ValidFields: Test Cases/SignUpConsumer - ValidFields

2018-06-01 10:09:01 - [TEST_STEP][PASSED] - openBrowser: Browser is opened with url: ''

2018-06-01 10:09:03 - [MESSAGE][PASSED] - Browser is opened with url: ''

2018-06-01 10:09:03 - [TEST_STEP][PASSED] - maximizeWindow: Current window maximized

2018-06-01 10:09:04 - [MESSAGE][PASSED] - Current window maximized

2018-06-01 10:09:04 - [TEST_STEP][PASSED] - Statement - StartURL = com.kms.katalon.core.webui.keyword.WebUiBuiltInKeywords.concatenate([StagingReact, "create-account"]): Concatenated string array: '['https://dev-front.instavin.com/','create-account']' into 'https://dev-front.instavin.com/create-account'

2018-06-01 10:09:04 - [MESSAGE][PASSED] - Concatenated string array: '['https://dev-front.instavin.com/','create-account']' into 'https://dev-front.instavin.com/create-account'

2018-06-01 10:09:04 - [TEST_STEP][PASSED] - navigateToUrl: Navigate to 'https://dev-front.instavin.com/create-account' successfully

2018-06-01 10:09:07 - [MESSAGE][PASSED] - Navigate to 'https://dev-front.instavin.com/create-account' successfully

2018-06-01 10:09:07 - [TEST_STEP][PASSED] - verifyElementText: Actual text and expected text of test object 'Object Repository/LoggedOutReactPages/CreateAccount/Copy_Label' are matched.

2018-06-01 10:09:07 - [MESSAGE][PASSED] - Actual text and expected text of test object 'Object Repository/LoggedOutReactPages/CreateAccount/Copy_Label' are matched.

2018-06-01 10:09:07 - [TEST_STEP][PASSED] - verifyTextPresent: Text 'Buyer Information' is present on page 

2018-06-01 10:09:07 - [MESSAGE][PASSED] - Text 'Buyer Information' is present on page 

2018-06-01 10:09:07 - [TEST_STEP][PASSED] - verifyElementText: Actual text and expected text of test object 'Object Repository/LoggedOutReactPages/CreateAccount/Name_Label' are matched.

2018-06-01 10:09:07 - [MESSAGE][PASSED] - Actual text and expected text of test object 'Object Repository/LoggedOutReactPages/CreateAccount/Name_Label' are matched.

2018-06-01 10:09:07 - [TEST_STEP][PASSED] - verifyElementText: Actual text and expected text of test object 'Object Repository/LoggedOutReactPages/CreateAccount/Address_Label' are matched.

2018-06-01 10:09:07 - [MESSAGE][PASSED] - Actual text and expected text of test object 'Object Repository/LoggedOutReactPages/CreateAccount/Address_Label' are matched.

2018-06-01 10:09:07 - [TEST_STEP][PASSED] - Statement - now = new java.util.Date(): null

2018-06-01 10:09:07 - [TEST_STEP][PASSED] - Statement - rnd = now.format("yyyyMMddHHmmssSSS").toString(): null

2018-06-01 10:09:07 - [TEST_STEP][PASSED] - Statement - Email = com.kms.katalon.core.webui.keyword.WebUiBuiltInKeywords.concatenate(["buyer", rnd, "@mailinator.com"]): Concatenated string array: '['buyer','20180601100907751','@mailinator.com']' into 'buyer20180601100907751@mailinator.com'

2018-06-01 10:09:07 - [MESSAGE][PASSED] - Concatenated string array: '['buyer','20180601100907751','@mailinator.com']' into 'buyer20180601100907751@mailinator.com'

2018-06-01 10:09:07 - [TEST_STEP][PASSED] - setText: Text 'Consumer' is set on object 'Object Repository/LoggedOutReactPages/CreateAccount/FirstName_Input'

2018-06-01 10:09:07 - [MESSAGE][PASSED] - Text 'Consumer' is set on object 'Object Repository/LoggedOutReactPages/CreateAccount/FirstName_Input'

2018-06-01 10:09:07 - [TEST_STEP][PASSED] - setText: Text 'Test' is set on object 'Object Repository/LoggedOutReactPages/CreateAccount/LastName_Input'

2018-06-01 10:09:08 - [MESSAGE][PASSED] - Text 'Test' is set on object 'Object Repository/LoggedOutReactPages/CreateAccount/LastName_Input'

2018-06-01 10:09:08 - [TEST_STEP][PASSED] - setText: Text 'test' is set on object 'Object Repository/LoggedOutReactPages/CreateAccount/Address_Input'

2018-06-01 10:09:08 - [MESSAGE][PASSED] - Text 'test' is set on object 'Object Repository/LoggedOutReactPages/CreateAccount/Address_Input'

2018-06-01 10:09:08 - [TEST_STEP][PASSED] - setText: Text 'test' is set on object 'Object Repository/LoggedOutReactPages/CreateAccount/City_Input'

2018-06-01 10:09:08 - [MESSAGE][PASSED] - Text 'test' is set on object 'Object Repository/LoggedOutReactPages/CreateAccount/City_Input'

2018-06-01 10:09:08 - [TEST_STEP][PASSED] - selectOptionByValue: All options with value 'CA' are selected in object 'Object Repository/LoggedOutReactPages/CreateAccount/State_Dropdown' 

2018-06-01 10:09:08 - [MESSAGE][PASSED] - All options with value 'CA' are selected in object 'Object Repository/LoggedOutReactPages/CreateAccount/State_Dropdown' 

2018-06-01 10:09:08 - [TEST_STEP][PASSED] - setText: Text '11111' is set on object 'Object Repository/LoggedOutReactPages/CreateAccount/Zip_Input'

2018-06-01 10:09:09 - [MESSAGE][PASSED] - Text '11111' is set on object 'Object Repository/LoggedOutReactPages/CreateAccount/Zip_Input'

2018-06-01 10:09:09 - [TEST_STEP][PASSED] - setText: Text '8001112233' is set on object 'Object Repository/LoggedOutReactPages/CreateAccount/Phone_Input'

2018-06-01 10:09:09 - [MESSAGE][PASSED] - Text '8001112233' is set on object 'Object Repository/LoggedOutReactPages/CreateAccount/Phone_Input'

2018-06-01 10:09:09 - [TEST_STEP][PASSED] - setText: Text 'Consumer' is set on object 'Object Repository/LoggedOutReactPages/CreateAccount/BillingFirstName_Input'

2018-06-01 10:09:09 - [MESSAGE][PASSED] - Text 'Consumer' is set on object 'Object Repository/LoggedOutReactPages/CreateAccount/BillingFirstName_Input'

2018-06-01 10:09:09 - [TEST_STEP][PASSED] - setText: Text 'Test' is set on object 'Object Repository/LoggedOutReactPages/CreateAccount/BillingLastName_Input'

2018-06-01 10:09:09 - [MESSAGE][PASSED] - Text 'Test' is set on object 'Object Repository/LoggedOutReactPages/CreateAccount/BillingLastName_Input'

2018-06-01 10:09:09 - [TEST_STEP][PASSED] - setText: Text 'test' is set on object 'Object Repository/LoggedOutReactPages/CreateAccount/BillingAddress_Input'

2018-06-01 10:09:09 - [MESSAGE][PASSED] - Text 'test' is set on object 'Object Repository/LoggedOutReactPages/CreateAccount/BillingAddress_Input'

2018-06-01 10:09:09 - [TEST_STEP][PASSED] - setText: Text '11111' is set on object 'Object Repository/LoggedOutReactPages/CreateAccount/BillingZip_Input'

2018-06-01 10:09:10 - [MESSAGE][PASSED] - Text '11111' is set on object 'Object Repository/LoggedOutReactPages/CreateAccount/BillingZip_Input'

2018-06-01 10:09:10 - [TEST_STEP][PASSED] - setText: Text '4000100011112224' is set on object 'Object Repository/LoggedOutReactPages/CreateAccount/CcNumber_Input'

2018-06-01 10:09:10 - [MESSAGE][PASSED] - Text '4000100011112224' is set on object 'Object Repository/LoggedOutReactPages/CreateAccount/CcNumber_Input'

2018-06-01 10:09:10 - [TEST_STEP][PASSED] - selectOptionByValue: All options with value '6' are selected in object 'Object Repository/LoggedOutReactPages/CreateAccount/ExpirationMonth_Dropdown' 

2018-06-01 10:09:10 - [MESSAGE][PASSED] - All options with value '6' are selected in object 'Object Repository/LoggedOutReactPages/CreateAccount/ExpirationMonth_Dropdown' 

2018-06-01 10:09:10 - [TEST_STEP][PASSED] - setText: Text '111' is set on object 'Object Repository/LoggedOutReactPages/CreateAccount/CVV_Input'

2018-06-01 10:09:11 - [MESSAGE][PASSED] - Text '111' is set on object 'Object Repository/LoggedOutReactPages/CreateAccount/CVV_Input'

2018-06-01 10:09:11 - [TEST_STEP][PASSED] - selectOptionByValue: All options with value '2020' are selected in object 'Object Repository/LoggedOutReactPages/CreateAccount/ExpirationYear_Dropdown' 

2018-06-01 10:09:11 - [MESSAGE][PASSED] - All options with value '2020' are selected in object 'Object Repository/LoggedOutReactPages/CreateAccount/ExpirationYear_Dropdown' 

2018-06-01 10:09:11 - [TEST_STEP][PASSED] - setText: Text 'buyer20180601100907751@mailinator.com' is set on object 'Object Repository/LoggedOutReactPages/CreateAccount/Email_Input'

2018-06-01 10:09:11 - [MESSAGE][PASSED] - Text 'buyer20180601100907751@mailinator.com' is set on object 'Object Repository/LoggedOutReactPages/CreateAccount/Email_Input'

2018-06-01 10:09:11 - [TEST_STEP][PASSED] - setText: Text 'buyer20180601100907751@mailinator.com' is set on object 'Object Repository/LoggedOutReactPages/CreateAccount/ConfirmEmail_Input'

2018-06-01 10:09:12 - [MESSAGE][PASSED] - Text 'buyer20180601100907751@mailinator.com' is set on object 'Object Repository/LoggedOutReactPages/CreateAccount/ConfirmEmail_Input'

2018-06-01 10:09:12 - [TEST_STEP][PASSED] - setText: Text '111111' is set on object 'Object Repository/LoggedOutReactPages/CreateAccount/Password_Input'

2018-06-01 10:09:12 - [MESSAGE][PASSED] - Text '111111' is set on object 'Object Repository/LoggedOutReactPages/CreateAccount/Password_Input'

2018-06-01 10:09:12 - [TEST_STEP][PASSED] - setText: Text '111111' is set on object 'Object Repository/LoggedOutReactPages/CreateAccount/ConfirmPassword_Input'

2018-06-01 10:09:12 - [MESSAGE][PASSED] - Text '111111' is set on object 'Object Repository/LoggedOutReactPages/CreateAccount/ConfirmPassword_Input'

2018-06-01 10:09:12 - [TEST_STEP][PASSED] - check: Object 'Object Repository/LoggedOutReactPages/CreateAccount/AcceptTos_Checkbox' is checked

2018-06-01 10:09:12 - [MESSAGE][PASSED] - Object 'Object Repository/LoggedOutReactPages/CreateAccount/AcceptTos_Checkbox' is checked

2018-06-01 10:09:13 - [TEST_STEP][PASSED] - click: Object: 'Object Repository/LoggedOutReactPages/CreateAccount/Submit_button' is clicked on

2018-06-01 10:09:13 - [MESSAGE][PASSED] - Object: 'Object Repository/LoggedOutReactPages/CreateAccount/Submit_button' is clicked on

2018-06-01 10:09:13 - [TEST_STEP][PASSED] - waitForElementVisible: Object 'Object Repository/LoggedInReactPages/MyAccount/Account_Header' is visible

2018-06-01 10:09:13 - [MESSAGE][WARNING] - Timeout '0' is invalid. Using default page load timeout: '30'

2018-06-01 10:09:16 - [MESSAGE][PASSED] - Object 'Object Repository/LoggedInReactPages/MyAccount/Account_Header' is visible

2018-06-01 10:09:16 - [TEST_STEP][PASSED] - verifyElementText: Actual text and expected text of test object 'Object Repository/LoggedInReactPages/MyAccount/Account_Header' are matched.

2018-06-01 10:09:16 - [MESSAGE][PASSED] - Actual text and expected text of test object 'Object Repository/LoggedInReactPages/MyAccount/Account_Header' are matched.

2018-06-01 10:09:16 - [TEST_STEP][PASSED] - Statement - OrderURL = com.kms.katalon.core.webui.keyword.WebUiBuiltInKeywords.concatenate([StagingReact, "order"]): Concatenated string array: '['https://dev-front.instavin.com/','order']' into 'https://dev-front.instavin.com/order'

2018-06-01 10:09:16 - [MESSAGE][PASSED] - Concatenated string array: '['https://dev-front.instavin.com/','order']' into 'https://dev-front.instavin.com/order'

2018-06-01 10:09:16 - [TEST_STEP][PASSED] - navigateToUrl: Navigate to 'https://dev-front.instavin.com/order' successfully

2018-06-01 10:09:16 - [MESSAGE][PASSED] - Navigate to 'https://dev-front.instavin.com/order' successfully

2018-06-01 10:09:16 - [TEST_STEP][PASSED] - waitForElementVisible: Object 'Object Repository/LoggedInReactPages/Order (react)/instaVINProducts_Label' is visible

2018-06-01 10:09:16 - [MESSAGE][WARNING] - Timeout '0' is invalid. Using default page load timeout: '30'

2018-06-01 10:09:17 - [MESSAGE][PASSED] - Object 'Object Repository/LoggedInReactPages/Order (react)/instaVINProducts_Label' is visible

2018-06-01 10:09:17 - [TEST_STEP][PASSED] - verifyElementText: Actual text and expected text of test object 'Object Repository/LoggedInReactPages/Order (react)/VtrPrice1' are matched.

2018-06-01 10:09:17 - [MESSAGE][PASSED] - Actual text and expected text of test object 'Object Repository/LoggedInReactPages/Order (react)/VtrPrice1' are matched.

2018-06-01 10:09:17 - [TEST_STEP][PASSED] - verifyElementText: Actual text and expected text of test object 'Object Repository/LoggedInReactPages/Order (react)/VtrPrice10' are matched.

2018-06-01 10:09:17 - [MESSAGE][PASSED] - Actual text and expected text of test object 'Object Repository/LoggedInReactPages/Order (react)/VtrPrice10' are matched.

2018-06-01 10:09:17 - [TEST_STEP][PASSED] - closeBrowser: Browser is closed

2018-06-01 10:09:17 - [MESSAGE][PASSED] - Browser is closed]]></system-out>
         <system-err><![CDATA[]]></system-err>
      </testcase>
      <testcase name="Test Cases/SignUpDealer - ValidFields" classname="Test Cases/SignUpDealer - ValidFields" status="PASSED">
         <system-out><![CDATA[2018-06-01 10:09:17 - [TEST_CASE][PASSED] - Test Cases/SignUpDealer - ValidFields: Test Cases/SignUpDealer - ValidFields

2018-06-01 10:09:18 - [TEST_STEP][PASSED] - openBrowser: Browser is opened with url: ''

2018-06-01 10:09:20 - [MESSAGE][PASSED] - Browser is opened with url: ''

2018-06-01 10:09:20 - [TEST_STEP][PASSED] - maximizeWindow: Current window maximized

2018-06-01 10:09:21 - [MESSAGE][PASSED] - Current window maximized

2018-06-01 10:09:21 - [TEST_STEP][PASSED] - Statement - StartURL = com.kms.katalon.core.webui.keyword.WebUiBuiltInKeywords.concatenate([StagingReact, "create-account"]): Concatenated string array: '['https://dev-front.instavin.com/','create-account']' into 'https://dev-front.instavin.com/create-account'

2018-06-01 10:09:21 - [MESSAGE][PASSED] - Concatenated string array: '['https://dev-front.instavin.com/','create-account']' into 'https://dev-front.instavin.com/create-account'

2018-06-01 10:09:21 - [TEST_STEP][PASSED] - navigateToUrl: Navigate to 'https://dev-front.instavin.com/create-account' successfully

2018-06-01 10:09:23 - [MESSAGE][PASSED] - Navigate to 'https://dev-front.instavin.com/create-account' successfully

2018-06-01 10:09:23 - [TEST_STEP][PASSED] - click: Object: 'Object Repository/LoggedOutReactPages/CreateAccount/Dealer_Button' is clicked on

2018-06-01 10:09:24 - [MESSAGE][PASSED] - Object: 'Object Repository/LoggedOutReactPages/CreateAccount/Dealer_Button' is clicked on

2018-06-01 10:09:24 - [TEST_STEP][PASSED] - verifyElementText: Actual text and expected text of test object 'Object Repository/LoggedOutReactPages/CreateAccount/Copy_Label' are matched.

2018-06-01 10:09:24 - [MESSAGE][PASSED] - Actual text and expected text of test object 'Object Repository/LoggedOutReactPages/CreateAccount/Copy_Label' are matched.

2018-06-01 10:09:24 - [TEST_STEP][PASSED] - verifyTextPresent: Text 'Dealer Information' is present on page 

2018-06-01 10:09:24 - [MESSAGE][PASSED] - Text 'Dealer Information' is present on page 

2018-06-01 10:09:24 - [TEST_STEP][PASSED] - Statement - now = new java.util.Date(): null

2018-06-01 10:09:24 - [TEST_STEP][PASSED] - Statement - rnd = now.format("yyyyMMddHHmmssSSS").toString(): null

2018-06-01 10:09:24 - [TEST_STEP][PASSED] - Statement - Email = com.kms.katalon.core.webui.keyword.WebUiBuiltInKeywords.concatenate(["dealer", rnd, "@mailinator.com"]): Concatenated string array: '['dealer','20180601100924422','@mailinator.com']' into 'dealer20180601100924422@mailinator.com'

2018-06-01 10:09:24 - [MESSAGE][PASSED] - Concatenated string array: '['dealer','20180601100924422','@mailinator.com']' into 'dealer20180601100924422@mailinator.com'

2018-06-01 10:09:24 - [TEST_STEP][PASSED] - setText: Text 'Test' is set on object 'Object Repository/LoggedOutReactPages/CreateAccount/BusinessName_Input'

2018-06-01 10:09:24 - [MESSAGE][PASSED] - Text 'Test' is set on object 'Object Repository/LoggedOutReactPages/CreateAccount/BusinessName_Input'

2018-06-01 10:09:24 - [TEST_STEP][PASSED] - setText: Text '111111' is set on object 'Object Repository/LoggedOutReactPages/CreateAccount/AccessID_Input'

2018-06-01 10:09:24 - [MESSAGE][PASSED] - Text '111111' is set on object 'Object Repository/LoggedOutReactPages/CreateAccount/AccessID_Input'

2018-06-01 10:09:24 - [TEST_STEP][PASSED] - setText: Text 'Dealer' is set on object 'Object Repository/LoggedOutReactPages/CreateAccount/FirstName_Input'

2018-06-01 10:09:25 - [MESSAGE][PASSED] - Text 'Dealer' is set on object 'Object Repository/LoggedOutReactPages/CreateAccount/FirstName_Input'

2018-06-01 10:09:25 - [TEST_STEP][PASSED] - setText: Text 'Test' is set on object 'Object Repository/LoggedOutReactPages/CreateAccount/LastName_Input'

2018-06-01 10:09:25 - [MESSAGE][PASSED] - Text 'Test' is set on object 'Object Repository/LoggedOutReactPages/CreateAccount/LastName_Input'

2018-06-01 10:09:25 - [TEST_STEP][PASSED] - setText: Text 'test' is set on object 'Object Repository/LoggedOutReactPages/CreateAccount/Address_Input'

2018-06-01 10:09:25 - [MESSAGE][PASSED] - Text 'test' is set on object 'Object Repository/LoggedOutReactPages/CreateAccount/Address_Input'

2018-06-01 10:09:25 - [TEST_STEP][PASSED] - setText: Text 'test' is set on object 'Object Repository/LoggedOutReactPages/CreateAccount/City_Input'

2018-06-01 10:09:25 - [MESSAGE][PASSED] - Text 'test' is set on object 'Object Repository/LoggedOutReactPages/CreateAccount/City_Input'

2018-06-01 10:09:25 - [TEST_STEP][PASSED] - selectOptionByValue: All options with value 'TX' are selected in object 'Object Repository/LoggedOutReactPages/CreateAccount/State_Dropdown' 

2018-06-01 10:09:25 - [MESSAGE][PASSED] - All options with value 'TX' are selected in object 'Object Repository/LoggedOutReactPages/CreateAccount/State_Dropdown' 

2018-06-01 10:09:25 - [TEST_STEP][PASSED] - setText: Text '11111' is set on object 'Object Repository/LoggedOutReactPages/CreateAccount/Zip_Input'

2018-06-01 10:09:25 - [MESSAGE][PASSED] - Text '11111' is set on object 'Object Repository/LoggedOutReactPages/CreateAccount/Zip_Input'

2018-06-01 10:09:25 - [TEST_STEP][PASSED] - setText: Text '8001112233' is set on object 'Object Repository/LoggedOutReactPages/CreateAccount/Phone_Input'

2018-06-01 10:09:26 - [MESSAGE][PASSED] - Text '8001112233' is set on object 'Object Repository/LoggedOutReactPages/CreateAccount/Phone_Input'

2018-06-01 10:09:26 - [TEST_STEP][PASSED] - setText: Text 'Dealer' is set on object 'Object Repository/LoggedOutReactPages/CreateAccount/BillingFirstName_Input'

2018-06-01 10:09:26 - [MESSAGE][PASSED] - Text 'Dealer' is set on object 'Object Repository/LoggedOutReactPages/CreateAccount/BillingFirstName_Input'

2018-06-01 10:09:26 - [TEST_STEP][PASSED] - setText: Text 'Test' is set on object 'Object Repository/LoggedOutReactPages/CreateAccount/BillingLastName_Input'

2018-06-01 10:09:26 - [MESSAGE][PASSED] - Text 'Test' is set on object 'Object Repository/LoggedOutReactPages/CreateAccount/BillingLastName_Input'

2018-06-01 10:09:26 - [TEST_STEP][PASSED] - setText: Text 'test' is set on object 'Object Repository/LoggedOutReactPages/CreateAccount/BillingAddress_Input'

2018-06-01 10:09:27 - [MESSAGE][PASSED] - Text 'test' is set on object 'Object Repository/LoggedOutReactPages/CreateAccount/BillingAddress_Input'

2018-06-01 10:09:27 - [TEST_STEP][PASSED] - setText: Text '11111' is set on object 'Object Repository/LoggedOutReactPages/CreateAccount/BillingZip_Input'

2018-06-01 10:09:27 - [MESSAGE][PASSED] - Text '11111' is set on object 'Object Repository/LoggedOutReactPages/CreateAccount/BillingZip_Input'

2018-06-01 10:09:27 - [TEST_STEP][PASSED] - setText: Text '4000100011112224' is set on object 'Object Repository/LoggedOutReactPages/CreateAccount/CcNumber_Input'

2018-06-01 10:09:27 - [MESSAGE][PASSED] - Text '4000100011112224' is set on object 'Object Repository/LoggedOutReactPages/CreateAccount/CcNumber_Input'

2018-06-01 10:09:27 - [TEST_STEP][PASSED] - selectOptionByValue: All options with value '6' are selected in object 'Object Repository/LoggedOutReactPages/CreateAccount/ExpirationMonth_Dropdown' 

2018-06-01 10:09:28 - [MESSAGE][PASSED] - All options with value '6' are selected in object 'Object Repository/LoggedOutReactPages/CreateAccount/ExpirationMonth_Dropdown' 

2018-06-01 10:09:28 - [TEST_STEP][PASSED] - setText: Text '111' is set on object 'Object Repository/LoggedOutReactPages/CreateAccount/CVV_Input'

2018-06-01 10:09:28 - [MESSAGE][PASSED] - Text '111' is set on object 'Object Repository/LoggedOutReactPages/CreateAccount/CVV_Input'

2018-06-01 10:09:28 - [TEST_STEP][PASSED] - selectOptionByValue: All options with value '2020' are selected in object 'Object Repository/LoggedOutReactPages/CreateAccount/ExpirationYear_Dropdown' 

2018-06-01 10:09:28 - [MESSAGE][PASSED] - All options with value '2020' are selected in object 'Object Repository/LoggedOutReactPages/CreateAccount/ExpirationYear_Dropdown' 

2018-06-01 10:09:28 - [TEST_STEP][PASSED] - setText: Text 'dealer20180601100924422@mailinator.com' is set on object 'Object Repository/LoggedOutReactPages/CreateAccount/Email_Input'

2018-06-01 10:09:29 - [MESSAGE][PASSED] - Text 'dealer20180601100924422@mailinator.com' is set on object 'Object Repository/LoggedOutReactPages/CreateAccount/Email_Input'

2018-06-01 10:09:29 - [TEST_STEP][PASSED] - setText: Text 'dealer20180601100924422@mailinator.com' is set on object 'Object Repository/LoggedOutReactPages/CreateAccount/ConfirmEmail_Input'

2018-06-01 10:09:29 - [MESSAGE][PASSED] - Text 'dealer20180601100924422@mailinator.com' is set on object 'Object Repository/LoggedOutReactPages/CreateAccount/ConfirmEmail_Input'

2018-06-01 10:09:29 - [TEST_STEP][PASSED] - setText: Text '111111' is set on object 'Object Repository/LoggedOutReactPages/CreateAccount/Password_Input'

2018-06-01 10:09:29 - [MESSAGE][PASSED] - Text '111111' is set on object 'Object Repository/LoggedOutReactPages/CreateAccount/Password_Input'

2018-06-01 10:09:29 - [TEST_STEP][PASSED] - setText: Text '111111' is set on object 'Object Repository/LoggedOutReactPages/CreateAccount/ConfirmPassword_Input'

2018-06-01 10:09:30 - [MESSAGE][PASSED] - Text '111111' is set on object 'Object Repository/LoggedOutReactPages/CreateAccount/ConfirmPassword_Input'

2018-06-01 10:09:30 - [TEST_STEP][PASSED] - check: Object 'Object Repository/LoggedOutReactPages/CreateAccount/AcceptTos_Checkbox' is checked

2018-06-01 10:09:30 - [MESSAGE][PASSED] - Object 'Object Repository/LoggedOutReactPages/CreateAccount/AcceptTos_Checkbox' is checked

2018-06-01 10:09:30 - [TEST_STEP][PASSED] - click: Object: 'Object Repository/LoggedOutReactPages/CreateAccount/Submit_button' is clicked on

2018-06-01 10:09:30 - [MESSAGE][PASSED] - Object: 'Object Repository/LoggedOutReactPages/CreateAccount/Submit_button' is clicked on

2018-06-01 10:09:30 - [TEST_STEP][PASSED] - waitForElementVisible: Object 'Object Repository/LoggedInReactPages/MyAccount/Account_Header' is visible

2018-06-01 10:09:30 - [MESSAGE][WARNING] - Timeout '0' is invalid. Using default page load timeout: '30'

2018-06-01 10:09:33 - [MESSAGE][PASSED] - Object 'Object Repository/LoggedInReactPages/MyAccount/Account_Header' is visible

2018-06-01 10:09:33 - [TEST_STEP][PASSED] - verifyElementText: Actual text and expected text of test object 'Object Repository/LoggedInReactPages/MyAccount/Account_Header' are matched.

2018-06-01 10:09:33 - [MESSAGE][PASSED] - Actual text and expected text of test object 'Object Repository/LoggedInReactPages/MyAccount/Account_Header' are matched.

2018-06-01 10:09:33 - [TEST_STEP][PASSED] - Statement - OrderURL = com.kms.katalon.core.webui.keyword.WebUiBuiltInKeywords.concatenate([StagingReact, "order"]): Concatenated string array: '['https://dev-front.instavin.com/','order']' into 'https://dev-front.instavin.com/order'

2018-06-01 10:09:33 - [MESSAGE][PASSED] - Concatenated string array: '['https://dev-front.instavin.com/','order']' into 'https://dev-front.instavin.com/order'

2018-06-01 10:09:33 - [TEST_STEP][PASSED] - navigateToUrl: Navigate to 'https://dev-front.instavin.com/order' successfully

2018-06-01 10:09:34 - [MESSAGE][PASSED] - Navigate to 'https://dev-front.instavin.com/order' successfully

2018-06-01 10:09:34 - [TEST_STEP][PASSED] - waitForElementVisible: Object 'Object Repository/LoggedInReactPages/Order (react)/instaVINProducts_Label' is visible

2018-06-01 10:09:34 - [MESSAGE][WARNING] - Timeout '0' is invalid. Using default page load timeout: '30'

2018-06-01 10:09:34 - [MESSAGE][PASSED] - Object 'Object Repository/LoggedInReactPages/Order (react)/instaVINProducts_Label' is visible

2018-06-01 10:09:34 - [TEST_STEP][PASSED] - verifyElementText: Actual text and expected text of test object 'Object Repository/LoggedInReactPages/Order (react)/VtrPrice1' are matched.

2018-06-01 10:09:34 - [MESSAGE][PASSED] - Actual text and expected text of test object 'Object Repository/LoggedInReactPages/Order (react)/VtrPrice1' are matched.

2018-06-01 10:09:34 - [TEST_STEP][PASSED] - verifyElementText: Actual text and expected text of test object 'Object Repository/LoggedInReactPages/Order (react)/VtrPrice10' are matched.

2018-06-01 10:09:34 - [MESSAGE][PASSED] - Actual text and expected text of test object 'Object Repository/LoggedInReactPages/Order (react)/VtrPrice10' are matched.

2018-06-01 10:09:34 - [TEST_STEP][PASSED] - verifyElementText: Actual text and expected text of test object 'Object Repository/LoggedInReactPages/Order (react)/VtrPrice50' are matched.

2018-06-01 10:09:34 - [MESSAGE][PASSED] - Actual text and expected text of test object 'Object Repository/LoggedInReactPages/Order (react)/VtrPrice50' are matched.

2018-06-01 10:09:34 - [TEST_STEP][PASSED] - closeBrowser: Browser is closed

2018-06-01 10:09:34 - [MESSAGE][PASSED] - Browser is closed]]></system-out>
         <system-err><![CDATA[]]></system-err>
      </testcase>
      <testcase name="Test Cases/SignUpCADealer - ValidFields" classname="Test Cases/SignUpCADealer - ValidFields" status="PASSED">
         <system-out><![CDATA[2018-06-01 10:09:34 - [TEST_CASE][PASSED] - Test Cases/SignUpCADealer - ValidFields: Test Cases/SignUpCADealer - ValidFields

2018-06-01 10:09:35 - [TEST_STEP][PASSED] - openBrowser: Browser is opened with url: ''

2018-06-01 10:09:37 - [MESSAGE][PASSED] - Browser is opened with url: ''

2018-06-01 10:09:37 - [TEST_STEP][PASSED] - maximizeWindow: Current window maximized

2018-06-01 10:09:38 - [MESSAGE][PASSED] - Current window maximized

2018-06-01 10:09:38 - [TEST_STEP][PASSED] - Statement - StartURL = com.kms.katalon.core.webui.keyword.WebUiBuiltInKeywords.concatenate([StagingReact, "create-account"]): Concatenated string array: '['https://dev-front.instavin.com/','create-account']' into 'https://dev-front.instavin.com/create-account'

2018-06-01 10:09:38 - [MESSAGE][PASSED] - Concatenated string array: '['https://dev-front.instavin.com/','create-account']' into 'https://dev-front.instavin.com/create-account'

2018-06-01 10:09:38 - [TEST_STEP][PASSED] - navigateToUrl: Navigate to 'https://dev-front.instavin.com/create-account' successfully

2018-06-01 10:09:40 - [MESSAGE][PASSED] - Navigate to 'https://dev-front.instavin.com/create-account' successfully

2018-06-01 10:09:40 - [TEST_STEP][PASSED] - click: Object: 'Object Repository/LoggedOutReactPages/CreateAccount/Dealer_Button' is clicked on

2018-06-01 10:09:40 - [MESSAGE][PASSED] - Object: 'Object Repository/LoggedOutReactPages/CreateAccount/Dealer_Button' is clicked on

2018-06-01 10:09:40 - [TEST_STEP][PASSED] - verifyElementText: Actual text and expected text of test object 'Object Repository/LoggedOutReactPages/CreateAccount/Copy_Label' are matched.

2018-06-01 10:09:41 - [MESSAGE][PASSED] - Actual text and expected text of test object 'Object Repository/LoggedOutReactPages/CreateAccount/Copy_Label' are matched.

2018-06-01 10:09:41 - [TEST_STEP][PASSED] - verifyTextPresent: Text 'Dealer Information' is present on page 

2018-06-01 10:09:41 - [MESSAGE][PASSED] - Text 'Dealer Information' is present on page 

2018-06-01 10:09:41 - [TEST_STEP][PASSED] - Statement - now = new java.util.Date(): null

2018-06-01 10:09:41 - [TEST_STEP][PASSED] - Statement - rnd = now.format("yyyyMMddHHmmssSSS").toString(): null

2018-06-01 10:09:41 - [TEST_STEP][PASSED] - Statement - Email = com.kms.katalon.core.webui.keyword.WebUiBuiltInKeywords.concatenate(["cadealer", rnd, "@mailinator.com"]): Concatenated string array: '['cadealer','20180601100941330','@mailinator.com']' into 'cadealer20180601100941330@mailinator.com'

2018-06-01 10:09:41 - [MESSAGE][PASSED] - Concatenated string array: '['cadealer','20180601100941330','@mailinator.com']' into 'cadealer20180601100941330@mailinator.com'

2018-06-01 10:09:41 - [TEST_STEP][PASSED] - setText: Text 'Test' is set on object 'Object Repository/LoggedOutReactPages/CreateAccount/BusinessName_Input'

2018-06-01 10:09:41 - [MESSAGE][PASSED] - Text 'Test' is set on object 'Object Repository/LoggedOutReactPages/CreateAccount/BusinessName_Input'

2018-06-01 10:09:41 - [TEST_STEP][PASSED] - setText: Text '111111' is set on object 'Object Repository/LoggedOutReactPages/CreateAccount/AccessID_Input'

2018-06-01 10:09:41 - [MESSAGE][PASSED] - Text '111111' is set on object 'Object Repository/LoggedOutReactPages/CreateAccount/AccessID_Input'

2018-06-01 10:09:41 - [TEST_STEP][PASSED] - setText: Text 'CaDealer' is set on object 'Object Repository/LoggedOutReactPages/CreateAccount/FirstName_Input'

2018-06-01 10:09:41 - [MESSAGE][PASSED] - Text 'CaDealer' is set on object 'Object Repository/LoggedOutReactPages/CreateAccount/FirstName_Input'

2018-06-01 10:09:41 - [TEST_STEP][PASSED] - setText: Text 'Test' is set on object 'Object Repository/LoggedOutReactPages/CreateAccount/LastName_Input'

2018-06-01 10:09:42 - [MESSAGE][PASSED] - Text 'Test' is set on object 'Object Repository/LoggedOutReactPages/CreateAccount/LastName_Input'

2018-06-01 10:09:42 - [TEST_STEP][PASSED] - setText: Text 'test' is set on object 'Object Repository/LoggedOutReactPages/CreateAccount/Address_Input'

2018-06-01 10:09:42 - [MESSAGE][PASSED] - Text 'test' is set on object 'Object Repository/LoggedOutReactPages/CreateAccount/Address_Input'

2018-06-01 10:09:42 - [TEST_STEP][PASSED] - setText: Text 'test' is set on object 'Object Repository/LoggedOutReactPages/CreateAccount/City_Input'

2018-06-01 10:09:42 - [MESSAGE][PASSED] - Text 'test' is set on object 'Object Repository/LoggedOutReactPages/CreateAccount/City_Input'

2018-06-01 10:09:42 - [TEST_STEP][PASSED] - selectOptionByValue: All options with value 'CA' are selected in object 'Object Repository/LoggedOutReactPages/CreateAccount/State_Dropdown' 

2018-06-01 10:09:42 - [MESSAGE][PASSED] - All options with value 'CA' are selected in object 'Object Repository/LoggedOutReactPages/CreateAccount/State_Dropdown' 

2018-06-01 10:09:42 - [TEST_STEP][PASSED] - setText: Text '11111' is set on object 'Object Repository/LoggedOutReactPages/CreateAccount/Zip_Input'

2018-06-01 10:09:42 - [MESSAGE][PASSED] - Text '11111' is set on object 'Object Repository/LoggedOutReactPages/CreateAccount/Zip_Input'

2018-06-01 10:09:42 - [TEST_STEP][PASSED] - setText: Text '8001112233' is set on object 'Object Repository/LoggedOutReactPages/CreateAccount/Phone_Input'

2018-06-01 10:09:43 - [MESSAGE][PASSED] - Text '8001112233' is set on object 'Object Repository/LoggedOutReactPages/CreateAccount/Phone_Input'

2018-06-01 10:09:43 - [TEST_STEP][PASSED] - setText: Text 'CaDealer' is set on object 'Object Repository/LoggedOutReactPages/CreateAccount/BillingFirstName_Input'

2018-06-01 10:09:43 - [MESSAGE][PASSED] - Text 'CaDealer' is set on object 'Object Repository/LoggedOutReactPages/CreateAccount/BillingFirstName_Input'

2018-06-01 10:09:43 - [TEST_STEP][PASSED] - setText: Text 'Test' is set on object 'Object Repository/LoggedOutReactPages/CreateAccount/BillingLastName_Input'

2018-06-01 10:09:43 - [MESSAGE][PASSED] - Text 'Test' is set on object 'Object Repository/LoggedOutReactPages/CreateAccount/BillingLastName_Input'

2018-06-01 10:09:43 - [TEST_STEP][PASSED] - setText: Text 'test' is set on object 'Object Repository/LoggedOutReactPages/CreateAccount/BillingAddress_Input'

2018-06-01 10:09:44 - [MESSAGE][PASSED] - Text 'test' is set on object 'Object Repository/LoggedOutReactPages/CreateAccount/BillingAddress_Input'

2018-06-01 10:09:44 - [TEST_STEP][PASSED] - setText: Text '11111' is set on object 'Object Repository/LoggedOutReactPages/CreateAccount/BillingZip_Input'

2018-06-01 10:09:44 - [MESSAGE][PASSED] - Text '11111' is set on object 'Object Repository/LoggedOutReactPages/CreateAccount/BillingZip_Input'

2018-06-01 10:09:44 - [TEST_STEP][PASSED] - setText: Text '4000100011112224' is set on object 'Object Repository/LoggedOutReactPages/CreateAccount/CcNumber_Input'

2018-06-01 10:09:44 - [MESSAGE][PASSED] - Text '4000100011112224' is set on object 'Object Repository/LoggedOutReactPages/CreateAccount/CcNumber_Input'

2018-06-01 10:09:44 - [TEST_STEP][PASSED] - selectOptionByValue: All options with value '6' are selected in object 'Object Repository/LoggedOutReactPages/CreateAccount/ExpirationMonth_Dropdown' 

2018-06-01 10:09:44 - [MESSAGE][PASSED] - All options with value '6' are selected in object 'Object Repository/LoggedOutReactPages/CreateAccount/ExpirationMonth_Dropdown' 

2018-06-01 10:09:44 - [TEST_STEP][PASSED] - setText: Text '111' is set on object 'Object Repository/LoggedOutReactPages/CreateAccount/CVV_Input'

2018-06-01 10:09:45 - [MESSAGE][PASSED] - Text '111' is set on object 'Object Repository/LoggedOutReactPages/CreateAccount/CVV_Input'

2018-06-01 10:09:45 - [TEST_STEP][PASSED] - selectOptionByValue: All options with value '2020' are selected in object 'Object Repository/LoggedOutReactPages/CreateAccount/ExpirationYear_Dropdown' 

2018-06-01 10:09:45 - [MESSAGE][PASSED] - All options with value '2020' are selected in object 'Object Repository/LoggedOutReactPages/CreateAccount/ExpirationYear_Dropdown' 

2018-06-01 10:09:45 - [TEST_STEP][PASSED] - setText: Text 'cadealer20180601100941330@mailinator.com' is set on object 'Object Repository/LoggedOutReactPages/CreateAccount/Email_Input'

2018-06-01 10:09:46 - [MESSAGE][PASSED] - Text 'cadealer20180601100941330@mailinator.com' is set on object 'Object Repository/LoggedOutReactPages/CreateAccount/Email_Input'

2018-06-01 10:09:46 - [TEST_STEP][PASSED] - setText: Text 'cadealer20180601100941330@mailinator.com' is set on object 'Object Repository/LoggedOutReactPages/CreateAccount/ConfirmEmail_Input'

2018-06-01 10:09:46 - [MESSAGE][PASSED] - Text 'cadealer20180601100941330@mailinator.com' is set on object 'Object Repository/LoggedOutReactPages/CreateAccount/ConfirmEmail_Input'

2018-06-01 10:09:46 - [TEST_STEP][PASSED] - setText: Text '111111' is set on object 'Object Repository/LoggedOutReactPages/CreateAccount/Password_Input'

2018-06-01 10:09:46 - [MESSAGE][PASSED] - Text '111111' is set on object 'Object Repository/LoggedOutReactPages/CreateAccount/Password_Input'

2018-06-01 10:09:46 - [TEST_STEP][PASSED] - setText: Text '111111' is set on object 'Object Repository/LoggedOutReactPages/CreateAccount/ConfirmPassword_Input'

2018-06-01 10:09:46 - [MESSAGE][PASSED] - Text '111111' is set on object 'Object Repository/LoggedOutReactPages/CreateAccount/ConfirmPassword_Input'

2018-06-01 10:09:46 - [TEST_STEP][PASSED] - check: Object 'Object Repository/LoggedOutReactPages/CreateAccount/AcceptTos_Checkbox' is checked

2018-06-01 10:09:47 - [MESSAGE][PASSED] - Object 'Object Repository/LoggedOutReactPages/CreateAccount/AcceptTos_Checkbox' is checked

2018-06-01 10:09:47 - [TEST_STEP][PASSED] - click: Object: 'Object Repository/LoggedOutReactPages/CreateAccount/Submit_button' is clicked on

2018-06-01 10:09:47 - [MESSAGE][PASSED] - Object: 'Object Repository/LoggedOutReactPages/CreateAccount/Submit_button' is clicked on

2018-06-01 10:09:47 - [TEST_STEP][PASSED] - waitForElementVisible: Object 'Object Repository/LoggedInReactPages/MyAccount/Account_Header' is visible

2018-06-01 10:09:47 - [MESSAGE][WARNING] - Timeout '0' is invalid. Using default page load timeout: '30'

2018-06-01 10:09:49 - [MESSAGE][PASSED] - Object 'Object Repository/LoggedInReactPages/MyAccount/Account_Header' is visible

2018-06-01 10:09:49 - [TEST_STEP][PASSED] - verifyElementText: Actual text and expected text of test object 'Object Repository/LoggedInReactPages/MyAccount/Account_Header' are matched.

2018-06-01 10:09:49 - [MESSAGE][PASSED] - Actual text and expected text of test object 'Object Repository/LoggedInReactPages/MyAccount/Account_Header' are matched.

2018-06-01 10:09:49 - [TEST_STEP][PASSED] - Statement - OrderURL = com.kms.katalon.core.webui.keyword.WebUiBuiltInKeywords.concatenate([StagingReact, "order"]): Concatenated string array: '['https://dev-front.instavin.com/','order']' into 'https://dev-front.instavin.com/order'

2018-06-01 10:09:49 - [MESSAGE][PASSED] - Concatenated string array: '['https://dev-front.instavin.com/','order']' into 'https://dev-front.instavin.com/order'

2018-06-01 10:09:49 - [TEST_STEP][PASSED] - navigateToUrl: Navigate to 'https://dev-front.instavin.com/order' successfully

2018-06-01 10:09:50 - [MESSAGE][PASSED] - Navigate to 'https://dev-front.instavin.com/order' successfully

2018-06-01 10:09:50 - [TEST_STEP][PASSED] - waitForElementVisible: Object 'Object Repository/LoggedInReactPages/Order (react)/instaVINProducts_Label' is visible

2018-06-01 10:09:50 - [MESSAGE][WARNING] - Timeout '0' is invalid. Using default page load timeout: '30'

2018-06-01 10:09:50 - [MESSAGE][PASSED] - Object 'Object Repository/LoggedInReactPages/Order (react)/instaVINProducts_Label' is visible

2018-06-01 10:09:50 - [TEST_STEP][PASSED] - verifyElementText: Actual text and expected text of test object 'Object Repository/LoggedInReactPages/Order (react)/VtrPrice1' are matched.

2018-06-01 10:09:50 - [MESSAGE][PASSED] - Actual text and expected text of test object 'Object Repository/LoggedInReactPages/Order (react)/VtrPrice1' are matched.

2018-06-01 10:09:50 - [TEST_STEP][PASSED] - verifyElementText: Actual text and expected text of test object 'Object Repository/LoggedInReactPages/Order (react)/VtrPrice10' are matched.

2018-06-01 10:09:50 - [MESSAGE][PASSED] - Actual text and expected text of test object 'Object Repository/LoggedInReactPages/Order (react)/VtrPrice10' are matched.

2018-06-01 10:09:50 - [TEST_STEP][PASSED] - verifyElementText: Actual text and expected text of test object 'Object Repository/LoggedInReactPages/Order (react)/VtrPrice50' are matched.

2018-06-01 10:09:50 - [MESSAGE][PASSED] - Actual text and expected text of test object 'Object Repository/LoggedInReactPages/Order (react)/VtrPrice50' are matched.

2018-06-01 10:09:50 - [TEST_STEP][PASSED] - closeBrowser: Browser is closed

2018-06-01 10:09:51 - [MESSAGE][PASSED] - Browser is closed]]></system-out>
         <system-err><![CDATA[]]></system-err>
      </testcase>
      <testcase name="Test Cases/LoginEmptyEmail" classname="Test Cases/LoginEmptyEmail" status="PASSED">
         <system-out><![CDATA[2018-06-01 10:09:51 - [TEST_CASE][PASSED] - Test Cases/LoginEmptyEmail: Test Cases/LoginEmptyEmail

2018-06-01 10:09:51 - [TEST_STEP][PASSED] - openBrowser: Browser is opened with url: ''

2018-06-01 10:09:53 - [MESSAGE][PASSED] - Browser is opened with url: ''

2018-06-01 10:09:53 - [TEST_STEP][PASSED] - maximizeWindow: Current window maximized

2018-06-01 10:09:55 - [MESSAGE][PASSED] - Current window maximized

2018-06-01 10:09:55 - [TEST_STEP][PASSED] - navigateToUrl: Navigate to 'https://dev-front.instavin.com/' successfully

2018-06-01 10:09:57 - [MESSAGE][PASSED] - Navigate to 'https://dev-front.instavin.com/' successfully

2018-06-01 10:09:57 - [TEST_STEP][PASSED] - mouseOver: Object: 'Object Repository/LoggedOutReactPages/CommonElements/SignIn_Label' is hovered

2018-06-01 10:09:57 - [MESSAGE][PASSED] - Object: 'Object Repository/LoggedOutReactPages/CommonElements/SignIn_Label' is hovered

2018-06-01 10:09:57 - [TEST_STEP][PASSED] - verifyElementVisible: Object 'Object Repository/LoggedOutReactPages/CommonElements/SignIn_Button' is visible

2018-06-01 10:09:57 - [MESSAGE][PASSED] - Object 'Object Repository/LoggedOutReactPages/CommonElements/SignIn_Button' is visible

2018-06-01 10:09:57 - [TEST_STEP][PASSED] - verifyElementVisible: Object 'Object Repository/LoggedOutReactPages/CommonElements/ForgotPassword_Link' is visible

2018-06-01 10:09:57 - [MESSAGE][PASSED] - Object 'Object Repository/LoggedOutReactPages/CommonElements/ForgotPassword_Link' is visible

2018-06-01 10:09:57 - [TEST_STEP][PASSED] - setText: Text '' is set on object 'Object Repository/LoggedOutReactPages/CommonElements/Email_input'

2018-06-01 10:09:57 - [MESSAGE][PASSED] - Text '' is set on object 'Object Repository/LoggedOutReactPages/CommonElements/Email_input'

2018-06-01 10:09:57 - [TEST_STEP][PASSED] - setText: Text 'WrongPassword' is set on object 'Object Repository/LoggedOutReactPages/CommonElements/Password_input'

2018-06-01 10:09:57 - [MESSAGE][PASSED] - Text 'WrongPassword' is set on object 'Object Repository/LoggedOutReactPages/CommonElements/Password_input'

2018-06-01 10:09:57 - [TEST_STEP][PASSED] - click: Object: 'Object Repository/LoggedOutReactPages/CommonElements/SignIn_Button' is clicked on

2018-06-01 10:09:57 - [MESSAGE][PASSED] - Object: 'Object Repository/LoggedOutReactPages/CommonElements/SignIn_Button' is clicked on

2018-06-01 10:09:57 - [TEST_STEP][PASSED] - verifyElementPresent: Object 'Object Repository/LoggedOutReactPages/CommonElements/SignInErrors_Area' is present

2018-06-01 10:09:57 - [MESSAGE][WARNING] - Timeout '0' is invalid. Using default page load timeout: '30'

2018-06-01 10:09:57 - [MESSAGE][PASSED] - Object 'Object Repository/LoggedOutReactPages/CommonElements/SignInErrors_Area' is present

2018-06-01 10:09:57 - [TEST_STEP][PASSED] - waitForElementVisible: Object 'Object Repository/LoggedOutReactPages/CommonElements/SignInErrors_Area' is visible

2018-06-01 10:09:57 - [MESSAGE][WARNING] - Timeout '0' is invalid. Using default page load timeout: '30'

2018-06-01 10:09:57 - [MESSAGE][PASSED] - Object 'Object Repository/LoggedOutReactPages/CommonElements/SignInErrors_Area' is visible

2018-06-01 10:09:57 - [TEST_STEP][PASSED] - verifyElementText: Actual text and expected text of test object 'Object Repository/LoggedOutReactPages/CommonElements/SignInErrors_Area' are matched.

2018-06-01 10:09:57 - [MESSAGE][PASSED] - Actual text and expected text of test object 'Object Repository/LoggedOutReactPages/CommonElements/SignInErrors_Area' are matched.

2018-06-01 10:09:57 - [TEST_STEP][PASSED] - verifyElementAttributeValue: Object 'Object Repository/LoggedOutReactPages/CommonElements/Email_input' has attribute 'class' with value 'error'

2018-06-01 10:09:58 - [MESSAGE][WARNING] - Timeout '0' is invalid. Using default page load timeout: '30'

2018-06-01 10:09:58 - [MESSAGE][PASSED] - Object 'Object Repository/LoggedOutReactPages/CommonElements/Email_input' has attribute 'class' with value 'error'

2018-06-01 10:09:58 - [TEST_STEP][PASSED] - closeBrowser: Browser is closed

2018-06-01 10:09:58 - [MESSAGE][PASSED] - Browser is closed]]></system-out>
         <system-err><![CDATA[]]></system-err>
      </testcase>
      <testcase name="Test Cases/LoginWrongPass" classname="Test Cases/LoginWrongPass" status="PASSED">
         <system-out><![CDATA[2018-06-01 10:09:58 - [TEST_CASE][PASSED] - Test Cases/LoginWrongPass: Test Cases/LoginWrongPass

2018-06-01 10:09:58 - [TEST_STEP][PASSED] - openBrowser: Browser is opened with url: ''

2018-06-01 10:10:01 - [MESSAGE][PASSED] - Browser is opened with url: ''

2018-06-01 10:10:01 - [TEST_STEP][PASSED] - maximizeWindow: Current window maximized

2018-06-01 10:10:02 - [MESSAGE][PASSED] - Current window maximized

2018-06-01 10:10:02 - [TEST_STEP][PASSED] - navigateToUrl: Navigate to 'https://dev-front.instavin.com/' successfully

2018-06-01 10:10:04 - [MESSAGE][PASSED] - Navigate to 'https://dev-front.instavin.com/' successfully

2018-06-01 10:10:04 - [TEST_STEP][PASSED] - mouseOver: Object: 'Object Repository/LoggedOutReactPages/CommonElements/SignIn_Label' is hovered

2018-06-01 10:10:04 - [MESSAGE][PASSED] - Object: 'Object Repository/LoggedOutReactPages/CommonElements/SignIn_Label' is hovered

2018-06-01 10:10:04 - [TEST_STEP][PASSED] - verifyElementVisible: Object 'Object Repository/LoggedOutReactPages/CommonElements/SignIn_Button' is visible

2018-06-01 10:10:04 - [MESSAGE][PASSED] - Object 'Object Repository/LoggedOutReactPages/CommonElements/SignIn_Button' is visible

2018-06-01 10:10:04 - [TEST_STEP][PASSED] - verifyElementVisible: Object 'Object Repository/LoggedOutReactPages/CommonElements/ForgotPassword_Link' is visible

2018-06-01 10:10:04 - [MESSAGE][PASSED] - Object 'Object Repository/LoggedOutReactPages/CommonElements/ForgotPassword_Link' is visible

2018-06-01 10:10:04 - [TEST_STEP][PASSED] - setText: Text 'consumer1@mailinator.com' is set on object 'Object Repository/LoggedOutReactPages/CommonElements/Email_input'

2018-06-01 10:10:05 - [MESSAGE][PASSED] - Text 'consumer1@mailinator.com' is set on object 'Object Repository/LoggedOutReactPages/CommonElements/Email_input'

2018-06-01 10:10:05 - [TEST_STEP][PASSED] - setText: Text '222' is set on object 'Object Repository/LoggedOutReactPages/CommonElements/Password_input'

2018-06-01 10:10:05 - [MESSAGE][PASSED] - Text '222' is set on object 'Object Repository/LoggedOutReactPages/CommonElements/Password_input'

2018-06-01 10:10:05 - [TEST_STEP][PASSED] - click: Object: 'Object Repository/LoggedOutReactPages/CommonElements/SignIn_Button' is clicked on

2018-06-01 10:10:05 - [MESSAGE][PASSED] - Object: 'Object Repository/LoggedOutReactPages/CommonElements/SignIn_Button' is clicked on

2018-06-01 10:10:05 - [TEST_STEP][PASSED] - verifyElementPresent: Object 'Object Repository/LoggedOutReactPages/CommonElements/SignInErrors_Area' is present

2018-06-01 10:10:05 - [MESSAGE][WARNING] - Timeout '0' is invalid. Using default page load timeout: '30'

2018-06-01 10:10:06 - [MESSAGE][PASSED] - Object 'Object Repository/LoggedOutReactPages/CommonElements/SignInErrors_Area' is present

2018-06-01 10:10:06 - [TEST_STEP][PASSED] - waitForElementVisible: Object 'Object Repository/LoggedOutReactPages/CommonElements/SignInErrors_Area' is visible

2018-06-01 10:10:06 - [MESSAGE][WARNING] - Timeout '0' is invalid. Using default page load timeout: '30'

2018-06-01 10:10:06 - [MESSAGE][PASSED] - Object 'Object Repository/LoggedOutReactPages/CommonElements/SignInErrors_Area' is visible

2018-06-01 10:10:06 - [TEST_STEP][PASSED] - verifyElementText: Actual text and expected text of test object 'Object Repository/LoggedOutReactPages/CommonElements/SignInErrors_Area' are matched.

2018-06-01 10:10:06 - [MESSAGE][PASSED] - Actual text and expected text of test object 'Object Repository/LoggedOutReactPages/CommonElements/SignInErrors_Area' are matched.

2018-06-01 10:10:06 - [TEST_STEP][PASSED] - closeBrowser: Browser is closed

2018-06-01 10:10:06 - [MESSAGE][PASSED] - Browser is closed]]></system-out>
         <system-err><![CDATA[]]></system-err>
      </testcase>
      <testcase name="Test Cases/LoginSuccess" classname="Test Cases/LoginSuccess" status="PASSED">
         <system-out><![CDATA[2018-06-01 10:10:06 - [TEST_CASE][PASSED] - Test Cases/LoginSuccess: Test Cases/LoginSuccess

2018-06-01 10:10:07 - [TEST_STEP][PASSED] - openBrowser: Browser is opened with url: ''

2018-06-01 10:10:09 - [MESSAGE][PASSED] - Browser is opened with url: ''

2018-06-01 10:10:09 - [TEST_STEP][PASSED] - maximizeWindow: Current window maximized

2018-06-01 10:10:10 - [MESSAGE][PASSED] - Current window maximized

2018-06-01 10:10:10 - [TEST_STEP][PASSED] - navigateToUrl: Navigate to 'https://dev-front.instavin.com/' successfully

2018-06-01 10:10:12 - [MESSAGE][PASSED] - Navigate to 'https://dev-front.instavin.com/' successfully

2018-06-01 10:10:12 - [TEST_STEP][PASSED] - verifyElementPresent: Object 'Object Repository/LoggedOutReactPages/CommonElements/SignIn_Label' is present

2018-06-01 10:10:12 - [MESSAGE][WARNING] - Timeout '0' is invalid. Using default page load timeout: '30'

2018-06-01 10:10:12 - [MESSAGE][PASSED] - Object 'Object Repository/LoggedOutReactPages/CommonElements/SignIn_Label' is present

2018-06-01 10:10:12 - [TEST_STEP][PASSED] - mouseOver: Object: 'Object Repository/LoggedOutReactPages/CommonElements/SignIn_Label' is hovered

2018-06-01 10:10:12 - [MESSAGE][PASSED] - Object: 'Object Repository/LoggedOutReactPages/CommonElements/SignIn_Label' is hovered

2018-06-01 10:10:12 - [TEST_STEP][PASSED] - verifyElementVisible: Object 'Object Repository/LoggedOutReactPages/CommonElements/SignIn_Label' is visible

2018-06-01 10:10:13 - [MESSAGE][PASSED] - Object 'Object Repository/LoggedOutReactPages/CommonElements/SignIn_Label' is visible

2018-06-01 10:10:13 - [TEST_STEP][PASSED] - verifyElementVisible: Object 'Object Repository/LoggedOutReactPages/CommonElements/ForgotPassword_Link' is visible

2018-06-01 10:10:13 - [MESSAGE][PASSED] - Object 'Object Repository/LoggedOutReactPages/CommonElements/ForgotPassword_Link' is visible

2018-06-01 10:10:13 - [TEST_STEP][PASSED] - setText: Text 'consumer1@mailinator.com' is set on object 'Object Repository/LoggedOutReactPages/CommonElements/Email_input'

2018-06-01 10:10:13 - [MESSAGE][PASSED] - Text 'consumer1@mailinator.com' is set on object 'Object Repository/LoggedOutReactPages/CommonElements/Email_input'

2018-06-01 10:10:13 - [TEST_STEP][PASSED] - setText: Text '111111' is set on object 'Object Repository/LoggedOutReactPages/CommonElements/Password_input'

2018-06-01 10:10:13 - [MESSAGE][PASSED] - Text '111111' is set on object 'Object Repository/LoggedOutReactPages/CommonElements/Password_input'

2018-06-01 10:10:13 - [TEST_STEP][PASSED] - click: Object: 'Object Repository/LoggedOutReactPages/CommonElements/SignIn_Button' is clicked on

2018-06-01 10:10:13 - [MESSAGE][PASSED] - Object: 'Object Repository/LoggedOutReactPages/CommonElements/SignIn_Button' is clicked on

2018-06-01 10:10:13 - [TEST_STEP][PASSED] - waitForElementVisible: Object 'Object Repository/LoggedInReactPages/Dashboard/Dashboard_Header' is visible

2018-06-01 10:10:13 - [MESSAGE][WARNING] - Timeout '0' is invalid. Using default page load timeout: '30'

2018-06-01 10:10:15 - [MESSAGE][PASSED] - Object 'Object Repository/LoggedInReactPages/Dashboard/Dashboard_Header' is visible

2018-06-01 10:10:15 - [TEST_STEP][PASSED] - Statement - LoginRedirect = com.kms.katalon.core.webui.keyword.WebUiBuiltInKeywords.getUrl(): Current window's url is: 'https://dev-front.instavin.com/my-account'

2018-06-01 10:10:15 - [MESSAGE][PASSED] - Current window's url is: 'https://dev-front.instavin.com/my-account'

2018-06-01 10:10:15 - [TEST_STEP][PASSED] - Statement - ExpectedLoginRedirect = com.kms.katalon.core.webui.keyword.WebUiBuiltInKeywords.concatenate([StagingReact, "my-account"]): Concatenated string array: '['https://dev-front.instavin.com/','my-account']' into 'https://dev-front.instavin.com/my-account'

2018-06-01 10:10:15 - [MESSAGE][PASSED] - Concatenated string array: '['https://dev-front.instavin.com/','my-account']' into 'https://dev-front.instavin.com/my-account'

2018-06-01 10:10:15 - [TEST_STEP][PASSED] - verifyMatch: Actual text 'https://dev-front.instavin.com/my-account' and expected text 'https://dev-front.instavin.com/my-account' are matched 

2018-06-01 10:10:15 - [MESSAGE][PASSED] - Actual text 'https://dev-front.instavin.com/my-account' and expected text 'https://dev-front.instavin.com/my-account' are matched 

2018-06-01 10:10:15 - [TEST_STEP][PASSED] - verifyElementAttributeValue: Object 'Object Repository/LoggedInReactPages/MyAccount/DashboardSideMenu_Tab' has attribute 'class' with value 'SideMenuTab ActiveSideMenu'

2018-06-01 10:10:15 - [MESSAGE][WARNING] - Timeout '0' is invalid. Using default page load timeout: '30'

2018-06-01 10:10:15 - [MESSAGE][PASSED] - Object 'Object Repository/LoggedInReactPages/MyAccount/DashboardSideMenu_Tab' has attribute 'class' with value 'SideMenuTab ActiveSideMenu'

2018-06-01 10:10:15 - [TEST_STEP][PASSED] - mouseOver: Object: 'Object Repository/LoggedInReactPages/MyAccount/MyAccount_Label' is hovered

2018-06-01 10:10:15 - [MESSAGE][PASSED] - Object: 'Object Repository/LoggedInReactPages/MyAccount/MyAccount_Label' is hovered

2018-06-01 10:10:15 - [TEST_STEP][PASSED] - verifyElementPresent: Object 'Object Repository/LoggedInReactPages/MyAccount/DropdownLogout' is present

2018-06-01 10:10:15 - [MESSAGE][PASSED] - Object 'Object Repository/LoggedInReactPages/MyAccount/DropdownLogout' is present

2018-06-01 10:10:15 - [TEST_STEP][PASSED] - closeBrowser: Browser is closed

2018-06-01 10:10:15 - [MESSAGE][PASSED] - Browser is closed]]></system-out>
         <system-err><![CDATA[]]></system-err>
      </testcase>
      <testcase name="Test Cases/BillingInfo - CheckCurrentCard" classname="Test Cases/BillingInfo - CheckCurrentCard" status="PASSED">
         <system-out><![CDATA[2018-06-01 10:10:15 - [TEST_CASE][PASSED] - Test Cases/BillingInfo - CheckCurrentCard: Test Cases/BillingInfo - CheckCurrentCard

2018-06-01 10:10:16 - [TEST_STEP][PASSED] - callTestCase: Call Test Case 'Test Cases/Base Tests/LoginBaseTest' successfully

2018-06-01 10:10:16 - [TEST_CASE][PASSED] - Test Cases/Base Tests/LoginBaseTest: Test Cases/Base Tests/LoginBaseTest

2018-06-01 10:10:16 - [TEST_STEP][PASSED] - openBrowser: Browser is opened with url: ''

2018-06-01 10:10:18 - [MESSAGE][PASSED] - Browser is opened with url: ''

2018-06-01 10:10:18 - [TEST_STEP][PASSED] - maximizeWindow: Current window maximized

2018-06-01 10:10:19 - [MESSAGE][PASSED] - Current window maximized

2018-06-01 10:10:19 - [TEST_STEP][PASSED] - navigateToUrl: Navigate to 'https://dev-front.instavin.com/' successfully

2018-06-01 10:10:21 - [MESSAGE][PASSED] - Navigate to 'https://dev-front.instavin.com/' successfully

2018-06-01 10:10:21 - [TEST_STEP][PASSED] - mouseOver: Object: 'Object Repository/LoggedOutReactPages/CommonElements/SignIn_Label' is hovered

2018-06-01 10:10:21 - [MESSAGE][PASSED] - Object: 'Object Repository/LoggedOutReactPages/CommonElements/SignIn_Label' is hovered

2018-06-01 10:10:21 - [TEST_STEP][PASSED] - verifyElementVisible: Object 'Object Repository/LoggedOutReactPages/CommonElements/SignIn_Button' is visible

2018-06-01 10:10:21 - [MESSAGE][PASSED] - Object 'Object Repository/LoggedOutReactPages/CommonElements/SignIn_Button' is visible

2018-06-01 10:10:21 - [TEST_STEP][PASSED] - setText: Text 'consumer1@mailinator.com' is set on object 'Object Repository/LoggedOutReactPages/CommonElements/Email_input'

2018-06-01 10:10:22 - [MESSAGE][PASSED] - Text 'consumer1@mailinator.com' is set on object 'Object Repository/LoggedOutReactPages/CommonElements/Email_input'

2018-06-01 10:10:22 - [TEST_STEP][PASSED] - setText: Text '111111' is set on object 'Object Repository/LoggedOutReactPages/CommonElements/Password_input'

2018-06-01 10:10:22 - [MESSAGE][PASSED] - Text '111111' is set on object 'Object Repository/LoggedOutReactPages/CommonElements/Password_input'

2018-06-01 10:10:22 - [TEST_STEP][PASSED] - click: Object: 'Object Repository/LoggedOutReactPages/CommonElements/SignIn_Button' is clicked on

2018-06-01 10:10:22 - [MESSAGE][PASSED] - Object: 'Object Repository/LoggedOutReactPages/CommonElements/SignIn_Button' is clicked on

2018-06-01 10:10:22 - [MESSAGE][PASSED] - Call Test Case 'Test Cases/Base Tests/LoginBaseTest' successfully

2018-06-01 10:10:22 - [TEST_STEP][PASSED] - verifyElementVisible: Object 'Object Repository/LoggedInReactPages/MyAccount/Account_Header' is visible

2018-06-01 10:10:23 - [MESSAGE][PASSED] - Object 'Object Repository/LoggedInReactPages/MyAccount/Account_Header' is visible

2018-06-01 10:10:23 - [TEST_STEP][PASSED] - Statement - HeaderText = com.kms.katalon.core.webui.keyword.WebUiBuiltInKeywords.concatenate(["For ", FirstName, " ", LastName], STOP_ON_FAILURE): Concatenated string array: '['For ','Uno',' ','Consumer']' into 'For Uno Consumer'

2018-06-01 10:10:23 - [MESSAGE][PASSED] - Concatenated string array: '['For ','Uno',' ','Consumer']' into 'For Uno Consumer'

2018-06-01 10:10:23 - [TEST_STEP][PASSED] - verifyElementText: Actual text and expected text of test object 'Object Repository/LoggedInReactPages/MyAccount/Account_Header' are matched.

2018-06-01 10:10:23 - [MESSAGE][PASSED] - Actual text and expected text of test object 'Object Repository/LoggedInReactPages/MyAccount/Account_Header' are matched.

2018-06-01 10:10:23 - [TEST_STEP][PASSED] - click: Object: 'Object Repository/LoggedInReactPages/BillingInfo/BillingInfoSideMenu_Link' is clicked on

2018-06-01 10:10:24 - [MESSAGE][PASSED] - Object: 'Object Repository/LoggedInReactPages/BillingInfo/BillingInfoSideMenu_Link' is clicked on

2018-06-01 10:10:24 - [TEST_STEP][PASSED] - waitForElementVisible: Object 'Object Repository/LoggedInReactPages/MyAccount/BillingInfoSideMenu_Tab' is visible

2018-06-01 10:10:24 - [MESSAGE][WARNING] - Timeout '0' is invalid. Using default page load timeout: '30'

2018-06-01 10:10:24 - [MESSAGE][PASSED] - Object 'Object Repository/LoggedInReactPages/MyAccount/BillingInfoSideMenu_Tab' is visible

2018-06-01 10:10:24 - [TEST_STEP][PASSED] - waitForElementVisible: Object 'Object Repository/LoggedInReactPages/BillingInfo/VisaImage' is visible

2018-06-01 10:10:24 - [MESSAGE][WARNING] - Timeout '0' is invalid. Using default page load timeout: '30'

2018-06-01 10:10:25 - [MESSAGE][PASSED] - Object 'Object Repository/LoggedInReactPages/BillingInfo/VisaImage' is visible

2018-06-01 10:10:25 - [TEST_STEP][PASSED] - verifyTextPresent: Text '•••• •••• •••• 2224' is present on page 

2018-06-01 10:10:25 - [MESSAGE][PASSED] - Text '•••• •••• •••• 2224' is present on page 

2018-06-01 10:10:25 - [TEST_STEP][PASSED] - closeBrowser: Browser is closed

2018-06-01 10:10:25 - [MESSAGE][PASSED] - Browser is closed]]></system-out>
         <system-err><![CDATA[]]></system-err>
      </testcase>
      <testcase name="Test Cases/CheckVINfromHomeLoggedIn - EmptyVIN" classname="Test Cases/CheckVINfromHomeLoggedIn - EmptyVIN" status="PASSED">
         <system-out><![CDATA[2018-06-01 10:10:25 - [TEST_CASE][PASSED] - Test Cases/CheckVINfromHomeLoggedIn - EmptyVIN: Test Cases/CheckVINfromHomeLoggedIn - EmptyVIN

2018-06-01 10:10:26 - [TEST_STEP][PASSED] - callTestCase: Call Test Case 'Test Cases/Base Tests/LoginBaseTest' successfully

2018-06-01 10:10:26 - [TEST_CASE][PASSED] - Test Cases/Base Tests/LoginBaseTest: Test Cases/Base Tests/LoginBaseTest

2018-06-01 10:10:26 - [TEST_STEP][PASSED] - openBrowser: Browser is opened with url: ''

2018-06-01 10:10:28 - [MESSAGE][PASSED] - Browser is opened with url: ''

2018-06-01 10:10:28 - [TEST_STEP][PASSED] - maximizeWindow: Current window maximized

2018-06-01 10:10:29 - [MESSAGE][PASSED] - Current window maximized

2018-06-01 10:10:29 - [TEST_STEP][PASSED] - navigateToUrl: Navigate to 'https://dev-front.instavin.com/' successfully

2018-06-01 10:10:31 - [MESSAGE][PASSED] - Navigate to 'https://dev-front.instavin.com/' successfully

2018-06-01 10:10:31 - [TEST_STEP][PASSED] - mouseOver: Object: 'Object Repository/LoggedOutReactPages/CommonElements/SignIn_Label' is hovered

2018-06-01 10:10:31 - [MESSAGE][PASSED] - Object: 'Object Repository/LoggedOutReactPages/CommonElements/SignIn_Label' is hovered

2018-06-01 10:10:31 - [TEST_STEP][PASSED] - verifyElementVisible: Object 'Object Repository/LoggedOutReactPages/CommonElements/SignIn_Button' is visible

2018-06-01 10:10:31 - [MESSAGE][PASSED] - Object 'Object Repository/LoggedOutReactPages/CommonElements/SignIn_Button' is visible

2018-06-01 10:10:31 - [TEST_STEP][PASSED] - setText: Text 'consumer1@mailinator.com' is set on object 'Object Repository/LoggedOutReactPages/CommonElements/Email_input'

2018-06-01 10:10:32 - [MESSAGE][PASSED] - Text 'consumer1@mailinator.com' is set on object 'Object Repository/LoggedOutReactPages/CommonElements/Email_input'

2018-06-01 10:10:32 - [TEST_STEP][PASSED] - setText: Text '111111' is set on object 'Object Repository/LoggedOutReactPages/CommonElements/Password_input'

2018-06-01 10:10:32 - [MESSAGE][PASSED] - Text '111111' is set on object 'Object Repository/LoggedOutReactPages/CommonElements/Password_input'

2018-06-01 10:10:32 - [TEST_STEP][PASSED] - click: Object: 'Object Repository/LoggedOutReactPages/CommonElements/SignIn_Button' is clicked on

2018-06-01 10:10:32 - [MESSAGE][PASSED] - Object: 'Object Repository/LoggedOutReactPages/CommonElements/SignIn_Button' is clicked on

2018-06-01 10:10:32 - [MESSAGE][PASSED] - Call Test Case 'Test Cases/Base Tests/LoginBaseTest' successfully

2018-06-01 10:10:32 - [TEST_STEP][PASSED] - verifyElementVisible: Object 'Object Repository/LoggedInReactPages/MyAccount/Account_Header' is visible

2018-06-01 10:10:33 - [MESSAGE][PASSED] - Object 'Object Repository/LoggedInReactPages/MyAccount/Account_Header' is visible

2018-06-01 10:10:33 - [TEST_STEP][PASSED] - navigateToUrl: Navigate to 'https://dev-front.instavin.com/' successfully

2018-06-01 10:10:34 - [MESSAGE][PASSED] - Navigate to 'https://dev-front.instavin.com/' successfully

2018-06-01 10:10:34 - [TEST_STEP][PASSED] - waitForElementPresent: Object 'Object Repository/LoggedOutReactPages/HomeLoggedOut/EnterVIN_input' is present

2018-06-01 10:10:34 - [MESSAGE][WARNING] - Timeout '0' is invalid. Using default page load timeout: '30'

2018-06-01 10:10:34 - [MESSAGE][PASSED] - Object 'Object Repository/LoggedOutReactPages/HomeLoggedOut/EnterVIN_input' is present

2018-06-01 10:10:34 - [TEST_STEP][PASSED] - verifyElementAttributeValue: Object 'Object Repository/LoggedOutReactPages/HomeLoggedOut/EnterVIN_input' has attribute 'placeholder' with value 'ENTER VIN NUMBER'

2018-06-01 10:10:34 - [MESSAGE][WARNING] - Timeout '0' is invalid. Using default page load timeout: '30'

2018-06-01 10:10:34 - [MESSAGE][PASSED] - Object 'Object Repository/LoggedOutReactPages/HomeLoggedOut/EnterVIN_input' has attribute 'placeholder' with value 'ENTER VIN NUMBER'

2018-06-01 10:10:34 - [TEST_STEP][PASSED] - setText: Text '' is set on object 'Object Repository/LoggedOutReactPages/HomeLoggedOut/EnterVIN_input'

2018-06-01 10:10:34 - [MESSAGE][PASSED] - Text '' is set on object 'Object Repository/LoggedOutReactPages/HomeLoggedOut/EnterVIN_input'

2018-06-01 10:10:34 - [TEST_STEP][PASSED] - click: Object: 'Object Repository/LoggedOutReactPages/HomeLoggedOut/SubmitVinArrow_Button' is clicked on

2018-06-01 10:10:35 - [MESSAGE][PASSED] - Object: 'Object Repository/LoggedOutReactPages/HomeLoggedOut/SubmitVinArrow_Button' is clicked on

2018-06-01 10:10:35 - [TEST_STEP][PASSED] - waitForElementVisible: Object 'Object Repository/LoggedInReactPages/Order (react)/instaVINProducts_Label' is visible

2018-06-01 10:10:35 - [MESSAGE][WARNING] - Timeout '0' is invalid. Using default page load timeout: '30'

2018-06-01 10:10:35 - [MESSAGE][PASSED] - Object 'Object Repository/LoggedInReactPages/Order (react)/instaVINProducts_Label' is visible

2018-06-01 10:10:35 - [TEST_STEP][PASSED] - verifyElementPresent: Object 'Object Repository/LoggedInReactPages/Order (react)/MyAccount_Label' is present

2018-06-01 10:10:35 - [MESSAGE][WARNING] - Timeout '0' is invalid. Using default page load timeout: '30'

2018-06-01 10:10:35 - [MESSAGE][PASSED] - Object 'Object Repository/LoggedInReactPages/Order (react)/MyAccount_Label' is present

2018-06-01 10:10:35 - [TEST_STEP][PASSED] - verifyElementNotPresent: Web element with id: 'Object Repository/LoggedInReactPages/Order (react)/ChangeVIN_Cross' located by 'By.xpath: //div[@class='CloseButton']' is not present after '30' second(s)

2018-06-01 10:10:35 - [MESSAGE][WARNING] - Timeout '0' is invalid. Using default page load timeout: '30'

2018-06-01 10:10:35 - [MESSAGE][PASSED] - Web element with id: 'Object Repository/LoggedInReactPages/Order (react)/ChangeVIN_Cross' located by 'By.xpath: //div[@class='CloseButton']' is not present after '30' second(s)

2018-06-01 10:10:35 - [TEST_STEP][PASSED] - verifyElementNotPresent: Web element with id: 'Object Repository/LoggedInReactPages/Order (react)/VINdisplayed' located by 'By.xpath: //span[@id='VehicleSummary_Vin']' is not present after '30' second(s)

2018-06-01 10:10:35 - [MESSAGE][WARNING] - Timeout '0' is invalid. Using default page load timeout: '30'

2018-06-01 10:10:35 - [MESSAGE][PASSED] - Web element with id: 'Object Repository/LoggedInReactPages/Order (react)/VINdisplayed' located by 'By.xpath: //span[@id='VehicleSummary_Vin']' is not present after '30' second(s)

2018-06-01 10:10:35 - [TEST_STEP][PASSED] - verifyElementText: Actual text and expected text of test object 'Object Repository/LoggedInReactPages/Order (react)/RecordsAreAvailable_Alert' are matched.

2018-06-01 10:10:35 - [MESSAGE][PASSED] - Actual text and expected text of test object 'Object Repository/LoggedInReactPages/Order (react)/RecordsAreAvailable_Alert' are matched.

2018-06-01 10:10:35 - [TEST_STEP][PASSED] - verifyElementVisible: Object 'Object Repository/LoggedInReactPages/Order (react)/VINCheckForm_EnterVINInput' is visible

2018-06-01 10:10:35 - [MESSAGE][PASSED] - Object 'Object Repository/LoggedInReactPages/Order (react)/VINCheckForm_EnterVINInput' is visible

2018-06-01 10:10:35 - [TEST_STEP][PASSED] - verifyElementAttributeValue: Object 'Object Repository/LoggedInReactPages/Order (react)/VINCheckForm_EnterVINInput' has attribute 'value' with value ''

2018-06-01 10:10:35 - [MESSAGE][WARNING] - Timeout '0' is invalid. Using default page load timeout: '30'

2018-06-01 10:10:35 - [MESSAGE][PASSED] - Object 'Object Repository/LoggedInReactPages/Order (react)/VINCheckForm_EnterVINInput' has attribute 'value' with value ''

2018-06-01 10:10:35 - [TEST_STEP][PASSED] - verifyElementNotPresent: Web element with id: 'Object Repository/LoggedInReactPages/Order (react)/OrderNow_OrangeButton' located by 'By.xpath: //button[@class='btn btn-default HasRightIcon orderButtonSmall']' is not present after '30' second(s)

2018-06-01 10:10:35 - [MESSAGE][WARNING] - Timeout '0' is invalid. Using default page load timeout: '30'

2018-06-01 10:10:35 - [MESSAGE][PASSED] - Web element with id: 'Object Repository/LoggedInReactPages/Order (react)/OrderNow_OrangeButton' located by 'By.xpath: //button[@class='btn btn-default HasRightIcon orderButtonSmall']' is not present after '30' second(s)

2018-06-01 10:10:35 - [TEST_STEP][PASSED] - closeBrowser: Browser is closed

2018-06-01 10:10:36 - [MESSAGE][PASSED] - Browser is closed]]></system-out>
         <system-err><![CDATA[]]></system-err>
      </testcase>
      <testcase name="Test Cases/CheckVINfromHomeLoggedIn - NoSticker" classname="Test Cases/CheckVINfromHomeLoggedIn - NoSticker" status="PASSED">
         <system-out><![CDATA[2018-06-01 10:10:36 - [TEST_CASE][PASSED] - Test Cases/CheckVINfromHomeLoggedIn - NoSticker: Test Cases/CheckVINfromHomeLoggedIn - NoSticker

2018-06-01 10:10:36 - [TEST_STEP][PASSED] - callTestCase: Call Test Case 'Test Cases/Base Tests/LoginBaseTest' successfully

2018-06-01 10:10:36 - [TEST_CASE][PASSED] - Test Cases/Base Tests/LoginBaseTest: Test Cases/Base Tests/LoginBaseTest

2018-06-01 10:10:36 - [TEST_STEP][PASSED] - openBrowser: Browser is opened with url: ''

2018-06-01 10:10:38 - [MESSAGE][PASSED] - Browser is opened with url: ''

2018-06-01 10:10:38 - [TEST_STEP][PASSED] - maximizeWindow: Current window maximized

2018-06-01 10:10:39 - [MESSAGE][PASSED] - Current window maximized

2018-06-01 10:10:39 - [TEST_STEP][PASSED] - navigateToUrl: Navigate to 'https://dev-front.instavin.com/' successfully

2018-06-01 10:10:41 - [MESSAGE][PASSED] - Navigate to 'https://dev-front.instavin.com/' successfully

2018-06-01 10:10:41 - [TEST_STEP][PASSED] - mouseOver: Object: 'Object Repository/LoggedOutReactPages/CommonElements/SignIn_Label' is hovered

2018-06-01 10:10:41 - [MESSAGE][PASSED] - Object: 'Object Repository/LoggedOutReactPages/CommonElements/SignIn_Label' is hovered

2018-06-01 10:10:41 - [TEST_STEP][PASSED] - verifyElementVisible: Object 'Object Repository/LoggedOutReactPages/CommonElements/SignIn_Button' is visible

2018-06-01 10:10:41 - [MESSAGE][PASSED] - Object 'Object Repository/LoggedOutReactPages/CommonElements/SignIn_Button' is visible

2018-06-01 10:10:41 - [TEST_STEP][PASSED] - setText: Text 'consumer1@mailinator.com' is set on object 'Object Repository/LoggedOutReactPages/CommonElements/Email_input'

2018-06-01 10:10:42 - [MESSAGE][PASSED] - Text 'consumer1@mailinator.com' is set on object 'Object Repository/LoggedOutReactPages/CommonElements/Email_input'

2018-06-01 10:10:42 - [TEST_STEP][PASSED] - setText: Text '111111' is set on object 'Object Repository/LoggedOutReactPages/CommonElements/Password_input'

2018-06-01 10:10:42 - [MESSAGE][PASSED] - Text '111111' is set on object 'Object Repository/LoggedOutReactPages/CommonElements/Password_input'

2018-06-01 10:10:42 - [TEST_STEP][PASSED] - click: Object: 'Object Repository/LoggedOutReactPages/CommonElements/SignIn_Button' is clicked on

2018-06-01 10:10:42 - [MESSAGE][PASSED] - Object: 'Object Repository/LoggedOutReactPages/CommonElements/SignIn_Button' is clicked on

2018-06-01 10:10:42 - [MESSAGE][PASSED] - Call Test Case 'Test Cases/Base Tests/LoginBaseTest' successfully

2018-06-01 10:10:42 - [TEST_STEP][PASSED] - verifyElementVisible: Object 'Object Repository/LoggedInReactPages/MyAccount/Account_Header' is visible

2018-06-01 10:10:43 - [MESSAGE][PASSED] - Object 'Object Repository/LoggedInReactPages/MyAccount/Account_Header' is visible

2018-06-01 10:10:43 - [TEST_STEP][PASSED] - navigateToUrl: Navigate to 'https://dev-front.instavin.com/' successfully

2018-06-01 10:10:44 - [MESSAGE][PASSED] - Navigate to 'https://dev-front.instavin.com/' successfully

2018-06-01 10:10:44 - [TEST_STEP][PASSED] - waitForElementPresent: Object 'Object Repository/LoggedOutReactPages/HomeLoggedOut/EnterVIN_input' is present

2018-06-01 10:10:44 - [MESSAGE][WARNING] - Timeout '0' is invalid. Using default page load timeout: '30'

2018-06-01 10:10:44 - [MESSAGE][PASSED] - Object 'Object Repository/LoggedOutReactPages/HomeLoggedOut/EnterVIN_input' is present

2018-06-01 10:10:44 - [TEST_STEP][PASSED] - verifyElementAttributeValue: Object 'Object Repository/LoggedOutReactPages/HomeLoggedOut/EnterVIN_input' has attribute 'placeholder' with value 'ENTER VIN NUMBER'

2018-06-01 10:10:44 - [MESSAGE][WARNING] - Timeout '0' is invalid. Using default page load timeout: '30'

2018-06-01 10:10:44 - [MESSAGE][PASSED] - Object 'Object Repository/LoggedOutReactPages/HomeLoggedOut/EnterVIN_input' has attribute 'placeholder' with value 'ENTER VIN NUMBER'

2018-06-01 10:10:44 - [TEST_STEP][PASSED] - setText: Text 'JF1SF63591H766643' is set on object 'Object Repository/LoggedOutReactPages/HomeLoggedOut/EnterVIN_input'

2018-06-01 10:10:44 - [MESSAGE][PASSED] - Text 'JF1SF63591H766643' is set on object 'Object Repository/LoggedOutReactPages/HomeLoggedOut/EnterVIN_input'

2018-06-01 10:10:44 - [TEST_STEP][PASSED] - click: Object: 'Object Repository/LoggedOutReactPages/HomeLoggedOut/SubmitVinArrow_Button' is clicked on

2018-06-01 10:10:45 - [MESSAGE][PASSED] - Object: 'Object Repository/LoggedOutReactPages/HomeLoggedOut/SubmitVinArrow_Button' is clicked on

2018-06-01 10:10:45 - [TEST_STEP][PASSED] - waitForElementVisible: Object 'Object Repository/LoggedInReactPages/Order (react)/instaVINProducts_Label' is visible

2018-06-01 10:10:45 - [MESSAGE][WARNING] - Timeout '0' is invalid. Using default page load timeout: '30'

2018-06-01 10:10:46 - [MESSAGE][PASSED] - Object 'Object Repository/LoggedInReactPages/Order (react)/instaVINProducts_Label' is visible

2018-06-01 10:10:46 - [TEST_STEP][PASSED] - verifyElementPresent: Object 'Object Repository/LoggedInReactPages/Order (react)/MyAccount_Label' is present

2018-06-01 10:10:46 - [MESSAGE][WARNING] - Timeout '0' is invalid. Using default page load timeout: '30'

2018-06-01 10:10:46 - [MESSAGE][PASSED] - Object 'Object Repository/LoggedInReactPages/Order (react)/MyAccount_Label' is present

2018-06-01 10:10:46 - [TEST_STEP][PASSED] - verifyElementVisible: Object 'Object Repository/LoggedInReactPages/Order (react)/ChangeVIN_Cross' is visible

2018-06-01 10:10:46 - [MESSAGE][PASSED] - Object 'Object Repository/LoggedInReactPages/Order (react)/ChangeVIN_Cross' is visible

2018-06-01 10:10:46 - [TEST_STEP][PASSED] - verifyElementVisible: Object 'Object Repository/LoggedInReactPages/Order (react)/VINdisplayed' is visible

2018-06-01 10:10:46 - [MESSAGE][PASSED] - Object 'Object Repository/LoggedInReactPages/Order (react)/VINdisplayed' is visible

2018-06-01 10:10:46 - [TEST_STEP][PASSED] - verifyElementText: Actual text and expected text of test object 'Object Repository/LoggedInReactPages/Order (react)/VinDetails_Alert' are matched.

2018-06-01 10:10:46 - [MESSAGE][PASSED] - Actual text and expected text of test object 'Object Repository/LoggedInReactPages/Order (react)/VinDetails_Alert' are matched.

2018-06-01 10:10:46 - [TEST_STEP][PASSED] - verifyElementNotPresent: Web element with id: 'Object Repository/LoggedInReactPages/Order (react)/VINCheckForm_EnterVINInput' located by 'By.xpath: //input[@class='VinCheckField InlineRightButtonFieldContainer']' is not present after '30' second(s)

2018-06-01 10:10:46 - [MESSAGE][WARNING] - Timeout '0' is invalid. Using default page load timeout: '30'

2018-06-01 10:10:46 - [MESSAGE][PASSED] - Web element with id: 'Object Repository/LoggedInReactPages/Order (react)/VINCheckForm_EnterVINInput' located by 'By.xpath: //input[@class='VinCheckField InlineRightButtonFieldContainer']' is not present after '30' second(s)

2018-06-01 10:10:46 - [TEST_STEP][PASSED] - verifyElementPresent: Object 'Object Repository/LoggedInReactPages/Order (react)/OrderNow_OrangeButton' is present

2018-06-01 10:10:46 - [MESSAGE][WARNING] - Timeout '0' is invalid. Using default page load timeout: '30'

2018-06-01 10:10:46 - [MESSAGE][PASSED] - Object 'Object Repository/LoggedInReactPages/Order (react)/OrderNow_OrangeButton' is present

2018-06-01 10:10:46 - [TEST_STEP][PASSED] - closeBrowser: Browser is closed

2018-06-01 10:10:46 - [MESSAGE][PASSED] - Browser is closed]]></system-out>
         <system-err><![CDATA[]]></system-err>
      </testcase>
      <testcase name="Test Cases/CheckVINfromHomeLoggedIn - ShortVINwith9Digits" classname="Test Cases/CheckVINfromHomeLoggedIn - ShortVINwith9Digits" status="PASSED">
         <system-out><![CDATA[2018-06-01 10:10:46 - [TEST_CASE][PASSED] - Test Cases/CheckVINfromHomeLoggedIn - ShortVINwith9Digits: Test Cases/CheckVINfromHomeLoggedIn - ShortVINwith9Digits

2018-06-01 10:10:47 - [TEST_STEP][PASSED] - callTestCase: Call Test Case 'Test Cases/Base Tests/LoginBaseTest' successfully

2018-06-01 10:10:47 - [TEST_CASE][PASSED] - Test Cases/Base Tests/LoginBaseTest: Test Cases/Base Tests/LoginBaseTest

2018-06-01 10:10:47 - [TEST_STEP][PASSED] - openBrowser: Browser is opened with url: ''

2018-06-01 10:10:49 - [MESSAGE][PASSED] - Browser is opened with url: ''

2018-06-01 10:10:49 - [TEST_STEP][PASSED] - maximizeWindow: Current window maximized

2018-06-01 10:10:50 - [MESSAGE][PASSED] - Current window maximized

2018-06-01 10:10:50 - [TEST_STEP][PASSED] - navigateToUrl: Navigate to 'https://dev-front.instavin.com/' successfully

2018-06-01 10:10:52 - [MESSAGE][PASSED] - Navigate to 'https://dev-front.instavin.com/' successfully

2018-06-01 10:10:52 - [TEST_STEP][PASSED] - mouseOver: Object: 'Object Repository/LoggedOutReactPages/CommonElements/SignIn_Label' is hovered

2018-06-01 10:10:52 - [MESSAGE][PASSED] - Object: 'Object Repository/LoggedOutReactPages/CommonElements/SignIn_Label' is hovered

2018-06-01 10:10:52 - [TEST_STEP][PASSED] - verifyElementVisible: Object 'Object Repository/LoggedOutReactPages/CommonElements/SignIn_Button' is visible

2018-06-01 10:10:52 - [MESSAGE][PASSED] - Object 'Object Repository/LoggedOutReactPages/CommonElements/SignIn_Button' is visible

2018-06-01 10:10:52 - [TEST_STEP][PASSED] - setText: Text 'consumer1@mailinator.com' is set on object 'Object Repository/LoggedOutReactPages/CommonElements/Email_input'

2018-06-01 10:10:52 - [MESSAGE][PASSED] - Text 'consumer1@mailinator.com' is set on object 'Object Repository/LoggedOutReactPages/CommonElements/Email_input'

2018-06-01 10:10:52 - [TEST_STEP][PASSED] - setText: Text '111111' is set on object 'Object Repository/LoggedOutReactPages/CommonElements/Password_input'

2018-06-01 10:10:53 - [MESSAGE][PASSED] - Text '111111' is set on object 'Object Repository/LoggedOutReactPages/CommonElements/Password_input'

2018-06-01 10:10:53 - [TEST_STEP][PASSED] - click: Object: 'Object Repository/LoggedOutReactPages/CommonElements/SignIn_Button' is clicked on

2018-06-01 10:10:53 - [MESSAGE][PASSED] - Object: 'Object Repository/LoggedOutReactPages/CommonElements/SignIn_Button' is clicked on

2018-06-01 10:10:53 - [MESSAGE][PASSED] - Call Test Case 'Test Cases/Base Tests/LoginBaseTest' successfully

2018-06-01 10:10:53 - [TEST_STEP][PASSED] - verifyElementVisible: Object 'Object Repository/LoggedInReactPages/MyAccount/Account_Header' is visible

2018-06-01 10:10:54 - [MESSAGE][PASSED] - Object 'Object Repository/LoggedInReactPages/MyAccount/Account_Header' is visible

2018-06-01 10:10:54 - [TEST_STEP][PASSED] - navigateToUrl: Navigate to 'https://dev-front.instavin.com/' successfully

2018-06-01 10:10:55 - [MESSAGE][PASSED] - Navigate to 'https://dev-front.instavin.com/' successfully

2018-06-01 10:10:55 - [TEST_STEP][PASSED] - waitForElementPresent: Object 'Object Repository/LoggedOutReactPages/HomeLoggedOut/EnterVIN_input' is present

2018-06-01 10:10:55 - [MESSAGE][WARNING] - Timeout '0' is invalid. Using default page load timeout: '30'

2018-06-01 10:10:55 - [MESSAGE][PASSED] - Object 'Object Repository/LoggedOutReactPages/HomeLoggedOut/EnterVIN_input' is present

2018-06-01 10:10:55 - [TEST_STEP][PASSED] - verifyElementAttributeValue: Object 'Object Repository/LoggedOutReactPages/HomeLoggedOut/EnterVIN_input' has attribute 'placeholder' with value 'ENTER VIN NUMBER'

2018-06-01 10:10:55 - [MESSAGE][WARNING] - Timeout '0' is invalid. Using default page load timeout: '30'

2018-06-01 10:10:55 - [MESSAGE][PASSED] - Object 'Object Repository/LoggedOutReactPages/HomeLoggedOut/EnterVIN_input' has attribute 'placeholder' with value 'ENTER VIN NUMBER'

2018-06-01 10:10:55 - [TEST_STEP][PASSED] - setText: Text '7J1012752' is set on object 'Object Repository/LoggedOutReactPages/HomeLoggedOut/EnterVIN_input'

2018-06-01 10:10:55 - [MESSAGE][PASSED] - Text '7J1012752' is set on object 'Object Repository/LoggedOutReactPages/HomeLoggedOut/EnterVIN_input'

2018-06-01 10:10:55 - [TEST_STEP][PASSED] - click: Object: 'Object Repository/LoggedOutReactPages/HomeLoggedOut/SubmitVinArrow_Button' is clicked on

2018-06-01 10:10:56 - [MESSAGE][PASSED] - Object: 'Object Repository/LoggedOutReactPages/HomeLoggedOut/SubmitVinArrow_Button' is clicked on

2018-06-01 10:10:56 - [TEST_STEP][PASSED] - waitForElementVisible: Object 'Object Repository/LoggedInReactPages/Order (react)/instaVINProducts_Label' is visible

2018-06-01 10:10:56 - [MESSAGE][WARNING] - Timeout '0' is invalid. Using default page load timeout: '30'

2018-06-01 10:10:56 - [MESSAGE][PASSED] - Object 'Object Repository/LoggedInReactPages/Order (react)/instaVINProducts_Label' is visible

2018-06-01 10:10:56 - [TEST_STEP][PASSED] - verifyElementPresent: Object 'Object Repository/LoggedInReactPages/Order (react)/MyAccount_Label' is present

2018-06-01 10:10:56 - [MESSAGE][WARNING] - Timeout '0' is invalid. Using default page load timeout: '30'

2018-06-01 10:10:56 - [MESSAGE][PASSED] - Object 'Object Repository/LoggedInReactPages/Order (react)/MyAccount_Label' is present

2018-06-01 10:10:56 - [TEST_STEP][PASSED] - verifyElementNotPresent: Web element with id: 'Object Repository/LoggedInReactPages/Order (react)/ChangeVIN_Cross' located by 'By.xpath: //div[@class='CloseButton']' is not present after '30' second(s)

2018-06-01 10:10:56 - [MESSAGE][WARNING] - Timeout '0' is invalid. Using default page load timeout: '30'

2018-06-01 10:10:56 - [MESSAGE][PASSED] - Web element with id: 'Object Repository/LoggedInReactPages/Order (react)/ChangeVIN_Cross' located by 'By.xpath: //div[@class='CloseButton']' is not present after '30' second(s)

2018-06-01 10:10:56 - [TEST_STEP][PASSED] - verifyElementNotPresent: Web element with id: 'Object Repository/LoggedInReactPages/Order (react)/VINdisplayed' located by 'By.xpath: //span[@id='VehicleSummary_Vin']' is not present after '30' second(s)

2018-06-01 10:10:56 - [MESSAGE][WARNING] - Timeout '0' is invalid. Using default page load timeout: '30'

2018-06-01 10:10:56 - [MESSAGE][PASSED] - Web element with id: 'Object Repository/LoggedInReactPages/Order (react)/VINdisplayed' located by 'By.xpath: //span[@id='VehicleSummary_Vin']' is not present after '30' second(s)

2018-06-01 10:10:56 - [TEST_STEP][PASSED] - verifyElementVisible: Object 'Object Repository/LoggedInReactPages/Order (react)/VinDetails_Alert' is visible

2018-06-01 10:10:56 - [MESSAGE][PASSED] - Object 'Object Repository/LoggedInReactPages/Order (react)/VinDetails_Alert' is visible

2018-06-01 10:10:56 - [TEST_STEP][PASSED] - verifyTextPresent: Text 'The VIN entered is 9 digits long.' is present on page 

2018-06-01 10:10:57 - [MESSAGE][PASSED] - Text 'The VIN entered is 9 digits long.' is present on page 

2018-06-01 10:10:57 - [TEST_STEP][PASSED] - verifyTextPresent: Text 'If your vehicle is a classic car, RV or specialty vehicle, this may be correct. However, no records are available from participating DMVs.' is present on page 

2018-06-01 10:10:57 - [MESSAGE][PASSED] - Text 'If your vehicle is a classic car, RV or specialty vehicle, this may be correct. However, no records are available from participating DMVs.' is present on page 

2018-06-01 10:10:57 - [TEST_STEP][PASSED] - verifyTextPresent: Text 'If your VIN is for a vehicle produced after 1981 it should have exactly 17 digits.' is present on page 

2018-06-01 10:10:57 - [MESSAGE][PASSED] - Text 'If your VIN is for a vehicle produced after 1981 it should have exactly 17 digits.' is present on page 

2018-06-01 10:10:57 - [TEST_STEP][PASSED] - verifyTextPresent: Text 'Sorry, no Window Sticker is Available for this VIN.' is present on page 

2018-06-01 10:10:57 - [MESSAGE][PASSED] - Text 'Sorry, no Window Sticker is Available for this VIN.' is present on page 

2018-06-01 10:10:57 - [TEST_STEP][PASSED] - verifyElementVisible: Object 'Object Repository/LoggedInReactPages/Order (react)/VINCheckForm_EnterVINInput' is visible

2018-06-01 10:10:57 - [MESSAGE][PASSED] - Object 'Object Repository/LoggedInReactPages/Order (react)/VINCheckForm_EnterVINInput' is visible

2018-06-01 10:10:57 - [TEST_STEP][PASSED] - verifyElementAttributeValue: Object 'Object Repository/LoggedInReactPages/Order (react)/VINCheckForm_EnterVINInput' has attribute 'value' with value '7J1012752'

2018-06-01 10:10:57 - [MESSAGE][WARNING] - Timeout '0' is invalid. Using default page load timeout: '30'

2018-06-01 10:10:57 - [MESSAGE][PASSED] - Object 'Object Repository/LoggedInReactPages/Order (react)/VINCheckForm_EnterVINInput' has attribute 'value' with value '7J1012752'

2018-06-01 10:10:57 - [TEST_STEP][PASSED] - verifyElementPresent: Object 'Object Repository/LoggedInReactPages/Order (react)/OrderNow_OrangeButton' is present

2018-06-01 10:10:57 - [MESSAGE][WARNING] - Timeout '0' is invalid. Using default page load timeout: '30'

2018-06-01 10:10:57 - [MESSAGE][PASSED] - Object 'Object Repository/LoggedInReactPages/Order (react)/OrderNow_OrangeButton' is present

2018-06-01 10:10:57 - [TEST_STEP][PASSED] - closeBrowser: Browser is closed

2018-06-01 10:10:58 - [MESSAGE][PASSED] - Browser is closed]]></system-out>
         <system-err><![CDATA[]]></system-err>
      </testcase>
      <testcase name="Test Cases/CheckVINfromHomeLoggedIn - Success" classname="Test Cases/CheckVINfromHomeLoggedIn - Success" status="PASSED">
         <system-out><![CDATA[2018-06-01 10:10:58 - [TEST_CASE][PASSED] - Test Cases/CheckVINfromHomeLoggedIn - Success: Test Cases/CheckVINfromHomeLoggedIn - Success

2018-06-01 10:10:58 - [TEST_STEP][PASSED] - callTestCase: Call Test Case 'Test Cases/Base Tests/LoginBaseTest' successfully

2018-06-01 10:10:58 - [TEST_CASE][PASSED] - Test Cases/Base Tests/LoginBaseTest: Test Cases/Base Tests/LoginBaseTest

2018-06-01 10:10:58 - [TEST_STEP][PASSED] - openBrowser: Browser is opened with url: ''

2018-06-01 10:11:00 - [MESSAGE][PASSED] - Browser is opened with url: ''

2018-06-01 10:11:00 - [TEST_STEP][PASSED] - maximizeWindow: Current window maximized

2018-06-01 10:11:02 - [MESSAGE][PASSED] - Current window maximized

2018-06-01 10:11:02 - [TEST_STEP][PASSED] - navigateToUrl: Navigate to 'https://dev-front.instavin.com/' successfully

2018-06-01 10:11:04 - [MESSAGE][PASSED] - Navigate to 'https://dev-front.instavin.com/' successfully

2018-06-01 10:11:04 - [TEST_STEP][PASSED] - mouseOver: Object: 'Object Repository/LoggedOutReactPages/CommonElements/SignIn_Label' is hovered

2018-06-01 10:11:04 - [MESSAGE][PASSED] - Object: 'Object Repository/LoggedOutReactPages/CommonElements/SignIn_Label' is hovered

2018-06-01 10:11:04 - [TEST_STEP][PASSED] - verifyElementVisible: Object 'Object Repository/LoggedOutReactPages/CommonElements/SignIn_Button' is visible

2018-06-01 10:11:04 - [MESSAGE][PASSED] - Object 'Object Repository/LoggedOutReactPages/CommonElements/SignIn_Button' is visible

2018-06-01 10:11:04 - [TEST_STEP][PASSED] - setText: Text 'consumer1@mailinator.com' is set on object 'Object Repository/LoggedOutReactPages/CommonElements/Email_input'

2018-06-01 10:11:04 - [MESSAGE][PASSED] - Text 'consumer1@mailinator.com' is set on object 'Object Repository/LoggedOutReactPages/CommonElements/Email_input'

2018-06-01 10:11:04 - [TEST_STEP][PASSED] - setText: Text '111111' is set on object 'Object Repository/LoggedOutReactPages/CommonElements/Password_input'

2018-06-01 10:11:04 - [MESSAGE][PASSED] - Text '111111' is set on object 'Object Repository/LoggedOutReactPages/CommonElements/Password_input'

2018-06-01 10:11:04 - [TEST_STEP][PASSED] - click: Object: 'Object Repository/LoggedOutReactPages/CommonElements/SignIn_Button' is clicked on

2018-06-01 10:11:04 - [MESSAGE][PASSED] - Object: 'Object Repository/LoggedOutReactPages/CommonElements/SignIn_Button' is clicked on

2018-06-01 10:11:04 - [MESSAGE][PASSED] - Call Test Case 'Test Cases/Base Tests/LoginBaseTest' successfully

2018-06-01 10:11:04 - [TEST_STEP][PASSED] - verifyElementVisible: Object 'Object Repository/LoggedInReactPages/MyAccount/Account_Header' is visible

2018-06-01 10:11:06 - [MESSAGE][PASSED] - Object 'Object Repository/LoggedInReactPages/MyAccount/Account_Header' is visible

2018-06-01 10:11:06 - [TEST_STEP][PASSED] - navigateToUrl: Navigate to 'https://dev-front.instavin.com/' successfully

2018-06-01 10:11:06 - [MESSAGE][PASSED] - Navigate to 'https://dev-front.instavin.com/' successfully

2018-06-01 10:11:06 - [TEST_STEP][PASSED] - waitForElementPresent: Object 'Object Repository/LoggedOutReactPages/HomeLoggedOut/EnterVIN_input' is present

2018-06-01 10:11:06 - [MESSAGE][WARNING] - Timeout '0' is invalid. Using default page load timeout: '30'

2018-06-01 10:11:06 - [MESSAGE][PASSED] - Object 'Object Repository/LoggedOutReactPages/HomeLoggedOut/EnterVIN_input' is present

2018-06-01 10:11:06 - [TEST_STEP][PASSED] - verifyElementAttributeValue: Object 'Object Repository/LoggedOutReactPages/HomeLoggedOut/EnterVIN_input' has attribute 'placeholder' with value 'ENTER VIN NUMBER'

2018-06-01 10:11:06 - [MESSAGE][WARNING] - Timeout '0' is invalid. Using default page load timeout: '30'

2018-06-01 10:11:06 - [MESSAGE][PASSED] - Object 'Object Repository/LoggedOutReactPages/HomeLoggedOut/EnterVIN_input' has attribute 'placeholder' with value 'ENTER VIN NUMBER'

2018-06-01 10:11:06 - [TEST_STEP][PASSED] - setText: Text '5UXKR0C52F0P15679' is set on object 'Object Repository/LoggedOutReactPages/HomeLoggedOut/EnterVIN_input'

2018-06-01 10:11:07 - [MESSAGE][PASSED] - Text '5UXKR0C52F0P15679' is set on object 'Object Repository/LoggedOutReactPages/HomeLoggedOut/EnterVIN_input'

2018-06-01 10:11:07 - [TEST_STEP][PASSED] - click: Object: 'Object Repository/LoggedOutReactPages/HomeLoggedOut/SubmitVinArrow_Button' is clicked on

2018-06-01 10:11:07 - [MESSAGE][PASSED] - Object: 'Object Repository/LoggedOutReactPages/HomeLoggedOut/SubmitVinArrow_Button' is clicked on

2018-06-01 10:11:07 - [TEST_STEP][PASSED] - waitForElementVisible: Object 'Object Repository/LoggedInReactPages/Order (react)/instaVINProducts_Label' is visible

2018-06-01 10:11:07 - [MESSAGE][WARNING] - Timeout '0' is invalid. Using default page load timeout: '30'

2018-06-01 10:11:08 - [MESSAGE][PASSED] - Object 'Object Repository/LoggedInReactPages/Order (react)/instaVINProducts_Label' is visible

2018-06-01 10:11:08 - [TEST_STEP][PASSED] - verifyElementPresent: Object 'Object Repository/LoggedInReactPages/Order (react)/MyAccount_Label' is present

2018-06-01 10:11:08 - [MESSAGE][WARNING] - Timeout '0' is invalid. Using default page load timeout: '30'

2018-06-01 10:11:08 - [MESSAGE][PASSED] - Object 'Object Repository/LoggedInReactPages/Order (react)/MyAccount_Label' is present

2018-06-01 10:11:08 - [TEST_STEP][PASSED] - verifyElementVisible: Object 'Object Repository/LoggedInReactPages/Order (react)/ChangeVIN_Cross' is visible

2018-06-01 10:11:08 - [MESSAGE][PASSED] - Object 'Object Repository/LoggedInReactPages/Order (react)/ChangeVIN_Cross' is visible

2018-06-01 10:11:08 - [TEST_STEP][PASSED] - verifyElementVisible: Object 'Object Repository/LoggedInReactPages/Order (react)/VINdisplayed' is visible

2018-06-01 10:11:08 - [MESSAGE][PASSED] - Object 'Object Repository/LoggedInReactPages/Order (react)/VINdisplayed' is visible

2018-06-01 10:11:08 - [TEST_STEP][PASSED] - verifyElementText: Actual text and expected text of test object 'Object Repository/LoggedInReactPages/Order (react)/VINdisplayed' are matched.

2018-06-01 10:11:08 - [MESSAGE][PASSED] - Actual text and expected text of test object 'Object Repository/LoggedInReactPages/Order (react)/VINdisplayed' are matched.

2018-06-01 10:11:08 - [TEST_STEP][PASSED] - verifyElementText: Actual text and expected text of test object 'Object Repository/LoggedInReactPages/Order (react)/RecordsAreAvailable_Alert' are matched.

2018-06-01 10:11:08 - [MESSAGE][PASSED] - Actual text and expected text of test object 'Object Repository/LoggedInReactPages/Order (react)/RecordsAreAvailable_Alert' are matched.

2018-06-01 10:11:08 - [TEST_STEP][PASSED] - verifyElementNotPresent: Web element with id: 'Object Repository/LoggedInReactPages/Order (react)/VINCheckForm_EnterVINInput' located by 'By.xpath: //input[@class='VinCheckField InlineRightButtonFieldContainer']' is not present after '30' second(s)

2018-06-01 10:11:08 - [MESSAGE][WARNING] - Timeout '0' is invalid. Using default page load timeout: '30'

2018-06-01 10:11:08 - [MESSAGE][PASSED] - Web element with id: 'Object Repository/LoggedInReactPages/Order (react)/VINCheckForm_EnterVINInput' located by 'By.xpath: //input[@class='VinCheckField InlineRightButtonFieldContainer']' is not present after '30' second(s)

2018-06-01 10:11:08 - [TEST_STEP][PASSED] - verifyElementPresent: Object 'Object Repository/LoggedInReactPages/Order (react)/OrderNow_OrangeButton' is present

2018-06-01 10:11:08 - [MESSAGE][WARNING] - Timeout '0' is invalid. Using default page load timeout: '30'

2018-06-01 10:11:08 - [MESSAGE][PASSED] - Object 'Object Repository/LoggedInReactPages/Order (react)/OrderNow_OrangeButton' is present

2018-06-01 10:11:08 - [TEST_STEP][PASSED] - closeBrowser: Browser is closed

2018-06-01 10:11:09 - [MESSAGE][PASSED] - Browser is closed]]></system-out>
         <system-err><![CDATA[]]></system-err>
      </testcase>
      <testcase name="Test Cases/CaDealerRequest - ValidFields" classname="Test Cases/CaDealerRequest - ValidFields" status="PASSED">
         <system-out><![CDATA[2018-06-01 10:11:09 - [TEST_CASE][PASSED] - Test Cases/CaDealerRequest - ValidFields: Test Cases/CaDealerRequest - ValidFields

2018-06-01 10:11:09 - [TEST_STEP][PASSED] - openBrowser: Browser is opened with url: ''

2018-06-01 10:11:11 - [MESSAGE][PASSED] - Browser is opened with url: ''

2018-06-01 10:11:11 - [TEST_STEP][PASSED] - maximizeWindow: Current window maximized

2018-06-01 10:11:12 - [MESSAGE][PASSED] - Current window maximized

2018-06-01 10:11:12 - [TEST_STEP][PASSED] - navigateToUrl: Navigate to 'https://dev-front.instavin.com/' successfully

2018-06-01 10:11:15 - [MESSAGE][PASSED] - Navigate to 'https://dev-front.instavin.com/' successfully

2018-06-01 10:11:15 - [TEST_STEP][PASSED] - mouseOver: Object: 'Object Repository/LoggedOutReactPages/HomeLoggedOut/Dealers_Label' is hovered

2018-06-01 10:11:15 - [MESSAGE][PASSED] - Object: 'Object Repository/LoggedOutReactPages/HomeLoggedOut/Dealers_Label' is hovered

2018-06-01 10:11:15 - [TEST_STEP][PASSED] - verifyElementVisible: Object 'Object Repository/LoggedOutReactPages/HomeLoggedOut/CaliforniaDealers_Link' is visible

2018-06-01 10:11:15 - [MESSAGE][PASSED] - Object 'Object Repository/LoggedOutReactPages/HomeLoggedOut/CaliforniaDealers_Link' is visible

2018-06-01 10:11:15 - [TEST_STEP][PASSED] - click: Object: 'Object Repository/LoggedOutReactPages/HomeLoggedOut/CaliforniaDealers_Link' is clicked on

2018-06-01 10:11:16 - [MESSAGE][PASSED] - Object: 'Object Repository/LoggedOutReactPages/HomeLoggedOut/CaliforniaDealers_Link' is clicked on

2018-06-01 10:11:16 - [TEST_STEP][PASSED] - waitForElementVisible: Object 'Object Repository/LoggedOutReactPages/Dealers/SignUpTop_Button' is visible

2018-06-01 10:11:16 - [MESSAGE][WARNING] - Timeout '0' is invalid. Using default page load timeout: '30'

2018-06-01 10:11:16 - [MESSAGE][PASSED] - Object 'Object Repository/LoggedOutReactPages/Dealers/SignUpTop_Button' is visible

2018-06-01 10:11:16 - [TEST_STEP][PASSED] - verifyTextPresent: Text 'instaVIN Reports complies with the California Assembly Bill 1215 salvage sticker law' is present on page 

2018-06-01 10:11:16 - [MESSAGE][PASSED] - Text 'instaVIN Reports complies with the California Assembly Bill 1215 salvage sticker law' is present on page 

2018-06-01 10:11:16 - [TEST_STEP][PASSED] - verifyTextPresent: Text 'CA Law AB1215 Overview' is present on page 

2018-06-01 10:11:16 - [MESSAGE][PASSED] - Text 'CA Law AB1215 Overview' is present on page 

2018-06-01 10:11:16 - [TEST_STEP][PASSED] - click: Object: 'Object Repository/LoggedOutReactPages/Dealers/SignUpTop_Button' is clicked on

2018-06-01 10:11:17 - [MESSAGE][PASSED] - Object: 'Object Repository/LoggedOutReactPages/Dealers/SignUpTop_Button' is clicked on

2018-06-01 10:11:17 - [TEST_STEP][PASSED] - waitForElementVisible: Object 'Object Repository/LoggedOutReactPages/Dealers/DealerSignUp_Header' is visible

2018-06-01 10:11:17 - [MESSAGE][WARNING] - Timeout '0' is invalid. Using default page load timeout: '30'

2018-06-01 10:11:17 - [MESSAGE][PASSED] - Object 'Object Repository/LoggedOutReactPages/Dealers/DealerSignUp_Header' is visible

2018-06-01 10:11:17 - [TEST_STEP][PASSED] - Statement - now = new java.util.Date(): null

2018-06-01 10:11:17 - [TEST_STEP][PASSED] - Statement - rnd = now.format("yyyyMMddHHmmssSSS").toString(): null

2018-06-01 10:11:17 - [TEST_STEP][PASSED] - Statement - Email = com.kms.katalon.core.webui.keyword.WebUiBuiltInKeywords.concatenate(["dealer", rnd, "@mailinator.com"]): Concatenated string array: '['dealer','20180601101117087','@mailinator.com']' into 'dealer20180601101117087@mailinator.com'

2018-06-01 10:11:17 - [MESSAGE][PASSED] - Concatenated string array: '['dealer','20180601101117087','@mailinator.com']' into 'dealer20180601101117087@mailinator.com'

2018-06-01 10:11:17 - [TEST_STEP][PASSED] - setText: Text 'Test Dealer' is set on object 'Object Repository/LoggedOutReactPages/Dealers/DealerName_Input'

2018-06-01 10:11:17 - [MESSAGE][PASSED] - Text 'Test Dealer' is set on object 'Object Repository/LoggedOutReactPages/Dealers/DealerName_Input'

2018-06-01 10:11:17 - [TEST_STEP][PASSED] - setText: Text '111111' is set on object 'Object Repository/LoggedOutReactPages/Dealers/AccessID_Input'

2018-06-01 10:11:17 - [MESSAGE][PASSED] - Text '111111' is set on object 'Object Repository/LoggedOutReactPages/Dealers/AccessID_Input'

2018-06-01 10:11:17 - [TEST_STEP][PASSED] - setText: Text 'www.test.co' is set on object 'Object Repository/LoggedOutReactPages/Dealers/Website_Input'

2018-06-01 10:11:17 - [MESSAGE][PASSED] - Text 'www.test.co' is set on object 'Object Repository/LoggedOutReactPages/Dealers/Website_Input'

2018-06-01 10:11:17 - [TEST_STEP][PASSED] - setText: Text 'test' is set on object 'Object Repository/LoggedOutReactPages/Dealers/Address_Input'

2018-06-01 10:11:17 - [MESSAGE][PASSED] - Text 'test' is set on object 'Object Repository/LoggedOutReactPages/Dealers/Address_Input'

2018-06-01 10:11:17 - [TEST_STEP][PASSED] - setText: Text 'test' is set on object 'Object Repository/LoggedOutReactPages/Dealers/City_Input'

2018-06-01 10:11:18 - [MESSAGE][PASSED] - Text 'test' is set on object 'Object Repository/LoggedOutReactPages/Dealers/City_Input'

2018-06-01 10:11:18 - [TEST_STEP][PASSED] - selectOptionByValue: All options with value 'CA' are selected in object 'Object Repository/LoggedOutReactPages/CreateAccount/State_Dropdown' 

2018-06-01 10:11:18 - [MESSAGE][PASSED] - All options with value 'CA' are selected in object 'Object Repository/LoggedOutReactPages/CreateAccount/State_Dropdown' 

2018-06-01 10:11:18 - [TEST_STEP][PASSED] - setText: Text '11111' is set on object 'Object Repository/LoggedOutReactPages/Dealers/Zip_Input'

2018-06-01 10:11:18 - [MESSAGE][PASSED] - Text '11111' is set on object 'Object Repository/LoggedOutReactPages/Dealers/Zip_Input'

2018-06-01 10:11:18 - [TEST_STEP][PASSED] - setText: Text 'Dealer' is set on object 'Object Repository/LoggedOutReactPages/Dealers/FirstName_Input'

2018-06-01 10:11:18 - [MESSAGE][PASSED] - Text 'Dealer' is set on object 'Object Repository/LoggedOutReactPages/Dealers/FirstName_Input'

2018-06-01 10:11:18 - [TEST_STEP][PASSED] - setText: Text 'Autotest' is set on object 'Object Repository/LoggedOutReactPages/Dealers/LastName_Input'

2018-06-01 10:11:19 - [MESSAGE][PASSED] - Text 'Autotest' is set on object 'Object Repository/LoggedOutReactPages/Dealers/LastName_Input'

2018-06-01 10:11:19 - [TEST_STEP][PASSED] - setText: Text 'dealer20180601101117087@mailinator.com' is set on object 'Object Repository/LoggedOutReactPages/Dealers/Email_Input'

2018-06-01 10:11:19 - [MESSAGE][PASSED] - Text 'dealer20180601101117087@mailinator.com' is set on object 'Object Repository/LoggedOutReactPages/Dealers/Email_Input'

2018-06-01 10:11:19 - [TEST_STEP][PASSED] - setText: Text '8001112233' is set on object 'Object Repository/LoggedOutReactPages/Dealers/Phone_Input'

2018-06-01 10:11:19 - [MESSAGE][PASSED] - Text '8001112233' is set on object 'Object Repository/LoggedOutReactPages/Dealers/Phone_Input'

2018-06-01 10:11:19 - [TEST_STEP][PASSED] - setText: Text 'Test message text' is set on object 'Object Repository/LoggedOutReactPages/Dealers/Message_InputArea'

2018-06-01 10:11:20 - [MESSAGE][PASSED] - Text 'Test message text' is set on object 'Object Repository/LoggedOutReactPages/Dealers/Message_InputArea'

2018-06-01 10:11:20 - [TEST_STEP][PASSED] - click: Object: 'Object Repository/LoggedOutReactPages/Dealers/DealerSubmit_Button' is clicked on

2018-06-01 10:11:20 - [MESSAGE][PASSED] - Object: 'Object Repository/LoggedOutReactPages/Dealers/DealerSubmit_Button' is clicked on

2018-06-01 10:11:20 - [TEST_STEP][PASSED] - waitForElementPresent: Object 'Object Repository/LoggedOutReactPages/Dealers/Confirmation_Modal' is present

2018-06-01 10:11:20 - [MESSAGE][WARNING] - Timeout '0' is invalid. Using default page load timeout: '30'

2018-06-01 10:11:20 - [MESSAGE][PASSED] - Object 'Object Repository/LoggedOutReactPages/Dealers/Confirmation_Modal' is present

2018-06-01 10:11:20 - [TEST_STEP][PASSED] - verifyTextPresent: Text 'Click OK to be redirected to instaVIN® Dealer pricing. Dealers - Buy in Bundles and Save!' is present on page 

2018-06-01 10:11:20 - [MESSAGE][PASSED] - Text 'Click OK to be redirected to instaVIN® Dealer pricing. Dealers - Buy in Bundles and Save!' is present on page 

2018-06-01 10:11:20 - [TEST_STEP][PASSED] - click: Object: 'Object Repository/LoggedOutReactPages/Dealers/OkConfirmation_Button' is clicked on

2018-06-01 10:11:21 - [MESSAGE][PASSED] - Object: 'Object Repository/LoggedOutReactPages/Dealers/OkConfirmation_Button' is clicked on

2018-06-01 10:11:21 - [TEST_STEP][PASSED] - waitForElementVisible: Object 'Object Repository/LoggedOutReactPages/DealersOrder/EnterVin_Field' is visible

2018-06-01 10:11:21 - [MESSAGE][WARNING] - Timeout '0' is invalid. Using default page load timeout: '30'

2018-06-01 10:11:22 - [MESSAGE][PASSED] - Object 'Object Repository/LoggedOutReactPages/DealersOrder/EnterVin_Field' is visible

2018-06-01 10:11:22 - [TEST_STEP][PASSED] - Statement - RedirectURL = com.kms.katalon.core.webui.keyword.WebUiBuiltInKeywords.getUrl(): Current window's url is: 'https://dev-front.instavin.com/_O/CA-Dealer-Specials/order'

2018-06-01 10:11:22 - [MESSAGE][PASSED] - Current window's url is: 'https://dev-front.instavin.com/_O/CA-Dealer-Specials/order'

2018-06-01 10:11:22 - [TEST_STEP][PASSED] - Statement - ExpectedURL = com.kms.katalon.core.webui.keyword.WebUiBuiltInKeywords.concatenate([StartURL, "_O/CA-Dealer-Specials/order"]): Concatenated string array: '['https://dev-front.instavin.com/','_O/CA-Dealer-Specials/order']' into 'https://dev-front.instavin.com/_O/CA-Dealer-Specials/order'

2018-06-01 10:11:22 - [MESSAGE][PASSED] - Concatenated string array: '['https://dev-front.instavin.com/','_O/CA-Dealer-Specials/order']' into 'https://dev-front.instavin.com/_O/CA-Dealer-Specials/order'

2018-06-01 10:11:22 - [TEST_STEP][PASSED] - verifyEqual: Actual object 'https://dev-front.instavin.com/_O/CA-Dealer-Specials/order' and expected object 'https://dev-front.instavin.com/_O/CA-Dealer-Specials/order' are equal

2018-06-01 10:11:22 - [MESSAGE][PASSED] - Actual object 'https://dev-front.instavin.com/_O/CA-Dealer-Specials/order' and expected object 'https://dev-front.instavin.com/_O/CA-Dealer-Specials/order' are equal

2018-06-01 10:11:22 - [TEST_STEP][PASSED] - closeBrowser: Browser is closed

2018-06-01 10:11:23 - [MESSAGE][PASSED] - Browser is closed]]></system-out>
         <system-err><![CDATA[]]></system-err>
      </testcase>
      <testcase name="Test Cases/DealerRequest - ValidFields" classname="Test Cases/DealerRequest - ValidFields" status="PASSED">
         <system-out><![CDATA[2018-06-01 10:11:23 - [TEST_CASE][PASSED] - Test Cases/DealerRequest - ValidFields: Test Cases/DealerRequest - ValidFields

2018-06-01 10:11:23 - [TEST_STEP][PASSED] - openBrowser: Browser is opened with url: ''

2018-06-01 10:11:25 - [MESSAGE][PASSED] - Browser is opened with url: ''

2018-06-01 10:11:25 - [TEST_STEP][PASSED] - maximizeWindow: Current window maximized

2018-06-01 10:11:26 - [MESSAGE][PASSED] - Current window maximized

2018-06-01 10:11:26 - [TEST_STEP][PASSED] - navigateToUrl: Navigate to 'https://dev-front.instavin.com/' successfully

2018-06-01 10:11:29 - [MESSAGE][PASSED] - Navigate to 'https://dev-front.instavin.com/' successfully

2018-06-01 10:11:29 - [TEST_STEP][PASSED] - mouseOver: Object: 'Object Repository/LoggedOutReactPages/HomeLoggedOut/Dealers_Label' is hovered

2018-06-01 10:11:29 - [MESSAGE][PASSED] - Object: 'Object Repository/LoggedOutReactPages/HomeLoggedOut/Dealers_Label' is hovered

2018-06-01 10:11:29 - [TEST_STEP][PASSED] - verifyElementVisible: Object 'Object Repository/LoggedOutReactPages/HomeLoggedOut/DealerProgram_Link' is visible

2018-06-01 10:11:29 - [MESSAGE][PASSED] - Object 'Object Repository/LoggedOutReactPages/HomeLoggedOut/DealerProgram_Link' is visible

2018-06-01 10:11:29 - [TEST_STEP][PASSED] - click: Object: 'Object Repository/LoggedOutReactPages/HomeLoggedOut/DealerProgram_Link' is clicked on

2018-06-01 10:11:30 - [MESSAGE][PASSED] - Object: 'Object Repository/LoggedOutReactPages/HomeLoggedOut/DealerProgram_Link' is clicked on

2018-06-01 10:11:30 - [TEST_STEP][PASSED] - waitForElementVisible: Object 'Object Repository/LoggedOutReactPages/Dealers/SignUpTop_Button' is visible

2018-06-01 10:11:30 - [MESSAGE][WARNING] - Timeout '0' is invalid. Using default page load timeout: '30'

2018-06-01 10:11:30 - [MESSAGE][PASSED] - Object 'Object Repository/LoggedOutReactPages/Dealers/SignUpTop_Button' is visible

2018-06-01 10:11:30 - [TEST_STEP][PASSED] - verifyTextPresent: Text 'Welcome Dealers!' is present on page 

2018-06-01 10:11:30 - [MESSAGE][PASSED] - Text 'Welcome Dealers!' is present on page 

2018-06-01 10:11:30 - [TEST_STEP][PASSED] - verifyTextPresent: Text 'Get more data to help make better decisions, including' is present on page 

2018-06-01 10:11:31 - [MESSAGE][PASSED] - Text 'Get more data to help make better decisions, including' is present on page 

2018-06-01 10:11:31 - [TEST_STEP][PASSED] - click: Object: 'Object Repository/LoggedOutReactPages/Dealers/SignUpTop_Button' is clicked on

2018-06-01 10:11:31 - [MESSAGE][PASSED] - Object: 'Object Repository/LoggedOutReactPages/Dealers/SignUpTop_Button' is clicked on

2018-06-01 10:11:31 - [TEST_STEP][PASSED] - waitForElementVisible: Object 'Object Repository/LoggedOutReactPages/Dealers/DealerSignUp_Header' is visible

2018-06-01 10:11:31 - [MESSAGE][WARNING] - Timeout '0' is invalid. Using default page load timeout: '30'

2018-06-01 10:11:31 - [MESSAGE][PASSED] - Object 'Object Repository/LoggedOutReactPages/Dealers/DealerSignUp_Header' is visible

2018-06-01 10:11:31 - [TEST_STEP][PASSED] - Statement - now = new java.util.Date(): null

2018-06-01 10:11:31 - [TEST_STEP][PASSED] - Statement - rnd = now.format("yyyyMMddHHmmssSSS").toString(): null

2018-06-01 10:11:31 - [TEST_STEP][PASSED] - Statement - Email = com.kms.katalon.core.webui.keyword.WebUiBuiltInKeywords.concatenate(["dealer", rnd, "@mailinator.com"]): Concatenated string array: '['dealer','20180601101131238','@mailinator.com']' into 'dealer20180601101131238@mailinator.com'

2018-06-01 10:11:31 - [MESSAGE][PASSED] - Concatenated string array: '['dealer','20180601101131238','@mailinator.com']' into 'dealer20180601101131238@mailinator.com'

2018-06-01 10:11:31 - [TEST_STEP][PASSED] - setText: Text 'Test Dealer' is set on object 'Object Repository/LoggedOutReactPages/Dealers/DealerName_Input'

2018-06-01 10:11:31 - [MESSAGE][PASSED] - Text 'Test Dealer' is set on object 'Object Repository/LoggedOutReactPages/Dealers/DealerName_Input'

2018-06-01 10:11:31 - [TEST_STEP][PASSED] - setText: Text '111111' is set on object 'Object Repository/LoggedOutReactPages/Dealers/AccessID_Input'

2018-06-01 10:11:31 - [MESSAGE][PASSED] - Text '111111' is set on object 'Object Repository/LoggedOutReactPages/Dealers/AccessID_Input'

2018-06-01 10:11:31 - [TEST_STEP][PASSED] - setText: Text 'www.test.co' is set on object 'Object Repository/LoggedOutReactPages/Dealers/Website_Input'

2018-06-01 10:11:31 - [MESSAGE][PASSED] - Text 'www.test.co' is set on object 'Object Repository/LoggedOutReactPages/Dealers/Website_Input'

2018-06-01 10:11:31 - [TEST_STEP][PASSED] - setText: Text 'test' is set on object 'Object Repository/LoggedOutReactPages/Dealers/Address_Input'

2018-06-01 10:11:32 - [MESSAGE][PASSED] - Text 'test' is set on object 'Object Repository/LoggedOutReactPages/Dealers/Address_Input'

2018-06-01 10:11:32 - [TEST_STEP][PASSED] - setText: Text 'test' is set on object 'Object Repository/LoggedOutReactPages/Dealers/City_Input'

2018-06-01 10:11:32 - [MESSAGE][PASSED] - Text 'test' is set on object 'Object Repository/LoggedOutReactPages/Dealers/City_Input'

2018-06-01 10:11:32 - [TEST_STEP][PASSED] - selectOptionByValue: All options with value 'TX' are selected in object 'Object Repository/LoggedOutReactPages/CreateAccount/State_Dropdown' 

2018-06-01 10:11:32 - [MESSAGE][PASSED] - All options with value 'TX' are selected in object 'Object Repository/LoggedOutReactPages/CreateAccount/State_Dropdown' 

2018-06-01 10:11:32 - [TEST_STEP][PASSED] - setText: Text '11111' is set on object 'Object Repository/LoggedOutReactPages/Dealers/Zip_Input'

2018-06-01 10:11:32 - [MESSAGE][PASSED] - Text '11111' is set on object 'Object Repository/LoggedOutReactPages/Dealers/Zip_Input'

2018-06-01 10:11:32 - [TEST_STEP][PASSED] - setText: Text 'Dealer' is set on object 'Object Repository/LoggedOutReactPages/Dealers/FirstName_Input'

2018-06-01 10:11:32 - [MESSAGE][PASSED] - Text 'Dealer' is set on object 'Object Repository/LoggedOutReactPages/Dealers/FirstName_Input'

2018-06-01 10:11:32 - [TEST_STEP][PASSED] - setText: Text 'Autotest' is set on object 'Object Repository/LoggedOutReactPages/Dealers/LastName_Input'

2018-06-01 10:11:33 - [MESSAGE][PASSED] - Text 'Autotest' is set on object 'Object Repository/LoggedOutReactPages/Dealers/LastName_Input'

2018-06-01 10:11:33 - [TEST_STEP][PASSED] - setText: Text 'dealer20180601101131238@mailinator.com' is set on object 'Object Repository/LoggedOutReactPages/Dealers/Email_Input'

2018-06-01 10:11:33 - [MESSAGE][PASSED] - Text 'dealer20180601101131238@mailinator.com' is set on object 'Object Repository/LoggedOutReactPages/Dealers/Email_Input'

2018-06-01 10:11:33 - [TEST_STEP][PASSED] - setText: Text '8001112233' is set on object 'Object Repository/LoggedOutReactPages/Dealers/Phone_Input'

2018-06-01 10:11:33 - [MESSAGE][PASSED] - Text '8001112233' is set on object 'Object Repository/LoggedOutReactPages/Dealers/Phone_Input'

2018-06-01 10:11:33 - [TEST_STEP][PASSED] - setText: Text 'Test message text' is set on object 'Object Repository/LoggedOutReactPages/Dealers/Message_InputArea'

2018-06-01 10:11:34 - [MESSAGE][PASSED] - Text 'Test message text' is set on object 'Object Repository/LoggedOutReactPages/Dealers/Message_InputArea'

2018-06-01 10:11:34 - [TEST_STEP][PASSED] - click: Object: 'Object Repository/LoggedOutReactPages/Dealers/DealerSubmit_Button' is clicked on

2018-06-01 10:11:34 - [MESSAGE][PASSED] - Object: 'Object Repository/LoggedOutReactPages/Dealers/DealerSubmit_Button' is clicked on

2018-06-01 10:11:34 - [TEST_STEP][PASSED] - waitForElementPresent: Object 'Object Repository/LoggedOutReactPages/Dealers/Confirmation_Modal' is present

2018-06-01 10:11:34 - [MESSAGE][WARNING] - Timeout '0' is invalid. Using default page load timeout: '30'

2018-06-01 10:11:35 - [MESSAGE][PASSED] - Object 'Object Repository/LoggedOutReactPages/Dealers/Confirmation_Modal' is present

2018-06-01 10:11:35 - [TEST_STEP][PASSED] - verifyTextPresent: Text 'Click OK to be redirected to instaVIN® Dealer pricing. Dealers - Buy in Bundles and Save!' is present on page 

2018-06-01 10:11:35 - [MESSAGE][PASSED] - Text 'Click OK to be redirected to instaVIN® Dealer pricing. Dealers - Buy in Bundles and Save!' is present on page 

2018-06-01 10:11:35 - [TEST_STEP][PASSED] - click: Object: 'Object Repository/LoggedOutReactPages/Dealers/OkConfirmation_Button' is clicked on

2018-06-01 10:11:37 - [MESSAGE][PASSED] - Object: 'Object Repository/LoggedOutReactPages/Dealers/OkConfirmation_Button' is clicked on

2018-06-01 10:11:37 - [TEST_STEP][PASSED] - waitForElementVisible: Object 'Object Repository/LoggedOutReactPages/DealersOrder/EnterVin_Field' is visible

2018-06-01 10:11:37 - [MESSAGE][WARNING] - Timeout '0' is invalid. Using default page load timeout: '30'

2018-06-01 10:11:37 - [MESSAGE][PASSED] - Object 'Object Repository/LoggedOutReactPages/DealersOrder/EnterVin_Field' is visible

2018-06-01 10:11:37 - [TEST_STEP][PASSED] - Statement - RedirectURL = com.kms.katalon.core.webui.keyword.WebUiBuiltInKeywords.getUrl(): Current window's url is: 'https://dev-front.instavin.com/_O/dealer-bundles/order'

2018-06-01 10:11:37 - [MESSAGE][PASSED] - Current window's url is: 'https://dev-front.instavin.com/_O/dealer-bundles/order'

2018-06-01 10:11:37 - [TEST_STEP][PASSED] - Statement - ExpectedURL = com.kms.katalon.core.webui.keyword.WebUiBuiltInKeywords.concatenate([StartURL, "_O/dealer-bundles/order"]): Concatenated string array: '['https://dev-front.instavin.com/','_O/dealer-bundles/order']' into 'https://dev-front.instavin.com/_O/dealer-bundles/order'

2018-06-01 10:11:37 - [MESSAGE][PASSED] - Concatenated string array: '['https://dev-front.instavin.com/','_O/dealer-bundles/order']' into 'https://dev-front.instavin.com/_O/dealer-bundles/order'

2018-06-01 10:11:37 - [TEST_STEP][PASSED] - verifyEqual: Actual object 'https://dev-front.instavin.com/_O/dealer-bundles/order' and expected object 'https://dev-front.instavin.com/_O/dealer-bundles/order' are equal

2018-06-01 10:11:37 - [MESSAGE][PASSED] - Actual object 'https://dev-front.instavin.com/_O/dealer-bundles/order' and expected object 'https://dev-front.instavin.com/_O/dealer-bundles/order' are equal

2018-06-01 10:11:37 - [TEST_STEP][PASSED] - closeBrowser: Browser is closed

2018-06-01 10:11:37 - [MESSAGE][PASSED] - Browser is closed]]></system-out>
         <system-err><![CDATA[]]></system-err>
      </testcase>
      <testcase name="Test Cases/Affiliate - BuyVTRConsumer" classname="Test Cases/Affiliate - BuyVTRConsumer" status="PASSED">
         <system-out><![CDATA[2018-06-01 10:11:37 - [TEST_CASE][PASSED] - Test Cases/Affiliate - BuyVTRConsumer: Test Cases/Affiliate - BuyVTRConsumer

2018-06-01 10:11:38 - [TEST_STEP][PASSED] - openBrowser: Browser is opened with url: ''

2018-06-01 10:11:40 - [MESSAGE][PASSED] - Browser is opened with url: ''

2018-06-01 10:11:40 - [TEST_STEP][PASSED] - maximizeWindow: Current window maximized

2018-06-01 10:11:41 - [MESSAGE][PASSED] - Current window maximized

2018-06-01 10:11:41 - [TEST_STEP][PASSED] - Statement - OrderURL = com.kms.katalon.core.webui.keyword.WebUiBuiltInKeywords.concatenate([StagingReact, AffiliateURL, "order/"]): Concatenated string array: '['https://dev-front.instavin.com/','_O/autotest/','order/']' into 'https://dev-front.instavin.com/_O/autotest/order/'

2018-06-01 10:11:41 - [MESSAGE][PASSED] - Concatenated string array: '['https://dev-front.instavin.com/','_O/autotest/','order/']' into 'https://dev-front.instavin.com/_O/autotest/order/'

2018-06-01 10:11:41 - [TEST_STEP][PASSED] - navigateToUrl: Navigate to 'https://dev-front.instavin.com/_O/autotest/order/' successfully

2018-06-01 10:11:44 - [MESSAGE][PASSED] - Navigate to 'https://dev-front.instavin.com/_O/autotest/order/' successfully

2018-06-01 10:11:44 - [TEST_STEP][PASSED] - waitForElementVisible: Object 'Object Repository/LoggedInReactPages/Order (react)/instaVINProducts_Label' is visible

2018-06-01 10:11:44 - [MESSAGE][WARNING] - Timeout '0' is invalid. Using default page load timeout: '30'

2018-06-01 10:11:44 - [MESSAGE][PASSED] - Object 'Object Repository/LoggedInReactPages/Order (react)/instaVINProducts_Label' is visible

2018-06-01 10:11:44 - [TEST_STEP][PASSED] - verifyElementText: Actual text and expected text of test object 'Object Repository/LoggedInReactPages/Order (react)/VtrPrice1' are matched.

2018-06-01 10:11:44 - [MESSAGE][PASSED] - Actual text and expected text of test object 'Object Repository/LoggedInReactPages/Order (react)/VtrPrice1' are matched.

2018-06-01 10:11:44 - [TEST_STEP][PASSED] - verifyElementText: Actual text and expected text of test object 'Object Repository/LoggedInReactPages/Order (react)/VtrPrice10' are matched.

2018-06-01 10:11:44 - [MESSAGE][PASSED] - Actual text and expected text of test object 'Object Repository/LoggedInReactPages/Order (react)/VtrPrice10' are matched.

2018-06-01 10:11:44 - [TEST_STEP][PASSED] - verifyElementText: Actual text and expected text of test object 'Object Repository/LoggedInReactPages/Order (react)/VtrPrice50' are matched.

2018-06-01 10:11:44 - [MESSAGE][PASSED] - Actual text and expected text of test object 'Object Repository/LoggedInReactPages/Order (react)/VtrPrice50' are matched.

2018-06-01 10:11:44 - [TEST_STEP][PASSED] - setText: Text 'SAJWA43C199B29849' is set on object 'Object Repository/LoggedInReactPages/Order (react)/VINCheckForm_EnterVINInput'

2018-06-01 10:11:44 - [MESSAGE][PASSED] - Text 'SAJWA43C199B29849' is set on object 'Object Repository/LoggedInReactPages/Order (react)/VINCheckForm_EnterVINInput'

2018-06-01 10:11:44 - [TEST_STEP][PASSED] - click: Object: 'Object Repository/LoggedInReactPages/Order (react)/CheckVin_ArrowButton' is clicked on

2018-06-01 10:11:44 - [MESSAGE][PASSED] - Object: 'Object Repository/LoggedInReactPages/Order (react)/CheckVin_ArrowButton' is clicked on

2018-06-01 10:11:44 - [TEST_STEP][PASSED] - waitForElementVisible: Object 'Object Repository/LoggedInReactPages/Order (react)/ChangeVIN_Cross' is visible

2018-06-01 10:11:44 - [MESSAGE][WARNING] - Timeout '0' is invalid. Using default page load timeout: '30'

2018-06-01 10:11:45 - [MESSAGE][PASSED] - Object 'Object Repository/LoggedInReactPages/Order (react)/ChangeVIN_Cross' is visible

2018-06-01 10:11:45 - [TEST_STEP][PASSED] - verifyElementVisible: Object 'Object Repository/LoggedInReactPages/Order (react)/OrderNow_OrangeButton' is visible

2018-06-01 10:11:45 - [MESSAGE][PASSED] - Object 'Object Repository/LoggedInReactPages/Order (react)/OrderNow_OrangeButton' is visible

2018-06-01 10:11:45 - [TEST_STEP][PASSED] - click: Object: 'Object Repository/LoggedInReactPages/Order (react)/OrderNow_OrangeButton' is clicked on

2018-06-01 10:11:45 - [MESSAGE][PASSED] - Object: 'Object Repository/LoggedInReactPages/Order (react)/OrderNow_OrangeButton' is clicked on

2018-06-01 10:11:45 - [TEST_STEP][PASSED] - waitForElementVisible: Object 'Object Repository/LoggedInReactPages/Order (react)/Purchase_Button' is visible

2018-06-01 10:11:45 - [MESSAGE][WARNING] - Timeout '0' is invalid. Using default page load timeout: '30'

2018-06-01 10:11:45 - [MESSAGE][PASSED] - Object 'Object Repository/LoggedInReactPages/Order (react)/Purchase_Button' is visible

2018-06-01 10:11:45 - [TEST_STEP][PASSED] - Statement - now = new java.util.Date(): null

2018-06-01 10:11:45 - [TEST_STEP][PASSED] - Statement - rnd = now.format("yyyyMMddHHmmssSSS").toString(): null

2018-06-01 10:11:45 - [TEST_STEP][PASSED] - Statement - Email = com.kms.katalon.core.webui.keyword.WebUiBuiltInKeywords.concatenate(["affiliate", rnd, "@mailinator.com"]): Concatenated string array: '['affiliate','20180601101145561','@mailinator.com']' into 'affiliate20180601101145561@mailinator.com'

2018-06-01 10:11:45 - [MESSAGE][PASSED] - Concatenated string array: '['affiliate','20180601101145561','@mailinator.com']' into 'affiliate20180601101145561@mailinator.com'

2018-06-01 10:11:45 - [TEST_STEP][PASSED] - callTestCase: Call Test Case 'Test Cases/Base Tests/OrderSignUpBase' successfully

2018-06-01 10:11:45 - [TEST_CASE][PASSED] - Test Cases/Base Tests/OrderSignUpBase: Test Cases/Base Tests/OrderSignUpBase

2018-06-01 10:11:45 - [TEST_STEP][PASSED] - setText: Text 'Affiliate' is set on object 'Object Repository/LoggedOutReactPages/OrderLoggedOut/FirstName_Input'

2018-06-01 10:11:46 - [MESSAGE][PASSED] - Text 'Affiliate' is set on object 'Object Repository/LoggedOutReactPages/OrderLoggedOut/FirstName_Input'

2018-06-01 10:11:46 - [TEST_STEP][PASSED] - setText: Text 'Test' is set on object 'Object Repository/LoggedOutReactPages/OrderLoggedOut/LastName_Input'

2018-06-01 10:11:46 - [MESSAGE][PASSED] - Text 'Test' is set on object 'Object Repository/LoggedOutReactPages/OrderLoggedOut/LastName_Input'

2018-06-01 10:11:46 - [TEST_STEP][PASSED] - setText: Text 'test' is set on object 'Object Repository/LoggedOutReactPages/OrderLoggedOut/Address_Input'

2018-06-01 10:11:46 - [MESSAGE][PASSED] - Text 'test' is set on object 'Object Repository/LoggedOutReactPages/OrderLoggedOut/Address_Input'

2018-06-01 10:11:46 - [TEST_STEP][PASSED] - setText: Text 'test' is set on object 'Object Repository/LoggedOutReactPages/OrderLoggedOut/City_Input'

2018-06-01 10:11:47 - [MESSAGE][PASSED] - Text 'test' is set on object 'Object Repository/LoggedOutReactPages/OrderLoggedOut/City_Input'

2018-06-01 10:11:47 - [TEST_STEP][PASSED] - selectOptionByValue: All options with value 'TX' are selected in object 'Object Repository/LoggedOutReactPages/OrderLoggedOut/State_Dropdown' 

2018-06-01 10:11:47 - [MESSAGE][PASSED] - All options with value 'TX' are selected in object 'Object Repository/LoggedOutReactPages/OrderLoggedOut/State_Dropdown' 

2018-06-01 10:11:47 - [TEST_STEP][PASSED] - setText: Text '11111' is set on object 'Object Repository/LoggedOutReactPages/OrderLoggedOut/Zip_Input'

2018-06-01 10:11:47 - [MESSAGE][PASSED] - Text '11111' is set on object 'Object Repository/LoggedOutReactPages/OrderLoggedOut/Zip_Input'

2018-06-01 10:11:47 - [TEST_STEP][PASSED] - setText: Text '8001112233' is set on object 'Object Repository/LoggedOutReactPages/OrderLoggedOut/Phone_Input'

2018-06-01 10:11:48 - [MESSAGE][PASSED] - Text '8001112233' is set on object 'Object Repository/LoggedOutReactPages/OrderLoggedOut/Phone_Input'

2018-06-01 10:11:48 - [TEST_STEP][PASSED] - setText: Text 'affiliate20180601101145561@mailinator.com' is set on object 'Object Repository/LoggedOutReactPages/OrderLoggedOut/Email_Input'

2018-06-01 10:11:48 - [MESSAGE][PASSED] - Text 'affiliate20180601101145561@mailinator.com' is set on object 'Object Repository/LoggedOutReactPages/OrderLoggedOut/Email_Input'

2018-06-01 10:11:48 - [TEST_STEP][PASSED] - setText: Text '4000100011112224' is set on object 'Object Repository/LoggedOutReactPages/OrderLoggedOut/CcNumber_Input'

2018-06-01 10:11:49 - [MESSAGE][PASSED] - Text '4000100011112224' is set on object 'Object Repository/LoggedOutReactPages/OrderLoggedOut/CcNumber_Input'

2018-06-01 10:11:49 - [TEST_STEP][PASSED] - setText: Text '111' is set on object 'Object Repository/LoggedOutReactPages/OrderLoggedOut/CVV_Input'

2018-06-01 10:11:49 - [MESSAGE][PASSED] - Text '111' is set on object 'Object Repository/LoggedOutReactPages/OrderLoggedOut/CVV_Input'

2018-06-01 10:11:49 - [TEST_STEP][PASSED] - selectOptionByValue: All options with value '11' are selected in object 'Object Repository/LoggedOutReactPages/OrderLoggedOut/ExpirationMonth_Dropdown' 

2018-06-01 10:11:49 - [MESSAGE][PASSED] - All options with value '11' are selected in object 'Object Repository/LoggedOutReactPages/OrderLoggedOut/ExpirationMonth_Dropdown' 

2018-06-01 10:11:49 - [TEST_STEP][PASSED] - selectOptionByValue: All options with value '2020' are selected in object 'Object Repository/LoggedOutReactPages/OrderLoggedOut/ExpirationYear_Dropdown' 

2018-06-01 10:11:49 - [MESSAGE][PASSED] - All options with value '2020' are selected in object 'Object Repository/LoggedOutReactPages/OrderLoggedOut/ExpirationYear_Dropdown' 

2018-06-01 10:11:49 - [TEST_STEP][PASSED] - selectOptionByValue: All options with value '0' are selected in object 'Object Repository/LoggedOutReactPages/OrderLoggedOut/UserType_Dropdown' 

2018-06-01 10:11:49 - [MESSAGE][PASSED] - All options with value '0' are selected in object 'Object Repository/LoggedOutReactPages/OrderLoggedOut/UserType_Dropdown' 

2018-06-01 10:11:49 - [TEST_STEP][PASSED] - check: Object 'Object Repository/LoggedOutReactPages/OrderLoggedOut/Terms_Checkbox' is checked

2018-06-01 10:11:50 - [MESSAGE][PASSED] - Object 'Object Repository/LoggedOutReactPages/OrderLoggedOut/Terms_Checkbox' is checked

2018-06-01 10:11:50 - [TEST_STEP][PASSED] - click: Object: 'Object Repository/LoggedInReactPages/Order (react)/Purchase_Button' is clicked on

2018-06-01 10:11:50 - [MESSAGE][PASSED] - Object: 'Object Repository/LoggedInReactPages/Order (react)/Purchase_Button' is clicked on

2018-06-01 10:11:50 - [MESSAGE][PASSED] - Call Test Case 'Test Cases/Base Tests/OrderSignUpBase' successfully

2018-06-01 10:11:50 - [TEST_STEP][PASSED] - waitForElementClickable: Object 'Object Repository/LoggedInReactPages/Order (react)/CompletePurchase_Button' is clickable

2018-06-01 10:11:50 - [MESSAGE][WARNING] - Timeout '0' is invalid. Using default page load timeout: '30'

2018-06-01 10:11:50 - [MESSAGE][PASSED] - Object 'Object Repository/LoggedInReactPages/Order (react)/CompletePurchase_Button' is clickable

2018-06-01 10:11:50 - [TEST_STEP][PASSED] - Statement - Price = com.kms.katalon.core.webui.keyword.WebUiBuiltInKeywords.concatenate(["Only ", Vtr1]): Concatenated string array: '['Only ','$333.00']' into 'Only $333.00'

2018-06-01 10:11:50 - [MESSAGE][PASSED] - Concatenated string array: '['Only ','$333.00']' into 'Only $333.00'

2018-06-01 10:11:50 - [TEST_STEP][PASSED] - verifyElementText: Actual text and expected text of test object 'Object Repository/LoggedInReactPages/Order (react)/Confirm_Price' are matched.

2018-06-01 10:11:50 - [MESSAGE][PASSED] - Actual text and expected text of test object 'Object Repository/LoggedInReactPages/Order (react)/Confirm_Price' are matched.

2018-06-01 10:11:50 - [TEST_STEP][PASSED] - click: Object: 'Object Repository/LoggedInReactPages/Order (react)/CompletePurchase_Button' is clicked on

2018-06-01 10:11:50 - [MESSAGE][PASSED] - Object: 'Object Repository/LoggedInReactPages/Order (react)/CompletePurchase_Button' is clicked on

2018-06-01 10:11:51 - [TEST_STEP][PASSED] - waitForElementPresent: Object 'Object Repository/LoggedInReactPages/Order (react)/VINCheckForm_EnterVINInput' is present

2018-06-01 10:11:51 - [MESSAGE][WARNING] - Timeout '0' is invalid. Using default page load timeout: '30'

2018-06-01 10:11:56 - [MESSAGE][PASSED] - Object 'Object Repository/LoggedInReactPages/Order (react)/VINCheckForm_EnterVINInput' is present

2018-06-01 10:11:56 - [TEST_STEP][PASSED] - waitForElementClickable: Object 'Object Repository/LoggedInReactPages/Order (react)/ViewReport_Button' is clickable

2018-06-01 10:11:56 - [MESSAGE][WARNING] - Timeout '0' is invalid. Using default page load timeout: '30'

2018-06-01 10:11:56 - [MESSAGE][PASSED] - Object 'Object Repository/LoggedInReactPages/Order (react)/ViewReport_Button' is clickable

2018-06-01 10:11:56 - [TEST_STEP][PASSED] - verifyTextPresent: Text 'Thank you for using instaVIN!' is present on page 

2018-06-01 10:11:56 - [MESSAGE][PASSED] - Text 'Thank you for using instaVIN!' is present on page 

2018-06-01 10:11:56 - [TEST_STEP][PASSED] - verifyElementText: Actual text and expected text of test object 'Object Repository/LoggedInReactPages/Order (react)/ViewReport - Vin' are matched.

2018-06-01 10:11:56 - [MESSAGE][PASSED] - Actual text and expected text of test object 'Object Repository/LoggedInReactPages/Order (react)/ViewReport - Vin' are matched.

2018-06-01 10:11:56 - [TEST_STEP][PASSED] - verifyElementText: Actual text and expected text of test object 'Object Repository/LoggedInReactPages/Order (react)/ViewReport - ReportType' are matched.

2018-06-01 10:11:56 - [MESSAGE][PASSED] - Actual text and expected text of test object 'Object Repository/LoggedInReactPages/Order (react)/ViewReport - ReportType' are matched.

2018-06-01 10:11:56 - [TEST_STEP][PASSED] - click: Object: 'Object Repository/LoggedInReactPages/Order (react)/ViewReport_Button' is clicked on

2018-06-01 10:11:58 - [MESSAGE][PASSED] - Object: 'Object Repository/LoggedInReactPages/Order (react)/ViewReport_Button' is clicked on

2018-06-01 10:11:58 - [TEST_STEP][PASSED] - waitForElementVisible: Object 'Object Repository/LoggedInReactPages/ReportSummary/ReportHeader' is visible

2018-06-01 10:11:58 - [MESSAGE][WARNING] - Timeout '0' is invalid. Using default page load timeout: '30'

2018-06-01 10:11:59 - [MESSAGE][PASSED] - Object 'Object Repository/LoggedInReactPages/ReportSummary/ReportHeader' is visible

2018-06-01 10:11:59 - [TEST_STEP][PASSED] - verifyElementText: Actual text and expected text of test object 'Object Repository/LoggedInReactPages/ReportSummary/VehicleTitle' are matched.

2018-06-01 10:11:59 - [MESSAGE][PASSED] - Actual text and expected text of test object 'Object Repository/LoggedInReactPages/ReportSummary/VehicleTitle' are matched.

2018-06-01 10:11:59 - [TEST_STEP][PASSED] - verifyElementAttributeValue: Object 'Object Repository/LoggedInReactPages/ReportSummary/ReportType' has attribute 'class' with value 'ReportGrade AlertSuccess'

2018-06-01 10:11:59 - [MESSAGE][WARNING] - Timeout '0' is invalid. Using default page load timeout: '30'

2018-06-01 10:11:59 - [MESSAGE][PASSED] - Object 'Object Repository/LoggedInReactPages/ReportSummary/ReportType' has attribute 'class' with value 'ReportGrade AlertSuccess'

2018-06-01 10:11:59 - [TEST_STEP][PASSED] - verifyElementText: Actual text and expected text of test object 'Object Repository/LoggedInReactPages/ReportSummary/ReportType' are matched.

2018-06-01 10:11:59 - [MESSAGE][PASSED] - Actual text and expected text of test object 'Object Repository/LoggedInReactPages/ReportSummary/ReportType' are matched.

2018-06-01 10:11:59 - [TEST_STEP][PASSED] - verifyElementAttributeValue: Object 'Object Repository/LoggedInReactPages/ReportSummary/VehicleSpecsStatus' has attribute 'class' with value 'SummaryAlertContainer AlertSuccess'

2018-06-01 10:11:59 - [MESSAGE][WARNING] - Timeout '0' is invalid. Using default page load timeout: '30'

2018-06-01 10:11:59 - [MESSAGE][PASSED] - Object 'Object Repository/LoggedInReactPages/ReportSummary/VehicleSpecsStatus' has attribute 'class' with value 'SummaryAlertContainer AlertSuccess'

2018-06-01 10:11:59 - [TEST_STEP][PASSED] - verifyElementAttributeValue: Object 'Object Repository/LoggedInReactPages/ReportSummary/JunkSalvageStatus' has attribute 'class' with value 'SummaryAlertContainer AlertSuccess'

2018-06-01 10:11:59 - [MESSAGE][WARNING] - Timeout '0' is invalid. Using default page load timeout: '30'

2018-06-01 10:11:59 - [MESSAGE][PASSED] - Object 'Object Repository/LoggedInReactPages/ReportSummary/JunkSalvageStatus' has attribute 'class' with value 'SummaryAlertContainer AlertSuccess'

2018-06-01 10:11:59 - [TEST_STEP][PASSED] - verifyElementAttributeValue: Object 'Object Repository/LoggedInReactPages/ReportSummary/TitleStatus' has attribute 'class' with value 'SummaryAlertContainer AlertSuccess'

2018-06-01 10:11:59 - [MESSAGE][WARNING] - Timeout '0' is invalid. Using default page load timeout: '30'

2018-06-01 10:11:59 - [MESSAGE][PASSED] - Object 'Object Repository/LoggedInReactPages/ReportSummary/TitleStatus' has attribute 'class' with value 'SummaryAlertContainer AlertSuccess'

2018-06-01 10:11:59 - [TEST_STEP][PASSED] - verifyElementAttributeValue: Object 'Object Repository/LoggedInReactPages/ReportSummary/OtherStatus' has attribute 'class' with value 'SummaryAlertContainer AlertSuccess'

2018-06-01 10:11:59 - [MESSAGE][WARNING] - Timeout '0' is invalid. Using default page load timeout: '30'

2018-06-01 10:11:59 - [MESSAGE][PASSED] - Object 'Object Repository/LoggedInReactPages/ReportSummary/OtherStatus' has attribute 'class' with value 'SummaryAlertContainer AlertSuccess'

2018-06-01 10:11:59 - [TEST_STEP][PASSED] - verifyElementAttributeValue: Object 'Object Repository/LoggedInReactPages/ReportSummary/VehicleRecallStatus' has attribute 'class' with value 'SummaryAlertContainer AlertSuccess'

2018-06-01 10:11:59 - [MESSAGE][WARNING] - Timeout '0' is invalid. Using default page load timeout: '30'

2018-06-01 10:11:59 - [MESSAGE][PASSED] - Object 'Object Repository/LoggedInReactPages/ReportSummary/VehicleRecallStatus' has attribute 'class' with value 'SummaryAlertContainer AlertSuccess'

2018-06-01 10:11:59 - [TEST_STEP][PASSED] - verifyElementText: Actual text and expected text of test object 'Object Repository/LoggedInReactPages/ReportSummary/OdometerStatus' are matched.

2018-06-01 10:11:59 - [MESSAGE][PASSED] - Actual text and expected text of test object 'Object Repository/LoggedInReactPages/ReportSummary/OdometerStatus' are matched.

2018-06-01 10:11:59 - [TEST_STEP][PASSED] - navigateToUrl: Navigate to 'https://dev-front.instavin.com/_O/autotest/order/' successfully

2018-06-01 10:12:00 - [MESSAGE][PASSED] - Navigate to 'https://dev-front.instavin.com/_O/autotest/order/' successfully

2018-06-01 10:12:00 - [TEST_STEP][PASSED] - verifyElementText: Actual text and expected text of test object 'Object Repository/LoggedInReactPages/Order (react)/VtrPrice1' are matched.

2018-06-01 10:12:01 - [MESSAGE][PASSED] - Actual text and expected text of test object 'Object Repository/LoggedInReactPages/Order (react)/VtrPrice1' are matched.

2018-06-01 10:12:01 - [TEST_STEP][PASSED] - verifyElementText: Actual text and expected text of test object 'Object Repository/LoggedInReactPages/Order (react)/VtrPrice10' are matched.

2018-06-01 10:12:01 - [MESSAGE][PASSED] - Actual text and expected text of test object 'Object Repository/LoggedInReactPages/Order (react)/VtrPrice10' are matched.

2018-06-01 10:12:01 - [TEST_STEP][PASSED] - closeBrowser: Browser is closed

2018-06-01 10:12:02 - [MESSAGE][PASSED] - Browser is closed]]></system-out>
         <system-err><![CDATA[]]></system-err>
      </testcase>
      <testcase name="Test Cases/Affiliate - BuyVTRDealer" classname="Test Cases/Affiliate - BuyVTRDealer" status="PASSED">
         <system-out><![CDATA[2018-06-01 10:12:02 - [TEST_CASE][PASSED] - Test Cases/Affiliate - BuyVTRDealer: Test Cases/Affiliate - BuyVTRDealer

2018-06-01 10:12:02 - [TEST_STEP][PASSED] - openBrowser: Browser is opened with url: ''

2018-06-01 10:12:04 - [MESSAGE][PASSED] - Browser is opened with url: ''

2018-06-01 10:12:04 - [TEST_STEP][PASSED] - maximizeWindow: Current window maximized

2018-06-01 10:12:05 - [MESSAGE][PASSED] - Current window maximized

2018-06-01 10:12:05 - [TEST_STEP][PASSED] - Statement - OrderURL = com.kms.katalon.core.webui.keyword.WebUiBuiltInKeywords.concatenate([StagingReact, AffiliateURL, "order/"]): Concatenated string array: '['https://dev-front.instavin.com/','_O/autotest/','order/']' into 'https://dev-front.instavin.com/_O/autotest/order/'

2018-06-01 10:12:05 - [MESSAGE][PASSED] - Concatenated string array: '['https://dev-front.instavin.com/','_O/autotest/','order/']' into 'https://dev-front.instavin.com/_O/autotest/order/'

2018-06-01 10:12:05 - [TEST_STEP][PASSED] - navigateToUrl: Navigate to 'https://dev-front.instavin.com/_O/autotest/order/' successfully

2018-06-01 10:12:08 - [MESSAGE][PASSED] - Navigate to 'https://dev-front.instavin.com/_O/autotest/order/' successfully

2018-06-01 10:12:08 - [TEST_STEP][PASSED] - waitForElementVisible: Object 'Object Repository/LoggedInReactPages/Order (react)/instaVINProducts_Label' is visible

2018-06-01 10:12:08 - [MESSAGE][WARNING] - Timeout '0' is invalid. Using default page load timeout: '30'

2018-06-01 10:12:08 - [MESSAGE][PASSED] - Object 'Object Repository/LoggedInReactPages/Order (react)/instaVINProducts_Label' is visible

2018-06-01 10:12:08 - [TEST_STEP][PASSED] - verifyElementText: Actual text and expected text of test object 'Object Repository/LoggedInReactPages/Order (react)/VtrPrice1' are matched.

2018-06-01 10:12:08 - [MESSAGE][PASSED] - Actual text and expected text of test object 'Object Repository/LoggedInReactPages/Order (react)/VtrPrice1' are matched.

2018-06-01 10:12:08 - [TEST_STEP][PASSED] - verifyElementText: Actual text and expected text of test object 'Object Repository/LoggedInReactPages/Order (react)/VtrPrice10' are matched.

2018-06-01 10:12:08 - [MESSAGE][PASSED] - Actual text and expected text of test object 'Object Repository/LoggedInReactPages/Order (react)/VtrPrice10' are matched.

2018-06-01 10:12:08 - [TEST_STEP][PASSED] - verifyElementText: Actual text and expected text of test object 'Object Repository/LoggedInReactPages/Order (react)/VtrPrice50' are matched.

2018-06-01 10:12:08 - [MESSAGE][PASSED] - Actual text and expected text of test object 'Object Repository/LoggedInReactPages/Order (react)/VtrPrice50' are matched.

2018-06-01 10:12:08 - [TEST_STEP][PASSED] - setText: Text 'SAJWA43C199B29849' is set on object 'Object Repository/LoggedInReactPages/Order (react)/VINCheckForm_EnterVINInput'

2018-06-01 10:12:08 - [MESSAGE][PASSED] - Text 'SAJWA43C199B29849' is set on object 'Object Repository/LoggedInReactPages/Order (react)/VINCheckForm_EnterVINInput'

2018-06-01 10:12:08 - [TEST_STEP][PASSED] - click: Object: 'Object Repository/LoggedInReactPages/Order (react)/CheckVin_ArrowButton' is clicked on

2018-06-01 10:12:08 - [MESSAGE][PASSED] - Object: 'Object Repository/LoggedInReactPages/Order (react)/CheckVin_ArrowButton' is clicked on

2018-06-01 10:12:08 - [TEST_STEP][PASSED] - waitForElementVisible: Object 'Object Repository/LoggedInReactPages/Order (react)/ChangeVIN_Cross' is visible

2018-06-01 10:12:08 - [MESSAGE][WARNING] - Timeout '0' is invalid. Using default page load timeout: '30'

2018-06-01 10:12:09 - [MESSAGE][PASSED] - Object 'Object Repository/LoggedInReactPages/Order (react)/ChangeVIN_Cross' is visible

2018-06-01 10:12:09 - [TEST_STEP][PASSED] - verifyElementVisible: Object 'Object Repository/LoggedInReactPages/Order (react)/OrderNow_OrangeButton' is visible

2018-06-01 10:12:09 - [MESSAGE][PASSED] - Object 'Object Repository/LoggedInReactPages/Order (react)/OrderNow_OrangeButton' is visible

2018-06-01 10:12:09 - [TEST_STEP][PASSED] - click: Object: 'Object Repository/LoggedInReactPages/Order (react)/OrderNow_OrangeButton' is clicked on

2018-06-01 10:12:09 - [MESSAGE][PASSED] - Object: 'Object Repository/LoggedInReactPages/Order (react)/OrderNow_OrangeButton' is clicked on

2018-06-01 10:12:09 - [TEST_STEP][PASSED] - waitForElementVisible: Object 'Object Repository/LoggedInReactPages/Order (react)/Purchase_Button' is visible

2018-06-01 10:12:09 - [MESSAGE][WARNING] - Timeout '0' is invalid. Using default page load timeout: '30'

2018-06-01 10:12:09 - [MESSAGE][PASSED] - Object 'Object Repository/LoggedInReactPages/Order (react)/Purchase_Button' is visible

2018-06-01 10:12:09 - [TEST_STEP][PASSED] - Statement - now = new java.util.Date(): null

2018-06-01 10:12:09 - [TEST_STEP][PASSED] - Statement - rnd = now.format("yyyyMMddHHmmssSSS").toString(): null

2018-06-01 10:12:09 - [TEST_STEP][PASSED] - Statement - Email = com.kms.katalon.core.webui.keyword.WebUiBuiltInKeywords.concatenate(["affiliate", rnd, "@mailinator.com"]): Concatenated string array: '['affiliate','20180601101209539','@mailinator.com']' into 'affiliate20180601101209539@mailinator.com'

2018-06-01 10:12:09 - [MESSAGE][PASSED] - Concatenated string array: '['affiliate','20180601101209539','@mailinator.com']' into 'affiliate20180601101209539@mailinator.com'

2018-06-01 10:12:09 - [TEST_STEP][PASSED] - callTestCase: Call Test Case 'Test Cases/Base Tests/OrderSignUpBase' successfully

2018-06-01 10:12:09 - [TEST_CASE][PASSED] - Test Cases/Base Tests/OrderSignUpBase: Test Cases/Base Tests/OrderSignUpBase

2018-06-01 10:12:09 - [TEST_STEP][PASSED] - setText: Text 'Affiliate' is set on object 'Object Repository/LoggedOutReactPages/OrderLoggedOut/FirstName_Input'

2018-06-01 10:12:09 - [MESSAGE][PASSED] - Text 'Affiliate' is set on object 'Object Repository/LoggedOutReactPages/OrderLoggedOut/FirstName_Input'

2018-06-01 10:12:10 - [TEST_STEP][PASSED] - setText: Text 'Test' is set on object 'Object Repository/LoggedOutReactPages/OrderLoggedOut/LastName_Input'

2018-06-01 10:12:10 - [MESSAGE][PASSED] - Text 'Test' is set on object 'Object Repository/LoggedOutReactPages/OrderLoggedOut/LastName_Input'

2018-06-01 10:12:10 - [TEST_STEP][PASSED] - setText: Text 'test' is set on object 'Object Repository/LoggedOutReactPages/OrderLoggedOut/Address_Input'

2018-06-01 10:12:10 - [MESSAGE][PASSED] - Text 'test' is set on object 'Object Repository/LoggedOutReactPages/OrderLoggedOut/Address_Input'

2018-06-01 10:12:10 - [TEST_STEP][PASSED] - setText: Text 'test' is set on object 'Object Repository/LoggedOutReactPages/OrderLoggedOut/City_Input'

2018-06-01 10:12:10 - [MESSAGE][PASSED] - Text 'test' is set on object 'Object Repository/LoggedOutReactPages/OrderLoggedOut/City_Input'

2018-06-01 10:12:10 - [TEST_STEP][PASSED] - selectOptionByValue: All options with value 'TX' are selected in object 'Object Repository/LoggedOutReactPages/OrderLoggedOut/State_Dropdown' 

2018-06-01 10:12:11 - [MESSAGE][PASSED] - All options with value 'TX' are selected in object 'Object Repository/LoggedOutReactPages/OrderLoggedOut/State_Dropdown' 

2018-06-01 10:12:11 - [TEST_STEP][PASSED] - setText: Text '11111' is set on object 'Object Repository/LoggedOutReactPages/OrderLoggedOut/Zip_Input'

2018-06-01 10:12:11 - [MESSAGE][PASSED] - Text '11111' is set on object 'Object Repository/LoggedOutReactPages/OrderLoggedOut/Zip_Input'

2018-06-01 10:12:11 - [TEST_STEP][PASSED] - setText: Text '8001112233' is set on object 'Object Repository/LoggedOutReactPages/OrderLoggedOut/Phone_Input'

2018-06-01 10:12:11 - [MESSAGE][PASSED] - Text '8001112233' is set on object 'Object Repository/LoggedOutReactPages/OrderLoggedOut/Phone_Input'

2018-06-01 10:12:11 - [TEST_STEP][PASSED] - setText: Text 'affiliate20180601101209539@mailinator.com' is set on object 'Object Repository/LoggedOutReactPages/OrderLoggedOut/Email_Input'

2018-06-01 10:12:12 - [MESSAGE][PASSED] - Text 'affiliate20180601101209539@mailinator.com' is set on object 'Object Repository/LoggedOutReactPages/OrderLoggedOut/Email_Input'

2018-06-01 10:12:12 - [TEST_STEP][PASSED] - setText: Text '4000100011112224' is set on object 'Object Repository/LoggedOutReactPages/OrderLoggedOut/CcNumber_Input'

2018-06-01 10:12:12 - [MESSAGE][PASSED] - Text '4000100011112224' is set on object 'Object Repository/LoggedOutReactPages/OrderLoggedOut/CcNumber_Input'

2018-06-01 10:12:12 - [TEST_STEP][PASSED] - setText: Text '111' is set on object 'Object Repository/LoggedOutReactPages/OrderLoggedOut/CVV_Input'

2018-06-01 10:12:12 - [MESSAGE][PASSED] - Text '111' is set on object 'Object Repository/LoggedOutReactPages/OrderLoggedOut/CVV_Input'

2018-06-01 10:12:12 - [TEST_STEP][PASSED] - selectOptionByValue: All options with value '11' are selected in object 'Object Repository/LoggedOutReactPages/OrderLoggedOut/ExpirationMonth_Dropdown' 

2018-06-01 10:12:13 - [MESSAGE][PASSED] - All options with value '11' are selected in object 'Object Repository/LoggedOutReactPages/OrderLoggedOut/ExpirationMonth_Dropdown' 

2018-06-01 10:12:13 - [TEST_STEP][PASSED] - selectOptionByValue: All options with value '2020' are selected in object 'Object Repository/LoggedOutReactPages/OrderLoggedOut/ExpirationYear_Dropdown' 

2018-06-01 10:12:13 - [MESSAGE][PASSED] - All options with value '2020' are selected in object 'Object Repository/LoggedOutReactPages/OrderLoggedOut/ExpirationYear_Dropdown' 

2018-06-01 10:12:13 - [TEST_STEP][PASSED] - selectOptionByValue: All options with value '1' are selected in object 'Object Repository/LoggedOutReactPages/OrderLoggedOut/UserType_Dropdown' 

2018-06-01 10:12:13 - [MESSAGE][PASSED] - All options with value '1' are selected in object 'Object Repository/LoggedOutReactPages/OrderLoggedOut/UserType_Dropdown' 

2018-06-01 10:12:13 - [TEST_STEP][PASSED] - check: Object 'Object Repository/LoggedOutReactPages/OrderLoggedOut/Terms_Checkbox' is checked

2018-06-01 10:12:13 - [MESSAGE][PASSED] - Object 'Object Repository/LoggedOutReactPages/OrderLoggedOut/Terms_Checkbox' is checked

2018-06-01 10:12:13 - [TEST_STEP][PASSED] - click: Object: 'Object Repository/LoggedInReactPages/Order (react)/Purchase_Button' is clicked on

2018-06-01 10:12:13 - [MESSAGE][PASSED] - Object: 'Object Repository/LoggedInReactPages/Order (react)/Purchase_Button' is clicked on

2018-06-01 10:12:13 - [MESSAGE][PASSED] - Call Test Case 'Test Cases/Base Tests/OrderSignUpBase' successfully

2018-06-01 10:12:13 - [TEST_STEP][PASSED] - waitForElementClickable: Object 'Object Repository/LoggedInReactPages/Order (react)/CompletePurchase_Button' is clickable

2018-06-01 10:12:13 - [MESSAGE][WARNING] - Timeout '0' is invalid. Using default page load timeout: '30'

2018-06-01 10:12:13 - [MESSAGE][PASSED] - Object 'Object Repository/LoggedInReactPages/Order (react)/CompletePurchase_Button' is clickable

2018-06-01 10:12:13 - [TEST_STEP][PASSED] - Statement - Price = com.kms.katalon.core.webui.keyword.WebUiBuiltInKeywords.concatenate(["Only ", Vtr1]): Concatenated string array: '['Only ','$333.00']' into 'Only $333.00'

2018-06-01 10:12:13 - [MESSAGE][PASSED] - Concatenated string array: '['Only ','$333.00']' into 'Only $333.00'

2018-06-01 10:12:14 - [TEST_STEP][PASSED] - verifyElementText: Actual text and expected text of test object 'Object Repository/LoggedInReactPages/Order (react)/Confirm_Price' are matched.

2018-06-01 10:12:14 - [MESSAGE][PASSED] - Actual text and expected text of test object 'Object Repository/LoggedInReactPages/Order (react)/Confirm_Price' are matched.

2018-06-01 10:12:14 - [TEST_STEP][PASSED] - click: Object: 'Object Repository/LoggedInReactPages/Order (react)/CompletePurchase_Button' is clicked on

2018-06-01 10:12:14 - [MESSAGE][PASSED] - Object: 'Object Repository/LoggedInReactPages/Order (react)/CompletePurchase_Button' is clicked on

2018-06-01 10:12:14 - [TEST_STEP][PASSED] - waitForElementPresent: Object 'Object Repository/LoggedInReactPages/Order (react)/VINCheckForm_EnterVINInput' is present

2018-06-01 10:12:14 - [MESSAGE][WARNING] - Timeout '0' is invalid. Using default page load timeout: '30'

2018-06-01 10:12:18 - [MESSAGE][PASSED] - Object 'Object Repository/LoggedInReactPages/Order (react)/VINCheckForm_EnterVINInput' is present

2018-06-01 10:12:18 - [TEST_STEP][PASSED] - waitForElementClickable: Object 'Object Repository/LoggedInReactPages/Order (react)/ViewReport_Button' is clickable

2018-06-01 10:12:18 - [MESSAGE][WARNING] - Timeout '0' is invalid. Using default page load timeout: '30'

2018-06-01 10:12:18 - [MESSAGE][PASSED] - Object 'Object Repository/LoggedInReactPages/Order (react)/ViewReport_Button' is clickable

2018-06-01 10:12:18 - [TEST_STEP][PASSED] - verifyTextPresent: Text 'Thank you for using instaVIN!' is present on page 

2018-06-01 10:12:19 - [MESSAGE][PASSED] - Text 'Thank you for using instaVIN!' is present on page 

2018-06-01 10:12:19 - [TEST_STEP][PASSED] - verifyElementText: Actual text and expected text of test object 'Object Repository/LoggedInReactPages/Order (react)/ViewReport - Vin' are matched.

2018-06-01 10:12:19 - [MESSAGE][PASSED] - Actual text and expected text of test object 'Object Repository/LoggedInReactPages/Order (react)/ViewReport - Vin' are matched.

2018-06-01 10:12:19 - [TEST_STEP][PASSED] - verifyElementText: Actual text and expected text of test object 'Object Repository/LoggedInReactPages/Order (react)/ViewReport - ReportType' are matched.

2018-06-01 10:12:19 - [MESSAGE][PASSED] - Actual text and expected text of test object 'Object Repository/LoggedInReactPages/Order (react)/ViewReport - ReportType' are matched.

2018-06-01 10:12:19 - [TEST_STEP][PASSED] - click: Object: 'Object Repository/LoggedInReactPages/Order (react)/ViewReport_Button' is clicked on

2018-06-01 10:12:20 - [MESSAGE][PASSED] - Object: 'Object Repository/LoggedInReactPages/Order (react)/ViewReport_Button' is clicked on

2018-06-01 10:12:20 - [TEST_STEP][PASSED] - waitForElementVisible: Object 'Object Repository/LoggedInReactPages/ReportSummary/ReportHeader' is visible

2018-06-01 10:12:20 - [MESSAGE][WARNING] - Timeout '0' is invalid. Using default page load timeout: '30'

2018-06-01 10:12:20 - [MESSAGE][PASSED] - Object 'Object Repository/LoggedInReactPages/ReportSummary/ReportHeader' is visible

2018-06-01 10:12:20 - [TEST_STEP][PASSED] - verifyElementText: Actual text and expected text of test object 'Object Repository/LoggedInReactPages/ReportSummary/VehicleTitle' are matched.

2018-06-01 10:12:20 - [MESSAGE][PASSED] - Actual text and expected text of test object 'Object Repository/LoggedInReactPages/ReportSummary/VehicleTitle' are matched.

2018-06-01 10:12:20 - [TEST_STEP][PASSED] - verifyElementAttributeValue: Object 'Object Repository/LoggedInReactPages/ReportSummary/ReportType' has attribute 'class' with value 'ReportGrade AlertSuccess'

2018-06-01 10:12:20 - [MESSAGE][WARNING] - Timeout '0' is invalid. Using default page load timeout: '30'

2018-06-01 10:12:20 - [MESSAGE][PASSED] - Object 'Object Repository/LoggedInReactPages/ReportSummary/ReportType' has attribute 'class' with value 'ReportGrade AlertSuccess'

2018-06-01 10:12:20 - [TEST_STEP][PASSED] - verifyElementText: Actual text and expected text of test object 'Object Repository/LoggedInReactPages/ReportSummary/ReportType' are matched.

2018-06-01 10:12:20 - [MESSAGE][PASSED] - Actual text and expected text of test object 'Object Repository/LoggedInReactPages/ReportSummary/ReportType' are matched.

2018-06-01 10:12:20 - [TEST_STEP][PASSED] - verifyElementAttributeValue: Object 'Object Repository/LoggedInReactPages/ReportSummary/VehicleSpecsStatus' has attribute 'class' with value 'SummaryAlertContainer AlertSuccess'

2018-06-01 10:12:20 - [MESSAGE][WARNING] - Timeout '0' is invalid. Using default page load timeout: '30'

2018-06-01 10:12:20 - [MESSAGE][PASSED] - Object 'Object Repository/LoggedInReactPages/ReportSummary/VehicleSpecsStatus' has attribute 'class' with value 'SummaryAlertContainer AlertSuccess'

2018-06-01 10:12:20 - [TEST_STEP][PASSED] - verifyElementAttributeValue: Object 'Object Repository/LoggedInReactPages/ReportSummary/JunkSalvageStatus' has attribute 'class' with value 'SummaryAlertContainer AlertSuccess'

2018-06-01 10:12:20 - [MESSAGE][WARNING] - Timeout '0' is invalid. Using default page load timeout: '30'

2018-06-01 10:12:20 - [MESSAGE][PASSED] - Object 'Object Repository/LoggedInReactPages/ReportSummary/JunkSalvageStatus' has attribute 'class' with value 'SummaryAlertContainer AlertSuccess'

2018-06-01 10:12:20 - [TEST_STEP][PASSED] - verifyElementAttributeValue: Object 'Object Repository/LoggedInReactPages/ReportSummary/TitleStatus' has attribute 'class' with value 'SummaryAlertContainer AlertSuccess'

2018-06-01 10:12:20 - [MESSAGE][WARNING] - Timeout '0' is invalid. Using default page load timeout: '30'

2018-06-01 10:12:20 - [MESSAGE][PASSED] - Object 'Object Repository/LoggedInReactPages/ReportSummary/TitleStatus' has attribute 'class' with value 'SummaryAlertContainer AlertSuccess'

2018-06-01 10:12:20 - [TEST_STEP][PASSED] - verifyElementAttributeValue: Object 'Object Repository/LoggedInReactPages/ReportSummary/OtherStatus' has attribute 'class' with value 'SummaryAlertContainer AlertSuccess'

2018-06-01 10:12:20 - [MESSAGE][WARNING] - Timeout '0' is invalid. Using default page load timeout: '30'

2018-06-01 10:12:20 - [MESSAGE][PASSED] - Object 'Object Repository/LoggedInReactPages/ReportSummary/OtherStatus' has attribute 'class' with value 'SummaryAlertContainer AlertSuccess'

2018-06-01 10:12:20 - [TEST_STEP][PASSED] - verifyElementAttributeValue: Object 'Object Repository/LoggedInReactPages/ReportSummary/VehicleRecallStatus' has attribute 'class' with value 'SummaryAlertContainer AlertSuccess'

2018-06-01 10:12:20 - [MESSAGE][WARNING] - Timeout '0' is invalid. Using default page load timeout: '30'

2018-06-01 10:12:21 - [MESSAGE][PASSED] - Object 'Object Repository/LoggedInReactPages/ReportSummary/VehicleRecallStatus' has attribute 'class' with value 'SummaryAlertContainer AlertSuccess'

2018-06-01 10:12:21 - [TEST_STEP][PASSED] - verifyElementText: Actual text and expected text of test object 'Object Repository/LoggedInReactPages/ReportSummary/OdometerStatus' are matched.

2018-06-01 10:12:21 - [MESSAGE][PASSED] - Actual text and expected text of test object 'Object Repository/LoggedInReactPages/ReportSummary/OdometerStatus' are matched.

2018-06-01 10:12:21 - [TEST_STEP][PASSED] - navigateToUrl: Navigate to 'https://dev-front.instavin.com/_O/autotest/order/' successfully

2018-06-01 10:12:22 - [MESSAGE][PASSED] - Navigate to 'https://dev-front.instavin.com/_O/autotest/order/' successfully

2018-06-01 10:12:22 - [TEST_STEP][PASSED] - verifyElementText: Actual text and expected text of test object 'Object Repository/LoggedInReactPages/Order (react)/VtrPrice1' are matched.

2018-06-01 10:12:22 - [MESSAGE][PASSED] - Actual text and expected text of test object 'Object Repository/LoggedInReactPages/Order (react)/VtrPrice1' are matched.

2018-06-01 10:12:22 - [TEST_STEP][PASSED] - verifyElementText: Actual text and expected text of test object 'Object Repository/LoggedInReactPages/Order (react)/VtrPrice10' are matched.

2018-06-01 10:12:22 - [MESSAGE][PASSED] - Actual text and expected text of test object 'Object Repository/LoggedInReactPages/Order (react)/VtrPrice10' are matched.

2018-06-01 10:12:22 - [TEST_STEP][PASSED] - verifyElementText: Actual text and expected text of test object 'Object Repository/LoggedInReactPages/Order (react)/VtrPrice50' are matched.

2018-06-01 10:12:22 - [MESSAGE][PASSED] - Actual text and expected text of test object 'Object Repository/LoggedInReactPages/Order (react)/VtrPrice50' are matched.

2018-06-01 10:12:22 - [TEST_STEP][PASSED] - closeBrowser: Browser is closed

2018-06-01 10:12:23 - [MESSAGE][PASSED] - Browser is closed]]></system-out>
         <system-err><![CDATA[]]></system-err>
      </testcase>
      <testcase name="Test Cases/Affiliate - BuyVTRCaDealer" classname="Test Cases/Affiliate - BuyVTRCaDealer" status="PASSED">
         <system-out><![CDATA[2018-06-01 10:12:23 - [TEST_CASE][PASSED] - Test Cases/Affiliate - BuyVTRCaDealer: Test Cases/Affiliate - BuyVTRCaDealer

2018-06-01 10:12:23 - [TEST_STEP][PASSED] - openBrowser: Browser is opened with url: ''

2018-06-01 10:12:25 - [MESSAGE][PASSED] - Browser is opened with url: ''

2018-06-01 10:12:25 - [TEST_STEP][PASSED] - maximizeWindow: Current window maximized

2018-06-01 10:12:27 - [MESSAGE][PASSED] - Current window maximized

2018-06-01 10:12:27 - [TEST_STEP][PASSED] - Statement - OrderURL = com.kms.katalon.core.webui.keyword.WebUiBuiltInKeywords.concatenate([StagingReact, AffiliateURL, "order/"]): Concatenated string array: '['https://dev-front.instavin.com/','_O/autotest/','order/']' into 'https://dev-front.instavin.com/_O/autotest/order/'

2018-06-01 10:12:27 - [MESSAGE][PASSED] - Concatenated string array: '['https://dev-front.instavin.com/','_O/autotest/','order/']' into 'https://dev-front.instavin.com/_O/autotest/order/'

2018-06-01 10:12:27 - [TEST_STEP][PASSED] - navigateToUrl: Navigate to 'https://dev-front.instavin.com/_O/autotest/order/' successfully

2018-06-01 10:12:29 - [MESSAGE][PASSED] - Navigate to 'https://dev-front.instavin.com/_O/autotest/order/' successfully

2018-06-01 10:12:29 - [TEST_STEP][PASSED] - waitForElementVisible: Object 'Object Repository/LoggedInReactPages/Order (react)/instaVINProducts_Label' is visible

2018-06-01 10:12:29 - [MESSAGE][WARNING] - Timeout '0' is invalid. Using default page load timeout: '30'

2018-06-01 10:12:29 - [MESSAGE][PASSED] - Object 'Object Repository/LoggedInReactPages/Order (react)/instaVINProducts_Label' is visible

2018-06-01 10:12:29 - [TEST_STEP][PASSED] - verifyElementText: Actual text and expected text of test object 'Object Repository/LoggedInReactPages/Order (react)/VtrPrice1' are matched.

2018-06-01 10:12:29 - [MESSAGE][PASSED] - Actual text and expected text of test object 'Object Repository/LoggedInReactPages/Order (react)/VtrPrice1' are matched.

2018-06-01 10:12:29 - [TEST_STEP][PASSED] - verifyElementText: Actual text and expected text of test object 'Object Repository/LoggedInReactPages/Order (react)/VtrPrice10' are matched.

2018-06-01 10:12:29 - [MESSAGE][PASSED] - Actual text and expected text of test object 'Object Repository/LoggedInReactPages/Order (react)/VtrPrice10' are matched.

2018-06-01 10:12:29 - [TEST_STEP][PASSED] - verifyElementText: Actual text and expected text of test object 'Object Repository/LoggedInReactPages/Order (react)/VtrPrice50' are matched.

2018-06-01 10:12:29 - [MESSAGE][PASSED] - Actual text and expected text of test object 'Object Repository/LoggedInReactPages/Order (react)/VtrPrice50' are matched.

2018-06-01 10:12:29 - [TEST_STEP][PASSED] - setText: Text 'SAJWA43C199B29849' is set on object 'Object Repository/LoggedInReactPages/Order (react)/VINCheckForm_EnterVINInput'

2018-06-01 10:12:30 - [MESSAGE][PASSED] - Text 'SAJWA43C199B29849' is set on object 'Object Repository/LoggedInReactPages/Order (react)/VINCheckForm_EnterVINInput'

2018-06-01 10:12:30 - [TEST_STEP][PASSED] - click: Object: 'Object Repository/LoggedInReactPages/Order (react)/CheckVin_ArrowButton' is clicked on

2018-06-01 10:12:30 - [MESSAGE][PASSED] - Object: 'Object Repository/LoggedInReactPages/Order (react)/CheckVin_ArrowButton' is clicked on

2018-06-01 10:12:30 - [TEST_STEP][PASSED] - waitForElementVisible: Object 'Object Repository/LoggedInReactPages/Order (react)/ChangeVIN_Cross' is visible

2018-06-01 10:12:30 - [MESSAGE][WARNING] - Timeout '0' is invalid. Using default page load timeout: '30'

2018-06-01 10:12:30 - [MESSAGE][PASSED] - Object 'Object Repository/LoggedInReactPages/Order (react)/ChangeVIN_Cross' is visible

2018-06-01 10:12:30 - [TEST_STEP][PASSED] - verifyElementVisible: Object 'Object Repository/LoggedInReactPages/Order (react)/OrderNow_OrangeButton' is visible

2018-06-01 10:12:30 - [MESSAGE][PASSED] - Object 'Object Repository/LoggedInReactPages/Order (react)/OrderNow_OrangeButton' is visible

2018-06-01 10:12:30 - [TEST_STEP][PASSED] - click: Object: 'Object Repository/LoggedInReactPages/Order (react)/OrderNow_OrangeButton' is clicked on

2018-06-01 10:12:31 - [MESSAGE][PASSED] - Object: 'Object Repository/LoggedInReactPages/Order (react)/OrderNow_OrangeButton' is clicked on

2018-06-01 10:12:31 - [TEST_STEP][PASSED] - waitForElementVisible: Object 'Object Repository/LoggedInReactPages/Order (react)/Purchase_Button' is visible

2018-06-01 10:12:31 - [MESSAGE][WARNING] - Timeout '0' is invalid. Using default page load timeout: '30'

2018-06-01 10:12:31 - [MESSAGE][PASSED] - Object 'Object Repository/LoggedInReactPages/Order (react)/Purchase_Button' is visible

2018-06-01 10:12:31 - [TEST_STEP][PASSED] - Statement - now = new java.util.Date(): null

2018-06-01 10:12:31 - [TEST_STEP][PASSED] - Statement - rnd = now.format("yyyyMMddHHmmssSSS").toString(): null

2018-06-01 10:12:31 - [TEST_STEP][PASSED] - Statement - Email = com.kms.katalon.core.webui.keyword.WebUiBuiltInKeywords.concatenate(["affiliate", rnd, "@mailinator.com"]): Concatenated string array: '['affiliate','20180601101231211','@mailinator.com']' into 'affiliate20180601101231211@mailinator.com'

2018-06-01 10:12:31 - [MESSAGE][PASSED] - Concatenated string array: '['affiliate','20180601101231211','@mailinator.com']' into 'affiliate20180601101231211@mailinator.com'

2018-06-01 10:12:31 - [TEST_STEP][PASSED] - callTestCase: Call Test Case 'Test Cases/Base Tests/OrderSignUpBase' successfully

2018-06-01 10:12:31 - [TEST_CASE][PASSED] - Test Cases/Base Tests/OrderSignUpBase: Test Cases/Base Tests/OrderSignUpBase

2018-06-01 10:12:31 - [TEST_STEP][PASSED] - setText: Text 'Affiliate' is set on object 'Object Repository/LoggedOutReactPages/OrderLoggedOut/FirstName_Input'

2018-06-01 10:12:31 - [MESSAGE][PASSED] - Text 'Affiliate' is set on object 'Object Repository/LoggedOutReactPages/OrderLoggedOut/FirstName_Input'

2018-06-01 10:12:31 - [TEST_STEP][PASSED] - setText: Text 'Cadealer' is set on object 'Object Repository/LoggedOutReactPages/OrderLoggedOut/LastName_Input'

2018-06-01 10:12:32 - [MESSAGE][PASSED] - Text 'Cadealer' is set on object 'Object Repository/LoggedOutReactPages/OrderLoggedOut/LastName_Input'

2018-06-01 10:12:32 - [TEST_STEP][PASSED] - setText: Text 'test' is set on object 'Object Repository/LoggedOutReactPages/OrderLoggedOut/Address_Input'

2018-06-01 10:12:32 - [MESSAGE][PASSED] - Text 'test' is set on object 'Object Repository/LoggedOutReactPages/OrderLoggedOut/Address_Input'

2018-06-01 10:12:32 - [TEST_STEP][PASSED] - setText: Text 'test' is set on object 'Object Repository/LoggedOutReactPages/OrderLoggedOut/City_Input'

2018-06-01 10:12:32 - [MESSAGE][PASSED] - Text 'test' is set on object 'Object Repository/LoggedOutReactPages/OrderLoggedOut/City_Input'

2018-06-01 10:12:32 - [TEST_STEP][PASSED] - selectOptionByValue: All options with value 'CA' are selected in object 'Object Repository/LoggedOutReactPages/OrderLoggedOut/State_Dropdown' 

2018-06-01 10:12:32 - [MESSAGE][PASSED] - All options with value 'CA' are selected in object 'Object Repository/LoggedOutReactPages/OrderLoggedOut/State_Dropdown' 

2018-06-01 10:12:32 - [TEST_STEP][PASSED] - setText: Text '11111' is set on object 'Object Repository/LoggedOutReactPages/OrderLoggedOut/Zip_Input'

2018-06-01 10:12:32 - [MESSAGE][PASSED] - Text '11111' is set on object 'Object Repository/LoggedOutReactPages/OrderLoggedOut/Zip_Input'

2018-06-01 10:12:32 - [TEST_STEP][PASSED] - setText: Text '8001112233' is set on object 'Object Repository/LoggedOutReactPages/OrderLoggedOut/Phone_Input'

2018-06-01 10:12:33 - [MESSAGE][PASSED] - Text '8001112233' is set on object 'Object Repository/LoggedOutReactPages/OrderLoggedOut/Phone_Input'

2018-06-01 10:12:33 - [TEST_STEP][PASSED] - setText: Text 'affiliate20180601101231211@mailinator.com' is set on object 'Object Repository/LoggedOutReactPages/OrderLoggedOut/Email_Input'

2018-06-01 10:12:33 - [MESSAGE][PASSED] - Text 'affiliate20180601101231211@mailinator.com' is set on object 'Object Repository/LoggedOutReactPages/OrderLoggedOut/Email_Input'

2018-06-01 10:12:33 - [TEST_STEP][PASSED] - setText: Text '4000100011112224' is set on object 'Object Repository/LoggedOutReactPages/OrderLoggedOut/CcNumber_Input'

2018-06-01 10:12:34 - [MESSAGE][PASSED] - Text '4000100011112224' is set on object 'Object Repository/LoggedOutReactPages/OrderLoggedOut/CcNumber_Input'

2018-06-01 10:12:34 - [TEST_STEP][PASSED] - setText: Text '111' is set on object 'Object Repository/LoggedOutReactPages/OrderLoggedOut/CVV_Input'

2018-06-01 10:12:34 - [MESSAGE][PASSED] - Text '111' is set on object 'Object Repository/LoggedOutReactPages/OrderLoggedOut/CVV_Input'

2018-06-01 10:12:34 - [TEST_STEP][PASSED] - selectOptionByValue: All options with value '11' are selected in object 'Object Repository/LoggedOutReactPages/OrderLoggedOut/ExpirationMonth_Dropdown' 

2018-06-01 10:12:34 - [MESSAGE][PASSED] - All options with value '11' are selected in object 'Object Repository/LoggedOutReactPages/OrderLoggedOut/ExpirationMonth_Dropdown' 

2018-06-01 10:12:34 - [TEST_STEP][PASSED] - selectOptionByValue: All options with value '2020' are selected in object 'Object Repository/LoggedOutReactPages/OrderLoggedOut/ExpirationYear_Dropdown' 

2018-06-01 10:12:34 - [MESSAGE][PASSED] - All options with value '2020' are selected in object 'Object Repository/LoggedOutReactPages/OrderLoggedOut/ExpirationYear_Dropdown' 

2018-06-01 10:12:34 - [TEST_STEP][PASSED] - selectOptionByValue: All options with value '1' are selected in object 'Object Repository/LoggedOutReactPages/OrderLoggedOut/UserType_Dropdown' 

2018-06-01 10:12:35 - [MESSAGE][PASSED] - All options with value '1' are selected in object 'Object Repository/LoggedOutReactPages/OrderLoggedOut/UserType_Dropdown' 

2018-06-01 10:12:35 - [TEST_STEP][PASSED] - check: Object 'Object Repository/LoggedOutReactPages/OrderLoggedOut/Terms_Checkbox' is checked

2018-06-01 10:12:35 - [MESSAGE][PASSED] - Object 'Object Repository/LoggedOutReactPages/OrderLoggedOut/Terms_Checkbox' is checked

2018-06-01 10:12:35 - [TEST_STEP][PASSED] - click: Object: 'Object Repository/LoggedInReactPages/Order (react)/Purchase_Button' is clicked on

2018-06-01 10:12:35 - [MESSAGE][PASSED] - Object: 'Object Repository/LoggedInReactPages/Order (react)/Purchase_Button' is clicked on

2018-06-01 10:12:35 - [MESSAGE][PASSED] - Call Test Case 'Test Cases/Base Tests/OrderSignUpBase' successfully

2018-06-01 10:12:35 - [TEST_STEP][PASSED] - waitForElementClickable: Object 'Object Repository/LoggedInReactPages/Order (react)/CompletePurchase_Button' is clickable

2018-06-01 10:12:35 - [MESSAGE][WARNING] - Timeout '0' is invalid. Using default page load timeout: '30'

2018-06-01 10:12:35 - [MESSAGE][PASSED] - Object 'Object Repository/LoggedInReactPages/Order (react)/CompletePurchase_Button' is clickable

2018-06-01 10:12:35 - [TEST_STEP][PASSED] - Statement - Price = com.kms.katalon.core.webui.keyword.WebUiBuiltInKeywords.concatenate(["Only ", Vtr1]): Concatenated string array: '['Only ','$333.00']' into 'Only $333.00'

2018-06-01 10:12:35 - [MESSAGE][PASSED] - Concatenated string array: '['Only ','$333.00']' into 'Only $333.00'

2018-06-01 10:12:35 - [TEST_STEP][PASSED] - verifyElementText: Actual text and expected text of test object 'Object Repository/LoggedInReactPages/Order (react)/Confirm_Price' are matched.

2018-06-01 10:12:35 - [MESSAGE][PASSED] - Actual text and expected text of test object 'Object Repository/LoggedInReactPages/Order (react)/Confirm_Price' are matched.

2018-06-01 10:12:35 - [TEST_STEP][PASSED] - click: Object: 'Object Repository/LoggedInReactPages/Order (react)/CompletePurchase_Button' is clicked on

2018-06-01 10:12:35 - [MESSAGE][PASSED] - Object: 'Object Repository/LoggedInReactPages/Order (react)/CompletePurchase_Button' is clicked on

2018-06-01 10:12:36 - [TEST_STEP][PASSED] - waitForElementPresent: Object 'Object Repository/LoggedInReactPages/Order (react)/VINCheckForm_EnterVINInput' is present

2018-06-01 10:12:36 - [MESSAGE][WARNING] - Timeout '0' is invalid. Using default page load timeout: '30'

2018-06-01 10:12:40 - [MESSAGE][PASSED] - Object 'Object Repository/LoggedInReactPages/Order (react)/VINCheckForm_EnterVINInput' is present

2018-06-01 10:12:40 - [TEST_STEP][PASSED] - waitForElementClickable: Object 'Object Repository/LoggedInReactPages/Order (react)/ViewReport_Button' is clickable

2018-06-01 10:12:40 - [MESSAGE][WARNING] - Timeout '0' is invalid. Using default page load timeout: '30'

2018-06-01 10:12:40 - [MESSAGE][PASSED] - Object 'Object Repository/LoggedInReactPages/Order (react)/ViewReport_Button' is clickable

2018-06-01 10:12:40 - [TEST_STEP][PASSED] - verifyTextPresent: Text 'Thank you for using instaVIN!' is present on page 

2018-06-01 10:12:40 - [MESSAGE][PASSED] - Text 'Thank you for using instaVIN!' is present on page 

2018-06-01 10:12:40 - [TEST_STEP][PASSED] - verifyElementText: Actual text and expected text of test object 'Object Repository/LoggedInReactPages/Order (react)/ViewReport - Vin' are matched.

2018-06-01 10:12:40 - [MESSAGE][PASSED] - Actual text and expected text of test object 'Object Repository/LoggedInReactPages/Order (react)/ViewReport - Vin' are matched.

2018-06-01 10:12:40 - [TEST_STEP][PASSED] - verifyElementText: Actual text and expected text of test object 'Object Repository/LoggedInReactPages/Order (react)/ViewReport - ReportType' are matched.

2018-06-01 10:12:40 - [MESSAGE][PASSED] - Actual text and expected text of test object 'Object Repository/LoggedInReactPages/Order (react)/ViewReport - ReportType' are matched.

2018-06-01 10:12:40 - [TEST_STEP][PASSED] - click: Object: 'Object Repository/LoggedInReactPages/Order (react)/ViewReport_Button' is clicked on

2018-06-01 10:12:42 - [MESSAGE][PASSED] - Object: 'Object Repository/LoggedInReactPages/Order (react)/ViewReport_Button' is clicked on

2018-06-01 10:12:42 - [TEST_STEP][PASSED] - waitForElementVisible: Object 'Object Repository/LoggedInReactPages/ReportSummary/ReportHeader' is visible

2018-06-01 10:12:42 - [MESSAGE][WARNING] - Timeout '0' is invalid. Using default page load timeout: '30'

2018-06-01 10:12:42 - [MESSAGE][PASSED] - Object 'Object Repository/LoggedInReactPages/ReportSummary/ReportHeader' is visible

2018-06-01 10:12:42 - [TEST_STEP][PASSED] - verifyElementText: Actual text and expected text of test object 'Object Repository/LoggedInReactPages/ReportSummary/VehicleTitle' are matched.

2018-06-01 10:12:42 - [MESSAGE][PASSED] - Actual text and expected text of test object 'Object Repository/LoggedInReactPages/ReportSummary/VehicleTitle' are matched.

2018-06-01 10:12:42 - [TEST_STEP][PASSED] - verifyElementAttributeValue: Object 'Object Repository/LoggedInReactPages/ReportSummary/ReportType' has attribute 'class' with value 'ReportGrade AlertSuccess'

2018-06-01 10:12:42 - [MESSAGE][WARNING] - Timeout '0' is invalid. Using default page load timeout: '30'

2018-06-01 10:12:42 - [MESSAGE][PASSED] - Object 'Object Repository/LoggedInReactPages/ReportSummary/ReportType' has attribute 'class' with value 'ReportGrade AlertSuccess'

2018-06-01 10:12:42 - [TEST_STEP][PASSED] - verifyElementText: Actual text and expected text of test object 'Object Repository/LoggedInReactPages/ReportSummary/ReportType' are matched.

2018-06-01 10:12:42 - [MESSAGE][PASSED] - Actual text and expected text of test object 'Object Repository/LoggedInReactPages/ReportSummary/ReportType' are matched.

2018-06-01 10:12:42 - [TEST_STEP][PASSED] - verifyElementAttributeValue: Object 'Object Repository/LoggedInReactPages/ReportSummary/VehicleSpecsStatus' has attribute 'class' with value 'SummaryAlertContainer AlertSuccess'

2018-06-01 10:12:42 - [MESSAGE][WARNING] - Timeout '0' is invalid. Using default page load timeout: '30'

2018-06-01 10:12:42 - [MESSAGE][PASSED] - Object 'Object Repository/LoggedInReactPages/ReportSummary/VehicleSpecsStatus' has attribute 'class' with value 'SummaryAlertContainer AlertSuccess'

2018-06-01 10:12:42 - [TEST_STEP][PASSED] - verifyElementAttributeValue: Object 'Object Repository/LoggedInReactPages/ReportSummary/JunkSalvageStatus' has attribute 'class' with value 'SummaryAlertContainer AlertSuccess'

2018-06-01 10:12:42 - [MESSAGE][WARNING] - Timeout '0' is invalid. Using default page load timeout: '30'

2018-06-01 10:12:42 - [MESSAGE][PASSED] - Object 'Object Repository/LoggedInReactPages/ReportSummary/JunkSalvageStatus' has attribute 'class' with value 'SummaryAlertContainer AlertSuccess'

2018-06-01 10:12:42 - [TEST_STEP][PASSED] - verifyElementAttributeValue: Object 'Object Repository/LoggedInReactPages/ReportSummary/TitleStatus' has attribute 'class' with value 'SummaryAlertContainer AlertSuccess'

2018-06-01 10:12:42 - [MESSAGE][WARNING] - Timeout '0' is invalid. Using default page load timeout: '30'

2018-06-01 10:12:42 - [MESSAGE][PASSED] - Object 'Object Repository/LoggedInReactPages/ReportSummary/TitleStatus' has attribute 'class' with value 'SummaryAlertContainer AlertSuccess'

2018-06-01 10:12:42 - [TEST_STEP][PASSED] - verifyElementAttributeValue: Object 'Object Repository/LoggedInReactPages/ReportSummary/OtherStatus' has attribute 'class' with value 'SummaryAlertContainer AlertSuccess'

2018-06-01 10:12:42 - [MESSAGE][WARNING] - Timeout '0' is invalid. Using default page load timeout: '30'

2018-06-01 10:12:42 - [MESSAGE][PASSED] - Object 'Object Repository/LoggedInReactPages/ReportSummary/OtherStatus' has attribute 'class' with value 'SummaryAlertContainer AlertSuccess'

2018-06-01 10:12:42 - [TEST_STEP][PASSED] - verifyElementAttributeValue: Object 'Object Repository/LoggedInReactPages/ReportSummary/VehicleRecallStatus' has attribute 'class' with value 'SummaryAlertContainer AlertSuccess'

2018-06-01 10:12:42 - [MESSAGE][WARNING] - Timeout '0' is invalid. Using default page load timeout: '30'

2018-06-01 10:12:43 - [MESSAGE][PASSED] - Object 'Object Repository/LoggedInReactPages/ReportSummary/VehicleRecallStatus' has attribute 'class' with value 'SummaryAlertContainer AlertSuccess'

2018-06-01 10:12:43 - [TEST_STEP][PASSED] - verifyElementText: Actual text and expected text of test object 'Object Repository/LoggedInReactPages/ReportSummary/OdometerStatus' are matched.

2018-06-01 10:12:43 - [MESSAGE][PASSED] - Actual text and expected text of test object 'Object Repository/LoggedInReactPages/ReportSummary/OdometerStatus' are matched.

2018-06-01 10:12:43 - [TEST_STEP][PASSED] - navigateToUrl: Navigate to 'https://dev-front.instavin.com/_O/autotest/order/' successfully

2018-06-01 10:12:44 - [MESSAGE][PASSED] - Navigate to 'https://dev-front.instavin.com/_O/autotest/order/' successfully

2018-06-01 10:12:44 - [TEST_STEP][PASSED] - verifyElementText: Actual text and expected text of test object 'Object Repository/LoggedInReactPages/Order (react)/VtrPrice1' are matched.

2018-06-01 10:12:44 - [MESSAGE][PASSED] - Actual text and expected text of test object 'Object Repository/LoggedInReactPages/Order (react)/VtrPrice1' are matched.

2018-06-01 10:12:44 - [TEST_STEP][PASSED] - verifyElementText: Actual text and expected text of test object 'Object Repository/LoggedInReactPages/Order (react)/VtrPrice10' are matched.

2018-06-01 10:12:44 - [MESSAGE][PASSED] - Actual text and expected text of test object 'Object Repository/LoggedInReactPages/Order (react)/VtrPrice10' are matched.

2018-06-01 10:12:44 - [TEST_STEP][PASSED] - verifyElementText: Actual text and expected text of test object 'Object Repository/LoggedInReactPages/Order (react)/VtrPrice50' are matched.

2018-06-01 10:12:44 - [MESSAGE][PASSED] - Actual text and expected text of test object 'Object Repository/LoggedInReactPages/Order (react)/VtrPrice50' are matched.

2018-06-01 10:12:44 - [TEST_STEP][PASSED] - closeBrowser: Browser is closed

2018-06-01 10:12:45 - [MESSAGE][PASSED] - Browser is closed]]></system-out>
         <system-err><![CDATA[]]></system-err>
      </testcase>
      <testcase name="Test Cases/Salesman - BuyVtrCaDealer" classname="Test Cases/Salesman - BuyVtrCaDealer" status="PASSED">
         <system-out><![CDATA[2018-06-01 10:12:45 - [TEST_CASE][PASSED] - Test Cases/Salesman - BuyVtrCaDealer: Test Cases/Salesman - BuyVtrCaDealer

2018-06-01 10:12:45 - [TEST_STEP][PASSED] - openBrowser: Browser is opened with url: ''

2018-06-01 10:12:47 - [MESSAGE][PASSED] - Browser is opened with url: ''

2018-06-01 10:12:47 - [TEST_STEP][PASSED] - maximizeWindow: Current window maximized

2018-06-01 10:12:48 - [MESSAGE][PASSED] - Current window maximized

2018-06-01 10:12:48 - [TEST_STEP][PASSED] - Statement - OrderURL = com.kms.katalon.core.webui.keyword.WebUiBuiltInKeywords.concatenate([StagingReact, SalesmanURL, "order/"]): Concatenated string array: '['https://dev-front.instavin.com/','_O/Autotest(salesman)/','order/']' into 'https://dev-front.instavin.com/_O/Autotest(salesman)/order/'

2018-06-01 10:12:48 - [MESSAGE][PASSED] - Concatenated string array: '['https://dev-front.instavin.com/','_O/Autotest(salesman)/','order/']' into 'https://dev-front.instavin.com/_O/Autotest(salesman)/order/'

2018-06-01 10:12:48 - [TEST_STEP][PASSED] - navigateToUrl: Navigate to 'https://dev-front.instavin.com/_O/Autotest(salesman)/order/' successfully

2018-06-01 10:12:52 - [MESSAGE][PASSED] - Navigate to 'https://dev-front.instavin.com/_O/Autotest(salesman)/order/' successfully

2018-06-01 10:12:52 - [TEST_STEP][PASSED] - waitForElementVisible: Object 'Object Repository/LoggedInReactPages/Order (react)/instaVINProducts_Label' is visible

2018-06-01 10:12:52 - [MESSAGE][WARNING] - Timeout '0' is invalid. Using default page load timeout: '30'

2018-06-01 10:12:52 - [MESSAGE][PASSED] - Object 'Object Repository/LoggedInReactPages/Order (react)/instaVINProducts_Label' is visible

2018-06-01 10:12:52 - [TEST_STEP][PASSED] - verifyElementText: Actual text and expected text of test object 'Object Repository/LoggedInReactPages/Order (react)/VtrPrice1' are matched.

2018-06-01 10:12:52 - [MESSAGE][PASSED] - Actual text and expected text of test object 'Object Repository/LoggedInReactPages/Order (react)/VtrPrice1' are matched.

2018-06-01 10:12:52 - [TEST_STEP][PASSED] - verifyElementText: Actual text and expected text of test object 'Object Repository/LoggedInReactPages/Order (react)/VtrPrice10' are matched.

2018-06-01 10:12:52 - [MESSAGE][PASSED] - Actual text and expected text of test object 'Object Repository/LoggedInReactPages/Order (react)/VtrPrice10' are matched.

2018-06-01 10:12:52 - [TEST_STEP][PASSED] - verifyElementText: Actual text and expected text of test object 'Object Repository/LoggedInReactPages/Order (react)/VtrPrice50' are matched.

2018-06-01 10:12:52 - [MESSAGE][PASSED] - Actual text and expected text of test object 'Object Repository/LoggedInReactPages/Order (react)/VtrPrice50' are matched.

2018-06-01 10:12:52 - [TEST_STEP][PASSED] - setText: Text 'SAJWA43C199B29849' is set on object 'Object Repository/LoggedInReactPages/Order (react)/VINCheckForm_EnterVINInput'

2018-06-01 10:12:52 - [MESSAGE][PASSED] - Text 'SAJWA43C199B29849' is set on object 'Object Repository/LoggedInReactPages/Order (react)/VINCheckForm_EnterVINInput'

2018-06-01 10:12:52 - [TEST_STEP][PASSED] - click: Object: 'Object Repository/LoggedInReactPages/Order (react)/CheckVin_ArrowButton' is clicked on

2018-06-01 10:12:52 - [MESSAGE][PASSED] - Object: 'Object Repository/LoggedInReactPages/Order (react)/CheckVin_ArrowButton' is clicked on

2018-06-01 10:12:52 - [TEST_STEP][PASSED] - waitForElementVisible: Object 'Object Repository/LoggedInReactPages/Order (react)/ChangeVIN_Cross' is visible

2018-06-01 10:12:52 - [MESSAGE][WARNING] - Timeout '0' is invalid. Using default page load timeout: '30'

2018-06-01 10:12:53 - [MESSAGE][PASSED] - Object 'Object Repository/LoggedInReactPages/Order (react)/ChangeVIN_Cross' is visible

2018-06-01 10:12:53 - [TEST_STEP][PASSED] - verifyElementVisible: Object 'Object Repository/LoggedInReactPages/Order (react)/OrderNow_OrangeButton' is visible

2018-06-01 10:12:53 - [MESSAGE][PASSED] - Object 'Object Repository/LoggedInReactPages/Order (react)/OrderNow_OrangeButton' is visible

2018-06-01 10:12:53 - [TEST_STEP][PASSED] - click: Object: 'Object Repository/LoggedInReactPages/Order (react)/OrderNow_OrangeButton' is clicked on

2018-06-01 10:12:53 - [MESSAGE][PASSED] - Object: 'Object Repository/LoggedInReactPages/Order (react)/OrderNow_OrangeButton' is clicked on

2018-06-01 10:12:53 - [TEST_STEP][PASSED] - waitForElementVisible: Object 'Object Repository/LoggedInReactPages/Order (react)/Purchase_Button' is visible

2018-06-01 10:12:53 - [MESSAGE][WARNING] - Timeout '0' is invalid. Using default page load timeout: '30'

2018-06-01 10:12:53 - [MESSAGE][PASSED] - Object 'Object Repository/LoggedInReactPages/Order (react)/Purchase_Button' is visible

2018-06-01 10:12:53 - [TEST_STEP][PASSED] - Statement - now = new java.util.Date(): null

2018-06-01 10:12:53 - [TEST_STEP][PASSED] - Statement - rnd = now.format("yyyyMMddHHmmssSSS").toString(): null

2018-06-01 10:12:53 - [TEST_STEP][PASSED] - Statement - Email = com.kms.katalon.core.webui.keyword.WebUiBuiltInKeywords.concatenate(["salesman", rnd, "@mailinator.com"]): Concatenated string array: '['salesman','20180601101253686','@mailinator.com']' into 'salesman20180601101253686@mailinator.com'

2018-06-01 10:12:53 - [MESSAGE][PASSED] - Concatenated string array: '['salesman','20180601101253686','@mailinator.com']' into 'salesman20180601101253686@mailinator.com'

2018-06-01 10:12:53 - [TEST_STEP][PASSED] - callTestCase: Call Test Case 'Test Cases/Base Tests/OrderSignUpBase' successfully

2018-06-01 10:12:53 - [TEST_CASE][PASSED] - Test Cases/Base Tests/OrderSignUpBase: Test Cases/Base Tests/OrderSignUpBase

2018-06-01 10:12:53 - [TEST_STEP][PASSED] - setText: Text 'Salesman' is set on object 'Object Repository/LoggedOutReactPages/OrderLoggedOut/FirstName_Input'

2018-06-01 10:12:53 - [MESSAGE][PASSED] - Text 'Salesman' is set on object 'Object Repository/LoggedOutReactPages/OrderLoggedOut/FirstName_Input'

2018-06-01 10:12:54 - [TEST_STEP][PASSED] - setText: Text 'Dealer' is set on object 'Object Repository/LoggedOutReactPages/OrderLoggedOut/LastName_Input'

2018-06-01 10:12:54 - [MESSAGE][PASSED] - Text 'Dealer' is set on object 'Object Repository/LoggedOutReactPages/OrderLoggedOut/LastName_Input'

2018-06-01 10:12:54 - [TEST_STEP][PASSED] - setText: Text 'test' is set on object 'Object Repository/LoggedOutReactPages/OrderLoggedOut/Address_Input'

2018-06-01 10:12:55 - [MESSAGE][PASSED] - Text 'test' is set on object 'Object Repository/LoggedOutReactPages/OrderLoggedOut/Address_Input'

2018-06-01 10:12:55 - [TEST_STEP][PASSED] - setText: Text 'test' is set on object 'Object Repository/LoggedOutReactPages/OrderLoggedOut/City_Input'

2018-06-01 10:12:55 - [MESSAGE][PASSED] - Text 'test' is set on object 'Object Repository/LoggedOutReactPages/OrderLoggedOut/City_Input'

2018-06-01 10:12:55 - [TEST_STEP][PASSED] - selectOptionByValue: All options with value 'CA' are selected in object 'Object Repository/LoggedOutReactPages/OrderLoggedOut/State_Dropdown' 

2018-06-01 10:12:55 - [MESSAGE][PASSED] - All options with value 'CA' are selected in object 'Object Repository/LoggedOutReactPages/OrderLoggedOut/State_Dropdown' 

2018-06-01 10:12:55 - [TEST_STEP][PASSED] - setText: Text '11111' is set on object 'Object Repository/LoggedOutReactPages/OrderLoggedOut/Zip_Input'

2018-06-01 10:12:55 - [MESSAGE][PASSED] - Text '11111' is set on object 'Object Repository/LoggedOutReactPages/OrderLoggedOut/Zip_Input'

2018-06-01 10:12:55 - [TEST_STEP][PASSED] - setText: Text '8001112233' is set on object 'Object Repository/LoggedOutReactPages/OrderLoggedOut/Phone_Input'

2018-06-01 10:12:55 - [MESSAGE][PASSED] - Text '8001112233' is set on object 'Object Repository/LoggedOutReactPages/OrderLoggedOut/Phone_Input'

2018-06-01 10:12:55 - [TEST_STEP][PASSED] - setText: Text 'salesman20180601101253686@mailinator.com' is set on object 'Object Repository/LoggedOutReactPages/OrderLoggedOut/Email_Input'

2018-06-01 10:12:56 - [MESSAGE][PASSED] - Text 'salesman20180601101253686@mailinator.com' is set on object 'Object Repository/LoggedOutReactPages/OrderLoggedOut/Email_Input'

2018-06-01 10:12:56 - [TEST_STEP][PASSED] - setText: Text '4000100011112224' is set on object 'Object Repository/LoggedOutReactPages/OrderLoggedOut/CcNumber_Input'

2018-06-01 10:12:56 - [MESSAGE][PASSED] - Text '4000100011112224' is set on object 'Object Repository/LoggedOutReactPages/OrderLoggedOut/CcNumber_Input'

2018-06-01 10:12:56 - [TEST_STEP][PASSED] - setText: Text '111' is set on object 'Object Repository/LoggedOutReactPages/OrderLoggedOut/CVV_Input'

2018-06-01 10:12:56 - [MESSAGE][PASSED] - Text '111' is set on object 'Object Repository/LoggedOutReactPages/OrderLoggedOut/CVV_Input'

2018-06-01 10:12:56 - [TEST_STEP][PASSED] - selectOptionByValue: All options with value '11' are selected in object 'Object Repository/LoggedOutReactPages/OrderLoggedOut/ExpirationMonth_Dropdown' 

2018-06-01 10:12:57 - [MESSAGE][PASSED] - All options with value '11' are selected in object 'Object Repository/LoggedOutReactPages/OrderLoggedOut/ExpirationMonth_Dropdown' 

2018-06-01 10:12:57 - [TEST_STEP][PASSED] - selectOptionByValue: All options with value '2020' are selected in object 'Object Repository/LoggedOutReactPages/OrderLoggedOut/ExpirationYear_Dropdown' 

2018-06-01 10:12:57 - [MESSAGE][PASSED] - All options with value '2020' are selected in object 'Object Repository/LoggedOutReactPages/OrderLoggedOut/ExpirationYear_Dropdown' 

2018-06-01 10:12:57 - [TEST_STEP][PASSED] - selectOptionByValue: All options with value '1' are selected in object 'Object Repository/LoggedOutReactPages/OrderLoggedOut/UserType_Dropdown' 

2018-06-01 10:12:57 - [MESSAGE][PASSED] - All options with value '1' are selected in object 'Object Repository/LoggedOutReactPages/OrderLoggedOut/UserType_Dropdown' 

2018-06-01 10:12:57 - [TEST_STEP][PASSED] - check: Object 'Object Repository/LoggedOutReactPages/OrderLoggedOut/Terms_Checkbox' is checked

2018-06-01 10:12:57 - [MESSAGE][PASSED] - Object 'Object Repository/LoggedOutReactPages/OrderLoggedOut/Terms_Checkbox' is checked

2018-06-01 10:12:57 - [TEST_STEP][PASSED] - click: Object: 'Object Repository/LoggedInReactPages/Order (react)/Purchase_Button' is clicked on

2018-06-01 10:12:57 - [MESSAGE][PASSED] - Object: 'Object Repository/LoggedInReactPages/Order (react)/Purchase_Button' is clicked on

2018-06-01 10:12:57 - [MESSAGE][PASSED] - Call Test Case 'Test Cases/Base Tests/OrderSignUpBase' successfully

2018-06-01 10:12:57 - [TEST_STEP][PASSED] - waitForElementClickable: Object 'Object Repository/LoggedInReactPages/Order (react)/CompletePurchase_Button' is clickable

2018-06-01 10:12:57 - [MESSAGE][WARNING] - Timeout '0' is invalid. Using default page load timeout: '30'

2018-06-01 10:12:57 - [MESSAGE][PASSED] - Object 'Object Repository/LoggedInReactPages/Order (react)/CompletePurchase_Button' is clickable

2018-06-01 10:12:57 - [TEST_STEP][PASSED] - Statement - Price = com.kms.katalon.core.webui.keyword.WebUiBuiltInKeywords.concatenate(["Only ", Vtr1]): Concatenated string array: '['Only ','$1,551.00']' into 'Only $1,551.00'

2018-06-01 10:12:58 - [MESSAGE][PASSED] - Concatenated string array: '['Only ','$1,551.00']' into 'Only $1,551.00'

2018-06-01 10:12:58 - [TEST_STEP][PASSED] - verifyElementText: Actual text and expected text of test object 'Object Repository/LoggedInReactPages/Order (react)/Confirm_Price' are matched.

2018-06-01 10:12:58 - [MESSAGE][PASSED] - Actual text and expected text of test object 'Object Repository/LoggedInReactPages/Order (react)/Confirm_Price' are matched.

2018-06-01 10:12:58 - [TEST_STEP][PASSED] - click: Object: 'Object Repository/LoggedInReactPages/Order (react)/CompletePurchase_Button' is clicked on

2018-06-01 10:12:58 - [MESSAGE][PASSED] - Object: 'Object Repository/LoggedInReactPages/Order (react)/CompletePurchase_Button' is clicked on

2018-06-01 10:12:58 - [TEST_STEP][PASSED] - waitForElementPresent: Object 'Object Repository/LoggedInReactPages/Order (react)/VINCheckForm_EnterVINInput' is present

2018-06-01 10:12:58 - [MESSAGE][WARNING] - Timeout '0' is invalid. Using default page load timeout: '30'

2018-06-01 10:13:03 - [MESSAGE][PASSED] - Object 'Object Repository/LoggedInReactPages/Order (react)/VINCheckForm_EnterVINInput' is present

2018-06-01 10:13:03 - [TEST_STEP][PASSED] - waitForElementClickable: Object 'Object Repository/LoggedInReactPages/Order (react)/ViewReport_Button' is clickable

2018-06-01 10:13:03 - [MESSAGE][WARNING] - Timeout '0' is invalid. Using default page load timeout: '30'

2018-06-01 10:13:03 - [MESSAGE][PASSED] - Object 'Object Repository/LoggedInReactPages/Order (react)/ViewReport_Button' is clickable

2018-06-01 10:13:03 - [TEST_STEP][PASSED] - verifyTextPresent: Text 'Thank you for using instaVIN!' is present on page 

2018-06-01 10:13:03 - [MESSAGE][PASSED] - Text 'Thank you for using instaVIN!' is present on page 

2018-06-01 10:13:03 - [TEST_STEP][PASSED] - verifyElementText: Actual text and expected text of test object 'Object Repository/LoggedInReactPages/Order (react)/ViewReport - Vin' are matched.

2018-06-01 10:13:03 - [MESSAGE][PASSED] - Actual text and expected text of test object 'Object Repository/LoggedInReactPages/Order (react)/ViewReport - Vin' are matched.

2018-06-01 10:13:03 - [TEST_STEP][PASSED] - verifyElementText: Actual text and expected text of test object 'Object Repository/LoggedInReactPages/Order (react)/ViewReport - ReportType' are matched.

2018-06-01 10:13:03 - [MESSAGE][PASSED] - Actual text and expected text of test object 'Object Repository/LoggedInReactPages/Order (react)/ViewReport - ReportType' are matched.

2018-06-01 10:13:03 - [TEST_STEP][PASSED] - click: Object: 'Object Repository/LoggedInReactPages/Order (react)/ViewReport_Button' is clicked on

2018-06-01 10:13:05 - [MESSAGE][PASSED] - Object: 'Object Repository/LoggedInReactPages/Order (react)/ViewReport_Button' is clicked on

2018-06-01 10:13:05 - [TEST_STEP][PASSED] - waitForElementVisible: Object 'Object Repository/LoggedInReactPages/ReportSummary/ReportHeader' is visible

2018-06-01 10:13:05 - [MESSAGE][WARNING] - Timeout '0' is invalid. Using default page load timeout: '30'

2018-06-01 10:13:05 - [MESSAGE][PASSED] - Object 'Object Repository/LoggedInReactPages/ReportSummary/ReportHeader' is visible

2018-06-01 10:13:05 - [TEST_STEP][PASSED] - verifyElementText: Actual text and expected text of test object 'Object Repository/LoggedInReactPages/ReportSummary/VehicleTitle' are matched.

2018-06-01 10:13:05 - [MESSAGE][PASSED] - Actual text and expected text of test object 'Object Repository/LoggedInReactPages/ReportSummary/VehicleTitle' are matched.

2018-06-01 10:13:05 - [TEST_STEP][PASSED] - verifyElementAttributeValue: Object 'Object Repository/LoggedInReactPages/ReportSummary/ReportType' has attribute 'class' with value 'ReportGrade AlertSuccess'

2018-06-01 10:13:05 - [MESSAGE][WARNING] - Timeout '0' is invalid. Using default page load timeout: '30'

2018-06-01 10:13:05 - [MESSAGE][PASSED] - Object 'Object Repository/LoggedInReactPages/ReportSummary/ReportType' has attribute 'class' with value 'ReportGrade AlertSuccess'

2018-06-01 10:13:05 - [TEST_STEP][PASSED] - verifyElementText: Actual text and expected text of test object 'Object Repository/LoggedInReactPages/ReportSummary/ReportType' are matched.

2018-06-01 10:13:05 - [MESSAGE][PASSED] - Actual text and expected text of test object 'Object Repository/LoggedInReactPages/ReportSummary/ReportType' are matched.

2018-06-01 10:13:05 - [TEST_STEP][PASSED] - verifyElementAttributeValue: Object 'Object Repository/LoggedInReactPages/ReportSummary/VehicleSpecsStatus' has attribute 'class' with value 'SummaryAlertContainer AlertSuccess'

2018-06-01 10:13:05 - [MESSAGE][WARNING] - Timeout '0' is invalid. Using default page load timeout: '30'

2018-06-01 10:13:05 - [MESSAGE][PASSED] - Object 'Object Repository/LoggedInReactPages/ReportSummary/VehicleSpecsStatus' has attribute 'class' with value 'SummaryAlertContainer AlertSuccess'

2018-06-01 10:13:05 - [TEST_STEP][PASSED] - verifyElementAttributeValue: Object 'Object Repository/LoggedInReactPages/ReportSummary/JunkSalvageStatus' has attribute 'class' with value 'SummaryAlertContainer AlertSuccess'

2018-06-01 10:13:05 - [MESSAGE][WARNING] - Timeout '0' is invalid. Using default page load timeout: '30'

2018-06-01 10:13:05 - [MESSAGE][PASSED] - Object 'Object Repository/LoggedInReactPages/ReportSummary/JunkSalvageStatus' has attribute 'class' with value 'SummaryAlertContainer AlertSuccess'

2018-06-01 10:13:05 - [TEST_STEP][PASSED] - verifyElementAttributeValue: Object 'Object Repository/LoggedInReactPages/ReportSummary/TitleStatus' has attribute 'class' with value 'SummaryAlertContainer AlertSuccess'

2018-06-01 10:13:05 - [MESSAGE][WARNING] - Timeout '0' is invalid. Using default page load timeout: '30'

2018-06-01 10:13:05 - [MESSAGE][PASSED] - Object 'Object Repository/LoggedInReactPages/ReportSummary/TitleStatus' has attribute 'class' with value 'SummaryAlertContainer AlertSuccess'

2018-06-01 10:13:05 - [TEST_STEP][PASSED] - verifyElementAttributeValue: Object 'Object Repository/LoggedInReactPages/ReportSummary/OtherStatus' has attribute 'class' with value 'SummaryAlertContainer AlertSuccess'

2018-06-01 10:13:05 - [MESSAGE][WARNING] - Timeout '0' is invalid. Using default page load timeout: '30'

2018-06-01 10:13:05 - [MESSAGE][PASSED] - Object 'Object Repository/LoggedInReactPages/ReportSummary/OtherStatus' has attribute 'class' with value 'SummaryAlertContainer AlertSuccess'

2018-06-01 10:13:05 - [TEST_STEP][PASSED] - verifyElementAttributeValue: Object 'Object Repository/LoggedInReactPages/ReportSummary/VehicleRecallStatus' has attribute 'class' with value 'SummaryAlertContainer AlertSuccess'

2018-06-01 10:13:05 - [MESSAGE][WARNING] - Timeout '0' is invalid. Using default page load timeout: '30'

2018-06-01 10:13:05 - [MESSAGE][PASSED] - Object 'Object Repository/LoggedInReactPages/ReportSummary/VehicleRecallStatus' has attribute 'class' with value 'SummaryAlertContainer AlertSuccess'

2018-06-01 10:13:05 - [TEST_STEP][PASSED] - verifyElementText: Actual text and expected text of test object 'Object Repository/LoggedInReactPages/ReportSummary/OdometerStatus' are matched.

2018-06-01 10:13:06 - [MESSAGE][PASSED] - Actual text and expected text of test object 'Object Repository/LoggedInReactPages/ReportSummary/OdometerStatus' are matched.

2018-06-01 10:13:06 - [TEST_STEP][PASSED] - navigateToUrl: Navigate to 'https://dev-front.instavin.com/_O/Autotest(salesman)/order/' successfully

2018-06-01 10:13:06 - [MESSAGE][PASSED] - Navigate to 'https://dev-front.instavin.com/_O/Autotest(salesman)/order/' successfully

2018-06-01 10:13:06 - [TEST_STEP][PASSED] - verifyElementText: Actual text and expected text of test object 'Object Repository/LoggedInReactPages/Order (react)/VtrPrice1' are matched.

2018-06-01 10:13:06 - [MESSAGE][PASSED] - Actual text and expected text of test object 'Object Repository/LoggedInReactPages/Order (react)/VtrPrice1' are matched.

2018-06-01 10:13:06 - [TEST_STEP][PASSED] - verifyElementText: Actual text and expected text of test object 'Object Repository/LoggedInReactPages/Order (react)/VtrPrice10' are matched.

2018-06-01 10:13:06 - [MESSAGE][PASSED] - Actual text and expected text of test object 'Object Repository/LoggedInReactPages/Order (react)/VtrPrice10' are matched.

2018-06-01 10:13:06 - [TEST_STEP][PASSED] - closeBrowser: Browser is closed

2018-06-01 10:13:07 - [MESSAGE][PASSED] - Browser is closed]]></system-out>
         <system-err><![CDATA[]]></system-err>
      </testcase>
      <testcase name="Test Cases/Salesman - BuyVTRConsumer" classname="Test Cases/Salesman - BuyVTRConsumer" status="PASSED">
         <system-out><![CDATA[2018-06-01 10:13:07 - [TEST_CASE][PASSED] - Test Cases/Salesman - BuyVTRConsumer: Test Cases/Salesman - BuyVTRConsumer

2018-06-01 10:13:08 - [TEST_STEP][PASSED] - openBrowser: Browser is opened with url: ''

2018-06-01 10:13:10 - [MESSAGE][PASSED] - Browser is opened with url: ''

2018-06-01 10:13:10 - [TEST_STEP][PASSED] - maximizeWindow: Current window maximized

2018-06-01 10:13:11 - [MESSAGE][PASSED] - Current window maximized

2018-06-01 10:13:11 - [TEST_STEP][PASSED] - Statement - OrderURL = com.kms.katalon.core.webui.keyword.WebUiBuiltInKeywords.concatenate([StagingReact, SalesmanURL, "order/"]): Concatenated string array: '['https://dev-front.instavin.com/','_O/Autotest(salesman)/','order/']' into 'https://dev-front.instavin.com/_O/Autotest(salesman)/order/'

2018-06-01 10:13:11 - [MESSAGE][PASSED] - Concatenated string array: '['https://dev-front.instavin.com/','_O/Autotest(salesman)/','order/']' into 'https://dev-front.instavin.com/_O/Autotest(salesman)/order/'

2018-06-01 10:13:11 - [TEST_STEP][PASSED] - navigateToUrl: Navigate to 'https://dev-front.instavin.com/_O/Autotest(salesman)/order/' successfully

2018-06-01 10:13:14 - [MESSAGE][PASSED] - Navigate to 'https://dev-front.instavin.com/_O/Autotest(salesman)/order/' successfully

2018-06-01 10:13:14 - [TEST_STEP][PASSED] - waitForElementVisible: Object 'Object Repository/LoggedInReactPages/Order (react)/instaVINProducts_Label' is visible

2018-06-01 10:13:14 - [MESSAGE][WARNING] - Timeout '0' is invalid. Using default page load timeout: '30'

2018-06-01 10:13:14 - [MESSAGE][PASSED] - Object 'Object Repository/LoggedInReactPages/Order (react)/instaVINProducts_Label' is visible

2018-06-01 10:13:14 - [TEST_STEP][PASSED] - verifyElementText: Actual text and expected text of test object 'Object Repository/LoggedInReactPages/Order (react)/VtrPrice1' are matched.

2018-06-01 10:13:14 - [MESSAGE][PASSED] - Actual text and expected text of test object 'Object Repository/LoggedInReactPages/Order (react)/VtrPrice1' are matched.

2018-06-01 10:13:14 - [TEST_STEP][PASSED] - verifyElementText: Actual text and expected text of test object 'Object Repository/LoggedInReactPages/Order (react)/VtrPrice10' are matched.

2018-06-01 10:13:14 - [MESSAGE][PASSED] - Actual text and expected text of test object 'Object Repository/LoggedInReactPages/Order (react)/VtrPrice10' are matched.

2018-06-01 10:13:14 - [TEST_STEP][PASSED] - verifyElementText: Actual text and expected text of test object 'Object Repository/LoggedInReactPages/Order (react)/VtrPrice50' are matched.

2018-06-01 10:13:14 - [MESSAGE][PASSED] - Actual text and expected text of test object 'Object Repository/LoggedInReactPages/Order (react)/VtrPrice50' are matched.

2018-06-01 10:13:14 - [TEST_STEP][PASSED] - setText: Text 'SAJWA43C199B29849' is set on object 'Object Repository/LoggedInReactPages/Order (react)/VINCheckForm_EnterVINInput'

2018-06-01 10:13:14 - [MESSAGE][PASSED] - Text 'SAJWA43C199B29849' is set on object 'Object Repository/LoggedInReactPages/Order (react)/VINCheckForm_EnterVINInput'

2018-06-01 10:13:14 - [TEST_STEP][PASSED] - click: Object: 'Object Repository/LoggedInReactPages/Order (react)/CheckVin_ArrowButton' is clicked on

2018-06-01 10:13:14 - [MESSAGE][PASSED] - Object: 'Object Repository/LoggedInReactPages/Order (react)/CheckVin_ArrowButton' is clicked on

2018-06-01 10:13:14 - [TEST_STEP][PASSED] - waitForElementVisible: Object 'Object Repository/LoggedInReactPages/Order (react)/ChangeVIN_Cross' is visible

2018-06-01 10:13:14 - [MESSAGE][WARNING] - Timeout '0' is invalid. Using default page load timeout: '30'

2018-06-01 10:13:15 - [MESSAGE][PASSED] - Object 'Object Repository/LoggedInReactPages/Order (react)/ChangeVIN_Cross' is visible

2018-06-01 10:13:15 - [TEST_STEP][PASSED] - verifyElementVisible: Object 'Object Repository/LoggedInReactPages/Order (react)/OrderNow_OrangeButton' is visible

2018-06-01 10:13:15 - [MESSAGE][PASSED] - Object 'Object Repository/LoggedInReactPages/Order (react)/OrderNow_OrangeButton' is visible

2018-06-01 10:13:15 - [TEST_STEP][PASSED] - click: Object: 'Object Repository/LoggedInReactPages/Order (react)/OrderNow_OrangeButton' is clicked on

2018-06-01 10:13:15 - [MESSAGE][PASSED] - Object: 'Object Repository/LoggedInReactPages/Order (react)/OrderNow_OrangeButton' is clicked on

2018-06-01 10:13:15 - [TEST_STEP][PASSED] - waitForElementVisible: Object 'Object Repository/LoggedInReactPages/Order (react)/Purchase_Button' is visible

2018-06-01 10:13:15 - [MESSAGE][WARNING] - Timeout '0' is invalid. Using default page load timeout: '30'

2018-06-01 10:13:15 - [MESSAGE][PASSED] - Object 'Object Repository/LoggedInReactPages/Order (react)/Purchase_Button' is visible

2018-06-01 10:13:15 - [TEST_STEP][PASSED] - Statement - now = new java.util.Date(): null

2018-06-01 10:13:15 - [TEST_STEP][PASSED] - Statement - rnd = now.format("yyyyMMddHHmmssSSS").toString(): null

2018-06-01 10:13:15 - [TEST_STEP][PASSED] - Statement - Email = com.kms.katalon.core.webui.keyword.WebUiBuiltInKeywords.concatenate(["salesman", rnd, "@mailinator.com"]): Concatenated string array: '['salesman','20180601101315581','@mailinator.com']' into 'salesman20180601101315581@mailinator.com'

2018-06-01 10:13:15 - [MESSAGE][PASSED] - Concatenated string array: '['salesman','20180601101315581','@mailinator.com']' into 'salesman20180601101315581@mailinator.com'

2018-06-01 10:13:15 - [TEST_STEP][PASSED] - callTestCase: Call Test Case 'Test Cases/Base Tests/OrderSignUpBase' successfully

2018-06-01 10:13:15 - [TEST_CASE][PASSED] - Test Cases/Base Tests/OrderSignUpBase: Test Cases/Base Tests/OrderSignUpBase

2018-06-01 10:13:15 - [TEST_STEP][PASSED] - setText: Text 'Salesman' is set on object 'Object Repository/LoggedOutReactPages/OrderLoggedOut/FirstName_Input'

2018-06-01 10:13:15 - [MESSAGE][PASSED] - Text 'Salesman' is set on object 'Object Repository/LoggedOutReactPages/OrderLoggedOut/FirstName_Input'

2018-06-01 10:13:15 - [TEST_STEP][PASSED] - setText: Text 'Test' is set on object 'Object Repository/LoggedOutReactPages/OrderLoggedOut/LastName_Input'

2018-06-01 10:13:16 - [MESSAGE][PASSED] - Text 'Test' is set on object 'Object Repository/LoggedOutReactPages/OrderLoggedOut/LastName_Input'

2018-06-01 10:13:16 - [TEST_STEP][PASSED] - setText: Text 'test' is set on object 'Object Repository/LoggedOutReactPages/OrderLoggedOut/Address_Input'

2018-06-01 10:13:16 - [MESSAGE][PASSED] - Text 'test' is set on object 'Object Repository/LoggedOutReactPages/OrderLoggedOut/Address_Input'

2018-06-01 10:13:16 - [TEST_STEP][PASSED] - setText: Text 'test' is set on object 'Object Repository/LoggedOutReactPages/OrderLoggedOut/City_Input'

2018-06-01 10:13:16 - [MESSAGE][PASSED] - Text 'test' is set on object 'Object Repository/LoggedOutReactPages/OrderLoggedOut/City_Input'

2018-06-01 10:13:16 - [TEST_STEP][PASSED] - selectOptionByValue: All options with value 'TX' are selected in object 'Object Repository/LoggedOutReactPages/OrderLoggedOut/State_Dropdown' 

2018-06-01 10:13:17 - [MESSAGE][PASSED] - All options with value 'TX' are selected in object 'Object Repository/LoggedOutReactPages/OrderLoggedOut/State_Dropdown' 

2018-06-01 10:13:17 - [TEST_STEP][PASSED] - setText: Text '11111' is set on object 'Object Repository/LoggedOutReactPages/OrderLoggedOut/Zip_Input'

2018-06-01 10:13:17 - [MESSAGE][PASSED] - Text '11111' is set on object 'Object Repository/LoggedOutReactPages/OrderLoggedOut/Zip_Input'

2018-06-01 10:13:17 - [TEST_STEP][PASSED] - setText: Text '8001112233' is set on object 'Object Repository/LoggedOutReactPages/OrderLoggedOut/Phone_Input'

2018-06-01 10:13:17 - [MESSAGE][PASSED] - Text '8001112233' is set on object 'Object Repository/LoggedOutReactPages/OrderLoggedOut/Phone_Input'

2018-06-01 10:13:17 - [TEST_STEP][PASSED] - setText: Text 'salesman20180601101315581@mailinator.com' is set on object 'Object Repository/LoggedOutReactPages/OrderLoggedOut/Email_Input'

2018-06-01 10:13:18 - [MESSAGE][PASSED] - Text 'salesman20180601101315581@mailinator.com' is set on object 'Object Repository/LoggedOutReactPages/OrderLoggedOut/Email_Input'

2018-06-01 10:13:18 - [TEST_STEP][PASSED] - setText: Text '4000100011112224' is set on object 'Object Repository/LoggedOutReactPages/OrderLoggedOut/CcNumber_Input'

2018-06-01 10:13:18 - [MESSAGE][PASSED] - Text '4000100011112224' is set on object 'Object Repository/LoggedOutReactPages/OrderLoggedOut/CcNumber_Input'

2018-06-01 10:13:18 - [TEST_STEP][PASSED] - setText: Text '111' is set on object 'Object Repository/LoggedOutReactPages/OrderLoggedOut/CVV_Input'

2018-06-01 10:13:18 - [MESSAGE][PASSED] - Text '111' is set on object 'Object Repository/LoggedOutReactPages/OrderLoggedOut/CVV_Input'

2018-06-01 10:13:18 - [TEST_STEP][PASSED] - selectOptionByValue: All options with value '11' are selected in object 'Object Repository/LoggedOutReactPages/OrderLoggedOut/ExpirationMonth_Dropdown' 

2018-06-01 10:13:19 - [MESSAGE][PASSED] - All options with value '11' are selected in object 'Object Repository/LoggedOutReactPages/OrderLoggedOut/ExpirationMonth_Dropdown' 

2018-06-01 10:13:19 - [TEST_STEP][PASSED] - selectOptionByValue: All options with value '2020' are selected in object 'Object Repository/LoggedOutReactPages/OrderLoggedOut/ExpirationYear_Dropdown' 

2018-06-01 10:13:19 - [MESSAGE][PASSED] - All options with value '2020' are selected in object 'Object Repository/LoggedOutReactPages/OrderLoggedOut/ExpirationYear_Dropdown' 

2018-06-01 10:13:19 - [TEST_STEP][PASSED] - selectOptionByValue: All options with value '0' are selected in object 'Object Repository/LoggedOutReactPages/OrderLoggedOut/UserType_Dropdown' 

2018-06-01 10:13:19 - [MESSAGE][PASSED] - All options with value '0' are selected in object 'Object Repository/LoggedOutReactPages/OrderLoggedOut/UserType_Dropdown' 

2018-06-01 10:13:19 - [TEST_STEP][PASSED] - check: Object 'Object Repository/LoggedOutReactPages/OrderLoggedOut/Terms_Checkbox' is checked

2018-06-01 10:13:19 - [MESSAGE][PASSED] - Object 'Object Repository/LoggedOutReactPages/OrderLoggedOut/Terms_Checkbox' is checked

2018-06-01 10:13:19 - [TEST_STEP][PASSED] - click: Object: 'Object Repository/LoggedInReactPages/Order (react)/Purchase_Button' is clicked on

2018-06-01 10:13:19 - [MESSAGE][PASSED] - Object: 'Object Repository/LoggedInReactPages/Order (react)/Purchase_Button' is clicked on

2018-06-01 10:13:19 - [MESSAGE][PASSED] - Call Test Case 'Test Cases/Base Tests/OrderSignUpBase' successfully

2018-06-01 10:13:19 - [TEST_STEP][PASSED] - waitForElementClickable: Object 'Object Repository/LoggedInReactPages/Order (react)/CompletePurchase_Button' is clickable

2018-06-01 10:13:19 - [MESSAGE][WARNING] - Timeout '0' is invalid. Using default page load timeout: '30'

2018-06-01 10:13:19 - [MESSAGE][PASSED] - Object 'Object Repository/LoggedInReactPages/Order (react)/CompletePurchase_Button' is clickable

2018-06-01 10:13:19 - [TEST_STEP][PASSED] - Statement - Price = com.kms.katalon.core.webui.keyword.WebUiBuiltInKeywords.concatenate(["Only ", Vtr1]): Concatenated string array: '['Only ','$1,551.00']' into 'Only $1,551.00'

2018-06-01 10:13:20 - [MESSAGE][PASSED] - Concatenated string array: '['Only ','$1,551.00']' into 'Only $1,551.00'

2018-06-01 10:13:20 - [TEST_STEP][PASSED] - verifyElementText: Actual text and expected text of test object 'Object Repository/LoggedInReactPages/Order (react)/Confirm_Price' are matched.

2018-06-01 10:13:20 - [MESSAGE][PASSED] - Actual text and expected text of test object 'Object Repository/LoggedInReactPages/Order (react)/Confirm_Price' are matched.

2018-06-01 10:13:20 - [TEST_STEP][PASSED] - click: Object: 'Object Repository/LoggedInReactPages/Order (react)/CompletePurchase_Button' is clicked on

2018-06-01 10:13:20 - [MESSAGE][PASSED] - Object: 'Object Repository/LoggedInReactPages/Order (react)/CompletePurchase_Button' is clicked on

2018-06-01 10:13:20 - [TEST_STEP][PASSED] - waitForElementPresent: Object 'Object Repository/LoggedInReactPages/Order (react)/VINCheckForm_EnterVINInput' is present

2018-06-01 10:13:20 - [MESSAGE][WARNING] - Timeout '0' is invalid. Using default page load timeout: '30'

2018-06-01 10:13:24 - [MESSAGE][PASSED] - Object 'Object Repository/LoggedInReactPages/Order (react)/VINCheckForm_EnterVINInput' is present

2018-06-01 10:13:24 - [TEST_STEP][PASSED] - waitForElementClickable: Object 'Object Repository/LoggedInReactPages/Order (react)/ViewReport_Button' is clickable

2018-06-01 10:13:24 - [MESSAGE][WARNING] - Timeout '0' is invalid. Using default page load timeout: '30'

2018-06-01 10:13:24 - [MESSAGE][PASSED] - Object 'Object Repository/LoggedInReactPages/Order (react)/ViewReport_Button' is clickable

2018-06-01 10:13:24 - [TEST_STEP][PASSED] - verifyTextPresent: Text 'Thank you for using instaVIN!' is present on page 

2018-06-01 10:13:25 - [MESSAGE][PASSED] - Text 'Thank you for using instaVIN!' is present on page 

2018-06-01 10:13:25 - [TEST_STEP][PASSED] - verifyElementText: Actual text and expected text of test object 'Object Repository/LoggedInReactPages/Order (react)/ViewReport - Vin' are matched.

2018-06-01 10:13:25 - [MESSAGE][PASSED] - Actual text and expected text of test object 'Object Repository/LoggedInReactPages/Order (react)/ViewReport - Vin' are matched.

2018-06-01 10:13:25 - [TEST_STEP][PASSED] - verifyElementText: Actual text and expected text of test object 'Object Repository/LoggedInReactPages/Order (react)/ViewReport - ReportType' are matched.

2018-06-01 10:13:25 - [MESSAGE][PASSED] - Actual text and expected text of test object 'Object Repository/LoggedInReactPages/Order (react)/ViewReport - ReportType' are matched.

2018-06-01 10:13:25 - [TEST_STEP][PASSED] - click: Object: 'Object Repository/LoggedInReactPages/Order (react)/ViewReport_Button' is clicked on

2018-06-01 10:13:26 - [MESSAGE][PASSED] - Object: 'Object Repository/LoggedInReactPages/Order (react)/ViewReport_Button' is clicked on

2018-06-01 10:13:26 - [TEST_STEP][PASSED] - waitForElementVisible: Object 'Object Repository/LoggedInReactPages/ReportSummary/ReportHeader' is visible

2018-06-01 10:13:26 - [MESSAGE][WARNING] - Timeout '0' is invalid. Using default page load timeout: '30'

2018-06-01 10:13:26 - [MESSAGE][PASSED] - Object 'Object Repository/LoggedInReactPages/ReportSummary/ReportHeader' is visible

2018-06-01 10:13:26 - [TEST_STEP][PASSED] - verifyElementText: Actual text and expected text of test object 'Object Repository/LoggedInReactPages/ReportSummary/VehicleTitle' are matched.

2018-06-01 10:13:26 - [MESSAGE][PASSED] - Actual text and expected text of test object 'Object Repository/LoggedInReactPages/ReportSummary/VehicleTitle' are matched.

2018-06-01 10:13:26 - [TEST_STEP][PASSED] - verifyElementAttributeValue: Object 'Object Repository/LoggedInReactPages/ReportSummary/ReportType' has attribute 'class' with value 'ReportGrade AlertSuccess'

2018-06-01 10:13:26 - [MESSAGE][WARNING] - Timeout '0' is invalid. Using default page load timeout: '30'

2018-06-01 10:13:26 - [MESSAGE][PASSED] - Object 'Object Repository/LoggedInReactPages/ReportSummary/ReportType' has attribute 'class' with value 'ReportGrade AlertSuccess'

2018-06-01 10:13:26 - [TEST_STEP][PASSED] - verifyElementText: Actual text and expected text of test object 'Object Repository/LoggedInReactPages/ReportSummary/ReportType' are matched.

2018-06-01 10:13:26 - [MESSAGE][PASSED] - Actual text and expected text of test object 'Object Repository/LoggedInReactPages/ReportSummary/ReportType' are matched.

2018-06-01 10:13:26 - [TEST_STEP][PASSED] - verifyElementAttributeValue: Object 'Object Repository/LoggedInReactPages/ReportSummary/VehicleSpecsStatus' has attribute 'class' with value 'SummaryAlertContainer AlertSuccess'

2018-06-01 10:13:26 - [MESSAGE][WARNING] - Timeout '0' is invalid. Using default page load timeout: '30'

2018-06-01 10:13:26 - [MESSAGE][PASSED] - Object 'Object Repository/LoggedInReactPages/ReportSummary/VehicleSpecsStatus' has attribute 'class' with value 'SummaryAlertContainer AlertSuccess'

2018-06-01 10:13:26 - [TEST_STEP][PASSED] - verifyElementAttributeValue: Object 'Object Repository/LoggedInReactPages/ReportSummary/JunkSalvageStatus' has attribute 'class' with value 'SummaryAlertContainer AlertSuccess'

2018-06-01 10:13:26 - [MESSAGE][WARNING] - Timeout '0' is invalid. Using default page load timeout: '30'

2018-06-01 10:13:26 - [MESSAGE][PASSED] - Object 'Object Repository/LoggedInReactPages/ReportSummary/JunkSalvageStatus' has attribute 'class' with value 'SummaryAlertContainer AlertSuccess'

2018-06-01 10:13:26 - [TEST_STEP][PASSED] - verifyElementAttributeValue: Object 'Object Repository/LoggedInReactPages/ReportSummary/TitleStatus' has attribute 'class' with value 'SummaryAlertContainer AlertSuccess'

2018-06-01 10:13:26 - [MESSAGE][WARNING] - Timeout '0' is invalid. Using default page load timeout: '30'

2018-06-01 10:13:26 - [MESSAGE][PASSED] - Object 'Object Repository/LoggedInReactPages/ReportSummary/TitleStatus' has attribute 'class' with value 'SummaryAlertContainer AlertSuccess'

2018-06-01 10:13:26 - [TEST_STEP][PASSED] - verifyElementAttributeValue: Object 'Object Repository/LoggedInReactPages/ReportSummary/OtherStatus' has attribute 'class' with value 'SummaryAlertContainer AlertSuccess'

2018-06-01 10:13:26 - [MESSAGE][WARNING] - Timeout '0' is invalid. Using default page load timeout: '30'

2018-06-01 10:13:27 - [MESSAGE][PASSED] - Object 'Object Repository/LoggedInReactPages/ReportSummary/OtherStatus' has attribute 'class' with value 'SummaryAlertContainer AlertSuccess'

2018-06-01 10:13:27 - [TEST_STEP][PASSED] - verifyElementAttributeValue: Object 'Object Repository/LoggedInReactPages/ReportSummary/VehicleRecallStatus' has attribute 'class' with value 'SummaryAlertContainer AlertSuccess'

2018-06-01 10:13:27 - [MESSAGE][WARNING] - Timeout '0' is invalid. Using default page load timeout: '30'

2018-06-01 10:13:27 - [MESSAGE][PASSED] - Object 'Object Repository/LoggedInReactPages/ReportSummary/VehicleRecallStatus' has attribute 'class' with value 'SummaryAlertContainer AlertSuccess'

2018-06-01 10:13:27 - [TEST_STEP][PASSED] - verifyElementText: Actual text and expected text of test object 'Object Repository/LoggedInReactPages/ReportSummary/OdometerStatus' are matched.

2018-06-01 10:13:27 - [MESSAGE][PASSED] - Actual text and expected text of test object 'Object Repository/LoggedInReactPages/ReportSummary/OdometerStatus' are matched.

2018-06-01 10:13:27 - [TEST_STEP][PASSED] - navigateToUrl: Navigate to 'https://dev-front.instavin.com/_O/Autotest(salesman)/order/' successfully

2018-06-01 10:13:28 - [MESSAGE][PASSED] - Navigate to 'https://dev-front.instavin.com/_O/Autotest(salesman)/order/' successfully

2018-06-01 10:13:28 - [TEST_STEP][PASSED] - verifyElementText: Actual text and expected text of test object 'Object Repository/LoggedInReactPages/Order (react)/VtrPrice1' are matched.

2018-06-01 10:13:28 - [MESSAGE][PASSED] - Actual text and expected text of test object 'Object Repository/LoggedInReactPages/Order (react)/VtrPrice1' are matched.

2018-06-01 10:13:28 - [TEST_STEP][PASSED] - verifyElementText: Actual text and expected text of test object 'Object Repository/LoggedInReactPages/Order (react)/VtrPrice10' are matched.

2018-06-01 10:13:28 - [MESSAGE][PASSED] - Actual text and expected text of test object 'Object Repository/LoggedInReactPages/Order (react)/VtrPrice10' are matched.

2018-06-01 10:13:28 - [TEST_STEP][PASSED] - closeBrowser: Browser is closed

2018-06-01 10:13:29 - [MESSAGE][PASSED] - Browser is closed]]></system-out>
         <system-err><![CDATA[]]></system-err>
      </testcase>
      <testcase name="Test Cases/Salesman - BuyVTRDealer" classname="Test Cases/Salesman - BuyVTRDealer" status="PASSED">
         <system-out><![CDATA[2018-06-01 10:13:29 - [TEST_CASE][PASSED] - Test Cases/Salesman - BuyVTRDealer: Test Cases/Salesman - BuyVTRDealer

2018-06-01 10:13:29 - [TEST_STEP][PASSED] - openBrowser: Browser is opened with url: ''

2018-06-01 10:13:32 - [MESSAGE][PASSED] - Browser is opened with url: ''

2018-06-01 10:13:32 - [TEST_STEP][PASSED] - maximizeWindow: Current window maximized

2018-06-01 10:13:33 - [MESSAGE][PASSED] - Current window maximized

2018-06-01 10:13:33 - [TEST_STEP][PASSED] - Statement - OrderURL = com.kms.katalon.core.webui.keyword.WebUiBuiltInKeywords.concatenate([StagingReact, SalesmanURL, "order/"]): Concatenated string array: '['https://dev-front.instavin.com/','_O/Autotest(salesman)/','order/']' into 'https://dev-front.instavin.com/_O/Autotest(salesman)/order/'

2018-06-01 10:13:33 - [MESSAGE][PASSED] - Concatenated string array: '['https://dev-front.instavin.com/','_O/Autotest(salesman)/','order/']' into 'https://dev-front.instavin.com/_O/Autotest(salesman)/order/'

2018-06-01 10:13:33 - [TEST_STEP][PASSED] - navigateToUrl: Navigate to 'https://dev-front.instavin.com/_O/Autotest(salesman)/order/' successfully

2018-06-01 10:13:35 - [MESSAGE][PASSED] - Navigate to 'https://dev-front.instavin.com/_O/Autotest(salesman)/order/' successfully

2018-06-01 10:13:35 - [TEST_STEP][PASSED] - waitForElementVisible: Object 'Object Repository/LoggedInReactPages/Order (react)/instaVINProducts_Label' is visible

2018-06-01 10:13:35 - [MESSAGE][WARNING] - Timeout '0' is invalid. Using default page load timeout: '30'

2018-06-01 10:13:35 - [MESSAGE][PASSED] - Object 'Object Repository/LoggedInReactPages/Order (react)/instaVINProducts_Label' is visible

2018-06-01 10:13:35 - [TEST_STEP][PASSED] - verifyElementText: Actual text and expected text of test object 'Object Repository/LoggedInReactPages/Order (react)/VtrPrice1' are matched.

2018-06-01 10:13:35 - [MESSAGE][PASSED] - Actual text and expected text of test object 'Object Repository/LoggedInReactPages/Order (react)/VtrPrice1' are matched.

2018-06-01 10:13:35 - [TEST_STEP][PASSED] - verifyElementText: Actual text and expected text of test object 'Object Repository/LoggedInReactPages/Order (react)/VtrPrice10' are matched.

2018-06-01 10:13:35 - [MESSAGE][PASSED] - Actual text and expected text of test object 'Object Repository/LoggedInReactPages/Order (react)/VtrPrice10' are matched.

2018-06-01 10:13:35 - [TEST_STEP][PASSED] - verifyElementText: Actual text and expected text of test object 'Object Repository/LoggedInReactPages/Order (react)/VtrPrice50' are matched.

2018-06-01 10:13:35 - [MESSAGE][PASSED] - Actual text and expected text of test object 'Object Repository/LoggedInReactPages/Order (react)/VtrPrice50' are matched.

2018-06-01 10:13:35 - [TEST_STEP][PASSED] - setText: Text 'SAJWA43C199B29849' is set on object 'Object Repository/LoggedInReactPages/Order (react)/VINCheckForm_EnterVINInput'

2018-06-01 10:13:36 - [MESSAGE][PASSED] - Text 'SAJWA43C199B29849' is set on object 'Object Repository/LoggedInReactPages/Order (react)/VINCheckForm_EnterVINInput'

2018-06-01 10:13:36 - [TEST_STEP][PASSED] - click: Object: 'Object Repository/LoggedInReactPages/Order (react)/CheckVin_ArrowButton' is clicked on

2018-06-01 10:13:36 - [MESSAGE][PASSED] - Object: 'Object Repository/LoggedInReactPages/Order (react)/CheckVin_ArrowButton' is clicked on

2018-06-01 10:13:36 - [TEST_STEP][PASSED] - waitForElementVisible: Object 'Object Repository/LoggedInReactPages/Order (react)/ChangeVIN_Cross' is visible

2018-06-01 10:13:36 - [MESSAGE][WARNING] - Timeout '0' is invalid. Using default page load timeout: '30'

2018-06-01 10:13:37 - [MESSAGE][PASSED] - Object 'Object Repository/LoggedInReactPages/Order (react)/ChangeVIN_Cross' is visible

2018-06-01 10:13:37 - [TEST_STEP][PASSED] - verifyElementVisible: Object 'Object Repository/LoggedInReactPages/Order (react)/OrderNow_OrangeButton' is visible

2018-06-01 10:13:37 - [MESSAGE][PASSED] - Object 'Object Repository/LoggedInReactPages/Order (react)/OrderNow_OrangeButton' is visible

2018-06-01 10:13:37 - [TEST_STEP][PASSED] - click: Object: 'Object Repository/LoggedInReactPages/Order (react)/OrderNow_OrangeButton' is clicked on

2018-06-01 10:13:37 - [MESSAGE][PASSED] - Object: 'Object Repository/LoggedInReactPages/Order (react)/OrderNow_OrangeButton' is clicked on

2018-06-01 10:13:37 - [TEST_STEP][PASSED] - waitForElementVisible: Object 'Object Repository/LoggedInReactPages/Order (react)/Purchase_Button' is visible

2018-06-01 10:13:37 - [MESSAGE][WARNING] - Timeout '0' is invalid. Using default page load timeout: '30'

2018-06-01 10:13:37 - [MESSAGE][PASSED] - Object 'Object Repository/LoggedInReactPages/Order (react)/Purchase_Button' is visible

2018-06-01 10:13:37 - [TEST_STEP][PASSED] - Statement - now = new java.util.Date(): null

2018-06-01 10:13:37 - [TEST_STEP][PASSED] - Statement - rnd = now.format("yyyyMMddHHmmssSSS").toString(): null

2018-06-01 10:13:37 - [TEST_STEP][PASSED] - Statement - Email = com.kms.katalon.core.webui.keyword.WebUiBuiltInKeywords.concatenate(["salesman", rnd, "@mailinator.com"]): Concatenated string array: '['salesman','20180601101337402','@mailinator.com']' into 'salesman20180601101337402@mailinator.com'

2018-06-01 10:13:37 - [MESSAGE][PASSED] - Concatenated string array: '['salesman','20180601101337402','@mailinator.com']' into 'salesman20180601101337402@mailinator.com'

2018-06-01 10:13:37 - [TEST_STEP][PASSED] - callTestCase: Call Test Case 'Test Cases/Base Tests/OrderSignUpBase' successfully

2018-06-01 10:13:37 - [TEST_CASE][PASSED] - Test Cases/Base Tests/OrderSignUpBase: Test Cases/Base Tests/OrderSignUpBase

2018-06-01 10:13:37 - [TEST_STEP][PASSED] - setText: Text 'Salesman' is set on object 'Object Repository/LoggedOutReactPages/OrderLoggedOut/FirstName_Input'

2018-06-01 10:13:37 - [MESSAGE][PASSED] - Text 'Salesman' is set on object 'Object Repository/LoggedOutReactPages/OrderLoggedOut/FirstName_Input'

2018-06-01 10:13:37 - [TEST_STEP][PASSED] - setText: Text 'Dealer' is set on object 'Object Repository/LoggedOutReactPages/OrderLoggedOut/LastName_Input'

2018-06-01 10:13:38 - [MESSAGE][PASSED] - Text 'Dealer' is set on object 'Object Repository/LoggedOutReactPages/OrderLoggedOut/LastName_Input'

2018-06-01 10:13:38 - [TEST_STEP][PASSED] - setText: Text 'test' is set on object 'Object Repository/LoggedOutReactPages/OrderLoggedOut/Address_Input'

2018-06-01 10:13:38 - [MESSAGE][PASSED] - Text 'test' is set on object 'Object Repository/LoggedOutReactPages/OrderLoggedOut/Address_Input'

2018-06-01 10:13:38 - [TEST_STEP][PASSED] - setText: Text 'test' is set on object 'Object Repository/LoggedOutReactPages/OrderLoggedOut/City_Input'

2018-06-01 10:13:38 - [MESSAGE][PASSED] - Text 'test' is set on object 'Object Repository/LoggedOutReactPages/OrderLoggedOut/City_Input'

2018-06-01 10:13:38 - [TEST_STEP][PASSED] - selectOptionByValue: All options with value 'TX' are selected in object 'Object Repository/LoggedOutReactPages/OrderLoggedOut/State_Dropdown' 

2018-06-01 10:13:38 - [MESSAGE][PASSED] - All options with value 'TX' are selected in object 'Object Repository/LoggedOutReactPages/OrderLoggedOut/State_Dropdown' 

2018-06-01 10:13:38 - [TEST_STEP][PASSED] - setText: Text '11111' is set on object 'Object Repository/LoggedOutReactPages/OrderLoggedOut/Zip_Input'

2018-06-01 10:13:39 - [MESSAGE][PASSED] - Text '11111' is set on object 'Object Repository/LoggedOutReactPages/OrderLoggedOut/Zip_Input'

2018-06-01 10:13:39 - [TEST_STEP][PASSED] - setText: Text '8001112233' is set on object 'Object Repository/LoggedOutReactPages/OrderLoggedOut/Phone_Input'

2018-06-01 10:13:39 - [MESSAGE][PASSED] - Text '8001112233' is set on object 'Object Repository/LoggedOutReactPages/OrderLoggedOut/Phone_Input'

2018-06-01 10:13:39 - [TEST_STEP][PASSED] - setText: Text 'salesman20180601101337402@mailinator.com' is set on object 'Object Repository/LoggedOutReactPages/OrderLoggedOut/Email_Input'

2018-06-01 10:13:40 - [MESSAGE][PASSED] - Text 'salesman20180601101337402@mailinator.com' is set on object 'Object Repository/LoggedOutReactPages/OrderLoggedOut/Email_Input'

2018-06-01 10:13:40 - [TEST_STEP][PASSED] - setText: Text '4000100011112224' is set on object 'Object Repository/LoggedOutReactPages/OrderLoggedOut/CcNumber_Input'

2018-06-01 10:13:40 - [MESSAGE][PASSED] - Text '4000100011112224' is set on object 'Object Repository/LoggedOutReactPages/OrderLoggedOut/CcNumber_Input'

2018-06-01 10:13:40 - [TEST_STEP][PASSED] - setText: Text '111' is set on object 'Object Repository/LoggedOutReactPages/OrderLoggedOut/CVV_Input'

2018-06-01 10:13:40 - [MESSAGE][PASSED] - Text '111' is set on object 'Object Repository/LoggedOutReactPages/OrderLoggedOut/CVV_Input'

2018-06-01 10:13:40 - [TEST_STEP][PASSED] - selectOptionByValue: All options with value '11' are selected in object 'Object Repository/LoggedOutReactPages/OrderLoggedOut/ExpirationMonth_Dropdown' 

2018-06-01 10:13:40 - [MESSAGE][PASSED] - All options with value '11' are selected in object 'Object Repository/LoggedOutReactPages/OrderLoggedOut/ExpirationMonth_Dropdown' 

2018-06-01 10:13:40 - [TEST_STEP][PASSED] - selectOptionByValue: All options with value '2020' are selected in object 'Object Repository/LoggedOutReactPages/OrderLoggedOut/ExpirationYear_Dropdown' 

2018-06-01 10:13:41 - [MESSAGE][PASSED] - All options with value '2020' are selected in object 'Object Repository/LoggedOutReactPages/OrderLoggedOut/ExpirationYear_Dropdown' 

2018-06-01 10:13:41 - [TEST_STEP][PASSED] - selectOptionByValue: All options with value '1' are selected in object 'Object Repository/LoggedOutReactPages/OrderLoggedOut/UserType_Dropdown' 

2018-06-01 10:13:41 - [MESSAGE][PASSED] - All options with value '1' are selected in object 'Object Repository/LoggedOutReactPages/OrderLoggedOut/UserType_Dropdown' 

2018-06-01 10:13:41 - [TEST_STEP][PASSED] - check: Object 'Object Repository/LoggedOutReactPages/OrderLoggedOut/Terms_Checkbox' is checked

2018-06-01 10:13:41 - [MESSAGE][PASSED] - Object 'Object Repository/LoggedOutReactPages/OrderLoggedOut/Terms_Checkbox' is checked

2018-06-01 10:13:41 - [TEST_STEP][PASSED] - click: Object: 'Object Repository/LoggedInReactPages/Order (react)/Purchase_Button' is clicked on

2018-06-01 10:13:41 - [MESSAGE][PASSED] - Object: 'Object Repository/LoggedInReactPages/Order (react)/Purchase_Button' is clicked on

2018-06-01 10:13:41 - [MESSAGE][PASSED] - Call Test Case 'Test Cases/Base Tests/OrderSignUpBase' successfully

2018-06-01 10:13:41 - [TEST_STEP][PASSED] - waitForElementVisible: Object 'Object Repository/LoggedInReactPages/Order (react)/CompletePurchase_Button' is visible

2018-06-01 10:13:41 - [MESSAGE][WARNING] - Timeout '0' is invalid. Using default page load timeout: '30'

2018-06-01 10:13:41 - [MESSAGE][PASSED] - Object 'Object Repository/LoggedInReactPages/Order (react)/CompletePurchase_Button' is visible

2018-06-01 10:13:41 - [TEST_STEP][PASSED] - Statement - Price = com.kms.katalon.core.webui.keyword.WebUiBuiltInKeywords.concatenate(["Only ", Vtr1]): Concatenated string array: '['Only ','$1,551.00']' into 'Only $1,551.00'

2018-06-01 10:13:41 - [MESSAGE][PASSED] - Concatenated string array: '['Only ','$1,551.00']' into 'Only $1,551.00'

2018-06-01 10:13:41 - [TEST_STEP][PASSED] - verifyElementText: Actual text and expected text of test object 'Object Repository/LoggedInReactPages/Order (react)/Confirm_Price' are matched.

2018-06-01 10:13:42 - [MESSAGE][PASSED] - Actual text and expected text of test object 'Object Repository/LoggedInReactPages/Order (react)/Confirm_Price' are matched.

2018-06-01 10:13:42 - [TEST_STEP][PASSED] - click: Object: 'Object Repository/LoggedInReactPages/Order (react)/CompletePurchase_Button' is clicked on

2018-06-01 10:13:42 - [MESSAGE][PASSED] - Object: 'Object Repository/LoggedInReactPages/Order (react)/CompletePurchase_Button' is clicked on

2018-06-01 10:13:42 - [TEST_STEP][PASSED] - waitForElementPresent: Object 'Object Repository/LoggedInReactPages/Order (react)/VINCheckForm_EnterVINInput' is present

2018-06-01 10:13:42 - [MESSAGE][WARNING] - Timeout '0' is invalid. Using default page load timeout: '30'

2018-06-01 10:13:47 - [MESSAGE][PASSED] - Object 'Object Repository/LoggedInReactPages/Order (react)/VINCheckForm_EnterVINInput' is present

2018-06-01 10:13:47 - [TEST_STEP][PASSED] - waitForElementClickable: Object 'Object Repository/LoggedInReactPages/Order (react)/ViewReport_Button' is clickable

2018-06-01 10:13:47 - [MESSAGE][WARNING] - Timeout '0' is invalid. Using default page load timeout: '30'

2018-06-01 10:13:47 - [MESSAGE][PASSED] - Object 'Object Repository/LoggedInReactPages/Order (react)/ViewReport_Button' is clickable

2018-06-01 10:13:47 - [TEST_STEP][PASSED] - verifyTextPresent: Text 'Thank you for using instaVIN!' is present on page 

2018-06-01 10:13:47 - [MESSAGE][PASSED] - Text 'Thank you for using instaVIN!' is present on page 

2018-06-01 10:13:47 - [TEST_STEP][PASSED] - verifyElementText: Actual text and expected text of test object 'Object Repository/LoggedInReactPages/Order (react)/ViewReport - Vin' are matched.

2018-06-01 10:13:47 - [MESSAGE][PASSED] - Actual text and expected text of test object 'Object Repository/LoggedInReactPages/Order (react)/ViewReport - Vin' are matched.

2018-06-01 10:13:47 - [TEST_STEP][PASSED] - verifyElementText: Actual text and expected text of test object 'Object Repository/LoggedInReactPages/Order (react)/ViewReport - ReportType' are matched.

2018-06-01 10:13:47 - [MESSAGE][PASSED] - Actual text and expected text of test object 'Object Repository/LoggedInReactPages/Order (react)/ViewReport - ReportType' are matched.

2018-06-01 10:13:47 - [TEST_STEP][PASSED] - click: Object: 'Object Repository/LoggedInReactPages/Order (react)/ViewReport_Button' is clicked on

2018-06-01 10:13:48 - [MESSAGE][PASSED] - Object: 'Object Repository/LoggedInReactPages/Order (react)/ViewReport_Button' is clicked on

2018-06-01 10:13:48 - [TEST_STEP][PASSED] - waitForElementVisible: Object 'Object Repository/LoggedInReactPages/ReportSummary/ReportHeader' is visible

2018-06-01 10:13:48 - [MESSAGE][WARNING] - Timeout '0' is invalid. Using default page load timeout: '30'

2018-06-01 10:13:48 - [MESSAGE][PASSED] - Object 'Object Repository/LoggedInReactPages/ReportSummary/ReportHeader' is visible

2018-06-01 10:13:48 - [TEST_STEP][PASSED] - verifyElementText: Actual text and expected text of test object 'Object Repository/LoggedInReactPages/ReportSummary/VehicleTitle' are matched.

2018-06-01 10:13:48 - [MESSAGE][PASSED] - Actual text and expected text of test object 'Object Repository/LoggedInReactPages/ReportSummary/VehicleTitle' are matched.

2018-06-01 10:13:48 - [TEST_STEP][PASSED] - verifyElementAttributeValue: Object 'Object Repository/LoggedInReactPages/ReportSummary/ReportType' has attribute 'class' with value 'ReportGrade AlertSuccess'

2018-06-01 10:13:48 - [MESSAGE][WARNING] - Timeout '0' is invalid. Using default page load timeout: '30'

2018-06-01 10:13:48 - [MESSAGE][PASSED] - Object 'Object Repository/LoggedInReactPages/ReportSummary/ReportType' has attribute 'class' with value 'ReportGrade AlertSuccess'

2018-06-01 10:13:48 - [TEST_STEP][PASSED] - verifyElementText: Actual text and expected text of test object 'Object Repository/LoggedInReactPages/ReportSummary/ReportType' are matched.

2018-06-01 10:13:48 - [MESSAGE][PASSED] - Actual text and expected text of test object 'Object Repository/LoggedInReactPages/ReportSummary/ReportType' are matched.

2018-06-01 10:13:48 - [TEST_STEP][PASSED] - verifyElementAttributeValue: Object 'Object Repository/LoggedInReactPages/ReportSummary/VehicleSpecsStatus' has attribute 'class' with value 'SummaryAlertContainer AlertSuccess'

2018-06-01 10:13:48 - [MESSAGE][WARNING] - Timeout '0' is invalid. Using default page load timeout: '30'

2018-06-01 10:13:48 - [MESSAGE][PASSED] - Object 'Object Repository/LoggedInReactPages/ReportSummary/VehicleSpecsStatus' has attribute 'class' with value 'SummaryAlertContainer AlertSuccess'

2018-06-01 10:13:48 - [TEST_STEP][PASSED] - verifyElementAttributeValue: Object 'Object Repository/LoggedInReactPages/ReportSummary/JunkSalvageStatus' has attribute 'class' with value 'SummaryAlertContainer AlertSuccess'

2018-06-01 10:13:48 - [MESSAGE][WARNING] - Timeout '0' is invalid. Using default page load timeout: '30'

2018-06-01 10:13:48 - [MESSAGE][PASSED] - Object 'Object Repository/LoggedInReactPages/ReportSummary/JunkSalvageStatus' has attribute 'class' with value 'SummaryAlertContainer AlertSuccess'

2018-06-01 10:13:48 - [TEST_STEP][PASSED] - verifyElementAttributeValue: Object 'Object Repository/LoggedInReactPages/ReportSummary/TitleStatus' has attribute 'class' with value 'SummaryAlertContainer AlertSuccess'

2018-06-01 10:13:49 - [MESSAGE][WARNING] - Timeout '0' is invalid. Using default page load timeout: '30'

2018-06-01 10:13:49 - [MESSAGE][PASSED] - Object 'Object Repository/LoggedInReactPages/ReportSummary/TitleStatus' has attribute 'class' with value 'SummaryAlertContainer AlertSuccess'

2018-06-01 10:13:49 - [TEST_STEP][PASSED] - verifyElementAttributeValue: Object 'Object Repository/LoggedInReactPages/ReportSummary/OtherStatus' has attribute 'class' with value 'SummaryAlertContainer AlertSuccess'

2018-06-01 10:13:49 - [MESSAGE][WARNING] - Timeout '0' is invalid. Using default page load timeout: '30'

2018-06-01 10:13:49 - [MESSAGE][PASSED] - Object 'Object Repository/LoggedInReactPages/ReportSummary/OtherStatus' has attribute 'class' with value 'SummaryAlertContainer AlertSuccess'

2018-06-01 10:13:49 - [TEST_STEP][PASSED] - verifyElementAttributeValue: Object 'Object Repository/LoggedInReactPages/ReportSummary/VehicleRecallStatus' has attribute 'class' with value 'SummaryAlertContainer AlertSuccess'

2018-06-01 10:13:49 - [MESSAGE][WARNING] - Timeout '0' is invalid. Using default page load timeout: '30'

2018-06-01 10:13:49 - [MESSAGE][PASSED] - Object 'Object Repository/LoggedInReactPages/ReportSummary/VehicleRecallStatus' has attribute 'class' with value 'SummaryAlertContainer AlertSuccess'

2018-06-01 10:13:49 - [TEST_STEP][PASSED] - verifyElementText: Actual text and expected text of test object 'Object Repository/LoggedInReactPages/ReportSummary/OdometerStatus' are matched.

2018-06-01 10:13:49 - [MESSAGE][PASSED] - Actual text and expected text of test object 'Object Repository/LoggedInReactPages/ReportSummary/OdometerStatus' are matched.

2018-06-01 10:13:49 - [TEST_STEP][PASSED] - navigateToUrl: Navigate to 'https://dev-front.instavin.com/_O/Autotest(salesman)/order/' successfully

2018-06-01 10:13:50 - [MESSAGE][PASSED] - Navigate to 'https://dev-front.instavin.com/_O/Autotest(salesman)/order/' successfully

2018-06-01 10:13:50 - [TEST_STEP][PASSED] - verifyElementText: Actual text and expected text of test object 'Object Repository/LoggedInReactPages/Order (react)/VtrPrice1' are matched.

2018-06-01 10:13:50 - [MESSAGE][PASSED] - Actual text and expected text of test object 'Object Repository/LoggedInReactPages/Order (react)/VtrPrice1' are matched.

2018-06-01 10:13:50 - [TEST_STEP][PASSED] - verifyElementText: Actual text and expected text of test object 'Object Repository/LoggedInReactPages/Order (react)/VtrPrice10' are matched.

2018-06-01 10:13:50 - [MESSAGE][PASSED] - Actual text and expected text of test object 'Object Repository/LoggedInReactPages/Order (react)/VtrPrice10' are matched.

2018-06-01 10:13:50 - [TEST_STEP][PASSED] - closeBrowser: Browser is closed

2018-06-01 10:13:51 - [MESSAGE][PASSED] - Browser is closed]]></system-out>
         <system-err><![CDATA[]]></system-err>
      </testcase>
      <testcase name="Test Cases/AffiliateRequest - ValidFields" classname="Test Cases/AffiliateRequest - ValidFields" status="PASSED">
         <system-out><![CDATA[2018-06-01 10:13:51 - [TEST_CASE][PASSED] - Test Cases/AffiliateRequest - ValidFields: Test Cases/AffiliateRequest - ValidFields

2018-06-01 10:13:51 - [TEST_STEP][PASSED] - openBrowser: Browser is opened with url: ''

2018-06-01 10:13:53 - [MESSAGE][PASSED] - Browser is opened with url: ''

2018-06-01 10:13:53 - [TEST_STEP][PASSED] - maximizeWindow: Current window maximized

2018-06-01 10:13:55 - [MESSAGE][PASSED] - Current window maximized

2018-06-01 10:13:55 - [TEST_STEP][PASSED] - navigateToUrl: Navigate to 'https://dev-front.instavin.com/' successfully

2018-06-01 10:13:57 - [MESSAGE][PASSED] - Navigate to 'https://dev-front.instavin.com/' successfully

2018-06-01 10:13:57 - [TEST_STEP][PASSED] - click: Object: 'Object Repository/LoggedOutReactPages/CommonElements/Affiliate_Link' is clicked on

2018-06-01 10:13:59 - [MESSAGE][PASSED] - Object: 'Object Repository/LoggedOutReactPages/CommonElements/Affiliate_Link' is clicked on

2018-06-01 10:13:59 - [TEST_STEP][PASSED] - waitForElementClickable: Object 'Object Repository/LoggedOutReactPages/Affiliate/SignUpTop_Button' is clickable

2018-06-01 10:13:59 - [MESSAGE][WARNING] - Timeout '0' is invalid. Using default page load timeout: '30'

2018-06-01 10:13:59 - [MESSAGE][PASSED] - Object 'Object Repository/LoggedOutReactPages/Affiliate/SignUpTop_Button' is clickable

2018-06-01 10:13:59 - [TEST_STEP][PASSED] - verifyTextPresent: Text 'Put your website to work for you! Earn extra revenue with instaVIN® vehicle history reports.' is present on page 

2018-06-01 10:13:59 - [MESSAGE][PASSED] - Text 'Put your website to work for you! Earn extra revenue with instaVIN® vehicle history reports.' is present on page 

2018-06-01 10:13:59 - [TEST_STEP][PASSED] - click: Object: 'Object Repository/LoggedOutReactPages/Affiliate/SignUpTop_Button' is clicked on

2018-06-01 10:13:59 - [MESSAGE][PASSED] - Object: 'Object Repository/LoggedOutReactPages/Affiliate/SignUpTop_Button' is clicked on

2018-06-01 10:13:59 - [TEST_STEP][PASSED] - waitForElementVisible: Object 'Object Repository/LoggedOutReactPages/Affiliate/AffiliateSignUp_Header' is visible

2018-06-01 10:13:59 - [MESSAGE][WARNING] - Timeout '0' is invalid. Using default page load timeout: '30'

2018-06-01 10:13:59 - [MESSAGE][PASSED] - Object 'Object Repository/LoggedOutReactPages/Affiliate/AffiliateSignUp_Header' is visible

2018-06-01 10:13:59 - [TEST_STEP][PASSED] - Statement - now = new java.util.Date(): null

2018-06-01 10:13:59 - [TEST_STEP][PASSED] - Statement - rnd = now.format("yyyyMMddHHmmssSSS").toString(): null

2018-06-01 10:13:59 - [TEST_STEP][PASSED] - Statement - Email = com.kms.katalon.core.webui.keyword.WebUiBuiltInKeywords.concatenate(["affiliate", rnd, "@mailinator.com"]): Concatenated string array: '['affiliate','20180601101359847','@mailinator.com']' into 'affiliate20180601101359847@mailinator.com'

2018-06-01 10:13:59 - [MESSAGE][PASSED] - Concatenated string array: '['affiliate','20180601101359847','@mailinator.com']' into 'affiliate20180601101359847@mailinator.com'

2018-06-01 10:13:59 - [TEST_STEP][PASSED] - setText: Text '111111' is set on object 'Object Repository/LoggedOutReactPages/Affiliate/CompanyName_Input'

2018-06-01 10:14:00 - [MESSAGE][PASSED] - Text '111111' is set on object 'Object Repository/LoggedOutReactPages/Affiliate/CompanyName_Input'

2018-06-01 10:14:00 - [TEST_STEP][PASSED] - setText: Text 'www.test.co' is set on object 'Object Repository/LoggedOutReactPages/Affiliate/CompanyWebsite_Input'

2018-06-01 10:14:00 - [MESSAGE][PASSED] - Text 'www.test.co' is set on object 'Object Repository/LoggedOutReactPages/Affiliate/CompanyWebsite_Input'

2018-06-01 10:14:00 - [TEST_STEP][PASSED] - setText: Text 'test' is set on object 'Object Repository/LoggedOutReactPages/Affiliate/Address_Input'

2018-06-01 10:14:00 - [MESSAGE][PASSED] - Text 'test' is set on object 'Object Repository/LoggedOutReactPages/Affiliate/Address_Input'

2018-06-01 10:14:00 - [TEST_STEP][PASSED] - setText: Text 'test' is set on object 'Object Repository/LoggedOutReactPages/Affiliate/City_Input'

2018-06-01 10:14:00 - [MESSAGE][PASSED] - Text 'test' is set on object 'Object Repository/LoggedOutReactPages/Affiliate/City_Input'

2018-06-01 10:14:00 - [TEST_STEP][PASSED] - selectOptionByValue: All options with value 'US' are selected in object 'Object Repository/LoggedOutReactPages/Affiliate/Country_Dropdown' 

2018-06-01 10:14:00 - [MESSAGE][PASSED] - All options with value 'US' are selected in object 'Object Repository/LoggedOutReactPages/Affiliate/Country_Dropdown' 

2018-06-01 10:14:00 - [TEST_STEP][PASSED] - selectOptionByValue: All options with value 'TX' are selected in object 'Object Repository/LoggedOutReactPages/Affiliate/State_Dropdown' 

2018-06-01 10:14:01 - [MESSAGE][PASSED] - All options with value 'TX' are selected in object 'Object Repository/LoggedOutReactPages/Affiliate/State_Dropdown' 

2018-06-01 10:14:01 - [TEST_STEP][PASSED] - setText: Text '11111' is set on object 'Object Repository/LoggedOutReactPages/Affiliate/Zip_Input'

2018-06-01 10:14:01 - [MESSAGE][PASSED] - Text '11111' is set on object 'Object Repository/LoggedOutReactPages/Affiliate/Zip_Input'

2018-06-01 10:14:01 - [TEST_STEP][PASSED] - setText: Text 'Affiliate' is set on object 'Object Repository/LoggedOutReactPages/Affiliate/FirstName_Input'

2018-06-01 10:14:01 - [MESSAGE][PASSED] - Text 'Affiliate' is set on object 'Object Repository/LoggedOutReactPages/Affiliate/FirstName_Input'

2018-06-01 10:14:01 - [TEST_STEP][PASSED] - setText: Text 'Autotest' is set on object 'Object Repository/LoggedOutReactPages/Affiliate/LastName_Input'

2018-06-01 10:14:01 - [MESSAGE][PASSED] - Text 'Autotest' is set on object 'Object Repository/LoggedOutReactPages/Affiliate/LastName_Input'

2018-06-01 10:14:01 - [TEST_STEP][PASSED] - setText: Text 'affiliate20180601101359847@mailinator.com' is set on object 'Object Repository/LoggedOutReactPages/Affiliate/Email_Input'

2018-06-01 10:14:02 - [MESSAGE][PASSED] - Text 'affiliate20180601101359847@mailinator.com' is set on object 'Object Repository/LoggedOutReactPages/Affiliate/Email_Input'

2018-06-01 10:14:02 - [TEST_STEP][PASSED] - setText: Text '8001112233' is set on object 'Object Repository/LoggedOutReactPages/Affiliate/Phone_Input'

2018-06-01 10:14:02 - [MESSAGE][PASSED] - Text '8001112233' is set on object 'Object Repository/LoggedOutReactPages/Affiliate/Phone_Input'

2018-06-01 10:14:02 - [TEST_STEP][PASSED] - setText: Text 'Test message text' is set on object 'Object Repository/LoggedOutReactPages/Affiliate/Message_InputArea'

2018-06-01 10:14:02 - [MESSAGE][PASSED] - Text 'Test message text' is set on object 'Object Repository/LoggedOutReactPages/Affiliate/Message_InputArea'

2018-06-01 10:14:02 - [TEST_STEP][PASSED] - check: Object 'Object Repository/LoggedOutReactPages/Affiliate/Tos_Checkbox' is checked

2018-06-01 10:14:03 - [MESSAGE][PASSED] - Object 'Object Repository/LoggedOutReactPages/Affiliate/Tos_Checkbox' is checked

2018-06-01 10:14:03 - [TEST_STEP][PASSED] - click: Object: 'Object Repository/LoggedOutReactPages/Affiliate/Submit_Button' is clicked on

2018-06-01 10:14:03 - [MESSAGE][PASSED] - Object: 'Object Repository/LoggedOutReactPages/Affiliate/Submit_Button' is clicked on

2018-06-01 10:14:03 - [TEST_STEP][PASSED] - waitForElementVisible: Object 'Object Repository/LoggedOutReactPages/Affiliate/TopNotification' is visible

2018-06-01 10:14:03 - [MESSAGE][WARNING] - Timeout '0' is invalid. Using default page load timeout: '30'

2018-06-01 10:14:04 - [MESSAGE][PASSED] - Object 'Object Repository/LoggedOutReactPages/Affiliate/TopNotification' is visible

2018-06-01 10:14:04 - [TEST_STEP][PASSED] - verifyElementText: Actual text and expected text of test object 'Object Repository/LoggedOutReactPages/Affiliate/TopNotification' are matched.

2018-06-01 10:14:04 - [MESSAGE][PASSED] - Actual text and expected text of test object 'Object Repository/LoggedOutReactPages/Affiliate/TopNotification' are matched.

2018-06-01 10:14:04 - [TEST_STEP][PASSED] - closeBrowser: Browser is closed

2018-06-01 10:14:05 - [MESSAGE][PASSED] - Browser is closed]]></system-out>
         <system-err><![CDATA[]]></system-err>
      </testcase>
      <testcase name="Test Cases/Order - BuyVtr_CautionRecall" classname="Test Cases/Order - BuyVtr_CautionRecall" status="PASSED">
         <system-out><![CDATA[2018-06-01 10:14:05 - [TEST_CASE][PASSED] - Test Cases/Order - BuyVtr_CautionRecall: Test Cases/Order - BuyVtr_CautionRecall

2018-06-01 10:14:05 - [TEST_STEP][PASSED] - openBrowser: Browser is opened with url: ''

2018-06-01 10:14:07 - [MESSAGE][PASSED] - Browser is opened with url: ''

2018-06-01 10:14:07 - [TEST_STEP][PASSED] - maximizeWindow: Current window maximized

2018-06-01 10:14:08 - [MESSAGE][PASSED] - Current window maximized

2018-06-01 10:14:08 - [TEST_STEP][PASSED] - Statement - OrderURL = com.kms.katalon.core.webui.keyword.WebUiBuiltInKeywords.concatenate([StagingReact, "order/"]): Concatenated string array: '['https://dev-front.instavin.com/','order/']' into 'https://dev-front.instavin.com/order/'

2018-06-01 10:14:08 - [MESSAGE][PASSED] - Concatenated string array: '['https://dev-front.instavin.com/','order/']' into 'https://dev-front.instavin.com/order/'

2018-06-01 10:14:08 - [TEST_STEP][PASSED] - navigateToUrl: Navigate to 'https://dev-front.instavin.com/order/' successfully

2018-06-01 10:14:10 - [MESSAGE][PASSED] - Navigate to 'https://dev-front.instavin.com/order/' successfully

2018-06-01 10:14:10 - [TEST_STEP][PASSED] - waitForElementVisible: Object 'Object Repository/LoggedInReactPages/Order (react)/instaVINProducts_Label' is visible

2018-06-01 10:14:10 - [MESSAGE][WARNING] - Timeout '0' is invalid. Using default page load timeout: '30'

2018-06-01 10:14:10 - [MESSAGE][PASSED] - Object 'Object Repository/LoggedInReactPages/Order (react)/instaVINProducts_Label' is visible

2018-06-01 10:14:10 - [TEST_STEP][PASSED] - verifyElementText: Actual text and expected text of test object 'Object Repository/LoggedInReactPages/Order (react)/VtrPrice1' are matched.

2018-06-01 10:14:11 - [MESSAGE][PASSED] - Actual text and expected text of test object 'Object Repository/LoggedInReactPages/Order (react)/VtrPrice1' are matched.

2018-06-01 10:14:11 - [TEST_STEP][PASSED] - verifyElementText: Actual text and expected text of test object 'Object Repository/LoggedInReactPages/Order (react)/VtrPrice10' are matched.

2018-06-01 10:14:11 - [MESSAGE][PASSED] - Actual text and expected text of test object 'Object Repository/LoggedInReactPages/Order (react)/VtrPrice10' are matched.

2018-06-01 10:14:11 - [TEST_STEP][PASSED] - setText: Text 'WAURV78T18A018221' is set on object 'Object Repository/LoggedInReactPages/Order (react)/VINCheckForm_EnterVINInput'

2018-06-01 10:14:11 - [MESSAGE][PASSED] - Text 'WAURV78T18A018221' is set on object 'Object Repository/LoggedInReactPages/Order (react)/VINCheckForm_EnterVINInput'

2018-06-01 10:14:11 - [TEST_STEP][PASSED] - click: Object: 'Object Repository/LoggedInReactPages/Order (react)/CheckVin_ArrowButton' is clicked on

2018-06-01 10:14:11 - [MESSAGE][PASSED] - Object: 'Object Repository/LoggedInReactPages/Order (react)/CheckVin_ArrowButton' is clicked on

2018-06-01 10:14:11 - [TEST_STEP][PASSED] - waitForElementVisible: Object 'Object Repository/LoggedInReactPages/Order (react)/ChangeVIN_Cross' is visible

2018-06-01 10:14:11 - [MESSAGE][WARNING] - Timeout '0' is invalid. Using default page load timeout: '30'

2018-06-01 10:14:11 - [MESSAGE][PASSED] - Object 'Object Repository/LoggedInReactPages/Order (react)/ChangeVIN_Cross' is visible

2018-06-01 10:14:11 - [TEST_STEP][PASSED] - click: Object: 'Object Repository/LoggedInReactPages/Order (react)/FirstPricePoint' is clicked on

2018-06-01 10:14:12 - [MESSAGE][PASSED] - Object: 'Object Repository/LoggedInReactPages/Order (react)/FirstPricePoint' is clicked on

2018-06-01 10:14:12 - [TEST_STEP][PASSED] - Statement - Price = com.kms.katalon.core.webui.keyword.WebUiBuiltInKeywords.concatenate(["Only ", Vtr1]): Concatenated string array: '['Only ','$6.99']' into 'Only $6.99'

2018-06-01 10:14:12 - [MESSAGE][PASSED] - Concatenated string array: '['Only ','$6.99']' into 'Only $6.99'

2018-06-01 10:14:12 - [TEST_STEP][PASSED] - verifyElementText: Actual text and expected text of test object 'Object Repository/LoggedInReactPages/Order (react)/Confirm_Price' are matched.

2018-06-01 10:14:12 - [MESSAGE][PASSED] - Actual text and expected text of test object 'Object Repository/LoggedInReactPages/Order (react)/Confirm_Price' are matched.

2018-06-01 10:14:12 - [TEST_STEP][PASSED] - delay: Delayed 1 second(s)

2018-06-01 10:14:13 - [MESSAGE][PASSED] - Delayed 1 second(s)

2018-06-01 10:14:13 - [TEST_STEP][PASSED] - verifyElementVisible: Object 'Object Repository/LoggedInReactPages/Order (react)/OrderNow_OrangeButton' is visible

2018-06-01 10:14:13 - [MESSAGE][PASSED] - Object 'Object Repository/LoggedInReactPages/Order (react)/OrderNow_OrangeButton' is visible

2018-06-01 10:14:13 - [TEST_STEP][PASSED] - click: Object: 'Object Repository/LoggedInReactPages/Order (react)/OrderNow_OrangeButton' is clicked on

2018-06-01 10:14:13 - [MESSAGE][PASSED] - Object: 'Object Repository/LoggedInReactPages/Order (react)/OrderNow_OrangeButton' is clicked on

2018-06-01 10:14:13 - [TEST_STEP][PASSED] - waitForElementVisible: Object 'Object Repository/LoggedInReactPages/Order (react)/Purchase_Button' is visible

2018-06-01 10:14:13 - [MESSAGE][WARNING] - Timeout '0' is invalid. Using default page load timeout: '30'

2018-06-01 10:14:13 - [MESSAGE][PASSED] - Object 'Object Repository/LoggedInReactPages/Order (react)/Purchase_Button' is visible

2018-06-01 10:14:13 - [TEST_STEP][PASSED] - Statement - now = new java.util.Date(): null

2018-06-01 10:14:13 - [TEST_STEP][PASSED] - Statement - rnd = now.format("yyyyMMddHHmmssSSS").toString(): null

2018-06-01 10:14:13 - [TEST_STEP][PASSED] - Statement - Email = com.kms.katalon.core.webui.keyword.WebUiBuiltInKeywords.concatenate(["consumer", rnd, "@mailinator.com"]): Concatenated string array: '['consumer','20180601101413407','@mailinator.com']' into 'consumer20180601101413407@mailinator.com'

2018-06-01 10:14:13 - [MESSAGE][PASSED] - Concatenated string array: '['consumer','20180601101413407','@mailinator.com']' into 'consumer20180601101413407@mailinator.com'

2018-06-01 10:14:13 - [TEST_STEP][PASSED] - callTestCase: Call Test Case 'Test Cases/Base Tests/OrderSignUpBase' successfully

2018-06-01 10:14:13 - [TEST_CASE][PASSED] - Test Cases/Base Tests/OrderSignUpBase: Test Cases/Base Tests/OrderSignUpBase

2018-06-01 10:14:13 - [TEST_STEP][PASSED] - setText: Text 'Consumer' is set on object 'Object Repository/LoggedOutReactPages/OrderLoggedOut/FirstName_Input'

2018-06-01 10:14:13 - [MESSAGE][PASSED] - Text 'Consumer' is set on object 'Object Repository/LoggedOutReactPages/OrderLoggedOut/FirstName_Input'

2018-06-01 10:14:13 - [TEST_STEP][PASSED] - setText: Text 'Test' is set on object 'Object Repository/LoggedOutReactPages/OrderLoggedOut/LastName_Input'

2018-06-01 10:14:13 - [MESSAGE][PASSED] - Text 'Test' is set on object 'Object Repository/LoggedOutReactPages/OrderLoggedOut/LastName_Input'

2018-06-01 10:14:13 - [TEST_STEP][PASSED] - setText: Text 'test' is set on object 'Object Repository/LoggedOutReactPages/OrderLoggedOut/Address_Input'

2018-06-01 10:14:14 - [MESSAGE][PASSED] - Text 'test' is set on object 'Object Repository/LoggedOutReactPages/OrderLoggedOut/Address_Input'

2018-06-01 10:14:14 - [TEST_STEP][PASSED] - setText: Text 'test' is set on object 'Object Repository/LoggedOutReactPages/OrderLoggedOut/City_Input'

2018-06-01 10:14:14 - [MESSAGE][PASSED] - Text 'test' is set on object 'Object Repository/LoggedOutReactPages/OrderLoggedOut/City_Input'

2018-06-01 10:14:14 - [TEST_STEP][PASSED] - selectOptionByValue: All options with value 'TX' are selected in object 'Object Repository/LoggedOutReactPages/OrderLoggedOut/State_Dropdown' 

2018-06-01 10:14:14 - [MESSAGE][PASSED] - All options with value 'TX' are selected in object 'Object Repository/LoggedOutReactPages/OrderLoggedOut/State_Dropdown' 

2018-06-01 10:14:14 - [TEST_STEP][PASSED] - setText: Text '11111' is set on object 'Object Repository/LoggedOutReactPages/OrderLoggedOut/Zip_Input'

2018-06-01 10:14:15 - [MESSAGE][PASSED] - Text '11111' is set on object 'Object Repository/LoggedOutReactPages/OrderLoggedOut/Zip_Input'

2018-06-01 10:14:15 - [TEST_STEP][PASSED] - setText: Text '8001112233' is set on object 'Object Repository/LoggedOutReactPages/OrderLoggedOut/Phone_Input'

2018-06-01 10:14:15 - [MESSAGE][PASSED] - Text '8001112233' is set on object 'Object Repository/LoggedOutReactPages/OrderLoggedOut/Phone_Input'

2018-06-01 10:14:15 - [TEST_STEP][PASSED] - setText: Text 'consumer20180601101413407@mailinator.com' is set on object 'Object Repository/LoggedOutReactPages/OrderLoggedOut/Email_Input'

2018-06-01 10:14:16 - [MESSAGE][PASSED] - Text 'consumer20180601101413407@mailinator.com' is set on object 'Object Repository/LoggedOutReactPages/OrderLoggedOut/Email_Input'

2018-06-01 10:14:16 - [TEST_STEP][PASSED] - setText: Text '4000100011112224' is set on object 'Object Repository/LoggedOutReactPages/OrderLoggedOut/CcNumber_Input'

2018-06-01 10:14:16 - [MESSAGE][PASSED] - Text '4000100011112224' is set on object 'Object Repository/LoggedOutReactPages/OrderLoggedOut/CcNumber_Input'

2018-06-01 10:14:16 - [TEST_STEP][PASSED] - setText: Text '111' is set on object 'Object Repository/LoggedOutReactPages/OrderLoggedOut/CVV_Input'

2018-06-01 10:14:16 - [MESSAGE][PASSED] - Text '111' is set on object 'Object Repository/LoggedOutReactPages/OrderLoggedOut/CVV_Input'

2018-06-01 10:14:16 - [TEST_STEP][PASSED] - selectOptionByValue: All options with value '11' are selected in object 'Object Repository/LoggedOutReactPages/OrderLoggedOut/ExpirationMonth_Dropdown' 

2018-06-01 10:14:16 - [MESSAGE][PASSED] - All options with value '11' are selected in object 'Object Repository/LoggedOutReactPages/OrderLoggedOut/ExpirationMonth_Dropdown' 

2018-06-01 10:14:16 - [TEST_STEP][PASSED] - selectOptionByValue: All options with value '2020' are selected in object 'Object Repository/LoggedOutReactPages/OrderLoggedOut/ExpirationYear_Dropdown' 

2018-06-01 10:14:16 - [MESSAGE][PASSED] - All options with value '2020' are selected in object 'Object Repository/LoggedOutReactPages/OrderLoggedOut/ExpirationYear_Dropdown' 

2018-06-01 10:14:16 - [TEST_STEP][PASSED] - selectOptionByValue: All options with value '0' are selected in object 'Object Repository/LoggedOutReactPages/OrderLoggedOut/UserType_Dropdown' 

2018-06-01 10:14:17 - [MESSAGE][PASSED] - All options with value '0' are selected in object 'Object Repository/LoggedOutReactPages/OrderLoggedOut/UserType_Dropdown' 

2018-06-01 10:14:17 - [TEST_STEP][PASSED] - check: Object 'Object Repository/LoggedOutReactPages/OrderLoggedOut/Terms_Checkbox' is checked

2018-06-01 10:14:17 - [MESSAGE][PASSED] - Object 'Object Repository/LoggedOutReactPages/OrderLoggedOut/Terms_Checkbox' is checked

2018-06-01 10:14:17 - [TEST_STEP][PASSED] - click: Object: 'Object Repository/LoggedInReactPages/Order (react)/Purchase_Button' is clicked on

2018-06-01 10:14:17 - [MESSAGE][PASSED] - Object: 'Object Repository/LoggedInReactPages/Order (react)/Purchase_Button' is clicked on

2018-06-01 10:14:17 - [MESSAGE][PASSED] - Call Test Case 'Test Cases/Base Tests/OrderSignUpBase' successfully

2018-06-01 10:14:17 - [TEST_STEP][PASSED] - waitForElementClickable: Object 'Object Repository/LoggedInReactPages/Order (react)/CompletePurchase_Button' is clickable

2018-06-01 10:14:17 - [MESSAGE][WARNING] - Timeout '0' is invalid. Using default page load timeout: '30'

2018-06-01 10:14:17 - [MESSAGE][PASSED] - Object 'Object Repository/LoggedInReactPages/Order (react)/CompletePurchase_Button' is clickable

2018-06-01 10:14:17 - [TEST_STEP][PASSED] - verifyElementText: Actual text and expected text of test object 'Object Repository/LoggedInReactPages/Order (react)/Confirm_Price' are matched.

2018-06-01 10:14:17 - [MESSAGE][PASSED] - Actual text and expected text of test object 'Object Repository/LoggedInReactPages/Order (react)/Confirm_Price' are matched.

2018-06-01 10:14:17 - [TEST_STEP][PASSED] - click: Object: 'Object Repository/LoggedInReactPages/Order (react)/CompletePurchase_Button' is clicked on

2018-06-01 10:14:17 - [MESSAGE][PASSED] - Object: 'Object Repository/LoggedInReactPages/Order (react)/CompletePurchase_Button' is clicked on

2018-06-01 10:14:17 - [TEST_STEP][PASSED] - waitForElementPresent: Object 'Object Repository/LoggedInReactPages/Order (react)/VINCheckForm_EnterVINInput' is present

2018-06-01 10:14:18 - [MESSAGE][WARNING] - Timeout '0' is invalid. Using default page load timeout: '30'

2018-06-01 10:14:34 - [MESSAGE][PASSED] - Object 'Object Repository/LoggedInReactPages/Order (react)/VINCheckForm_EnterVINInput' is present

2018-06-01 10:14:34 - [TEST_STEP][PASSED] - waitForElementClickable: Object 'Object Repository/LoggedInReactPages/Order (react)/ViewReport_Button' is clickable

2018-06-01 10:14:34 - [MESSAGE][WARNING] - Timeout '0' is invalid. Using default page load timeout: '30'

2018-06-01 10:14:34 - [MESSAGE][PASSED] - Object 'Object Repository/LoggedInReactPages/Order (react)/ViewReport_Button' is clickable

2018-06-01 10:14:34 - [TEST_STEP][PASSED] - verifyTextPresent: Text 'Thank you for using instaVIN!' is present on page 

2018-06-01 10:14:34 - [MESSAGE][PASSED] - Text 'Thank you for using instaVIN!' is present on page 

2018-06-01 10:14:34 - [TEST_STEP][PASSED] - verifyElementText: Actual text and expected text of test object 'Object Repository/LoggedInReactPages/Order (react)/ViewReport - Vin' are matched.

2018-06-01 10:14:34 - [MESSAGE][PASSED] - Actual text and expected text of test object 'Object Repository/LoggedInReactPages/Order (react)/ViewReport - Vin' are matched.

2018-06-01 10:14:34 - [TEST_STEP][PASSED] - verifyElementText: Actual text and expected text of test object 'Object Repository/LoggedInReactPages/Order (react)/ViewReport - ReportType' are matched.

2018-06-01 10:14:34 - [MESSAGE][PASSED] - Actual text and expected text of test object 'Object Repository/LoggedInReactPages/Order (react)/ViewReport - ReportType' are matched.

2018-06-01 10:14:34 - [TEST_STEP][PASSED] - click: Object: 'Object Repository/LoggedInReactPages/Order (react)/ViewReport_Button' is clicked on

2018-06-01 10:14:36 - [MESSAGE][PASSED] - Object: 'Object Repository/LoggedInReactPages/Order (react)/ViewReport_Button' is clicked on

2018-06-01 10:14:36 - [TEST_STEP][PASSED] - waitForElementVisible: Object 'Object Repository/LoggedInReactPages/ReportSummary/ReportHeader' is visible

2018-06-01 10:14:36 - [MESSAGE][WARNING] - Timeout '0' is invalid. Using default page load timeout: '30'

2018-06-01 10:14:36 - [MESSAGE][PASSED] - Object 'Object Repository/LoggedInReactPages/ReportSummary/ReportHeader' is visible

2018-06-01 10:14:36 - [TEST_STEP][PASSED] - verifyElementText: Actual text and expected text of test object 'Object Repository/LoggedInReactPages/ReportSummary/VehicleTitle' are matched.

2018-06-01 10:14:36 - [MESSAGE][PASSED] - Actual text and expected text of test object 'Object Repository/LoggedInReactPages/ReportSummary/VehicleTitle' are matched.

2018-06-01 10:14:36 - [TEST_STEP][PASSED] - verifyElementAttributeValue: Object 'Object Repository/LoggedInReactPages/ReportSummary/ReportType' has attribute 'class' with value 'ReportGrade AlertWarning'

2018-06-01 10:14:36 - [MESSAGE][WARNING] - Timeout '0' is invalid. Using default page load timeout: '30'

2018-06-01 10:14:36 - [MESSAGE][PASSED] - Object 'Object Repository/LoggedInReactPages/ReportSummary/ReportType' has attribute 'class' with value 'ReportGrade AlertWarning'

2018-06-01 10:14:36 - [TEST_STEP][PASSED] - verifyElementText: Actual text and expected text of test object 'Object Repository/LoggedInReactPages/ReportSummary/ReportType' are matched.

2018-06-01 10:14:36 - [MESSAGE][PASSED] - Actual text and expected text of test object 'Object Repository/LoggedInReactPages/ReportSummary/ReportType' are matched.

2018-06-01 10:14:36 - [TEST_STEP][PASSED] - verifyElementAttributeValue: Object 'Object Repository/LoggedInReactPages/ReportSummary/VehicleSpecsStatus' has attribute 'class' with value 'SummaryAlertContainer AlertSuccess'

2018-06-01 10:14:36 - [MESSAGE][WARNING] - Timeout '0' is invalid. Using default page load timeout: '30'

2018-06-01 10:14:36 - [MESSAGE][PASSED] - Object 'Object Repository/LoggedInReactPages/ReportSummary/VehicleSpecsStatus' has attribute 'class' with value 'SummaryAlertContainer AlertSuccess'

2018-06-01 10:14:36 - [TEST_STEP][PASSED] - verifyElementAttributeValue: Object 'Object Repository/LoggedInReactPages/ReportSummary/JunkSalvageStatus' has attribute 'class' with value 'SummaryAlertContainer AlertSuccess'

2018-06-01 10:14:36 - [MESSAGE][WARNING] - Timeout '0' is invalid. Using default page load timeout: '30'

2018-06-01 10:14:36 - [MESSAGE][PASSED] - Object 'Object Repository/LoggedInReactPages/ReportSummary/JunkSalvageStatus' has attribute 'class' with value 'SummaryAlertContainer AlertSuccess'

2018-06-01 10:14:36 - [TEST_STEP][PASSED] - verifyElementAttributeValue: Object 'Object Repository/LoggedInReactPages/ReportSummary/TitleStatus' has attribute 'class' with value 'SummaryAlertContainer AlertSuccess'

2018-06-01 10:14:36 - [MESSAGE][WARNING] - Timeout '0' is invalid. Using default page load timeout: '30'

2018-06-01 10:14:36 - [MESSAGE][PASSED] - Object 'Object Repository/LoggedInReactPages/ReportSummary/TitleStatus' has attribute 'class' with value 'SummaryAlertContainer AlertSuccess'

2018-06-01 10:14:36 - [TEST_STEP][PASSED] - verifyElementAttributeValue: Object 'Object Repository/LoggedInReactPages/ReportSummary/OtherStatus' has attribute 'class' with value 'SummaryAlertContainer AlertSuccess'

2018-06-01 10:14:36 - [MESSAGE][WARNING] - Timeout '0' is invalid. Using default page load timeout: '30'

2018-06-01 10:14:37 - [MESSAGE][PASSED] - Object 'Object Repository/LoggedInReactPages/ReportSummary/OtherStatus' has attribute 'class' with value 'SummaryAlertContainer AlertSuccess'

2018-06-01 10:14:37 - [TEST_STEP][PASSED] - verifyElementAttributeValue: Object 'Object Repository/LoggedInReactPages/ReportSummary/VehicleRecallStatus' has attribute 'class' with value 'SummaryAlertContainer AlertWarning'

2018-06-01 10:14:37 - [MESSAGE][WARNING] - Timeout '0' is invalid. Using default page load timeout: '30'

2018-06-01 10:14:37 - [MESSAGE][PASSED] - Object 'Object Repository/LoggedInReactPages/ReportSummary/VehicleRecallStatus' has attribute 'class' with value 'SummaryAlertContainer AlertWarning'

2018-06-01 10:14:37 - [TEST_STEP][PASSED] - verifyElementText: Actual text and expected text of test object 'Object Repository/LoggedInReactPages/ReportSummary/OdometerStatus' are matched.

2018-06-01 10:14:37 - [MESSAGE][PASSED] - Actual text and expected text of test object 'Object Repository/LoggedInReactPages/ReportSummary/OdometerStatus' are matched.

2018-06-01 10:14:37 - [TEST_STEP][PASSED] - navigateToUrl: Navigate to 'https://dev-front.instavin.com/order/' successfully

2018-06-01 10:14:38 - [MESSAGE][PASSED] - Navigate to 'https://dev-front.instavin.com/order/' successfully

2018-06-01 10:14:38 - [TEST_STEP][PASSED] - verifyElementText: Actual text and expected text of test object 'Object Repository/LoggedInReactPages/Order (react)/VtrPrice1' are matched.

2018-06-01 10:14:38 - [MESSAGE][PASSED] - Actual text and expected text of test object 'Object Repository/LoggedInReactPages/Order (react)/VtrPrice1' are matched.

2018-06-01 10:14:38 - [TEST_STEP][PASSED] - verifyElementText: Actual text and expected text of test object 'Object Repository/LoggedInReactPages/Order (react)/VtrPrice10' are matched.

2018-06-01 10:14:39 - [MESSAGE][PASSED] - Actual text and expected text of test object 'Object Repository/LoggedInReactPages/Order (react)/VtrPrice10' are matched.

2018-06-01 10:14:39 - [TEST_STEP][PASSED] - closeBrowser: Browser is closed

2018-06-01 10:14:39 - [MESSAGE][PASSED] - Browser is closed]]></system-out>
         <system-err><![CDATA[]]></system-err>
      </testcase>
      <testcase name="Test Cases/Order - BuyVtr_NoProblems" classname="Test Cases/Order - BuyVtr_NoProblems" status="PASSED">
         <system-out><![CDATA[2018-06-01 10:14:39 - [TEST_CASE][PASSED] - Test Cases/Order - BuyVtr_NoProblems: Test Cases/Order - BuyVtr_NoProblems

2018-06-01 10:14:40 - [TEST_STEP][PASSED] - openBrowser: Browser is opened with url: ''

2018-06-01 10:14:42 - [MESSAGE][PASSED] - Browser is opened with url: ''

2018-06-01 10:14:42 - [TEST_STEP][PASSED] - maximizeWindow: Current window maximized

2018-06-01 10:14:43 - [MESSAGE][PASSED] - Current window maximized

2018-06-01 10:14:43 - [TEST_STEP][PASSED] - Statement - OrderURL = com.kms.katalon.core.webui.keyword.WebUiBuiltInKeywords.concatenate([StagingReact, "order/"]): Concatenated string array: '['https://dev-front.instavin.com/','order/']' into 'https://dev-front.instavin.com/order/'

2018-06-01 10:14:43 - [MESSAGE][PASSED] - Concatenated string array: '['https://dev-front.instavin.com/','order/']' into 'https://dev-front.instavin.com/order/'

2018-06-01 10:14:43 - [TEST_STEP][PASSED] - navigateToUrl: Navigate to 'https://dev-front.instavin.com/order/' successfully

2018-06-01 10:14:45 - [MESSAGE][PASSED] - Navigate to 'https://dev-front.instavin.com/order/' successfully

2018-06-01 10:14:45 - [TEST_STEP][PASSED] - waitForElementVisible: Object 'Object Repository/LoggedInReactPages/Order (react)/instaVINProducts_Label' is visible

2018-06-01 10:14:45 - [MESSAGE][WARNING] - Timeout '0' is invalid. Using default page load timeout: '30'

2018-06-01 10:14:45 - [MESSAGE][PASSED] - Object 'Object Repository/LoggedInReactPages/Order (react)/instaVINProducts_Label' is visible

2018-06-01 10:14:45 - [TEST_STEP][PASSED] - verifyElementText: Actual text and expected text of test object 'Object Repository/LoggedInReactPages/Order (react)/VtrPrice1' are matched.

2018-06-01 10:14:46 - [MESSAGE][PASSED] - Actual text and expected text of test object 'Object Repository/LoggedInReactPages/Order (react)/VtrPrice1' are matched.

2018-06-01 10:14:46 - [TEST_STEP][PASSED] - verifyElementText: Actual text and expected text of test object 'Object Repository/LoggedInReactPages/Order (react)/VtrPrice10' are matched.

2018-06-01 10:14:46 - [MESSAGE][PASSED] - Actual text and expected text of test object 'Object Repository/LoggedInReactPages/Order (react)/VtrPrice10' are matched.

2018-06-01 10:14:46 - [TEST_STEP][PASSED] - setText: Text 'SAJWA43C199B29849' is set on object 'Object Repository/LoggedInReactPages/Order (react)/VINCheckForm_EnterVINInput'

2018-06-01 10:14:46 - [MESSAGE][PASSED] - Text 'SAJWA43C199B29849' is set on object 'Object Repository/LoggedInReactPages/Order (react)/VINCheckForm_EnterVINInput'

2018-06-01 10:14:46 - [TEST_STEP][PASSED] - click: Object: 'Object Repository/LoggedInReactPages/Order (react)/CheckVin_ArrowButton' is clicked on

2018-06-01 10:14:46 - [MESSAGE][PASSED] - Object: 'Object Repository/LoggedInReactPages/Order (react)/CheckVin_ArrowButton' is clicked on

2018-06-01 10:14:46 - [TEST_STEP][PASSED] - waitForElementVisible: Object 'Object Repository/LoggedInReactPages/Order (react)/ChangeVIN_Cross' is visible

2018-06-01 10:14:46 - [MESSAGE][WARNING] - Timeout '0' is invalid. Using default page load timeout: '30'

2018-06-01 10:14:47 - [MESSAGE][PASSED] - Object 'Object Repository/LoggedInReactPages/Order (react)/ChangeVIN_Cross' is visible

2018-06-01 10:14:47 - [TEST_STEP][PASSED] - click: Object: 'Object Repository/LoggedInReactPages/Order (react)/FirstPricePoint' is clicked on

2018-06-01 10:14:47 - [MESSAGE][PASSED] - Object: 'Object Repository/LoggedInReactPages/Order (react)/FirstPricePoint' is clicked on

2018-06-01 10:14:47 - [TEST_STEP][PASSED] - Statement - Price = com.kms.katalon.core.webui.keyword.WebUiBuiltInKeywords.concatenate(["Only ", Vtr1]): Concatenated string array: '['Only ','$6.99']' into 'Only $6.99'

2018-06-01 10:14:47 - [MESSAGE][PASSED] - Concatenated string array: '['Only ','$6.99']' into 'Only $6.99'

2018-06-01 10:14:47 - [TEST_STEP][PASSED] - verifyElementText: Actual text and expected text of test object 'Object Repository/LoggedInReactPages/Order (react)/Confirm_Price' are matched.

2018-06-01 10:14:47 - [MESSAGE][PASSED] - Actual text and expected text of test object 'Object Repository/LoggedInReactPages/Order (react)/Confirm_Price' are matched.

2018-06-01 10:14:47 - [TEST_STEP][PASSED] - delay: Delayed 1 second(s)

2018-06-01 10:14:48 - [MESSAGE][PASSED] - Delayed 1 second(s)

2018-06-01 10:14:48 - [TEST_STEP][PASSED] - verifyElementVisible: Object 'Object Repository/LoggedInReactPages/Order (react)/OrderNow_OrangeButton' is visible

2018-06-01 10:14:48 - [MESSAGE][PASSED] - Object 'Object Repository/LoggedInReactPages/Order (react)/OrderNow_OrangeButton' is visible

2018-06-01 10:14:48 - [TEST_STEP][PASSED] - click: Object: 'Object Repository/LoggedInReactPages/Order (react)/OrderNow_OrangeButton' is clicked on

2018-06-01 10:14:48 - [MESSAGE][PASSED] - Object: 'Object Repository/LoggedInReactPages/Order (react)/OrderNow_OrangeButton' is clicked on

2018-06-01 10:14:48 - [TEST_STEP][PASSED] - waitForElementVisible: Object 'Object Repository/LoggedInReactPages/Order (react)/Purchase_Button' is visible

2018-06-01 10:14:48 - [MESSAGE][WARNING] - Timeout '0' is invalid. Using default page load timeout: '30'

2018-06-01 10:14:48 - [MESSAGE][PASSED] - Object 'Object Repository/LoggedInReactPages/Order (react)/Purchase_Button' is visible

2018-06-01 10:14:48 - [TEST_STEP][PASSED] - Statement - now = new java.util.Date(): null

2018-06-01 10:14:48 - [TEST_STEP][PASSED] - Statement - rnd = now.format("yyyyMMddHHmmssSSS").toString(): null

2018-06-01 10:14:48 - [TEST_STEP][PASSED] - Statement - Email = com.kms.katalon.core.webui.keyword.WebUiBuiltInKeywords.concatenate(["consumer", rnd, "@mailinator.com"]): Concatenated string array: '['consumer','20180601101448472','@mailinator.com']' into 'consumer20180601101448472@mailinator.com'

2018-06-01 10:14:48 - [MESSAGE][PASSED] - Concatenated string array: '['consumer','20180601101448472','@mailinator.com']' into 'consumer20180601101448472@mailinator.com'

2018-06-01 10:14:48 - [TEST_STEP][PASSED] - callTestCase: Call Test Case 'Test Cases/Base Tests/OrderSignUpBase' successfully

2018-06-01 10:14:48 - [TEST_CASE][PASSED] - Test Cases/Base Tests/OrderSignUpBase: Test Cases/Base Tests/OrderSignUpBase

2018-06-01 10:14:48 - [TEST_STEP][PASSED] - setText: Text 'Consumer' is set on object 'Object Repository/LoggedOutReactPages/OrderLoggedOut/FirstName_Input'

2018-06-01 10:14:48 - [MESSAGE][PASSED] - Text 'Consumer' is set on object 'Object Repository/LoggedOutReactPages/OrderLoggedOut/FirstName_Input'

2018-06-01 10:14:48 - [TEST_STEP][PASSED] - setText: Text 'Test' is set on object 'Object Repository/LoggedOutReactPages/OrderLoggedOut/LastName_Input'

2018-06-01 10:14:49 - [MESSAGE][PASSED] - Text 'Test' is set on object 'Object Repository/LoggedOutReactPages/OrderLoggedOut/LastName_Input'

2018-06-01 10:14:49 - [TEST_STEP][PASSED] - setText: Text 'test' is set on object 'Object Repository/LoggedOutReactPages/OrderLoggedOut/Address_Input'

2018-06-01 10:14:49 - [MESSAGE][PASSED] - Text 'test' is set on object 'Object Repository/LoggedOutReactPages/OrderLoggedOut/Address_Input'

2018-06-01 10:14:49 - [TEST_STEP][PASSED] - setText: Text 'test' is set on object 'Object Repository/LoggedOutReactPages/OrderLoggedOut/City_Input'

2018-06-01 10:14:49 - [MESSAGE][PASSED] - Text 'test' is set on object 'Object Repository/LoggedOutReactPages/OrderLoggedOut/City_Input'

2018-06-01 10:14:49 - [TEST_STEP][PASSED] - selectOptionByValue: All options with value 'TX' are selected in object 'Object Repository/LoggedOutReactPages/OrderLoggedOut/State_Dropdown' 

2018-06-01 10:14:49 - [MESSAGE][PASSED] - All options with value 'TX' are selected in object 'Object Repository/LoggedOutReactPages/OrderLoggedOut/State_Dropdown' 

2018-06-01 10:14:49 - [TEST_STEP][PASSED] - setText: Text '11111' is set on object 'Object Repository/LoggedOutReactPages/OrderLoggedOut/Zip_Input'

2018-06-01 10:14:49 - [MESSAGE][PASSED] - Text '11111' is set on object 'Object Repository/LoggedOutReactPages/OrderLoggedOut/Zip_Input'

2018-06-01 10:14:50 - [TEST_STEP][PASSED] - setText: Text '8001112233' is set on object 'Object Repository/LoggedOutReactPages/OrderLoggedOut/Phone_Input'

2018-06-01 10:14:50 - [MESSAGE][PASSED] - Text '8001112233' is set on object 'Object Repository/LoggedOutReactPages/OrderLoggedOut/Phone_Input'

2018-06-01 10:14:50 - [TEST_STEP][PASSED] - setText: Text 'consumer20180601101448472@mailinator.com' is set on object 'Object Repository/LoggedOutReactPages/OrderLoggedOut/Email_Input'

2018-06-01 10:14:51 - [MESSAGE][PASSED] - Text 'consumer20180601101448472@mailinator.com' is set on object 'Object Repository/LoggedOutReactPages/OrderLoggedOut/Email_Input'

2018-06-01 10:14:51 - [TEST_STEP][PASSED] - setText: Text '4000100011112224' is set on object 'Object Repository/LoggedOutReactPages/OrderLoggedOut/CcNumber_Input'

2018-06-01 10:14:51 - [MESSAGE][PASSED] - Text '4000100011112224' is set on object 'Object Repository/LoggedOutReactPages/OrderLoggedOut/CcNumber_Input'

2018-06-01 10:14:51 - [TEST_STEP][PASSED] - setText: Text '111' is set on object 'Object Repository/LoggedOutReactPages/OrderLoggedOut/CVV_Input'

2018-06-01 10:14:51 - [MESSAGE][PASSED] - Text '111' is set on object 'Object Repository/LoggedOutReactPages/OrderLoggedOut/CVV_Input'

2018-06-01 10:14:51 - [TEST_STEP][PASSED] - selectOptionByValue: All options with value '11' are selected in object 'Object Repository/LoggedOutReactPages/OrderLoggedOut/ExpirationMonth_Dropdown' 

2018-06-01 10:14:51 - [MESSAGE][PASSED] - All options with value '11' are selected in object 'Object Repository/LoggedOutReactPages/OrderLoggedOut/ExpirationMonth_Dropdown' 

2018-06-01 10:14:51 - [TEST_STEP][PASSED] - selectOptionByValue: All options with value '2020' are selected in object 'Object Repository/LoggedOutReactPages/OrderLoggedOut/ExpirationYear_Dropdown' 

2018-06-01 10:14:51 - [MESSAGE][PASSED] - All options with value '2020' are selected in object 'Object Repository/LoggedOutReactPages/OrderLoggedOut/ExpirationYear_Dropdown' 

2018-06-01 10:14:51 - [TEST_STEP][PASSED] - selectOptionByValue: All options with value '0' are selected in object 'Object Repository/LoggedOutReactPages/OrderLoggedOut/UserType_Dropdown' 

2018-06-01 10:14:52 - [MESSAGE][PASSED] - All options with value '0' are selected in object 'Object Repository/LoggedOutReactPages/OrderLoggedOut/UserType_Dropdown' 

2018-06-01 10:14:52 - [TEST_STEP][PASSED] - check: Object 'Object Repository/LoggedOutReactPages/OrderLoggedOut/Terms_Checkbox' is checked

2018-06-01 10:14:52 - [MESSAGE][PASSED] - Object 'Object Repository/LoggedOutReactPages/OrderLoggedOut/Terms_Checkbox' is checked

2018-06-01 10:14:52 - [TEST_STEP][PASSED] - click: Object: 'Object Repository/LoggedInReactPages/Order (react)/Purchase_Button' is clicked on

2018-06-01 10:14:52 - [MESSAGE][PASSED] - Object: 'Object Repository/LoggedInReactPages/Order (react)/Purchase_Button' is clicked on

2018-06-01 10:14:52 - [MESSAGE][PASSED] - Call Test Case 'Test Cases/Base Tests/OrderSignUpBase' successfully

2018-06-01 10:14:52 - [TEST_STEP][PASSED] - waitForElementClickable: Object 'Object Repository/LoggedInReactPages/Order (react)/CompletePurchase_Button' is clickable

2018-06-01 10:14:52 - [MESSAGE][WARNING] - Timeout '0' is invalid. Using default page load timeout: '30'

2018-06-01 10:14:52 - [MESSAGE][PASSED] - Object 'Object Repository/LoggedInReactPages/Order (react)/CompletePurchase_Button' is clickable

2018-06-01 10:14:52 - [TEST_STEP][PASSED] - verifyElementText: Actual text and expected text of test object 'Object Repository/LoggedInReactPages/Order (react)/Confirm_Price' are matched.

2018-06-01 10:14:52 - [MESSAGE][PASSED] - Actual text and expected text of test object 'Object Repository/LoggedInReactPages/Order (react)/Confirm_Price' are matched.

2018-06-01 10:14:52 - [TEST_STEP][PASSED] - click: Object: 'Object Repository/LoggedInReactPages/Order (react)/CompletePurchase_Button' is clicked on

2018-06-01 10:14:52 - [MESSAGE][PASSED] - Object: 'Object Repository/LoggedInReactPages/Order (react)/CompletePurchase_Button' is clicked on

2018-06-01 10:14:52 - [TEST_STEP][PASSED] - waitForElementPresent: Object 'Object Repository/LoggedInReactPages/Order (react)/VINCheckForm_EnterVINInput' is present

2018-06-01 10:14:53 - [MESSAGE][WARNING] - Timeout '0' is invalid. Using default page load timeout: '30'

2018-06-01 10:14:57 - [MESSAGE][PASSED] - Object 'Object Repository/LoggedInReactPages/Order (react)/VINCheckForm_EnterVINInput' is present

2018-06-01 10:14:57 - [TEST_STEP][PASSED] - waitForElementClickable: Object 'Object Repository/LoggedInReactPages/Order (react)/ViewReport_Button' is clickable

2018-06-01 10:14:57 - [MESSAGE][WARNING] - Timeout '0' is invalid. Using default page load timeout: '30'

2018-06-01 10:14:57 - [MESSAGE][PASSED] - Object 'Object Repository/LoggedInReactPages/Order (react)/ViewReport_Button' is clickable

2018-06-01 10:14:57 - [TEST_STEP][PASSED] - verifyTextPresent: Text 'Thank you for using instaVIN!' is present on page 

2018-06-01 10:14:58 - [MESSAGE][PASSED] - Text 'Thank you for using instaVIN!' is present on page 

2018-06-01 10:14:58 - [TEST_STEP][PASSED] - verifyElementText: Actual text and expected text of test object 'Object Repository/LoggedInReactPages/Order (react)/ViewReport - Vin' are matched.

2018-06-01 10:14:58 - [MESSAGE][PASSED] - Actual text and expected text of test object 'Object Repository/LoggedInReactPages/Order (react)/ViewReport - Vin' are matched.

2018-06-01 10:14:58 - [TEST_STEP][PASSED] - verifyElementText: Actual text and expected text of test object 'Object Repository/LoggedInReactPages/Order (react)/ViewReport - ReportType' are matched.

2018-06-01 10:14:58 - [MESSAGE][PASSED] - Actual text and expected text of test object 'Object Repository/LoggedInReactPages/Order (react)/ViewReport - ReportType' are matched.

2018-06-01 10:14:58 - [TEST_STEP][PASSED] - click: Object: 'Object Repository/LoggedInReactPages/Order (react)/ViewReport_Button' is clicked on

2018-06-01 10:14:59 - [MESSAGE][PASSED] - Object: 'Object Repository/LoggedInReactPages/Order (react)/ViewReport_Button' is clicked on

2018-06-01 10:14:59 - [TEST_STEP][PASSED] - waitForElementVisible: Object 'Object Repository/LoggedInReactPages/ReportSummary/ReportHeader' is visible

2018-06-01 10:14:59 - [MESSAGE][WARNING] - Timeout '0' is invalid. Using default page load timeout: '30'

2018-06-01 10:14:59 - [MESSAGE][PASSED] - Object 'Object Repository/LoggedInReactPages/ReportSummary/ReportHeader' is visible

2018-06-01 10:14:59 - [TEST_STEP][PASSED] - verifyElementText: Actual text and expected text of test object 'Object Repository/LoggedInReactPages/ReportSummary/VehicleTitle' are matched.

2018-06-01 10:15:00 - [MESSAGE][PASSED] - Actual text and expected text of test object 'Object Repository/LoggedInReactPages/ReportSummary/VehicleTitle' are matched.

2018-06-01 10:15:00 - [TEST_STEP][PASSED] - verifyElementAttributeValue: Object 'Object Repository/LoggedInReactPages/ReportSummary/ReportType' has attribute 'class' with value 'ReportGrade AlertSuccess'

2018-06-01 10:15:00 - [MESSAGE][WARNING] - Timeout '0' is invalid. Using default page load timeout: '30'

2018-06-01 10:15:00 - [MESSAGE][PASSED] - Object 'Object Repository/LoggedInReactPages/ReportSummary/ReportType' has attribute 'class' with value 'ReportGrade AlertSuccess'

2018-06-01 10:15:00 - [TEST_STEP][PASSED] - verifyElementText: Actual text and expected text of test object 'Object Repository/LoggedInReactPages/ReportSummary/ReportType' are matched.

2018-06-01 10:15:00 - [MESSAGE][PASSED] - Actual text and expected text of test object 'Object Repository/LoggedInReactPages/ReportSummary/ReportType' are matched.

2018-06-01 10:15:00 - [TEST_STEP][PASSED] - verifyElementAttributeValue: Object 'Object Repository/LoggedInReactPages/ReportSummary/VehicleSpecsStatus' has attribute 'class' with value 'SummaryAlertContainer AlertSuccess'

2018-06-01 10:15:00 - [MESSAGE][WARNING] - Timeout '0' is invalid. Using default page load timeout: '30'

2018-06-01 10:15:00 - [MESSAGE][PASSED] - Object 'Object Repository/LoggedInReactPages/ReportSummary/VehicleSpecsStatus' has attribute 'class' with value 'SummaryAlertContainer AlertSuccess'

2018-06-01 10:15:00 - [TEST_STEP][PASSED] - verifyElementAttributeValue: Object 'Object Repository/LoggedInReactPages/ReportSummary/JunkSalvageStatus' has attribute 'class' with value 'SummaryAlertContainer AlertSuccess'

2018-06-01 10:15:00 - [MESSAGE][WARNING] - Timeout '0' is invalid. Using default page load timeout: '30'

2018-06-01 10:15:00 - [MESSAGE][PASSED] - Object 'Object Repository/LoggedInReactPages/ReportSummary/JunkSalvageStatus' has attribute 'class' with value 'SummaryAlertContainer AlertSuccess'

2018-06-01 10:15:00 - [TEST_STEP][PASSED] - verifyElementAttributeValue: Object 'Object Repository/LoggedInReactPages/ReportSummary/TitleStatus' has attribute 'class' with value 'SummaryAlertContainer AlertSuccess'

2018-06-01 10:15:00 - [MESSAGE][WARNING] - Timeout '0' is invalid. Using default page load timeout: '30'

2018-06-01 10:15:00 - [MESSAGE][PASSED] - Object 'Object Repository/LoggedInReactPages/ReportSummary/TitleStatus' has attribute 'class' with value 'SummaryAlertContainer AlertSuccess'

2018-06-01 10:15:00 - [TEST_STEP][PASSED] - verifyElementAttributeValue: Object 'Object Repository/LoggedInReactPages/ReportSummary/OtherStatus' has attribute 'class' with value 'SummaryAlertContainer AlertSuccess'

2018-06-01 10:15:00 - [MESSAGE][WARNING] - Timeout '0' is invalid. Using default page load timeout: '30'

2018-06-01 10:15:00 - [MESSAGE][PASSED] - Object 'Object Repository/LoggedInReactPages/ReportSummary/OtherStatus' has attribute 'class' with value 'SummaryAlertContainer AlertSuccess'

2018-06-01 10:15:00 - [TEST_STEP][PASSED] - verifyElementAttributeValue: Object 'Object Repository/LoggedInReactPages/ReportSummary/VehicleRecallStatus' has attribute 'class' with value 'SummaryAlertContainer AlertSuccess'

2018-06-01 10:15:00 - [MESSAGE][WARNING] - Timeout '0' is invalid. Using default page load timeout: '30'

2018-06-01 10:15:00 - [MESSAGE][PASSED] - Object 'Object Repository/LoggedInReactPages/ReportSummary/VehicleRecallStatus' has attribute 'class' with value 'SummaryAlertContainer AlertSuccess'

2018-06-01 10:15:00 - [TEST_STEP][PASSED] - verifyElementText: Actual text and expected text of test object 'Object Repository/LoggedInReactPages/ReportSummary/OdometerStatus' are matched.

2018-06-01 10:15:01 - [MESSAGE][PASSED] - Actual text and expected text of test object 'Object Repository/LoggedInReactPages/ReportSummary/OdometerStatus' are matched.

2018-06-01 10:15:01 - [TEST_STEP][PASSED] - navigateToUrl: Navigate to 'https://dev-front.instavin.com/order/' successfully

2018-06-01 10:15:02 - [MESSAGE][PASSED] - Navigate to 'https://dev-front.instavin.com/order/' successfully

2018-06-01 10:15:02 - [TEST_STEP][PASSED] - verifyElementText: Actual text and expected text of test object 'Object Repository/LoggedInReactPages/Order (react)/VtrPrice1' are matched.

2018-06-01 10:15:02 - [MESSAGE][PASSED] - Actual text and expected text of test object 'Object Repository/LoggedInReactPages/Order (react)/VtrPrice1' are matched.

2018-06-01 10:15:02 - [TEST_STEP][PASSED] - verifyElementText: Actual text and expected text of test object 'Object Repository/LoggedInReactPages/Order (react)/VtrPrice10' are matched.

2018-06-01 10:15:02 - [MESSAGE][PASSED] - Actual text and expected text of test object 'Object Repository/LoggedInReactPages/Order (react)/VtrPrice10' are matched.

2018-06-01 10:15:02 - [TEST_STEP][PASSED] - closeBrowser: Browser is closed

2018-06-01 10:15:02 - [MESSAGE][PASSED] - Browser is closed]]></system-out>
         <system-err><![CDATA[]]></system-err>
      </testcase>
      <testcase name="Test Cases/Order - BuyVtr_CautionTitle" classname="Test Cases/Order - BuyVtr_CautionTitle" status="PASSED">
         <system-out><![CDATA[2018-06-01 10:15:02 - [TEST_CASE][PASSED] - Test Cases/Order - BuyVtr_CautionTitle: Test Cases/Order - BuyVtr_CautionTitle

2018-06-01 10:15:03 - [TEST_STEP][PASSED] - openBrowser: Browser is opened with url: ''

2018-06-01 10:15:05 - [MESSAGE][PASSED] - Browser is opened with url: ''

2018-06-01 10:15:05 - [TEST_STEP][PASSED] - maximizeWindow: Current window maximized

2018-06-01 10:15:06 - [MESSAGE][PASSED] - Current window maximized

2018-06-01 10:15:06 - [TEST_STEP][PASSED] - Statement - OrderURL = com.kms.katalon.core.webui.keyword.WebUiBuiltInKeywords.concatenate([StagingReact, "order/"]): Concatenated string array: '['https://dev-front.instavin.com/','order/']' into 'https://dev-front.instavin.com/order/'

2018-06-01 10:15:06 - [MESSAGE][PASSED] - Concatenated string array: '['https://dev-front.instavin.com/','order/']' into 'https://dev-front.instavin.com/order/'

2018-06-01 10:15:06 - [TEST_STEP][PASSED] - navigateToUrl: Navigate to 'https://dev-front.instavin.com/order/' successfully

2018-06-01 10:15:09 - [MESSAGE][PASSED] - Navigate to 'https://dev-front.instavin.com/order/' successfully

2018-06-01 10:15:09 - [TEST_STEP][PASSED] - waitForElementVisible: Object 'Object Repository/LoggedInReactPages/Order (react)/instaVINProducts_Label' is visible

2018-06-01 10:15:09 - [MESSAGE][WARNING] - Timeout '0' is invalid. Using default page load timeout: '30'

2018-06-01 10:15:09 - [MESSAGE][PASSED] - Object 'Object Repository/LoggedInReactPages/Order (react)/instaVINProducts_Label' is visible

2018-06-01 10:15:09 - [TEST_STEP][PASSED] - verifyElementText: Actual text and expected text of test object 'Object Repository/LoggedInReactPages/Order (react)/VtrPrice1' are matched.

2018-06-01 10:15:09 - [MESSAGE][PASSED] - Actual text and expected text of test object 'Object Repository/LoggedInReactPages/Order (react)/VtrPrice1' are matched.

2018-06-01 10:15:09 - [TEST_STEP][PASSED] - verifyElementText: Actual text and expected text of test object 'Object Repository/LoggedInReactPages/Order (react)/VtrPrice10' are matched.

2018-06-01 10:15:09 - [MESSAGE][PASSED] - Actual text and expected text of test object 'Object Repository/LoggedInReactPages/Order (react)/VtrPrice10' are matched.

2018-06-01 10:15:09 - [TEST_STEP][PASSED] - setText: Text '2C3CDXAT1EH218927' is set on object 'Object Repository/LoggedInReactPages/Order (react)/VINCheckForm_EnterVINInput'

2018-06-01 10:15:09 - [MESSAGE][PASSED] - Text '2C3CDXAT1EH218927' is set on object 'Object Repository/LoggedInReactPages/Order (react)/VINCheckForm_EnterVINInput'

2018-06-01 10:15:09 - [TEST_STEP][PASSED] - click: Object: 'Object Repository/LoggedInReactPages/Order (react)/CheckVin_ArrowButton' is clicked on

2018-06-01 10:15:09 - [MESSAGE][PASSED] - Object: 'Object Repository/LoggedInReactPages/Order (react)/CheckVin_ArrowButton' is clicked on

2018-06-01 10:15:09 - [TEST_STEP][PASSED] - waitForElementVisible: Object 'Object Repository/LoggedInReactPages/Order (react)/ChangeVIN_Cross' is visible

2018-06-01 10:15:09 - [MESSAGE][WARNING] - Timeout '0' is invalid. Using default page load timeout: '30'

2018-06-01 10:15:10 - [MESSAGE][PASSED] - Object 'Object Repository/LoggedInReactPages/Order (react)/ChangeVIN_Cross' is visible

2018-06-01 10:15:10 - [TEST_STEP][PASSED] - click: Object: 'Object Repository/LoggedInReactPages/Order (react)/FirstPricePoint' is clicked on

2018-06-01 10:15:10 - [MESSAGE][PASSED] - Object: 'Object Repository/LoggedInReactPages/Order (react)/FirstPricePoint' is clicked on

2018-06-01 10:15:10 - [TEST_STEP][PASSED] - Statement - Price = com.kms.katalon.core.webui.keyword.WebUiBuiltInKeywords.concatenate(["Only ", Vtr1]): Concatenated string array: '['Only ','$6.99']' into 'Only $6.99'

2018-06-01 10:15:10 - [MESSAGE][PASSED] - Concatenated string array: '['Only ','$6.99']' into 'Only $6.99'

2018-06-01 10:15:10 - [TEST_STEP][PASSED] - verifyElementText: Actual text and expected text of test object 'Object Repository/LoggedInReactPages/Order (react)/Confirm_Price' are matched.

2018-06-01 10:15:10 - [MESSAGE][PASSED] - Actual text and expected text of test object 'Object Repository/LoggedInReactPages/Order (react)/Confirm_Price' are matched.

2018-06-01 10:15:10 - [TEST_STEP][PASSED] - delay: Delayed 1 second(s)

2018-06-01 10:15:11 - [MESSAGE][PASSED] - Delayed 1 second(s)

2018-06-01 10:15:11 - [TEST_STEP][PASSED] - verifyElementVisible: Object 'Object Repository/LoggedInReactPages/Order (react)/OrderNow_OrangeButton' is visible

2018-06-01 10:15:11 - [MESSAGE][PASSED] - Object 'Object Repository/LoggedInReactPages/Order (react)/OrderNow_OrangeButton' is visible

2018-06-01 10:15:11 - [TEST_STEP][PASSED] - click: Object: 'Object Repository/LoggedInReactPages/Order (react)/OrderNow_OrangeButton' is clicked on

2018-06-01 10:15:11 - [MESSAGE][PASSED] - Object: 'Object Repository/LoggedInReactPages/Order (react)/OrderNow_OrangeButton' is clicked on

2018-06-01 10:15:11 - [TEST_STEP][PASSED] - waitForElementVisible: Object 'Object Repository/LoggedInReactPages/Order (react)/Purchase_Button' is visible

2018-06-01 10:15:11 - [MESSAGE][WARNING] - Timeout '0' is invalid. Using default page load timeout: '30'

2018-06-01 10:15:11 - [MESSAGE][PASSED] - Object 'Object Repository/LoggedInReactPages/Order (react)/Purchase_Button' is visible

2018-06-01 10:15:11 - [TEST_STEP][PASSED] - Statement - now = new java.util.Date(): null

2018-06-01 10:15:11 - [TEST_STEP][PASSED] - Statement - rnd = now.format("yyyyMMddHHmmssSSS").toString(): null

2018-06-01 10:15:11 - [TEST_STEP][PASSED] - Statement - Email = com.kms.katalon.core.webui.keyword.WebUiBuiltInKeywords.concatenate(["consumer", rnd, "@mailinator.com"]): Concatenated string array: '['consumer','20180601101511600','@mailinator.com']' into 'consumer20180601101511600@mailinator.com'

2018-06-01 10:15:11 - [MESSAGE][PASSED] - Concatenated string array: '['consumer','20180601101511600','@mailinator.com']' into 'consumer20180601101511600@mailinator.com'

2018-06-01 10:15:11 - [TEST_STEP][PASSED] - callTestCase: Call Test Case 'Test Cases/Base Tests/OrderSignUpBase' successfully

2018-06-01 10:15:11 - [TEST_CASE][PASSED] - Test Cases/Base Tests/OrderSignUpBase: Test Cases/Base Tests/OrderSignUpBase

2018-06-01 10:15:11 - [TEST_STEP][PASSED] - setText: Text 'Consumer' is set on object 'Object Repository/LoggedOutReactPages/OrderLoggedOut/FirstName_Input'

2018-06-01 10:15:11 - [MESSAGE][PASSED] - Text 'Consumer' is set on object 'Object Repository/LoggedOutReactPages/OrderLoggedOut/FirstName_Input'

2018-06-01 10:15:11 - [TEST_STEP][PASSED] - setText: Text 'Test' is set on object 'Object Repository/LoggedOutReactPages/OrderLoggedOut/LastName_Input'

2018-06-01 10:15:12 - [MESSAGE][PASSED] - Text 'Test' is set on object 'Object Repository/LoggedOutReactPages/OrderLoggedOut/LastName_Input'

2018-06-01 10:15:12 - [TEST_STEP][PASSED] - setText: Text 'test' is set on object 'Object Repository/LoggedOutReactPages/OrderLoggedOut/Address_Input'

2018-06-01 10:15:12 - [MESSAGE][PASSED] - Text 'test' is set on object 'Object Repository/LoggedOutReactPages/OrderLoggedOut/Address_Input'

2018-06-01 10:15:12 - [TEST_STEP][PASSED] - setText: Text 'test' is set on object 'Object Repository/LoggedOutReactPages/OrderLoggedOut/City_Input'

2018-06-01 10:15:12 - [MESSAGE][PASSED] - Text 'test' is set on object 'Object Repository/LoggedOutReactPages/OrderLoggedOut/City_Input'

2018-06-01 10:15:12 - [TEST_STEP][PASSED] - selectOptionByValue: All options with value 'TX' are selected in object 'Object Repository/LoggedOutReactPages/OrderLoggedOut/State_Dropdown' 

2018-06-01 10:15:13 - [MESSAGE][PASSED] - All options with value 'TX' are selected in object 'Object Repository/LoggedOutReactPages/OrderLoggedOut/State_Dropdown' 

2018-06-01 10:15:13 - [TEST_STEP][PASSED] - setText: Text '11111' is set on object 'Object Repository/LoggedOutReactPages/OrderLoggedOut/Zip_Input'

2018-06-01 10:15:13 - [MESSAGE][PASSED] - Text '11111' is set on object 'Object Repository/LoggedOutReactPages/OrderLoggedOut/Zip_Input'

2018-06-01 10:15:13 - [TEST_STEP][PASSED] - setText: Text '8001112233' is set on object 'Object Repository/LoggedOutReactPages/OrderLoggedOut/Phone_Input'

2018-06-01 10:15:13 - [MESSAGE][PASSED] - Text '8001112233' is set on object 'Object Repository/LoggedOutReactPages/OrderLoggedOut/Phone_Input'

2018-06-01 10:15:13 - [TEST_STEP][PASSED] - setText: Text 'consumer20180601101511600@mailinator.com' is set on object 'Object Repository/LoggedOutReactPages/OrderLoggedOut/Email_Input'

2018-06-01 10:15:14 - [MESSAGE][PASSED] - Text 'consumer20180601101511600@mailinator.com' is set on object 'Object Repository/LoggedOutReactPages/OrderLoggedOut/Email_Input'

2018-06-01 10:15:14 - [TEST_STEP][PASSED] - setText: Text '4000100011112224' is set on object 'Object Repository/LoggedOutReactPages/OrderLoggedOut/CcNumber_Input'

2018-06-01 10:15:14 - [MESSAGE][PASSED] - Text '4000100011112224' is set on object 'Object Repository/LoggedOutReactPages/OrderLoggedOut/CcNumber_Input'

2018-06-01 10:15:14 - [TEST_STEP][PASSED] - setText: Text '111' is set on object 'Object Repository/LoggedOutReactPages/OrderLoggedOut/CVV_Input'

2018-06-01 10:15:14 - [MESSAGE][PASSED] - Text '111' is set on object 'Object Repository/LoggedOutReactPages/OrderLoggedOut/CVV_Input'

2018-06-01 10:15:14 - [TEST_STEP][PASSED] - selectOptionByValue: All options with value '11' are selected in object 'Object Repository/LoggedOutReactPages/OrderLoggedOut/ExpirationMonth_Dropdown' 

2018-06-01 10:15:15 - [MESSAGE][PASSED] - All options with value '11' are selected in object 'Object Repository/LoggedOutReactPages/OrderLoggedOut/ExpirationMonth_Dropdown' 

2018-06-01 10:15:15 - [TEST_STEP][PASSED] - selectOptionByValue: All options with value '2020' are selected in object 'Object Repository/LoggedOutReactPages/OrderLoggedOut/ExpirationYear_Dropdown' 

2018-06-01 10:15:15 - [MESSAGE][PASSED] - All options with value '2020' are selected in object 'Object Repository/LoggedOutReactPages/OrderLoggedOut/ExpirationYear_Dropdown' 

2018-06-01 10:15:15 - [TEST_STEP][PASSED] - selectOptionByValue: All options with value '0' are selected in object 'Object Repository/LoggedOutReactPages/OrderLoggedOut/UserType_Dropdown' 

2018-06-01 10:15:15 - [MESSAGE][PASSED] - All options with value '0' are selected in object 'Object Repository/LoggedOutReactPages/OrderLoggedOut/UserType_Dropdown' 

2018-06-01 10:15:15 - [TEST_STEP][PASSED] - check: Object 'Object Repository/LoggedOutReactPages/OrderLoggedOut/Terms_Checkbox' is checked

2018-06-01 10:15:15 - [MESSAGE][PASSED] - Object 'Object Repository/LoggedOutReactPages/OrderLoggedOut/Terms_Checkbox' is checked

2018-06-01 10:15:15 - [TEST_STEP][PASSED] - click: Object: 'Object Repository/LoggedInReactPages/Order (react)/Purchase_Button' is clicked on

2018-06-01 10:15:15 - [MESSAGE][PASSED] - Object: 'Object Repository/LoggedInReactPages/Order (react)/Purchase_Button' is clicked on

2018-06-01 10:15:15 - [MESSAGE][PASSED] - Call Test Case 'Test Cases/Base Tests/OrderSignUpBase' successfully

2018-06-01 10:15:15 - [TEST_STEP][PASSED] - waitForElementClickable: Object 'Object Repository/LoggedInReactPages/Order (react)/CompletePurchase_Button' is clickable

2018-06-01 10:15:15 - [MESSAGE][WARNING] - Timeout '0' is invalid. Using default page load timeout: '30'

2018-06-01 10:15:15 - [MESSAGE][PASSED] - Object 'Object Repository/LoggedInReactPages/Order (react)/CompletePurchase_Button' is clickable

2018-06-01 10:15:15 - [TEST_STEP][PASSED] - verifyElementText: Actual text and expected text of test object 'Object Repository/LoggedInReactPages/Order (react)/Confirm_Price' are matched.

2018-06-01 10:15:15 - [MESSAGE][PASSED] - Actual text and expected text of test object 'Object Repository/LoggedInReactPages/Order (react)/Confirm_Price' are matched.

2018-06-01 10:15:15 - [TEST_STEP][PASSED] - click: Object: 'Object Repository/LoggedInReactPages/Order (react)/CompletePurchase_Button' is clicked on

2018-06-01 10:15:16 - [MESSAGE][PASSED] - Object: 'Object Repository/LoggedInReactPages/Order (react)/CompletePurchase_Button' is clicked on

2018-06-01 10:15:16 - [TEST_STEP][PASSED] - waitForElementPresent: Object 'Object Repository/LoggedInReactPages/Order (react)/VINCheckForm_EnterVINInput' is present

2018-06-01 10:15:16 - [MESSAGE][WARNING] - Timeout '0' is invalid. Using default page load timeout: '30'

2018-06-01 10:15:20 - [MESSAGE][PASSED] - Object 'Object Repository/LoggedInReactPages/Order (react)/VINCheckForm_EnterVINInput' is present

2018-06-01 10:15:20 - [TEST_STEP][PASSED] - waitForElementClickable: Object 'Object Repository/LoggedInReactPages/Order (react)/ViewReport_Button' is clickable

2018-06-01 10:15:20 - [MESSAGE][WARNING] - Timeout '0' is invalid. Using default page load timeout: '30'

2018-06-01 10:15:20 - [MESSAGE][PASSED] - Object 'Object Repository/LoggedInReactPages/Order (react)/ViewReport_Button' is clickable

2018-06-01 10:15:20 - [TEST_STEP][PASSED] - verifyTextPresent: Text 'Thank you for using instaVIN!' is present on page 

2018-06-01 10:15:21 - [MESSAGE][PASSED] - Text 'Thank you for using instaVIN!' is present on page 

2018-06-01 10:15:21 - [TEST_STEP][PASSED] - verifyElementText: Actual text and expected text of test object 'Object Repository/LoggedInReactPages/Order (react)/ViewReport - Vin' are matched.

2018-06-01 10:15:21 - [MESSAGE][PASSED] - Actual text and expected text of test object 'Object Repository/LoggedInReactPages/Order (react)/ViewReport - Vin' are matched.

2018-06-01 10:15:21 - [TEST_STEP][PASSED] - verifyElementText: Actual text and expected text of test object 'Object Repository/LoggedInReactPages/Order (react)/ViewReport - ReportType' are matched.

2018-06-01 10:15:21 - [MESSAGE][PASSED] - Actual text and expected text of test object 'Object Repository/LoggedInReactPages/Order (react)/ViewReport - ReportType' are matched.

2018-06-01 10:15:21 - [TEST_STEP][PASSED] - click: Object: 'Object Repository/LoggedInReactPages/Order (react)/ViewReport_Button' is clicked on

2018-06-01 10:15:23 - [MESSAGE][PASSED] - Object: 'Object Repository/LoggedInReactPages/Order (react)/ViewReport_Button' is clicked on

2018-06-01 10:15:23 - [TEST_STEP][PASSED] - waitForElementVisible: Object 'Object Repository/LoggedInReactPages/ReportSummary/ReportHeader' is visible

2018-06-01 10:15:23 - [MESSAGE][WARNING] - Timeout '0' is invalid. Using default page load timeout: '30'

2018-06-01 10:15:23 - [MESSAGE][PASSED] - Object 'Object Repository/LoggedInReactPages/ReportSummary/ReportHeader' is visible

2018-06-01 10:15:23 - [TEST_STEP][PASSED] - verifyElementText: Actual text and expected text of test object 'Object Repository/LoggedInReactPages/ReportSummary/VehicleTitle' are matched.

2018-06-01 10:15:23 - [MESSAGE][PASSED] - Actual text and expected text of test object 'Object Repository/LoggedInReactPages/ReportSummary/VehicleTitle' are matched.

2018-06-01 10:15:23 - [TEST_STEP][PASSED] - verifyElementAttributeValue: Object 'Object Repository/LoggedInReactPages/ReportSummary/ReportType' has attribute 'class' with value 'ReportGrade AlertWarning'

2018-06-01 10:15:23 - [MESSAGE][WARNING] - Timeout '0' is invalid. Using default page load timeout: '30'

2018-06-01 10:15:23 - [MESSAGE][PASSED] - Object 'Object Repository/LoggedInReactPages/ReportSummary/ReportType' has attribute 'class' with value 'ReportGrade AlertWarning'

2018-06-01 10:15:23 - [TEST_STEP][PASSED] - verifyElementText: Actual text and expected text of test object 'Object Repository/LoggedInReactPages/ReportSummary/ReportType' are matched.

2018-06-01 10:15:23 - [MESSAGE][PASSED] - Actual text and expected text of test object 'Object Repository/LoggedInReactPages/ReportSummary/ReportType' are matched.

2018-06-01 10:15:23 - [TEST_STEP][PASSED] - verifyElementAttributeValue: Object 'Object Repository/LoggedInReactPages/ReportSummary/VehicleSpecsStatus' has attribute 'class' with value 'SummaryAlertContainer AlertSuccess'

2018-06-01 10:15:23 - [MESSAGE][WARNING] - Timeout '0' is invalid. Using default page load timeout: '30'

2018-06-01 10:15:23 - [MESSAGE][PASSED] - Object 'Object Repository/LoggedInReactPages/ReportSummary/VehicleSpecsStatus' has attribute 'class' with value 'SummaryAlertContainer AlertSuccess'

2018-06-01 10:15:23 - [TEST_STEP][PASSED] - verifyElementAttributeValue: Object 'Object Repository/LoggedInReactPages/ReportSummary/JunkSalvageStatus' has attribute 'class' with value 'SummaryAlertContainer AlertSuccess'

2018-06-01 10:15:23 - [MESSAGE][WARNING] - Timeout '0' is invalid. Using default page load timeout: '30'

2018-06-01 10:15:23 - [MESSAGE][PASSED] - Object 'Object Repository/LoggedInReactPages/ReportSummary/JunkSalvageStatus' has attribute 'class' with value 'SummaryAlertContainer AlertSuccess'

2018-06-01 10:15:23 - [TEST_STEP][PASSED] - verifyElementAttributeValue: Object 'Object Repository/LoggedInReactPages/ReportSummary/TitleStatus' has attribute 'class' with value 'SummaryAlertContainer AlertWarning'

2018-06-01 10:15:23 - [MESSAGE][WARNING] - Timeout '0' is invalid. Using default page load timeout: '30'

2018-06-01 10:15:23 - [MESSAGE][PASSED] - Object 'Object Repository/LoggedInReactPages/ReportSummary/TitleStatus' has attribute 'class' with value 'SummaryAlertContainer AlertWarning'

2018-06-01 10:15:23 - [TEST_STEP][PASSED] - verifyElementAttributeValue: Object 'Object Repository/LoggedInReactPages/ReportSummary/OtherStatus' has attribute 'class' with value 'SummaryAlertContainer AlertSuccess'

2018-06-01 10:15:23 - [MESSAGE][WARNING] - Timeout '0' is invalid. Using default page load timeout: '30'

2018-06-01 10:15:23 - [MESSAGE][PASSED] - Object 'Object Repository/LoggedInReactPages/ReportSummary/OtherStatus' has attribute 'class' with value 'SummaryAlertContainer AlertSuccess'

2018-06-01 10:15:23 - [TEST_STEP][PASSED] - verifyElementAttributeValue: Object 'Object Repository/LoggedInReactPages/ReportSummary/VehicleRecallStatus' has attribute 'class' with value 'SummaryAlertContainer AlertSuccess'

2018-06-01 10:15:23 - [MESSAGE][WARNING] - Timeout '0' is invalid. Using default page load timeout: '30'

2018-06-01 10:15:23 - [MESSAGE][PASSED] - Object 'Object Repository/LoggedInReactPages/ReportSummary/VehicleRecallStatus' has attribute 'class' with value 'SummaryAlertContainer AlertSuccess'

2018-06-01 10:15:23 - [TEST_STEP][PASSED] - verifyElementText: Actual text and expected text of test object 'Object Repository/LoggedInReactPages/ReportSummary/OdometerStatus' are matched.

2018-06-01 10:15:24 - [MESSAGE][PASSED] - Actual text and expected text of test object 'Object Repository/LoggedInReactPages/ReportSummary/OdometerStatus' are matched.

2018-06-01 10:15:24 - [TEST_STEP][PASSED] - navigateToUrl: Navigate to 'https://dev-front.instavin.com/order/' successfully

2018-06-01 10:15:25 - [MESSAGE][PASSED] - Navigate to 'https://dev-front.instavin.com/order/' successfully

2018-06-01 10:15:25 - [TEST_STEP][PASSED] - verifyElementText: Actual text and expected text of test object 'Object Repository/LoggedInReactPages/Order (react)/VtrPrice1' are matched.

2018-06-01 10:15:25 - [MESSAGE][PASSED] - Actual text and expected text of test object 'Object Repository/LoggedInReactPages/Order (react)/VtrPrice1' are matched.

2018-06-01 10:15:25 - [TEST_STEP][PASSED] - verifyElementText: Actual text and expected text of test object 'Object Repository/LoggedInReactPages/Order (react)/VtrPrice10' are matched.

2018-06-01 10:15:25 - [MESSAGE][PASSED] - Actual text and expected text of test object 'Object Repository/LoggedInReactPages/Order (react)/VtrPrice10' are matched.

2018-06-01 10:15:25 - [TEST_STEP][PASSED] - closeBrowser: Browser is closed

2018-06-01 10:15:26 - [MESSAGE][PASSED] - Browser is closed]]></system-out>
         <system-err><![CDATA[]]></system-err>
      </testcase>
      <testcase name="Test Cases/Order - BuyVtr_UseCredit" classname="Test Cases/Order - BuyVtr_UseCredit" status="PASSED">
         <system-out><![CDATA[2018-06-01 10:15:26 - [TEST_CASE][PASSED] - Test Cases/Order - BuyVtr_UseCredit: Test Cases/Order - BuyVtr_UseCredit

2018-06-01 10:15:27 - [TEST_STEP][PASSED] - openBrowser: Browser is opened with url: ''

2018-06-01 10:15:29 - [MESSAGE][PASSED] - Browser is opened with url: ''

2018-06-01 10:15:29 - [TEST_STEP][PASSED] - maximizeWindow: Current window maximized

2018-06-01 10:15:30 - [MESSAGE][PASSED] - Current window maximized

2018-06-01 10:15:30 - [TEST_STEP][PASSED] - Statement - OrderURL = com.kms.katalon.core.webui.keyword.WebUiBuiltInKeywords.concatenate([StagingReact, "order/"]): Concatenated string array: '['https://dev-front.instavin.com/','order/']' into 'https://dev-front.instavin.com/order/'

2018-06-01 10:15:30 - [MESSAGE][PASSED] - Concatenated string array: '['https://dev-front.instavin.com/','order/']' into 'https://dev-front.instavin.com/order/'

2018-06-01 10:15:30 - [TEST_STEP][PASSED] - navigateToUrl: Navigate to 'https://dev-front.instavin.com/order/' successfully

2018-06-01 10:15:33 - [MESSAGE][PASSED] - Navigate to 'https://dev-front.instavin.com/order/' successfully

2018-06-01 10:15:33 - [TEST_STEP][PASSED] - waitForElementVisible: Object 'Object Repository/LoggedInReactPages/Order (react)/instaVINProducts_Label' is visible

2018-06-01 10:15:33 - [MESSAGE][WARNING] - Timeout '0' is invalid. Using default page load timeout: '30'

2018-06-01 10:15:33 - [MESSAGE][PASSED] - Object 'Object Repository/LoggedInReactPages/Order (react)/instaVINProducts_Label' is visible

2018-06-01 10:15:33 - [TEST_STEP][PASSED] - verifyElementText: Actual text and expected text of test object 'Object Repository/LoggedInReactPages/Order (react)/VtrPrice1' are matched.

2018-06-01 10:15:33 - [MESSAGE][PASSED] - Actual text and expected text of test object 'Object Repository/LoggedInReactPages/Order (react)/VtrPrice1' are matched.

2018-06-01 10:15:33 - [TEST_STEP][PASSED] - verifyElementText: Actual text and expected text of test object 'Object Repository/LoggedInReactPages/Order (react)/VtrPrice10' are matched.

2018-06-01 10:15:33 - [MESSAGE][PASSED] - Actual text and expected text of test object 'Object Repository/LoggedInReactPages/Order (react)/VtrPrice10' are matched.

2018-06-01 10:15:33 - [TEST_STEP][PASSED] - setText: Text 'SAJWA43C199B29849' is set on object 'Object Repository/LoggedInReactPages/Order (react)/VINCheckForm_EnterVINInput'

2018-06-01 10:15:33 - [MESSAGE][PASSED] - Text 'SAJWA43C199B29849' is set on object 'Object Repository/LoggedInReactPages/Order (react)/VINCheckForm_EnterVINInput'

2018-06-01 10:15:33 - [TEST_STEP][PASSED] - click: Object: 'Object Repository/LoggedInReactPages/Order (react)/CheckVin_ArrowButton' is clicked on

2018-06-01 10:15:33 - [MESSAGE][PASSED] - Object: 'Object Repository/LoggedInReactPages/Order (react)/CheckVin_ArrowButton' is clicked on

2018-06-01 10:15:33 - [TEST_STEP][PASSED] - waitForElementVisible: Object 'Object Repository/LoggedInReactPages/Order (react)/ChangeVIN_Cross' is visible

2018-06-01 10:15:33 - [MESSAGE][WARNING] - Timeout '0' is invalid. Using default page load timeout: '30'

2018-06-01 10:15:34 - [MESSAGE][PASSED] - Object 'Object Repository/LoggedInReactPages/Order (react)/ChangeVIN_Cross' is visible

2018-06-01 10:15:34 - [TEST_STEP][PASSED] - click: Object: 'Object Repository/LoggedInReactPages/Order (react)/SecondPricePoint' is clicked on

2018-06-01 10:15:34 - [MESSAGE][PASSED] - Object: 'Object Repository/LoggedInReactPages/Order (react)/SecondPricePoint' is clicked on

2018-06-01 10:15:34 - [TEST_STEP][PASSED] - Statement - Price = com.kms.katalon.core.webui.keyword.WebUiBuiltInKeywords.concatenate(["Only ", Vtr2]): Concatenated string array: '['Only ','$13.98']' into 'Only $13.98'

2018-06-01 10:15:34 - [MESSAGE][PASSED] - Concatenated string array: '['Only ','$13.98']' into 'Only $13.98'

2018-06-01 10:15:34 - [TEST_STEP][PASSED] - verifyElementText: Actual text and expected text of test object 'Object Repository/LoggedInReactPages/Order (react)/Confirm_Price' are matched.

2018-06-01 10:15:34 - [MESSAGE][PASSED] - Actual text and expected text of test object 'Object Repository/LoggedInReactPages/Order (react)/Confirm_Price' are matched.

2018-06-01 10:15:34 - [TEST_STEP][PASSED] - delay: Delayed 1 second(s)

2018-06-01 10:15:35 - [MESSAGE][PASSED] - Delayed 1 second(s)

2018-06-01 10:15:35 - [TEST_STEP][PASSED] - verifyElementVisible: Object 'Object Repository/LoggedInReactPages/Order (react)/OrderNow_OrangeButton' is visible

2018-06-01 10:15:35 - [MESSAGE][PASSED] - Object 'Object Repository/LoggedInReactPages/Order (react)/OrderNow_OrangeButton' is visible

2018-06-01 10:15:35 - [TEST_STEP][PASSED] - click: Object: 'Object Repository/LoggedInReactPages/Order (react)/OrderNow_OrangeButton' is clicked on

2018-06-01 10:15:35 - [MESSAGE][PASSED] - Object: 'Object Repository/LoggedInReactPages/Order (react)/OrderNow_OrangeButton' is clicked on

2018-06-01 10:15:35 - [TEST_STEP][PASSED] - waitForElementVisible: Object 'Object Repository/LoggedInReactPages/Order (react)/Purchase_Button' is visible

2018-06-01 10:15:35 - [MESSAGE][WARNING] - Timeout '0' is invalid. Using default page load timeout: '30'

2018-06-01 10:15:35 - [MESSAGE][PASSED] - Object 'Object Repository/LoggedInReactPages/Order (react)/Purchase_Button' is visible

2018-06-01 10:15:35 - [TEST_STEP][PASSED] - Statement - now = new java.util.Date(): null

2018-06-01 10:15:35 - [TEST_STEP][PASSED] - Statement - rnd = now.format("yyyyMMddHHmmssSSS").toString(): null

2018-06-01 10:15:35 - [TEST_STEP][PASSED] - Statement - Email = com.kms.katalon.core.webui.keyword.WebUiBuiltInKeywords.concatenate(["consumer", rnd, "@mailinator.com"]): Concatenated string array: '['consumer','20180601101535559','@mailinator.com']' into 'consumer20180601101535559@mailinator.com'

2018-06-01 10:15:35 - [MESSAGE][PASSED] - Concatenated string array: '['consumer','20180601101535559','@mailinator.com']' into 'consumer20180601101535559@mailinator.com'

2018-06-01 10:15:35 - [TEST_STEP][PASSED] - callTestCase: Call Test Case 'Test Cases/Base Tests/OrderSignUpBase' successfully

2018-06-01 10:15:35 - [TEST_CASE][PASSED] - Test Cases/Base Tests/OrderSignUpBase: Test Cases/Base Tests/OrderSignUpBase

2018-06-01 10:15:35 - [TEST_STEP][PASSED] - setText: Text 'Consumer' is set on object 'Object Repository/LoggedOutReactPages/OrderLoggedOut/FirstName_Input'

2018-06-01 10:15:35 - [MESSAGE][PASSED] - Text 'Consumer' is set on object 'Object Repository/LoggedOutReactPages/OrderLoggedOut/FirstName_Input'

2018-06-01 10:15:35 - [TEST_STEP][PASSED] - setText: Text 'Test' is set on object 'Object Repository/LoggedOutReactPages/OrderLoggedOut/LastName_Input'

2018-06-01 10:15:36 - [MESSAGE][PASSED] - Text 'Test' is set on object 'Object Repository/LoggedOutReactPages/OrderLoggedOut/LastName_Input'

2018-06-01 10:15:36 - [TEST_STEP][PASSED] - setText: Text 'test' is set on object 'Object Repository/LoggedOutReactPages/OrderLoggedOut/Address_Input'

2018-06-01 10:15:36 - [MESSAGE][PASSED] - Text 'test' is set on object 'Object Repository/LoggedOutReactPages/OrderLoggedOut/Address_Input'

2018-06-01 10:15:36 - [TEST_STEP][PASSED] - setText: Text 'test' is set on object 'Object Repository/LoggedOutReactPages/OrderLoggedOut/City_Input'

2018-06-01 10:15:36 - [MESSAGE][PASSED] - Text 'test' is set on object 'Object Repository/LoggedOutReactPages/OrderLoggedOut/City_Input'

2018-06-01 10:15:36 - [TEST_STEP][PASSED] - selectOptionByValue: All options with value 'TX' are selected in object 'Object Repository/LoggedOutReactPages/OrderLoggedOut/State_Dropdown' 

2018-06-01 10:15:37 - [MESSAGE][PASSED] - All options with value 'TX' are selected in object 'Object Repository/LoggedOutReactPages/OrderLoggedOut/State_Dropdown' 

2018-06-01 10:15:37 - [TEST_STEP][PASSED] - setText: Text '11111' is set on object 'Object Repository/LoggedOutReactPages/OrderLoggedOut/Zip_Input'

2018-06-01 10:15:37 - [MESSAGE][PASSED] - Text '11111' is set on object 'Object Repository/LoggedOutReactPages/OrderLoggedOut/Zip_Input'

2018-06-01 10:15:37 - [TEST_STEP][PASSED] - setText: Text '8001112233' is set on object 'Object Repository/LoggedOutReactPages/OrderLoggedOut/Phone_Input'

2018-06-01 10:15:37 - [MESSAGE][PASSED] - Text '8001112233' is set on object 'Object Repository/LoggedOutReactPages/OrderLoggedOut/Phone_Input'

2018-06-01 10:15:37 - [TEST_STEP][PASSED] - setText: Text 'consumer20180601101535559@mailinator.com' is set on object 'Object Repository/LoggedOutReactPages/OrderLoggedOut/Email_Input'

2018-06-01 10:15:38 - [MESSAGE][PASSED] - Text 'consumer20180601101535559@mailinator.com' is set on object 'Object Repository/LoggedOutReactPages/OrderLoggedOut/Email_Input'

2018-06-01 10:15:38 - [TEST_STEP][PASSED] - setText: Text '4000100011112224' is set on object 'Object Repository/LoggedOutReactPages/OrderLoggedOut/CcNumber_Input'

2018-06-01 10:15:38 - [MESSAGE][PASSED] - Text '4000100011112224' is set on object 'Object Repository/LoggedOutReactPages/OrderLoggedOut/CcNumber_Input'

2018-06-01 10:15:38 - [TEST_STEP][PASSED] - setText: Text '111' is set on object 'Object Repository/LoggedOutReactPages/OrderLoggedOut/CVV_Input'

2018-06-01 10:15:38 - [MESSAGE][PASSED] - Text '111' is set on object 'Object Repository/LoggedOutReactPages/OrderLoggedOut/CVV_Input'

2018-06-01 10:15:38 - [TEST_STEP][PASSED] - selectOptionByValue: All options with value '11' are selected in object 'Object Repository/LoggedOutReactPages/OrderLoggedOut/ExpirationMonth_Dropdown' 

2018-06-01 10:15:39 - [MESSAGE][PASSED] - All options with value '11' are selected in object 'Object Repository/LoggedOutReactPages/OrderLoggedOut/ExpirationMonth_Dropdown' 

2018-06-01 10:15:39 - [TEST_STEP][PASSED] - selectOptionByValue: All options with value '2020' are selected in object 'Object Repository/LoggedOutReactPages/OrderLoggedOut/ExpirationYear_Dropdown' 

2018-06-01 10:15:39 - [MESSAGE][PASSED] - All options with value '2020' are selected in object 'Object Repository/LoggedOutReactPages/OrderLoggedOut/ExpirationYear_Dropdown' 

2018-06-01 10:15:39 - [TEST_STEP][PASSED] - selectOptionByValue: All options with value '0' are selected in object 'Object Repository/LoggedOutReactPages/OrderLoggedOut/UserType_Dropdown' 

2018-06-01 10:15:39 - [MESSAGE][PASSED] - All options with value '0' are selected in object 'Object Repository/LoggedOutReactPages/OrderLoggedOut/UserType_Dropdown' 

2018-06-01 10:15:39 - [TEST_STEP][PASSED] - check: Object 'Object Repository/LoggedOutReactPages/OrderLoggedOut/Terms_Checkbox' is checked

2018-06-01 10:15:39 - [MESSAGE][PASSED] - Object 'Object Repository/LoggedOutReactPages/OrderLoggedOut/Terms_Checkbox' is checked

2018-06-01 10:15:39 - [TEST_STEP][PASSED] - click: Object: 'Object Repository/LoggedInReactPages/Order (react)/Purchase_Button' is clicked on

2018-06-01 10:15:39 - [MESSAGE][PASSED] - Object: 'Object Repository/LoggedInReactPages/Order (react)/Purchase_Button' is clicked on

2018-06-01 10:15:39 - [MESSAGE][PASSED] - Call Test Case 'Test Cases/Base Tests/OrderSignUpBase' successfully

2018-06-01 10:15:39 - [TEST_STEP][PASSED] - waitForElementClickable: Object 'Object Repository/LoggedInReactPages/Order (react)/CompletePurchase_Button' is clickable

2018-06-01 10:15:39 - [MESSAGE][WARNING] - Timeout '0' is invalid. Using default page load timeout: '30'

2018-06-01 10:15:39 - [MESSAGE][PASSED] - Object 'Object Repository/LoggedInReactPages/Order (react)/CompletePurchase_Button' is clickable

2018-06-01 10:15:39 - [TEST_STEP][PASSED] - verifyElementText: Actual text and expected text of test object 'Object Repository/LoggedInReactPages/Order (react)/Confirm_Price' are matched.

2018-06-01 10:15:39 - [MESSAGE][PASSED] - Actual text and expected text of test object 'Object Repository/LoggedInReactPages/Order (react)/Confirm_Price' are matched.

2018-06-01 10:15:39 - [TEST_STEP][PASSED] - click: Object: 'Object Repository/LoggedInReactPages/Order (react)/CompletePurchase_Button' is clicked on

2018-06-01 10:15:39 - [MESSAGE][PASSED] - Object: 'Object Repository/LoggedInReactPages/Order (react)/CompletePurchase_Button' is clicked on

2018-06-01 10:15:39 - [TEST_STEP][PASSED] - waitForElementPresent: Object 'Object Repository/LoggedInReactPages/Order (react)/VINCheckForm_EnterVINInput' is present

2018-06-01 10:15:40 - [MESSAGE][WARNING] - Timeout '0' is invalid. Using default page load timeout: '30'

2018-06-01 10:15:44 - [MESSAGE][PASSED] - Object 'Object Repository/LoggedInReactPages/Order (react)/VINCheckForm_EnterVINInput' is present

2018-06-01 10:15:44 - [TEST_STEP][PASSED] - waitForElementClickable: Object 'Object Repository/LoggedInReactPages/Order (react)/ViewReport_Button' is clickable

2018-06-01 10:15:44 - [MESSAGE][WARNING] - Timeout '0' is invalid. Using default page load timeout: '30'

2018-06-01 10:15:44 - [MESSAGE][PASSED] - Object 'Object Repository/LoggedInReactPages/Order (react)/ViewReport_Button' is clickable

2018-06-01 10:15:44 - [TEST_STEP][PASSED] - verifyTextPresent: Text 'Thank you for using instaVIN!' is present on page 

2018-06-01 10:15:45 - [MESSAGE][PASSED] - Text 'Thank you for using instaVIN!' is present on page 

2018-06-01 10:15:45 - [TEST_STEP][PASSED] - verifyElementText: Actual text and expected text of test object 'Object Repository/LoggedInReactPages/Order (react)/ViewReport - Vin' are matched.

2018-06-01 10:15:45 - [MESSAGE][PASSED] - Actual text and expected text of test object 'Object Repository/LoggedInReactPages/Order (react)/ViewReport - Vin' are matched.

2018-06-01 10:15:45 - [TEST_STEP][PASSED] - verifyElementText: Actual text and expected text of test object 'Object Repository/LoggedInReactPages/Order (react)/ViewReport - ReportType' are matched.

2018-06-01 10:15:45 - [MESSAGE][PASSED] - Actual text and expected text of test object 'Object Repository/LoggedInReactPages/Order (react)/ViewReport - ReportType' are matched.

2018-06-01 10:15:45 - [TEST_STEP][PASSED] - Statement - MyAccountURL = com.kms.katalon.core.webui.keyword.WebUiBuiltInKeywords.concatenate([StagingReact, "my-account"]): Concatenated string array: '['https://dev-front.instavin.com/','my-account']' into 'https://dev-front.instavin.com/my-account'

2018-06-01 10:15:45 - [MESSAGE][PASSED] - Concatenated string array: '['https://dev-front.instavin.com/','my-account']' into 'https://dev-front.instavin.com/my-account'

2018-06-01 10:15:45 - [TEST_STEP][PASSED] - navigateToUrl: Navigate to 'https://dev-front.instavin.com/my-account' successfully

2018-06-01 10:15:46 - [MESSAGE][PASSED] - Navigate to 'https://dev-front.instavin.com/my-account' successfully

2018-06-01 10:15:46 - [TEST_STEP][PASSED] - verifyElementText: Actual text and expected text of test object 'Object Repository/LoggedInReactPages/MyAccount/CreditsNumber' are matched.

2018-06-01 10:15:46 - [MESSAGE][PASSED] - Actual text and expected text of test object 'Object Repository/LoggedInReactPages/MyAccount/CreditsNumber' are matched.

2018-06-01 10:15:46 - [TEST_STEP][PASSED] - navigateToUrl: Navigate to 'https://dev-front.instavin.com/order/' successfully

2018-06-01 10:15:47 - [MESSAGE][PASSED] - Navigate to 'https://dev-front.instavin.com/order/' successfully

2018-06-01 10:15:47 - [TEST_STEP][PASSED] - waitForElementVisible: Object 'Object Repository/LoggedInReactPages/Order (react)/VINCheckForm_EnterVINInput' is visible

2018-06-01 10:15:47 - [MESSAGE][WARNING] - Timeout '0' is invalid. Using default page load timeout: '30'

2018-06-01 10:15:47 - [MESSAGE][PASSED] - Object 'Object Repository/LoggedInReactPages/Order (react)/VINCheckForm_EnterVINInput' is visible

2018-06-01 10:15:47 - [TEST_STEP][PASSED] - setText: Text 'WAURV78T18A018221' is set on object 'Object Repository/LoggedInReactPages/Order (react)/VINCheckForm_EnterVINInput'

2018-06-01 10:15:47 - [MESSAGE][PASSED] - Text 'WAURV78T18A018221' is set on object 'Object Repository/LoggedInReactPages/Order (react)/VINCheckForm_EnterVINInput'

2018-06-01 10:15:47 - [TEST_STEP][PASSED] - click: Object: 'Object Repository/LoggedInReactPages/Order (react)/CheckVin_ArrowButton' is clicked on

2018-06-01 10:15:47 - [MESSAGE][PASSED] - Object: 'Object Repository/LoggedInReactPages/Order (react)/CheckVin_ArrowButton' is clicked on

2018-06-01 10:15:47 - [TEST_STEP][PASSED] - waitForElementVisible: Object 'Object Repository/LoggedInReactPages/Order (react)/ChangeVIN_Cross' is visible

2018-06-01 10:15:47 - [MESSAGE][WARNING] - Timeout '0' is invalid. Using default page load timeout: '30'

2018-06-01 10:15:48 - [MESSAGE][PASSED] - Object 'Object Repository/LoggedInReactPages/Order (react)/ChangeVIN_Cross' is visible

2018-06-01 10:15:48 - [TEST_STEP][PASSED] - click: Object: 'Object Repository/LoggedInReactPages/Order (react)/FirstPricePoint' is clicked on

2018-06-01 10:15:48 - [MESSAGE][PASSED] - Object: 'Object Repository/LoggedInReactPages/Order (react)/FirstPricePoint' is clicked on

2018-06-01 10:15:48 - [TEST_STEP][PASSED] - verifyElementText: Actual text and expected text of test object 'Object Repository/LoggedInReactPages/Order (react)/Confirm_Price' are matched.

2018-06-01 10:15:48 - [MESSAGE][PASSED] - Actual text and expected text of test object 'Object Repository/LoggedInReactPages/Order (react)/Confirm_Price' are matched.

2018-06-01 10:15:48 - [TEST_STEP][PASSED] - verifyElementText: Actual text and expected text of test object 'Object Repository/LoggedInReactPages/Order (react)/FirstPricePointPrice' are matched.

2018-06-01 10:15:48 - [MESSAGE][PASSED] - Actual text and expected text of test object 'Object Repository/LoggedInReactPages/Order (react)/FirstPricePointPrice' are matched.

2018-06-01 10:15:48 - [TEST_STEP][PASSED] - delay: Delayed 1 second(s)

2018-06-01 10:15:49 - [MESSAGE][PASSED] - Delayed 1 second(s)

2018-06-01 10:15:49 - [TEST_STEP][PASSED] - verifyElementVisible: Object 'Object Repository/LoggedInReactPages/Order (react)/OrderNow_OrangeButton' is visible

2018-06-01 10:15:49 - [MESSAGE][PASSED] - Object 'Object Repository/LoggedInReactPages/Order (react)/OrderNow_OrangeButton' is visible

2018-06-01 10:15:49 - [TEST_STEP][PASSED] - click: Object: 'Object Repository/LoggedInReactPages/Order (react)/OrderNow_OrangeButton' is clicked on

2018-06-01 10:15:49 - [MESSAGE][PASSED] - Object: 'Object Repository/LoggedInReactPages/Order (react)/OrderNow_OrangeButton' is clicked on

2018-06-01 10:15:49 - [TEST_STEP][PASSED] - waitForElementVisible: Object 'Object Repository/LoggedInReactPages/Order (react)/OrderSummary_BuyCreditsMessage' is visible

2018-06-01 10:15:49 - [MESSAGE][WARNING] - Timeout '0' is invalid. Using default page load timeout: '30'

2018-06-01 10:15:49 - [MESSAGE][PASSED] - Object 'Object Repository/LoggedInReactPages/Order (react)/OrderSummary_BuyCreditsMessage' is visible

2018-06-01 10:15:49 - [TEST_STEP][PASSED] - scrollToElement: Scroll to object 'Object Repository/LoggedInReactPages/Order (react)/CompletePurchase_Button' successfully

2018-06-01 10:15:49 - [MESSAGE][WARNING] - Timeout '0' is invalid. Using default page load timeout: '30'

2018-06-01 10:15:49 - [MESSAGE][PASSED] - Scroll to object 'Object Repository/LoggedInReactPages/Order (react)/CompletePurchase_Button' successfully

2018-06-01 10:15:49 - [TEST_STEP][PASSED] - delay: Delayed 1 second(s)

2018-06-01 10:15:50 - [MESSAGE][PASSED] - Delayed 1 second(s)

2018-06-01 10:15:50 - [TEST_STEP][PASSED] - click: Object: 'Object Repository/LoggedInReactPages/Order (react)/CompletePurchase_Button' is clicked on

2018-06-01 10:15:50 - [MESSAGE][PASSED] - Object: 'Object Repository/LoggedInReactPages/Order (react)/CompletePurchase_Button' is clicked on

2018-06-01 10:15:50 - [TEST_STEP][PASSED] - waitForElementPresent: Object 'Object Repository/LoggedInReactPages/Order (react)/VINCheckForm_EnterVINInput' is present

2018-06-01 10:15:50 - [MESSAGE][WARNING] - Timeout '0' is invalid. Using default page load timeout: '30'

2018-06-01 10:15:51 - [MESSAGE][PASSED] - Object 'Object Repository/LoggedInReactPages/Order (react)/VINCheckForm_EnterVINInput' is present

2018-06-01 10:15:51 - [TEST_STEP][PASSED] - waitForElementClickable: Object 'Object Repository/LoggedInReactPages/Order (react)/ViewReport_Button' is clickable

2018-06-01 10:15:51 - [MESSAGE][WARNING] - Timeout '0' is invalid. Using default page load timeout: '30'

2018-06-01 10:15:52 - [MESSAGE][PASSED] - Object 'Object Repository/LoggedInReactPages/Order (react)/ViewReport_Button' is clickable

2018-06-01 10:15:52 - [TEST_STEP][PASSED] - verifyTextPresent: Text 'Thank you for using instaVIN!' is present on page 

2018-06-01 10:15:52 - [MESSAGE][PASSED] - Text 'Thank you for using instaVIN!' is present on page 

2018-06-01 10:15:52 - [TEST_STEP][PASSED] - verifyElementText: Actual text and expected text of test object 'Object Repository/LoggedInReactPages/Order (react)/ViewReport - Vin' are matched.

2018-06-01 10:15:52 - [MESSAGE][PASSED] - Actual text and expected text of test object 'Object Repository/LoggedInReactPages/Order (react)/ViewReport - Vin' are matched.

2018-06-01 10:15:52 - [TEST_STEP][PASSED] - navigateToUrl: Navigate to 'https://dev-front.instavin.com/my-account' successfully

2018-06-01 10:15:52 - [MESSAGE][PASSED] - Navigate to 'https://dev-front.instavin.com/my-account' successfully

2018-06-01 10:15:52 - [TEST_STEP][PASSED] - verifyElementText: Actual text and expected text of test object 'Object Repository/LoggedInReactPages/MyAccount/CreditsNumber' are matched.

2018-06-01 10:15:53 - [MESSAGE][PASSED] - Actual text and expected text of test object 'Object Repository/LoggedInReactPages/MyAccount/CreditsNumber' are matched.

2018-06-01 10:15:53 - [TEST_STEP][PASSED] - click: Object: 'Object Repository/LoggedInReactPages/MyAccount/BillingHistorySideMenu_Tab' is clicked on

2018-06-01 10:15:53 - [MESSAGE][PASSED] - Object: 'Object Repository/LoggedInReactPages/MyAccount/BillingHistorySideMenu_Tab' is clicked on

2018-06-01 10:15:53 - [TEST_STEP][PASSED] - waitForElementVisible: Object 'Object Repository/LoggedInReactPages/BillingHistory/Pager' is visible

2018-06-01 10:15:53 - [MESSAGE][WARNING] - Timeout '0' is invalid. Using default page load timeout: '30'

2018-06-01 10:15:54 - [MESSAGE][PASSED] - Object 'Object Repository/LoggedInReactPages/BillingHistory/Pager' is visible

2018-06-01 10:15:54 - [TEST_STEP][PASSED] - verifyElementText: Actual text and expected text of test object 'Object Repository/LoggedInReactPages/BillingHistory/FirstRow_Description' are matched.

2018-06-01 10:15:54 - [MESSAGE][PASSED] - Actual text and expected text of test object 'Object Repository/LoggedInReactPages/BillingHistory/FirstRow_Description' are matched.

2018-06-01 10:15:54 - [TEST_STEP][PASSED] - verifyElementNotPresent: Web element with id: 'Object Repository/LoggedInReactPages/BillingHistory/SecondRow_Description' located by 'By.xpath: //div[@class='ViewportContainer hidden-xs']//div[@class='GridContainer']/div[3]/div[2]' is not present after '30' second(s)

2018-06-01 10:15:54 - [MESSAGE][WARNING] - Timeout '0' is invalid. Using default page load timeout: '30'

2018-06-01 10:15:54 - [MESSAGE][PASSED] - Web element with id: 'Object Repository/LoggedInReactPages/BillingHistory/SecondRow_Description' located by 'By.xpath: //div[@class='ViewportContainer hidden-xs']//div[@class='GridContainer']/div[3]/div[2]' is not present after '30' second(s)

2018-06-01 10:15:54 - [TEST_STEP][PASSED] - closeBrowser: Browser is closed

2018-06-01 10:15:54 - [MESSAGE][PASSED] - Browser is closed]]></system-out>
         <system-err><![CDATA[]]></system-err>
      </testcase>
      <testcase name="Test Cases/Order - BuyVtr_WarningSalvageTitleRecall" classname="Test Cases/Order - BuyVtr_WarningSalvageTitleRecall" status="PASSED">
         <system-out><![CDATA[2018-06-01 10:15:54 - [TEST_CASE][PASSED] - Test Cases/Order - BuyVtr_WarningSalvageTitleRecall: Test Cases/Order - BuyVtr_WarningSalvageTitleRecall

2018-06-01 10:15:55 - [TEST_STEP][PASSED] - openBrowser: Browser is opened with url: ''

2018-06-01 10:15:57 - [MESSAGE][PASSED] - Browser is opened with url: ''

2018-06-01 10:15:57 - [TEST_STEP][PASSED] - maximizeWindow: Current window maximized

2018-06-01 10:15:58 - [MESSAGE][PASSED] - Current window maximized

2018-06-01 10:15:58 - [TEST_STEP][PASSED] - Statement - OrderURL = com.kms.katalon.core.webui.keyword.WebUiBuiltInKeywords.concatenate([StagingReact, "order/"]): Concatenated string array: '['https://dev-front.instavin.com/','order/']' into 'https://dev-front.instavin.com/order/'

2018-06-01 10:15:58 - [MESSAGE][PASSED] - Concatenated string array: '['https://dev-front.instavin.com/','order/']' into 'https://dev-front.instavin.com/order/'

2018-06-01 10:15:58 - [TEST_STEP][PASSED] - navigateToUrl: Navigate to 'https://dev-front.instavin.com/order/' successfully

2018-06-01 10:16:00 - [MESSAGE][PASSED] - Navigate to 'https://dev-front.instavin.com/order/' successfully

2018-06-01 10:16:00 - [TEST_STEP][PASSED] - waitForElementVisible: Object 'Object Repository/LoggedInReactPages/Order (react)/instaVINProducts_Label' is visible

2018-06-01 10:16:00 - [MESSAGE][WARNING] - Timeout '0' is invalid. Using default page load timeout: '30'

2018-06-01 10:16:00 - [MESSAGE][PASSED] - Object 'Object Repository/LoggedInReactPages/Order (react)/instaVINProducts_Label' is visible

2018-06-01 10:16:00 - [TEST_STEP][PASSED] - verifyElementText: Actual text and expected text of test object 'Object Repository/LoggedInReactPages/Order (react)/VtrPrice1' are matched.

2018-06-01 10:16:00 - [MESSAGE][PASSED] - Actual text and expected text of test object 'Object Repository/LoggedInReactPages/Order (react)/VtrPrice1' are matched.

2018-06-01 10:16:00 - [TEST_STEP][PASSED] - verifyElementText: Actual text and expected text of test object 'Object Repository/LoggedInReactPages/Order (react)/VtrPrice10' are matched.

2018-06-01 10:16:00 - [MESSAGE][PASSED] - Actual text and expected text of test object 'Object Repository/LoggedInReactPages/Order (react)/VtrPrice10' are matched.

2018-06-01 10:16:00 - [TEST_STEP][PASSED] - setText: Text '2B3CM5CT4BH521954' is set on object 'Object Repository/LoggedInReactPages/Order (react)/VINCheckForm_EnterVINInput'

2018-06-01 10:16:01 - [MESSAGE][PASSED] - Text '2B3CM5CT4BH521954' is set on object 'Object Repository/LoggedInReactPages/Order (react)/VINCheckForm_EnterVINInput'

2018-06-01 10:16:01 - [TEST_STEP][PASSED] - click: Object: 'Object Repository/LoggedInReactPages/Order (react)/CheckVin_ArrowButton' is clicked on

2018-06-01 10:16:01 - [MESSAGE][PASSED] - Object: 'Object Repository/LoggedInReactPages/Order (react)/CheckVin_ArrowButton' is clicked on

2018-06-01 10:16:01 - [TEST_STEP][PASSED] - waitForElementVisible: Object 'Object Repository/LoggedInReactPages/Order (react)/ChangeVIN_Cross' is visible

2018-06-01 10:16:01 - [MESSAGE][WARNING] - Timeout '0' is invalid. Using default page load timeout: '30'

2018-06-01 10:16:01 - [MESSAGE][PASSED] - Object 'Object Repository/LoggedInReactPages/Order (react)/ChangeVIN_Cross' is visible

2018-06-01 10:16:01 - [TEST_STEP][PASSED] - click: Object: 'Object Repository/LoggedInReactPages/Order (react)/FirstPricePoint' is clicked on

2018-06-01 10:16:01 - [MESSAGE][PASSED] - Object: 'Object Repository/LoggedInReactPages/Order (react)/FirstPricePoint' is clicked on

2018-06-01 10:16:01 - [TEST_STEP][PASSED] - Statement - Price = com.kms.katalon.core.webui.keyword.WebUiBuiltInKeywords.concatenate(["Only ", Vtr1]): Concatenated string array: '['Only ','$6.99']' into 'Only $6.99'

2018-06-01 10:16:01 - [MESSAGE][PASSED] - Concatenated string array: '['Only ','$6.99']' into 'Only $6.99'

2018-06-01 10:16:01 - [TEST_STEP][PASSED] - verifyElementText: Actual text and expected text of test object 'Object Repository/LoggedInReactPages/Order (react)/Confirm_Price' are matched.

2018-06-01 10:16:01 - [MESSAGE][PASSED] - Actual text and expected text of test object 'Object Repository/LoggedInReactPages/Order (react)/Confirm_Price' are matched.

2018-06-01 10:16:01 - [TEST_STEP][PASSED] - delay: Delayed 1 second(s)

2018-06-01 10:16:02 - [MESSAGE][PASSED] - Delayed 1 second(s)

2018-06-01 10:16:02 - [TEST_STEP][PASSED] - verifyElementVisible: Object 'Object Repository/LoggedInReactPages/Order (react)/OrderNow_OrangeButton' is visible

2018-06-01 10:16:03 - [MESSAGE][PASSED] - Object 'Object Repository/LoggedInReactPages/Order (react)/OrderNow_OrangeButton' is visible

2018-06-01 10:16:03 - [TEST_STEP][PASSED] - click: Object: 'Object Repository/LoggedInReactPages/Order (react)/OrderNow_OrangeButton' is clicked on

2018-06-01 10:16:03 - [MESSAGE][PASSED] - Object: 'Object Repository/LoggedInReactPages/Order (react)/OrderNow_OrangeButton' is clicked on

2018-06-01 10:16:03 - [TEST_STEP][PASSED] - waitForElementVisible: Object 'Object Repository/LoggedInReactPages/Order (react)/Purchase_Button' is visible

2018-06-01 10:16:03 - [MESSAGE][WARNING] - Timeout '0' is invalid. Using default page load timeout: '30'

2018-06-01 10:16:03 - [MESSAGE][PASSED] - Object 'Object Repository/LoggedInReactPages/Order (react)/Purchase_Button' is visible

2018-06-01 10:16:03 - [TEST_STEP][PASSED] - Statement - now = new java.util.Date(): null

2018-06-01 10:16:03 - [TEST_STEP][PASSED] - Statement - rnd = now.format("yyyyMMddHHmmssSSS").toString(): null

2018-06-01 10:16:03 - [TEST_STEP][PASSED] - Statement - Email = com.kms.katalon.core.webui.keyword.WebUiBuiltInKeywords.concatenate(["consumer", rnd, "@mailinator.com"]): Concatenated string array: '['consumer','20180601101603272','@mailinator.com']' into 'consumer20180601101603272@mailinator.com'

2018-06-01 10:16:03 - [MESSAGE][PASSED] - Concatenated string array: '['consumer','20180601101603272','@mailinator.com']' into 'consumer20180601101603272@mailinator.com'

2018-06-01 10:16:03 - [TEST_STEP][PASSED] - callTestCase: Call Test Case 'Test Cases/Base Tests/OrderSignUpBase' successfully

2018-06-01 10:16:03 - [TEST_CASE][PASSED] - Test Cases/Base Tests/OrderSignUpBase: Test Cases/Base Tests/OrderSignUpBase

2018-06-01 10:16:03 - [TEST_STEP][PASSED] - setText: Text 'Consumer' is set on object 'Object Repository/LoggedOutReactPages/OrderLoggedOut/FirstName_Input'

2018-06-01 10:16:03 - [MESSAGE][PASSED] - Text 'Consumer' is set on object 'Object Repository/LoggedOutReactPages/OrderLoggedOut/FirstName_Input'

2018-06-01 10:16:03 - [TEST_STEP][PASSED] - setText: Text 'Test' is set on object 'Object Repository/LoggedOutReactPages/OrderLoggedOut/LastName_Input'

2018-06-01 10:16:03 - [MESSAGE][PASSED] - Text 'Test' is set on object 'Object Repository/LoggedOutReactPages/OrderLoggedOut/LastName_Input'

2018-06-01 10:16:03 - [TEST_STEP][PASSED] - setText: Text 'test' is set on object 'Object Repository/LoggedOutReactPages/OrderLoggedOut/Address_Input'

2018-06-01 10:16:04 - [MESSAGE][PASSED] - Text 'test' is set on object 'Object Repository/LoggedOutReactPages/OrderLoggedOut/Address_Input'

2018-06-01 10:16:04 - [TEST_STEP][PASSED] - setText: Text 'test' is set on object 'Object Repository/LoggedOutReactPages/OrderLoggedOut/City_Input'

2018-06-01 10:16:04 - [MESSAGE][PASSED] - Text 'test' is set on object 'Object Repository/LoggedOutReactPages/OrderLoggedOut/City_Input'

2018-06-01 10:16:04 - [TEST_STEP][PASSED] - selectOptionByValue: All options with value 'TX' are selected in object 'Object Repository/LoggedOutReactPages/OrderLoggedOut/State_Dropdown' 

2018-06-01 10:16:04 - [MESSAGE][PASSED] - All options with value 'TX' are selected in object 'Object Repository/LoggedOutReactPages/OrderLoggedOut/State_Dropdown' 

2018-06-01 10:16:04 - [TEST_STEP][PASSED] - setText: Text '11111' is set on object 'Object Repository/LoggedOutReactPages/OrderLoggedOut/Zip_Input'

2018-06-01 10:16:04 - [MESSAGE][PASSED] - Text '11111' is set on object 'Object Repository/LoggedOutReactPages/OrderLoggedOut/Zip_Input'

2018-06-01 10:16:04 - [TEST_STEP][PASSED] - setText: Text '8001112233' is set on object 'Object Repository/LoggedOutReactPages/OrderLoggedOut/Phone_Input'

2018-06-01 10:16:05 - [MESSAGE][PASSED] - Text '8001112233' is set on object 'Object Repository/LoggedOutReactPages/OrderLoggedOut/Phone_Input'

2018-06-01 10:16:05 - [TEST_STEP][PASSED] - setText: Text 'consumer20180601101603272@mailinator.com' is set on object 'Object Repository/LoggedOutReactPages/OrderLoggedOut/Email_Input'

2018-06-01 10:16:06 - [MESSAGE][PASSED] - Text 'consumer20180601101603272@mailinator.com' is set on object 'Object Repository/LoggedOutReactPages/OrderLoggedOut/Email_Input'

2018-06-01 10:16:06 - [TEST_STEP][PASSED] - setText: Text '4000100011112224' is set on object 'Object Repository/LoggedOutReactPages/OrderLoggedOut/CcNumber_Input'

2018-06-01 10:16:06 - [MESSAGE][PASSED] - Text '4000100011112224' is set on object 'Object Repository/LoggedOutReactPages/OrderLoggedOut/CcNumber_Input'

2018-06-01 10:16:06 - [TEST_STEP][PASSED] - setText: Text '111' is set on object 'Object Repository/LoggedOutReactPages/OrderLoggedOut/CVV_Input'

2018-06-01 10:16:06 - [MESSAGE][PASSED] - Text '111' is set on object 'Object Repository/LoggedOutReactPages/OrderLoggedOut/CVV_Input'

2018-06-01 10:16:06 - [TEST_STEP][PASSED] - selectOptionByValue: All options with value '11' are selected in object 'Object Repository/LoggedOutReactPages/OrderLoggedOut/ExpirationMonth_Dropdown' 

2018-06-01 10:16:06 - [MESSAGE][PASSED] - All options with value '11' are selected in object 'Object Repository/LoggedOutReactPages/OrderLoggedOut/ExpirationMonth_Dropdown' 

2018-06-01 10:16:06 - [TEST_STEP][PASSED] - selectOptionByValue: All options with value '2020' are selected in object 'Object Repository/LoggedOutReactPages/OrderLoggedOut/ExpirationYear_Dropdown' 

2018-06-01 10:16:06 - [MESSAGE][PASSED] - All options with value '2020' are selected in object 'Object Repository/LoggedOutReactPages/OrderLoggedOut/ExpirationYear_Dropdown' 

2018-06-01 10:16:06 - [TEST_STEP][PASSED] - selectOptionByValue: All options with value '0' are selected in object 'Object Repository/LoggedOutReactPages/OrderLoggedOut/UserType_Dropdown' 

2018-06-01 10:16:07 - [MESSAGE][PASSED] - All options with value '0' are selected in object 'Object Repository/LoggedOutReactPages/OrderLoggedOut/UserType_Dropdown' 

2018-06-01 10:16:07 - [TEST_STEP][PASSED] - check: Object 'Object Repository/LoggedOutReactPages/OrderLoggedOut/Terms_Checkbox' is checked

2018-06-01 10:16:07 - [MESSAGE][PASSED] - Object 'Object Repository/LoggedOutReactPages/OrderLoggedOut/Terms_Checkbox' is checked

2018-06-01 10:16:07 - [TEST_STEP][PASSED] - click: Object: 'Object Repository/LoggedInReactPages/Order (react)/Purchase_Button' is clicked on

2018-06-01 10:16:07 - [MESSAGE][PASSED] - Object: 'Object Repository/LoggedInReactPages/Order (react)/Purchase_Button' is clicked on

2018-06-01 10:16:07 - [MESSAGE][PASSED] - Call Test Case 'Test Cases/Base Tests/OrderSignUpBase' successfully

2018-06-01 10:16:07 - [TEST_STEP][PASSED] - waitForElementClickable: Object 'Object Repository/LoggedInReactPages/Order (react)/CompletePurchase_Button' is clickable

2018-06-01 10:16:07 - [MESSAGE][WARNING] - Timeout '0' is invalid. Using default page load timeout: '30'

2018-06-01 10:16:07 - [MESSAGE][PASSED] - Object 'Object Repository/LoggedInReactPages/Order (react)/CompletePurchase_Button' is clickable

2018-06-01 10:16:07 - [TEST_STEP][PASSED] - verifyElementText: Actual text and expected text of test object 'Object Repository/LoggedInReactPages/Order (react)/Confirm_Price' are matched.

2018-06-01 10:16:07 - [MESSAGE][PASSED] - Actual text and expected text of test object 'Object Repository/LoggedInReactPages/Order (react)/Confirm_Price' are matched.

2018-06-01 10:16:07 - [TEST_STEP][PASSED] - click: Object: 'Object Repository/LoggedInReactPages/Order (react)/CompletePurchase_Button' is clicked on

2018-06-01 10:16:07 - [MESSAGE][PASSED] - Object: 'Object Repository/LoggedInReactPages/Order (react)/CompletePurchase_Button' is clicked on

2018-06-01 10:16:07 - [TEST_STEP][PASSED] - waitForElementPresent: Object 'Object Repository/LoggedInReactPages/Order (react)/VINCheckForm_EnterVINInput' is present

2018-06-01 10:16:08 - [MESSAGE][WARNING] - Timeout '0' is invalid. Using default page load timeout: '30'

2018-06-01 10:16:13 - [MESSAGE][PASSED] - Object 'Object Repository/LoggedInReactPages/Order (react)/VINCheckForm_EnterVINInput' is present

2018-06-01 10:16:13 - [TEST_STEP][PASSED] - waitForElementClickable: Object 'Object Repository/LoggedInReactPages/Order (react)/ViewReport_Button' is clickable

2018-06-01 10:16:13 - [MESSAGE][WARNING] - Timeout '0' is invalid. Using default page load timeout: '30'

2018-06-01 10:16:13 - [MESSAGE][PASSED] - Object 'Object Repository/LoggedInReactPages/Order (react)/ViewReport_Button' is clickable

2018-06-01 10:16:13 - [TEST_STEP][PASSED] - verifyTextPresent: Text 'Thank you for using instaVIN!' is present on page 

2018-06-01 10:16:13 - [MESSAGE][PASSED] - Text 'Thank you for using instaVIN!' is present on page 

2018-06-01 10:16:13 - [TEST_STEP][PASSED] - verifyElementText: Actual text and expected text of test object 'Object Repository/LoggedInReactPages/Order (react)/ViewReport - Vin' are matched.

2018-06-01 10:16:13 - [MESSAGE][PASSED] - Actual text and expected text of test object 'Object Repository/LoggedInReactPages/Order (react)/ViewReport - Vin' are matched.

2018-06-01 10:16:13 - [TEST_STEP][PASSED] - verifyElementText: Actual text and expected text of test object 'Object Repository/LoggedInReactPages/Order (react)/ViewReport - ReportType' are matched.

2018-06-01 10:16:13 - [MESSAGE][PASSED] - Actual text and expected text of test object 'Object Repository/LoggedInReactPages/Order (react)/ViewReport - ReportType' are matched.

2018-06-01 10:16:13 - [TEST_STEP][PASSED] - click: Object: 'Object Repository/LoggedInReactPages/Order (react)/ViewReport_Button' is clicked on

2018-06-01 10:16:15 - [MESSAGE][PASSED] - Object: 'Object Repository/LoggedInReactPages/Order (react)/ViewReport_Button' is clicked on

2018-06-01 10:16:15 - [TEST_STEP][PASSED] - waitForElementVisible: Object 'Object Repository/LoggedInReactPages/ReportSummary/ReportHeader' is visible

2018-06-01 10:16:15 - [MESSAGE][WARNING] - Timeout '0' is invalid. Using default page load timeout: '30'

2018-06-01 10:16:15 - [MESSAGE][PASSED] - Object 'Object Repository/LoggedInReactPages/ReportSummary/ReportHeader' is visible

2018-06-01 10:16:15 - [TEST_STEP][PASSED] - verifyElementText: Actual text and expected text of test object 'Object Repository/LoggedInReactPages/ReportSummary/VehicleTitle' are matched.

2018-06-01 10:16:15 - [MESSAGE][PASSED] - Actual text and expected text of test object 'Object Repository/LoggedInReactPages/ReportSummary/VehicleTitle' are matched.

2018-06-01 10:16:15 - [TEST_STEP][PASSED] - verifyElementAttributeValue: Object 'Object Repository/LoggedInReactPages/ReportSummary/ReportType' has attribute 'class' with value 'ReportGrade AlertDanger'

2018-06-01 10:16:15 - [MESSAGE][WARNING] - Timeout '0' is invalid. Using default page load timeout: '30'

2018-06-01 10:16:15 - [MESSAGE][PASSED] - Object 'Object Repository/LoggedInReactPages/ReportSummary/ReportType' has attribute 'class' with value 'ReportGrade AlertDanger'

2018-06-01 10:16:15 - [TEST_STEP][PASSED] - verifyElementText: Actual text and expected text of test object 'Object Repository/LoggedInReactPages/ReportSummary/ReportType' are matched.

2018-06-01 10:16:16 - [MESSAGE][PASSED] - Actual text and expected text of test object 'Object Repository/LoggedInReactPages/ReportSummary/ReportType' are matched.

2018-06-01 10:16:16 - [TEST_STEP][PASSED] - verifyElementAttributeValue: Object 'Object Repository/LoggedInReactPages/ReportSummary/VehicleSpecsStatus' has attribute 'class' with value 'SummaryAlertContainer AlertSuccess'

2018-06-01 10:16:16 - [MESSAGE][WARNING] - Timeout '0' is invalid. Using default page load timeout: '30'

2018-06-01 10:16:16 - [MESSAGE][PASSED] - Object 'Object Repository/LoggedInReactPages/ReportSummary/VehicleSpecsStatus' has attribute 'class' with value 'SummaryAlertContainer AlertSuccess'

2018-06-01 10:16:16 - [TEST_STEP][PASSED] - verifyElementAttributeValue: Object 'Object Repository/LoggedInReactPages/ReportSummary/JunkSalvageStatus' has attribute 'class' with value 'SummaryAlertContainer AlertDanger'

2018-06-01 10:16:16 - [MESSAGE][WARNING] - Timeout '0' is invalid. Using default page load timeout: '30'

2018-06-01 10:16:16 - [MESSAGE][PASSED] - Object 'Object Repository/LoggedInReactPages/ReportSummary/JunkSalvageStatus' has attribute 'class' with value 'SummaryAlertContainer AlertDanger'

2018-06-01 10:16:16 - [TEST_STEP][PASSED] - verifyElementAttributeValue: Object 'Object Repository/LoggedInReactPages/ReportSummary/TitleStatus' has attribute 'class' with value 'SummaryAlertContainer AlertDanger'

2018-06-01 10:16:16 - [MESSAGE][WARNING] - Timeout '0' is invalid. Using default page load timeout: '30'

2018-06-01 10:16:16 - [MESSAGE][PASSED] - Object 'Object Repository/LoggedInReactPages/ReportSummary/TitleStatus' has attribute 'class' with value 'SummaryAlertContainer AlertDanger'

2018-06-01 10:16:16 - [TEST_STEP][PASSED] - verifyElementAttributeValue: Object 'Object Repository/LoggedInReactPages/ReportSummary/OtherStatus' has attribute 'class' with value 'SummaryAlertContainer AlertWarning'

2018-06-01 10:16:16 - [MESSAGE][WARNING] - Timeout '0' is invalid. Using default page load timeout: '30'

2018-06-01 10:16:16 - [MESSAGE][PASSED] - Object 'Object Repository/LoggedInReactPages/ReportSummary/OtherStatus' has attribute 'class' with value 'SummaryAlertContainer AlertWarning'

2018-06-01 10:16:16 - [TEST_STEP][PASSED] - verifyElementAttributeValue: Object 'Object Repository/LoggedInReactPages/ReportSummary/VehicleRecallStatus' has attribute 'class' with value 'SummaryAlertContainer AlertDanger'

2018-06-01 10:16:16 - [MESSAGE][WARNING] - Timeout '0' is invalid. Using default page load timeout: '30'

2018-06-01 10:16:16 - [MESSAGE][PASSED] - Object 'Object Repository/LoggedInReactPages/ReportSummary/VehicleRecallStatus' has attribute 'class' with value 'SummaryAlertContainer AlertDanger'

2018-06-01 10:16:16 - [TEST_STEP][PASSED] - verifyElementText: Actual text and expected text of test object 'Object Repository/LoggedInReactPages/ReportSummary/OdometerStatus' are matched.

2018-06-01 10:16:17 - [MESSAGE][PASSED] - Actual text and expected text of test object 'Object Repository/LoggedInReactPages/ReportSummary/OdometerStatus' are matched.

2018-06-01 10:16:17 - [TEST_STEP][PASSED] - navigateToUrl: Navigate to 'https://dev-front.instavin.com/order/' successfully

2018-06-01 10:16:17 - [MESSAGE][PASSED] - Navigate to 'https://dev-front.instavin.com/order/' successfully

2018-06-01 10:16:17 - [TEST_STEP][PASSED] - verifyElementText: Actual text and expected text of test object 'Object Repository/LoggedInReactPages/Order (react)/VtrPrice1' are matched.

2018-06-01 10:16:17 - [MESSAGE][PASSED] - Actual text and expected text of test object 'Object Repository/LoggedInReactPages/Order (react)/VtrPrice1' are matched.

2018-06-01 10:16:17 - [TEST_STEP][PASSED] - verifyElementText: Actual text and expected text of test object 'Object Repository/LoggedInReactPages/Order (react)/VtrPrice10' are matched.

2018-06-01 10:16:18 - [MESSAGE][PASSED] - Actual text and expected text of test object 'Object Repository/LoggedInReactPages/Order (react)/VtrPrice10' are matched.

2018-06-01 10:16:18 - [TEST_STEP][PASSED] - closeBrowser: Browser is closed

2018-06-01 10:16:18 - [MESSAGE][PASSED] - Browser is closed]]></system-out>
         <system-err><![CDATA[]]></system-err>
      </testcase>
      <system-out><![CDATA[2018-06-01 10:06:41 - [TEST_SUITE][PASSED] - Staging Smoke Test Suite: Test Cases/Order - BuyVtr_WarningSalvageTitleRecall]]></system-out>
      <system-err><![CDATA[]]></system-err>
   </testsuite>
</testsuites>
