<?xml version="1.0" encoding="UTF-8"?>
<testsuites name="Staging Smoke Test Suite" time="470" tests="32" failures="1" errors="0">
   <testsuite name="Staging Smoke Test Suite" tests="32" failures="1" errors="0" time="470" timestamp="2018-05-23 13:13:26" hostname="KSavinkin - LPksavinkin.TC.local" id="Test Suites/Staging Smoke Test Suite">
      <properties>
         <property name="deviceName" value=""/>
         <property name="devicePlatform" value=""/>
         <property name="logFolder" value="C:\\Projects\\instaVIN\\tests\\instaVIN\\Reports\\Staging Smoke Test Suite\\20180523_131324"/>
         <property name="logFiles" value="C:\\Projects\\instaVIN\\tests\\instaVIN\\Reports\\Staging Smoke Test Suite\\20180523_131324\\execution0.log"/>
         <property name="attachments" value="C:\\Projects\\instaVIN\\tests\\instaVIN\\Reports\\Staging Smoke Test Suite\\20180523_131324\\1527070875481.png"/>
         <property name="hostName" value="KSavinkin - LPksavinkin.TC.local"/>
         <property name="os" value="Windows 7 64bit"/>
         <property name="katalonVersion" value="5.4.1.1"/>
         <property name="browser" value="Chrome 66.0.3359.181"/>
         <property name="hostAddress" value="192.168.102.13"/>
         <property name="sessionId" value="9ae0997a194a1a5a14b855193ec7cc0e"/>
         <property name="seleniumVersion" value="3.7.1"/>
         <property name="proxyInformation" value="ProxyInformation{proxyOption=NO_PROXY, proxyServerType=HTTP, password=, proxyServerAddress=, proxyServerPort=0}"/>
         <property name="platform" value="Windows 7"/>
      </properties>
      <testcase name="Test Cases/CheckHomeSliders" classname="Test Cases/CheckHomeSliders" status="PASSED">
         <system-out><![CDATA[2018-05-23 13:13:26 - [TEST_CASE][PASSED] - Test Cases/CheckHomeSliders: Test Cases/CheckHomeSliders

2018-05-23 13:13:26 - [TEST_STEP][PASSED] - openBrowser: Browser is opened with url: ''

2018-05-23 13:13:30 - [MESSAGE][PASSED] - Browser is opened with url: ''

2018-05-23 13:13:30 - [TEST_STEP][PASSED] - maximizeWindow: Current window maximized

2018-05-23 13:13:31 - [MESSAGE][PASSED] - Current window maximized

2018-05-23 13:13:31 - [TEST_STEP][PASSED] - navigateToUrl: Navigate to 'https://staging.instavin.com/' successfully

2018-05-23 13:13:37 - [MESSAGE][PASSED] - Navigate to 'https://staging.instavin.com/' successfully

2018-05-23 13:13:37 - [TEST_STEP][PASSED] - Statement - If (com.kms.katalon.core.webui.keyword.WebUiBuiltInKeywords.verifyElementAttributeValue(com.kms.katalon.core.testobject.ObjectRepository.findTestObject(LoggedOutReactPages/HomeLoggedOut/PromoSlide_Div), "class", "slick-slide slick-active slick-current", 0, CONTINUE_ON_FAILURE)): Object 'Object Repository/LoggedOutReactPages/HomeLoggedOut/Free_Link' is visible

2018-05-23 13:13:37 - [MESSAGE][WARNING] - Timeout '0' is invalid. Using default page load timeout: '30'

2018-05-23 13:13:37 - [MESSAGE][PASSED] - Object 'Object Repository/LoggedOutReactPages/HomeLoggedOut/PromoSlide_Div' has attribute 'class' with value 'slick-slide slick-active slick-current'

2018-05-23 13:13:37 - [TEST_STEP][PASSED] - click: Object: 'Object Repository/LoggedOutReactPages/HomeLoggedOut/SliderRightArrow' is clicked on

2018-05-23 13:13:37 - [MESSAGE][PASSED] - Object: 'Object Repository/LoggedOutReactPages/HomeLoggedOut/SliderRightArrow' is clicked on

2018-05-23 13:13:37 - [TEST_STEP][PASSED] - waitForElementVisible: Object 'Object Repository/LoggedOutReactPages/HomeLoggedOut/SecondAppsSlide' is visible

2018-05-23 13:13:37 - [MESSAGE][WARNING] - Timeout '0' is invalid. Using default page load timeout: '30'

2018-05-23 13:13:38 - [MESSAGE][PASSED] - Object 'Object Repository/LoggedOutReactPages/HomeLoggedOut/SecondAppsSlide' is visible

2018-05-23 13:13:38 - [TEST_STEP][PASSED] - waitForElementVisible: Object 'Object Repository/LoggedOutReactPages/HomeLoggedOut/FactoryOptions_Link' is visible

2018-05-23 13:13:38 - [MESSAGE][WARNING] - Timeout '0' is invalid. Using default page load timeout: '30'

2018-05-23 13:13:38 - [MESSAGE][PASSED] - Object 'Object Repository/LoggedOutReactPages/HomeLoggedOut/FactoryOptions_Link' is visible

2018-05-23 13:13:38 - [TEST_STEP][PASSED] - click: Object: 'Object Repository/LoggedOutReactPages/HomeLoggedOut/SliderLeftArrow' is clicked on

2018-05-23 13:13:38 - [MESSAGE][PASSED] - Object: 'Object Repository/LoggedOutReactPages/HomeLoggedOut/SliderLeftArrow' is clicked on

2018-05-23 13:13:38 - [TEST_STEP][PASSED] - waitForElementVisible: Object 'Object Repository/LoggedOutReactPages/HomeLoggedOut/Free_Link' is visible

2018-05-23 13:13:38 - [MESSAGE][WARNING] - Timeout '0' is invalid. Using default page load timeout: '30'

2018-05-23 13:13:42 - [MESSAGE][PASSED] - Object 'Object Repository/LoggedOutReactPages/HomeLoggedOut/Free_Link' is visible

2018-05-23 13:13:42 - [TEST_STEP][PASSED] - closeBrowser: Browser is closed

2018-05-23 13:13:43 - [MESSAGE][PASSED] - Browser is closed]]></system-out>
         <system-err><![CDATA[]]></system-err>
      </testcase>
      <testcase name="Test Cases/CheckVINfromHome - EmptyVIN" classname="Test Cases/CheckVINfromHome - EmptyVIN" status="PASSED">
         <system-out><![CDATA[2018-05-23 13:13:43 - [TEST_CASE][PASSED] - Test Cases/CheckVINfromHome - EmptyVIN: Test Cases/CheckVINfromHome - EmptyVIN

2018-05-23 13:13:43 - [TEST_STEP][PASSED] - openBrowser: Browser is opened with url: ''

2018-05-23 13:13:46 - [MESSAGE][PASSED] - Browser is opened with url: ''

2018-05-23 13:13:46 - [TEST_STEP][PASSED] - maximizeWindow: Current window maximized

2018-05-23 13:13:47 - [MESSAGE][PASSED] - Current window maximized

2018-05-23 13:13:47 - [TEST_STEP][PASSED] - navigateToUrl: Navigate to 'https://staging.instavin.com/' successfully

2018-05-23 13:13:50 - [MESSAGE][PASSED] - Navigate to 'https://staging.instavin.com/' successfully

2018-05-23 13:13:50 - [TEST_STEP][PASSED] - verifyElementPresent: Object 'Object Repository/LoggedOutReactPages/CommonElements/SignIn_Label' is present

2018-05-23 13:13:50 - [MESSAGE][WARNING] - Timeout '0' is invalid. Using default page load timeout: '30'

2018-05-23 13:13:50 - [MESSAGE][PASSED] - Object 'Object Repository/LoggedOutReactPages/CommonElements/SignIn_Label' is present

2018-05-23 13:13:50 - [TEST_STEP][PASSED] - verifyElementPresent: Object 'Object Repository/LoggedOutReactPages/HomeLoggedOut/EnterVIN_input' is present

2018-05-23 13:13:50 - [MESSAGE][WARNING] - Timeout '0' is invalid. Using default page load timeout: '30'

2018-05-23 13:13:51 - [MESSAGE][PASSED] - Object 'Object Repository/LoggedOutReactPages/HomeLoggedOut/EnterVIN_input' is present

2018-05-23 13:13:51 - [TEST_STEP][PASSED] - verifyElementAttributeValue: Object 'Object Repository/LoggedOutReactPages/HomeLoggedOut/EnterVIN_input' has attribute 'placeholder' with value 'ENTER VIN NUMBER'

2018-05-23 13:13:51 - [MESSAGE][WARNING] - Timeout '0' is invalid. Using default page load timeout: '30'

2018-05-23 13:13:51 - [MESSAGE][PASSED] - Object 'Object Repository/LoggedOutReactPages/HomeLoggedOut/EnterVIN_input' has attribute 'placeholder' with value 'ENTER VIN NUMBER'

2018-05-23 13:13:51 - [TEST_STEP][PASSED] - setText: Text '' is set on object 'Object Repository/LoggedOutReactPages/HomeLoggedOut/EnterVIN_input'

2018-05-23 13:13:51 - [MESSAGE][PASSED] - Text '' is set on object 'Object Repository/LoggedOutReactPages/HomeLoggedOut/EnterVIN_input'

2018-05-23 13:13:51 - [TEST_STEP][PASSED] - click: Object: 'Object Repository/LoggedOutReactPages/HomeLoggedOut/SubmitVinArrow_Button' is clicked on

2018-05-23 13:13:52 - [MESSAGE][PASSED] - Object: 'Object Repository/LoggedOutReactPages/HomeLoggedOut/SubmitVinArrow_Button' is clicked on

2018-05-23 13:13:52 - [TEST_STEP][PASSED] - waitForElementVisible: Object 'Object Repository/LoggedInReactPages/Order (react)/instaVINProducts_Label' is visible

2018-05-23 13:13:52 - [MESSAGE][WARNING] - Timeout '0' is invalid. Using default page load timeout: '30'

2018-05-23 13:13:52 - [MESSAGE][PASSED] - Object 'Object Repository/LoggedInReactPages/Order (react)/instaVINProducts_Label' is visible

2018-05-23 13:13:52 - [TEST_STEP][PASSED] - verifyElementPresent: Object 'Object Repository/LoggedInReactPages/Order (react)/SignIn_MenuLabel' is present

2018-05-23 13:13:52 - [MESSAGE][WARNING] - Timeout '0' is invalid. Using default page load timeout: '30'

2018-05-23 13:13:52 - [MESSAGE][PASSED] - Object 'Object Repository/LoggedInReactPages/Order (react)/SignIn_MenuLabel' is present

2018-05-23 13:13:52 - [TEST_STEP][PASSED] - verifyElementNotPresent: Web element with id: 'Object Repository/LoggedInReactPages/Order (react)/ChangeVIN_Cross' located by 'By.xpath: //div[@class='CloseButton']' is not present after '30' second(s)

2018-05-23 13:13:53 - [MESSAGE][WARNING] - Timeout '0' is invalid. Using default page load timeout: '30'

2018-05-23 13:13:53 - [MESSAGE][PASSED] - Web element with id: 'Object Repository/LoggedInReactPages/Order (react)/ChangeVIN_Cross' located by 'By.xpath: //div[@class='CloseButton']' is not present after '30' second(s)

2018-05-23 13:13:53 - [TEST_STEP][PASSED] - verifyElementText: Actual text and expected text of test object 'Object Repository/LoggedInReactPages/Order (react)/RecordsAreAvailable_Alert' are matched.

2018-05-23 13:13:53 - [MESSAGE][PASSED] - Actual text and expected text of test object 'Object Repository/LoggedInReactPages/Order (react)/RecordsAreAvailable_Alert' are matched.

2018-05-23 13:13:53 - [TEST_STEP][PASSED] - verifyElementNotPresent: Web element with id: 'Object Repository/LoggedInReactPages/Order (react)/VINdisplayed' located by 'By.xpath: //span[@id='VehicleSummary_Vin']' is not present after '30' second(s)

2018-05-23 13:13:53 - [MESSAGE][WARNING] - Timeout '0' is invalid. Using default page load timeout: '30'

2018-05-23 13:13:53 - [MESSAGE][PASSED] - Web element with id: 'Object Repository/LoggedInReactPages/Order (react)/VINdisplayed' located by 'By.xpath: //span[@id='VehicleSummary_Vin']' is not present after '30' second(s)

2018-05-23 13:13:53 - [TEST_STEP][PASSED] - verifyElementVisible: Object 'Object Repository/LoggedInReactPages/Order (react)/VINCheckForm_EnterVINInput' is visible

2018-05-23 13:13:53 - [MESSAGE][PASSED] - Object 'Object Repository/LoggedInReactPages/Order (react)/VINCheckForm_EnterVINInput' is visible

2018-05-23 13:13:53 - [TEST_STEP][PASSED] - verifyElementAttributeValue: Object 'Object Repository/LoggedInReactPages/Order (react)/VINCheckForm_EnterVINInput' has attribute 'value' with value ''

2018-05-23 13:13:53 - [MESSAGE][WARNING] - Timeout '0' is invalid. Using default page load timeout: '30'

2018-05-23 13:13:53 - [MESSAGE][PASSED] - Object 'Object Repository/LoggedInReactPages/Order (react)/VINCheckForm_EnterVINInput' has attribute 'value' with value ''

2018-05-23 13:13:53 - [TEST_STEP][PASSED] - verifyElementNotPresent: Web element with id: 'Object Repository/LoggedInReactPages/Order (react)/OrderNow_OrangeButton' located by 'By.xpath: //button[@class = 'btn btn-default HasRightIcon orderButtonSmall' and (text() = 'Order Now' or . = 'Order Now')]' is not present after '30' second(s)

2018-05-23 13:13:53 - [MESSAGE][WARNING] - Timeout '0' is invalid. Using default page load timeout: '30'

2018-05-23 13:13:53 - [MESSAGE][PASSED] - Web element with id: 'Object Repository/LoggedInReactPages/Order (react)/OrderNow_OrangeButton' located by 'By.xpath: //button[@class = 'btn btn-default HasRightIcon orderButtonSmall' and (text() = 'Order Now' or . = 'Order Now')]' is not present after '30' second(s)

2018-05-23 13:13:53 - [TEST_STEP][PASSED] - closeBrowser: Browser is closed

2018-05-23 13:13:54 - [MESSAGE][PASSED] - Browser is closed]]></system-out>
         <system-err><![CDATA[]]></system-err>
      </testcase>
      <testcase name="Test Cases/CheckVINfromHome - NoSticker" classname="Test Cases/CheckVINfromHome - NoSticker" status="PASSED">
         <system-out><![CDATA[2018-05-23 13:13:54 - [TEST_CASE][PASSED] - Test Cases/CheckVINfromHome - NoSticker: Test Cases/CheckVINfromHome - NoSticker

2018-05-23 13:13:54 - [TEST_STEP][PASSED] - openBrowser: Browser is opened with url: ''

2018-05-23 13:13:56 - [MESSAGE][PASSED] - Browser is opened with url: ''

2018-05-23 13:13:56 - [TEST_STEP][PASSED] - maximizeWindow: Current window maximized

2018-05-23 13:13:57 - [MESSAGE][PASSED] - Current window maximized

2018-05-23 13:13:57 - [TEST_STEP][PASSED] - navigateToUrl: Navigate to 'https://staging.instavin.com/' successfully

2018-05-23 13:14:01 - [MESSAGE][PASSED] - Navigate to 'https://staging.instavin.com/' successfully

2018-05-23 13:14:01 - [TEST_STEP][PASSED] - verifyElementPresent: Object 'Object Repository/LoggedOutReactPages/CommonElements/SignIn_Label' is present

2018-05-23 13:14:01 - [MESSAGE][WARNING] - Timeout '0' is invalid. Using default page load timeout: '30'

2018-05-23 13:14:01 - [MESSAGE][PASSED] - Object 'Object Repository/LoggedOutReactPages/CommonElements/SignIn_Label' is present

2018-05-23 13:14:01 - [TEST_STEP][PASSED] - verifyElementPresent: Object 'Object Repository/LoggedOutReactPages/HomeLoggedOut/EnterVIN_input' is present

2018-05-23 13:14:01 - [MESSAGE][WARNING] - Timeout '0' is invalid. Using default page load timeout: '30'

2018-05-23 13:14:01 - [MESSAGE][PASSED] - Object 'Object Repository/LoggedOutReactPages/HomeLoggedOut/EnterVIN_input' is present

2018-05-23 13:14:01 - [TEST_STEP][PASSED] - verifyElementAttributeValue: Object 'Object Repository/LoggedOutReactPages/HomeLoggedOut/EnterVIN_input' has attribute 'placeholder' with value 'ENTER VIN NUMBER'

2018-05-23 13:14:01 - [MESSAGE][WARNING] - Timeout '0' is invalid. Using default page load timeout: '30'

2018-05-23 13:14:01 - [MESSAGE][PASSED] - Object 'Object Repository/LoggedOutReactPages/HomeLoggedOut/EnterVIN_input' has attribute 'placeholder' with value 'ENTER VIN NUMBER'

2018-05-23 13:14:01 - [TEST_STEP][PASSED] - setText: Text 'JF1SF63591H766643' is set on object 'Object Repository/LoggedOutReactPages/HomeLoggedOut/EnterVIN_input'

2018-05-23 13:14:02 - [MESSAGE][PASSED] - Text 'JF1SF63591H766643' is set on object 'Object Repository/LoggedOutReactPages/HomeLoggedOut/EnterVIN_input'

2018-05-23 13:14:02 - [TEST_STEP][PASSED] - click: Object: 'Object Repository/LoggedOutReactPages/HomeLoggedOut/SubmitVinArrow_Button' is clicked on

2018-05-23 13:14:03 - [MESSAGE][PASSED] - Object: 'Object Repository/LoggedOutReactPages/HomeLoggedOut/SubmitVinArrow_Button' is clicked on

2018-05-23 13:14:03 - [TEST_STEP][PASSED] - waitForElementVisible: Object 'Object Repository/LoggedInReactPages/Order (react)/instaVINProducts_Label' is visible

2018-05-23 13:14:03 - [MESSAGE][WARNING] - Timeout '0' is invalid. Using default page load timeout: '30'

2018-05-23 13:14:03 - [MESSAGE][PASSED] - Object 'Object Repository/LoggedInReactPages/Order (react)/instaVINProducts_Label' is visible

2018-05-23 13:14:03 - [TEST_STEP][PASSED] - verifyElementVisible: Object 'Object Repository/LoggedInReactPages/Order (react)/ChangeVIN_Cross' is visible

2018-05-23 13:14:04 - [MESSAGE][PASSED] - Object 'Object Repository/LoggedInReactPages/Order (react)/ChangeVIN_Cross' is visible

2018-05-23 13:14:04 - [TEST_STEP][PASSED] - verifyElementPresent: Object 'Object Repository/LoggedInReactPages/Order (react)/SignIn_MenuLabel' is present

2018-05-23 13:14:04 - [MESSAGE][WARNING] - Timeout '0' is invalid. Using default page load timeout: '30'

2018-05-23 13:14:04 - [MESSAGE][PASSED] - Object 'Object Repository/LoggedInReactPages/Order (react)/SignIn_MenuLabel' is present

2018-05-23 13:14:04 - [TEST_STEP][PASSED] - verifyElementVisible: Object 'Object Repository/LoggedInReactPages/Order (react)/RecordsAreAvailable_Alert' is visible

2018-05-23 13:14:04 - [MESSAGE][PASSED] - Object 'Object Repository/LoggedInReactPages/Order (react)/RecordsAreAvailable_Alert' is visible

2018-05-23 13:14:04 - [TEST_STEP][PASSED] - verifyElementText: Actual text and expected text of test object 'Object Repository/LoggedInReactPages/Order (react)/RecordsAreAvailable_Alert' are matched.

2018-05-23 13:14:04 - [MESSAGE][PASSED] - Actual text and expected text of test object 'Object Repository/LoggedInReactPages/Order (react)/RecordsAreAvailable_Alert' are matched.

2018-05-23 13:14:04 - [TEST_STEP][PASSED] - verifyElementVisible: Object 'Object Repository/LoggedInReactPages/Order (react)/VINdisplayed' is visible

2018-05-23 13:14:04 - [MESSAGE][PASSED] - Object 'Object Repository/LoggedInReactPages/Order (react)/VINdisplayed' is visible

2018-05-23 13:14:04 - [TEST_STEP][PASSED] - verifyElementText: Actual text and expected text of test object 'Object Repository/LoggedInReactPages/Order (react)/VINdisplayed' are matched.

2018-05-23 13:14:04 - [MESSAGE][PASSED] - Actual text and expected text of test object 'Object Repository/LoggedInReactPages/Order (react)/VINdisplayed' are matched.

2018-05-23 13:14:04 - [TEST_STEP][PASSED] - verifyElementPresent: Object 'Object Repository/LoggedInReactPages/Order (react)/OrderNow_OrangeButton' is present

2018-05-23 13:14:04 - [MESSAGE][WARNING] - Timeout '0' is invalid. Using default page load timeout: '30'

2018-05-23 13:14:04 - [MESSAGE][PASSED] - Object 'Object Repository/LoggedInReactPages/Order (react)/OrderNow_OrangeButton' is present

2018-05-23 13:14:04 - [TEST_STEP][PASSED] - closeBrowser: Browser is closed

2018-05-23 13:14:04 - [MESSAGE][PASSED] - Browser is closed]]></system-out>
         <system-err><![CDATA[]]></system-err>
      </testcase>
      <testcase name="Test Cases/CheckVINfromHome - ShortVINwith9Digits" classname="Test Cases/CheckVINfromHome - ShortVINwith9Digits" status="PASSED">
         <system-out><![CDATA[2018-05-23 13:14:04 - [TEST_CASE][PASSED] - Test Cases/CheckVINfromHome - ShortVINwith9Digits: Test Cases/CheckVINfromHome - ShortVINwith9Digits

2018-05-23 13:14:05 - [TEST_STEP][PASSED] - openBrowser: Browser is opened with url: ''

2018-05-23 13:14:07 - [MESSAGE][PASSED] - Browser is opened with url: ''

2018-05-23 13:14:07 - [TEST_STEP][PASSED] - maximizeWindow: Current window maximized

2018-05-23 13:14:08 - [MESSAGE][PASSED] - Current window maximized

2018-05-23 13:14:08 - [TEST_STEP][PASSED] - navigateToUrl: Navigate to 'https://staging.instavin.com/' successfully

2018-05-23 13:14:12 - [MESSAGE][PASSED] - Navigate to 'https://staging.instavin.com/' successfully

2018-05-23 13:14:12 - [TEST_STEP][PASSED] - verifyElementPresent: Object 'Object Repository/LoggedOutReactPages/CommonElements/SignIn_Label' is present

2018-05-23 13:14:12 - [MESSAGE][WARNING] - Timeout '0' is invalid. Using default page load timeout: '30'

2018-05-23 13:14:12 - [MESSAGE][PASSED] - Object 'Object Repository/LoggedOutReactPages/CommonElements/SignIn_Label' is present

2018-05-23 13:14:12 - [TEST_STEP][PASSED] - verifyElementPresent: Object 'Object Repository/LoggedOutReactPages/HomeLoggedOut/EnterVIN_input' is present

2018-05-23 13:14:12 - [MESSAGE][WARNING] - Timeout '0' is invalid. Using default page load timeout: '30'

2018-05-23 13:14:12 - [MESSAGE][PASSED] - Object 'Object Repository/LoggedOutReactPages/HomeLoggedOut/EnterVIN_input' is present

2018-05-23 13:14:12 - [TEST_STEP][PASSED] - verifyElementAttributeValue: Object 'Object Repository/LoggedOutReactPages/HomeLoggedOut/EnterVIN_input' has attribute 'placeholder' with value 'ENTER VIN NUMBER'

2018-05-23 13:14:12 - [MESSAGE][WARNING] - Timeout '0' is invalid. Using default page load timeout: '30'

2018-05-23 13:14:12 - [MESSAGE][PASSED] - Object 'Object Repository/LoggedOutReactPages/HomeLoggedOut/EnterVIN_input' has attribute 'placeholder' with value 'ENTER VIN NUMBER'

2018-05-23 13:14:12 - [TEST_STEP][PASSED] - setText: Text '7J1012752' is set on object 'Object Repository/LoggedOutReactPages/HomeLoggedOut/EnterVIN_input'

2018-05-23 13:14:12 - [MESSAGE][PASSED] - Text '7J1012752' is set on object 'Object Repository/LoggedOutReactPages/HomeLoggedOut/EnterVIN_input'

2018-05-23 13:14:12 - [TEST_STEP][PASSED] - click: Object: 'Object Repository/LoggedOutReactPages/HomeLoggedOut/SubmitVinArrow_Button' is clicked on

2018-05-23 13:14:14 - [MESSAGE][PASSED] - Object: 'Object Repository/LoggedOutReactPages/HomeLoggedOut/SubmitVinArrow_Button' is clicked on

2018-05-23 13:14:14 - [TEST_STEP][PASSED] - waitForElementVisible: Object 'Object Repository/LoggedInReactPages/Order (react)/instaVINProducts_Label' is visible

2018-05-23 13:14:14 - [MESSAGE][WARNING] - Timeout '0' is invalid. Using default page load timeout: '30'

2018-05-23 13:14:14 - [MESSAGE][PASSED] - Object 'Object Repository/LoggedInReactPages/Order (react)/instaVINProducts_Label' is visible

2018-05-23 13:14:14 - [TEST_STEP][PASSED] - verifyElementNotPresent: Web element with id: 'Object Repository/LoggedInReactPages/Order (react)/ChangeVIN_Cross' located by 'By.xpath: //div[@class='CloseButton']' is not present after '30' second(s)

2018-05-23 13:14:14 - [MESSAGE][WARNING] - Timeout '0' is invalid. Using default page load timeout: '30'

2018-05-23 13:14:14 - [MESSAGE][PASSED] - Web element with id: 'Object Repository/LoggedInReactPages/Order (react)/ChangeVIN_Cross' located by 'By.xpath: //div[@class='CloseButton']' is not present after '30' second(s)

2018-05-23 13:14:14 - [TEST_STEP][PASSED] - verifyElementPresent: Object 'Object Repository/LoggedInReactPages/Order (react)/SignIn_MenuLabel' is present

2018-05-23 13:14:14 - [MESSAGE][WARNING] - Timeout '0' is invalid. Using default page load timeout: '30'

2018-05-23 13:14:14 - [MESSAGE][PASSED] - Object 'Object Repository/LoggedInReactPages/Order (react)/SignIn_MenuLabel' is present

2018-05-23 13:14:14 - [TEST_STEP][PASSED] - verifyElementVisible: Object 'Object Repository/LoggedInReactPages/Order (react)/RecordsAreAvailable_Alert' is visible

2018-05-23 13:14:14 - [MESSAGE][PASSED] - Object 'Object Repository/LoggedInReactPages/Order (react)/RecordsAreAvailable_Alert' is visible

2018-05-23 13:14:14 - [TEST_STEP][PASSED] - verifyElementText: Actual text and expected text of test object 'Object Repository/LoggedInReactPages/Order (react)/RecordsAreAvailable_Alert' are matched.

2018-05-23 13:14:14 - [MESSAGE][PASSED] - Actual text and expected text of test object 'Object Repository/LoggedInReactPages/Order (react)/RecordsAreAvailable_Alert' are matched.

2018-05-23 13:14:14 - [TEST_STEP][PASSED] - verifyElementNotPresent: Web element with id: 'Object Repository/LoggedInReactPages/Order (react)/VINdisplayed' located by 'By.xpath: //span[@id='VehicleSummary_Vin']' is not present after '30' second(s)

2018-05-23 13:14:14 - [MESSAGE][WARNING] - Timeout '0' is invalid. Using default page load timeout: '30'

2018-05-23 13:14:14 - [MESSAGE][PASSED] - Web element with id: 'Object Repository/LoggedInReactPages/Order (react)/VINdisplayed' located by 'By.xpath: //span[@id='VehicleSummary_Vin']' is not present after '30' second(s)

2018-05-23 13:14:14 - [TEST_STEP][PASSED] - verifyElementVisible: Object 'Object Repository/LoggedInReactPages/Order (react)/VINCheckForm_EnterVINInput' is visible

2018-05-23 13:14:14 - [MESSAGE][PASSED] - Object 'Object Repository/LoggedInReactPages/Order (react)/VINCheckForm_EnterVINInput' is visible

2018-05-23 13:14:14 - [TEST_STEP][PASSED] - verifyElementAttributeValue: Object 'Object Repository/LoggedInReactPages/Order (react)/VINCheckForm_EnterVINInput' has attribute 'value' with value '7J1012752'

2018-05-23 13:14:14 - [MESSAGE][WARNING] - Timeout '0' is invalid. Using default page load timeout: '30'

2018-05-23 13:14:14 - [MESSAGE][PASSED] - Object 'Object Repository/LoggedInReactPages/Order (react)/VINCheckForm_EnterVINInput' has attribute 'value' with value '7J1012752'

2018-05-23 13:14:14 - [TEST_STEP][PASSED] - verifyElementPresent: Object 'Object Repository/LoggedInReactPages/Order (react)/OrderNow_OrangeButton' is present

2018-05-23 13:14:14 - [MESSAGE][WARNING] - Timeout '0' is invalid. Using default page load timeout: '30'

2018-05-23 13:14:14 - [MESSAGE][PASSED] - Object 'Object Repository/LoggedInReactPages/Order (react)/OrderNow_OrangeButton' is present

2018-05-23 13:14:14 - [TEST_STEP][PASSED] - closeBrowser: Browser is closed

2018-05-23 13:14:15 - [MESSAGE][PASSED] - Browser is closed]]></system-out>
         <system-err><![CDATA[]]></system-err>
      </testcase>
      <testcase name="Test Cases/CheckVINfromHome - Success" classname="Test Cases/CheckVINfromHome - Success" status="PASSED">
         <system-out><![CDATA[2018-05-23 13:14:15 - [TEST_CASE][PASSED] - Test Cases/CheckVINfromHome - Success: Test Cases/CheckVINfromHome - Success

2018-05-23 13:14:15 - [TEST_STEP][PASSED] - openBrowser: Browser is opened with url: ''

2018-05-23 13:14:17 - [MESSAGE][PASSED] - Browser is opened with url: ''

2018-05-23 13:14:17 - [TEST_STEP][PASSED] - maximizeWindow: Current window maximized

2018-05-23 13:14:19 - [MESSAGE][PASSED] - Current window maximized

2018-05-23 13:14:19 - [TEST_STEP][PASSED] - navigateToUrl: Navigate to 'https://staging.instavin.com/' successfully

2018-05-23 13:14:22 - [MESSAGE][PASSED] - Navigate to 'https://staging.instavin.com/' successfully

2018-05-23 13:14:22 - [TEST_STEP][PASSED] - verifyElementPresent: Object 'Object Repository/LoggedOutReactPages/CommonElements/SignIn_Label' is present

2018-05-23 13:14:22 - [MESSAGE][WARNING] - Timeout '0' is invalid. Using default page load timeout: '30'

2018-05-23 13:14:22 - [MESSAGE][PASSED] - Object 'Object Repository/LoggedOutReactPages/CommonElements/SignIn_Label' is present

2018-05-23 13:14:22 - [TEST_STEP][PASSED] - verifyElementPresent: Object 'Object Repository/LoggedOutReactPages/HomeLoggedOut/EnterVIN_input' is present

2018-05-23 13:14:22 - [MESSAGE][WARNING] - Timeout '0' is invalid. Using default page load timeout: '30'

2018-05-23 13:14:22 - [MESSAGE][PASSED] - Object 'Object Repository/LoggedOutReactPages/HomeLoggedOut/EnterVIN_input' is present

2018-05-23 13:14:22 - [TEST_STEP][PASSED] - verifyElementAttributeValue: Object 'Object Repository/LoggedOutReactPages/HomeLoggedOut/EnterVIN_input' has attribute 'placeholder' with value 'ENTER VIN NUMBER'

2018-05-23 13:14:22 - [MESSAGE][WARNING] - Timeout '0' is invalid. Using default page load timeout: '30'

2018-05-23 13:14:22 - [MESSAGE][PASSED] - Object 'Object Repository/LoggedOutReactPages/HomeLoggedOut/EnterVIN_input' has attribute 'placeholder' with value 'ENTER VIN NUMBER'

2018-05-23 13:14:22 - [TEST_STEP][PASSED] - setText: Text '5UXKR0C52F0P15679' is set on object 'Object Repository/LoggedOutReactPages/HomeLoggedOut/EnterVIN_input'

2018-05-23 13:14:22 - [MESSAGE][PASSED] - Text '5UXKR0C52F0P15679' is set on object 'Object Repository/LoggedOutReactPages/HomeLoggedOut/EnterVIN_input'

2018-05-23 13:14:22 - [TEST_STEP][PASSED] - click: Object: 'Object Repository/LoggedOutReactPages/HomeLoggedOut/SubmitVinArrow_Button' is clicked on

2018-05-23 13:14:24 - [MESSAGE][PASSED] - Object: 'Object Repository/LoggedOutReactPages/HomeLoggedOut/SubmitVinArrow_Button' is clicked on

2018-05-23 13:14:24 - [TEST_STEP][PASSED] - waitForElementVisible: Object 'Object Repository/LoggedInReactPages/Order (react)/instaVINProducts_Label' is visible

2018-05-23 13:14:24 - [MESSAGE][WARNING] - Timeout '0' is invalid. Using default page load timeout: '30'

2018-05-23 13:14:24 - [MESSAGE][PASSED] - Object 'Object Repository/LoggedInReactPages/Order (react)/instaVINProducts_Label' is visible

2018-05-23 13:14:24 - [TEST_STEP][PASSED] - verifyElementVisible: Object 'Object Repository/LoggedInReactPages/Order (react)/ChangeVIN_Cross' is visible

2018-05-23 13:14:24 - [MESSAGE][PASSED] - Object 'Object Repository/LoggedInReactPages/Order (react)/ChangeVIN_Cross' is visible

2018-05-23 13:14:24 - [TEST_STEP][PASSED] - verifyElementPresent: Object 'Object Repository/LoggedInReactPages/Order (react)/SignIn_MenuLabel' is present

2018-05-23 13:14:24 - [MESSAGE][WARNING] - Timeout '0' is invalid. Using default page load timeout: '30'

2018-05-23 13:14:24 - [MESSAGE][PASSED] - Object 'Object Repository/LoggedInReactPages/Order (react)/SignIn_MenuLabel' is present

2018-05-23 13:14:24 - [TEST_STEP][PASSED] - verifyElementPresent: Object 'Object Repository/LoggedInReactPages/Order (react)/RecordsAreAvailable_Alert' is present

2018-05-23 13:14:24 - [MESSAGE][WARNING] - Timeout '0' is invalid. Using default page load timeout: '30'

2018-05-23 13:14:24 - [MESSAGE][PASSED] - Object 'Object Repository/LoggedInReactPages/Order (react)/RecordsAreAvailable_Alert' is present

2018-05-23 13:14:24 - [TEST_STEP][PASSED] - verifyElementText: Actual text and expected text of test object 'Object Repository/LoggedInReactPages/Order (react)/RecordsAreAvailable_Alert' are matched.

2018-05-23 13:14:24 - [MESSAGE][PASSED] - Actual text and expected text of test object 'Object Repository/LoggedInReactPages/Order (react)/RecordsAreAvailable_Alert' are matched.

2018-05-23 13:14:24 - [TEST_STEP][PASSED] - verifyElementVisible: Object 'Object Repository/LoggedInReactPages/Order (react)/VINdisplayed' is visible

2018-05-23 13:14:24 - [MESSAGE][PASSED] - Object 'Object Repository/LoggedInReactPages/Order (react)/VINdisplayed' is visible

2018-05-23 13:14:24 - [TEST_STEP][PASSED] - verifyElementText: Actual text and expected text of test object 'Object Repository/LoggedInReactPages/Order (react)/VINdisplayed' are matched.

2018-05-23 13:14:24 - [MESSAGE][PASSED] - Actual text and expected text of test object 'Object Repository/LoggedInReactPages/Order (react)/VINdisplayed' are matched.

2018-05-23 13:14:24 - [TEST_STEP][PASSED] - verifyElementPresent: Object 'Object Repository/LoggedInReactPages/Order (react)/OrderNow_OrangeButton' is present

2018-05-23 13:14:24 - [MESSAGE][WARNING] - Timeout '0' is invalid. Using default page load timeout: '30'

2018-05-23 13:14:24 - [MESSAGE][PASSED] - Object 'Object Repository/LoggedInReactPages/Order (react)/OrderNow_OrangeButton' is present

2018-05-23 13:14:24 - [TEST_STEP][PASSED] - closeBrowser: Browser is closed

2018-05-23 13:14:25 - [MESSAGE][PASSED] - Browser is closed]]></system-out>
         <system-err><![CDATA[]]></system-err>
      </testcase>
      <testcase name="Test Cases/SignUpConsumer - EmptyFields" classname="Test Cases/SignUpConsumer - EmptyFields" status="PASSED">
         <system-out><![CDATA[2018-05-23 13:14:25 - [TEST_CASE][PASSED] - Test Cases/SignUpConsumer - EmptyFields: Test Cases/SignUpConsumer - EmptyFields

2018-05-23 13:14:25 - [TEST_STEP][PASSED] - openBrowser: Browser is opened with url: ''

2018-05-23 13:14:27 - [MESSAGE][PASSED] - Browser is opened with url: ''

2018-05-23 13:14:27 - [TEST_STEP][PASSED] - maximizeWindow: Current window maximized

2018-05-23 13:14:29 - [MESSAGE][PASSED] - Current window maximized

2018-05-23 13:14:29 - [TEST_STEP][PASSED] - Statement - StartURL = com.kms.katalon.core.webui.keyword.WebUiBuiltInKeywords.concatenate([StagingReact, "create-account"]): Concatenated string array: '['https://staging.instavin.com/','create-account']' into 'https://staging.instavin.com/create-account'

2018-05-23 13:14:29 - [MESSAGE][PASSED] - Concatenated string array: '['https://staging.instavin.com/','create-account']' into 'https://staging.instavin.com/create-account'

2018-05-23 13:14:29 - [TEST_STEP][PASSED] - navigateToUrl: Navigate to 'https://staging.instavin.com/create-account' successfully

2018-05-23 13:14:32 - [MESSAGE][PASSED] - Navigate to 'https://staging.instavin.com/create-account' successfully

2018-05-23 13:14:32 - [TEST_STEP][PASSED] - verifyElementText: Actual text and expected text of test object 'Object Repository/LoggedOutReactPages/CreateAccount/Copy_Label' are matched.

2018-05-23 13:14:32 - [MESSAGE][PASSED] - Actual text and expected text of test object 'Object Repository/LoggedOutReactPages/CreateAccount/Copy_Label' are matched.

2018-05-23 13:14:32 - [TEST_STEP][PASSED] - verifyTextPresent: Text 'Buyer Information' is present on page 

2018-05-23 13:14:32 - [MESSAGE][PASSED] - Text 'Buyer Information' is present on page 

2018-05-23 13:14:32 - [TEST_STEP][PASSED] - verifyElementText: Actual text and expected text of test object 'Object Repository/LoggedOutReactPages/CreateAccount/Name_Label' are matched.

2018-05-23 13:14:32 - [MESSAGE][PASSED] - Actual text and expected text of test object 'Object Repository/LoggedOutReactPages/CreateAccount/Name_Label' are matched.

2018-05-23 13:14:32 - [TEST_STEP][PASSED] - verifyElementText: Actual text and expected text of test object 'Object Repository/LoggedOutReactPages/CreateAccount/Address_Label' are matched.

2018-05-23 13:14:32 - [MESSAGE][PASSED] - Actual text and expected text of test object 'Object Repository/LoggedOutReactPages/CreateAccount/Address_Label' are matched.

2018-05-23 13:14:32 - [TEST_STEP][PASSED] - click: Object: 'Object Repository/LoggedOutReactPages/CreateAccount/Submit_button' is clicked on

2018-05-23 13:14:32 - [MESSAGE][PASSED] - Object: 'Object Repository/LoggedOutReactPages/CreateAccount/Submit_button' is clicked on

2018-05-23 13:14:32 - [TEST_STEP][PASSED] - verifyElementPresent: Object 'Object Repository/LoggedOutReactPages/CreateAccount/FirstName_ErrorMessage' is present

2018-05-23 13:14:32 - [MESSAGE][WARNING] - Timeout '0' is invalid. Using default page load timeout: '30'

2018-05-23 13:14:32 - [MESSAGE][PASSED] - Object 'Object Repository/LoggedOutReactPages/CreateAccount/FirstName_ErrorMessage' is present

2018-05-23 13:14:32 - [TEST_STEP][PASSED] - verifyElementText: Actual text and expected text of test object 'Object Repository/LoggedOutReactPages/CreateAccount/FirstName_ErrorMessage' are matched.

2018-05-23 13:14:32 - [MESSAGE][PASSED] - Actual text and expected text of test object 'Object Repository/LoggedOutReactPages/CreateAccount/FirstName_ErrorMessage' are matched.

2018-05-23 13:14:32 - [TEST_STEP][PASSED] - verifyElementPresent: Object 'Object Repository/LoggedOutReactPages/CreateAccount/LastName_ErrorMessage' is present

2018-05-23 13:14:32 - [MESSAGE][WARNING] - Timeout '0' is invalid. Using default page load timeout: '30'

2018-05-23 13:14:32 - [MESSAGE][PASSED] - Object 'Object Repository/LoggedOutReactPages/CreateAccount/LastName_ErrorMessage' is present

2018-05-23 13:14:32 - [TEST_STEP][PASSED] - verifyElementText: Actual text and expected text of test object 'Object Repository/LoggedOutReactPages/CreateAccount/LastName_ErrorMessage' are matched.

2018-05-23 13:14:32 - [MESSAGE][PASSED] - Actual text and expected text of test object 'Object Repository/LoggedOutReactPages/CreateAccount/LastName_ErrorMessage' are matched.

2018-05-23 13:14:32 - [TEST_STEP][PASSED] - verifyElementPresent: Object 'Object Repository/LoggedOutReactPages/CreateAccount/Address_ErrorMessage' is present

2018-05-23 13:14:33 - [MESSAGE][WARNING] - Timeout '0' is invalid. Using default page load timeout: '30'

2018-05-23 13:14:33 - [MESSAGE][PASSED] - Object 'Object Repository/LoggedOutReactPages/CreateAccount/Address_ErrorMessage' is present

2018-05-23 13:14:33 - [TEST_STEP][PASSED] - verifyElementText: Actual text and expected text of test object 'Object Repository/LoggedOutReactPages/CreateAccount/Address_ErrorMessage' are matched.

2018-05-23 13:14:33 - [MESSAGE][PASSED] - Actual text and expected text of test object 'Object Repository/LoggedOutReactPages/CreateAccount/Address_ErrorMessage' are matched.

2018-05-23 13:14:33 - [TEST_STEP][PASSED] - verifyElementPresent: Object 'Object Repository/LoggedOutReactPages/CreateAccount/City_ErrorMessage' is present

2018-05-23 13:14:33 - [MESSAGE][WARNING] - Timeout '0' is invalid. Using default page load timeout: '30'

2018-05-23 13:14:33 - [MESSAGE][PASSED] - Object 'Object Repository/LoggedOutReactPages/CreateAccount/City_ErrorMessage' is present

2018-05-23 13:14:33 - [TEST_STEP][PASSED] - verifyElementText: Actual text and expected text of test object 'Object Repository/LoggedOutReactPages/CreateAccount/City_ErrorMessage' are matched.

2018-05-23 13:14:33 - [MESSAGE][PASSED] - Actual text and expected text of test object 'Object Repository/LoggedOutReactPages/CreateAccount/City_ErrorMessage' are matched.

2018-05-23 13:14:33 - [TEST_STEP][PASSED] - verifyElementPresent: Object 'Object Repository/LoggedOutReactPages/CreateAccount/State_ErrorMessage' is present

2018-05-23 13:14:33 - [MESSAGE][WARNING] - Timeout '0' is invalid. Using default page load timeout: '30'

2018-05-23 13:14:33 - [MESSAGE][PASSED] - Object 'Object Repository/LoggedOutReactPages/CreateAccount/State_ErrorMessage' is present

2018-05-23 13:14:33 - [TEST_STEP][PASSED] - verifyElementText: Actual text and expected text of test object 'Object Repository/LoggedOutReactPages/CreateAccount/State_ErrorMessage' are matched.

2018-05-23 13:14:34 - [MESSAGE][PASSED] - Actual text and expected text of test object 'Object Repository/LoggedOutReactPages/CreateAccount/State_ErrorMessage' are matched.

2018-05-23 13:14:34 - [TEST_STEP][PASSED] - verifyElementPresent: Object 'Object Repository/LoggedOutReactPages/CreateAccount/Zip_ErrorMessage' is present

2018-05-23 13:14:34 - [MESSAGE][WARNING] - Timeout '0' is invalid. Using default page load timeout: '30'

2018-05-23 13:14:34 - [MESSAGE][PASSED] - Object 'Object Repository/LoggedOutReactPages/CreateAccount/Zip_ErrorMessage' is present

2018-05-23 13:14:34 - [TEST_STEP][PASSED] - verifyElementText: Actual text and expected text of test object 'Object Repository/LoggedOutReactPages/CreateAccount/Zip_ErrorMessage' are matched.

2018-05-23 13:14:34 - [MESSAGE][PASSED] - Actual text and expected text of test object 'Object Repository/LoggedOutReactPages/CreateAccount/Zip_ErrorMessage' are matched.

2018-05-23 13:14:34 - [TEST_STEP][PASSED] - verifyElementPresent: Object 'Object Repository/LoggedOutReactPages/CreateAccount/Phone_ErrorMessage' is present

2018-05-23 13:14:34 - [MESSAGE][WARNING] - Timeout '0' is invalid. Using default page load timeout: '30'

2018-05-23 13:14:34 - [MESSAGE][PASSED] - Object 'Object Repository/LoggedOutReactPages/CreateAccount/Phone_ErrorMessage' is present

2018-05-23 13:14:34 - [TEST_STEP][PASSED] - verifyElementText: Actual text and expected text of test object 'Object Repository/LoggedOutReactPages/CreateAccount/Phone_ErrorMessage' are matched.

2018-05-23 13:14:34 - [MESSAGE][PASSED] - Actual text and expected text of test object 'Object Repository/LoggedOutReactPages/CreateAccount/Phone_ErrorMessage' are matched.

2018-05-23 13:14:34 - [TEST_STEP][PASSED] - verifyElementPresent: Object 'Object Repository/LoggedOutReactPages/CreateAccount/BillingFirstName_ErrorMessage' is present

2018-05-23 13:14:34 - [MESSAGE][WARNING] - Timeout '0' is invalid. Using default page load timeout: '30'

2018-05-23 13:14:34 - [MESSAGE][PASSED] - Object 'Object Repository/LoggedOutReactPages/CreateAccount/BillingFirstName_ErrorMessage' is present

2018-05-23 13:14:34 - [TEST_STEP][PASSED] - verifyElementText: Actual text and expected text of test object 'Object Repository/LoggedOutReactPages/CreateAccount/BillingFirstName_ErrorMessage' are matched.

2018-05-23 13:14:34 - [MESSAGE][PASSED] - Actual text and expected text of test object 'Object Repository/LoggedOutReactPages/CreateAccount/BillingFirstName_ErrorMessage' are matched.

2018-05-23 13:14:34 - [TEST_STEP][PASSED] - verifyElementPresent: Object 'Object Repository/LoggedOutReactPages/CreateAccount/BillingLastName_ErrorMessage' is present

2018-05-23 13:14:34 - [MESSAGE][WARNING] - Timeout '0' is invalid. Using default page load timeout: '30'

2018-05-23 13:14:34 - [MESSAGE][PASSED] - Object 'Object Repository/LoggedOutReactPages/CreateAccount/BillingLastName_ErrorMessage' is present

2018-05-23 13:14:34 - [TEST_STEP][PASSED] - verifyElementText: Actual text and expected text of test object 'Object Repository/LoggedOutReactPages/CreateAccount/BillingLastName_ErrorMessage' are matched.

2018-05-23 13:14:35 - [MESSAGE][PASSED] - Actual text and expected text of test object 'Object Repository/LoggedOutReactPages/CreateAccount/BillingLastName_ErrorMessage' are matched.

2018-05-23 13:14:35 - [TEST_STEP][PASSED] - verifyElementPresent: Object 'Object Repository/LoggedOutReactPages/CreateAccount/BillingAddress_ErrorMessage' is present

2018-05-23 13:14:35 - [MESSAGE][WARNING] - Timeout '0' is invalid. Using default page load timeout: '30'

2018-05-23 13:14:35 - [MESSAGE][PASSED] - Object 'Object Repository/LoggedOutReactPages/CreateAccount/BillingAddress_ErrorMessage' is present

2018-05-23 13:14:35 - [TEST_STEP][PASSED] - verifyElementText: Actual text and expected text of test object 'Object Repository/LoggedOutReactPages/CreateAccount/BillingAddress_ErrorMessage' are matched.

2018-05-23 13:14:35 - [MESSAGE][PASSED] - Actual text and expected text of test object 'Object Repository/LoggedOutReactPages/CreateAccount/BillingAddress_ErrorMessage' are matched.

2018-05-23 13:14:35 - [TEST_STEP][PASSED] - verifyElementPresent: Object 'Object Repository/LoggedOutReactPages/CreateAccount/BillingZip_ErrorMessage' is present

2018-05-23 13:14:35 - [MESSAGE][WARNING] - Timeout '0' is invalid. Using default page load timeout: '30'

2018-05-23 13:14:35 - [MESSAGE][PASSED] - Object 'Object Repository/LoggedOutReactPages/CreateAccount/BillingZip_ErrorMessage' is present

2018-05-23 13:14:35 - [TEST_STEP][PASSED] - verifyElementText: Actual text and expected text of test object 'Object Repository/LoggedOutReactPages/CreateAccount/BillingZip_ErrorMessage' are matched.

2018-05-23 13:14:35 - [MESSAGE][PASSED] - Actual text and expected text of test object 'Object Repository/LoggedOutReactPages/CreateAccount/BillingZip_ErrorMessage' are matched.

2018-05-23 13:14:35 - [TEST_STEP][PASSED] - verifyElementPresent: Object 'Object Repository/LoggedOutReactPages/CreateAccount/CC_ErrorMessage' is present

2018-05-23 13:14:35 - [MESSAGE][WARNING] - Timeout '0' is invalid. Using default page load timeout: '30'

2018-05-23 13:14:35 - [MESSAGE][PASSED] - Object 'Object Repository/LoggedOutReactPages/CreateAccount/CC_ErrorMessage' is present

2018-05-23 13:14:35 - [TEST_STEP][PASSED] - verifyElementText: Actual text and expected text of test object 'Object Repository/LoggedOutReactPages/CreateAccount/CC_ErrorMessage' are matched.

2018-05-23 13:14:36 - [MESSAGE][PASSED] - Actual text and expected text of test object 'Object Repository/LoggedOutReactPages/CreateAccount/CC_ErrorMessage' are matched.

2018-05-23 13:14:36 - [TEST_STEP][PASSED] - verifyElementPresent: Object 'Object Repository/LoggedOutReactPages/CreateAccount/ExpirationMonth_ErrorMessage' is present

2018-05-23 13:14:36 - [MESSAGE][WARNING] - Timeout '0' is invalid. Using default page load timeout: '30'

2018-05-23 13:14:36 - [MESSAGE][PASSED] - Object 'Object Repository/LoggedOutReactPages/CreateAccount/ExpirationMonth_ErrorMessage' is present

2018-05-23 13:14:36 - [TEST_STEP][PASSED] - verifyElementText: Actual text and expected text of test object 'Object Repository/LoggedOutReactPages/CreateAccount/ExpirationMonth_ErrorMessage' are matched.

2018-05-23 13:14:36 - [MESSAGE][PASSED] - Actual text and expected text of test object 'Object Repository/LoggedOutReactPages/CreateAccount/ExpirationMonth_ErrorMessage' are matched.

2018-05-23 13:14:36 - [TEST_STEP][PASSED] - verifyElementPresent: Object 'Object Repository/LoggedOutReactPages/CreateAccount/CVV_ErrorMessage' is present

2018-05-23 13:14:36 - [MESSAGE][WARNING] - Timeout '0' is invalid. Using default page load timeout: '30'

2018-05-23 13:14:36 - [MESSAGE][PASSED] - Object 'Object Repository/LoggedOutReactPages/CreateAccount/CVV_ErrorMessage' is present

2018-05-23 13:14:36 - [TEST_STEP][PASSED] - verifyElementText: Actual text and expected text of test object 'Object Repository/LoggedOutReactPages/CreateAccount/CVV_ErrorMessage' are matched.

2018-05-23 13:14:36 - [MESSAGE][PASSED] - Actual text and expected text of test object 'Object Repository/LoggedOutReactPages/CreateAccount/CVV_ErrorMessage' are matched.

2018-05-23 13:14:36 - [TEST_STEP][PASSED] - verifyElementPresent: Object 'Object Repository/LoggedOutReactPages/CreateAccount/ExpirationYear_ErrorMessage' is present

2018-05-23 13:14:36 - [MESSAGE][WARNING] - Timeout '0' is invalid. Using default page load timeout: '30'

2018-05-23 13:14:37 - [MESSAGE][PASSED] - Object 'Object Repository/LoggedOutReactPages/CreateAccount/ExpirationYear_ErrorMessage' is present

2018-05-23 13:14:37 - [TEST_STEP][PASSED] - verifyElementText: Actual text and expected text of test object 'Object Repository/LoggedOutReactPages/CreateAccount/ExpirationYear_ErrorMessage' are matched.

2018-05-23 13:14:37 - [MESSAGE][PASSED] - Actual text and expected text of test object 'Object Repository/LoggedOutReactPages/CreateAccount/ExpirationYear_ErrorMessage' are matched.

2018-05-23 13:14:37 - [TEST_STEP][PASSED] - verifyElementPresent: Object 'Object Repository/LoggedOutReactPages/CreateAccount/Email_ErrorMessage' is present

2018-05-23 13:14:37 - [MESSAGE][WARNING] - Timeout '0' is invalid. Using default page load timeout: '30'

2018-05-23 13:14:37 - [MESSAGE][PASSED] - Object 'Object Repository/LoggedOutReactPages/CreateAccount/Email_ErrorMessage' is present

2018-05-23 13:14:37 - [TEST_STEP][PASSED] - verifyElementText: Actual text and expected text of test object 'Object Repository/LoggedOutReactPages/CreateAccount/Email_ErrorMessage' are matched.

2018-05-23 13:14:37 - [MESSAGE][PASSED] - Actual text and expected text of test object 'Object Repository/LoggedOutReactPages/CreateAccount/Email_ErrorMessage' are matched.

2018-05-23 13:14:37 - [TEST_STEP][PASSED] - verifyElementPresent: Object 'Object Repository/LoggedOutReactPages/CreateAccount/Password_ErrorMessage' is present

2018-05-23 13:14:37 - [MESSAGE][WARNING] - Timeout '0' is invalid. Using default page load timeout: '30'

2018-05-23 13:14:37 - [MESSAGE][PASSED] - Object 'Object Repository/LoggedOutReactPages/CreateAccount/Password_ErrorMessage' is present

2018-05-23 13:14:38 - [TEST_STEP][PASSED] - verifyElementText: Actual text and expected text of test object 'Object Repository/LoggedOutReactPages/CreateAccount/Password_ErrorMessage' are matched.

2018-05-23 13:14:38 - [MESSAGE][PASSED] - Actual text and expected text of test object 'Object Repository/LoggedOutReactPages/CreateAccount/Password_ErrorMessage' are matched.

2018-05-23 13:14:38 - [TEST_STEP][PASSED] - verifyElementPresent: Object 'Object Repository/LoggedOutReactPages/CreateAccount/AcceptTOS_ErrorMessage' is present

2018-05-23 13:14:38 - [MESSAGE][WARNING] - Timeout '0' is invalid. Using default page load timeout: '30'

2018-05-23 13:14:38 - [MESSAGE][PASSED] - Object 'Object Repository/LoggedOutReactPages/CreateAccount/AcceptTOS_ErrorMessage' is present

2018-05-23 13:14:38 - [TEST_STEP][PASSED] - verifyElementText: Actual text and expected text of test object 'Object Repository/LoggedOutReactPages/CreateAccount/AcceptTOS_ErrorMessage' are matched.

2018-05-23 13:14:38 - [MESSAGE][PASSED] - Actual text and expected text of test object 'Object Repository/LoggedOutReactPages/CreateAccount/AcceptTOS_ErrorMessage' are matched.

2018-05-23 13:14:38 - [TEST_STEP][PASSED] - closeBrowser: Browser is closed

2018-05-23 13:14:39 - [MESSAGE][PASSED] - Browser is closed]]></system-out>
         <system-err><![CDATA[]]></system-err>
      </testcase>
      <testcase name="Test Cases/SignUpConsumer - IncorrectEmail" classname="Test Cases/SignUpConsumer - IncorrectEmail" status="PASSED">
         <system-out><![CDATA[2018-05-23 13:14:39 - [TEST_CASE][PASSED] - Test Cases/SignUpConsumer - IncorrectEmail: Test Cases/SignUpConsumer - IncorrectEmail

2018-05-23 13:14:39 - [TEST_STEP][PASSED] - openBrowser: Browser is opened with url: ''

2018-05-23 13:14:41 - [MESSAGE][PASSED] - Browser is opened with url: ''

2018-05-23 13:14:41 - [TEST_STEP][PASSED] - maximizeWindow: Current window maximized

2018-05-23 13:14:42 - [MESSAGE][PASSED] - Current window maximized

2018-05-23 13:14:42 - [TEST_STEP][PASSED] - Statement - StartURL = com.kms.katalon.core.webui.keyword.WebUiBuiltInKeywords.concatenate([StagingReact, "create-account"]): Concatenated string array: '['https://staging.instavin.com/','create-account']' into 'https://staging.instavin.com/create-account'

2018-05-23 13:14:42 - [MESSAGE][PASSED] - Concatenated string array: '['https://staging.instavin.com/','create-account']' into 'https://staging.instavin.com/create-account'

2018-05-23 13:14:42 - [TEST_STEP][PASSED] - navigateToUrl: Navigate to 'https://staging.instavin.com/create-account' successfully

2018-05-23 13:14:46 - [MESSAGE][PASSED] - Navigate to 'https://staging.instavin.com/create-account' successfully

2018-05-23 13:14:46 - [TEST_STEP][PASSED] - verifyElementText: Actual text and expected text of test object 'Object Repository/LoggedOutReactPages/CreateAccount/Copy_Label' are matched.

2018-05-23 13:14:46 - [MESSAGE][PASSED] - Actual text and expected text of test object 'Object Repository/LoggedOutReactPages/CreateAccount/Copy_Label' are matched.

2018-05-23 13:14:46 - [TEST_STEP][PASSED] - verifyTextPresent: Text 'Buyer Information' is present on page 

2018-05-23 13:14:47 - [MESSAGE][PASSED] - Text 'Buyer Information' is present on page 

2018-05-23 13:14:47 - [TEST_STEP][PASSED] - Statement - now = new java.util.Date(): null

2018-05-23 13:14:47 - [TEST_STEP][PASSED] - Statement - rnd = now.format("yyyyMMddHHmmssSSS").toString(): null

2018-05-23 13:14:47 - [TEST_STEP][PASSED] - Statement - email = com.kms.katalon.core.webui.keyword.WebUiBuiltInKeywords.concatenate([rnd, "@mailinator.com"]): Concatenated string array: '['20180523131447138','@mailinator.com']' into '20180523131447138@mailinator.com'

2018-05-23 13:14:47 - [MESSAGE][PASSED] - Concatenated string array: '['20180523131447138','@mailinator.com']' into '20180523131447138@mailinator.com'

2018-05-23 13:14:47 - [TEST_STEP][PASSED] - setText: Text '20180523131447138' is set on object 'Object Repository/LoggedOutReactPages/CreateAccount/Email_Input'

2018-05-23 13:14:47 - [MESSAGE][PASSED] - Text '20180523131447138' is set on object 'Object Repository/LoggedOutReactPages/CreateAccount/Email_Input'

2018-05-23 13:14:47 - [TEST_STEP][PASSED] - setText: Text 'test' is set on object 'Object Repository/LoggedOutReactPages/CreateAccount/ConfirmEmail_Input'

2018-05-23 13:14:47 - [MESSAGE][PASSED] - Text 'test' is set on object 'Object Repository/LoggedOutReactPages/CreateAccount/ConfirmEmail_Input'

2018-05-23 13:14:47 - [TEST_STEP][PASSED] - click: Object: 'Object Repository/LoggedOutReactPages/CreateAccount/Password_Input' is clicked on

2018-05-23 13:14:47 - [MESSAGE][PASSED] - Object: 'Object Repository/LoggedOutReactPages/CreateAccount/Password_Input' is clicked on

2018-05-23 13:14:47 - [TEST_STEP][PASSED] - verifyElementPresent: Object 'Object Repository/LoggedOutReactPages/CreateAccount/Email_ErrorMessage' is present

2018-05-23 13:14:47 - [MESSAGE][WARNING] - Timeout '0' is invalid. Using default page load timeout: '30'

2018-05-23 13:14:47 - [MESSAGE][PASSED] - Object 'Object Repository/LoggedOutReactPages/CreateAccount/Email_ErrorMessage' is present

2018-05-23 13:14:47 - [TEST_STEP][PASSED] - verifyElementText: Actual text and expected text of test object 'Object Repository/LoggedOutReactPages/CreateAccount/Email_ErrorMessage' are matched.

2018-05-23 13:14:47 - [MESSAGE][PASSED] - Actual text and expected text of test object 'Object Repository/LoggedOutReactPages/CreateAccount/Email_ErrorMessage' are matched.

2018-05-23 13:14:47 - [TEST_STEP][PASSED] - verifyElementPresent: Object 'Object Repository/LoggedOutReactPages/CreateAccount/ConfirmEmail_ErrorMessage' is present

2018-05-23 13:14:47 - [MESSAGE][WARNING] - Timeout '0' is invalid. Using default page load timeout: '30'

2018-05-23 13:14:47 - [MESSAGE][PASSED] - Object 'Object Repository/LoggedOutReactPages/CreateAccount/ConfirmEmail_ErrorMessage' is present

2018-05-23 13:14:47 - [TEST_STEP][PASSED] - verifyElementText: Actual text and expected text of test object 'Object Repository/LoggedOutReactPages/CreateAccount/ConfirmEmail_ErrorMessage' are matched.

2018-05-23 13:14:48 - [MESSAGE][PASSED] - Actual text and expected text of test object 'Object Repository/LoggedOutReactPages/CreateAccount/ConfirmEmail_ErrorMessage' are matched.

2018-05-23 13:14:48 - [TEST_STEP][PASSED] - setText: Text '20180523131447138@mailinator.com' is set on object 'Object Repository/LoggedOutReactPages/CreateAccount/Email_Input'

2018-05-23 13:14:48 - [MESSAGE][PASSED] - Text '20180523131447138@mailinator.com' is set on object 'Object Repository/LoggedOutReactPages/CreateAccount/Email_Input'

2018-05-23 13:14:48 - [TEST_STEP][PASSED] - click: Object: 'Object Repository/LoggedOutReactPages/CreateAccount/Password_Input' is clicked on

2018-05-23 13:14:48 - [MESSAGE][PASSED] - Object: 'Object Repository/LoggedOutReactPages/CreateAccount/Password_Input' is clicked on

2018-05-23 13:14:48 - [TEST_STEP][PASSED] - verifyElementNotPresent: Web element with id: 'Object Repository/LoggedOutReactPages/CreateAccount/Email_ErrorMessage' located by 'By.xpath: //html//div[@id='AccountInfo']/div[1]/div[1]/div[2]/span[1]/span[1]' is not present after '30' second(s)

2018-05-23 13:14:48 - [MESSAGE][WARNING] - Timeout '0' is invalid. Using default page load timeout: '30'

2018-05-23 13:14:48 - [MESSAGE][PASSED] - Web element with id: 'Object Repository/LoggedOutReactPages/CreateAccount/Email_ErrorMessage' located by 'By.xpath: //html//div[@id='AccountInfo']/div[1]/div[1]/div[2]/span[1]/span[1]' is not present after '30' second(s)

2018-05-23 13:14:48 - [TEST_STEP][PASSED] - verifyElementPresent: Object 'Object Repository/LoggedOutReactPages/CreateAccount/ConfirmEmail_ErrorMessage' is present

2018-05-23 13:14:48 - [MESSAGE][WARNING] - Timeout '0' is invalid. Using default page load timeout: '30'

2018-05-23 13:14:49 - [MESSAGE][PASSED] - Object 'Object Repository/LoggedOutReactPages/CreateAccount/ConfirmEmail_ErrorMessage' is present

2018-05-23 13:14:49 - [TEST_STEP][PASSED] - verifyElementText: Actual text and expected text of test object 'Object Repository/LoggedOutReactPages/CreateAccount/ConfirmEmail_ErrorMessage' are matched.

2018-05-23 13:14:49 - [MESSAGE][PASSED] - Actual text and expected text of test object 'Object Repository/LoggedOutReactPages/CreateAccount/ConfirmEmail_ErrorMessage' are matched.

2018-05-23 13:14:49 - [TEST_STEP][PASSED] - setText: Text '20180523131447138@mailinator.com' is set on object 'Object Repository/LoggedOutReactPages/CreateAccount/ConfirmEmail_Input'

2018-05-23 13:14:49 - [MESSAGE][PASSED] - Text '20180523131447138@mailinator.com' is set on object 'Object Repository/LoggedOutReactPages/CreateAccount/ConfirmEmail_Input'

2018-05-23 13:14:49 - [TEST_STEP][PASSED] - click: Object: 'Object Repository/LoggedOutReactPages/CreateAccount/Password_Input' is clicked on

2018-05-23 13:14:49 - [MESSAGE][PASSED] - Object: 'Object Repository/LoggedOutReactPages/CreateAccount/Password_Input' is clicked on

2018-05-23 13:14:49 - [TEST_STEP][PASSED] - verifyElementNotPresent: Web element with id: 'Object Repository/LoggedOutReactPages/CreateAccount/Email_ErrorMessage' located by 'By.xpath: //html//div[@id='AccountInfo']/div[1]/div[1]/div[2]/span[1]/span[1]' is not present after '30' second(s)

2018-05-23 13:14:49 - [MESSAGE][WARNING] - Timeout '0' is invalid. Using default page load timeout: '30'

2018-05-23 13:14:49 - [MESSAGE][PASSED] - Web element with id: 'Object Repository/LoggedOutReactPages/CreateAccount/Email_ErrorMessage' located by 'By.xpath: //html//div[@id='AccountInfo']/div[1]/div[1]/div[2]/span[1]/span[1]' is not present after '30' second(s)

2018-05-23 13:14:49 - [TEST_STEP][PASSED] - verifyElementNotPresent: Web element with id: 'Object Repository/LoggedOutReactPages/CreateAccount/ConfirmEmail_ErrorMessage' located by 'By.xpath: //span[contains(text(),'Does not match the Email Address')]' is not present after '30' second(s)

2018-05-23 13:14:49 - [MESSAGE][WARNING] - Timeout '0' is invalid. Using default page load timeout: '30'

2018-05-23 13:14:49 - [MESSAGE][PASSED] - Web element with id: 'Object Repository/LoggedOutReactPages/CreateAccount/ConfirmEmail_ErrorMessage' located by 'By.xpath: //span[contains(text(),'Does not match the Email Address')]' is not present after '30' second(s)

2018-05-23 13:14:49 - [TEST_STEP][PASSED] - closeBrowser: Browser is closed

2018-05-23 13:14:50 - [MESSAGE][PASSED] - Browser is closed]]></system-out>
         <system-err><![CDATA[]]></system-err>
      </testcase>
      <testcase name="Test Cases/SignUpConsumer - ShortAndMissmatchedPass" classname="Test Cases/SignUpConsumer - ShortAndMissmatchedPass" status="PASSED">
         <system-out><![CDATA[2018-05-23 13:14:50 - [TEST_CASE][PASSED] - Test Cases/SignUpConsumer - ShortAndMissmatchedPass: Test Cases/SignUpConsumer - ShortAndMissmatchedPass

2018-05-23 13:14:50 - [TEST_STEP][PASSED] - openBrowser: Browser is opened with url: ''

2018-05-23 13:14:53 - [MESSAGE][PASSED] - Browser is opened with url: ''

2018-05-23 13:14:53 - [TEST_STEP][PASSED] - maximizeWindow: Current window maximized

2018-05-23 13:14:54 - [MESSAGE][PASSED] - Current window maximized

2018-05-23 13:14:54 - [TEST_STEP][PASSED] - Statement - StartURL = com.kms.katalon.core.webui.keyword.WebUiBuiltInKeywords.concatenate([StagingReact, "create-account"]): Concatenated string array: '['https://staging.instavin.com/','create-account']' into 'https://staging.instavin.com/create-account'

2018-05-23 13:14:54 - [MESSAGE][PASSED] - Concatenated string array: '['https://staging.instavin.com/','create-account']' into 'https://staging.instavin.com/create-account'

2018-05-23 13:14:54 - [TEST_STEP][PASSED] - navigateToUrl: Navigate to 'https://staging.instavin.com/create-account' successfully

2018-05-23 13:14:57 - [MESSAGE][PASSED] - Navigate to 'https://staging.instavin.com/create-account' successfully

2018-05-23 13:14:57 - [TEST_STEP][PASSED] - verifyElementText: Actual text and expected text of test object 'Object Repository/LoggedOutReactPages/CreateAccount/Copy_Label' are matched.

2018-05-23 13:14:57 - [MESSAGE][PASSED] - Actual text and expected text of test object 'Object Repository/LoggedOutReactPages/CreateAccount/Copy_Label' are matched.

2018-05-23 13:14:57 - [TEST_STEP][PASSED] - verifyTextPresent: Text 'Buyer Information' is present on page 

2018-05-23 13:14:57 - [MESSAGE][PASSED] - Text 'Buyer Information' is present on page 

2018-05-23 13:14:57 - [TEST_STEP][PASSED] - setText: Text '11' is set on object 'Object Repository/LoggedOutReactPages/CreateAccount/Password_Input'

2018-05-23 13:14:58 - [MESSAGE][PASSED] - Text '11' is set on object 'Object Repository/LoggedOutReactPages/CreateAccount/Password_Input'

2018-05-23 13:14:58 - [TEST_STEP][PASSED] - click: Object: 'Object Repository/LoggedOutReactPages/CreateAccount/Email_Input' is clicked on

2018-05-23 13:14:58 - [MESSAGE][PASSED] - Object: 'Object Repository/LoggedOutReactPages/CreateAccount/Email_Input' is clicked on

2018-05-23 13:14:58 - [TEST_STEP][PASSED] - verifyElementPresent: Object 'Object Repository/LoggedOutReactPages/CreateAccount/Password_ErrorMessage' is present

2018-05-23 13:14:58 - [MESSAGE][WARNING] - Timeout '0' is invalid. Using default page load timeout: '30'

2018-05-23 13:14:58 - [MESSAGE][PASSED] - Object 'Object Repository/LoggedOutReactPages/CreateAccount/Password_ErrorMessage' is present

2018-05-23 13:14:58 - [TEST_STEP][PASSED] - verifyElementText: Actual text and expected text of test object 'Object Repository/LoggedOutReactPages/CreateAccount/Password_ErrorMessage' are matched.

2018-05-23 13:14:58 - [MESSAGE][PASSED] - Actual text and expected text of test object 'Object Repository/LoggedOutReactPages/CreateAccount/Password_ErrorMessage' are matched.

2018-05-23 13:14:58 - [TEST_STEP][PASSED] - verifyElementNotPresent: Web element with id: 'Object Repository/LoggedOutReactPages/CreateAccount/ConfirmPassword_ErrorMessage' located by 'By.xpath: //div[@id='AccountInfo']//div[@class='FormSectionContainer']//div[@class='FieldComboBox Clear']//div[@class='Field_Standard']//span[@class='field-validation-error']//span' is not present after '30' second(s)

2018-05-23 13:14:58 - [MESSAGE][WARNING] - Timeout '0' is invalid. Using default page load timeout: '30'

2018-05-23 13:14:58 - [MESSAGE][PASSED] - Web element with id: 'Object Repository/LoggedOutReactPages/CreateAccount/ConfirmPassword_ErrorMessage' located by 'By.xpath: //div[@id='AccountInfo']//div[@class='FormSectionContainer']//div[@class='FieldComboBox Clear']//div[@class='Field_Standard']//span[@class='field-validation-error']//span' is not present after '30' second(s)

2018-05-23 13:14:58 - [TEST_STEP][PASSED] - setText: Text '111111' is set on object 'Object Repository/LoggedOutReactPages/CreateAccount/Password_Input'

2018-05-23 13:14:58 - [MESSAGE][PASSED] - Text '111111' is set on object 'Object Repository/LoggedOutReactPages/CreateAccount/Password_Input'

2018-05-23 13:14:58 - [TEST_STEP][PASSED] - click: Object: 'Object Repository/LoggedOutReactPages/CreateAccount/Email_Input' is clicked on

2018-05-23 13:14:58 - [MESSAGE][PASSED] - Object: 'Object Repository/LoggedOutReactPages/CreateAccount/Email_Input' is clicked on

2018-05-23 13:14:58 - [TEST_STEP][PASSED] - verifyElementNotPresent: Web element with id: 'Object Repository/LoggedOutReactPages/CreateAccount/Password_ErrorMessage' located by 'By.xpath: //html//div[@id='AccountInfo']/div[2]/div[1]/div[2]/span[1]/span[1]' is not present after '30' second(s)

2018-05-23 13:14:58 - [MESSAGE][WARNING] - Timeout '0' is invalid. Using default page load timeout: '30'

2018-05-23 13:14:58 - [MESSAGE][PASSED] - Web element with id: 'Object Repository/LoggedOutReactPages/CreateAccount/Password_ErrorMessage' located by 'By.xpath: //html//div[@id='AccountInfo']/div[2]/div[1]/div[2]/span[1]/span[1]' is not present after '30' second(s)

2018-05-23 13:14:58 - [TEST_STEP][PASSED] - verifyElementNotPresent: Web element with id: 'Object Repository/LoggedOutReactPages/CreateAccount/ConfirmPassword_ErrorMessage' located by 'By.xpath: //div[@id='AccountInfo']//div[@class='FormSectionContainer']//div[@class='FieldComboBox Clear']//div[@class='Field_Standard']//span[@class='field-validation-error']//span' is not present after '30' second(s)

2018-05-23 13:14:58 - [MESSAGE][WARNING] - Timeout '0' is invalid. Using default page load timeout: '30'

2018-05-23 13:14:58 - [MESSAGE][PASSED] - Web element with id: 'Object Repository/LoggedOutReactPages/CreateAccount/ConfirmPassword_ErrorMessage' located by 'By.xpath: //div[@id='AccountInfo']//div[@class='FormSectionContainer']//div[@class='FieldComboBox Clear']//div[@class='Field_Standard']//span[@class='field-validation-error']//span' is not present after '30' second(s)

2018-05-23 13:14:58 - [TEST_STEP][PASSED] - setText: Text '11' is set on object 'Object Repository/LoggedOutReactPages/CreateAccount/ConfirmPassword_Input'

2018-05-23 13:14:58 - [MESSAGE][PASSED] - Text '11' is set on object 'Object Repository/LoggedOutReactPages/CreateAccount/ConfirmPassword_Input'

2018-05-23 13:14:58 - [TEST_STEP][PASSED] - click: Object: 'Object Repository/LoggedOutReactPages/CreateAccount/Email_Input' is clicked on

2018-05-23 13:14:59 - [MESSAGE][PASSED] - Object: 'Object Repository/LoggedOutReactPages/CreateAccount/Email_Input' is clicked on

2018-05-23 13:14:59 - [TEST_STEP][PASSED] - verifyElementNotPresent: Web element with id: 'Object Repository/LoggedOutReactPages/CreateAccount/Password_ErrorMessage' located by 'By.xpath: //html//div[@id='AccountInfo']/div[2]/div[1]/div[2]/span[1]/span[1]' is not present after '30' second(s)

2018-05-23 13:14:59 - [MESSAGE][WARNING] - Timeout '0' is invalid. Using default page load timeout: '30'

2018-05-23 13:14:59 - [MESSAGE][PASSED] - Web element with id: 'Object Repository/LoggedOutReactPages/CreateAccount/Password_ErrorMessage' located by 'By.xpath: //html//div[@id='AccountInfo']/div[2]/div[1]/div[2]/span[1]/span[1]' is not present after '30' second(s)

2018-05-23 13:14:59 - [TEST_STEP][PASSED] - verifyElementPresent: Object 'Object Repository/LoggedOutReactPages/CreateAccount/ConfirmPassword_ErrorMessage' is present

2018-05-23 13:14:59 - [MESSAGE][WARNING] - Timeout '0' is invalid. Using default page load timeout: '30'

2018-05-23 13:14:59 - [MESSAGE][PASSED] - Object 'Object Repository/LoggedOutReactPages/CreateAccount/ConfirmPassword_ErrorMessage' is present

2018-05-23 13:14:59 - [TEST_STEP][PASSED] - verifyElementText: Actual text and expected text of test object 'Object Repository/LoggedOutReactPages/CreateAccount/ConfirmPassword_ErrorMessage' are matched.

2018-05-23 13:14:59 - [MESSAGE][PASSED] - Actual text and expected text of test object 'Object Repository/LoggedOutReactPages/CreateAccount/ConfirmPassword_ErrorMessage' are matched.

2018-05-23 13:14:59 - [TEST_STEP][PASSED] - setText: Text '111111' is set on object 'Object Repository/LoggedOutReactPages/CreateAccount/ConfirmPassword_Input'

2018-05-23 13:14:59 - [MESSAGE][PASSED] - Text '111111' is set on object 'Object Repository/LoggedOutReactPages/CreateAccount/ConfirmPassword_Input'

2018-05-23 13:14:59 - [TEST_STEP][PASSED] - click: Object: 'Object Repository/LoggedOutReactPages/CreateAccount/Email_Input' is clicked on

2018-05-23 13:14:59 - [MESSAGE][PASSED] - Object: 'Object Repository/LoggedOutReactPages/CreateAccount/Email_Input' is clicked on

2018-05-23 13:14:59 - [TEST_STEP][PASSED] - verifyElementNotPresent: Web element with id: 'Object Repository/LoggedOutReactPages/CreateAccount/Password_ErrorMessage' located by 'By.xpath: //html//div[@id='AccountInfo']/div[2]/div[1]/div[2]/span[1]/span[1]' is not present after '30' second(s)

2018-05-23 13:14:59 - [MESSAGE][WARNING] - Timeout '0' is invalid. Using default page load timeout: '30'

2018-05-23 13:14:59 - [MESSAGE][PASSED] - Web element with id: 'Object Repository/LoggedOutReactPages/CreateAccount/Password_ErrorMessage' located by 'By.xpath: //html//div[@id='AccountInfo']/div[2]/div[1]/div[2]/span[1]/span[1]' is not present after '30' second(s)

2018-05-23 13:15:00 - [TEST_STEP][PASSED] - verifyElementNotPresent: Web element with id: 'Object Repository/LoggedOutReactPages/CreateAccount/ConfirmPassword_ErrorMessage' located by 'By.xpath: //div[@id='AccountInfo']//div[@class='FormSectionContainer']//div[@class='FieldComboBox Clear']//div[@class='Field_Standard']//span[@class='field-validation-error']//span' is not present after '30' second(s)

2018-05-23 13:15:00 - [MESSAGE][WARNING] - Timeout '0' is invalid. Using default page load timeout: '30'

2018-05-23 13:15:00 - [MESSAGE][PASSED] - Web element with id: 'Object Repository/LoggedOutReactPages/CreateAccount/ConfirmPassword_ErrorMessage' located by 'By.xpath: //div[@id='AccountInfo']//div[@class='FormSectionContainer']//div[@class='FieldComboBox Clear']//div[@class='Field_Standard']//span[@class='field-validation-error']//span' is not present after '30' second(s)

2018-05-23 13:15:00 - [TEST_STEP][PASSED] - closeBrowser: Browser is closed

2018-05-23 13:15:00 - [MESSAGE][PASSED] - Browser is closed]]></system-out>
         <system-err><![CDATA[]]></system-err>
      </testcase>
      <testcase name="Test Cases/SignUpConsumer - CopyBuyer" classname="Test Cases/SignUpConsumer - CopyBuyer" status="PASSED">
         <system-out><![CDATA[2018-05-23 13:15:00 - [TEST_CASE][PASSED] - Test Cases/SignUpConsumer - CopyBuyer: Test Cases/SignUpConsumer - CopyBuyer

2018-05-23 13:15:01 - [TEST_STEP][PASSED] - openBrowser: Browser is opened with url: ''

2018-05-23 13:15:03 - [MESSAGE][PASSED] - Browser is opened with url: ''

2018-05-23 13:15:03 - [TEST_STEP][PASSED] - maximizeWindow: Current window maximized

2018-05-23 13:15:04 - [MESSAGE][PASSED] - Current window maximized

2018-05-23 13:15:04 - [TEST_STEP][PASSED] - Statement - StartURL = com.kms.katalon.core.webui.keyword.WebUiBuiltInKeywords.concatenate([StagingReact, "create-account"]): Concatenated string array: '['https://staging.instavin.com/','create-account']' into 'https://staging.instavin.com/create-account'

2018-05-23 13:15:04 - [MESSAGE][PASSED] - Concatenated string array: '['https://staging.instavin.com/','create-account']' into 'https://staging.instavin.com/create-account'

2018-05-23 13:15:04 - [TEST_STEP][PASSED] - navigateToUrl: Navigate to 'https://staging.instavin.com/create-account' successfully

2018-05-23 13:15:07 - [MESSAGE][PASSED] - Navigate to 'https://staging.instavin.com/create-account' successfully

2018-05-23 13:15:07 - [TEST_STEP][PASSED] - verifyElementText: Actual text and expected text of test object 'Object Repository/LoggedOutReactPages/CreateAccount/Copy_Label' are matched.

2018-05-23 13:15:08 - [MESSAGE][PASSED] - Actual text and expected text of test object 'Object Repository/LoggedOutReactPages/CreateAccount/Copy_Label' are matched.

2018-05-23 13:15:08 - [TEST_STEP][PASSED] - verifyTextPresent: Text 'Buyer Information' is present on page 

2018-05-23 13:15:08 - [MESSAGE][PASSED] - Text 'Buyer Information' is present on page 

2018-05-23 13:15:08 - [TEST_STEP][PASSED] - verifyElementText: Actual text and expected text of test object 'Object Repository/LoggedOutReactPages/CreateAccount/Name_Label' are matched.

2018-05-23 13:15:08 - [MESSAGE][PASSED] - Actual text and expected text of test object 'Object Repository/LoggedOutReactPages/CreateAccount/Name_Label' are matched.

2018-05-23 13:15:08 - [TEST_STEP][PASSED] - verifyElementText: Actual text and expected text of test object 'Object Repository/LoggedOutReactPages/CreateAccount/Address_Label' are matched.

2018-05-23 13:15:08 - [MESSAGE][PASSED] - Actual text and expected text of test object 'Object Repository/LoggedOutReactPages/CreateAccount/Address_Label' are matched.

2018-05-23 13:15:08 - [TEST_STEP][PASSED] - setText: Text 'Consumer' is set on object 'Object Repository/LoggedOutReactPages/CreateAccount/FirstName_Input'

2018-05-23 13:15:08 - [MESSAGE][PASSED] - Text 'Consumer' is set on object 'Object Repository/LoggedOutReactPages/CreateAccount/FirstName_Input'

2018-05-23 13:15:08 - [TEST_STEP][PASSED] - setText: Text 'Last' is set on object 'Object Repository/LoggedOutReactPages/CreateAccount/LastName_Input'

2018-05-23 13:15:08 - [MESSAGE][PASSED] - Text 'Last' is set on object 'Object Repository/LoggedOutReactPages/CreateAccount/LastName_Input'

2018-05-23 13:15:08 - [TEST_STEP][PASSED] - setText: Text 'TestAddress' is set on object 'Object Repository/LoggedOutReactPages/CreateAccount/Address_Input'

2018-05-23 13:15:09 - [MESSAGE][PASSED] - Text 'TestAddress' is set on object 'Object Repository/LoggedOutReactPages/CreateAccount/Address_Input'

2018-05-23 13:15:09 - [TEST_STEP][PASSED] - setText: Text 'Autotest' is set on object 'Object Repository/LoggedOutReactPages/CreateAccount/City_Input'

2018-05-23 13:15:09 - [MESSAGE][PASSED] - Text 'Autotest' is set on object 'Object Repository/LoggedOutReactPages/CreateAccount/City_Input'

2018-05-23 13:15:09 - [TEST_STEP][PASSED] - selectOptionByValue: All options with value 'CA' are selected in object 'Object Repository/LoggedOutReactPages/CreateAccount/State_Dropdown' 

2018-05-23 13:15:09 - [MESSAGE][PASSED] - All options with value 'CA' are selected in object 'Object Repository/LoggedOutReactPages/CreateAccount/State_Dropdown' 

2018-05-23 13:15:09 - [TEST_STEP][PASSED] - setText: Text '11111' is set on object 'Object Repository/LoggedOutReactPages/CreateAccount/Zip_Input'

2018-05-23 13:15:09 - [MESSAGE][PASSED] - Text '11111' is set on object 'Object Repository/LoggedOutReactPages/CreateAccount/Zip_Input'

2018-05-23 13:15:09 - [TEST_STEP][PASSED] - check: Object 'Object Repository/LoggedOutReactPages/CreateAccount/Copy_Checkbox' is checked

2018-05-23 13:15:09 - [MESSAGE][PASSED] - Object 'Object Repository/LoggedOutReactPages/CreateAccount/Copy_Checkbox' is checked

2018-05-23 13:15:09 - [TEST_STEP][PASSED] - verifyElementAttributeValue: Object 'Object Repository/LoggedOutReactPages/CreateAccount/BillingFirstName_Input' has attribute 'value' with value 'Consumer'

2018-05-23 13:15:09 - [MESSAGE][WARNING] - Timeout '0' is invalid. Using default page load timeout: '30'

2018-05-23 13:15:09 - [MESSAGE][PASSED] - Object 'Object Repository/LoggedOutReactPages/CreateAccount/BillingFirstName_Input' has attribute 'value' with value 'Consumer'

2018-05-23 13:15:09 - [TEST_STEP][PASSED] - verifyElementHasAttribute: Object 'Object Repository/LoggedOutReactPages/CreateAccount/BillingFirstName_Input' has attribute 'disabled'

2018-05-23 13:15:09 - [MESSAGE][WARNING] - Timeout '0' is invalid. Using default page load timeout: '30'

2018-05-23 13:15:10 - [MESSAGE][PASSED] - Object 'Object Repository/LoggedOutReactPages/CreateAccount/BillingFirstName_Input' has attribute 'disabled'

2018-05-23 13:15:10 - [TEST_STEP][PASSED] - verifyElementAttributeValue: Object 'Object Repository/LoggedOutReactPages/CreateAccount/BillingLastName_Input' has attribute 'value' with value 'Last'

2018-05-23 13:15:10 - [MESSAGE][WARNING] - Timeout '0' is invalid. Using default page load timeout: '30'

2018-05-23 13:15:10 - [MESSAGE][PASSED] - Object 'Object Repository/LoggedOutReactPages/CreateAccount/BillingLastName_Input' has attribute 'value' with value 'Last'

2018-05-23 13:15:10 - [TEST_STEP][PASSED] - verifyElementHasAttribute: Object 'Object Repository/LoggedOutReactPages/CreateAccount/BillingLastName_Input' has attribute 'disabled'

2018-05-23 13:15:10 - [MESSAGE][WARNING] - Timeout '0' is invalid. Using default page load timeout: '30'

2018-05-23 13:15:10 - [MESSAGE][PASSED] - Object 'Object Repository/LoggedOutReactPages/CreateAccount/BillingLastName_Input' has attribute 'disabled'

2018-05-23 13:15:10 - [TEST_STEP][PASSED] - verifyElementAttributeValue: Object 'Object Repository/LoggedOutReactPages/CreateAccount/BillingAddress_Input' has attribute 'value' with value 'TestAddress'

2018-05-23 13:15:10 - [MESSAGE][WARNING] - Timeout '0' is invalid. Using default page load timeout: '30'

2018-05-23 13:15:10 - [MESSAGE][PASSED] - Object 'Object Repository/LoggedOutReactPages/CreateAccount/BillingAddress_Input' has attribute 'value' with value 'TestAddress'

2018-05-23 13:15:10 - [TEST_STEP][PASSED] - verifyElementHasAttribute: Object 'Object Repository/LoggedOutReactPages/CreateAccount/BillingAddress_Input' has attribute 'disabled'

2018-05-23 13:15:10 - [MESSAGE][WARNING] - Timeout '0' is invalid. Using default page load timeout: '30'

2018-05-23 13:15:10 - [MESSAGE][PASSED] - Object 'Object Repository/LoggedOutReactPages/CreateAccount/BillingAddress_Input' has attribute 'disabled'

2018-05-23 13:15:10 - [TEST_STEP][PASSED] - verifyElementAttributeValue: Object 'Object Repository/LoggedOutReactPages/CreateAccount/BillingZip_Input' has attribute 'value' with value '11111'

2018-05-23 13:15:10 - [MESSAGE][WARNING] - Timeout '0' is invalid. Using default page load timeout: '30'

2018-05-23 13:15:10 - [MESSAGE][PASSED] - Object 'Object Repository/LoggedOutReactPages/CreateAccount/BillingZip_Input' has attribute 'value' with value '11111'

2018-05-23 13:15:10 - [TEST_STEP][PASSED] - verifyElementHasAttribute: Object 'Object Repository/LoggedOutReactPages/CreateAccount/BillingZip_Input' has attribute 'disabled'

2018-05-23 13:15:11 - [MESSAGE][WARNING] - Timeout '0' is invalid. Using default page load timeout: '30'

2018-05-23 13:15:11 - [MESSAGE][PASSED] - Object 'Object Repository/LoggedOutReactPages/CreateAccount/BillingZip_Input' has attribute 'disabled'

2018-05-23 13:15:11 - [TEST_STEP][PASSED] - closeBrowser: Browser is closed

2018-05-23 13:15:11 - [MESSAGE][PASSED] - Browser is closed]]></system-out>
         <system-err><![CDATA[]]></system-err>
      </testcase>
      <testcase name="Test Cases/SignUpDealer - EmptyFields" classname="Test Cases/SignUpDealer - EmptyFields" status="PASSED">
         <system-out><![CDATA[2018-05-23 13:15:11 - [TEST_CASE][PASSED] - Test Cases/SignUpDealer - EmptyFields: Test Cases/SignUpDealer - EmptyFields

2018-05-23 13:15:12 - [TEST_STEP][PASSED] - openBrowser: Browser is opened with url: ''

2018-05-23 13:15:14 - [MESSAGE][PASSED] - Browser is opened with url: ''

2018-05-23 13:15:14 - [TEST_STEP][PASSED] - maximizeWindow: Current window maximized

2018-05-23 13:15:15 - [MESSAGE][PASSED] - Current window maximized

2018-05-23 13:15:15 - [TEST_STEP][PASSED] - Statement - StartURL = com.kms.katalon.core.webui.keyword.WebUiBuiltInKeywords.concatenate([StagingReact, "create-account"]): Concatenated string array: '['https://staging.instavin.com/','create-account']' into 'https://staging.instavin.com/create-account'

2018-05-23 13:15:15 - [MESSAGE][PASSED] - Concatenated string array: '['https://staging.instavin.com/','create-account']' into 'https://staging.instavin.com/create-account'

2018-05-23 13:15:15 - [TEST_STEP][PASSED] - navigateToUrl: Navigate to 'https://staging.instavin.com/create-account' successfully

2018-05-23 13:15:18 - [MESSAGE][PASSED] - Navigate to 'https://staging.instavin.com/create-account' successfully

2018-05-23 13:15:18 - [TEST_STEP][PASSED] - click: Object: 'Object Repository/LoggedOutReactPages/CreateAccount/Dealer_Button' is clicked on

2018-05-23 13:15:18 - [MESSAGE][PASSED] - Object: 'Object Repository/LoggedOutReactPages/CreateAccount/Dealer_Button' is clicked on

2018-05-23 13:15:18 - [TEST_STEP][PASSED] - verifyElementText: Actual text and expected text of test object 'Object Repository/LoggedOutReactPages/CreateAccount/Copy_Label' are matched.

2018-05-23 13:15:18 - [MESSAGE][PASSED] - Actual text and expected text of test object 'Object Repository/LoggedOutReactPages/CreateAccount/Copy_Label' are matched.

2018-05-23 13:15:18 - [TEST_STEP][PASSED] - verifyTextPresent: Text 'Dealer Information' is present on page 

2018-05-23 13:15:18 - [MESSAGE][PASSED] - Text 'Dealer Information' is present on page 

2018-05-23 13:15:18 - [TEST_STEP][PASSED] - verifyTextPresent: Text 'AuctionACCESS ID Number' is present on page 

2018-05-23 13:15:18 - [MESSAGE][PASSED] - Text 'AuctionACCESS ID Number' is present on page 

2018-05-23 13:15:18 - [TEST_STEP][PASSED] - verifyTextPresent: Text 'Business Name' is present on page 

2018-05-23 13:15:19 - [MESSAGE][PASSED] - Text 'Business Name' is present on page 

2018-05-23 13:15:19 - [TEST_STEP][PASSED] - click: Object: 'Object Repository/LoggedOutReactPages/CreateAccount/Submit_button' is clicked on

2018-05-23 13:15:19 - [MESSAGE][PASSED] - Object: 'Object Repository/LoggedOutReactPages/CreateAccount/Submit_button' is clicked on

2018-05-23 13:15:19 - [TEST_STEP][PASSED] - verifyElementPresent: Object 'Object Repository/LoggedOutReactPages/CreateAccount/BusinessFirstName_ErrorMessage' is present

2018-05-23 13:15:19 - [MESSAGE][WARNING] - Timeout '0' is invalid. Using default page load timeout: '30'

2018-05-23 13:15:19 - [MESSAGE][PASSED] - Object 'Object Repository/LoggedOutReactPages/CreateAccount/BusinessFirstName_ErrorMessage' is present

2018-05-23 13:15:19 - [TEST_STEP][PASSED] - verifyElementText: Actual text and expected text of test object 'Object Repository/LoggedOutReactPages/CreateAccount/BusinessFirstName_ErrorMessage' are matched.

2018-05-23 13:15:19 - [MESSAGE][PASSED] - Actual text and expected text of test object 'Object Repository/LoggedOutReactPages/CreateAccount/BusinessFirstName_ErrorMessage' are matched.

2018-05-23 13:15:19 - [TEST_STEP][PASSED] - verifyElementPresent: Object 'Object Repository/LoggedOutReactPages/CreateAccount/BusinessLastName_ErrorMessage' is present

2018-05-23 13:15:19 - [MESSAGE][WARNING] - Timeout '0' is invalid. Using default page load timeout: '30'

2018-05-23 13:15:19 - [MESSAGE][PASSED] - Object 'Object Repository/LoggedOutReactPages/CreateAccount/BusinessLastName_ErrorMessage' is present

2018-05-23 13:15:19 - [TEST_STEP][PASSED] - verifyElementText: Actual text and expected text of test object 'Object Repository/LoggedOutReactPages/CreateAccount/BusinessLastName_ErrorMessage' are matched.

2018-05-23 13:15:19 - [MESSAGE][PASSED] - Actual text and expected text of test object 'Object Repository/LoggedOutReactPages/CreateAccount/BusinessLastName_ErrorMessage' are matched.

2018-05-23 13:15:19 - [TEST_STEP][PASSED] - verifyElementPresent: Object 'Object Repository/LoggedOutReactPages/CreateAccount/BusinessAddress_ErrorMessage' is present

2018-05-23 13:15:19 - [MESSAGE][WARNING] - Timeout '0' is invalid. Using default page load timeout: '30'

2018-05-23 13:15:19 - [MESSAGE][PASSED] - Object 'Object Repository/LoggedOutReactPages/CreateAccount/BusinessAddress_ErrorMessage' is present

2018-05-23 13:15:19 - [TEST_STEP][PASSED] - verifyElementText: Actual text and expected text of test object 'Object Repository/LoggedOutReactPages/CreateAccount/BusinessAddress_ErrorMessage' are matched.

2018-05-23 13:15:19 - [MESSAGE][PASSED] - Actual text and expected text of test object 'Object Repository/LoggedOutReactPages/CreateAccount/BusinessAddress_ErrorMessage' are matched.

2018-05-23 13:15:19 - [TEST_STEP][PASSED] - verifyElementPresent: Object 'Object Repository/LoggedOutReactPages/CreateAccount/BusinessCity_ErrorMessage' is present

2018-05-23 13:15:19 - [MESSAGE][WARNING] - Timeout '0' is invalid. Using default page load timeout: '30'

2018-05-23 13:15:19 - [MESSAGE][PASSED] - Object 'Object Repository/LoggedOutReactPages/CreateAccount/BusinessCity_ErrorMessage' is present

2018-05-23 13:15:19 - [TEST_STEP][PASSED] - verifyElementText: Actual text and expected text of test object 'Object Repository/LoggedOutReactPages/CreateAccount/BusinessCity_ErrorMessage' are matched.

2018-05-23 13:15:19 - [MESSAGE][PASSED] - Actual text and expected text of test object 'Object Repository/LoggedOutReactPages/CreateAccount/BusinessCity_ErrorMessage' are matched.

2018-05-23 13:15:19 - [TEST_STEP][PASSED] - verifyElementPresent: Object 'Object Repository/LoggedOutReactPages/CreateAccount/State_ErrorMessage' is present

2018-05-23 13:15:19 - [MESSAGE][WARNING] - Timeout '0' is invalid. Using default page load timeout: '30'

2018-05-23 13:15:19 - [MESSAGE][PASSED] - Object 'Object Repository/LoggedOutReactPages/CreateAccount/State_ErrorMessage' is present

2018-05-23 13:15:19 - [TEST_STEP][PASSED] - verifyElementText: Actual text and expected text of test object 'Object Repository/LoggedOutReactPages/CreateAccount/State_ErrorMessage' are matched.

2018-05-23 13:15:19 - [MESSAGE][PASSED] - Actual text and expected text of test object 'Object Repository/LoggedOutReactPages/CreateAccount/State_ErrorMessage' are matched.

2018-05-23 13:15:20 - [TEST_STEP][PASSED] - verifyElementPresent: Object 'Object Repository/LoggedOutReactPages/CreateAccount/Zip_ErrorMessage' is present

2018-05-23 13:15:20 - [MESSAGE][WARNING] - Timeout '0' is invalid. Using default page load timeout: '30'

2018-05-23 13:15:20 - [MESSAGE][PASSED] - Object 'Object Repository/LoggedOutReactPages/CreateAccount/Zip_ErrorMessage' is present

2018-05-23 13:15:20 - [TEST_STEP][PASSED] - verifyElementText: Actual text and expected text of test object 'Object Repository/LoggedOutReactPages/CreateAccount/Zip_ErrorMessage' are matched.

2018-05-23 13:15:20 - [MESSAGE][PASSED] - Actual text and expected text of test object 'Object Repository/LoggedOutReactPages/CreateAccount/Zip_ErrorMessage' are matched.

2018-05-23 13:15:20 - [TEST_STEP][PASSED] - verifyElementPresent: Object 'Object Repository/LoggedOutReactPages/CreateAccount/BusinessPhone_ErrorMessage' is present

2018-05-23 13:15:20 - [MESSAGE][WARNING] - Timeout '0' is invalid. Using default page load timeout: '30'

2018-05-23 13:15:20 - [MESSAGE][PASSED] - Object 'Object Repository/LoggedOutReactPages/CreateAccount/BusinessPhone_ErrorMessage' is present

2018-05-23 13:15:20 - [TEST_STEP][PASSED] - verifyElementText: Actual text and expected text of test object 'Object Repository/LoggedOutReactPages/CreateAccount/BusinessPhone_ErrorMessage' are matched.

2018-05-23 13:15:20 - [MESSAGE][PASSED] - Actual text and expected text of test object 'Object Repository/LoggedOutReactPages/CreateAccount/BusinessPhone_ErrorMessage' are matched.

2018-05-23 13:15:20 - [TEST_STEP][PASSED] - verifyElementPresent: Object 'Object Repository/LoggedOutReactPages/CreateAccount/BillingFirstName_ErrorMessage' is present

2018-05-23 13:15:20 - [MESSAGE][WARNING] - Timeout '0' is invalid. Using default page load timeout: '30'

2018-05-23 13:15:20 - [MESSAGE][PASSED] - Object 'Object Repository/LoggedOutReactPages/CreateAccount/BillingFirstName_ErrorMessage' is present

2018-05-23 13:15:20 - [TEST_STEP][PASSED] - verifyElementText: Actual text and expected text of test object 'Object Repository/LoggedOutReactPages/CreateAccount/BillingFirstName_ErrorMessage' are matched.

2018-05-23 13:15:20 - [MESSAGE][PASSED] - Actual text and expected text of test object 'Object Repository/LoggedOutReactPages/CreateAccount/BillingFirstName_ErrorMessage' are matched.

2018-05-23 13:15:20 - [TEST_STEP][PASSED] - verifyElementPresent: Object 'Object Repository/LoggedOutReactPages/CreateAccount/BillingLastName_ErrorMessage' is present

2018-05-23 13:15:20 - [MESSAGE][WARNING] - Timeout '0' is invalid. Using default page load timeout: '30'

2018-05-23 13:15:20 - [MESSAGE][PASSED] - Object 'Object Repository/LoggedOutReactPages/CreateAccount/BillingLastName_ErrorMessage' is present

2018-05-23 13:15:21 - [TEST_STEP][PASSED] - verifyElementText: Actual text and expected text of test object 'Object Repository/LoggedOutReactPages/CreateAccount/BillingLastName_ErrorMessage' are matched.

2018-05-23 13:15:21 - [MESSAGE][PASSED] - Actual text and expected text of test object 'Object Repository/LoggedOutReactPages/CreateAccount/BillingLastName_ErrorMessage' are matched.

2018-05-23 13:15:21 - [TEST_STEP][PASSED] - verifyElementPresent: Object 'Object Repository/LoggedOutReactPages/CreateAccount/BillingAddress_ErrorMessage' is present

2018-05-23 13:15:21 - [MESSAGE][WARNING] - Timeout '0' is invalid. Using default page load timeout: '30'

2018-05-23 13:15:21 - [MESSAGE][PASSED] - Object 'Object Repository/LoggedOutReactPages/CreateAccount/BillingAddress_ErrorMessage' is present

2018-05-23 13:15:21 - [TEST_STEP][PASSED] - verifyElementText: Actual text and expected text of test object 'Object Repository/LoggedOutReactPages/CreateAccount/BillingAddress_ErrorMessage' are matched.

2018-05-23 13:15:21 - [MESSAGE][PASSED] - Actual text and expected text of test object 'Object Repository/LoggedOutReactPages/CreateAccount/BillingAddress_ErrorMessage' are matched.

2018-05-23 13:15:21 - [TEST_STEP][PASSED] - verifyElementPresent: Object 'Object Repository/LoggedOutReactPages/CreateAccount/BillingZip_ErrorMessage' is present

2018-05-23 13:15:21 - [MESSAGE][WARNING] - Timeout '0' is invalid. Using default page load timeout: '30'

2018-05-23 13:15:21 - [MESSAGE][PASSED] - Object 'Object Repository/LoggedOutReactPages/CreateAccount/BillingZip_ErrorMessage' is present

2018-05-23 13:15:21 - [TEST_STEP][PASSED] - verifyElementText: Actual text and expected text of test object 'Object Repository/LoggedOutReactPages/CreateAccount/BillingZip_ErrorMessage' are matched.

2018-05-23 13:15:22 - [MESSAGE][PASSED] - Actual text and expected text of test object 'Object Repository/LoggedOutReactPages/CreateAccount/BillingZip_ErrorMessage' are matched.

2018-05-23 13:15:22 - [TEST_STEP][PASSED] - verifyElementPresent: Object 'Object Repository/LoggedOutReactPages/CreateAccount/CC_ErrorMessage' is present

2018-05-23 13:15:22 - [MESSAGE][WARNING] - Timeout '0' is invalid. Using default page load timeout: '30'

2018-05-23 13:15:22 - [MESSAGE][PASSED] - Object 'Object Repository/LoggedOutReactPages/CreateAccount/CC_ErrorMessage' is present

2018-05-23 13:15:22 - [TEST_STEP][PASSED] - verifyElementText: Actual text and expected text of test object 'Object Repository/LoggedOutReactPages/CreateAccount/CC_ErrorMessage' are matched.

2018-05-23 13:15:22 - [MESSAGE][PASSED] - Actual text and expected text of test object 'Object Repository/LoggedOutReactPages/CreateAccount/CC_ErrorMessage' are matched.

2018-05-23 13:15:22 - [TEST_STEP][PASSED] - verifyElementPresent: Object 'Object Repository/LoggedOutReactPages/CreateAccount/ExpirationMonth_ErrorMessage' is present

2018-05-23 13:15:22 - [MESSAGE][WARNING] - Timeout '0' is invalid. Using default page load timeout: '30'

2018-05-23 13:15:22 - [MESSAGE][PASSED] - Object 'Object Repository/LoggedOutReactPages/CreateAccount/ExpirationMonth_ErrorMessage' is present

2018-05-23 13:15:22 - [TEST_STEP][PASSED] - verifyElementText: Actual text and expected text of test object 'Object Repository/LoggedOutReactPages/CreateAccount/ExpirationMonth_ErrorMessage' are matched.

2018-05-23 13:15:22 - [MESSAGE][PASSED] - Actual text and expected text of test object 'Object Repository/LoggedOutReactPages/CreateAccount/ExpirationMonth_ErrorMessage' are matched.

2018-05-23 13:15:22 - [TEST_STEP][PASSED] - verifyElementPresent: Object 'Object Repository/LoggedOutReactPages/CreateAccount/CVV_ErrorMessage' is present

2018-05-23 13:15:22 - [MESSAGE][WARNING] - Timeout '0' is invalid. Using default page load timeout: '30'

2018-05-23 13:15:22 - [MESSAGE][PASSED] - Object 'Object Repository/LoggedOutReactPages/CreateAccount/CVV_ErrorMessage' is present

2018-05-23 13:15:22 - [TEST_STEP][PASSED] - verifyElementText: Actual text and expected text of test object 'Object Repository/LoggedOutReactPages/CreateAccount/CVV_ErrorMessage' are matched.

2018-05-23 13:15:22 - [MESSAGE][PASSED] - Actual text and expected text of test object 'Object Repository/LoggedOutReactPages/CreateAccount/CVV_ErrorMessage' are matched.

2018-05-23 13:15:22 - [TEST_STEP][PASSED] - verifyElementPresent: Object 'Object Repository/LoggedOutReactPages/CreateAccount/ExpirationYear_ErrorMessage' is present

2018-05-23 13:15:23 - [MESSAGE][WARNING] - Timeout '0' is invalid. Using default page load timeout: '30'

2018-05-23 13:15:23 - [MESSAGE][PASSED] - Object 'Object Repository/LoggedOutReactPages/CreateAccount/ExpirationYear_ErrorMessage' is present

2018-05-23 13:15:23 - [TEST_STEP][PASSED] - verifyElementText: Actual text and expected text of test object 'Object Repository/LoggedOutReactPages/CreateAccount/ExpirationYear_ErrorMessage' are matched.

2018-05-23 13:15:23 - [MESSAGE][PASSED] - Actual text and expected text of test object 'Object Repository/LoggedOutReactPages/CreateAccount/ExpirationYear_ErrorMessage' are matched.

2018-05-23 13:15:23 - [TEST_STEP][PASSED] - verifyElementPresent: Object 'Object Repository/LoggedOutReactPages/CreateAccount/Email_ErrorMessage' is present

2018-05-23 13:15:23 - [MESSAGE][WARNING] - Timeout '0' is invalid. Using default page load timeout: '30'

2018-05-23 13:15:23 - [MESSAGE][PASSED] - Object 'Object Repository/LoggedOutReactPages/CreateAccount/Email_ErrorMessage' is present

2018-05-23 13:15:23 - [TEST_STEP][PASSED] - verifyElementText: Actual text and expected text of test object 'Object Repository/LoggedOutReactPages/CreateAccount/Email_ErrorMessage' are matched.

2018-05-23 13:15:23 - [MESSAGE][PASSED] - Actual text and expected text of test object 'Object Repository/LoggedOutReactPages/CreateAccount/Email_ErrorMessage' are matched.

2018-05-23 13:15:23 - [TEST_STEP][PASSED] - verifyElementPresent: Object 'Object Repository/LoggedOutReactPages/CreateAccount/Password_ErrorMessage' is present

2018-05-23 13:15:24 - [MESSAGE][WARNING] - Timeout '0' is invalid. Using default page load timeout: '30'

2018-05-23 13:15:24 - [MESSAGE][PASSED] - Object 'Object Repository/LoggedOutReactPages/CreateAccount/Password_ErrorMessage' is present

2018-05-23 13:15:24 - [TEST_STEP][PASSED] - verifyElementText: Actual text and expected text of test object 'Object Repository/LoggedOutReactPages/CreateAccount/Password_ErrorMessage' are matched.

2018-05-23 13:15:24 - [MESSAGE][PASSED] - Actual text and expected text of test object 'Object Repository/LoggedOutReactPages/CreateAccount/Password_ErrorMessage' are matched.

2018-05-23 13:15:24 - [TEST_STEP][PASSED] - verifyElementPresent: Object 'Object Repository/LoggedOutReactPages/CreateAccount/AcceptTOS_ErrorMessage' is present

2018-05-23 13:15:24 - [MESSAGE][WARNING] - Timeout '0' is invalid. Using default page load timeout: '30'

2018-05-23 13:15:24 - [MESSAGE][PASSED] - Object 'Object Repository/LoggedOutReactPages/CreateAccount/AcceptTOS_ErrorMessage' is present

2018-05-23 13:15:24 - [TEST_STEP][PASSED] - verifyElementText: Actual text and expected text of test object 'Object Repository/LoggedOutReactPages/CreateAccount/AcceptTOS_ErrorMessage' are matched.

2018-05-23 13:15:24 - [MESSAGE][PASSED] - Actual text and expected text of test object 'Object Repository/LoggedOutReactPages/CreateAccount/AcceptTOS_ErrorMessage' are matched.

2018-05-23 13:15:24 - [TEST_STEP][PASSED] - closeBrowser: Browser is closed

2018-05-23 13:15:25 - [MESSAGE][PASSED] - Browser is closed]]></system-out>
         <system-err><![CDATA[]]></system-err>
      </testcase>
      <testcase name="Test Cases/SignUpDealer - HiddenField" classname="Test Cases/SignUpDealer - HiddenField" status="PASSED">
         <system-out><![CDATA[2018-05-23 13:15:25 - [TEST_CASE][PASSED] - Test Cases/SignUpDealer - HiddenField: Test Cases/SignUpDealer - HiddenField

2018-05-23 13:15:25 - [TEST_STEP][PASSED] - openBrowser: Browser is opened with url: ''

2018-05-23 13:15:27 - [MESSAGE][PASSED] - Browser is opened with url: ''

2018-05-23 13:15:27 - [TEST_STEP][PASSED] - maximizeWindow: Current window maximized

2018-05-23 13:15:28 - [MESSAGE][PASSED] - Current window maximized

2018-05-23 13:15:28 - [TEST_STEP][PASSED] - Statement - StartURL = com.kms.katalon.core.webui.keyword.WebUiBuiltInKeywords.concatenate([StagingReact, "create-account"]): Concatenated string array: '['https://staging.instavin.com/','create-account']' into 'https://staging.instavin.com/create-account'

2018-05-23 13:15:28 - [MESSAGE][PASSED] - Concatenated string array: '['https://staging.instavin.com/','create-account']' into 'https://staging.instavin.com/create-account'

2018-05-23 13:15:28 - [TEST_STEP][PASSED] - navigateToUrl: Navigate to 'https://staging.instavin.com/create-account' successfully

2018-05-23 13:15:31 - [MESSAGE][PASSED] - Navigate to 'https://staging.instavin.com/create-account' successfully

2018-05-23 13:15:31 - [TEST_STEP][PASSED] - click: Object: 'Object Repository/LoggedOutReactPages/CreateAccount/Dealer_Button' is clicked on

2018-05-23 13:15:31 - [MESSAGE][PASSED] - Object: 'Object Repository/LoggedOutReactPages/CreateAccount/Dealer_Button' is clicked on

2018-05-23 13:15:31 - [TEST_STEP][PASSED] - verifyElementText: Actual text and expected text of test object 'Object Repository/LoggedOutReactPages/CreateAccount/Copy_Label' are matched.

2018-05-23 13:15:31 - [MESSAGE][PASSED] - Actual text and expected text of test object 'Object Repository/LoggedOutReactPages/CreateAccount/Copy_Label' are matched.

2018-05-23 13:15:31 - [TEST_STEP][PASSED] - verifyTextPresent: Text 'Dealer Information' is present on page 

2018-05-23 13:15:31 - [MESSAGE][PASSED] - Text 'Dealer Information' is present on page 

2018-05-23 13:15:31 - [TEST_STEP][PASSED] - sendKeys: Keys 'CONTROL + b' sent to object: 'Object Repository/LoggedOutReactPages/CreateAccount/Email_Input'

2018-05-23 13:15:32 - [MESSAGE][PASSED] - Keys 'CONTROL + b' sent to object: 'Object Repository/LoggedOutReactPages/CreateAccount/Email_Input'

2018-05-23 13:15:32 - [TEST_STEP][PASSED] - verifyTextPresent: Text 'Salesman ID' is present on page 

2018-05-23 13:15:32 - [MESSAGE][PASSED] - Text 'Salesman ID' is present on page 

2018-05-23 13:15:32 - [TEST_STEP][PASSED] - verifyElementPresent: Object 'Object Repository/LoggedOutReactPages/CreateAccount/SalesmanID_Input' is present

2018-05-23 13:15:32 - [MESSAGE][WARNING] - Timeout '0' is invalid. Using default page load timeout: '30'

2018-05-23 13:15:32 - [MESSAGE][PASSED] - Object 'Object Repository/LoggedOutReactPages/CreateAccount/SalesmanID_Input' is present

2018-05-23 13:15:32 - [TEST_STEP][PASSED] - closeBrowser: Browser is closed

2018-05-23 13:15:32 - [MESSAGE][PASSED] - Browser is closed]]></system-out>
         <system-err><![CDATA[]]></system-err>
      </testcase>
      <testcase name="Test Cases/SignUpDealer - IncorrectEmail" classname="Test Cases/SignUpDealer - IncorrectEmail" status="PASSED">
         <system-out><![CDATA[2018-05-23 13:15:32 - [TEST_CASE][PASSED] - Test Cases/SignUpDealer - IncorrectEmail: Test Cases/SignUpDealer - IncorrectEmail

2018-05-23 13:15:33 - [TEST_STEP][PASSED] - openBrowser: Browser is opened with url: ''

2018-05-23 13:15:35 - [MESSAGE][PASSED] - Browser is opened with url: ''

2018-05-23 13:15:35 - [TEST_STEP][PASSED] - maximizeWindow: Current window maximized

2018-05-23 13:15:36 - [MESSAGE][PASSED] - Current window maximized

2018-05-23 13:15:36 - [TEST_STEP][PASSED] - Statement - StartURL = com.kms.katalon.core.webui.keyword.WebUiBuiltInKeywords.concatenate([StagingReact, "create-account"]): Concatenated string array: '['https://staging.instavin.com/','create-account']' into 'https://staging.instavin.com/create-account'

2018-05-23 13:15:36 - [MESSAGE][PASSED] - Concatenated string array: '['https://staging.instavin.com/','create-account']' into 'https://staging.instavin.com/create-account'

2018-05-23 13:15:36 - [TEST_STEP][PASSED] - navigateToUrl: Navigate to 'https://staging.instavin.com/create-account' successfully

2018-05-23 13:15:39 - [MESSAGE][PASSED] - Navigate to 'https://staging.instavin.com/create-account' successfully

2018-05-23 13:15:39 - [TEST_STEP][PASSED] - click: Object: 'Object Repository/LoggedOutReactPages/CreateAccount/Dealer_Button' is clicked on

2018-05-23 13:15:39 - [MESSAGE][PASSED] - Object: 'Object Repository/LoggedOutReactPages/CreateAccount/Dealer_Button' is clicked on

2018-05-23 13:15:39 - [TEST_STEP][PASSED] - verifyElementText: Actual text and expected text of test object 'Object Repository/LoggedOutReactPages/CreateAccount/Copy_Label' are matched.

2018-05-23 13:15:39 - [MESSAGE][PASSED] - Actual text and expected text of test object 'Object Repository/LoggedOutReactPages/CreateAccount/Copy_Label' are matched.

2018-05-23 13:15:39 - [TEST_STEP][PASSED] - verifyTextPresent: Text 'Dealer Information' is present on page 

2018-05-23 13:15:39 - [MESSAGE][PASSED] - Text 'Dealer Information' is present on page 

2018-05-23 13:15:39 - [TEST_STEP][PASSED] - Statement - now = new java.util.Date(): null

2018-05-23 13:15:39 - [TEST_STEP][PASSED] - Statement - rnd = now.format("yyyyMMddHHmmssSSS").toString(): null

2018-05-23 13:15:39 - [TEST_STEP][PASSED] - Statement - email = com.kms.katalon.core.webui.keyword.WebUiBuiltInKeywords.concatenate([rnd, "@mailinator.com"]): Concatenated string array: '['20180523131539728','@mailinator.com']' into '20180523131539728@mailinator.com'

2018-05-23 13:15:39 - [MESSAGE][PASSED] - Concatenated string array: '['20180523131539728','@mailinator.com']' into '20180523131539728@mailinator.com'

2018-05-23 13:15:39 - [TEST_STEP][PASSED] - setText: Text '20180523131539728' is set on object 'Object Repository/LoggedOutReactPages/CreateAccount/Email_Input'

2018-05-23 13:15:40 - [MESSAGE][PASSED] - Text '20180523131539728' is set on object 'Object Repository/LoggedOutReactPages/CreateAccount/Email_Input'

2018-05-23 13:15:40 - [TEST_STEP][PASSED] - setText: Text 'test' is set on object 'Object Repository/LoggedOutReactPages/CreateAccount/ConfirmEmail_Input'

2018-05-23 13:15:40 - [MESSAGE][PASSED] - Text 'test' is set on object 'Object Repository/LoggedOutReactPages/CreateAccount/ConfirmEmail_Input'

2018-05-23 13:15:40 - [TEST_STEP][PASSED] - click: Object: 'Object Repository/LoggedOutReactPages/CreateAccount/Password_Input' is clicked on

2018-05-23 13:15:40 - [MESSAGE][PASSED] - Object: 'Object Repository/LoggedOutReactPages/CreateAccount/Password_Input' is clicked on

2018-05-23 13:15:40 - [TEST_STEP][PASSED] - verifyElementPresent: Object 'Object Repository/LoggedOutReactPages/CreateAccount/Email_ErrorMessage' is present

2018-05-23 13:15:40 - [MESSAGE][WARNING] - Timeout '0' is invalid. Using default page load timeout: '30'

2018-05-23 13:15:40 - [MESSAGE][PASSED] - Object 'Object Repository/LoggedOutReactPages/CreateAccount/Email_ErrorMessage' is present

2018-05-23 13:15:40 - [TEST_STEP][PASSED] - verifyElementText: Actual text and expected text of test object 'Object Repository/LoggedOutReactPages/CreateAccount/Email_ErrorMessage' are matched.

2018-05-23 13:15:40 - [MESSAGE][PASSED] - Actual text and expected text of test object 'Object Repository/LoggedOutReactPages/CreateAccount/Email_ErrorMessage' are matched.

2018-05-23 13:15:40 - [TEST_STEP][PASSED] - verifyElementPresent: Object 'Object Repository/LoggedOutReactPages/CreateAccount/ConfirmEmail_ErrorMessage' is present

2018-05-23 13:15:40 - [MESSAGE][WARNING] - Timeout '0' is invalid. Using default page load timeout: '30'

2018-05-23 13:15:40 - [MESSAGE][PASSED] - Object 'Object Repository/LoggedOutReactPages/CreateAccount/ConfirmEmail_ErrorMessage' is present

2018-05-23 13:15:40 - [TEST_STEP][PASSED] - verifyElementText: Actual text and expected text of test object 'Object Repository/LoggedOutReactPages/CreateAccount/ConfirmEmail_ErrorMessage' are matched.

2018-05-23 13:15:41 - [MESSAGE][PASSED] - Actual text and expected text of test object 'Object Repository/LoggedOutReactPages/CreateAccount/ConfirmEmail_ErrorMessage' are matched.

2018-05-23 13:15:41 - [TEST_STEP][PASSED] - setText: Text '20180523131539728@mailinator.com' is set on object 'Object Repository/LoggedOutReactPages/CreateAccount/Email_Input'

2018-05-23 13:15:41 - [MESSAGE][PASSED] - Text '20180523131539728@mailinator.com' is set on object 'Object Repository/LoggedOutReactPages/CreateAccount/Email_Input'

2018-05-23 13:15:41 - [TEST_STEP][PASSED] - click: Object: 'Object Repository/LoggedOutReactPages/CreateAccount/Password_Input' is clicked on

2018-05-23 13:15:41 - [MESSAGE][PASSED] - Object: 'Object Repository/LoggedOutReactPages/CreateAccount/Password_Input' is clicked on

2018-05-23 13:15:41 - [TEST_STEP][PASSED] - verifyElementNotPresent: Web element with id: 'Object Repository/LoggedOutReactPages/CreateAccount/Email_ErrorMessage' located by 'By.xpath: //html//div[@id='AccountInfo']/div[1]/div[1]/div[2]/span[1]/span[1]' is not present after '30' second(s)

2018-05-23 13:15:41 - [MESSAGE][WARNING] - Timeout '0' is invalid. Using default page load timeout: '30'

2018-05-23 13:15:41 - [MESSAGE][PASSED] - Web element with id: 'Object Repository/LoggedOutReactPages/CreateAccount/Email_ErrorMessage' located by 'By.xpath: //html//div[@id='AccountInfo']/div[1]/div[1]/div[2]/span[1]/span[1]' is not present after '30' second(s)

2018-05-23 13:15:41 - [TEST_STEP][PASSED] - verifyElementPresent: Object 'Object Repository/LoggedOutReactPages/CreateAccount/ConfirmEmail_ErrorMessage' is present

2018-05-23 13:15:41 - [MESSAGE][WARNING] - Timeout '0' is invalid. Using default page load timeout: '30'

2018-05-23 13:15:41 - [MESSAGE][PASSED] - Object 'Object Repository/LoggedOutReactPages/CreateAccount/ConfirmEmail_ErrorMessage' is present

2018-05-23 13:15:41 - [TEST_STEP][PASSED] - verifyElementText: Actual text and expected text of test object 'Object Repository/LoggedOutReactPages/CreateAccount/ConfirmEmail_ErrorMessage' are matched.

2018-05-23 13:15:41 - [MESSAGE][PASSED] - Actual text and expected text of test object 'Object Repository/LoggedOutReactPages/CreateAccount/ConfirmEmail_ErrorMessage' are matched.

2018-05-23 13:15:41 - [TEST_STEP][PASSED] - setText: Text '20180523131539728@mailinator.com' is set on object 'Object Repository/LoggedOutReactPages/CreateAccount/ConfirmEmail_Input'

2018-05-23 13:15:42 - [MESSAGE][PASSED] - Text '20180523131539728@mailinator.com' is set on object 'Object Repository/LoggedOutReactPages/CreateAccount/ConfirmEmail_Input'

2018-05-23 13:15:42 - [TEST_STEP][PASSED] - click: Object: 'Object Repository/LoggedOutReactPages/CreateAccount/Password_Input' is clicked on

2018-05-23 13:15:42 - [MESSAGE][PASSED] - Object: 'Object Repository/LoggedOutReactPages/CreateAccount/Password_Input' is clicked on

2018-05-23 13:15:42 - [TEST_STEP][PASSED] - verifyElementNotPresent: Web element with id: 'Object Repository/LoggedOutReactPages/CreateAccount/Email_ErrorMessage' located by 'By.xpath: //html//div[@id='AccountInfo']/div[1]/div[1]/div[2]/span[1]/span[1]' is not present after '30' second(s)

2018-05-23 13:15:42 - [MESSAGE][WARNING] - Timeout '0' is invalid. Using default page load timeout: '30'

2018-05-23 13:15:42 - [MESSAGE][PASSED] - Web element with id: 'Object Repository/LoggedOutReactPages/CreateAccount/Email_ErrorMessage' located by 'By.xpath: //html//div[@id='AccountInfo']/div[1]/div[1]/div[2]/span[1]/span[1]' is not present after '30' second(s)

2018-05-23 13:15:42 - [TEST_STEP][PASSED] - verifyElementNotPresent: Web element with id: 'Object Repository/LoggedOutReactPages/CreateAccount/ConfirmEmail_ErrorMessage' located by 'By.xpath: //span[contains(text(),'Does not match the Email Address')]' is not present after '30' second(s)

2018-05-23 13:15:42 - [MESSAGE][WARNING] - Timeout '0' is invalid. Using default page load timeout: '30'

2018-05-23 13:15:42 - [MESSAGE][PASSED] - Web element with id: 'Object Repository/LoggedOutReactPages/CreateAccount/ConfirmEmail_ErrorMessage' located by 'By.xpath: //span[contains(text(),'Does not match the Email Address')]' is not present after '30' second(s)

2018-05-23 13:15:42 - [TEST_STEP][PASSED] - closeBrowser: Browser is closed

2018-05-23 13:15:43 - [MESSAGE][PASSED] - Browser is closed]]></system-out>
         <system-err><![CDATA[]]></system-err>
      </testcase>
      <testcase name="Test Cases/SignUpDealer - ShortAndMissmatchedPass" classname="Test Cases/SignUpDealer - ShortAndMissmatchedPass" status="PASSED">
         <system-out><![CDATA[2018-05-23 13:15:43 - [TEST_CASE][PASSED] - Test Cases/SignUpDealer - ShortAndMissmatchedPass: Test Cases/SignUpDealer - ShortAndMissmatchedPass

2018-05-23 13:15:43 - [TEST_STEP][PASSED] - openBrowser: Browser is opened with url: ''

2018-05-23 13:15:46 - [MESSAGE][PASSED] - Browser is opened with url: ''

2018-05-23 13:15:46 - [TEST_STEP][PASSED] - maximizeWindow: Current window maximized

2018-05-23 13:15:47 - [MESSAGE][PASSED] - Current window maximized

2018-05-23 13:15:47 - [TEST_STEP][PASSED] - Statement - StartURL = com.kms.katalon.core.webui.keyword.WebUiBuiltInKeywords.concatenate([StagingReact, "create-account"]): Concatenated string array: '['https://staging.instavin.com/','create-account']' into 'https://staging.instavin.com/create-account'

2018-05-23 13:15:47 - [MESSAGE][PASSED] - Concatenated string array: '['https://staging.instavin.com/','create-account']' into 'https://staging.instavin.com/create-account'

2018-05-23 13:15:47 - [TEST_STEP][PASSED] - navigateToUrl: Navigate to 'https://staging.instavin.com/create-account' successfully

2018-05-23 13:15:51 - [MESSAGE][PASSED] - Navigate to 'https://staging.instavin.com/create-account' successfully

2018-05-23 13:15:51 - [TEST_STEP][PASSED] - click: Object: 'Object Repository/LoggedOutReactPages/CreateAccount/Dealer_Button' is clicked on

2018-05-23 13:15:51 - [MESSAGE][PASSED] - Object: 'Object Repository/LoggedOutReactPages/CreateAccount/Dealer_Button' is clicked on

2018-05-23 13:15:51 - [TEST_STEP][PASSED] - verifyElementText: Actual text and expected text of test object 'Object Repository/LoggedOutReactPages/CreateAccount/Copy_Label' are matched.

2018-05-23 13:15:51 - [MESSAGE][PASSED] - Actual text and expected text of test object 'Object Repository/LoggedOutReactPages/CreateAccount/Copy_Label' are matched.

2018-05-23 13:15:51 - [TEST_STEP][PASSED] - verifyTextPresent: Text 'Dealer Information' is present on page 

2018-05-23 13:15:51 - [MESSAGE][PASSED] - Text 'Dealer Information' is present on page 

2018-05-23 13:15:51 - [TEST_STEP][PASSED] - setText: Text '11' is set on object 'Object Repository/LoggedOutReactPages/CreateAccount/Password_Input'

2018-05-23 13:15:51 - [MESSAGE][PASSED] - Text '11' is set on object 'Object Repository/LoggedOutReactPages/CreateAccount/Password_Input'

2018-05-23 13:15:51 - [TEST_STEP][PASSED] - click: Object: 'Object Repository/LoggedOutReactPages/CreateAccount/Email_Input' is clicked on

2018-05-23 13:15:51 - [MESSAGE][PASSED] - Object: 'Object Repository/LoggedOutReactPages/CreateAccount/Email_Input' is clicked on

2018-05-23 13:15:51 - [TEST_STEP][PASSED] - verifyElementPresent: Object 'Object Repository/LoggedOutReactPages/CreateAccount/Password_ErrorMessage' is present

2018-05-23 13:15:51 - [MESSAGE][WARNING] - Timeout '0' is invalid. Using default page load timeout: '30'

2018-05-23 13:15:51 - [MESSAGE][PASSED] - Object 'Object Repository/LoggedOutReactPages/CreateAccount/Password_ErrorMessage' is present

2018-05-23 13:15:51 - [TEST_STEP][PASSED] - verifyElementText: Actual text and expected text of test object 'Object Repository/LoggedOutReactPages/CreateAccount/Password_ErrorMessage' are matched.

2018-05-23 13:15:51 - [MESSAGE][PASSED] - Actual text and expected text of test object 'Object Repository/LoggedOutReactPages/CreateAccount/Password_ErrorMessage' are matched.

2018-05-23 13:15:51 - [TEST_STEP][PASSED] - verifyElementNotPresent: Web element with id: 'Object Repository/LoggedOutReactPages/CreateAccount/ConfirmPassword_ErrorMessage' located by 'By.xpath: //div[@id='AccountInfo']//div[@class='FormSectionContainer']//div[@class='FieldComboBox Clear']//div[@class='Field_Standard']//span[@class='field-validation-error']//span' is not present after '30' second(s)

2018-05-23 13:15:51 - [MESSAGE][WARNING] - Timeout '0' is invalid. Using default page load timeout: '30'

2018-05-23 13:15:51 - [MESSAGE][PASSED] - Web element with id: 'Object Repository/LoggedOutReactPages/CreateAccount/ConfirmPassword_ErrorMessage' located by 'By.xpath: //div[@id='AccountInfo']//div[@class='FormSectionContainer']//div[@class='FieldComboBox Clear']//div[@class='Field_Standard']//span[@class='field-validation-error']//span' is not present after '30' second(s)

2018-05-23 13:15:51 - [TEST_STEP][PASSED] - setText: Text '111111' is set on object 'Object Repository/LoggedOutReactPages/CreateAccount/Password_Input'

2018-05-23 13:15:52 - [MESSAGE][PASSED] - Text '111111' is set on object 'Object Repository/LoggedOutReactPages/CreateAccount/Password_Input'

2018-05-23 13:15:52 - [TEST_STEP][PASSED] - click: Object: 'Object Repository/LoggedOutReactPages/CreateAccount/Email_Input' is clicked on

2018-05-23 13:15:52 - [MESSAGE][PASSED] - Object: 'Object Repository/LoggedOutReactPages/CreateAccount/Email_Input' is clicked on

2018-05-23 13:15:52 - [TEST_STEP][PASSED] - verifyElementNotPresent: Web element with id: 'Object Repository/LoggedOutReactPages/CreateAccount/Password_ErrorMessage' located by 'By.xpath: //html//div[@id='AccountInfo']/div[2]/div[1]/div[2]/span[1]/span[1]' is not present after '30' second(s)

2018-05-23 13:15:52 - [MESSAGE][WARNING] - Timeout '0' is invalid. Using default page load timeout: '30'

2018-05-23 13:15:52 - [MESSAGE][PASSED] - Web element with id: 'Object Repository/LoggedOutReactPages/CreateAccount/Password_ErrorMessage' located by 'By.xpath: //html//div[@id='AccountInfo']/div[2]/div[1]/div[2]/span[1]/span[1]' is not present after '30' second(s)

2018-05-23 13:15:52 - [TEST_STEP][PASSED] - verifyElementNotPresent: Web element with id: 'Object Repository/LoggedOutReactPages/CreateAccount/ConfirmPassword_ErrorMessage' located by 'By.xpath: //div[@id='AccountInfo']//div[@class='FormSectionContainer']//div[@class='FieldComboBox Clear']//div[@class='Field_Standard']//span[@class='field-validation-error']//span' is not present after '30' second(s)

2018-05-23 13:15:52 - [MESSAGE][WARNING] - Timeout '0' is invalid. Using default page load timeout: '30'

2018-05-23 13:15:52 - [MESSAGE][PASSED] - Web element with id: 'Object Repository/LoggedOutReactPages/CreateAccount/ConfirmPassword_ErrorMessage' located by 'By.xpath: //div[@id='AccountInfo']//div[@class='FormSectionContainer']//div[@class='FieldComboBox Clear']//div[@class='Field_Standard']//span[@class='field-validation-error']//span' is not present after '30' second(s)

2018-05-23 13:15:52 - [TEST_STEP][PASSED] - setText: Text '11' is set on object 'Object Repository/LoggedOutReactPages/CreateAccount/ConfirmPassword_Input'

2018-05-23 13:15:52 - [MESSAGE][PASSED] - Text '11' is set on object 'Object Repository/LoggedOutReactPages/CreateAccount/ConfirmPassword_Input'

2018-05-23 13:15:52 - [TEST_STEP][PASSED] - click: Object: 'Object Repository/LoggedOutReactPages/CreateAccount/Email_Input' is clicked on

2018-05-23 13:15:53 - [MESSAGE][PASSED] - Object: 'Object Repository/LoggedOutReactPages/CreateAccount/Email_Input' is clicked on

2018-05-23 13:15:53 - [TEST_STEP][PASSED] - verifyElementNotPresent: Web element with id: 'Object Repository/LoggedOutReactPages/CreateAccount/Password_ErrorMessage' located by 'By.xpath: //html//div[@id='AccountInfo']/div[2]/div[1]/div[2]/span[1]/span[1]' is not present after '30' second(s)

2018-05-23 13:15:53 - [MESSAGE][WARNING] - Timeout '0' is invalid. Using default page load timeout: '30'

2018-05-23 13:15:53 - [MESSAGE][PASSED] - Web element with id: 'Object Repository/LoggedOutReactPages/CreateAccount/Password_ErrorMessage' located by 'By.xpath: //html//div[@id='AccountInfo']/div[2]/div[1]/div[2]/span[1]/span[1]' is not present after '30' second(s)

2018-05-23 13:15:53 - [TEST_STEP][PASSED] - verifyElementPresent: Object 'Object Repository/LoggedOutReactPages/CreateAccount/ConfirmPassword_ErrorMessage' is present

2018-05-23 13:15:53 - [MESSAGE][WARNING] - Timeout '0' is invalid. Using default page load timeout: '30'

2018-05-23 13:15:53 - [MESSAGE][PASSED] - Object 'Object Repository/LoggedOutReactPages/CreateAccount/ConfirmPassword_ErrorMessage' is present

2018-05-23 13:15:53 - [TEST_STEP][PASSED] - verifyElementText: Actual text and expected text of test object 'Object Repository/LoggedOutReactPages/CreateAccount/ConfirmPassword_ErrorMessage' are matched.

2018-05-23 13:15:53 - [MESSAGE][PASSED] - Actual text and expected text of test object 'Object Repository/LoggedOutReactPages/CreateAccount/ConfirmPassword_ErrorMessage' are matched.

2018-05-23 13:15:53 - [TEST_STEP][PASSED] - setText: Text '111111' is set on object 'Object Repository/LoggedOutReactPages/CreateAccount/ConfirmPassword_Input'

2018-05-23 13:15:53 - [MESSAGE][PASSED] - Text '111111' is set on object 'Object Repository/LoggedOutReactPages/CreateAccount/ConfirmPassword_Input'

2018-05-23 13:15:53 - [TEST_STEP][PASSED] - click: Object: 'Object Repository/LoggedOutReactPages/CreateAccount/Email_Input' is clicked on

2018-05-23 13:15:54 - [MESSAGE][PASSED] - Object: 'Object Repository/LoggedOutReactPages/CreateAccount/Email_Input' is clicked on

2018-05-23 13:15:54 - [TEST_STEP][PASSED] - verifyElementNotPresent: Web element with id: 'Object Repository/LoggedOutReactPages/CreateAccount/Password_ErrorMessage' located by 'By.xpath: //html//div[@id='AccountInfo']/div[2]/div[1]/div[2]/span[1]/span[1]' is not present after '30' second(s)

2018-05-23 13:15:54 - [MESSAGE][WARNING] - Timeout '0' is invalid. Using default page load timeout: '30'

2018-05-23 13:15:54 - [MESSAGE][PASSED] - Web element with id: 'Object Repository/LoggedOutReactPages/CreateAccount/Password_ErrorMessage' located by 'By.xpath: //html//div[@id='AccountInfo']/div[2]/div[1]/div[2]/span[1]/span[1]' is not present after '30' second(s)

2018-05-23 13:15:54 - [TEST_STEP][PASSED] - verifyElementNotPresent: Web element with id: 'Object Repository/LoggedOutReactPages/CreateAccount/ConfirmPassword_ErrorMessage' located by 'By.xpath: //div[@id='AccountInfo']//div[@class='FormSectionContainer']//div[@class='FieldComboBox Clear']//div[@class='Field_Standard']//span[@class='field-validation-error']//span' is not present after '30' second(s)

2018-05-23 13:15:54 - [MESSAGE][WARNING] - Timeout '0' is invalid. Using default page load timeout: '30'

2018-05-23 13:15:54 - [MESSAGE][PASSED] - Web element with id: 'Object Repository/LoggedOutReactPages/CreateAccount/ConfirmPassword_ErrorMessage' located by 'By.xpath: //div[@id='AccountInfo']//div[@class='FormSectionContainer']//div[@class='FieldComboBox Clear']//div[@class='Field_Standard']//span[@class='field-validation-error']//span' is not present after '30' second(s)

2018-05-23 13:15:54 - [TEST_STEP][PASSED] - closeBrowser: Browser is closed

2018-05-23 13:15:55 - [MESSAGE][PASSED] - Browser is closed]]></system-out>
         <system-err><![CDATA[]]></system-err>
      </testcase>
      <testcase name="Test Cases/SignUpDealer - CopyBuyer" classname="Test Cases/SignUpDealer - CopyBuyer" status="PASSED">
         <system-out><![CDATA[2018-05-23 13:15:55 - [TEST_CASE][PASSED] - Test Cases/SignUpDealer - CopyBuyer: Test Cases/SignUpDealer - CopyBuyer

2018-05-23 13:15:55 - [TEST_STEP][PASSED] - openBrowser: Browser is opened with url: ''

2018-05-23 13:15:57 - [MESSAGE][PASSED] - Browser is opened with url: ''

2018-05-23 13:15:57 - [TEST_STEP][PASSED] - maximizeWindow: Current window maximized

2018-05-23 13:15:58 - [MESSAGE][PASSED] - Current window maximized

2018-05-23 13:15:58 - [TEST_STEP][PASSED] - Statement - StartURL = com.kms.katalon.core.webui.keyword.WebUiBuiltInKeywords.concatenate([StagingReact, "create-account"]): Concatenated string array: '['https://staging.instavin.com/','create-account']' into 'https://staging.instavin.com/create-account'

2018-05-23 13:15:58 - [MESSAGE][PASSED] - Concatenated string array: '['https://staging.instavin.com/','create-account']' into 'https://staging.instavin.com/create-account'

2018-05-23 13:15:58 - [TEST_STEP][PASSED] - navigateToUrl: Navigate to 'https://staging.instavin.com/create-account' successfully

2018-05-23 13:16:01 - [MESSAGE][PASSED] - Navigate to 'https://staging.instavin.com/create-account' successfully

2018-05-23 13:16:01 - [TEST_STEP][PASSED] - click: Object: 'Object Repository/LoggedOutReactPages/CreateAccount/Dealer_Button' is clicked on

2018-05-23 13:16:01 - [MESSAGE][PASSED] - Object: 'Object Repository/LoggedOutReactPages/CreateAccount/Dealer_Button' is clicked on

2018-05-23 13:16:01 - [TEST_STEP][PASSED] - verifyElementText: Actual text and expected text of test object 'Object Repository/LoggedOutReactPages/CreateAccount/Copy_Label' are matched.

2018-05-23 13:16:01 - [MESSAGE][PASSED] - Actual text and expected text of test object 'Object Repository/LoggedOutReactPages/CreateAccount/Copy_Label' are matched.

2018-05-23 13:16:01 - [TEST_STEP][PASSED] - verifyTextPresent: Text 'Dealer Information' is present on page 

2018-05-23 13:16:01 - [MESSAGE][PASSED] - Text 'Dealer Information' is present on page 

2018-05-23 13:16:01 - [TEST_STEP][PASSED] - verifyTextPresent: Text 'AuctionACCESS ID Number' is present on page 

2018-05-23 13:16:02 - [MESSAGE][PASSED] - Text 'AuctionACCESS ID Number' is present on page 

2018-05-23 13:16:02 - [TEST_STEP][PASSED] - verifyTextPresent: Text 'Business Name' is present on page 

2018-05-23 13:16:02 - [MESSAGE][PASSED] - Text 'Business Name' is present on page 

2018-05-23 13:16:02 - [TEST_STEP][PASSED] - setText: Text 'Dealer' is set on object 'Object Repository/LoggedOutReactPages/CreateAccount/FirstName_Input'

2018-05-23 13:16:02 - [MESSAGE][PASSED] - Text 'Dealer' is set on object 'Object Repository/LoggedOutReactPages/CreateAccount/FirstName_Input'

2018-05-23 13:16:02 - [TEST_STEP][PASSED] - setText: Text 'Last' is set on object 'Object Repository/LoggedOutReactPages/CreateAccount/LastName_Input'

2018-05-23 13:16:02 - [MESSAGE][PASSED] - Text 'Last' is set on object 'Object Repository/LoggedOutReactPages/CreateAccount/LastName_Input'

2018-05-23 13:16:02 - [TEST_STEP][PASSED] - setText: Text 'TestAddress' is set on object 'Object Repository/LoggedOutReactPages/CreateAccount/Address_Input'

2018-05-23 13:16:02 - [MESSAGE][PASSED] - Text 'TestAddress' is set on object 'Object Repository/LoggedOutReactPages/CreateAccount/Address_Input'

2018-05-23 13:16:02 - [TEST_STEP][PASSED] - setText: Text 'Autotest' is set on object 'Object Repository/LoggedOutReactPages/CreateAccount/City_Input'

2018-05-23 13:16:03 - [MESSAGE][PASSED] - Text 'Autotest' is set on object 'Object Repository/LoggedOutReactPages/CreateAccount/City_Input'

2018-05-23 13:16:03 - [TEST_STEP][PASSED] - selectOptionByValue: All options with value 'CA' are selected in object 'Object Repository/LoggedOutReactPages/CreateAccount/State_Dropdown' 

2018-05-23 13:16:03 - [MESSAGE][PASSED] - All options with value 'CA' are selected in object 'Object Repository/LoggedOutReactPages/CreateAccount/State_Dropdown' 

2018-05-23 13:16:03 - [TEST_STEP][PASSED] - setText: Text '11111' is set on object 'Object Repository/LoggedOutReactPages/CreateAccount/Zip_Input'

2018-05-23 13:16:03 - [MESSAGE][PASSED] - Text '11111' is set on object 'Object Repository/LoggedOutReactPages/CreateAccount/Zip_Input'

2018-05-23 13:16:03 - [TEST_STEP][PASSED] - check: Object 'Object Repository/LoggedOutReactPages/CreateAccount/Copy_Checkbox' is checked

2018-05-23 13:16:03 - [MESSAGE][PASSED] - Object 'Object Repository/LoggedOutReactPages/CreateAccount/Copy_Checkbox' is checked

2018-05-23 13:16:03 - [TEST_STEP][PASSED] - verifyElementAttributeValue: Object 'Object Repository/LoggedOutReactPages/CreateAccount/BillingFirstName_Input' has attribute 'value' with value 'Dealer'

2018-05-23 13:16:03 - [MESSAGE][WARNING] - Timeout '0' is invalid. Using default page load timeout: '30'

2018-05-23 13:16:03 - [MESSAGE][PASSED] - Object 'Object Repository/LoggedOutReactPages/CreateAccount/BillingFirstName_Input' has attribute 'value' with value 'Dealer'

2018-05-23 13:16:03 - [TEST_STEP][PASSED] - verifyElementHasAttribute: Object 'Object Repository/LoggedOutReactPages/CreateAccount/BillingFirstName_Input' has attribute 'disabled'

2018-05-23 13:16:03 - [MESSAGE][WARNING] - Timeout '0' is invalid. Using default page load timeout: '30'

2018-05-23 13:16:03 - [MESSAGE][PASSED] - Object 'Object Repository/LoggedOutReactPages/CreateAccount/BillingFirstName_Input' has attribute 'disabled'

2018-05-23 13:16:03 - [TEST_STEP][PASSED] - verifyElementAttributeValue: Object 'Object Repository/LoggedOutReactPages/CreateAccount/BillingLastName_Input' has attribute 'value' with value 'Last'

2018-05-23 13:16:03 - [MESSAGE][WARNING] - Timeout '0' is invalid. Using default page load timeout: '30'

2018-05-23 13:16:04 - [MESSAGE][PASSED] - Object 'Object Repository/LoggedOutReactPages/CreateAccount/BillingLastName_Input' has attribute 'value' with value 'Last'

2018-05-23 13:16:04 - [TEST_STEP][PASSED] - verifyElementHasAttribute: Object 'Object Repository/LoggedOutReactPages/CreateAccount/BillingLastName_Input' has attribute 'disabled'

2018-05-23 13:16:04 - [MESSAGE][WARNING] - Timeout '0' is invalid. Using default page load timeout: '30'

2018-05-23 13:16:04 - [MESSAGE][PASSED] - Object 'Object Repository/LoggedOutReactPages/CreateAccount/BillingLastName_Input' has attribute 'disabled'

2018-05-23 13:16:04 - [TEST_STEP][PASSED] - verifyElementAttributeValue: Object 'Object Repository/LoggedOutReactPages/CreateAccount/BillingAddress_Input' has attribute 'value' with value 'TestAddress'

2018-05-23 13:16:04 - [MESSAGE][WARNING] - Timeout '0' is invalid. Using default page load timeout: '30'

2018-05-23 13:16:04 - [MESSAGE][PASSED] - Object 'Object Repository/LoggedOutReactPages/CreateAccount/BillingAddress_Input' has attribute 'value' with value 'TestAddress'

2018-05-23 13:16:04 - [TEST_STEP][PASSED] - verifyElementHasAttribute: Object 'Object Repository/LoggedOutReactPages/CreateAccount/BillingAddress_Input' has attribute 'disabled'

2018-05-23 13:16:04 - [MESSAGE][WARNING] - Timeout '0' is invalid. Using default page load timeout: '30'

2018-05-23 13:16:04 - [MESSAGE][PASSED] - Object 'Object Repository/LoggedOutReactPages/CreateAccount/BillingAddress_Input' has attribute 'disabled'

2018-05-23 13:16:04 - [TEST_STEP][PASSED] - verifyElementAttributeValue: Object 'Object Repository/LoggedOutReactPages/CreateAccount/BillingZip_Input' has attribute 'value' with value '11111'

2018-05-23 13:16:04 - [MESSAGE][WARNING] - Timeout '0' is invalid. Using default page load timeout: '30'

2018-05-23 13:16:05 - [MESSAGE][PASSED] - Object 'Object Repository/LoggedOutReactPages/CreateAccount/BillingZip_Input' has attribute 'value' with value '11111'

2018-05-23 13:16:05 - [TEST_STEP][PASSED] - verifyElementHasAttribute: Object 'Object Repository/LoggedOutReactPages/CreateAccount/BillingZip_Input' has attribute 'disabled'

2018-05-23 13:16:05 - [MESSAGE][WARNING] - Timeout '0' is invalid. Using default page load timeout: '30'

2018-05-23 13:16:05 - [MESSAGE][PASSED] - Object 'Object Repository/LoggedOutReactPages/CreateAccount/BillingZip_Input' has attribute 'disabled'

2018-05-23 13:16:05 - [TEST_STEP][PASSED] - closeBrowser: Browser is closed

2018-05-23 13:16:05 - [MESSAGE][PASSED] - Browser is closed]]></system-out>
         <system-err><![CDATA[]]></system-err>
      </testcase>
      <testcase name="Test Cases/SignUpConsumer - ValidFields" classname="Test Cases/SignUpConsumer - ValidFields" status="PASSED">
         <system-out><![CDATA[2018-05-23 13:16:05 - [TEST_CASE][PASSED] - Test Cases/SignUpConsumer - ValidFields: Test Cases/SignUpConsumer - ValidFields

2018-05-23 13:16:06 - [TEST_STEP][PASSED] - openBrowser: Browser is opened with url: ''

2018-05-23 13:16:08 - [MESSAGE][PASSED] - Browser is opened with url: ''

2018-05-23 13:16:08 - [TEST_STEP][PASSED] - maximizeWindow: Current window maximized

2018-05-23 13:16:09 - [MESSAGE][PASSED] - Current window maximized

2018-05-23 13:16:09 - [TEST_STEP][PASSED] - Statement - StartURL = com.kms.katalon.core.webui.keyword.WebUiBuiltInKeywords.concatenate([StagingReact, "create-account"]): Concatenated string array: '['https://staging.instavin.com/','create-account']' into 'https://staging.instavin.com/create-account'

2018-05-23 13:16:09 - [MESSAGE][PASSED] - Concatenated string array: '['https://staging.instavin.com/','create-account']' into 'https://staging.instavin.com/create-account'

2018-05-23 13:16:09 - [TEST_STEP][PASSED] - navigateToUrl: Navigate to 'https://staging.instavin.com/create-account' successfully

2018-05-23 13:16:12 - [MESSAGE][PASSED] - Navigate to 'https://staging.instavin.com/create-account' successfully

2018-05-23 13:16:12 - [TEST_STEP][PASSED] - verifyElementText: Actual text and expected text of test object 'Object Repository/LoggedOutReactPages/CreateAccount/Copy_Label' are matched.

2018-05-23 13:16:12 - [MESSAGE][PASSED] - Actual text and expected text of test object 'Object Repository/LoggedOutReactPages/CreateAccount/Copy_Label' are matched.

2018-05-23 13:16:12 - [TEST_STEP][PASSED] - verifyTextPresent: Text 'Buyer Information' is present on page 

2018-05-23 13:16:12 - [MESSAGE][PASSED] - Text 'Buyer Information' is present on page 

2018-05-23 13:16:12 - [TEST_STEP][PASSED] - verifyElementText: Actual text and expected text of test object 'Object Repository/LoggedOutReactPages/CreateAccount/Name_Label' are matched.

2018-05-23 13:16:12 - [MESSAGE][PASSED] - Actual text and expected text of test object 'Object Repository/LoggedOutReactPages/CreateAccount/Name_Label' are matched.

2018-05-23 13:16:12 - [TEST_STEP][PASSED] - verifyElementText: Actual text and expected text of test object 'Object Repository/LoggedOutReactPages/CreateAccount/Address_Label' are matched.

2018-05-23 13:16:12 - [MESSAGE][PASSED] - Actual text and expected text of test object 'Object Repository/LoggedOutReactPages/CreateAccount/Address_Label' are matched.

2018-05-23 13:16:12 - [TEST_STEP][PASSED] - Statement - now = new java.util.Date(): null

2018-05-23 13:16:12 - [TEST_STEP][PASSED] - Statement - rnd = now.format("yyyyMMddHHmmssSSS").toString(): null

2018-05-23 13:16:12 - [TEST_STEP][PASSED] - Statement - Email = com.kms.katalon.core.webui.keyword.WebUiBuiltInKeywords.concatenate(["buyer", rnd, "@mailinator.com"]): Concatenated string array: '['buyer','20180523131612810','@mailinator.com']' into 'buyer20180523131612810@mailinator.com'

2018-05-23 13:16:12 - [MESSAGE][PASSED] - Concatenated string array: '['buyer','20180523131612810','@mailinator.com']' into 'buyer20180523131612810@mailinator.com'

2018-05-23 13:16:12 - [TEST_STEP][PASSED] - setText: Text 'Consumer' is set on object 'Object Repository/LoggedOutReactPages/CreateAccount/FirstName_Input'

2018-05-23 13:16:13 - [MESSAGE][PASSED] - Text 'Consumer' is set on object 'Object Repository/LoggedOutReactPages/CreateAccount/FirstName_Input'

2018-05-23 13:16:13 - [TEST_STEP][PASSED] - setText: Text 'Test' is set on object 'Object Repository/LoggedOutReactPages/CreateAccount/LastName_Input'

2018-05-23 13:16:13 - [MESSAGE][PASSED] - Text 'Test' is set on object 'Object Repository/LoggedOutReactPages/CreateAccount/LastName_Input'

2018-05-23 13:16:13 - [TEST_STEP][PASSED] - setText: Text 'test' is set on object 'Object Repository/LoggedOutReactPages/CreateAccount/Address_Input'

2018-05-23 13:16:13 - [MESSAGE][PASSED] - Text 'test' is set on object 'Object Repository/LoggedOutReactPages/CreateAccount/Address_Input'

2018-05-23 13:16:13 - [TEST_STEP][PASSED] - setText: Text 'test' is set on object 'Object Repository/LoggedOutReactPages/CreateAccount/City_Input'

2018-05-23 13:16:13 - [MESSAGE][PASSED] - Text 'test' is set on object 'Object Repository/LoggedOutReactPages/CreateAccount/City_Input'

2018-05-23 13:16:13 - [TEST_STEP][PASSED] - selectOptionByValue: All options with value 'CA' are selected in object 'Object Repository/LoggedOutReactPages/CreateAccount/State_Dropdown' 

2018-05-23 13:16:13 - [MESSAGE][PASSED] - All options with value 'CA' are selected in object 'Object Repository/LoggedOutReactPages/CreateAccount/State_Dropdown' 

2018-05-23 13:16:13 - [TEST_STEP][PASSED] - setText: Text '11111' is set on object 'Object Repository/LoggedOutReactPages/CreateAccount/Zip_Input'

2018-05-23 13:16:13 - [MESSAGE][PASSED] - Text '11111' is set on object 'Object Repository/LoggedOutReactPages/CreateAccount/Zip_Input'

2018-05-23 13:16:13 - [TEST_STEP][PASSED] - setText: Text '8001112233' is set on object 'Object Repository/LoggedOutReactPages/CreateAccount/Phone_Input'

2018-05-23 13:16:14 - [MESSAGE][PASSED] - Text '8001112233' is set on object 'Object Repository/LoggedOutReactPages/CreateAccount/Phone_Input'

2018-05-23 13:16:14 - [TEST_STEP][PASSED] - setText: Text 'Consumer' is set on object 'Object Repository/LoggedOutReactPages/CreateAccount/BillingFirstName_Input'

2018-05-23 13:16:14 - [MESSAGE][PASSED] - Text 'Consumer' is set on object 'Object Repository/LoggedOutReactPages/CreateAccount/BillingFirstName_Input'

2018-05-23 13:16:14 - [TEST_STEP][PASSED] - setText: Text 'Test' is set on object 'Object Repository/LoggedOutReactPages/CreateAccount/BillingLastName_Input'

2018-05-23 13:16:14 - [MESSAGE][PASSED] - Text 'Test' is set on object 'Object Repository/LoggedOutReactPages/CreateAccount/BillingLastName_Input'

2018-05-23 13:16:14 - [TEST_STEP][PASSED] - setText: Text 'test' is set on object 'Object Repository/LoggedOutReactPages/CreateAccount/BillingAddress_Input'

2018-05-23 13:16:14 - [MESSAGE][PASSED] - Text 'test' is set on object 'Object Repository/LoggedOutReactPages/CreateAccount/BillingAddress_Input'

2018-05-23 13:16:15 - [TEST_STEP][PASSED] - setText: Text '11111' is set on object 'Object Repository/LoggedOutReactPages/CreateAccount/BillingZip_Input'

2018-05-23 13:16:15 - [MESSAGE][PASSED] - Text '11111' is set on object 'Object Repository/LoggedOutReactPages/CreateAccount/BillingZip_Input'

2018-05-23 13:16:15 - [TEST_STEP][PASSED] - setText: Text '4000100011112224' is set on object 'Object Repository/LoggedOutReactPages/CreateAccount/CcNumber_Input'

2018-05-23 13:16:15 - [MESSAGE][PASSED] - Text '4000100011112224' is set on object 'Object Repository/LoggedOutReactPages/CreateAccount/CcNumber_Input'

2018-05-23 13:16:15 - [TEST_STEP][PASSED] - selectOptionByValue: All options with value '6' are selected in object 'Object Repository/LoggedOutReactPages/CreateAccount/ExpirationMonth_Dropdown' 

2018-05-23 13:16:15 - [MESSAGE][PASSED] - All options with value '6' are selected in object 'Object Repository/LoggedOutReactPages/CreateAccount/ExpirationMonth_Dropdown' 

2018-05-23 13:16:15 - [TEST_STEP][PASSED] - setText: Text '111' is set on object 'Object Repository/LoggedOutReactPages/CreateAccount/CVV_Input'

2018-05-23 13:16:16 - [MESSAGE][PASSED] - Text '111' is set on object 'Object Repository/LoggedOutReactPages/CreateAccount/CVV_Input'

2018-05-23 13:16:16 - [TEST_STEP][PASSED] - selectOptionByValue: All options with value '2020' are selected in object 'Object Repository/LoggedOutReactPages/CreateAccount/ExpirationYear_Dropdown' 

2018-05-23 13:16:16 - [MESSAGE][PASSED] - All options with value '2020' are selected in object 'Object Repository/LoggedOutReactPages/CreateAccount/ExpirationYear_Dropdown' 

2018-05-23 13:16:16 - [TEST_STEP][PASSED] - setText: Text 'buyer20180523131612810@mailinator.com' is set on object 'Object Repository/LoggedOutReactPages/CreateAccount/Email_Input'

2018-05-23 13:16:17 - [MESSAGE][PASSED] - Text 'buyer20180523131612810@mailinator.com' is set on object 'Object Repository/LoggedOutReactPages/CreateAccount/Email_Input'

2018-05-23 13:16:17 - [TEST_STEP][PASSED] - setText: Text 'buyer20180523131612810@mailinator.com' is set on object 'Object Repository/LoggedOutReactPages/CreateAccount/ConfirmEmail_Input'

2018-05-23 13:16:17 - [MESSAGE][PASSED] - Text 'buyer20180523131612810@mailinator.com' is set on object 'Object Repository/LoggedOutReactPages/CreateAccount/ConfirmEmail_Input'

2018-05-23 13:16:17 - [TEST_STEP][PASSED] - setText: Text '111111' is set on object 'Object Repository/LoggedOutReactPages/CreateAccount/Password_Input'

2018-05-23 13:16:17 - [MESSAGE][PASSED] - Text '111111' is set on object 'Object Repository/LoggedOutReactPages/CreateAccount/Password_Input'

2018-05-23 13:16:17 - [TEST_STEP][PASSED] - setText: Text '111111' is set on object 'Object Repository/LoggedOutReactPages/CreateAccount/ConfirmPassword_Input'

2018-05-23 13:16:18 - [MESSAGE][PASSED] - Text '111111' is set on object 'Object Repository/LoggedOutReactPages/CreateAccount/ConfirmPassword_Input'

2018-05-23 13:16:18 - [TEST_STEP][PASSED] - check: Object 'Object Repository/LoggedOutReactPages/CreateAccount/AcceptTos_Checkbox' is checked

2018-05-23 13:16:18 - [MESSAGE][PASSED] - Object 'Object Repository/LoggedOutReactPages/CreateAccount/AcceptTos_Checkbox' is checked

2018-05-23 13:16:18 - [TEST_STEP][PASSED] - click: Object: 'Object Repository/LoggedOutReactPages/CreateAccount/Submit_button' is clicked on

2018-05-23 13:16:18 - [MESSAGE][PASSED] - Object: 'Object Repository/LoggedOutReactPages/CreateAccount/Submit_button' is clicked on

2018-05-23 13:16:18 - [TEST_STEP][PASSED] - waitForElementVisible: Object 'Object Repository/LoggedInReactPages/MyAccount (react)/Account_Header' is visible

2018-05-23 13:16:18 - [MESSAGE][WARNING] - Timeout '0' is invalid. Using default page load timeout: '30'

2018-05-23 13:16:21 - [MESSAGE][PASSED] - Object 'Object Repository/LoggedInReactPages/MyAccount (react)/Account_Header' is visible

2018-05-23 13:16:21 - [TEST_STEP][PASSED] - verifyElementText: Actual text and expected text of test object 'Object Repository/LoggedInReactPages/MyAccount (react)/Account_Header' are matched.

2018-05-23 13:16:21 - [MESSAGE][PASSED] - Actual text and expected text of test object 'Object Repository/LoggedInReactPages/MyAccount (react)/Account_Header' are matched.

2018-05-23 13:16:21 - [TEST_STEP][PASSED] - Statement - OrderURL = com.kms.katalon.core.webui.keyword.WebUiBuiltInKeywords.concatenate([StagingReact, "order"]): Concatenated string array: '['https://staging.instavin.com/','order']' into 'https://staging.instavin.com/order'

2018-05-23 13:16:21 - [MESSAGE][PASSED] - Concatenated string array: '['https://staging.instavin.com/','order']' into 'https://staging.instavin.com/order'

2018-05-23 13:16:21 - [TEST_STEP][PASSED] - navigateToUrl: Navigate to 'https://staging.instavin.com/order' successfully

2018-05-23 13:16:22 - [MESSAGE][PASSED] - Navigate to 'https://staging.instavin.com/order' successfully

2018-05-23 13:16:22 - [TEST_STEP][PASSED] - waitForElementVisible: Object 'Object Repository/LoggedInReactPages/Order (react)/instaVINProducts_Label' is visible

2018-05-23 13:16:22 - [MESSAGE][WARNING] - Timeout '0' is invalid. Using default page load timeout: '30'

2018-05-23 13:16:22 - [MESSAGE][PASSED] - Object 'Object Repository/LoggedInReactPages/Order (react)/instaVINProducts_Label' is visible

2018-05-23 13:16:22 - [TEST_STEP][PASSED] - verifyElementText: Actual text and expected text of test object 'Object Repository/LoggedInReactPages/Order (react)/VtrPrice1' are matched.

2018-05-23 13:16:22 - [MESSAGE][PASSED] - Actual text and expected text of test object 'Object Repository/LoggedInReactPages/Order (react)/VtrPrice1' are matched.

2018-05-23 13:16:22 - [TEST_STEP][PASSED] - verifyElementText: Actual text and expected text of test object 'Object Repository/LoggedInReactPages/Order (react)/VtrPrice10' are matched.

2018-05-23 13:16:22 - [MESSAGE][PASSED] - Actual text and expected text of test object 'Object Repository/LoggedInReactPages/Order (react)/VtrPrice10' are matched.

2018-05-23 13:16:22 - [TEST_STEP][PASSED] - closeBrowser: Browser is closed

2018-05-23 13:16:23 - [MESSAGE][PASSED] - Browser is closed]]></system-out>
         <system-err><![CDATA[]]></system-err>
      </testcase>
      <testcase name="Test Cases/SignUpDealer - ValidFields" classname="Test Cases/SignUpDealer - ValidFields" status="PASSED">
         <system-out><![CDATA[2018-05-23 13:16:23 - [TEST_CASE][PASSED] - Test Cases/SignUpDealer - ValidFields: Test Cases/SignUpDealer - ValidFields

2018-05-23 13:16:23 - [TEST_STEP][PASSED] - openBrowser: Browser is opened with url: ''

2018-05-23 13:16:26 - [MESSAGE][PASSED] - Browser is opened with url: ''

2018-05-23 13:16:26 - [TEST_STEP][PASSED] - maximizeWindow: Current window maximized

2018-05-23 13:16:27 - [MESSAGE][PASSED] - Current window maximized

2018-05-23 13:16:27 - [TEST_STEP][PASSED] - Statement - StartURL = com.kms.katalon.core.webui.keyword.WebUiBuiltInKeywords.concatenate([StagingReact, "create-account"]): Concatenated string array: '['https://staging.instavin.com/','create-account']' into 'https://staging.instavin.com/create-account'

2018-05-23 13:16:27 - [MESSAGE][PASSED] - Concatenated string array: '['https://staging.instavin.com/','create-account']' into 'https://staging.instavin.com/create-account'

2018-05-23 13:16:27 - [TEST_STEP][PASSED] - navigateToUrl: Navigate to 'https://staging.instavin.com/create-account' successfully

2018-05-23 13:16:30 - [MESSAGE][PASSED] - Navigate to 'https://staging.instavin.com/create-account' successfully

2018-05-23 13:16:30 - [TEST_STEP][PASSED] - click: Object: 'Object Repository/LoggedOutReactPages/CreateAccount/Dealer_Button' is clicked on

2018-05-23 13:16:30 - [MESSAGE][PASSED] - Object: 'Object Repository/LoggedOutReactPages/CreateAccount/Dealer_Button' is clicked on

2018-05-23 13:16:30 - [TEST_STEP][PASSED] - verifyElementText: Actual text and expected text of test object 'Object Repository/LoggedOutReactPages/CreateAccount/Copy_Label' are matched.

2018-05-23 13:16:30 - [MESSAGE][PASSED] - Actual text and expected text of test object 'Object Repository/LoggedOutReactPages/CreateAccount/Copy_Label' are matched.

2018-05-23 13:16:30 - [TEST_STEP][PASSED] - verifyTextPresent: Text 'Dealer Information' is present on page 

2018-05-23 13:16:30 - [MESSAGE][PASSED] - Text 'Dealer Information' is present on page 

2018-05-23 13:16:30 - [TEST_STEP][PASSED] - Statement - now = new java.util.Date(): null

2018-05-23 13:16:30 - [TEST_STEP][PASSED] - Statement - rnd = now.format("yyyyMMddHHmmssSSS").toString(): null

2018-05-23 13:16:30 - [TEST_STEP][PASSED] - Statement - Email = com.kms.katalon.core.webui.keyword.WebUiBuiltInKeywords.concatenate(["dealer", rnd, "@mailinator.com"]): Concatenated string array: '['dealer','20180523131630539','@mailinator.com']' into 'dealer20180523131630539@mailinator.com'

2018-05-23 13:16:30 - [MESSAGE][PASSED] - Concatenated string array: '['dealer','20180523131630539','@mailinator.com']' into 'dealer20180523131630539@mailinator.com'

2018-05-23 13:16:30 - [TEST_STEP][PASSED] - setText: Text 'Test' is set on object 'Object Repository/LoggedOutReactPages/CreateAccount/BusinessName_Input'

2018-05-23 13:16:30 - [MESSAGE][PASSED] - Text 'Test' is set on object 'Object Repository/LoggedOutReactPages/CreateAccount/BusinessName_Input'

2018-05-23 13:16:30 - [TEST_STEP][PASSED] - setText: Text '111111' is set on object 'Object Repository/LoggedOutReactPages/CreateAccount/AccessID_Input'

2018-05-23 13:16:30 - [MESSAGE][PASSED] - Text '111111' is set on object 'Object Repository/LoggedOutReactPages/CreateAccount/AccessID_Input'

2018-05-23 13:16:30 - [TEST_STEP][PASSED] - setText: Text 'Dealer' is set on object 'Object Repository/LoggedOutReactPages/CreateAccount/FirstName_Input'

2018-05-23 13:16:31 - [MESSAGE][PASSED] - Text 'Dealer' is set on object 'Object Repository/LoggedOutReactPages/CreateAccount/FirstName_Input'

2018-05-23 13:16:31 - [TEST_STEP][PASSED] - setText: Text 'Test' is set on object 'Object Repository/LoggedOutReactPages/CreateAccount/LastName_Input'

2018-05-23 13:16:31 - [MESSAGE][PASSED] - Text 'Test' is set on object 'Object Repository/LoggedOutReactPages/CreateAccount/LastName_Input'

2018-05-23 13:16:31 - [TEST_STEP][PASSED] - setText: Text 'test' is set on object 'Object Repository/LoggedOutReactPages/CreateAccount/Address_Input'

2018-05-23 13:16:31 - [MESSAGE][PASSED] - Text 'test' is set on object 'Object Repository/LoggedOutReactPages/CreateAccount/Address_Input'

2018-05-23 13:16:31 - [TEST_STEP][PASSED] - setText: Text 'test' is set on object 'Object Repository/LoggedOutReactPages/CreateAccount/City_Input'

2018-05-23 13:16:31 - [MESSAGE][PASSED] - Text 'test' is set on object 'Object Repository/LoggedOutReactPages/CreateAccount/City_Input'

2018-05-23 13:16:31 - [TEST_STEP][PASSED] - selectOptionByValue: All options with value 'TX' are selected in object 'Object Repository/LoggedOutReactPages/CreateAccount/State_Dropdown' 

2018-05-23 13:16:32 - [MESSAGE][PASSED] - All options with value 'TX' are selected in object 'Object Repository/LoggedOutReactPages/CreateAccount/State_Dropdown' 

2018-05-23 13:16:32 - [TEST_STEP][PASSED] - setText: Text '11111' is set on object 'Object Repository/LoggedOutReactPages/CreateAccount/Zip_Input'

2018-05-23 13:16:32 - [MESSAGE][PASSED] - Text '11111' is set on object 'Object Repository/LoggedOutReactPages/CreateAccount/Zip_Input'

2018-05-23 13:16:32 - [TEST_STEP][PASSED] - setText: Text '8001112233' is set on object 'Object Repository/LoggedOutReactPages/CreateAccount/Phone_Input'

2018-05-23 13:16:32 - [MESSAGE][PASSED] - Text '8001112233' is set on object 'Object Repository/LoggedOutReactPages/CreateAccount/Phone_Input'

2018-05-23 13:16:32 - [TEST_STEP][PASSED] - setText: Text 'Dealer' is set on object 'Object Repository/LoggedOutReactPages/CreateAccount/BillingFirstName_Input'

2018-05-23 13:16:32 - [MESSAGE][PASSED] - Text 'Dealer' is set on object 'Object Repository/LoggedOutReactPages/CreateAccount/BillingFirstName_Input'

2018-05-23 13:16:32 - [TEST_STEP][PASSED] - setText: Text 'Test' is set on object 'Object Repository/LoggedOutReactPages/CreateAccount/BillingLastName_Input'

2018-05-23 13:16:33 - [MESSAGE][PASSED] - Text 'Test' is set on object 'Object Repository/LoggedOutReactPages/CreateAccount/BillingLastName_Input'

2018-05-23 13:16:33 - [TEST_STEP][PASSED] - setText: Text 'test' is set on object 'Object Repository/LoggedOutReactPages/CreateAccount/BillingAddress_Input'

2018-05-23 13:16:33 - [MESSAGE][PASSED] - Text 'test' is set on object 'Object Repository/LoggedOutReactPages/CreateAccount/BillingAddress_Input'

2018-05-23 13:16:33 - [TEST_STEP][PASSED] - setText: Text '11111' is set on object 'Object Repository/LoggedOutReactPages/CreateAccount/BillingZip_Input'

2018-05-23 13:16:34 - [MESSAGE][PASSED] - Text '11111' is set on object 'Object Repository/LoggedOutReactPages/CreateAccount/BillingZip_Input'

2018-05-23 13:16:34 - [TEST_STEP][PASSED] - setText: Text '4000100011112224' is set on object 'Object Repository/LoggedOutReactPages/CreateAccount/CcNumber_Input'

2018-05-23 13:16:34 - [MESSAGE][PASSED] - Text '4000100011112224' is set on object 'Object Repository/LoggedOutReactPages/CreateAccount/CcNumber_Input'

2018-05-23 13:16:34 - [TEST_STEP][PASSED] - selectOptionByValue: All options with value '6' are selected in object 'Object Repository/LoggedOutReactPages/CreateAccount/ExpirationMonth_Dropdown' 

2018-05-23 13:16:34 - [MESSAGE][PASSED] - All options with value '6' are selected in object 'Object Repository/LoggedOutReactPages/CreateAccount/ExpirationMonth_Dropdown' 

2018-05-23 13:16:34 - [TEST_STEP][PASSED] - setText: Text '111' is set on object 'Object Repository/LoggedOutReactPages/CreateAccount/CVV_Input'

2018-05-23 13:16:34 - [MESSAGE][PASSED] - Text '111' is set on object 'Object Repository/LoggedOutReactPages/CreateAccount/CVV_Input'

2018-05-23 13:16:34 - [TEST_STEP][PASSED] - selectOptionByValue: All options with value '2020' are selected in object 'Object Repository/LoggedOutReactPages/CreateAccount/ExpirationYear_Dropdown' 

2018-05-23 13:16:35 - [MESSAGE][PASSED] - All options with value '2020' are selected in object 'Object Repository/LoggedOutReactPages/CreateAccount/ExpirationYear_Dropdown' 

2018-05-23 13:16:35 - [TEST_STEP][PASSED] - setText: Text 'dealer20180523131630539@mailinator.com' is set on object 'Object Repository/LoggedOutReactPages/CreateAccount/Email_Input'

2018-05-23 13:16:35 - [MESSAGE][PASSED] - Text 'dealer20180523131630539@mailinator.com' is set on object 'Object Repository/LoggedOutReactPages/CreateAccount/Email_Input'

2018-05-23 13:16:35 - [TEST_STEP][PASSED] - setText: Text 'dealer20180523131630539@mailinator.com' is set on object 'Object Repository/LoggedOutReactPages/CreateAccount/ConfirmEmail_Input'

2018-05-23 13:16:36 - [MESSAGE][PASSED] - Text 'dealer20180523131630539@mailinator.com' is set on object 'Object Repository/LoggedOutReactPages/CreateAccount/ConfirmEmail_Input'

2018-05-23 13:16:36 - [TEST_STEP][PASSED] - setText: Text '111111' is set on object 'Object Repository/LoggedOutReactPages/CreateAccount/Password_Input'

2018-05-23 13:16:36 - [MESSAGE][PASSED] - Text '111111' is set on object 'Object Repository/LoggedOutReactPages/CreateAccount/Password_Input'

2018-05-23 13:16:36 - [TEST_STEP][PASSED] - setText: Text '111111' is set on object 'Object Repository/LoggedOutReactPages/CreateAccount/ConfirmPassword_Input'

2018-05-23 13:16:37 - [MESSAGE][PASSED] - Text '111111' is set on object 'Object Repository/LoggedOutReactPages/CreateAccount/ConfirmPassword_Input'

2018-05-23 13:16:37 - [TEST_STEP][PASSED] - check: Object 'Object Repository/LoggedOutReactPages/CreateAccount/AcceptTos_Checkbox' is checked

2018-05-23 13:16:37 - [MESSAGE][PASSED] - Object 'Object Repository/LoggedOutReactPages/CreateAccount/AcceptTos_Checkbox' is checked

2018-05-23 13:16:37 - [TEST_STEP][PASSED] - click: Object: 'Object Repository/LoggedOutReactPages/CreateAccount/Submit_button' is clicked on

2018-05-23 13:16:37 - [MESSAGE][PASSED] - Object: 'Object Repository/LoggedOutReactPages/CreateAccount/Submit_button' is clicked on

2018-05-23 13:16:37 - [TEST_STEP][PASSED] - waitForElementVisible: Object 'Object Repository/LoggedInReactPages/MyAccount (react)/Account_Header' is visible

2018-05-23 13:16:37 - [MESSAGE][WARNING] - Timeout '0' is invalid. Using default page load timeout: '30'

2018-05-23 13:16:40 - [MESSAGE][PASSED] - Object 'Object Repository/LoggedInReactPages/MyAccount (react)/Account_Header' is visible

2018-05-23 13:16:40 - [TEST_STEP][PASSED] - verifyElementText: Actual text and expected text of test object 'Object Repository/LoggedInReactPages/MyAccount (react)/Account_Header' are matched.

2018-05-23 13:16:40 - [MESSAGE][PASSED] - Actual text and expected text of test object 'Object Repository/LoggedInReactPages/MyAccount (react)/Account_Header' are matched.

2018-05-23 13:16:40 - [TEST_STEP][PASSED] - Statement - OrderURL = com.kms.katalon.core.webui.keyword.WebUiBuiltInKeywords.concatenate([StagingReact, "order"]): Concatenated string array: '['https://staging.instavin.com/','order']' into 'https://staging.instavin.com/order'

2018-05-23 13:16:40 - [MESSAGE][PASSED] - Concatenated string array: '['https://staging.instavin.com/','order']' into 'https://staging.instavin.com/order'

2018-05-23 13:16:40 - [TEST_STEP][PASSED] - navigateToUrl: Navigate to 'https://staging.instavin.com/order' successfully

2018-05-23 13:16:40 - [MESSAGE][PASSED] - Navigate to 'https://staging.instavin.com/order' successfully

2018-05-23 13:16:40 - [TEST_STEP][PASSED] - waitForElementVisible: Object 'Object Repository/LoggedInReactPages/Order (react)/instaVINProducts_Label' is visible

2018-05-23 13:16:40 - [MESSAGE][WARNING] - Timeout '0' is invalid. Using default page load timeout: '30'

2018-05-23 13:16:40 - [MESSAGE][PASSED] - Object 'Object Repository/LoggedInReactPages/Order (react)/instaVINProducts_Label' is visible

2018-05-23 13:16:40 - [TEST_STEP][PASSED] - verifyElementText: Actual text and expected text of test object 'Object Repository/LoggedInReactPages/Order (react)/VtrPrice1' are matched.

2018-05-23 13:16:40 - [MESSAGE][PASSED] - Actual text and expected text of test object 'Object Repository/LoggedInReactPages/Order (react)/VtrPrice1' are matched.

2018-05-23 13:16:40 - [TEST_STEP][PASSED] - verifyElementText: Actual text and expected text of test object 'Object Repository/LoggedInReactPages/Order (react)/VtrPrice10' are matched.

2018-05-23 13:16:40 - [MESSAGE][PASSED] - Actual text and expected text of test object 'Object Repository/LoggedInReactPages/Order (react)/VtrPrice10' are matched.

2018-05-23 13:16:40 - [TEST_STEP][PASSED] - verifyElementText: Actual text and expected text of test object 'Object Repository/LoggedInReactPages/Order (react)/VtrPrice50' are matched.

2018-05-23 13:16:41 - [MESSAGE][PASSED] - Actual text and expected text of test object 'Object Repository/LoggedInReactPages/Order (react)/VtrPrice50' are matched.

2018-05-23 13:16:41 - [TEST_STEP][PASSED] - closeBrowser: Browser is closed

2018-05-23 13:16:41 - [MESSAGE][PASSED] - Browser is closed]]></system-out>
         <system-err><![CDATA[]]></system-err>
      </testcase>
      <testcase name="Test Cases/SignUpCADealer - ValidFields" classname="Test Cases/SignUpCADealer - ValidFields" status="PASSED">
         <system-out><![CDATA[2018-05-23 13:16:41 - [TEST_CASE][PASSED] - Test Cases/SignUpCADealer - ValidFields: Test Cases/SignUpCADealer - ValidFields

2018-05-23 13:16:42 - [TEST_STEP][PASSED] - openBrowser: Browser is opened with url: ''

2018-05-23 13:16:44 - [MESSAGE][PASSED] - Browser is opened with url: ''

2018-05-23 13:16:44 - [TEST_STEP][PASSED] - maximizeWindow: Current window maximized

2018-05-23 13:16:45 - [MESSAGE][PASSED] - Current window maximized

2018-05-23 13:16:45 - [TEST_STEP][PASSED] - Statement - StartURL = com.kms.katalon.core.webui.keyword.WebUiBuiltInKeywords.concatenate([StagingReact, "create-account"]): Concatenated string array: '['https://staging.instavin.com/','create-account']' into 'https://staging.instavin.com/create-account'

2018-05-23 13:16:45 - [MESSAGE][PASSED] - Concatenated string array: '['https://staging.instavin.com/','create-account']' into 'https://staging.instavin.com/create-account'

2018-05-23 13:16:45 - [TEST_STEP][PASSED] - navigateToUrl: Navigate to 'https://staging.instavin.com/create-account' successfully

2018-05-23 13:16:48 - [MESSAGE][PASSED] - Navigate to 'https://staging.instavin.com/create-account' successfully

2018-05-23 13:16:48 - [TEST_STEP][PASSED] - click: Object: 'Object Repository/LoggedOutReactPages/CreateAccount/Dealer_Button' is clicked on

2018-05-23 13:16:48 - [MESSAGE][PASSED] - Object: 'Object Repository/LoggedOutReactPages/CreateAccount/Dealer_Button' is clicked on

2018-05-23 13:16:48 - [TEST_STEP][PASSED] - verifyElementText: Actual text and expected text of test object 'Object Repository/LoggedOutReactPages/CreateAccount/Copy_Label' are matched.

2018-05-23 13:16:48 - [MESSAGE][PASSED] - Actual text and expected text of test object 'Object Repository/LoggedOutReactPages/CreateAccount/Copy_Label' are matched.

2018-05-23 13:16:48 - [TEST_STEP][PASSED] - verifyTextPresent: Text 'Dealer Information' is present on page 

2018-05-23 13:16:48 - [MESSAGE][PASSED] - Text 'Dealer Information' is present on page 

2018-05-23 13:16:48 - [TEST_STEP][PASSED] - Statement - now = new java.util.Date(): null

2018-05-23 13:16:48 - [TEST_STEP][PASSED] - Statement - rnd = now.format("yyyyMMddHHmmssSSS").toString(): null

2018-05-23 13:16:48 - [TEST_STEP][PASSED] - Statement - Email = com.kms.katalon.core.webui.keyword.WebUiBuiltInKeywords.concatenate(["cadealer", rnd, "@mailinator.com"]): Concatenated string array: '['cadealer','20180523131648998','@mailinator.com']' into 'cadealer20180523131648998@mailinator.com'

2018-05-23 13:16:48 - [MESSAGE][PASSED] - Concatenated string array: '['cadealer','20180523131648998','@mailinator.com']' into 'cadealer20180523131648998@mailinator.com'

2018-05-23 13:16:49 - [TEST_STEP][PASSED] - setText: Text 'Test' is set on object 'Object Repository/LoggedOutReactPages/CreateAccount/BusinessName_Input'

2018-05-23 13:16:49 - [MESSAGE][PASSED] - Text 'Test' is set on object 'Object Repository/LoggedOutReactPages/CreateAccount/BusinessName_Input'

2018-05-23 13:16:49 - [TEST_STEP][PASSED] - setText: Text '111111' is set on object 'Object Repository/LoggedOutReactPages/CreateAccount/AccessID_Input'

2018-05-23 13:16:49 - [MESSAGE][PASSED] - Text '111111' is set on object 'Object Repository/LoggedOutReactPages/CreateAccount/AccessID_Input'

2018-05-23 13:16:49 - [TEST_STEP][PASSED] - setText: Text 'CaDealer' is set on object 'Object Repository/LoggedOutReactPages/CreateAccount/FirstName_Input'

2018-05-23 13:16:49 - [MESSAGE][PASSED] - Text 'CaDealer' is set on object 'Object Repository/LoggedOutReactPages/CreateAccount/FirstName_Input'

2018-05-23 13:16:49 - [TEST_STEP][PASSED] - setText: Text 'Test' is set on object 'Object Repository/LoggedOutReactPages/CreateAccount/LastName_Input'

2018-05-23 13:16:49 - [MESSAGE][PASSED] - Text 'Test' is set on object 'Object Repository/LoggedOutReactPages/CreateAccount/LastName_Input'

2018-05-23 13:16:49 - [TEST_STEP][PASSED] - setText: Text 'test' is set on object 'Object Repository/LoggedOutReactPages/CreateAccount/Address_Input'

2018-05-23 13:16:49 - [MESSAGE][PASSED] - Text 'test' is set on object 'Object Repository/LoggedOutReactPages/CreateAccount/Address_Input'

2018-05-23 13:16:49 - [TEST_STEP][PASSED] - setText: Text 'test' is set on object 'Object Repository/LoggedOutReactPages/CreateAccount/City_Input'

2018-05-23 13:16:50 - [MESSAGE][PASSED] - Text 'test' is set on object 'Object Repository/LoggedOutReactPages/CreateAccount/City_Input'

2018-05-23 13:16:50 - [TEST_STEP][PASSED] - selectOptionByValue: All options with value 'CA' are selected in object 'Object Repository/LoggedOutReactPages/CreateAccount/State_Dropdown' 

2018-05-23 13:16:50 - [MESSAGE][PASSED] - All options with value 'CA' are selected in object 'Object Repository/LoggedOutReactPages/CreateAccount/State_Dropdown' 

2018-05-23 13:16:50 - [TEST_STEP][PASSED] - setText: Text '11111' is set on object 'Object Repository/LoggedOutReactPages/CreateAccount/Zip_Input'

2018-05-23 13:16:50 - [MESSAGE][PASSED] - Text '11111' is set on object 'Object Repository/LoggedOutReactPages/CreateAccount/Zip_Input'

2018-05-23 13:16:50 - [TEST_STEP][PASSED] - setText: Text '8001112233' is set on object 'Object Repository/LoggedOutReactPages/CreateAccount/Phone_Input'

2018-05-23 13:16:51 - [MESSAGE][PASSED] - Text '8001112233' is set on object 'Object Repository/LoggedOutReactPages/CreateAccount/Phone_Input'

2018-05-23 13:16:51 - [TEST_STEP][PASSED] - setText: Text 'CaDealer' is set on object 'Object Repository/LoggedOutReactPages/CreateAccount/BillingFirstName_Input'

2018-05-23 13:16:51 - [MESSAGE][PASSED] - Text 'CaDealer' is set on object 'Object Repository/LoggedOutReactPages/CreateAccount/BillingFirstName_Input'

2018-05-23 13:16:51 - [TEST_STEP][PASSED] - setText: Text 'Test' is set on object 'Object Repository/LoggedOutReactPages/CreateAccount/BillingLastName_Input'

2018-05-23 13:16:52 - [MESSAGE][PASSED] - Text 'Test' is set on object 'Object Repository/LoggedOutReactPages/CreateAccount/BillingLastName_Input'

2018-05-23 13:16:52 - [TEST_STEP][PASSED] - setText: Text 'test' is set on object 'Object Repository/LoggedOutReactPages/CreateAccount/BillingAddress_Input'

2018-05-23 13:16:52 - [MESSAGE][PASSED] - Text 'test' is set on object 'Object Repository/LoggedOutReactPages/CreateAccount/BillingAddress_Input'

2018-05-23 13:16:52 - [TEST_STEP][PASSED] - setText: Text '11111' is set on object 'Object Repository/LoggedOutReactPages/CreateAccount/BillingZip_Input'

2018-05-23 13:16:52 - [MESSAGE][PASSED] - Text '11111' is set on object 'Object Repository/LoggedOutReactPages/CreateAccount/BillingZip_Input'

2018-05-23 13:16:52 - [TEST_STEP][PASSED] - setText: Text '4000100011112224' is set on object 'Object Repository/LoggedOutReactPages/CreateAccount/CcNumber_Input'

2018-05-23 13:16:52 - [MESSAGE][PASSED] - Text '4000100011112224' is set on object 'Object Repository/LoggedOutReactPages/CreateAccount/CcNumber_Input'

2018-05-23 13:16:52 - [TEST_STEP][PASSED] - selectOptionByValue: All options with value '6' are selected in object 'Object Repository/LoggedOutReactPages/CreateAccount/ExpirationMonth_Dropdown' 

2018-05-23 13:16:52 - [MESSAGE][PASSED] - All options with value '6' are selected in object 'Object Repository/LoggedOutReactPages/CreateAccount/ExpirationMonth_Dropdown' 

2018-05-23 13:16:52 - [TEST_STEP][PASSED] - setText: Text '111' is set on object 'Object Repository/LoggedOutReactPages/CreateAccount/CVV_Input'

2018-05-23 13:16:53 - [MESSAGE][PASSED] - Text '111' is set on object 'Object Repository/LoggedOutReactPages/CreateAccount/CVV_Input'

2018-05-23 13:16:53 - [TEST_STEP][PASSED] - selectOptionByValue: All options with value '2020' are selected in object 'Object Repository/LoggedOutReactPages/CreateAccount/ExpirationYear_Dropdown' 

2018-05-23 13:16:53 - [MESSAGE][PASSED] - All options with value '2020' are selected in object 'Object Repository/LoggedOutReactPages/CreateAccount/ExpirationYear_Dropdown' 

2018-05-23 13:16:53 - [TEST_STEP][PASSED] - setText: Text 'cadealer20180523131648998@mailinator.com' is set on object 'Object Repository/LoggedOutReactPages/CreateAccount/Email_Input'

2018-05-23 13:16:54 - [MESSAGE][PASSED] - Text 'cadealer20180523131648998@mailinator.com' is set on object 'Object Repository/LoggedOutReactPages/CreateAccount/Email_Input'

2018-05-23 13:16:54 - [TEST_STEP][PASSED] - setText: Text 'cadealer20180523131648998@mailinator.com' is set on object 'Object Repository/LoggedOutReactPages/CreateAccount/ConfirmEmail_Input'

2018-05-23 13:16:54 - [MESSAGE][PASSED] - Text 'cadealer20180523131648998@mailinator.com' is set on object 'Object Repository/LoggedOutReactPages/CreateAccount/ConfirmEmail_Input'

2018-05-23 13:16:54 - [TEST_STEP][PASSED] - setText: Text '111111' is set on object 'Object Repository/LoggedOutReactPages/CreateAccount/Password_Input'

2018-05-23 13:16:54 - [MESSAGE][PASSED] - Text '111111' is set on object 'Object Repository/LoggedOutReactPages/CreateAccount/Password_Input'

2018-05-23 13:16:54 - [TEST_STEP][PASSED] - setText: Text '111111' is set on object 'Object Repository/LoggedOutReactPages/CreateAccount/ConfirmPassword_Input'

2018-05-23 13:16:55 - [MESSAGE][PASSED] - Text '111111' is set on object 'Object Repository/LoggedOutReactPages/CreateAccount/ConfirmPassword_Input'

2018-05-23 13:16:55 - [TEST_STEP][PASSED] - check: Object 'Object Repository/LoggedOutReactPages/CreateAccount/AcceptTos_Checkbox' is checked

2018-05-23 13:16:55 - [MESSAGE][PASSED] - Object 'Object Repository/LoggedOutReactPages/CreateAccount/AcceptTos_Checkbox' is checked

2018-05-23 13:16:55 - [TEST_STEP][PASSED] - click: Object: 'Object Repository/LoggedOutReactPages/CreateAccount/Submit_button' is clicked on

2018-05-23 13:16:55 - [MESSAGE][PASSED] - Object: 'Object Repository/LoggedOutReactPages/CreateAccount/Submit_button' is clicked on

2018-05-23 13:16:55 - [TEST_STEP][PASSED] - waitForElementVisible: Object 'Object Repository/LoggedInReactPages/MyAccount (react)/Account_Header' is visible

2018-05-23 13:16:55 - [MESSAGE][WARNING] - Timeout '0' is invalid. Using default page load timeout: '30'

2018-05-23 13:16:58 - [MESSAGE][PASSED] - Object 'Object Repository/LoggedInReactPages/MyAccount (react)/Account_Header' is visible

2018-05-23 13:16:58 - [TEST_STEP][PASSED] - verifyElementText: Actual text and expected text of test object 'Object Repository/LoggedInReactPages/MyAccount (react)/Account_Header' are matched.

2018-05-23 13:16:58 - [MESSAGE][PASSED] - Actual text and expected text of test object 'Object Repository/LoggedInReactPages/MyAccount (react)/Account_Header' are matched.

2018-05-23 13:16:58 - [TEST_STEP][PASSED] - Statement - OrderURL = com.kms.katalon.core.webui.keyword.WebUiBuiltInKeywords.concatenate([StagingReact, "order"]): Concatenated string array: '['https://staging.instavin.com/','order']' into 'https://staging.instavin.com/order'

2018-05-23 13:16:58 - [MESSAGE][PASSED] - Concatenated string array: '['https://staging.instavin.com/','order']' into 'https://staging.instavin.com/order'

2018-05-23 13:16:58 - [TEST_STEP][PASSED] - navigateToUrl: Navigate to 'https://staging.instavin.com/order' successfully

2018-05-23 13:16:59 - [MESSAGE][PASSED] - Navigate to 'https://staging.instavin.com/order' successfully

2018-05-23 13:16:59 - [TEST_STEP][PASSED] - waitForElementVisible: Object 'Object Repository/LoggedInReactPages/Order (react)/instaVINProducts_Label' is visible

2018-05-23 13:16:59 - [MESSAGE][WARNING] - Timeout '0' is invalid. Using default page load timeout: '30'

2018-05-23 13:16:59 - [MESSAGE][PASSED] - Object 'Object Repository/LoggedInReactPages/Order (react)/instaVINProducts_Label' is visible

2018-05-23 13:16:59 - [TEST_STEP][PASSED] - verifyElementText: Actual text and expected text of test object 'Object Repository/LoggedInReactPages/Order (react)/VtrPrice1' are matched.

2018-05-23 13:16:59 - [MESSAGE][PASSED] - Actual text and expected text of test object 'Object Repository/LoggedInReactPages/Order (react)/VtrPrice1' are matched.

2018-05-23 13:16:59 - [TEST_STEP][PASSED] - verifyElementText: Actual text and expected text of test object 'Object Repository/LoggedInReactPages/Order (react)/VtrPrice10' are matched.

2018-05-23 13:16:59 - [MESSAGE][PASSED] - Actual text and expected text of test object 'Object Repository/LoggedInReactPages/Order (react)/VtrPrice10' are matched.

2018-05-23 13:16:59 - [TEST_STEP][PASSED] - verifyElementText: Actual text and expected text of test object 'Object Repository/LoggedInReactPages/Order (react)/VtrPrice50' are matched.

2018-05-23 13:16:59 - [MESSAGE][PASSED] - Actual text and expected text of test object 'Object Repository/LoggedInReactPages/Order (react)/VtrPrice50' are matched.

2018-05-23 13:16:59 - [TEST_STEP][PASSED] - closeBrowser: Browser is closed

2018-05-23 13:17:00 - [MESSAGE][PASSED] - Browser is closed]]></system-out>
         <system-err><![CDATA[]]></system-err>
      </testcase>
      <testcase name="Test Cases/LoginEmptyEmail" classname="Test Cases/LoginEmptyEmail" status="PASSED">
         <system-out><![CDATA[2018-05-23 13:17:00 - [TEST_CASE][PASSED] - Test Cases/LoginEmptyEmail: Test Cases/LoginEmptyEmail

2018-05-23 13:17:00 - [TEST_STEP][PASSED] - openBrowser: Browser is opened with url: ''

2018-05-23 13:17:02 - [MESSAGE][PASSED] - Browser is opened with url: ''

2018-05-23 13:17:02 - [TEST_STEP][PASSED] - maximizeWindow: Current window maximized

2018-05-23 13:17:03 - [MESSAGE][PASSED] - Current window maximized

2018-05-23 13:17:03 - [TEST_STEP][PASSED] - navigateToUrl: Navigate to 'https://staging.instavin.com/' successfully

2018-05-23 13:17:06 - [MESSAGE][PASSED] - Navigate to 'https://staging.instavin.com/' successfully

2018-05-23 13:17:06 - [TEST_STEP][PASSED] - mouseOver: Object: 'Object Repository/LoggedOutReactPages/CommonElements/SignIn_Label' is hovered

2018-05-23 13:17:06 - [MESSAGE][PASSED] - Object: 'Object Repository/LoggedOutReactPages/CommonElements/SignIn_Label' is hovered

2018-05-23 13:17:06 - [TEST_STEP][PASSED] - verifyElementVisible: Object 'Object Repository/LoggedOutReactPages/CommonElements/SignIn_Button' is visible

2018-05-23 13:17:06 - [MESSAGE][PASSED] - Object 'Object Repository/LoggedOutReactPages/CommonElements/SignIn_Button' is visible

2018-05-23 13:17:06 - [TEST_STEP][PASSED] - verifyElementVisible: Object 'Object Repository/LoggedOutReactPages/CommonElements/ForgotPassword_Link' is visible

2018-05-23 13:17:06 - [MESSAGE][PASSED] - Object 'Object Repository/LoggedOutReactPages/CommonElements/ForgotPassword_Link' is visible

2018-05-23 13:17:06 - [TEST_STEP][PASSED] - setText: Text '' is set on object 'Object Repository/LoggedOutReactPages/CommonElements/Email_input'

2018-05-23 13:17:07 - [MESSAGE][PASSED] - Text '' is set on object 'Object Repository/LoggedOutReactPages/CommonElements/Email_input'

2018-05-23 13:17:07 - [TEST_STEP][PASSED] - setText: Text 'WrongPassword' is set on object 'Object Repository/LoggedOutReactPages/CommonElements/Password_input'

2018-05-23 13:17:07 - [MESSAGE][PASSED] - Text 'WrongPassword' is set on object 'Object Repository/LoggedOutReactPages/CommonElements/Password_input'

2018-05-23 13:17:07 - [TEST_STEP][PASSED] - click: Object: 'Object Repository/LoggedOutReactPages/CommonElements/SignIn_Button' is clicked on

2018-05-23 13:17:07 - [MESSAGE][PASSED] - Object: 'Object Repository/LoggedOutReactPages/CommonElements/SignIn_Button' is clicked on

2018-05-23 13:17:07 - [TEST_STEP][PASSED] - verifyElementPresent: Object 'Object Repository/LoggedOutReactPages/CommonElements/SignInErrors_Area' is present

2018-05-23 13:17:07 - [MESSAGE][WARNING] - Timeout '0' is invalid. Using default page load timeout: '30'

2018-05-23 13:17:07 - [MESSAGE][PASSED] - Object 'Object Repository/LoggedOutReactPages/CommonElements/SignInErrors_Area' is present

2018-05-23 13:17:07 - [TEST_STEP][PASSED] - waitForElementVisible: Object 'Object Repository/LoggedOutReactPages/CommonElements/SignInErrors_Area' is visible

2018-05-23 13:17:07 - [MESSAGE][WARNING] - Timeout '0' is invalid. Using default page load timeout: '30'

2018-05-23 13:17:07 - [MESSAGE][PASSED] - Object 'Object Repository/LoggedOutReactPages/CommonElements/SignInErrors_Area' is visible

2018-05-23 13:17:07 - [TEST_STEP][PASSED] - verifyElementText: Actual text and expected text of test object 'Object Repository/LoggedOutReactPages/CommonElements/SignInErrors_Area' are matched.

2018-05-23 13:17:07 - [MESSAGE][PASSED] - Actual text and expected text of test object 'Object Repository/LoggedOutReactPages/CommonElements/SignInErrors_Area' are matched.

2018-05-23 13:17:07 - [TEST_STEP][PASSED] - verifyElementAttributeValue: Object 'Object Repository/LoggedOutReactPages/CommonElements/Email_input' has attribute 'class' with value 'error'

2018-05-23 13:17:07 - [MESSAGE][WARNING] - Timeout '0' is invalid. Using default page load timeout: '30'

2018-05-23 13:17:07 - [MESSAGE][PASSED] - Object 'Object Repository/LoggedOutReactPages/CommonElements/Email_input' has attribute 'class' with value 'error'

2018-05-23 13:17:08 - [TEST_STEP][PASSED] - closeBrowser: Browser is closed

2018-05-23 13:17:08 - [MESSAGE][PASSED] - Browser is closed]]></system-out>
         <system-err><![CDATA[]]></system-err>
      </testcase>
      <testcase name="Test Cases/LoginWrongPass" classname="Test Cases/LoginWrongPass" status="PASSED">
         <system-out><![CDATA[2018-05-23 13:17:08 - [TEST_CASE][PASSED] - Test Cases/LoginWrongPass: Test Cases/LoginWrongPass

2018-05-23 13:17:08 - [TEST_STEP][PASSED] - openBrowser: Browser is opened with url: ''

2018-05-23 13:17:11 - [MESSAGE][PASSED] - Browser is opened with url: ''

2018-05-23 13:17:11 - [TEST_STEP][PASSED] - maximizeWindow: Current window maximized

2018-05-23 13:17:12 - [MESSAGE][PASSED] - Current window maximized

2018-05-23 13:17:12 - [TEST_STEP][PASSED] - navigateToUrl: Navigate to 'https://staging.instavin.com/' successfully

2018-05-23 13:17:15 - [MESSAGE][PASSED] - Navigate to 'https://staging.instavin.com/' successfully

2018-05-23 13:17:15 - [TEST_STEP][PASSED] - mouseOver: Object: 'Object Repository/LoggedOutReactPages/CommonElements/SignIn_Label' is hovered

2018-05-23 13:17:15 - [MESSAGE][PASSED] - Object: 'Object Repository/LoggedOutReactPages/CommonElements/SignIn_Label' is hovered

2018-05-23 13:17:15 - [TEST_STEP][PASSED] - verifyElementVisible: Object 'Object Repository/LoggedOutReactPages/CommonElements/SignIn_Button' is visible

2018-05-23 13:17:15 - [MESSAGE][PASSED] - Object 'Object Repository/LoggedOutReactPages/CommonElements/SignIn_Button' is visible

2018-05-23 13:17:15 - [TEST_STEP][PASSED] - verifyElementVisible: Object 'Object Repository/LoggedOutReactPages/CommonElements/ForgotPassword_Link' is visible

2018-05-23 13:17:15 - [MESSAGE][PASSED] - Object 'Object Repository/LoggedOutReactPages/CommonElements/ForgotPassword_Link' is visible

2018-05-23 13:17:15 - [TEST_STEP][PASSED] - setText: Text 'consumer1@mailinator.com' is set on object 'Object Repository/LoggedOutReactPages/CommonElements/Email_input'

2018-05-23 13:17:16 - [MESSAGE][PASSED] - Text 'consumer1@mailinator.com' is set on object 'Object Repository/LoggedOutReactPages/CommonElements/Email_input'

2018-05-23 13:17:16 - [TEST_STEP][PASSED] - setText: Text '222' is set on object 'Object Repository/LoggedOutReactPages/CommonElements/Password_input'

2018-05-23 13:17:16 - [MESSAGE][PASSED] - Text '222' is set on object 'Object Repository/LoggedOutReactPages/CommonElements/Password_input'

2018-05-23 13:17:16 - [TEST_STEP][PASSED] - click: Object: 'Object Repository/LoggedOutReactPages/CommonElements/SignIn_Button' is clicked on

2018-05-23 13:17:16 - [MESSAGE][PASSED] - Object: 'Object Repository/LoggedOutReactPages/CommonElements/SignIn_Button' is clicked on

2018-05-23 13:17:16 - [TEST_STEP][PASSED] - verifyElementPresent: Object 'Object Repository/LoggedOutReactPages/CommonElements/SignInErrors_Area' is present

2018-05-23 13:17:16 - [MESSAGE][WARNING] - Timeout '0' is invalid. Using default page load timeout: '30'

2018-05-23 13:17:16 - [MESSAGE][PASSED] - Object 'Object Repository/LoggedOutReactPages/CommonElements/SignInErrors_Area' is present

2018-05-23 13:17:16 - [TEST_STEP][PASSED] - waitForElementVisible: Object 'Object Repository/LoggedOutReactPages/CommonElements/SignInErrors_Area' is visible

2018-05-23 13:17:16 - [MESSAGE][WARNING] - Timeout '0' is invalid. Using default page load timeout: '30'

2018-05-23 13:17:16 - [MESSAGE][PASSED] - Object 'Object Repository/LoggedOutReactPages/CommonElements/SignInErrors_Area' is visible

2018-05-23 13:17:16 - [TEST_STEP][PASSED] - verifyElementText: Actual text and expected text of test object 'Object Repository/LoggedOutReactPages/CommonElements/SignInErrors_Area' are matched.

2018-05-23 13:17:16 - [MESSAGE][PASSED] - Actual text and expected text of test object 'Object Repository/LoggedOutReactPages/CommonElements/SignInErrors_Area' are matched.

2018-05-23 13:17:16 - [TEST_STEP][PASSED] - closeBrowser: Browser is closed

2018-05-23 13:17:17 - [MESSAGE][PASSED] - Browser is closed]]></system-out>
         <system-err><![CDATA[]]></system-err>
      </testcase>
      <testcase name="Test Cases/LoginSuccess" classname="Test Cases/LoginSuccess" status="PASSED">
         <system-out><![CDATA[2018-05-23 13:17:17 - [TEST_CASE][PASSED] - Test Cases/LoginSuccess: Test Cases/LoginSuccess

2018-05-23 13:17:17 - [TEST_STEP][PASSED] - openBrowser: Browser is opened with url: ''

2018-05-23 13:17:20 - [MESSAGE][PASSED] - Browser is opened with url: ''

2018-05-23 13:17:20 - [TEST_STEP][PASSED] - maximizeWindow: Current window maximized

2018-05-23 13:17:21 - [MESSAGE][PASSED] - Current window maximized

2018-05-23 13:17:21 - [TEST_STEP][PASSED] - navigateToUrl: Navigate to 'https://staging.instavin.com/' successfully

2018-05-23 13:17:23 - [MESSAGE][PASSED] - Navigate to 'https://staging.instavin.com/' successfully

2018-05-23 13:17:23 - [TEST_STEP][PASSED] - verifyElementPresent: Object 'Object Repository/LoggedOutReactPages/CommonElements/SignIn_Label' is present

2018-05-23 13:17:23 - [MESSAGE][WARNING] - Timeout '0' is invalid. Using default page load timeout: '30'

2018-05-23 13:17:23 - [MESSAGE][PASSED] - Object 'Object Repository/LoggedOutReactPages/CommonElements/SignIn_Label' is present

2018-05-23 13:17:23 - [TEST_STEP][PASSED] - mouseOver: Object: 'Object Repository/LoggedOutReactPages/CommonElements/SignIn_Label' is hovered

2018-05-23 13:17:23 - [MESSAGE][PASSED] - Object: 'Object Repository/LoggedOutReactPages/CommonElements/SignIn_Label' is hovered

2018-05-23 13:17:23 - [TEST_STEP][PASSED] - verifyElementVisible: Object 'Object Repository/LoggedOutReactPages/CommonElements/SignIn_Label' is visible

2018-05-23 13:17:23 - [MESSAGE][PASSED] - Object 'Object Repository/LoggedOutReactPages/CommonElements/SignIn_Label' is visible

2018-05-23 13:17:23 - [TEST_STEP][PASSED] - verifyElementVisible: Object 'Object Repository/LoggedOutReactPages/CommonElements/ForgotPassword_Link' is visible

2018-05-23 13:17:24 - [MESSAGE][PASSED] - Object 'Object Repository/LoggedOutReactPages/CommonElements/ForgotPassword_Link' is visible

2018-05-23 13:17:24 - [TEST_STEP][PASSED] - setText: Text 'consumer1@mailinator.com' is set on object 'Object Repository/LoggedOutReactPages/CommonElements/Email_input'

2018-05-23 13:17:24 - [MESSAGE][PASSED] - Text 'consumer1@mailinator.com' is set on object 'Object Repository/LoggedOutReactPages/CommonElements/Email_input'

2018-05-23 13:17:24 - [TEST_STEP][PASSED] - setText: Text '111111' is set on object 'Object Repository/LoggedOutReactPages/CommonElements/Password_input'

2018-05-23 13:17:24 - [MESSAGE][PASSED] - Text '111111' is set on object 'Object Repository/LoggedOutReactPages/CommonElements/Password_input'

2018-05-23 13:17:24 - [TEST_STEP][PASSED] - click: Object: 'Object Repository/LoggedOutReactPages/CommonElements/SignIn_Button' is clicked on

2018-05-23 13:17:24 - [MESSAGE][PASSED] - Object: 'Object Repository/LoggedOutReactPages/CommonElements/SignIn_Button' is clicked on

2018-05-23 13:17:24 - [TEST_STEP][PASSED] - waitForElementVisible: Object 'Object Repository/LoggedInReactPages/Dashboard (react)/Dashboard_Header' is visible

2018-05-23 13:17:24 - [MESSAGE][WARNING] - Timeout '0' is invalid. Using default page load timeout: '30'

2018-05-23 13:17:26 - [MESSAGE][PASSED] - Object 'Object Repository/LoggedInReactPages/Dashboard (react)/Dashboard_Header' is visible

2018-05-23 13:17:26 - [TEST_STEP][PASSED] - Statement - LoginRedirect = com.kms.katalon.core.webui.keyword.WebUiBuiltInKeywords.getUrl(): Current window's url is: 'https://staging.instavin.com/my-account'

2018-05-23 13:17:26 - [MESSAGE][PASSED] - Current window's url is: 'https://staging.instavin.com/my-account'

2018-05-23 13:17:26 - [TEST_STEP][PASSED] - Statement - ExpectedLoginRedirect = com.kms.katalon.core.webui.keyword.WebUiBuiltInKeywords.concatenate([StagingReact, "my-account"]): Concatenated string array: '['https://staging.instavin.com/','my-account']' into 'https://staging.instavin.com/my-account'

2018-05-23 13:17:26 - [MESSAGE][PASSED] - Concatenated string array: '['https://staging.instavin.com/','my-account']' into 'https://staging.instavin.com/my-account'

2018-05-23 13:17:26 - [TEST_STEP][PASSED] - verifyMatch: Actual text 'https://staging.instavin.com/my-account' and expected text 'https://staging.instavin.com/my-account' are matched 

2018-05-23 13:17:26 - [MESSAGE][PASSED] - Actual text 'https://staging.instavin.com/my-account' and expected text 'https://staging.instavin.com/my-account' are matched 

2018-05-23 13:17:26 - [TEST_STEP][PASSED] - verifyElementAttributeValue: Object 'Object Repository/LoggedInReactPages/MyAccount (react)/DashboardSideMenu_Tab' has attribute 'class' with value 'SideMenuTab ActiveSideMenu'

2018-05-23 13:17:26 - [MESSAGE][WARNING] - Timeout '0' is invalid. Using default page load timeout: '30'

2018-05-23 13:17:26 - [MESSAGE][PASSED] - Object 'Object Repository/LoggedInReactPages/MyAccount (react)/DashboardSideMenu_Tab' has attribute 'class' with value 'SideMenuTab ActiveSideMenu'

2018-05-23 13:17:26 - [TEST_STEP][PASSED] - mouseOver: Object: 'Object Repository/LoggedInReactPages/MyAccount (react)/MyAccount_Label' is hovered

2018-05-23 13:17:26 - [MESSAGE][PASSED] - Object: 'Object Repository/LoggedInReactPages/MyAccount (react)/MyAccount_Label' is hovered

2018-05-23 13:17:26 - [TEST_STEP][PASSED] - verifyElementPresent: Object 'Object Repository/LoggedInReactPages/MyAccount (react)/DropdownLogout' is present

2018-05-23 13:17:26 - [MESSAGE][PASSED] - Object 'Object Repository/LoggedInReactPages/MyAccount (react)/DropdownLogout' is present

2018-05-23 13:17:26 - [TEST_STEP][PASSED] - closeBrowser: Browser is closed

2018-05-23 13:17:26 - [MESSAGE][PASSED] - Browser is closed]]></system-out>
         <system-err><![CDATA[]]></system-err>
      </testcase>
      <testcase name="Test Cases/BillingInfo - CheckCurrentCard" classname="Test Cases/BillingInfo - CheckCurrentCard" status="PASSED">
         <system-out><![CDATA[2018-05-23 13:17:26 - [TEST_CASE][PASSED] - Test Cases/BillingInfo - CheckCurrentCard: Test Cases/BillingInfo - CheckCurrentCard

2018-05-23 13:17:27 - [TEST_STEP][PASSED] - callTestCase: Call Test Case 'Test Cases/Base Tests/LoginBaseTest' successfully

2018-05-23 13:17:27 - [TEST_CASE][PASSED] - Test Cases/Base Tests/LoginBaseTest: Test Cases/Base Tests/LoginBaseTest

2018-05-23 13:17:27 - [TEST_STEP][PASSED] - openBrowser: Browser is opened with url: ''

2018-05-23 13:17:29 - [MESSAGE][PASSED] - Browser is opened with url: ''

2018-05-23 13:17:29 - [TEST_STEP][PASSED] - maximizeWindow: Current window maximized

2018-05-23 13:17:30 - [MESSAGE][PASSED] - Current window maximized

2018-05-23 13:17:30 - [TEST_STEP][PASSED] - navigateToUrl: Navigate to 'https://staging.instavin.com/' successfully

2018-05-23 13:17:33 - [MESSAGE][PASSED] - Navigate to 'https://staging.instavin.com/' successfully

2018-05-23 13:17:33 - [TEST_STEP][PASSED] - mouseOver: Object: 'Object Repository/LoggedOutReactPages/CommonElements/SignIn_Label' is hovered

2018-05-23 13:17:33 - [MESSAGE][PASSED] - Object: 'Object Repository/LoggedOutReactPages/CommonElements/SignIn_Label' is hovered

2018-05-23 13:17:33 - [TEST_STEP][PASSED] - verifyElementVisible: Object 'Object Repository/LoggedOutReactPages/CommonElements/SignIn_Button' is visible

2018-05-23 13:17:33 - [MESSAGE][PASSED] - Object 'Object Repository/LoggedOutReactPages/CommonElements/SignIn_Button' is visible

2018-05-23 13:17:33 - [TEST_STEP][PASSED] - setText: Text 'consumer1@mailinator.com' is set on object 'Object Repository/LoggedOutReactPages/CommonElements/Email_input'

2018-05-23 13:17:33 - [MESSAGE][PASSED] - Text 'consumer1@mailinator.com' is set on object 'Object Repository/LoggedOutReactPages/CommonElements/Email_input'

2018-05-23 13:17:33 - [TEST_STEP][PASSED] - setText: Text '111111' is set on object 'Object Repository/LoggedOutReactPages/CommonElements/Password_input'

2018-05-23 13:17:34 - [MESSAGE][PASSED] - Text '111111' is set on object 'Object Repository/LoggedOutReactPages/CommonElements/Password_input'

2018-05-23 13:17:34 - [TEST_STEP][PASSED] - click: Object: 'Object Repository/LoggedOutReactPages/CommonElements/SignIn_Button' is clicked on

2018-05-23 13:17:34 - [MESSAGE][PASSED] - Object: 'Object Repository/LoggedOutReactPages/CommonElements/SignIn_Button' is clicked on

2018-05-23 13:17:34 - [MESSAGE][PASSED] - Call Test Case 'Test Cases/Base Tests/LoginBaseTest' successfully

2018-05-23 13:17:34 - [TEST_STEP][PASSED] - verifyElementVisible: Object 'Object Repository/LoggedInReactPages/MyAccount (react)/Account_Header' is visible

2018-05-23 13:17:35 - [MESSAGE][PASSED] - Object 'Object Repository/LoggedInReactPages/MyAccount (react)/Account_Header' is visible

2018-05-23 13:17:35 - [TEST_STEP][PASSED] - Statement - HeaderText = com.kms.katalon.core.webui.keyword.WebUiBuiltInKeywords.concatenate(["For ", FirstName, " ", LastName], STOP_ON_FAILURE): Concatenated string array: '['For ','Uno',' ','Consumer']' into 'For Uno Consumer'

2018-05-23 13:17:35 - [MESSAGE][PASSED] - Concatenated string array: '['For ','Uno',' ','Consumer']' into 'For Uno Consumer'

2018-05-23 13:17:35 - [TEST_STEP][PASSED] - verifyElementText: Actual text and expected text of test object 'Object Repository/LoggedInReactPages/MyAccount (react)/Account_Header' are matched.

2018-05-23 13:17:35 - [MESSAGE][PASSED] - Actual text and expected text of test object 'Object Repository/LoggedInReactPages/MyAccount (react)/Account_Header' are matched.

2018-05-23 13:17:35 - [TEST_STEP][PASSED] - click: Object: 'Object Repository/LoggedInReactPages/BillingInfo (react)/BillingInfoSideMenu_Link' is clicked on

2018-05-23 13:17:35 - [MESSAGE][PASSED] - Object: 'Object Repository/LoggedInReactPages/BillingInfo (react)/BillingInfoSideMenu_Link' is clicked on

2018-05-23 13:17:35 - [TEST_STEP][PASSED] - waitForElementVisible: Object 'Object Repository/LoggedInReactPages/MyAccount (react)/BillingInfoSideMenu_Tab' is visible

2018-05-23 13:17:35 - [MESSAGE][WARNING] - Timeout '0' is invalid. Using default page load timeout: '30'

2018-05-23 13:17:35 - [MESSAGE][PASSED] - Object 'Object Repository/LoggedInReactPages/MyAccount (react)/BillingInfoSideMenu_Tab' is visible

2018-05-23 13:17:35 - [TEST_STEP][PASSED] - waitForElementVisible: Object 'Object Repository/LoggedInReactPages/BillingInfo (react)/VisaImage' is visible

2018-05-23 13:17:35 - [MESSAGE][WARNING] - Timeout '0' is invalid. Using default page load timeout: '30'

2018-05-23 13:17:36 - [MESSAGE][PASSED] - Object 'Object Repository/LoggedInReactPages/BillingInfo (react)/VisaImage' is visible

2018-05-23 13:17:36 - [TEST_STEP][PASSED] - verifyTextPresent: Text '•••• •••• •••• 2224' is present on page 

2018-05-23 13:17:37 - [MESSAGE][PASSED] - Text '•••• •••• •••• 2224' is present on page 

2018-05-23 13:17:37 - [TEST_STEP][PASSED] - closeBrowser: Browser is closed

2018-05-23 13:17:37 - [MESSAGE][PASSED] - Browser is closed]]></system-out>
         <system-err><![CDATA[]]></system-err>
      </testcase>
      <testcase name="Test Cases/CheckVINfromHomeLoggedIn - EmptyVIN" classname="Test Cases/CheckVINfromHomeLoggedIn - EmptyVIN" status="PASSED">
         <system-out><![CDATA[2018-05-23 13:17:37 - [TEST_CASE][PASSED] - Test Cases/CheckVINfromHomeLoggedIn - EmptyVIN: Test Cases/CheckVINfromHomeLoggedIn - EmptyVIN

2018-05-23 13:17:37 - [TEST_STEP][PASSED] - callTestCase: Call Test Case 'Test Cases/Base Tests/LoginBaseTest' successfully

2018-05-23 13:17:38 - [TEST_CASE][PASSED] - Test Cases/Base Tests/LoginBaseTest: Test Cases/Base Tests/LoginBaseTest

2018-05-23 13:17:38 - [TEST_STEP][PASSED] - openBrowser: Browser is opened with url: ''

2018-05-23 13:17:40 - [MESSAGE][PASSED] - Browser is opened with url: ''

2018-05-23 13:17:40 - [TEST_STEP][PASSED] - maximizeWindow: Current window maximized

2018-05-23 13:17:41 - [MESSAGE][PASSED] - Current window maximized

2018-05-23 13:17:41 - [TEST_STEP][PASSED] - navigateToUrl: Navigate to 'https://staging.instavin.com/' successfully

2018-05-23 13:17:43 - [MESSAGE][PASSED] - Navigate to 'https://staging.instavin.com/' successfully

2018-05-23 13:17:43 - [TEST_STEP][PASSED] - mouseOver: Object: 'Object Repository/LoggedOutReactPages/CommonElements/SignIn_Label' is hovered

2018-05-23 13:17:44 - [MESSAGE][PASSED] - Object: 'Object Repository/LoggedOutReactPages/CommonElements/SignIn_Label' is hovered

2018-05-23 13:17:44 - [TEST_STEP][PASSED] - verifyElementVisible: Object 'Object Repository/LoggedOutReactPages/CommonElements/SignIn_Button' is visible

2018-05-23 13:17:44 - [MESSAGE][PASSED] - Object 'Object Repository/LoggedOutReactPages/CommonElements/SignIn_Button' is visible

2018-05-23 13:17:44 - [TEST_STEP][PASSED] - setText: Text 'consumer1@mailinator.com' is set on object 'Object Repository/LoggedOutReactPages/CommonElements/Email_input'

2018-05-23 13:17:44 - [MESSAGE][PASSED] - Text 'consumer1@mailinator.com' is set on object 'Object Repository/LoggedOutReactPages/CommonElements/Email_input'

2018-05-23 13:17:44 - [TEST_STEP][PASSED] - setText: Text '111111' is set on object 'Object Repository/LoggedOutReactPages/CommonElements/Password_input'

2018-05-23 13:17:44 - [MESSAGE][PASSED] - Text '111111' is set on object 'Object Repository/LoggedOutReactPages/CommonElements/Password_input'

2018-05-23 13:17:44 - [TEST_STEP][PASSED] - click: Object: 'Object Repository/LoggedOutReactPages/CommonElements/SignIn_Button' is clicked on

2018-05-23 13:17:44 - [MESSAGE][PASSED] - Object: 'Object Repository/LoggedOutReactPages/CommonElements/SignIn_Button' is clicked on

2018-05-23 13:17:44 - [MESSAGE][PASSED] - Call Test Case 'Test Cases/Base Tests/LoginBaseTest' successfully

2018-05-23 13:17:44 - [TEST_STEP][PASSED] - verifyElementVisible: Object 'Object Repository/LoggedInReactPages/MyAccount (react)/Account_Header' is visible

2018-05-23 13:17:46 - [MESSAGE][PASSED] - Object 'Object Repository/LoggedInReactPages/MyAccount (react)/Account_Header' is visible

2018-05-23 13:17:46 - [TEST_STEP][PASSED] - navigateToUrl: Navigate to 'https://staging.instavin.com/' successfully

2018-05-23 13:17:46 - [MESSAGE][PASSED] - Navigate to 'https://staging.instavin.com/' successfully

2018-05-23 13:17:46 - [TEST_STEP][PASSED] - waitForElementPresent: Object 'Object Repository/LoggedOutReactPages/HomeLoggedOut/EnterVIN_input' is present

2018-05-23 13:17:46 - [MESSAGE][WARNING] - Timeout '0' is invalid. Using default page load timeout: '30'

2018-05-23 13:17:47 - [MESSAGE][PASSED] - Object 'Object Repository/LoggedOutReactPages/HomeLoggedOut/EnterVIN_input' is present

2018-05-23 13:17:47 - [TEST_STEP][PASSED] - verifyElementAttributeValue: Object 'Object Repository/LoggedOutReactPages/HomeLoggedOut/EnterVIN_input' has attribute 'placeholder' with value 'ENTER VIN NUMBER'

2018-05-23 13:17:47 - [MESSAGE][WARNING] - Timeout '0' is invalid. Using default page load timeout: '30'

2018-05-23 13:17:47 - [MESSAGE][PASSED] - Object 'Object Repository/LoggedOutReactPages/HomeLoggedOut/EnterVIN_input' has attribute 'placeholder' with value 'ENTER VIN NUMBER'

2018-05-23 13:17:47 - [TEST_STEP][PASSED] - setText: Text '' is set on object 'Object Repository/LoggedOutReactPages/HomeLoggedOut/EnterVIN_input'

2018-05-23 13:17:47 - [MESSAGE][PASSED] - Text '' is set on object 'Object Repository/LoggedOutReactPages/HomeLoggedOut/EnterVIN_input'

2018-05-23 13:17:47 - [TEST_STEP][PASSED] - click: Object: 'Object Repository/LoggedOutReactPages/HomeLoggedOut/SubmitVinArrow_Button' is clicked on

2018-05-23 13:17:48 - [MESSAGE][PASSED] - Object: 'Object Repository/LoggedOutReactPages/HomeLoggedOut/SubmitVinArrow_Button' is clicked on

2018-05-23 13:17:48 - [TEST_STEP][PASSED] - waitForElementVisible: Object 'Object Repository/LoggedInReactPages/Order (react)/instaVINProducts_Label' is visible

2018-05-23 13:17:48 - [MESSAGE][WARNING] - Timeout '0' is invalid. Using default page load timeout: '30'

2018-05-23 13:17:48 - [MESSAGE][PASSED] - Object 'Object Repository/LoggedInReactPages/Order (react)/instaVINProducts_Label' is visible

2018-05-23 13:17:48 - [TEST_STEP][PASSED] - verifyElementPresent: Object 'Object Repository/LoggedInReactPages/Order (react)/MyAccount_Label' is present

2018-05-23 13:17:49 - [MESSAGE][WARNING] - Timeout '0' is invalid. Using default page load timeout: '30'

2018-05-23 13:17:49 - [MESSAGE][PASSED] - Object 'Object Repository/LoggedInReactPages/Order (react)/MyAccount_Label' is present

2018-05-23 13:17:49 - [TEST_STEP][PASSED] - verifyElementNotPresent: Web element with id: 'Object Repository/LoggedInReactPages/Order (react)/ChangeVIN_Cross' located by 'By.xpath: //div[@class='CloseButton']' is not present after '30' second(s)

2018-05-23 13:17:49 - [MESSAGE][WARNING] - Timeout '0' is invalid. Using default page load timeout: '30'

2018-05-23 13:17:49 - [MESSAGE][PASSED] - Web element with id: 'Object Repository/LoggedInReactPages/Order (react)/ChangeVIN_Cross' located by 'By.xpath: //div[@class='CloseButton']' is not present after '30' second(s)

2018-05-23 13:17:49 - [TEST_STEP][PASSED] - verifyElementNotPresent: Web element with id: 'Object Repository/LoggedInReactPages/Order (react)/VINdisplayed' located by 'By.xpath: //span[@id='VehicleSummary_Vin']' is not present after '30' second(s)

2018-05-23 13:17:49 - [MESSAGE][WARNING] - Timeout '0' is invalid. Using default page load timeout: '30'

2018-05-23 13:17:49 - [MESSAGE][PASSED] - Web element with id: 'Object Repository/LoggedInReactPages/Order (react)/VINdisplayed' located by 'By.xpath: //span[@id='VehicleSummary_Vin']' is not present after '30' second(s)

2018-05-23 13:17:49 - [TEST_STEP][PASSED] - verifyElementText: Actual text and expected text of test object 'Object Repository/LoggedInReactPages/Order (react)/RecordsAreAvailable_Alert' are matched.

2018-05-23 13:17:49 - [MESSAGE][PASSED] - Actual text and expected text of test object 'Object Repository/LoggedInReactPages/Order (react)/RecordsAreAvailable_Alert' are matched.

2018-05-23 13:17:49 - [TEST_STEP][PASSED] - verifyElementVisible: Object 'Object Repository/LoggedInReactPages/Order (react)/VINCheckForm_EnterVINInput' is visible

2018-05-23 13:17:49 - [MESSAGE][PASSED] - Object 'Object Repository/LoggedInReactPages/Order (react)/VINCheckForm_EnterVINInput' is visible

2018-05-23 13:17:49 - [TEST_STEP][PASSED] - verifyElementAttributeValue: Object 'Object Repository/LoggedInReactPages/Order (react)/VINCheckForm_EnterVINInput' has attribute 'value' with value ''

2018-05-23 13:17:49 - [MESSAGE][WARNING] - Timeout '0' is invalid. Using default page load timeout: '30'

2018-05-23 13:17:49 - [MESSAGE][PASSED] - Object 'Object Repository/LoggedInReactPages/Order (react)/VINCheckForm_EnterVINInput' has attribute 'value' with value ''

2018-05-23 13:17:49 - [TEST_STEP][PASSED] - verifyElementNotPresent: Web element with id: 'Object Repository/LoggedInReactPages/Order (react)/OrderNow_OrangeButton' located by 'By.xpath: //button[@class = 'btn btn-default HasRightIcon orderButtonSmall' and (text() = 'Order Now' or . = 'Order Now')]' is not present after '30' second(s)

2018-05-23 13:17:49 - [MESSAGE][WARNING] - Timeout '0' is invalid. Using default page load timeout: '30'

2018-05-23 13:17:49 - [MESSAGE][PASSED] - Web element with id: 'Object Repository/LoggedInReactPages/Order (react)/OrderNow_OrangeButton' located by 'By.xpath: //button[@class = 'btn btn-default HasRightIcon orderButtonSmall' and (text() = 'Order Now' or . = 'Order Now')]' is not present after '30' second(s)

2018-05-23 13:17:49 - [TEST_STEP][PASSED] - closeBrowser: Browser is closed

2018-05-23 13:17:49 - [MESSAGE][PASSED] - Browser is closed]]></system-out>
         <system-err><![CDATA[]]></system-err>
      </testcase>
      <testcase name="Test Cases/CheckVINfromHomeLoggedIn - NoSticker" classname="Test Cases/CheckVINfromHomeLoggedIn - NoSticker" status="PASSED">
         <system-out><![CDATA[2018-05-23 13:17:49 - [TEST_CASE][PASSED] - Test Cases/CheckVINfromHomeLoggedIn - NoSticker: Test Cases/CheckVINfromHomeLoggedIn - NoSticker

2018-05-23 13:17:50 - [TEST_STEP][PASSED] - callTestCase: Call Test Case 'Test Cases/Base Tests/LoginBaseTest' successfully

2018-05-23 13:17:50 - [TEST_CASE][PASSED] - Test Cases/Base Tests/LoginBaseTest: Test Cases/Base Tests/LoginBaseTest

2018-05-23 13:17:50 - [TEST_STEP][PASSED] - openBrowser: Browser is opened with url: ''

2018-05-23 13:17:52 - [MESSAGE][PASSED] - Browser is opened with url: ''

2018-05-23 13:17:52 - [TEST_STEP][PASSED] - maximizeWindow: Current window maximized

2018-05-23 13:17:53 - [MESSAGE][PASSED] - Current window maximized

2018-05-23 13:17:53 - [TEST_STEP][PASSED] - navigateToUrl: Navigate to 'https://staging.instavin.com/' successfully

2018-05-23 13:17:56 - [MESSAGE][PASSED] - Navigate to 'https://staging.instavin.com/' successfully

2018-05-23 13:17:56 - [TEST_STEP][PASSED] - mouseOver: Object: 'Object Repository/LoggedOutReactPages/CommonElements/SignIn_Label' is hovered

2018-05-23 13:17:56 - [MESSAGE][PASSED] - Object: 'Object Repository/LoggedOutReactPages/CommonElements/SignIn_Label' is hovered

2018-05-23 13:17:56 - [TEST_STEP][PASSED] - verifyElementVisible: Object 'Object Repository/LoggedOutReactPages/CommonElements/SignIn_Button' is visible

2018-05-23 13:17:56 - [MESSAGE][PASSED] - Object 'Object Repository/LoggedOutReactPages/CommonElements/SignIn_Button' is visible

2018-05-23 13:17:56 - [TEST_STEP][PASSED] - setText: Text 'consumer1@mailinator.com' is set on object 'Object Repository/LoggedOutReactPages/CommonElements/Email_input'

2018-05-23 13:17:57 - [MESSAGE][PASSED] - Text 'consumer1@mailinator.com' is set on object 'Object Repository/LoggedOutReactPages/CommonElements/Email_input'

2018-05-23 13:17:57 - [TEST_STEP][PASSED] - setText: Text '111111' is set on object 'Object Repository/LoggedOutReactPages/CommonElements/Password_input'

2018-05-23 13:17:57 - [MESSAGE][PASSED] - Text '111111' is set on object 'Object Repository/LoggedOutReactPages/CommonElements/Password_input'

2018-05-23 13:17:57 - [TEST_STEP][PASSED] - click: Object: 'Object Repository/LoggedOutReactPages/CommonElements/SignIn_Button' is clicked on

2018-05-23 13:17:57 - [MESSAGE][PASSED] - Object: 'Object Repository/LoggedOutReactPages/CommonElements/SignIn_Button' is clicked on

2018-05-23 13:17:57 - [MESSAGE][PASSED] - Call Test Case 'Test Cases/Base Tests/LoginBaseTest' successfully

2018-05-23 13:17:57 - [TEST_STEP][PASSED] - verifyElementVisible: Object 'Object Repository/LoggedInReactPages/MyAccount (react)/Account_Header' is visible

2018-05-23 13:17:59 - [MESSAGE][PASSED] - Object 'Object Repository/LoggedInReactPages/MyAccount (react)/Account_Header' is visible

2018-05-23 13:17:59 - [TEST_STEP][PASSED] - navigateToUrl: Navigate to 'https://staging.instavin.com/' successfully

2018-05-23 13:18:00 - [MESSAGE][PASSED] - Navigate to 'https://staging.instavin.com/' successfully

2018-05-23 13:18:00 - [TEST_STEP][PASSED] - waitForElementPresent: Object 'Object Repository/LoggedOutReactPages/HomeLoggedOut/EnterVIN_input' is present

2018-05-23 13:18:00 - [MESSAGE][WARNING] - Timeout '0' is invalid. Using default page load timeout: '30'

2018-05-23 13:18:00 - [MESSAGE][PASSED] - Object 'Object Repository/LoggedOutReactPages/HomeLoggedOut/EnterVIN_input' is present

2018-05-23 13:18:00 - [TEST_STEP][PASSED] - verifyElementAttributeValue: Object 'Object Repository/LoggedOutReactPages/HomeLoggedOut/EnterVIN_input' has attribute 'placeholder' with value 'ENTER VIN NUMBER'

2018-05-23 13:18:00 - [MESSAGE][WARNING] - Timeout '0' is invalid. Using default page load timeout: '30'

2018-05-23 13:18:00 - [MESSAGE][PASSED] - Object 'Object Repository/LoggedOutReactPages/HomeLoggedOut/EnterVIN_input' has attribute 'placeholder' with value 'ENTER VIN NUMBER'

2018-05-23 13:18:00 - [TEST_STEP][PASSED] - setText: Text 'JF1SF63591H766643' is set on object 'Object Repository/LoggedOutReactPages/HomeLoggedOut/EnterVIN_input'

2018-05-23 13:18:00 - [MESSAGE][PASSED] - Text 'JF1SF63591H766643' is set on object 'Object Repository/LoggedOutReactPages/HomeLoggedOut/EnterVIN_input'

2018-05-23 13:18:00 - [TEST_STEP][PASSED] - click: Object: 'Object Repository/LoggedOutReactPages/HomeLoggedOut/SubmitVinArrow_Button' is clicked on

2018-05-23 13:18:02 - [MESSAGE][PASSED] - Object: 'Object Repository/LoggedOutReactPages/HomeLoggedOut/SubmitVinArrow_Button' is clicked on

2018-05-23 13:18:02 - [TEST_STEP][PASSED] - waitForElementVisible: Object 'Object Repository/LoggedInReactPages/Order (react)/instaVINProducts_Label' is visible

2018-05-23 13:18:02 - [MESSAGE][WARNING] - Timeout '0' is invalid. Using default page load timeout: '30'

2018-05-23 13:18:02 - [MESSAGE][PASSED] - Object 'Object Repository/LoggedInReactPages/Order (react)/instaVINProducts_Label' is visible

2018-05-23 13:18:02 - [TEST_STEP][PASSED] - verifyElementPresent: Object 'Object Repository/LoggedInReactPages/Order (react)/MyAccount_Label' is present

2018-05-23 13:18:02 - [MESSAGE][WARNING] - Timeout '0' is invalid. Using default page load timeout: '30'

2018-05-23 13:18:02 - [MESSAGE][PASSED] - Object 'Object Repository/LoggedInReactPages/Order (react)/MyAccount_Label' is present

2018-05-23 13:18:02 - [TEST_STEP][PASSED] - verifyElementVisible: Object 'Object Repository/LoggedInReactPages/Order (react)/ChangeVIN_Cross' is visible

2018-05-23 13:18:02 - [MESSAGE][PASSED] - Object 'Object Repository/LoggedInReactPages/Order (react)/ChangeVIN_Cross' is visible

2018-05-23 13:18:02 - [TEST_STEP][PASSED] - verifyElementVisible: Object 'Object Repository/LoggedInReactPages/Order (react)/VINdisplayed' is visible

2018-05-23 13:18:02 - [MESSAGE][PASSED] - Object 'Object Repository/LoggedInReactPages/Order (react)/VINdisplayed' is visible

2018-05-23 13:18:02 - [TEST_STEP][PASSED] - verifyElementText: Actual text and expected text of test object 'Object Repository/LoggedInReactPages/Order (react)/VinDetails_Alert' are matched.

2018-05-23 13:18:02 - [MESSAGE][PASSED] - Actual text and expected text of test object 'Object Repository/LoggedInReactPages/Order (react)/VinDetails_Alert' are matched.

2018-05-23 13:18:02 - [TEST_STEP][PASSED] - verifyElementNotPresent: Web element with id: 'Object Repository/LoggedInReactPages/Order (react)/VINCheckForm_EnterVINInput' located by 'By.xpath: //input[@class='VinCheckField InlineRightButtonFieldContainer']' is not present after '30' second(s)

2018-05-23 13:18:02 - [MESSAGE][WARNING] - Timeout '0' is invalid. Using default page load timeout: '30'

2018-05-23 13:18:02 - [MESSAGE][PASSED] - Web element with id: 'Object Repository/LoggedInReactPages/Order (react)/VINCheckForm_EnterVINInput' located by 'By.xpath: //input[@class='VinCheckField InlineRightButtonFieldContainer']' is not present after '30' second(s)

2018-05-23 13:18:02 - [TEST_STEP][PASSED] - verifyElementPresent: Object 'Object Repository/LoggedInReactPages/Order (react)/OrderNow_OrangeButton' is present

2018-05-23 13:18:02 - [MESSAGE][WARNING] - Timeout '0' is invalid. Using default page load timeout: '30'

2018-05-23 13:18:02 - [MESSAGE][PASSED] - Object 'Object Repository/LoggedInReactPages/Order (react)/OrderNow_OrangeButton' is present

2018-05-23 13:18:02 - [TEST_STEP][PASSED] - closeBrowser: Browser is closed

2018-05-23 13:18:03 - [MESSAGE][PASSED] - Browser is closed]]></system-out>
         <system-err><![CDATA[]]></system-err>
      </testcase>
      <testcase name="Test Cases/CheckVINfromHomeLoggedIn - ShortVINwith9Digits" classname="Test Cases/CheckVINfromHomeLoggedIn - ShortVINwith9Digits" status="PASSED">
         <system-out><![CDATA[2018-05-23 13:18:03 - [TEST_CASE][PASSED] - Test Cases/CheckVINfromHomeLoggedIn - ShortVINwith9Digits: Test Cases/CheckVINfromHomeLoggedIn - ShortVINwith9Digits

2018-05-23 13:18:03 - [TEST_STEP][PASSED] - callTestCase: Call Test Case 'Test Cases/Base Tests/LoginBaseTest' successfully

2018-05-23 13:18:03 - [TEST_CASE][PASSED] - Test Cases/Base Tests/LoginBaseTest: Test Cases/Base Tests/LoginBaseTest

2018-05-23 13:18:03 - [TEST_STEP][PASSED] - openBrowser: Browser is opened with url: ''

2018-05-23 13:18:05 - [MESSAGE][PASSED] - Browser is opened with url: ''

2018-05-23 13:18:05 - [TEST_STEP][PASSED] - maximizeWindow: Current window maximized

2018-05-23 13:18:07 - [MESSAGE][PASSED] - Current window maximized

2018-05-23 13:18:07 - [TEST_STEP][PASSED] - navigateToUrl: Navigate to 'https://staging.instavin.com/' successfully

2018-05-23 13:18:10 - [MESSAGE][PASSED] - Navigate to 'https://staging.instavin.com/' successfully

2018-05-23 13:18:10 - [TEST_STEP][PASSED] - mouseOver: Object: 'Object Repository/LoggedOutReactPages/CommonElements/SignIn_Label' is hovered

2018-05-23 13:18:10 - [MESSAGE][PASSED] - Object: 'Object Repository/LoggedOutReactPages/CommonElements/SignIn_Label' is hovered

2018-05-23 13:18:10 - [TEST_STEP][PASSED] - verifyElementVisible: Object 'Object Repository/LoggedOutReactPages/CommonElements/SignIn_Button' is visible

2018-05-23 13:18:10 - [MESSAGE][PASSED] - Object 'Object Repository/LoggedOutReactPages/CommonElements/SignIn_Button' is visible

2018-05-23 13:18:10 - [TEST_STEP][PASSED] - setText: Text 'consumer1@mailinator.com' is set on object 'Object Repository/LoggedOutReactPages/CommonElements/Email_input'

2018-05-23 13:18:10 - [MESSAGE][PASSED] - Text 'consumer1@mailinator.com' is set on object 'Object Repository/LoggedOutReactPages/CommonElements/Email_input'

2018-05-23 13:18:10 - [TEST_STEP][PASSED] - setText: Text '111111' is set on object 'Object Repository/LoggedOutReactPages/CommonElements/Password_input'

2018-05-23 13:18:10 - [MESSAGE][PASSED] - Text '111111' is set on object 'Object Repository/LoggedOutReactPages/CommonElements/Password_input'

2018-05-23 13:18:10 - [TEST_STEP][PASSED] - click: Object: 'Object Repository/LoggedOutReactPages/CommonElements/SignIn_Button' is clicked on

2018-05-23 13:18:10 - [MESSAGE][PASSED] - Object: 'Object Repository/LoggedOutReactPages/CommonElements/SignIn_Button' is clicked on

2018-05-23 13:18:10 - [MESSAGE][PASSED] - Call Test Case 'Test Cases/Base Tests/LoginBaseTest' successfully

2018-05-23 13:18:10 - [TEST_STEP][PASSED] - verifyElementVisible: Object 'Object Repository/LoggedInReactPages/MyAccount (react)/Account_Header' is visible

2018-05-23 13:18:12 - [MESSAGE][PASSED] - Object 'Object Repository/LoggedInReactPages/MyAccount (react)/Account_Header' is visible

2018-05-23 13:18:12 - [TEST_STEP][PASSED] - navigateToUrl: Navigate to 'https://staging.instavin.com/' successfully

2018-05-23 13:18:13 - [MESSAGE][PASSED] - Navigate to 'https://staging.instavin.com/' successfully

2018-05-23 13:18:13 - [TEST_STEP][PASSED] - waitForElementPresent: Object 'Object Repository/LoggedOutReactPages/HomeLoggedOut/EnterVIN_input' is present

2018-05-23 13:18:13 - [MESSAGE][WARNING] - Timeout '0' is invalid. Using default page load timeout: '30'

2018-05-23 13:18:13 - [MESSAGE][PASSED] - Object 'Object Repository/LoggedOutReactPages/HomeLoggedOut/EnterVIN_input' is present

2018-05-23 13:18:13 - [TEST_STEP][PASSED] - verifyElementAttributeValue: Object 'Object Repository/LoggedOutReactPages/HomeLoggedOut/EnterVIN_input' has attribute 'placeholder' with value 'ENTER VIN NUMBER'

2018-05-23 13:18:13 - [MESSAGE][WARNING] - Timeout '0' is invalid. Using default page load timeout: '30'

2018-05-23 13:18:13 - [MESSAGE][PASSED] - Object 'Object Repository/LoggedOutReactPages/HomeLoggedOut/EnterVIN_input' has attribute 'placeholder' with value 'ENTER VIN NUMBER'

2018-05-23 13:18:13 - [TEST_STEP][PASSED] - setText: Text '7J1012752' is set on object 'Object Repository/LoggedOutReactPages/HomeLoggedOut/EnterVIN_input'

2018-05-23 13:18:13 - [MESSAGE][PASSED] - Text '7J1012752' is set on object 'Object Repository/LoggedOutReactPages/HomeLoggedOut/EnterVIN_input'

2018-05-23 13:18:13 - [TEST_STEP][PASSED] - click: Object: 'Object Repository/LoggedOutReactPages/HomeLoggedOut/SubmitVinArrow_Button' is clicked on

2018-05-23 13:18:14 - [MESSAGE][PASSED] - Object: 'Object Repository/LoggedOutReactPages/HomeLoggedOut/SubmitVinArrow_Button' is clicked on

2018-05-23 13:18:14 - [TEST_STEP][PASSED] - waitForElementVisible: Object 'Object Repository/LoggedInReactPages/Order (react)/instaVINProducts_Label' is visible

2018-05-23 13:18:14 - [MESSAGE][WARNING] - Timeout '0' is invalid. Using default page load timeout: '30'

2018-05-23 13:18:14 - [MESSAGE][PASSED] - Object 'Object Repository/LoggedInReactPages/Order (react)/instaVINProducts_Label' is visible

2018-05-23 13:18:14 - [TEST_STEP][PASSED] - verifyElementPresent: Object 'Object Repository/LoggedInReactPages/Order (react)/MyAccount_Label' is present

2018-05-23 13:18:14 - [MESSAGE][WARNING] - Timeout '0' is invalid. Using default page load timeout: '30'

2018-05-23 13:18:14 - [MESSAGE][PASSED] - Object 'Object Repository/LoggedInReactPages/Order (react)/MyAccount_Label' is present

2018-05-23 13:18:14 - [TEST_STEP][PASSED] - verifyElementNotPresent: Web element with id: 'Object Repository/LoggedInReactPages/Order (react)/ChangeVIN_Cross' located by 'By.xpath: //div[@class='CloseButton']' is not present after '30' second(s)

2018-05-23 13:18:14 - [MESSAGE][WARNING] - Timeout '0' is invalid. Using default page load timeout: '30'

2018-05-23 13:18:14 - [MESSAGE][PASSED] - Web element with id: 'Object Repository/LoggedInReactPages/Order (react)/ChangeVIN_Cross' located by 'By.xpath: //div[@class='CloseButton']' is not present after '30' second(s)

2018-05-23 13:18:14 - [TEST_STEP][PASSED] - verifyElementNotPresent: Web element with id: 'Object Repository/LoggedInReactPages/Order (react)/VINdisplayed' located by 'By.xpath: //span[@id='VehicleSummary_Vin']' is not present after '30' second(s)

2018-05-23 13:18:14 - [MESSAGE][WARNING] - Timeout '0' is invalid. Using default page load timeout: '30'

2018-05-23 13:18:14 - [MESSAGE][PASSED] - Web element with id: 'Object Repository/LoggedInReactPages/Order (react)/VINdisplayed' located by 'By.xpath: //span[@id='VehicleSummary_Vin']' is not present after '30' second(s)

2018-05-23 13:18:14 - [TEST_STEP][PASSED] - verifyElementVisible: Object 'Object Repository/LoggedInReactPages/Order (react)/VinDetails_Alert' is visible

2018-05-23 13:18:14 - [MESSAGE][PASSED] - Object 'Object Repository/LoggedInReactPages/Order (react)/VinDetails_Alert' is visible

2018-05-23 13:18:14 - [TEST_STEP][PASSED] - verifyTextPresent: Text 'The VIN entered is 9 digits long.' is present on page 

2018-05-23 13:18:15 - [MESSAGE][PASSED] - Text 'The VIN entered is 9 digits long.' is present on page 

2018-05-23 13:18:15 - [TEST_STEP][PASSED] - verifyTextPresent: Text 'If your vehicle is a classic car, RV or specialty vehicle, this may be correct. However, no records are available from participating DMVs.' is present on page 

2018-05-23 13:18:15 - [MESSAGE][PASSED] - Text 'If your vehicle is a classic car, RV or specialty vehicle, this may be correct. However, no records are available from participating DMVs.' is present on page 

2018-05-23 13:18:15 - [TEST_STEP][PASSED] - verifyTextPresent: Text 'If your VIN is for a vehicle produced after 1981 it should have exactly 17 digits.' is present on page 

2018-05-23 13:18:15 - [MESSAGE][PASSED] - Text 'If your VIN is for a vehicle produced after 1981 it should have exactly 17 digits.' is present on page 

2018-05-23 13:18:15 - [TEST_STEP][PASSED] - verifyTextPresent: Text 'Sorry, no Window Sticker is Available for this VIN.' is present on page 

2018-05-23 13:18:15 - [MESSAGE][PASSED] - Text 'Sorry, no Window Sticker is Available for this VIN.' is present on page 

2018-05-23 13:18:15 - [TEST_STEP][PASSED] - verifyElementVisible: Object 'Object Repository/LoggedInReactPages/Order (react)/VINCheckForm_EnterVINInput' is visible

2018-05-23 13:18:15 - [MESSAGE][PASSED] - Object 'Object Repository/LoggedInReactPages/Order (react)/VINCheckForm_EnterVINInput' is visible

2018-05-23 13:18:15 - [TEST_STEP][PASSED] - verifyElementAttributeValue: Object 'Object Repository/LoggedInReactPages/Order (react)/VINCheckForm_EnterVINInput' has attribute 'value' with value '7J1012752'

2018-05-23 13:18:15 - [MESSAGE][WARNING] - Timeout '0' is invalid. Using default page load timeout: '30'

2018-05-23 13:18:15 - [MESSAGE][PASSED] - Object 'Object Repository/LoggedInReactPages/Order (react)/VINCheckForm_EnterVINInput' has attribute 'value' with value '7J1012752'

2018-05-23 13:18:15 - [TEST_STEP][PASSED] - verifyElementPresent: Object 'Object Repository/LoggedInReactPages/Order (react)/OrderNow_OrangeButton' is present

2018-05-23 13:18:15 - [MESSAGE][WARNING] - Timeout '0' is invalid. Using default page load timeout: '30'

2018-05-23 13:18:15 - [MESSAGE][PASSED] - Object 'Object Repository/LoggedInReactPages/Order (react)/OrderNow_OrangeButton' is present

2018-05-23 13:18:15 - [TEST_STEP][PASSED] - closeBrowser: Browser is closed

2018-05-23 13:18:16 - [MESSAGE][PASSED] - Browser is closed]]></system-out>
         <system-err><![CDATA[]]></system-err>
      </testcase>
      <testcase name="Test Cases/CheckVINfromHomeLoggedIn - Success" classname="Test Cases/CheckVINfromHomeLoggedIn - Success" status="PASSED">
         <system-out><![CDATA[2018-05-23 13:18:16 - [TEST_CASE][PASSED] - Test Cases/CheckVINfromHomeLoggedIn - Success: Test Cases/CheckVINfromHomeLoggedIn - Success

2018-05-23 13:18:16 - [TEST_STEP][PASSED] - callTestCase: Call Test Case 'Test Cases/Base Tests/LoginBaseTest' successfully

2018-05-23 13:18:16 - [TEST_CASE][PASSED] - Test Cases/Base Tests/LoginBaseTest: Test Cases/Base Tests/LoginBaseTest

2018-05-23 13:18:16 - [TEST_STEP][PASSED] - openBrowser: Browser is opened with url: ''

2018-05-23 13:18:19 - [MESSAGE][PASSED] - Browser is opened with url: ''

2018-05-23 13:18:19 - [TEST_STEP][PASSED] - maximizeWindow: Current window maximized

2018-05-23 13:18:20 - [MESSAGE][PASSED] - Current window maximized

2018-05-23 13:18:20 - [TEST_STEP][PASSED] - navigateToUrl: Navigate to 'https://staging.instavin.com/' successfully

2018-05-23 13:18:23 - [MESSAGE][PASSED] - Navigate to 'https://staging.instavin.com/' successfully

2018-05-23 13:18:23 - [TEST_STEP][PASSED] - mouseOver: Object: 'Object Repository/LoggedOutReactPages/CommonElements/SignIn_Label' is hovered

2018-05-23 13:18:24 - [MESSAGE][PASSED] - Object: 'Object Repository/LoggedOutReactPages/CommonElements/SignIn_Label' is hovered

2018-05-23 13:18:24 - [TEST_STEP][PASSED] - verifyElementVisible: Object 'Object Repository/LoggedOutReactPages/CommonElements/SignIn_Button' is visible

2018-05-23 13:18:24 - [MESSAGE][PASSED] - Object 'Object Repository/LoggedOutReactPages/CommonElements/SignIn_Button' is visible

2018-05-23 13:18:24 - [TEST_STEP][PASSED] - setText: Text 'consumer1@mailinator.com' is set on object 'Object Repository/LoggedOutReactPages/CommonElements/Email_input'

2018-05-23 13:18:24 - [MESSAGE][PASSED] - Text 'consumer1@mailinator.com' is set on object 'Object Repository/LoggedOutReactPages/CommonElements/Email_input'

2018-05-23 13:18:24 - [TEST_STEP][PASSED] - setText: Text '111111' is set on object 'Object Repository/LoggedOutReactPages/CommonElements/Password_input'

2018-05-23 13:18:24 - [MESSAGE][PASSED] - Text '111111' is set on object 'Object Repository/LoggedOutReactPages/CommonElements/Password_input'

2018-05-23 13:18:24 - [TEST_STEP][PASSED] - click: Object: 'Object Repository/LoggedOutReactPages/CommonElements/SignIn_Button' is clicked on

2018-05-23 13:18:24 - [MESSAGE][PASSED] - Object: 'Object Repository/LoggedOutReactPages/CommonElements/SignIn_Button' is clicked on

2018-05-23 13:18:24 - [MESSAGE][PASSED] - Call Test Case 'Test Cases/Base Tests/LoginBaseTest' successfully

2018-05-23 13:18:24 - [TEST_STEP][PASSED] - verifyElementVisible: Object 'Object Repository/LoggedInReactPages/MyAccount (react)/Account_Header' is visible

2018-05-23 13:18:26 - [MESSAGE][PASSED] - Object 'Object Repository/LoggedInReactPages/MyAccount (react)/Account_Header' is visible

2018-05-23 13:18:26 - [TEST_STEP][PASSED] - navigateToUrl: Navigate to 'https://staging.instavin.com/' successfully

2018-05-23 13:18:27 - [MESSAGE][PASSED] - Navigate to 'https://staging.instavin.com/' successfully

2018-05-23 13:18:27 - [TEST_STEP][PASSED] - waitForElementPresent: Object 'Object Repository/LoggedOutReactPages/HomeLoggedOut/EnterVIN_input' is present

2018-05-23 13:18:27 - [MESSAGE][WARNING] - Timeout '0' is invalid. Using default page load timeout: '30'

2018-05-23 13:18:27 - [MESSAGE][PASSED] - Object 'Object Repository/LoggedOutReactPages/HomeLoggedOut/EnterVIN_input' is present

2018-05-23 13:18:27 - [TEST_STEP][PASSED] - verifyElementAttributeValue: Object 'Object Repository/LoggedOutReactPages/HomeLoggedOut/EnterVIN_input' has attribute 'placeholder' with value 'ENTER VIN NUMBER'

2018-05-23 13:18:27 - [MESSAGE][WARNING] - Timeout '0' is invalid. Using default page load timeout: '30'

2018-05-23 13:18:27 - [MESSAGE][PASSED] - Object 'Object Repository/LoggedOutReactPages/HomeLoggedOut/EnterVIN_input' has attribute 'placeholder' with value 'ENTER VIN NUMBER'

2018-05-23 13:18:27 - [TEST_STEP][PASSED] - setText: Text '5UXKR0C52F0P15679' is set on object 'Object Repository/LoggedOutReactPages/HomeLoggedOut/EnterVIN_input'

2018-05-23 13:18:27 - [MESSAGE][PASSED] - Text '5UXKR0C52F0P15679' is set on object 'Object Repository/LoggedOutReactPages/HomeLoggedOut/EnterVIN_input'

2018-05-23 13:18:27 - [TEST_STEP][PASSED] - click: Object: 'Object Repository/LoggedOutReactPages/HomeLoggedOut/SubmitVinArrow_Button' is clicked on

2018-05-23 13:18:28 - [MESSAGE][PASSED] - Object: 'Object Repository/LoggedOutReactPages/HomeLoggedOut/SubmitVinArrow_Button' is clicked on

2018-05-23 13:18:28 - [TEST_STEP][PASSED] - waitForElementVisible: Object 'Object Repository/LoggedInReactPages/Order (react)/instaVINProducts_Label' is visible

2018-05-23 13:18:28 - [MESSAGE][WARNING] - Timeout '0' is invalid. Using default page load timeout: '30'

2018-05-23 13:18:28 - [MESSAGE][PASSED] - Object 'Object Repository/LoggedInReactPages/Order (react)/instaVINProducts_Label' is visible

2018-05-23 13:18:28 - [TEST_STEP][PASSED] - verifyElementPresent: Object 'Object Repository/LoggedInReactPages/Order (react)/MyAccount_Label' is present

2018-05-23 13:18:28 - [MESSAGE][WARNING] - Timeout '0' is invalid. Using default page load timeout: '30'

2018-05-23 13:18:28 - [MESSAGE][PASSED] - Object 'Object Repository/LoggedInReactPages/Order (react)/MyAccount_Label' is present

2018-05-23 13:18:28 - [TEST_STEP][PASSED] - verifyElementVisible: Object 'Object Repository/LoggedInReactPages/Order (react)/ChangeVIN_Cross' is visible

2018-05-23 13:18:28 - [MESSAGE][PASSED] - Object 'Object Repository/LoggedInReactPages/Order (react)/ChangeVIN_Cross' is visible

2018-05-23 13:18:28 - [TEST_STEP][PASSED] - verifyElementVisible: Object 'Object Repository/LoggedInReactPages/Order (react)/VINdisplayed' is visible

2018-05-23 13:18:29 - [MESSAGE][PASSED] - Object 'Object Repository/LoggedInReactPages/Order (react)/VINdisplayed' is visible

2018-05-23 13:18:29 - [TEST_STEP][PASSED] - verifyElementText: Actual text and expected text of test object 'Object Repository/LoggedInReactPages/Order (react)/VINdisplayed' are matched.

2018-05-23 13:18:29 - [MESSAGE][PASSED] - Actual text and expected text of test object 'Object Repository/LoggedInReactPages/Order (react)/VINdisplayed' are matched.

2018-05-23 13:18:29 - [TEST_STEP][PASSED] - verifyElementText: Actual text and expected text of test object 'Object Repository/LoggedInReactPages/Order (react)/RecordsAreAvailable_Alert' are matched.

2018-05-23 13:18:29 - [MESSAGE][PASSED] - Actual text and expected text of test object 'Object Repository/LoggedInReactPages/Order (react)/RecordsAreAvailable_Alert' are matched.

2018-05-23 13:18:29 - [TEST_STEP][PASSED] - verifyElementNotPresent: Web element with id: 'Object Repository/LoggedInReactPages/Order (react)/VINCheckForm_EnterVINInput' located by 'By.xpath: //input[@class='VinCheckField InlineRightButtonFieldContainer']' is not present after '30' second(s)

2018-05-23 13:18:29 - [MESSAGE][WARNING] - Timeout '0' is invalid. Using default page load timeout: '30'

2018-05-23 13:18:29 - [MESSAGE][PASSED] - Web element with id: 'Object Repository/LoggedInReactPages/Order (react)/VINCheckForm_EnterVINInput' located by 'By.xpath: //input[@class='VinCheckField InlineRightButtonFieldContainer']' is not present after '30' second(s)

2018-05-23 13:18:29 - [TEST_STEP][PASSED] - verifyElementPresent: Object 'Object Repository/LoggedInReactPages/Order (react)/OrderNow_OrangeButton' is present

2018-05-23 13:18:29 - [MESSAGE][WARNING] - Timeout '0' is invalid. Using default page load timeout: '30'

2018-05-23 13:18:29 - [MESSAGE][PASSED] - Object 'Object Repository/LoggedInReactPages/Order (react)/OrderNow_OrangeButton' is present

2018-05-23 13:18:29 - [TEST_STEP][PASSED] - closeBrowser: Browser is closed

2018-05-23 13:18:30 - [MESSAGE][PASSED] - Browser is closed]]></system-out>
         <system-err><![CDATA[]]></system-err>
      </testcase>
      <testcase name="Test Cases/CaDealerRequest - ValidFields" classname="Test Cases/CaDealerRequest - ValidFields" status="PASSED">
         <system-out><![CDATA[2018-05-23 13:18:30 - [TEST_CASE][PASSED] - Test Cases/CaDealerRequest - ValidFields: Test Cases/CaDealerRequest - ValidFields

2018-05-23 13:18:30 - [TEST_STEP][PASSED] - openBrowser: Browser is opened with url: ''

2018-05-23 13:18:32 - [MESSAGE][PASSED] - Browser is opened with url: ''

2018-05-23 13:18:32 - [TEST_STEP][PASSED] - maximizeWindow: Current window maximized

2018-05-23 13:18:33 - [MESSAGE][PASSED] - Current window maximized

2018-05-23 13:18:33 - [TEST_STEP][PASSED] - navigateToUrl: Navigate to 'https://staging.instavin.com/' successfully

2018-05-23 13:18:36 - [MESSAGE][PASSED] - Navigate to 'https://staging.instavin.com/' successfully

2018-05-23 13:18:36 - [TEST_STEP][PASSED] - mouseOver: Object: 'Object Repository/LoggedOutReactPages/HomeLoggedOut/Dealers_Label' is hovered

2018-05-23 13:18:36 - [MESSAGE][PASSED] - Object: 'Object Repository/LoggedOutReactPages/HomeLoggedOut/Dealers_Label' is hovered

2018-05-23 13:18:36 - [TEST_STEP][PASSED] - verifyElementVisible: Object 'Object Repository/LoggedOutReactPages/HomeLoggedOut/CaliforniaDealers_Link' is visible

2018-05-23 13:18:36 - [MESSAGE][PASSED] - Object 'Object Repository/LoggedOutReactPages/HomeLoggedOut/CaliforniaDealers_Link' is visible

2018-05-23 13:18:36 - [TEST_STEP][PASSED] - click: Object: 'Object Repository/LoggedOutReactPages/HomeLoggedOut/CaliforniaDealers_Link' is clicked on

2018-05-23 13:18:38 - [MESSAGE][PASSED] - Object: 'Object Repository/LoggedOutReactPages/HomeLoggedOut/CaliforniaDealers_Link' is clicked on

2018-05-23 13:18:38 - [TEST_STEP][PASSED] - waitForElementVisible: Object 'Object Repository/LoggedOutReactPages/Dealers/SignUpTop_Button' is visible

2018-05-23 13:18:38 - [MESSAGE][WARNING] - Timeout '0' is invalid. Using default page load timeout: '30'

2018-05-23 13:18:38 - [MESSAGE][PASSED] - Object 'Object Repository/LoggedOutReactPages/Dealers/SignUpTop_Button' is visible

2018-05-23 13:18:38 - [TEST_STEP][PASSED] - verifyTextPresent: Text 'instaVIN Reports complies with the California Assembly Bill 1215 salvage sticker law' is present on page 

2018-05-23 13:18:38 - [MESSAGE][PASSED] - Text 'instaVIN Reports complies with the California Assembly Bill 1215 salvage sticker law' is present on page 

2018-05-23 13:18:38 - [TEST_STEP][PASSED] - verifyTextPresent: Text 'CA Law AB1215 Overview' is present on page 

2018-05-23 13:18:38 - [MESSAGE][PASSED] - Text 'CA Law AB1215 Overview' is present on page 

2018-05-23 13:18:38 - [TEST_STEP][PASSED] - click: Object: 'Object Repository/LoggedOutReactPages/Dealers/SignUpTop_Button' is clicked on

2018-05-23 13:18:38 - [MESSAGE][PASSED] - Object: 'Object Repository/LoggedOutReactPages/Dealers/SignUpTop_Button' is clicked on

2018-05-23 13:18:38 - [TEST_STEP][PASSED] - waitForElementVisible: Object 'Object Repository/LoggedOutReactPages/Dealers/DealerSignUp_Header' is visible

2018-05-23 13:18:38 - [MESSAGE][WARNING] - Timeout '0' is invalid. Using default page load timeout: '30'

2018-05-23 13:18:38 - [MESSAGE][PASSED] - Object 'Object Repository/LoggedOutReactPages/Dealers/DealerSignUp_Header' is visible

2018-05-23 13:18:38 - [TEST_STEP][PASSED] - Statement - now = new java.util.Date(): null

2018-05-23 13:18:38 - [TEST_STEP][PASSED] - Statement - rnd = now.format("yyyyMMddHHmmssSSS").toString(): null

2018-05-23 13:18:38 - [TEST_STEP][PASSED] - Statement - Email = com.kms.katalon.core.webui.keyword.WebUiBuiltInKeywords.concatenate(["dealer", rnd, "@mailinator.com"]): Concatenated string array: '['dealer','20180523131838751','@mailinator.com']' into 'dealer20180523131838751@mailinator.com'

2018-05-23 13:18:38 - [MESSAGE][PASSED] - Concatenated string array: '['dealer','20180523131838751','@mailinator.com']' into 'dealer20180523131838751@mailinator.com'

2018-05-23 13:18:38 - [TEST_STEP][PASSED] - setText: Text 'Test Dealer' is set on object 'Object Repository/LoggedOutReactPages/Dealers/DealerName_Input'

2018-05-23 13:18:38 - [MESSAGE][PASSED] - Text 'Test Dealer' is set on object 'Object Repository/LoggedOutReactPages/Dealers/DealerName_Input'

2018-05-23 13:18:38 - [TEST_STEP][PASSED] - setText: Text '111111' is set on object 'Object Repository/LoggedOutReactPages/Dealers/AccessID_Input'

2018-05-23 13:18:39 - [MESSAGE][PASSED] - Text '111111' is set on object 'Object Repository/LoggedOutReactPages/Dealers/AccessID_Input'

2018-05-23 13:18:39 - [TEST_STEP][PASSED] - setText: Text 'www.test.co' is set on object 'Object Repository/LoggedOutReactPages/Dealers/Website_Input'

2018-05-23 13:18:39 - [MESSAGE][PASSED] - Text 'www.test.co' is set on object 'Object Repository/LoggedOutReactPages/Dealers/Website_Input'

2018-05-23 13:18:39 - [TEST_STEP][PASSED] - setText: Text 'test' is set on object 'Object Repository/LoggedOutReactPages/Dealers/Address_Input'

2018-05-23 13:18:39 - [MESSAGE][PASSED] - Text 'test' is set on object 'Object Repository/LoggedOutReactPages/Dealers/Address_Input'

2018-05-23 13:18:39 - [TEST_STEP][PASSED] - setText: Text 'test' is set on object 'Object Repository/LoggedOutReactPages/Dealers/City_Input'

2018-05-23 13:18:39 - [MESSAGE][PASSED] - Text 'test' is set on object 'Object Repository/LoggedOutReactPages/Dealers/City_Input'

2018-05-23 13:18:39 - [TEST_STEP][PASSED] - selectOptionByValue: All options with value 'CA' are selected in object 'Object Repository/LoggedOutReactPages/CreateAccount/State_Dropdown' 

2018-05-23 13:18:40 - [MESSAGE][PASSED] - All options with value 'CA' are selected in object 'Object Repository/LoggedOutReactPages/CreateAccount/State_Dropdown' 

2018-05-23 13:18:40 - [TEST_STEP][PASSED] - setText: Text '11111' is set on object 'Object Repository/LoggedOutReactPages/Dealers/Zip_Input'

2018-05-23 13:18:40 - [MESSAGE][PASSED] - Text '11111' is set on object 'Object Repository/LoggedOutReactPages/Dealers/Zip_Input'

2018-05-23 13:18:40 - [TEST_STEP][PASSED] - setText: Text 'Dealer' is set on object 'Object Repository/LoggedOutReactPages/Dealers/FirstName_Input'

2018-05-23 13:18:40 - [MESSAGE][PASSED] - Text 'Dealer' is set on object 'Object Repository/LoggedOutReactPages/Dealers/FirstName_Input'

2018-05-23 13:18:40 - [TEST_STEP][PASSED] - setText: Text 'Autotest' is set on object 'Object Repository/LoggedOutReactPages/Dealers/LastName_Input'

2018-05-23 13:18:40 - [MESSAGE][PASSED] - Text 'Autotest' is set on object 'Object Repository/LoggedOutReactPages/Dealers/LastName_Input'

2018-05-23 13:18:40 - [TEST_STEP][PASSED] - setText: Text 'dealer20180523131838751@mailinator.com' is set on object 'Object Repository/LoggedOutReactPages/Dealers/Email_Input'

2018-05-23 13:18:41 - [MESSAGE][PASSED] - Text 'dealer20180523131838751@mailinator.com' is set on object 'Object Repository/LoggedOutReactPages/Dealers/Email_Input'

2018-05-23 13:18:41 - [TEST_STEP][PASSED] - setText: Text '8001112233' is set on object 'Object Repository/LoggedOutReactPages/Dealers/Phone_Input'

2018-05-23 13:18:41 - [MESSAGE][PASSED] - Text '8001112233' is set on object 'Object Repository/LoggedOutReactPages/Dealers/Phone_Input'

2018-05-23 13:18:41 - [TEST_STEP][PASSED] - setText: Text 'Test message text' is set on object 'Object Repository/LoggedOutReactPages/Dealers/Message_InputArea'

2018-05-23 13:18:42 - [MESSAGE][PASSED] - Text 'Test message text' is set on object 'Object Repository/LoggedOutReactPages/Dealers/Message_InputArea'

2018-05-23 13:18:42 - [TEST_STEP][PASSED] - click: Object: 'Object Repository/LoggedOutReactPages/Dealers/DealerSubmit_Button' is clicked on

2018-05-23 13:18:42 - [MESSAGE][PASSED] - Object: 'Object Repository/LoggedOutReactPages/Dealers/DealerSubmit_Button' is clicked on

2018-05-23 13:18:42 - [TEST_STEP][PASSED] - waitForElementPresent: Object 'Object Repository/LoggedOutReactPages/Dealers/Confirmation_Modal' is present

2018-05-23 13:18:42 - [MESSAGE][WARNING] - Timeout '0' is invalid. Using default page load timeout: '30'

2018-05-23 13:18:42 - [MESSAGE][PASSED] - Object 'Object Repository/LoggedOutReactPages/Dealers/Confirmation_Modal' is present

2018-05-23 13:18:42 - [TEST_STEP][PASSED] - verifyTextPresent: Text 'Click OK to be redirected to instaVIN® Dealer pricing. Dealers - Buy in Bundles and Save!' is present on page 

2018-05-23 13:18:42 - [MESSAGE][PASSED] - Text 'Click OK to be redirected to instaVIN® Dealer pricing. Dealers - Buy in Bundles and Save!' is present on page 

2018-05-23 13:18:42 - [TEST_STEP][PASSED] - click: Object: 'Object Repository/LoggedOutReactPages/Dealers/OkConfirmation_Button' is clicked on

2018-05-23 13:18:44 - [MESSAGE][PASSED] - Object: 'Object Repository/LoggedOutReactPages/Dealers/OkConfirmation_Button' is clicked on

2018-05-23 13:18:44 - [TEST_STEP][PASSED] - waitForElementVisible: Object 'Object Repository/LoggedOutReactPages/DealersOrder/EnterVin_Field' is visible

2018-05-23 13:18:44 - [MESSAGE][WARNING] - Timeout '0' is invalid. Using default page load timeout: '30'

2018-05-23 13:18:44 - [MESSAGE][PASSED] - Object 'Object Repository/LoggedOutReactPages/DealersOrder/EnterVin_Field' is visible

2018-05-23 13:18:44 - [TEST_STEP][PASSED] - Statement - RedirectURL = com.kms.katalon.core.webui.keyword.WebUiBuiltInKeywords.getUrl(): Current window's url is: 'https://staging.instavin.com/_O/CA-Dealer-Specials/order'

2018-05-23 13:18:44 - [MESSAGE][PASSED] - Current window's url is: 'https://staging.instavin.com/_O/CA-Dealer-Specials/order'

2018-05-23 13:18:44 - [TEST_STEP][PASSED] - Statement - ExpectedURL = com.kms.katalon.core.webui.keyword.WebUiBuiltInKeywords.concatenate([StartURL, "_O/CA-Dealer-Specials/order"]): Concatenated string array: '['https://staging.instavin.com/','_O/CA-Dealer-Specials/order']' into 'https://staging.instavin.com/_O/CA-Dealer-Specials/order'

2018-05-23 13:18:44 - [MESSAGE][PASSED] - Concatenated string array: '['https://staging.instavin.com/','_O/CA-Dealer-Specials/order']' into 'https://staging.instavin.com/_O/CA-Dealer-Specials/order'

2018-05-23 13:18:44 - [TEST_STEP][PASSED] - verifyEqual: Actual object 'https://staging.instavin.com/_O/CA-Dealer-Specials/order' and expected object 'https://staging.instavin.com/_O/CA-Dealer-Specials/order' are equal

2018-05-23 13:18:44 - [MESSAGE][PASSED] - Actual object 'https://staging.instavin.com/_O/CA-Dealer-Specials/order' and expected object 'https://staging.instavin.com/_O/CA-Dealer-Specials/order' are equal

2018-05-23 13:18:44 - [TEST_STEP][PASSED] - closeBrowser: Browser is closed

2018-05-23 13:18:45 - [MESSAGE][PASSED] - Browser is closed]]></system-out>
         <system-err><![CDATA[]]></system-err>
      </testcase>
      <testcase name="Test Cases/DealerRequest - ValidFields" classname="Test Cases/DealerRequest - ValidFields" status="PASSED">
         <system-out><![CDATA[2018-05-23 13:18:45 - [TEST_CASE][PASSED] - Test Cases/DealerRequest - ValidFields: Test Cases/DealerRequest - ValidFields

2018-05-23 13:18:45 - [TEST_STEP][PASSED] - openBrowser: Browser is opened with url: ''

2018-05-23 13:18:47 - [MESSAGE][PASSED] - Browser is opened with url: ''

2018-05-23 13:18:47 - [TEST_STEP][PASSED] - maximizeWindow: Current window maximized

2018-05-23 13:18:48 - [MESSAGE][PASSED] - Current window maximized

2018-05-23 13:18:48 - [TEST_STEP][PASSED] - navigateToUrl: Navigate to 'https://staging.instavin.com/' successfully

2018-05-23 13:18:51 - [MESSAGE][PASSED] - Navigate to 'https://staging.instavin.com/' successfully

2018-05-23 13:18:51 - [TEST_STEP][PASSED] - mouseOver: Object: 'Object Repository/LoggedOutReactPages/HomeLoggedOut/Dealers_Label' is hovered

2018-05-23 13:18:51 - [MESSAGE][PASSED] - Object: 'Object Repository/LoggedOutReactPages/HomeLoggedOut/Dealers_Label' is hovered

2018-05-23 13:18:51 - [TEST_STEP][PASSED] - verifyElementVisible: Object 'Object Repository/LoggedOutReactPages/HomeLoggedOut/DealerProgram_Link' is visible

2018-05-23 13:18:51 - [MESSAGE][PASSED] - Object 'Object Repository/LoggedOutReactPages/HomeLoggedOut/DealerProgram_Link' is visible

2018-05-23 13:18:51 - [TEST_STEP][PASSED] - click: Object: 'Object Repository/LoggedOutReactPages/HomeLoggedOut/DealerProgram_Link' is clicked on

2018-05-23 13:18:53 - [MESSAGE][PASSED] - Object: 'Object Repository/LoggedOutReactPages/HomeLoggedOut/DealerProgram_Link' is clicked on

2018-05-23 13:18:53 - [TEST_STEP][PASSED] - waitForElementVisible: Object 'Object Repository/LoggedOutReactPages/Dealers/SignUpTop_Button' is visible

2018-05-23 13:18:53 - [MESSAGE][WARNING] - Timeout '0' is invalid. Using default page load timeout: '30'

2018-05-23 13:18:53 - [MESSAGE][PASSED] - Object 'Object Repository/LoggedOutReactPages/Dealers/SignUpTop_Button' is visible

2018-05-23 13:18:53 - [TEST_STEP][PASSED] - verifyTextPresent: Text 'Welcome Dealers!' is present on page 

2018-05-23 13:18:53 - [MESSAGE][PASSED] - Text 'Welcome Dealers!' is present on page 

2018-05-23 13:18:53 - [TEST_STEP][PASSED] - verifyTextPresent: Text 'Get more data to help make better decisions, including' is present on page 

2018-05-23 13:18:53 - [MESSAGE][PASSED] - Text 'Get more data to help make better decisions, including' is present on page 

2018-05-23 13:18:53 - [TEST_STEP][PASSED] - click: Object: 'Object Repository/LoggedOutReactPages/Dealers/SignUpTop_Button' is clicked on

2018-05-23 13:18:53 - [MESSAGE][PASSED] - Object: 'Object Repository/LoggedOutReactPages/Dealers/SignUpTop_Button' is clicked on

2018-05-23 13:18:53 - [TEST_STEP][PASSED] - waitForElementVisible: Object 'Object Repository/LoggedOutReactPages/Dealers/DealerSignUp_Header' is visible

2018-05-23 13:18:53 - [MESSAGE][WARNING] - Timeout '0' is invalid. Using default page load timeout: '30'

2018-05-23 13:18:53 - [MESSAGE][PASSED] - Object 'Object Repository/LoggedOutReactPages/Dealers/DealerSignUp_Header' is visible

2018-05-23 13:18:53 - [TEST_STEP][PASSED] - Statement - now = new java.util.Date(): null

2018-05-23 13:18:53 - [TEST_STEP][PASSED] - Statement - rnd = now.format("yyyyMMddHHmmssSSS").toString(): null

2018-05-23 13:18:53 - [TEST_STEP][PASSED] - Statement - Email = com.kms.katalon.core.webui.keyword.WebUiBuiltInKeywords.concatenate(["dealer", rnd, "@mailinator.com"]): Concatenated string array: '['dealer','20180523131853958','@mailinator.com']' into 'dealer20180523131853958@mailinator.com'

2018-05-23 13:18:53 - [MESSAGE][PASSED] - Concatenated string array: '['dealer','20180523131853958','@mailinator.com']' into 'dealer20180523131853958@mailinator.com'

2018-05-23 13:18:53 - [TEST_STEP][PASSED] - setText: Text 'Test Dealer' is set on object 'Object Repository/LoggedOutReactPages/Dealers/DealerName_Input'

2018-05-23 13:18:54 - [MESSAGE][PASSED] - Text 'Test Dealer' is set on object 'Object Repository/LoggedOutReactPages/Dealers/DealerName_Input'

2018-05-23 13:18:54 - [TEST_STEP][PASSED] - setText: Text '111111' is set on object 'Object Repository/LoggedOutReactPages/Dealers/AccessID_Input'

2018-05-23 13:18:54 - [MESSAGE][PASSED] - Text '111111' is set on object 'Object Repository/LoggedOutReactPages/Dealers/AccessID_Input'

2018-05-23 13:18:54 - [TEST_STEP][PASSED] - setText: Text 'www.test.co' is set on object 'Object Repository/LoggedOutReactPages/Dealers/Website_Input'

2018-05-23 13:18:54 - [MESSAGE][PASSED] - Text 'www.test.co' is set on object 'Object Repository/LoggedOutReactPages/Dealers/Website_Input'

2018-05-23 13:18:54 - [TEST_STEP][PASSED] - setText: Text 'test' is set on object 'Object Repository/LoggedOutReactPages/Dealers/Address_Input'

2018-05-23 13:18:54 - [MESSAGE][PASSED] - Text 'test' is set on object 'Object Repository/LoggedOutReactPages/Dealers/Address_Input'

2018-05-23 13:18:54 - [TEST_STEP][PASSED] - setText: Text 'test' is set on object 'Object Repository/LoggedOutReactPages/Dealers/City_Input'

2018-05-23 13:18:54 - [MESSAGE][PASSED] - Text 'test' is set on object 'Object Repository/LoggedOutReactPages/Dealers/City_Input'

2018-05-23 13:18:54 - [TEST_STEP][PASSED] - selectOptionByValue: All options with value 'TX' are selected in object 'Object Repository/LoggedOutReactPages/CreateAccount/State_Dropdown' 

2018-05-23 13:18:55 - [MESSAGE][PASSED] - All options with value 'TX' are selected in object 'Object Repository/LoggedOutReactPages/CreateAccount/State_Dropdown' 

2018-05-23 13:18:55 - [TEST_STEP][PASSED] - setText: Text '11111' is set on object 'Object Repository/LoggedOutReactPages/Dealers/Zip_Input'

2018-05-23 13:18:55 - [MESSAGE][PASSED] - Text '11111' is set on object 'Object Repository/LoggedOutReactPages/Dealers/Zip_Input'

2018-05-23 13:18:55 - [TEST_STEP][PASSED] - setText: Text 'Dealer' is set on object 'Object Repository/LoggedOutReactPages/Dealers/FirstName_Input'

2018-05-23 13:18:55 - [MESSAGE][PASSED] - Text 'Dealer' is set on object 'Object Repository/LoggedOutReactPages/Dealers/FirstName_Input'

2018-05-23 13:18:55 - [TEST_STEP][PASSED] - setText: Text 'Autotest' is set on object 'Object Repository/LoggedOutReactPages/Dealers/LastName_Input'

2018-05-23 13:18:56 - [MESSAGE][PASSED] - Text 'Autotest' is set on object 'Object Repository/LoggedOutReactPages/Dealers/LastName_Input'

2018-05-23 13:18:56 - [TEST_STEP][PASSED] - setText: Text 'dealer20180523131853958@mailinator.com' is set on object 'Object Repository/LoggedOutReactPages/Dealers/Email_Input'

2018-05-23 13:18:56 - [MESSAGE][PASSED] - Text 'dealer20180523131853958@mailinator.com' is set on object 'Object Repository/LoggedOutReactPages/Dealers/Email_Input'

2018-05-23 13:18:56 - [TEST_STEP][PASSED] - setText: Text '8001112233' is set on object 'Object Repository/LoggedOutReactPages/Dealers/Phone_Input'

2018-05-23 13:18:56 - [MESSAGE][PASSED] - Text '8001112233' is set on object 'Object Repository/LoggedOutReactPages/Dealers/Phone_Input'

2018-05-23 13:18:56 - [TEST_STEP][PASSED] - setText: Text 'Test message text' is set on object 'Object Repository/LoggedOutReactPages/Dealers/Message_InputArea'

2018-05-23 13:18:57 - [MESSAGE][PASSED] - Text 'Test message text' is set on object 'Object Repository/LoggedOutReactPages/Dealers/Message_InputArea'

2018-05-23 13:18:57 - [TEST_STEP][PASSED] - click: Object: 'Object Repository/LoggedOutReactPages/Dealers/DealerSubmit_Button' is clicked on

2018-05-23 13:18:57 - [MESSAGE][PASSED] - Object: 'Object Repository/LoggedOutReactPages/Dealers/DealerSubmit_Button' is clicked on

2018-05-23 13:18:57 - [TEST_STEP][PASSED] - waitForElementPresent: Object 'Object Repository/LoggedOutReactPages/Dealers/Confirmation_Modal' is present

2018-05-23 13:18:57 - [MESSAGE][WARNING] - Timeout '0' is invalid. Using default page load timeout: '30'

2018-05-23 13:18:58 - [MESSAGE][PASSED] - Object 'Object Repository/LoggedOutReactPages/Dealers/Confirmation_Modal' is present

2018-05-23 13:18:58 - [TEST_STEP][PASSED] - verifyTextPresent: Text 'Click OK to be redirected to instaVIN® Dealer pricing. Dealers - Buy in Bundles and Save!' is present on page 

2018-05-23 13:18:58 - [MESSAGE][PASSED] - Text 'Click OK to be redirected to instaVIN® Dealer pricing. Dealers - Buy in Bundles and Save!' is present on page 

2018-05-23 13:18:58 - [TEST_STEP][PASSED] - click: Object: 'Object Repository/LoggedOutReactPages/Dealers/OkConfirmation_Button' is clicked on

2018-05-23 13:19:00 - [MESSAGE][PASSED] - Object: 'Object Repository/LoggedOutReactPages/Dealers/OkConfirmation_Button' is clicked on

2018-05-23 13:19:00 - [TEST_STEP][PASSED] - waitForElementVisible: Object 'Object Repository/LoggedOutReactPages/DealersOrder/EnterVin_Field' is visible

2018-05-23 13:19:00 - [MESSAGE][WARNING] - Timeout '0' is invalid. Using default page load timeout: '30'

2018-05-23 13:19:00 - [MESSAGE][PASSED] - Object 'Object Repository/LoggedOutReactPages/DealersOrder/EnterVin_Field' is visible

2018-05-23 13:19:00 - [TEST_STEP][PASSED] - Statement - RedirectURL = com.kms.katalon.core.webui.keyword.WebUiBuiltInKeywords.getUrl(): Current window's url is: 'https://staging.instavin.com/_O/dealer-bundles/order'

2018-05-23 13:19:00 - [MESSAGE][PASSED] - Current window's url is: 'https://staging.instavin.com/_O/dealer-bundles/order'

2018-05-23 13:19:00 - [TEST_STEP][PASSED] - Statement - ExpectedURL = com.kms.katalon.core.webui.keyword.WebUiBuiltInKeywords.concatenate([StartURL, "_O/dealer-bundles/order"]): Concatenated string array: '['https://staging.instavin.com/','_O/dealer-bundles/order']' into 'https://staging.instavin.com/_O/dealer-bundles/order'

2018-05-23 13:19:00 - [MESSAGE][PASSED] - Concatenated string array: '['https://staging.instavin.com/','_O/dealer-bundles/order']' into 'https://staging.instavin.com/_O/dealer-bundles/order'

2018-05-23 13:19:00 - [TEST_STEP][PASSED] - verifyEqual: Actual object 'https://staging.instavin.com/_O/dealer-bundles/order' and expected object 'https://staging.instavin.com/_O/dealer-bundles/order' are equal

2018-05-23 13:19:00 - [MESSAGE][PASSED] - Actual object 'https://staging.instavin.com/_O/dealer-bundles/order' and expected object 'https://staging.instavin.com/_O/dealer-bundles/order' are equal

2018-05-23 13:19:00 - [TEST_STEP][PASSED] - closeBrowser: Browser is closed

2018-05-23 13:19:01 - [MESSAGE][PASSED] - Browser is closed]]></system-out>
         <system-err><![CDATA[]]></system-err>
      </testcase>
      <testcase name="Test Cases/Affiliate - BuyVTRConsumer" classname="Test Cases/Affiliate - BuyVTRConsumer" status="PASSED">
         <system-out><![CDATA[2018-05-23 13:19:01 - [TEST_CASE][PASSED] - Test Cases/Affiliate - BuyVTRConsumer: Test Cases/Affiliate - BuyVTRConsumer

2018-05-23 13:19:01 - [TEST_STEP][PASSED] - openBrowser: Browser is opened with url: ''

2018-05-23 13:19:04 - [MESSAGE][PASSED] - Browser is opened with url: ''

2018-05-23 13:19:04 - [TEST_STEP][PASSED] - maximizeWindow: Current window maximized

2018-05-23 13:19:05 - [MESSAGE][PASSED] - Current window maximized

2018-05-23 13:19:05 - [TEST_STEP][PASSED] - Statement - OrderURL = com.kms.katalon.core.webui.keyword.WebUiBuiltInKeywords.concatenate([StagingReact, AffiliateURL, "order/"]): Concatenated string array: '['https://staging.instavin.com/','_O/autotest/','order/']' into 'https://staging.instavin.com/_O/autotest/order/'

2018-05-23 13:19:05 - [MESSAGE][PASSED] - Concatenated string array: '['https://staging.instavin.com/','_O/autotest/','order/']' into 'https://staging.instavin.com/_O/autotest/order/'

2018-05-23 13:19:05 - [TEST_STEP][PASSED] - navigateToUrl: Navigate to 'https://staging.instavin.com/_O/autotest/order/' successfully

2018-05-23 13:19:08 - [MESSAGE][PASSED] - Navigate to 'https://staging.instavin.com/_O/autotest/order/' successfully

2018-05-23 13:19:08 - [TEST_STEP][PASSED] - waitForElementVisible: Object 'Object Repository/LoggedInReactPages/Order (react)/instaVINProducts_Label' is visible

2018-05-23 13:19:08 - [MESSAGE][WARNING] - Timeout '0' is invalid. Using default page load timeout: '30'

2018-05-23 13:19:08 - [MESSAGE][PASSED] - Object 'Object Repository/LoggedInReactPages/Order (react)/instaVINProducts_Label' is visible

2018-05-23 13:19:08 - [TEST_STEP][PASSED] - verifyElementText: Actual text and expected text of test object 'Object Repository/LoggedInReactPages/Order (react)/VtrPrice1' are matched.

2018-05-23 13:19:08 - [MESSAGE][PASSED] - Actual text and expected text of test object 'Object Repository/LoggedInReactPages/Order (react)/VtrPrice1' are matched.

2018-05-23 13:19:08 - [TEST_STEP][PASSED] - verifyElementText: Actual text and expected text of test object 'Object Repository/LoggedInReactPages/Order (react)/VtrPrice10' are matched.

2018-05-23 13:19:08 - [MESSAGE][PASSED] - Actual text and expected text of test object 'Object Repository/LoggedInReactPages/Order (react)/VtrPrice10' are matched.

2018-05-23 13:19:08 - [TEST_STEP][PASSED] - verifyElementText: Actual text and expected text of test object 'Object Repository/LoggedInReactPages/Order (react)/VtrPrice50' are matched.

2018-05-23 13:19:08 - [MESSAGE][PASSED] - Actual text and expected text of test object 'Object Repository/LoggedInReactPages/Order (react)/VtrPrice50' are matched.

2018-05-23 13:19:08 - [TEST_STEP][PASSED] - setText: Text 'SAJWA43C199B29849' is set on object 'Object Repository/LoggedInReactPages/Order (react)/VINCheckForm_EnterVINInput'

2018-05-23 13:19:09 - [MESSAGE][PASSED] - Text 'SAJWA43C199B29849' is set on object 'Object Repository/LoggedInReactPages/Order (react)/VINCheckForm_EnterVINInput'

2018-05-23 13:19:09 - [TEST_STEP][PASSED] - click: Object: 'Object Repository/LoggedInReactPages/Order (react)/CheckVin_ArrowButton' is clicked on

2018-05-23 13:19:09 - [MESSAGE][PASSED] - Object: 'Object Repository/LoggedInReactPages/Order (react)/CheckVin_ArrowButton' is clicked on

2018-05-23 13:19:09 - [TEST_STEP][PASSED] - waitForElementVisible: Object 'Object Repository/LoggedInReactPages/Order (react)/ChangeVIN_Cross' is visible

2018-05-23 13:19:09 - [MESSAGE][WARNING] - Timeout '0' is invalid. Using default page load timeout: '30'

2018-05-23 13:19:09 - [MESSAGE][PASSED] - Object 'Object Repository/LoggedInReactPages/Order (react)/ChangeVIN_Cross' is visible

2018-05-23 13:19:09 - [TEST_STEP][PASSED] - verifyElementVisible: Object 'Object Repository/LoggedInReactPages/Order (react)/OrderNow_OrangeButton' is visible

2018-05-23 13:19:09 - [MESSAGE][PASSED] - Object 'Object Repository/LoggedInReactPages/Order (react)/OrderNow_OrangeButton' is visible

2018-05-23 13:19:09 - [TEST_STEP][PASSED] - click: Object: 'Object Repository/LoggedInReactPages/Order (react)/OrderNow_OrangeButton' is clicked on

2018-05-23 13:19:10 - [MESSAGE][PASSED] - Object: 'Object Repository/LoggedInReactPages/Order (react)/OrderNow_OrangeButton' is clicked on

2018-05-23 13:19:10 - [TEST_STEP][PASSED] - waitForElementVisible: Object 'Object Repository/LoggedInReactPages/Order (react)/Purchase_Button' is visible

2018-05-23 13:19:10 - [MESSAGE][WARNING] - Timeout '0' is invalid. Using default page load timeout: '30'

2018-05-23 13:19:10 - [MESSAGE][PASSED] - Object 'Object Repository/LoggedInReactPages/Order (react)/Purchase_Button' is visible

2018-05-23 13:19:10 - [TEST_STEP][PASSED] - Statement - now = new java.util.Date(): null

2018-05-23 13:19:10 - [TEST_STEP][PASSED] - Statement - rnd = now.format("yyyyMMddHHmmssSSS").toString(): null

2018-05-23 13:19:10 - [TEST_STEP][PASSED] - Statement - Email = com.kms.katalon.core.webui.keyword.WebUiBuiltInKeywords.concatenate(["affiliate", rnd, "@mailinator.com"]): Concatenated string array: '['affiliate','20180523131910299','@mailinator.com']' into 'affiliate20180523131910299@mailinator.com'

2018-05-23 13:19:10 - [MESSAGE][PASSED] - Concatenated string array: '['affiliate','20180523131910299','@mailinator.com']' into 'affiliate20180523131910299@mailinator.com'

2018-05-23 13:19:10 - [TEST_STEP][PASSED] - callTestCase: Call Test Case 'Test Cases/Base Tests/OrderSignUpBase' successfully

2018-05-23 13:19:10 - [TEST_CASE][PASSED] - Test Cases/Base Tests/OrderSignUpBase: Test Cases/Base Tests/OrderSignUpBase

2018-05-23 13:19:11 - [TEST_STEP][PASSED] - setText: Text 'Affiliate' is set on object 'Object Repository/LoggedOutReactPages/OrderLoggedOut/FirstName_Input'

2018-05-23 13:19:11 - [MESSAGE][PASSED] - Text 'Affiliate' is set on object 'Object Repository/LoggedOutReactPages/OrderLoggedOut/FirstName_Input'

2018-05-23 13:19:11 - [TEST_STEP][PASSED] - setText: Text 'Test' is set on object 'Object Repository/LoggedOutReactPages/OrderLoggedOut/LastName_Input'

2018-05-23 13:19:11 - [MESSAGE][PASSED] - Text 'Test' is set on object 'Object Repository/LoggedOutReactPages/OrderLoggedOut/LastName_Input'

2018-05-23 13:19:11 - [TEST_STEP][PASSED] - setText: Text 'test' is set on object 'Object Repository/LoggedOutReactPages/OrderLoggedOut/Address_Input'

2018-05-23 13:19:11 - [MESSAGE][PASSED] - Text 'test' is set on object 'Object Repository/LoggedOutReactPages/OrderLoggedOut/Address_Input'

2018-05-23 13:19:11 - [TEST_STEP][PASSED] - setText: Text 'test' is set on object 'Object Repository/LoggedOutReactPages/OrderLoggedOut/City_Input'

2018-05-23 13:19:12 - [MESSAGE][PASSED] - Text 'test' is set on object 'Object Repository/LoggedOutReactPages/OrderLoggedOut/City_Input'

2018-05-23 13:19:12 - [TEST_STEP][PASSED] - selectOptionByValue: All options with value 'TX' are selected in object 'Object Repository/LoggedOutReactPages/OrderLoggedOut/State_Dropdown' 

2018-05-23 13:19:12 - [MESSAGE][PASSED] - All options with value 'TX' are selected in object 'Object Repository/LoggedOutReactPages/OrderLoggedOut/State_Dropdown' 

2018-05-23 13:19:12 - [TEST_STEP][PASSED] - setText: Text '11111' is set on object 'Object Repository/LoggedOutReactPages/OrderLoggedOut/Zip_Input'

2018-05-23 13:19:12 - [MESSAGE][PASSED] - Text '11111' is set on object 'Object Repository/LoggedOutReactPages/OrderLoggedOut/Zip_Input'

2018-05-23 13:19:12 - [TEST_STEP][PASSED] - setText: Text '8001112233' is set on object 'Object Repository/LoggedOutReactPages/OrderLoggedOut/Phone_Input'

2018-05-23 13:19:12 - [MESSAGE][PASSED] - Text '8001112233' is set on object 'Object Repository/LoggedOutReactPages/OrderLoggedOut/Phone_Input'

2018-05-23 13:19:12 - [TEST_STEP][PASSED] - setText: Text 'affiliate20180523131910299@mailinator.com' is set on object 'Object Repository/LoggedOutReactPages/OrderLoggedOut/Email_Input'

2018-05-23 13:19:13 - [MESSAGE][PASSED] - Text 'affiliate20180523131910299@mailinator.com' is set on object 'Object Repository/LoggedOutReactPages/OrderLoggedOut/Email_Input'

2018-05-23 13:19:13 - [TEST_STEP][PASSED] - setText: Text '4000100011112224' is set on object 'Object Repository/LoggedOutReactPages/OrderLoggedOut/CcNumber_Input'

2018-05-23 13:19:13 - [MESSAGE][PASSED] - Text '4000100011112224' is set on object 'Object Repository/LoggedOutReactPages/OrderLoggedOut/CcNumber_Input'

2018-05-23 13:19:13 - [TEST_STEP][PASSED] - setText: Text '111' is set on object 'Object Repository/LoggedOutReactPages/OrderLoggedOut/CVV_Input'

2018-05-23 13:19:13 - [MESSAGE][PASSED] - Text '111' is set on object 'Object Repository/LoggedOutReactPages/OrderLoggedOut/CVV_Input'

2018-05-23 13:19:13 - [TEST_STEP][PASSED] - selectOptionByValue: All options with value '11' are selected in object 'Object Repository/LoggedOutReactPages/OrderLoggedOut/ExpirationMonth_Dropdown' 

2018-05-23 13:19:14 - [MESSAGE][PASSED] - All options with value '11' are selected in object 'Object Repository/LoggedOutReactPages/OrderLoggedOut/ExpirationMonth_Dropdown' 

2018-05-23 13:19:14 - [TEST_STEP][PASSED] - selectOptionByValue: All options with value '2020' are selected in object 'Object Repository/LoggedOutReactPages/OrderLoggedOut/ExpirationYear_Dropdown' 

2018-05-23 13:19:14 - [MESSAGE][PASSED] - All options with value '2020' are selected in object 'Object Repository/LoggedOutReactPages/OrderLoggedOut/ExpirationYear_Dropdown' 

2018-05-23 13:19:14 - [TEST_STEP][PASSED] - selectOptionByValue: All options with value '0' are selected in object 'Object Repository/LoggedOutReactPages/OrderLoggedOut/UserType_Dropdown' 

2018-05-23 13:19:14 - [MESSAGE][PASSED] - All options with value '0' are selected in object 'Object Repository/LoggedOutReactPages/OrderLoggedOut/UserType_Dropdown' 

2018-05-23 13:19:14 - [TEST_STEP][PASSED] - check: Object 'Object Repository/LoggedOutReactPages/OrderLoggedOut/Terms_Checkbox' is checked

2018-05-23 13:19:14 - [MESSAGE][PASSED] - Object 'Object Repository/LoggedOutReactPages/OrderLoggedOut/Terms_Checkbox' is checked

2018-05-23 13:19:14 - [TEST_STEP][PASSED] - click: Object: 'Object Repository/LoggedInReactPages/Order (react)/Purchase_Button' is clicked on

2018-05-23 13:19:15 - [MESSAGE][PASSED] - Object: 'Object Repository/LoggedInReactPages/Order (react)/Purchase_Button' is clicked on

2018-05-23 13:19:15 - [MESSAGE][PASSED] - Call Test Case 'Test Cases/Base Tests/OrderSignUpBase' successfully

2018-05-23 13:19:15 - [TEST_STEP][PASSED] - waitForElementClickable: Object 'Object Repository/LoggedInReactPages/Order (react)/CompletePurchase_Button' is clickable

2018-05-23 13:19:15 - [MESSAGE][WARNING] - Timeout '0' is invalid. Using default page load timeout: '30'

2018-05-23 13:19:15 - [MESSAGE][PASSED] - Object 'Object Repository/LoggedInReactPages/Order (react)/CompletePurchase_Button' is clickable

2018-05-23 13:19:15 - [TEST_STEP][PASSED] - Statement - Price = com.kms.katalon.core.webui.keyword.WebUiBuiltInKeywords.concatenate(["Only ", Vtr1]): Concatenated string array: '['Only ','$333.00']' into 'Only $333.00'

2018-05-23 13:19:15 - [MESSAGE][PASSED] - Concatenated string array: '['Only ','$333.00']' into 'Only $333.00'

2018-05-23 13:19:15 - [TEST_STEP][PASSED] - verifyElementText: Actual text and expected text of test object 'Object Repository/LoggedInReactPages/Order (react)/Confirm_Price' are matched.

2018-05-23 13:19:15 - [MESSAGE][PASSED] - Actual text and expected text of test object 'Object Repository/LoggedInReactPages/Order (react)/Confirm_Price' are matched.

2018-05-23 13:19:15 - [TEST_STEP][PASSED] - click: Object: 'Object Repository/LoggedInReactPages/Order (react)/CompletePurchase_Button' is clicked on

2018-05-23 13:19:15 - [MESSAGE][PASSED] - Object: 'Object Repository/LoggedInReactPages/Order (react)/CompletePurchase_Button' is clicked on

2018-05-23 13:19:15 - [TEST_STEP][PASSED] - waitForElementClickable: Object 'Object Repository/LoggedInReactPages/Order (react)/ViewReport_Button' is clickable

2018-05-23 13:19:15 - [MESSAGE][WARNING] - Timeout '0' is invalid. Using default page load timeout: '30'

2018-05-23 13:19:20 - [MESSAGE][PASSED] - Object 'Object Repository/LoggedInReactPages/Order (react)/ViewReport_Button' is clickable

2018-05-23 13:19:20 - [TEST_STEP][PASSED] - verifyTextPresent: Text 'Thank you for using instaVIN!' is present on page 

2018-05-23 13:19:20 - [MESSAGE][PASSED] - Text 'Thank you for using instaVIN!' is present on page 

2018-05-23 13:19:20 - [TEST_STEP][PASSED] - click: Object: 'Object Repository/LoggedInReactPages/Order (react)/ViewReport_Button' is clicked on

2018-05-23 13:19:21 - [MESSAGE][PASSED] - Object: 'Object Repository/LoggedInReactPages/Order (react)/ViewReport_Button' is clicked on

2018-05-23 13:19:21 - [TEST_STEP][PASSED] - waitForElementVisible: Object 'Object Repository/LoggedInReactPages/ReportSummary/ReportHeader' is visible

2018-05-23 13:19:21 - [MESSAGE][WARNING] - Timeout '0' is invalid. Using default page load timeout: '30'

2018-05-23 13:19:21 - [MESSAGE][PASSED] - Object 'Object Repository/LoggedInReactPages/ReportSummary/ReportHeader' is visible

2018-05-23 13:19:21 - [TEST_STEP][PASSED] - verifyElementText: Actual text and expected text of test object 'Object Repository/LoggedInReactPages/ReportSummary/VehicleTitle' are matched.

2018-05-23 13:19:21 - [MESSAGE][PASSED] - Actual text and expected text of test object 'Object Repository/LoggedInReactPages/ReportSummary/VehicleTitle' are matched.

2018-05-23 13:19:21 - [TEST_STEP][PASSED] - verifyElementAttributeValue: Object 'Object Repository/LoggedInReactPages/ReportSummary/ReportType' has attribute 'class' with value 'ReportGrade AlertSuccess'

2018-05-23 13:19:21 - [MESSAGE][WARNING] - Timeout '0' is invalid. Using default page load timeout: '30'

2018-05-23 13:19:21 - [MESSAGE][PASSED] - Object 'Object Repository/LoggedInReactPages/ReportSummary/ReportType' has attribute 'class' with value 'ReportGrade AlertSuccess'

2018-05-23 13:19:21 - [TEST_STEP][PASSED] - verifyElementText: Actual text and expected text of test object 'Object Repository/LoggedInReactPages/ReportSummary/ReportType' are matched.

2018-05-23 13:19:21 - [MESSAGE][PASSED] - Actual text and expected text of test object 'Object Repository/LoggedInReactPages/ReportSummary/ReportType' are matched.

2018-05-23 13:19:21 - [TEST_STEP][PASSED] - navigateToUrl: Navigate to 'https://staging.instavin.com/_O/autotest/order/' successfully

2018-05-23 13:19:23 - [MESSAGE][PASSED] - Navigate to 'https://staging.instavin.com/_O/autotest/order/' successfully

2018-05-23 13:19:23 - [TEST_STEP][PASSED] - verifyElementText: Actual text and expected text of test object 'Object Repository/LoggedInReactPages/Order (react)/VtrPrice1' are matched.

2018-05-23 13:19:23 - [MESSAGE][PASSED] - Actual text and expected text of test object 'Object Repository/LoggedInReactPages/Order (react)/VtrPrice1' are matched.

2018-05-23 13:19:23 - [TEST_STEP][PASSED] - verifyElementText: Actual text and expected text of test object 'Object Repository/LoggedInReactPages/Order (react)/VtrPrice10' are matched.

2018-05-23 13:19:23 - [MESSAGE][PASSED] - Actual text and expected text of test object 'Object Repository/LoggedInReactPages/Order (react)/VtrPrice10' are matched.

2018-05-23 13:19:23 - [TEST_STEP][PASSED] - closeBrowser: Browser is closed

2018-05-23 13:19:23 - [MESSAGE][PASSED] - Browser is closed]]></system-out>
         <system-err><![CDATA[]]></system-err>
      </testcase>
      <testcase name="Test Cases/Affiliate - BuyVTRDealer" classname="Test Cases/Affiliate - BuyVTRDealer" status="PASSED">
         <system-out><![CDATA[2018-05-23 13:19:23 - [TEST_CASE][PASSED] - Test Cases/Affiliate - BuyVTRDealer: Test Cases/Affiliate - BuyVTRDealer

2018-05-23 13:19:24 - [TEST_STEP][PASSED] - openBrowser: Browser is opened with url: ''

2018-05-23 13:19:26 - [MESSAGE][PASSED] - Browser is opened with url: ''

2018-05-23 13:19:26 - [TEST_STEP][PASSED] - maximizeWindow: Current window maximized

2018-05-23 13:19:27 - [MESSAGE][PASSED] - Current window maximized

2018-05-23 13:19:27 - [TEST_STEP][PASSED] - Statement - OrderURL = com.kms.katalon.core.webui.keyword.WebUiBuiltInKeywords.concatenate([StagingReact, AffiliateURL, "order/"]): Concatenated string array: '['https://staging.instavin.com/','_O/autotest/','order/']' into 'https://staging.instavin.com/_O/autotest/order/'

2018-05-23 13:19:27 - [MESSAGE][PASSED] - Concatenated string array: '['https://staging.instavin.com/','_O/autotest/','order/']' into 'https://staging.instavin.com/_O/autotest/order/'

2018-05-23 13:19:27 - [TEST_STEP][PASSED] - navigateToUrl: Navigate to 'https://staging.instavin.com/_O/autotest/order/' successfully

2018-05-23 13:19:31 - [MESSAGE][PASSED] - Navigate to 'https://staging.instavin.com/_O/autotest/order/' successfully

2018-05-23 13:19:31 - [TEST_STEP][PASSED] - waitForElementVisible: Object 'Object Repository/LoggedInReactPages/Order (react)/instaVINProducts_Label' is visible

2018-05-23 13:19:31 - [MESSAGE][WARNING] - Timeout '0' is invalid. Using default page load timeout: '30'

2018-05-23 13:19:31 - [MESSAGE][PASSED] - Object 'Object Repository/LoggedInReactPages/Order (react)/instaVINProducts_Label' is visible

2018-05-23 13:19:31 - [TEST_STEP][PASSED] - verifyElementText: Actual text and expected text of test object 'Object Repository/LoggedInReactPages/Order (react)/VtrPrice1' are matched.

2018-05-23 13:19:31 - [MESSAGE][PASSED] - Actual text and expected text of test object 'Object Repository/LoggedInReactPages/Order (react)/VtrPrice1' are matched.

2018-05-23 13:19:31 - [TEST_STEP][PASSED] - verifyElementText: Actual text and expected text of test object 'Object Repository/LoggedInReactPages/Order (react)/VtrPrice10' are matched.

2018-05-23 13:19:31 - [MESSAGE][PASSED] - Actual text and expected text of test object 'Object Repository/LoggedInReactPages/Order (react)/VtrPrice10' are matched.

2018-05-23 13:19:31 - [TEST_STEP][PASSED] - verifyElementText: Actual text and expected text of test object 'Object Repository/LoggedInReactPages/Order (react)/VtrPrice50' are matched.

2018-05-23 13:19:31 - [MESSAGE][PASSED] - Actual text and expected text of test object 'Object Repository/LoggedInReactPages/Order (react)/VtrPrice50' are matched.

2018-05-23 13:19:31 - [TEST_STEP][PASSED] - setText: Text 'SAJWA43C199B29849' is set on object 'Object Repository/LoggedInReactPages/Order (react)/VINCheckForm_EnterVINInput'

2018-05-23 13:19:31 - [MESSAGE][PASSED] - Text 'SAJWA43C199B29849' is set on object 'Object Repository/LoggedInReactPages/Order (react)/VINCheckForm_EnterVINInput'

2018-05-23 13:19:31 - [TEST_STEP][PASSED] - click: Object: 'Object Repository/LoggedInReactPages/Order (react)/CheckVin_ArrowButton' is clicked on

2018-05-23 13:19:31 - [MESSAGE][PASSED] - Object: 'Object Repository/LoggedInReactPages/Order (react)/CheckVin_ArrowButton' is clicked on

2018-05-23 13:19:31 - [TEST_STEP][PASSED] - waitForElementVisible: Object 'Object Repository/LoggedInReactPages/Order (react)/ChangeVIN_Cross' is visible

2018-05-23 13:19:31 - [MESSAGE][WARNING] - Timeout '0' is invalid. Using default page load timeout: '30'

2018-05-23 13:19:32 - [MESSAGE][PASSED] - Object 'Object Repository/LoggedInReactPages/Order (react)/ChangeVIN_Cross' is visible

2018-05-23 13:19:32 - [TEST_STEP][PASSED] - verifyElementVisible: Object 'Object Repository/LoggedInReactPages/Order (react)/OrderNow_OrangeButton' is visible

2018-05-23 13:19:32 - [MESSAGE][PASSED] - Object 'Object Repository/LoggedInReactPages/Order (react)/OrderNow_OrangeButton' is visible

2018-05-23 13:19:32 - [TEST_STEP][PASSED] - click: Object: 'Object Repository/LoggedInReactPages/Order (react)/OrderNow_OrangeButton' is clicked on

2018-05-23 13:19:32 - [MESSAGE][PASSED] - Object: 'Object Repository/LoggedInReactPages/Order (react)/OrderNow_OrangeButton' is clicked on

2018-05-23 13:19:32 - [TEST_STEP][PASSED] - waitForElementVisible: Object 'Object Repository/LoggedInReactPages/Order (react)/Purchase_Button' is visible

2018-05-23 13:19:32 - [MESSAGE][WARNING] - Timeout '0' is invalid. Using default page load timeout: '30'

2018-05-23 13:19:32 - [MESSAGE][PASSED] - Object 'Object Repository/LoggedInReactPages/Order (react)/Purchase_Button' is visible

2018-05-23 13:19:32 - [TEST_STEP][PASSED] - Statement - now = new java.util.Date(): null

2018-05-23 13:19:32 - [TEST_STEP][PASSED] - Statement - rnd = now.format("yyyyMMddHHmmssSSS").toString(): null

2018-05-23 13:19:32 - [TEST_STEP][PASSED] - Statement - Email = com.kms.katalon.core.webui.keyword.WebUiBuiltInKeywords.concatenate(["affiliate", rnd, "@mailinator.com"]): Concatenated string array: '['affiliate','20180523131932503','@mailinator.com']' into 'affiliate20180523131932503@mailinator.com'

2018-05-23 13:19:32 - [MESSAGE][PASSED] - Concatenated string array: '['affiliate','20180523131932503','@mailinator.com']' into 'affiliate20180523131932503@mailinator.com'

2018-05-23 13:19:32 - [TEST_STEP][PASSED] - callTestCase: Call Test Case 'Test Cases/Base Tests/OrderSignUpBase' successfully

2018-05-23 13:19:32 - [TEST_CASE][PASSED] - Test Cases/Base Tests/OrderSignUpBase: Test Cases/Base Tests/OrderSignUpBase

2018-05-23 13:19:32 - [TEST_STEP][PASSED] - setText: Text 'Affiliate' is set on object 'Object Repository/LoggedOutReactPages/OrderLoggedOut/FirstName_Input'

2018-05-23 13:19:33 - [MESSAGE][PASSED] - Text 'Affiliate' is set on object 'Object Repository/LoggedOutReactPages/OrderLoggedOut/FirstName_Input'

2018-05-23 13:19:33 - [TEST_STEP][PASSED] - setText: Text 'Test' is set on object 'Object Repository/LoggedOutReactPages/OrderLoggedOut/LastName_Input'

2018-05-23 13:19:33 - [MESSAGE][PASSED] - Text 'Test' is set on object 'Object Repository/LoggedOutReactPages/OrderLoggedOut/LastName_Input'

2018-05-23 13:19:33 - [TEST_STEP][PASSED] - setText: Text 'test' is set on object 'Object Repository/LoggedOutReactPages/OrderLoggedOut/Address_Input'

2018-05-23 13:19:33 - [MESSAGE][PASSED] - Text 'test' is set on object 'Object Repository/LoggedOutReactPages/OrderLoggedOut/Address_Input'

2018-05-23 13:19:33 - [TEST_STEP][PASSED] - setText: Text 'test' is set on object 'Object Repository/LoggedOutReactPages/OrderLoggedOut/City_Input'

2018-05-23 13:19:34 - [MESSAGE][PASSED] - Text 'test' is set on object 'Object Repository/LoggedOutReactPages/OrderLoggedOut/City_Input'

2018-05-23 13:19:34 - [TEST_STEP][PASSED] - selectOptionByValue: All options with value 'TX' are selected in object 'Object Repository/LoggedOutReactPages/OrderLoggedOut/State_Dropdown' 

2018-05-23 13:19:34 - [MESSAGE][PASSED] - All options with value 'TX' are selected in object 'Object Repository/LoggedOutReactPages/OrderLoggedOut/State_Dropdown' 

2018-05-23 13:19:34 - [TEST_STEP][PASSED] - setText: Text '11111' is set on object 'Object Repository/LoggedOutReactPages/OrderLoggedOut/Zip_Input'

2018-05-23 13:19:34 - [MESSAGE][PASSED] - Text '11111' is set on object 'Object Repository/LoggedOutReactPages/OrderLoggedOut/Zip_Input'

2018-05-23 13:19:34 - [TEST_STEP][PASSED] - setText: Text '8001112233' is set on object 'Object Repository/LoggedOutReactPages/OrderLoggedOut/Phone_Input'

2018-05-23 13:19:35 - [MESSAGE][PASSED] - Text '8001112233' is set on object 'Object Repository/LoggedOutReactPages/OrderLoggedOut/Phone_Input'

2018-05-23 13:19:35 - [TEST_STEP][PASSED] - setText: Text 'affiliate20180523131932503@mailinator.com' is set on object 'Object Repository/LoggedOutReactPages/OrderLoggedOut/Email_Input'

2018-05-23 13:19:35 - [MESSAGE][PASSED] - Text 'affiliate20180523131932503@mailinator.com' is set on object 'Object Repository/LoggedOutReactPages/OrderLoggedOut/Email_Input'

2018-05-23 13:19:35 - [TEST_STEP][PASSED] - setText: Text '4000100011112224' is set on object 'Object Repository/LoggedOutReactPages/OrderLoggedOut/CcNumber_Input'

2018-05-23 13:19:35 - [MESSAGE][PASSED] - Text '4000100011112224' is set on object 'Object Repository/LoggedOutReactPages/OrderLoggedOut/CcNumber_Input'

2018-05-23 13:19:35 - [TEST_STEP][PASSED] - setText: Text '111' is set on object 'Object Repository/LoggedOutReactPages/OrderLoggedOut/CVV_Input'

2018-05-23 13:19:36 - [MESSAGE][PASSED] - Text '111' is set on object 'Object Repository/LoggedOutReactPages/OrderLoggedOut/CVV_Input'

2018-05-23 13:19:36 - [TEST_STEP][PASSED] - selectOptionByValue: All options with value '11' are selected in object 'Object Repository/LoggedOutReactPages/OrderLoggedOut/ExpirationMonth_Dropdown' 

2018-05-23 13:19:36 - [MESSAGE][PASSED] - All options with value '11' are selected in object 'Object Repository/LoggedOutReactPages/OrderLoggedOut/ExpirationMonth_Dropdown' 

2018-05-23 13:19:36 - [TEST_STEP][PASSED] - selectOptionByValue: All options with value '2020' are selected in object 'Object Repository/LoggedOutReactPages/OrderLoggedOut/ExpirationYear_Dropdown' 

2018-05-23 13:19:36 - [MESSAGE][PASSED] - All options with value '2020' are selected in object 'Object Repository/LoggedOutReactPages/OrderLoggedOut/ExpirationYear_Dropdown' 

2018-05-23 13:19:36 - [TEST_STEP][PASSED] - selectOptionByValue: All options with value '1' are selected in object 'Object Repository/LoggedOutReactPages/OrderLoggedOut/UserType_Dropdown' 

2018-05-23 13:19:36 - [MESSAGE][PASSED] - All options with value '1' are selected in object 'Object Repository/LoggedOutReactPages/OrderLoggedOut/UserType_Dropdown' 

2018-05-23 13:19:36 - [TEST_STEP][PASSED] - check: Object 'Object Repository/LoggedOutReactPages/OrderLoggedOut/Terms_Checkbox' is checked

2018-05-23 13:19:36 - [MESSAGE][PASSED] - Object 'Object Repository/LoggedOutReactPages/OrderLoggedOut/Terms_Checkbox' is checked

2018-05-23 13:19:36 - [TEST_STEP][PASSED] - click: Object: 'Object Repository/LoggedInReactPages/Order (react)/Purchase_Button' is clicked on

2018-05-23 13:19:37 - [MESSAGE][PASSED] - Object: 'Object Repository/LoggedInReactPages/Order (react)/Purchase_Button' is clicked on

2018-05-23 13:19:37 - [MESSAGE][PASSED] - Call Test Case 'Test Cases/Base Tests/OrderSignUpBase' successfully

2018-05-23 13:19:37 - [TEST_STEP][PASSED] - waitForElementClickable: Object 'Object Repository/LoggedInReactPages/Order (react)/CompletePurchase_Button' is clickable

2018-05-23 13:19:37 - [MESSAGE][WARNING] - Timeout '0' is invalid. Using default page load timeout: '30'

2018-05-23 13:19:37 - [MESSAGE][PASSED] - Object 'Object Repository/LoggedInReactPages/Order (react)/CompletePurchase_Button' is clickable

2018-05-23 13:19:37 - [TEST_STEP][PASSED] - Statement - Price = com.kms.katalon.core.webui.keyword.WebUiBuiltInKeywords.concatenate(["Only ", Vtr1]): Concatenated string array: '['Only ','$333.00']' into 'Only $333.00'

2018-05-23 13:19:37 - [MESSAGE][PASSED] - Concatenated string array: '['Only ','$333.00']' into 'Only $333.00'

2018-05-23 13:19:37 - [TEST_STEP][PASSED] - verifyElementText: Actual text and expected text of test object 'Object Repository/LoggedInReactPages/Order (react)/Confirm_Price' are matched.

2018-05-23 13:19:37 - [MESSAGE][PASSED] - Actual text and expected text of test object 'Object Repository/LoggedInReactPages/Order (react)/Confirm_Price' are matched.

2018-05-23 13:19:37 - [TEST_STEP][PASSED] - click: Object: 'Object Repository/LoggedInReactPages/Order (react)/CompletePurchase_Button' is clicked on

2018-05-23 13:19:37 - [MESSAGE][PASSED] - Object: 'Object Repository/LoggedInReactPages/Order (react)/CompletePurchase_Button' is clicked on

2018-05-23 13:19:38 - [TEST_STEP][PASSED] - waitForElementClickable: Object 'Object Repository/LoggedInReactPages/Order (react)/ViewReport_Button' is clickable

2018-05-23 13:19:38 - [MESSAGE][WARNING] - Timeout '0' is invalid. Using default page load timeout: '30'

2018-05-23 13:19:41 - [MESSAGE][PASSED] - Object 'Object Repository/LoggedInReactPages/Order (react)/ViewReport_Button' is clickable

2018-05-23 13:19:41 - [TEST_STEP][PASSED] - verifyTextPresent: Text 'Thank you for using instaVIN!' is present on page 

2018-05-23 13:19:42 - [MESSAGE][PASSED] - Text 'Thank you for using instaVIN!' is present on page 

2018-05-23 13:19:42 - [TEST_STEP][PASSED] - click: Object: 'Object Repository/LoggedInReactPages/Order (react)/ViewReport_Button' is clicked on

2018-05-23 13:19:43 - [MESSAGE][PASSED] - Object: 'Object Repository/LoggedInReactPages/Order (react)/ViewReport_Button' is clicked on

2018-05-23 13:19:43 - [TEST_STEP][PASSED] - waitForElementVisible: Object 'Object Repository/LoggedInReactPages/ReportSummary/ReportHeader' is visible

2018-05-23 13:19:43 - [MESSAGE][WARNING] - Timeout '0' is invalid. Using default page load timeout: '30'

2018-05-23 13:19:43 - [MESSAGE][PASSED] - Object 'Object Repository/LoggedInReactPages/ReportSummary/ReportHeader' is visible

2018-05-23 13:19:43 - [TEST_STEP][PASSED] - verifyElementText: Actual text and expected text of test object 'Object Repository/LoggedInReactPages/ReportSummary/VehicleTitle' are matched.

2018-05-23 13:19:43 - [MESSAGE][PASSED] - Actual text and expected text of test object 'Object Repository/LoggedInReactPages/ReportSummary/VehicleTitle' are matched.

2018-05-23 13:19:43 - [TEST_STEP][PASSED] - verifyElementAttributeValue: Object 'Object Repository/LoggedInReactPages/ReportSummary/ReportType' has attribute 'class' with value 'ReportGrade AlertSuccess'

2018-05-23 13:19:43 - [MESSAGE][WARNING] - Timeout '0' is invalid. Using default page load timeout: '30'

2018-05-23 13:19:43 - [MESSAGE][PASSED] - Object 'Object Repository/LoggedInReactPages/ReportSummary/ReportType' has attribute 'class' with value 'ReportGrade AlertSuccess'

2018-05-23 13:19:43 - [TEST_STEP][PASSED] - verifyElementText: Actual text and expected text of test object 'Object Repository/LoggedInReactPages/ReportSummary/ReportType' are matched.

2018-05-23 13:19:43 - [MESSAGE][PASSED] - Actual text and expected text of test object 'Object Repository/LoggedInReactPages/ReportSummary/ReportType' are matched.

2018-05-23 13:19:43 - [TEST_STEP][PASSED] - navigateToUrl: Navigate to 'https://staging.instavin.com/_O/autotest/order/' successfully

2018-05-23 13:19:44 - [MESSAGE][PASSED] - Navigate to 'https://staging.instavin.com/_O/autotest/order/' successfully

2018-05-23 13:19:44 - [TEST_STEP][PASSED] - verifyElementText: Actual text and expected text of test object 'Object Repository/LoggedInReactPages/Order (react)/VtrPrice1' are matched.

2018-05-23 13:19:45 - [MESSAGE][PASSED] - Actual text and expected text of test object 'Object Repository/LoggedInReactPages/Order (react)/VtrPrice1' are matched.

2018-05-23 13:19:45 - [TEST_STEP][PASSED] - verifyElementText: Actual text and expected text of test object 'Object Repository/LoggedInReactPages/Order (react)/VtrPrice10' are matched.

2018-05-23 13:19:45 - [MESSAGE][PASSED] - Actual text and expected text of test object 'Object Repository/LoggedInReactPages/Order (react)/VtrPrice10' are matched.

2018-05-23 13:19:45 - [TEST_STEP][PASSED] - verifyElementText: Actual text and expected text of test object 'Object Repository/LoggedInReactPages/Order (react)/VtrPrice50' are matched.

2018-05-23 13:19:45 - [MESSAGE][PASSED] - Actual text and expected text of test object 'Object Repository/LoggedInReactPages/Order (react)/VtrPrice50' are matched.

2018-05-23 13:19:45 - [TEST_STEP][PASSED] - closeBrowser: Browser is closed

2018-05-23 13:19:45 - [MESSAGE][PASSED] - Browser is closed]]></system-out>
         <system-err><![CDATA[]]></system-err>
      </testcase>
      <testcase name="Test Cases/Affiliate - BuyVTRCaDealer" classname="Test Cases/Affiliate - BuyVTRCaDealer" status="PASSED">
         <system-out><![CDATA[2018-05-23 13:19:45 - [TEST_CASE][PASSED] - Test Cases/Affiliate - BuyVTRCaDealer: Test Cases/Affiliate - BuyVTRCaDealer

2018-05-23 13:19:46 - [TEST_STEP][PASSED] - openBrowser: Browser is opened with url: ''

2018-05-23 13:19:48 - [MESSAGE][PASSED] - Browser is opened with url: ''

2018-05-23 13:19:48 - [TEST_STEP][PASSED] - maximizeWindow: Current window maximized

2018-05-23 13:19:49 - [MESSAGE][PASSED] - Current window maximized

2018-05-23 13:19:49 - [TEST_STEP][PASSED] - Statement - OrderURL = com.kms.katalon.core.webui.keyword.WebUiBuiltInKeywords.concatenate([StagingReact, AffiliateURL, "order/"]): Concatenated string array: '['https://staging.instavin.com/','_O/autotest/','order/']' into 'https://staging.instavin.com/_O/autotest/order/'

2018-05-23 13:19:49 - [MESSAGE][PASSED] - Concatenated string array: '['https://staging.instavin.com/','_O/autotest/','order/']' into 'https://staging.instavin.com/_O/autotest/order/'

2018-05-23 13:19:49 - [TEST_STEP][PASSED] - navigateToUrl: Navigate to 'https://staging.instavin.com/_O/autotest/order/' successfully

2018-05-23 13:19:52 - [MESSAGE][PASSED] - Navigate to 'https://staging.instavin.com/_O/autotest/order/' successfully

2018-05-23 13:19:52 - [TEST_STEP][PASSED] - waitForElementVisible: Object 'Object Repository/LoggedInReactPages/Order (react)/instaVINProducts_Label' is visible

2018-05-23 13:19:52 - [MESSAGE][WARNING] - Timeout '0' is invalid. Using default page load timeout: '30'

2018-05-23 13:19:52 - [MESSAGE][PASSED] - Object 'Object Repository/LoggedInReactPages/Order (react)/instaVINProducts_Label' is visible

2018-05-23 13:19:52 - [TEST_STEP][PASSED] - verifyElementText: Actual text and expected text of test object 'Object Repository/LoggedInReactPages/Order (react)/VtrPrice1' are matched.

2018-05-23 13:19:52 - [MESSAGE][PASSED] - Actual text and expected text of test object 'Object Repository/LoggedInReactPages/Order (react)/VtrPrice1' are matched.

2018-05-23 13:19:52 - [TEST_STEP][PASSED] - verifyElementText: Actual text and expected text of test object 'Object Repository/LoggedInReactPages/Order (react)/VtrPrice10' are matched.

2018-05-23 13:19:52 - [MESSAGE][PASSED] - Actual text and expected text of test object 'Object Repository/LoggedInReactPages/Order (react)/VtrPrice10' are matched.

2018-05-23 13:19:52 - [TEST_STEP][PASSED] - verifyElementText: Actual text and expected text of test object 'Object Repository/LoggedInReactPages/Order (react)/VtrPrice50' are matched.

2018-05-23 13:19:52 - [MESSAGE][PASSED] - Actual text and expected text of test object 'Object Repository/LoggedInReactPages/Order (react)/VtrPrice50' are matched.

2018-05-23 13:19:52 - [TEST_STEP][PASSED] - setText: Text 'SAJWA43C199B29849' is set on object 'Object Repository/LoggedInReactPages/Order (react)/VINCheckForm_EnterVINInput'

2018-05-23 13:19:52 - [MESSAGE][PASSED] - Text 'SAJWA43C199B29849' is set on object 'Object Repository/LoggedInReactPages/Order (react)/VINCheckForm_EnterVINInput'

2018-05-23 13:19:52 - [TEST_STEP][PASSED] - click: Object: 'Object Repository/LoggedInReactPages/Order (react)/CheckVin_ArrowButton' is clicked on

2018-05-23 13:19:52 - [MESSAGE][PASSED] - Object: 'Object Repository/LoggedInReactPages/Order (react)/CheckVin_ArrowButton' is clicked on

2018-05-23 13:19:52 - [TEST_STEP][PASSED] - waitForElementVisible: Object 'Object Repository/LoggedInReactPages/Order (react)/ChangeVIN_Cross' is visible

2018-05-23 13:19:52 - [MESSAGE][WARNING] - Timeout '0' is invalid. Using default page load timeout: '30'

2018-05-23 13:19:53 - [MESSAGE][PASSED] - Object 'Object Repository/LoggedInReactPages/Order (react)/ChangeVIN_Cross' is visible

2018-05-23 13:19:53 - [TEST_STEP][PASSED] - verifyElementVisible: Object 'Object Repository/LoggedInReactPages/Order (react)/OrderNow_OrangeButton' is visible

2018-05-23 13:19:53 - [MESSAGE][PASSED] - Object 'Object Repository/LoggedInReactPages/Order (react)/OrderNow_OrangeButton' is visible

2018-05-23 13:19:53 - [TEST_STEP][PASSED] - click: Object: 'Object Repository/LoggedInReactPages/Order (react)/OrderNow_OrangeButton' is clicked on

2018-05-23 13:19:53 - [MESSAGE][PASSED] - Object: 'Object Repository/LoggedInReactPages/Order (react)/OrderNow_OrangeButton' is clicked on

2018-05-23 13:19:53 - [TEST_STEP][PASSED] - waitForElementVisible: Object 'Object Repository/LoggedInReactPages/Order (react)/Purchase_Button' is visible

2018-05-23 13:19:53 - [MESSAGE][WARNING] - Timeout '0' is invalid. Using default page load timeout: '30'

2018-05-23 13:19:53 - [MESSAGE][PASSED] - Object 'Object Repository/LoggedInReactPages/Order (react)/Purchase_Button' is visible

2018-05-23 13:19:53 - [TEST_STEP][PASSED] - Statement - now = new java.util.Date(): null

2018-05-23 13:19:53 - [TEST_STEP][PASSED] - Statement - rnd = now.format("yyyyMMddHHmmssSSS").toString(): null

2018-05-23 13:19:53 - [TEST_STEP][PASSED] - Statement - Email = com.kms.katalon.core.webui.keyword.WebUiBuiltInKeywords.concatenate(["affiliate", rnd, "@mailinator.com"]): Concatenated string array: '['affiliate','20180523131953632','@mailinator.com']' into 'affiliate20180523131953632@mailinator.com'

2018-05-23 13:19:53 - [MESSAGE][PASSED] - Concatenated string array: '['affiliate','20180523131953632','@mailinator.com']' into 'affiliate20180523131953632@mailinator.com'

2018-05-23 13:19:53 - [TEST_STEP][PASSED] - callTestCase: Call Test Case 'Test Cases/Base Tests/OrderSignUpBase' successfully

2018-05-23 13:19:53 - [TEST_CASE][PASSED] - Test Cases/Base Tests/OrderSignUpBase: Test Cases/Base Tests/OrderSignUpBase

2018-05-23 13:19:54 - [TEST_STEP][PASSED] - setText: Text 'Affiliate' is set on object 'Object Repository/LoggedOutReactPages/OrderLoggedOut/FirstName_Input'

2018-05-23 13:19:54 - [MESSAGE][PASSED] - Text 'Affiliate' is set on object 'Object Repository/LoggedOutReactPages/OrderLoggedOut/FirstName_Input'

2018-05-23 13:19:54 - [TEST_STEP][PASSED] - setText: Text 'Cadealer' is set on object 'Object Repository/LoggedOutReactPages/OrderLoggedOut/LastName_Input'

2018-05-23 13:19:54 - [MESSAGE][PASSED] - Text 'Cadealer' is set on object 'Object Repository/LoggedOutReactPages/OrderLoggedOut/LastName_Input'

2018-05-23 13:19:54 - [TEST_STEP][PASSED] - setText: Text 'test' is set on object 'Object Repository/LoggedOutReactPages/OrderLoggedOut/Address_Input'

2018-05-23 13:19:54 - [MESSAGE][PASSED] - Text 'test' is set on object 'Object Repository/LoggedOutReactPages/OrderLoggedOut/Address_Input'

2018-05-23 13:19:54 - [TEST_STEP][PASSED] - setText: Text 'test' is set on object 'Object Repository/LoggedOutReactPages/OrderLoggedOut/City_Input'

2018-05-23 13:19:55 - [MESSAGE][PASSED] - Text 'test' is set on object 'Object Repository/LoggedOutReactPages/OrderLoggedOut/City_Input'

2018-05-23 13:19:55 - [TEST_STEP][PASSED] - selectOptionByValue: All options with value 'CA' are selected in object 'Object Repository/LoggedOutReactPages/OrderLoggedOut/State_Dropdown' 

2018-05-23 13:19:55 - [MESSAGE][PASSED] - All options with value 'CA' are selected in object 'Object Repository/LoggedOutReactPages/OrderLoggedOut/State_Dropdown' 

2018-05-23 13:19:55 - [TEST_STEP][PASSED] - setText: Text '11111' is set on object 'Object Repository/LoggedOutReactPages/OrderLoggedOut/Zip_Input'

2018-05-23 13:19:55 - [MESSAGE][PASSED] - Text '11111' is set on object 'Object Repository/LoggedOutReactPages/OrderLoggedOut/Zip_Input'

2018-05-23 13:19:55 - [TEST_STEP][PASSED] - setText: Text '8001112233' is set on object 'Object Repository/LoggedOutReactPages/OrderLoggedOut/Phone_Input'

2018-05-23 13:19:56 - [MESSAGE][PASSED] - Text '8001112233' is set on object 'Object Repository/LoggedOutReactPages/OrderLoggedOut/Phone_Input'

2018-05-23 13:19:56 - [TEST_STEP][PASSED] - setText: Text 'affiliate20180523131953632@mailinator.com' is set on object 'Object Repository/LoggedOutReactPages/OrderLoggedOut/Email_Input'

2018-05-23 13:19:56 - [MESSAGE][PASSED] - Text 'affiliate20180523131953632@mailinator.com' is set on object 'Object Repository/LoggedOutReactPages/OrderLoggedOut/Email_Input'

2018-05-23 13:19:56 - [TEST_STEP][PASSED] - setText: Text '4000100011112224' is set on object 'Object Repository/LoggedOutReactPages/OrderLoggedOut/CcNumber_Input'

2018-05-23 13:19:56 - [MESSAGE][PASSED] - Text '4000100011112224' is set on object 'Object Repository/LoggedOutReactPages/OrderLoggedOut/CcNumber_Input'

2018-05-23 13:19:56 - [TEST_STEP][PASSED] - setText: Text '111' is set on object 'Object Repository/LoggedOutReactPages/OrderLoggedOut/CVV_Input'

2018-05-23 13:19:57 - [MESSAGE][PASSED] - Text '111' is set on object 'Object Repository/LoggedOutReactPages/OrderLoggedOut/CVV_Input'

2018-05-23 13:19:57 - [TEST_STEP][PASSED] - selectOptionByValue: All options with value '11' are selected in object 'Object Repository/LoggedOutReactPages/OrderLoggedOut/ExpirationMonth_Dropdown' 

2018-05-23 13:19:57 - [MESSAGE][PASSED] - All options with value '11' are selected in object 'Object Repository/LoggedOutReactPages/OrderLoggedOut/ExpirationMonth_Dropdown' 

2018-05-23 13:19:57 - [TEST_STEP][PASSED] - selectOptionByValue: All options with value '2020' are selected in object 'Object Repository/LoggedOutReactPages/OrderLoggedOut/ExpirationYear_Dropdown' 

2018-05-23 13:19:57 - [MESSAGE][PASSED] - All options with value '2020' are selected in object 'Object Repository/LoggedOutReactPages/OrderLoggedOut/ExpirationYear_Dropdown' 

2018-05-23 13:19:57 - [TEST_STEP][PASSED] - selectOptionByValue: All options with value '1' are selected in object 'Object Repository/LoggedOutReactPages/OrderLoggedOut/UserType_Dropdown' 

2018-05-23 13:19:57 - [MESSAGE][PASSED] - All options with value '1' are selected in object 'Object Repository/LoggedOutReactPages/OrderLoggedOut/UserType_Dropdown' 

2018-05-23 13:19:57 - [TEST_STEP][PASSED] - check: Object 'Object Repository/LoggedOutReactPages/OrderLoggedOut/Terms_Checkbox' is checked

2018-05-23 13:19:58 - [MESSAGE][PASSED] - Object 'Object Repository/LoggedOutReactPages/OrderLoggedOut/Terms_Checkbox' is checked

2018-05-23 13:19:58 - [TEST_STEP][PASSED] - click: Object: 'Object Repository/LoggedInReactPages/Order (react)/Purchase_Button' is clicked on

2018-05-23 13:19:58 - [MESSAGE][PASSED] - Object: 'Object Repository/LoggedInReactPages/Order (react)/Purchase_Button' is clicked on

2018-05-23 13:19:58 - [MESSAGE][PASSED] - Call Test Case 'Test Cases/Base Tests/OrderSignUpBase' successfully

2018-05-23 13:19:58 - [TEST_STEP][PASSED] - waitForElementClickable: Object 'Object Repository/LoggedInReactPages/Order (react)/CompletePurchase_Button' is clickable

2018-05-23 13:19:58 - [MESSAGE][WARNING] - Timeout '0' is invalid. Using default page load timeout: '30'

2018-05-23 13:19:58 - [MESSAGE][PASSED] - Object 'Object Repository/LoggedInReactPages/Order (react)/CompletePurchase_Button' is clickable

2018-05-23 13:19:58 - [TEST_STEP][PASSED] - Statement - Price = com.kms.katalon.core.webui.keyword.WebUiBuiltInKeywords.concatenate(["Only ", Vtr1]): Concatenated string array: '['Only ','$333.00']' into 'Only $333.00'

2018-05-23 13:19:58 - [MESSAGE][PASSED] - Concatenated string array: '['Only ','$333.00']' into 'Only $333.00'

2018-05-23 13:19:58 - [TEST_STEP][PASSED] - verifyElementText: Actual text and expected text of test object 'Object Repository/LoggedInReactPages/Order (react)/Confirm_Price' are matched.

2018-05-23 13:19:59 - [MESSAGE][PASSED] - Actual text and expected text of test object 'Object Repository/LoggedInReactPages/Order (react)/Confirm_Price' are matched.

2018-05-23 13:19:59 - [TEST_STEP][PASSED] - click: Object: 'Object Repository/LoggedInReactPages/Order (react)/CompletePurchase_Button' is clicked on

2018-05-23 13:19:59 - [MESSAGE][PASSED] - Object: 'Object Repository/LoggedInReactPages/Order (react)/CompletePurchase_Button' is clicked on

2018-05-23 13:19:59 - [TEST_STEP][PASSED] - waitForElementClickable: Object 'Object Repository/LoggedInReactPages/Order (react)/ViewReport_Button' is clickable

2018-05-23 13:19:59 - [MESSAGE][WARNING] - Timeout '0' is invalid. Using default page load timeout: '30'

2018-05-23 13:20:03 - [MESSAGE][PASSED] - Object 'Object Repository/LoggedInReactPages/Order (react)/ViewReport_Button' is clickable

2018-05-23 13:20:03 - [TEST_STEP][PASSED] - verifyTextPresent: Text 'Thank you for using instaVIN!' is present on page 

2018-05-23 13:20:03 - [MESSAGE][PASSED] - Text 'Thank you for using instaVIN!' is present on page 

2018-05-23 13:20:03 - [TEST_STEP][PASSED] - click: Object: 'Object Repository/LoggedInReactPages/Order (react)/ViewReport_Button' is clicked on

2018-05-23 13:20:12 - [MESSAGE][PASSED] - Object: 'Object Repository/LoggedInReactPages/Order (react)/ViewReport_Button' is clicked on

2018-05-23 13:20:12 - [TEST_STEP][PASSED] - waitForElementVisible: Object 'Object Repository/LoggedInReactPages/ReportSummary/ReportHeader' is visible

2018-05-23 13:20:12 - [MESSAGE][WARNING] - Timeout '0' is invalid. Using default page load timeout: '30'

2018-05-23 13:20:12 - [MESSAGE][PASSED] - Object 'Object Repository/LoggedInReactPages/ReportSummary/ReportHeader' is visible

2018-05-23 13:20:12 - [TEST_STEP][PASSED] - verifyElementText: Actual text and expected text of test object 'Object Repository/LoggedInReactPages/ReportSummary/VehicleTitle' are matched.

2018-05-23 13:20:12 - [MESSAGE][PASSED] - Actual text and expected text of test object 'Object Repository/LoggedInReactPages/ReportSummary/VehicleTitle' are matched.

2018-05-23 13:20:12 - [TEST_STEP][PASSED] - verifyElementAttributeValue: Object 'Object Repository/LoggedInReactPages/ReportSummary/ReportType' has attribute 'class' with value 'ReportGrade AlertSuccess'

2018-05-23 13:20:12 - [MESSAGE][WARNING] - Timeout '0' is invalid. Using default page load timeout: '30'

2018-05-23 13:20:12 - [MESSAGE][PASSED] - Object 'Object Repository/LoggedInReactPages/ReportSummary/ReportType' has attribute 'class' with value 'ReportGrade AlertSuccess'

2018-05-23 13:20:12 - [TEST_STEP][PASSED] - verifyElementText: Actual text and expected text of test object 'Object Repository/LoggedInReactPages/ReportSummary/ReportType' are matched.

2018-05-23 13:20:12 - [MESSAGE][PASSED] - Actual text and expected text of test object 'Object Repository/LoggedInReactPages/ReportSummary/ReportType' are matched.

2018-05-23 13:20:12 - [TEST_STEP][PASSED] - navigateToUrl: Navigate to 'https://staging.instavin.com/_O/autotest/order/' successfully

2018-05-23 13:20:13 - [MESSAGE][PASSED] - Navigate to 'https://staging.instavin.com/_O/autotest/order/' successfully

2018-05-23 13:20:13 - [TEST_STEP][PASSED] - verifyElementText: Actual text and expected text of test object 'Object Repository/LoggedInReactPages/Order (react)/VtrPrice1' are matched.

2018-05-23 13:20:13 - [MESSAGE][PASSED] - Actual text and expected text of test object 'Object Repository/LoggedInReactPages/Order (react)/VtrPrice1' are matched.

2018-05-23 13:20:13 - [TEST_STEP][PASSED] - verifyElementText: Actual text and expected text of test object 'Object Repository/LoggedInReactPages/Order (react)/VtrPrice10' are matched.

2018-05-23 13:20:13 - [MESSAGE][PASSED] - Actual text and expected text of test object 'Object Repository/LoggedInReactPages/Order (react)/VtrPrice10' are matched.

2018-05-23 13:20:13 - [TEST_STEP][PASSED] - verifyElementText: Actual text and expected text of test object 'Object Repository/LoggedInReactPages/Order (react)/VtrPrice50' are matched.

2018-05-23 13:20:13 - [MESSAGE][PASSED] - Actual text and expected text of test object 'Object Repository/LoggedInReactPages/Order (react)/VtrPrice50' are matched.

2018-05-23 13:20:13 - [TEST_STEP][PASSED] - closeBrowser: Browser is closed

2018-05-23 13:20:14 - [MESSAGE][PASSED] - Browser is closed]]></system-out>
         <system-err><![CDATA[]]></system-err>
      </testcase>
      <testcase name="Test Cases/Salesman - BuyVtrCaDealer" classname="Test Cases/Salesman - BuyVtrCaDealer" status="PASSED">
         <system-out><![CDATA[2018-05-23 13:20:14 - [TEST_CASE][PASSED] - Test Cases/Salesman - BuyVtrCaDealer: Test Cases/Salesman - BuyVtrCaDealer

2018-05-23 13:20:14 - [TEST_STEP][PASSED] - openBrowser: Browser is opened with url: ''

2018-05-23 13:20:17 - [MESSAGE][PASSED] - Browser is opened with url: ''

2018-05-23 13:20:17 - [TEST_STEP][PASSED] - maximizeWindow: Current window maximized

2018-05-23 13:20:18 - [MESSAGE][PASSED] - Current window maximized

2018-05-23 13:20:18 - [TEST_STEP][PASSED] - Statement - OrderURL = com.kms.katalon.core.webui.keyword.WebUiBuiltInKeywords.concatenate([StagingReact, SalesmanURL, "order/"]): Concatenated string array: '['https://staging.instavin.com/','_O/Autotest(salesman)/','order/']' into 'https://staging.instavin.com/_O/Autotest(salesman)/order/'

2018-05-23 13:20:18 - [MESSAGE][PASSED] - Concatenated string array: '['https://staging.instavin.com/','_O/Autotest(salesman)/','order/']' into 'https://staging.instavin.com/_O/Autotest(salesman)/order/'

2018-05-23 13:20:18 - [TEST_STEP][PASSED] - navigateToUrl: Navigate to 'https://staging.instavin.com/_O/Autotest(salesman)/order/' successfully

2018-05-23 13:20:20 - [MESSAGE][PASSED] - Navigate to 'https://staging.instavin.com/_O/Autotest(salesman)/order/' successfully

2018-05-23 13:20:20 - [TEST_STEP][PASSED] - waitForElementVisible: Object 'Object Repository/LoggedInReactPages/Order (react)/instaVINProducts_Label' is visible

2018-05-23 13:20:20 - [MESSAGE][WARNING] - Timeout '0' is invalid. Using default page load timeout: '30'

2018-05-23 13:20:20 - [MESSAGE][PASSED] - Object 'Object Repository/LoggedInReactPages/Order (react)/instaVINProducts_Label' is visible

2018-05-23 13:20:20 - [TEST_STEP][PASSED] - verifyElementText: Actual text and expected text of test object 'Object Repository/LoggedInReactPages/Order (react)/VtrPrice1' are matched.

2018-05-23 13:20:20 - [MESSAGE][PASSED] - Actual text and expected text of test object 'Object Repository/LoggedInReactPages/Order (react)/VtrPrice1' are matched.

2018-05-23 13:20:20 - [TEST_STEP][PASSED] - verifyElementText: Actual text and expected text of test object 'Object Repository/LoggedInReactPages/Order (react)/VtrPrice10' are matched.

2018-05-23 13:20:21 - [MESSAGE][PASSED] - Actual text and expected text of test object 'Object Repository/LoggedInReactPages/Order (react)/VtrPrice10' are matched.

2018-05-23 13:20:21 - [TEST_STEP][PASSED] - verifyElementText: Actual text and expected text of test object 'Object Repository/LoggedInReactPages/Order (react)/VtrPrice50' are matched.

2018-05-23 13:20:21 - [MESSAGE][PASSED] - Actual text and expected text of test object 'Object Repository/LoggedInReactPages/Order (react)/VtrPrice50' are matched.

2018-05-23 13:20:21 - [TEST_STEP][PASSED] - setText: Text 'SAJWA43C199B29849' is set on object 'Object Repository/LoggedInReactPages/Order (react)/VINCheckForm_EnterVINInput'

2018-05-23 13:20:21 - [MESSAGE][PASSED] - Text 'SAJWA43C199B29849' is set on object 'Object Repository/LoggedInReactPages/Order (react)/VINCheckForm_EnterVINInput'

2018-05-23 13:20:21 - [TEST_STEP][PASSED] - click: Object: 'Object Repository/LoggedInReactPages/Order (react)/CheckVin_ArrowButton' is clicked on

2018-05-23 13:20:21 - [MESSAGE][PASSED] - Object: 'Object Repository/LoggedInReactPages/Order (react)/CheckVin_ArrowButton' is clicked on

2018-05-23 13:20:21 - [TEST_STEP][PASSED] - waitForElementVisible: Object 'Object Repository/LoggedInReactPages/Order (react)/ChangeVIN_Cross' is visible

2018-05-23 13:20:21 - [MESSAGE][WARNING] - Timeout '0' is invalid. Using default page load timeout: '30'

2018-05-23 13:20:22 - [MESSAGE][PASSED] - Object 'Object Repository/LoggedInReactPages/Order (react)/ChangeVIN_Cross' is visible

2018-05-23 13:20:22 - [TEST_STEP][PASSED] - verifyElementVisible: Object 'Object Repository/LoggedInReactPages/Order (react)/OrderNow_OrangeButton' is visible

2018-05-23 13:20:22 - [MESSAGE][PASSED] - Object 'Object Repository/LoggedInReactPages/Order (react)/OrderNow_OrangeButton' is visible

2018-05-23 13:20:22 - [TEST_STEP][PASSED] - click: Object: 'Object Repository/LoggedInReactPages/Order (react)/OrderNow_OrangeButton' is clicked on

2018-05-23 13:20:22 - [MESSAGE][PASSED] - Object: 'Object Repository/LoggedInReactPages/Order (react)/OrderNow_OrangeButton' is clicked on

2018-05-23 13:20:22 - [TEST_STEP][PASSED] - waitForElementVisible: Object 'Object Repository/LoggedInReactPages/Order (react)/Purchase_Button' is visible

2018-05-23 13:20:22 - [MESSAGE][WARNING] - Timeout '0' is invalid. Using default page load timeout: '30'

2018-05-23 13:20:22 - [MESSAGE][PASSED] - Object 'Object Repository/LoggedInReactPages/Order (react)/Purchase_Button' is visible

2018-05-23 13:20:22 - [TEST_STEP][PASSED] - Statement - now = new java.util.Date(): null

2018-05-23 13:20:22 - [TEST_STEP][PASSED] - Statement - rnd = now.format("yyyyMMddHHmmssSSS").toString(): null

2018-05-23 13:20:22 - [TEST_STEP][PASSED] - Statement - Email = com.kms.katalon.core.webui.keyword.WebUiBuiltInKeywords.concatenate(["salesman", rnd, "@mailinator.com"]): Concatenated string array: '['salesman','20180523132022540','@mailinator.com']' into 'salesman20180523132022540@mailinator.com'

2018-05-23 13:20:22 - [MESSAGE][PASSED] - Concatenated string array: '['salesman','20180523132022540','@mailinator.com']' into 'salesman20180523132022540@mailinator.com'

2018-05-23 13:20:22 - [TEST_STEP][PASSED] - callTestCase: Call Test Case 'Test Cases/Base Tests/OrderSignUpBase' successfully

2018-05-23 13:20:22 - [TEST_CASE][PASSED] - Test Cases/Base Tests/OrderSignUpBase: Test Cases/Base Tests/OrderSignUpBase

2018-05-23 13:20:22 - [TEST_STEP][PASSED] - setText: Text 'Salesman' is set on object 'Object Repository/LoggedOutReactPages/OrderLoggedOut/FirstName_Input'

2018-05-23 13:20:23 - [MESSAGE][PASSED] - Text 'Salesman' is set on object 'Object Repository/LoggedOutReactPages/OrderLoggedOut/FirstName_Input'

2018-05-23 13:20:23 - [TEST_STEP][PASSED] - setText: Text 'Dealer' is set on object 'Object Repository/LoggedOutReactPages/OrderLoggedOut/LastName_Input'

2018-05-23 13:20:23 - [MESSAGE][PASSED] - Text 'Dealer' is set on object 'Object Repository/LoggedOutReactPages/OrderLoggedOut/LastName_Input'

2018-05-23 13:20:23 - [TEST_STEP][PASSED] - setText: Text 'test' is set on object 'Object Repository/LoggedOutReactPages/OrderLoggedOut/Address_Input'

2018-05-23 13:20:23 - [MESSAGE][PASSED] - Text 'test' is set on object 'Object Repository/LoggedOutReactPages/OrderLoggedOut/Address_Input'

2018-05-23 13:20:23 - [TEST_STEP][PASSED] - setText: Text 'test' is set on object 'Object Repository/LoggedOutReactPages/OrderLoggedOut/City_Input'

2018-05-23 13:20:23 - [MESSAGE][PASSED] - Text 'test' is set on object 'Object Repository/LoggedOutReactPages/OrderLoggedOut/City_Input'

2018-05-23 13:20:23 - [TEST_STEP][PASSED] - selectOptionByValue: All options with value 'CA' are selected in object 'Object Repository/LoggedOutReactPages/OrderLoggedOut/State_Dropdown' 

2018-05-23 13:20:24 - [MESSAGE][PASSED] - All options with value 'CA' are selected in object 'Object Repository/LoggedOutReactPages/OrderLoggedOut/State_Dropdown' 

2018-05-23 13:20:24 - [TEST_STEP][PASSED] - setText: Text '11111' is set on object 'Object Repository/LoggedOutReactPages/OrderLoggedOut/Zip_Input'

2018-05-23 13:20:24 - [MESSAGE][PASSED] - Text '11111' is set on object 'Object Repository/LoggedOutReactPages/OrderLoggedOut/Zip_Input'

2018-05-23 13:20:24 - [TEST_STEP][PASSED] - setText: Text '8001112233' is set on object 'Object Repository/LoggedOutReactPages/OrderLoggedOut/Phone_Input'

2018-05-23 13:20:24 - [MESSAGE][PASSED] - Text '8001112233' is set on object 'Object Repository/LoggedOutReactPages/OrderLoggedOut/Phone_Input'

2018-05-23 13:20:24 - [TEST_STEP][PASSED] - setText: Text 'salesman20180523132022540@mailinator.com' is set on object 'Object Repository/LoggedOutReactPages/OrderLoggedOut/Email_Input'

2018-05-23 13:20:25 - [MESSAGE][PASSED] - Text 'salesman20180523132022540@mailinator.com' is set on object 'Object Repository/LoggedOutReactPages/OrderLoggedOut/Email_Input'

2018-05-23 13:20:25 - [TEST_STEP][PASSED] - setText: Text '4000100011112224' is set on object 'Object Repository/LoggedOutReactPages/OrderLoggedOut/CcNumber_Input'

2018-05-23 13:20:25 - [MESSAGE][PASSED] - Text '4000100011112224' is set on object 'Object Repository/LoggedOutReactPages/OrderLoggedOut/CcNumber_Input'

2018-05-23 13:20:25 - [TEST_STEP][PASSED] - setText: Text '111' is set on object 'Object Repository/LoggedOutReactPages/OrderLoggedOut/CVV_Input'

2018-05-23 13:20:25 - [MESSAGE][PASSED] - Text '111' is set on object 'Object Repository/LoggedOutReactPages/OrderLoggedOut/CVV_Input'

2018-05-23 13:20:25 - [TEST_STEP][PASSED] - selectOptionByValue: All options with value '11' are selected in object 'Object Repository/LoggedOutReactPages/OrderLoggedOut/ExpirationMonth_Dropdown' 

2018-05-23 13:20:26 - [MESSAGE][PASSED] - All options with value '11' are selected in object 'Object Repository/LoggedOutReactPages/OrderLoggedOut/ExpirationMonth_Dropdown' 

2018-05-23 13:20:26 - [TEST_STEP][PASSED] - selectOptionByValue: All options with value '2020' are selected in object 'Object Repository/LoggedOutReactPages/OrderLoggedOut/ExpirationYear_Dropdown' 

2018-05-23 13:20:26 - [MESSAGE][PASSED] - All options with value '2020' are selected in object 'Object Repository/LoggedOutReactPages/OrderLoggedOut/ExpirationYear_Dropdown' 

2018-05-23 13:20:26 - [TEST_STEP][PASSED] - selectOptionByValue: All options with value '1' are selected in object 'Object Repository/LoggedOutReactPages/OrderLoggedOut/UserType_Dropdown' 

2018-05-23 13:20:26 - [MESSAGE][PASSED] - All options with value '1' are selected in object 'Object Repository/LoggedOutReactPages/OrderLoggedOut/UserType_Dropdown' 

2018-05-23 13:20:26 - [TEST_STEP][PASSED] - check: Object 'Object Repository/LoggedOutReactPages/OrderLoggedOut/Terms_Checkbox' is checked

2018-05-23 13:20:26 - [MESSAGE][PASSED] - Object 'Object Repository/LoggedOutReactPages/OrderLoggedOut/Terms_Checkbox' is checked

2018-05-23 13:20:26 - [TEST_STEP][PASSED] - click: Object: 'Object Repository/LoggedInReactPages/Order (react)/Purchase_Button' is clicked on

2018-05-23 13:20:26 - [MESSAGE][PASSED] - Object: 'Object Repository/LoggedInReactPages/Order (react)/Purchase_Button' is clicked on

2018-05-23 13:20:26 - [MESSAGE][PASSED] - Call Test Case 'Test Cases/Base Tests/OrderSignUpBase' successfully

2018-05-23 13:20:26 - [TEST_STEP][PASSED] - waitForElementClickable: Object 'Object Repository/LoggedInReactPages/Order (react)/CompletePurchase_Button' is clickable

2018-05-23 13:20:26 - [MESSAGE][WARNING] - Timeout '0' is invalid. Using default page load timeout: '30'

2018-05-23 13:20:27 - [MESSAGE][PASSED] - Object 'Object Repository/LoggedInReactPages/Order (react)/CompletePurchase_Button' is clickable

2018-05-23 13:20:27 - [TEST_STEP][PASSED] - Statement - Price = com.kms.katalon.core.webui.keyword.WebUiBuiltInKeywords.concatenate(["Only ", Vtr1]): Concatenated string array: '['Only ','$1,551.00']' into 'Only $1,551.00'

2018-05-23 13:20:27 - [MESSAGE][PASSED] - Concatenated string array: '['Only ','$1,551.00']' into 'Only $1,551.00'

2018-05-23 13:20:27 - [TEST_STEP][PASSED] - verifyElementText: Actual text and expected text of test object 'Object Repository/LoggedInReactPages/Order (react)/Confirm_Price' are matched.

2018-05-23 13:20:27 - [MESSAGE][PASSED] - Actual text and expected text of test object 'Object Repository/LoggedInReactPages/Order (react)/Confirm_Price' are matched.

2018-05-23 13:20:27 - [TEST_STEP][PASSED] - click: Object: 'Object Repository/LoggedInReactPages/Order (react)/CompletePurchase_Button' is clicked on

2018-05-23 13:20:27 - [MESSAGE][PASSED] - Object: 'Object Repository/LoggedInReactPages/Order (react)/CompletePurchase_Button' is clicked on

2018-05-23 13:20:27 - [TEST_STEP][PASSED] - waitForElementClickable: Object 'Object Repository/LoggedInReactPages/Order (react)/ViewReport_Button' is clickable

2018-05-23 13:20:27 - [MESSAGE][WARNING] - Timeout '0' is invalid. Using default page load timeout: '30'

2018-05-23 13:20:32 - [MESSAGE][PASSED] - Object 'Object Repository/LoggedInReactPages/Order (react)/ViewReport_Button' is clickable

2018-05-23 13:20:32 - [TEST_STEP][PASSED] - verifyTextPresent: Text 'Thank you for using instaVIN!' is present on page 

2018-05-23 13:20:32 - [MESSAGE][PASSED] - Text 'Thank you for using instaVIN!' is present on page 

2018-05-23 13:20:32 - [TEST_STEP][PASSED] - click: Object: 'Object Repository/LoggedInReactPages/Order (react)/ViewReport_Button' is clicked on

2018-05-23 13:20:33 - [MESSAGE][PASSED] - Object: 'Object Repository/LoggedInReactPages/Order (react)/ViewReport_Button' is clicked on

2018-05-23 13:20:33 - [TEST_STEP][PASSED] - waitForElementVisible: Object 'Object Repository/LoggedInReactPages/ReportSummary/ReportHeader' is visible

2018-05-23 13:20:33 - [MESSAGE][WARNING] - Timeout '0' is invalid. Using default page load timeout: '30'

2018-05-23 13:20:33 - [MESSAGE][PASSED] - Object 'Object Repository/LoggedInReactPages/ReportSummary/ReportHeader' is visible

2018-05-23 13:20:33 - [TEST_STEP][PASSED] - verifyElementText: Actual text and expected text of test object 'Object Repository/LoggedInReactPages/ReportSummary/VehicleTitle' are matched.

2018-05-23 13:20:33 - [MESSAGE][PASSED] - Actual text and expected text of test object 'Object Repository/LoggedInReactPages/ReportSummary/VehicleTitle' are matched.

2018-05-23 13:20:33 - [TEST_STEP][PASSED] - verifyElementAttributeValue: Object 'Object Repository/LoggedInReactPages/ReportSummary/ReportType' has attribute 'class' with value 'ReportGrade AlertSuccess'

2018-05-23 13:20:33 - [MESSAGE][WARNING] - Timeout '0' is invalid. Using default page load timeout: '30'

2018-05-23 13:20:33 - [MESSAGE][PASSED] - Object 'Object Repository/LoggedInReactPages/ReportSummary/ReportType' has attribute 'class' with value 'ReportGrade AlertSuccess'

2018-05-23 13:20:33 - [TEST_STEP][PASSED] - verifyElementText: Actual text and expected text of test object 'Object Repository/LoggedInReactPages/ReportSummary/ReportType' are matched.

2018-05-23 13:20:33 - [MESSAGE][PASSED] - Actual text and expected text of test object 'Object Repository/LoggedInReactPages/ReportSummary/ReportType' are matched.

2018-05-23 13:20:33 - [TEST_STEP][PASSED] - navigateToUrl: Navigate to 'https://staging.instavin.com/_O/Autotest(salesman)/order/' successfully

2018-05-23 13:20:35 - [MESSAGE][PASSED] - Navigate to 'https://staging.instavin.com/_O/Autotest(salesman)/order/' successfully

2018-05-23 13:20:35 - [TEST_STEP][PASSED] - verifyElementText: Actual text and expected text of test object 'Object Repository/LoggedInReactPages/Order (react)/VtrPrice1' are matched.

2018-05-23 13:20:35 - [MESSAGE][PASSED] - Actual text and expected text of test object 'Object Repository/LoggedInReactPages/Order (react)/VtrPrice1' are matched.

2018-05-23 13:20:35 - [TEST_STEP][PASSED] - verifyElementText: Actual text and expected text of test object 'Object Repository/LoggedInReactPages/Order (react)/VtrPrice10' are matched.

2018-05-23 13:20:35 - [MESSAGE][PASSED] - Actual text and expected text of test object 'Object Repository/LoggedInReactPages/Order (react)/VtrPrice10' are matched.

2018-05-23 13:20:35 - [TEST_STEP][PASSED] - closeBrowser: Browser is closed

2018-05-23 13:20:36 - [MESSAGE][PASSED] - Browser is closed]]></system-out>
         <system-err><![CDATA[]]></system-err>
      </testcase>
      <testcase name="Test Cases/Salesman - BuyVTRConsumer" classname="Test Cases/Salesman - BuyVTRConsumer" status="PASSED">
         <system-out><![CDATA[2018-05-23 13:20:36 - [TEST_CASE][PASSED] - Test Cases/Salesman - BuyVTRConsumer: Test Cases/Salesman - BuyVTRConsumer

2018-05-23 13:20:36 - [TEST_STEP][PASSED] - openBrowser: Browser is opened with url: ''

2018-05-23 13:20:39 - [MESSAGE][PASSED] - Browser is opened with url: ''

2018-05-23 13:20:39 - [TEST_STEP][PASSED] - maximizeWindow: Current window maximized

2018-05-23 13:20:40 - [MESSAGE][PASSED] - Current window maximized

2018-05-23 13:20:40 - [TEST_STEP][PASSED] - Statement - OrderURL = com.kms.katalon.core.webui.keyword.WebUiBuiltInKeywords.concatenate([StagingReact, SalesmanURL, "order/"]): Concatenated string array: '['https://staging.instavin.com/','_O/Autotest(salesman)/','order/']' into 'https://staging.instavin.com/_O/Autotest(salesman)/order/'

2018-05-23 13:20:40 - [MESSAGE][PASSED] - Concatenated string array: '['https://staging.instavin.com/','_O/Autotest(salesman)/','order/']' into 'https://staging.instavin.com/_O/Autotest(salesman)/order/'

2018-05-23 13:20:40 - [TEST_STEP][PASSED] - navigateToUrl: Navigate to 'https://staging.instavin.com/_O/Autotest(salesman)/order/' successfully

2018-05-23 13:20:43 - [MESSAGE][PASSED] - Navigate to 'https://staging.instavin.com/_O/Autotest(salesman)/order/' successfully

2018-05-23 13:20:43 - [TEST_STEP][PASSED] - waitForElementVisible: Object 'Object Repository/LoggedInReactPages/Order (react)/instaVINProducts_Label' is visible

2018-05-23 13:20:43 - [MESSAGE][WARNING] - Timeout '0' is invalid. Using default page load timeout: '30'

2018-05-23 13:20:43 - [MESSAGE][PASSED] - Object 'Object Repository/LoggedInReactPages/Order (react)/instaVINProducts_Label' is visible

2018-05-23 13:20:43 - [TEST_STEP][PASSED] - verifyElementText: Actual text and expected text of test object 'Object Repository/LoggedInReactPages/Order (react)/VtrPrice1' are matched.

2018-05-23 13:20:43 - [MESSAGE][PASSED] - Actual text and expected text of test object 'Object Repository/LoggedInReactPages/Order (react)/VtrPrice1' are matched.

2018-05-23 13:20:43 - [TEST_STEP][PASSED] - verifyElementText: Actual text and expected text of test object 'Object Repository/LoggedInReactPages/Order (react)/VtrPrice10' are matched.

2018-05-23 13:20:43 - [MESSAGE][PASSED] - Actual text and expected text of test object 'Object Repository/LoggedInReactPages/Order (react)/VtrPrice10' are matched.

2018-05-23 13:20:43 - [TEST_STEP][PASSED] - verifyElementText: Actual text and expected text of test object 'Object Repository/LoggedInReactPages/Order (react)/VtrPrice50' are matched.

2018-05-23 13:20:43 - [MESSAGE][PASSED] - Actual text and expected text of test object 'Object Repository/LoggedInReactPages/Order (react)/VtrPrice50' are matched.

2018-05-23 13:20:43 - [TEST_STEP][PASSED] - setText: Text 'SAJWA43C199B29849' is set on object 'Object Repository/LoggedInReactPages/Order (react)/VINCheckForm_EnterVINInput'

2018-05-23 13:20:43 - [MESSAGE][PASSED] - Text 'SAJWA43C199B29849' is set on object 'Object Repository/LoggedInReactPages/Order (react)/VINCheckForm_EnterVINInput'

2018-05-23 13:20:43 - [TEST_STEP][PASSED] - click: Object: 'Object Repository/LoggedInReactPages/Order (react)/CheckVin_ArrowButton' is clicked on

2018-05-23 13:20:43 - [MESSAGE][PASSED] - Object: 'Object Repository/LoggedInReactPages/Order (react)/CheckVin_ArrowButton' is clicked on

2018-05-23 13:20:43 - [TEST_STEP][PASSED] - waitForElementVisible: Object 'Object Repository/LoggedInReactPages/Order (react)/ChangeVIN_Cross' is visible

2018-05-23 13:20:43 - [MESSAGE][WARNING] - Timeout '0' is invalid. Using default page load timeout: '30'

2018-05-23 13:20:44 - [MESSAGE][PASSED] - Object 'Object Repository/LoggedInReactPages/Order (react)/ChangeVIN_Cross' is visible

2018-05-23 13:20:44 - [TEST_STEP][PASSED] - verifyElementVisible: Object 'Object Repository/LoggedInReactPages/Order (react)/OrderNow_OrangeButton' is visible

2018-05-23 13:20:44 - [MESSAGE][PASSED] - Object 'Object Repository/LoggedInReactPages/Order (react)/OrderNow_OrangeButton' is visible

2018-05-23 13:20:44 - [TEST_STEP][PASSED] - click: Object: 'Object Repository/LoggedInReactPages/Order (react)/OrderNow_OrangeButton' is clicked on

2018-05-23 13:20:44 - [MESSAGE][PASSED] - Object: 'Object Repository/LoggedInReactPages/Order (react)/OrderNow_OrangeButton' is clicked on

2018-05-23 13:20:44 - [TEST_STEP][PASSED] - waitForElementVisible: Object 'Object Repository/LoggedInReactPages/Order (react)/Purchase_Button' is visible

2018-05-23 13:20:44 - [MESSAGE][WARNING] - Timeout '0' is invalid. Using default page load timeout: '30'

2018-05-23 13:20:44 - [MESSAGE][PASSED] - Object 'Object Repository/LoggedInReactPages/Order (react)/Purchase_Button' is visible

2018-05-23 13:20:44 - [TEST_STEP][PASSED] - Statement - now = new java.util.Date(): null

2018-05-23 13:20:44 - [TEST_STEP][PASSED] - Statement - rnd = now.format("yyyyMMddHHmmssSSS").toString(): null

2018-05-23 13:20:44 - [TEST_STEP][PASSED] - Statement - Email = com.kms.katalon.core.webui.keyword.WebUiBuiltInKeywords.concatenate(["salesman", rnd, "@mailinator.com"]): Concatenated string array: '['salesman','20180523132044591','@mailinator.com']' into 'salesman20180523132044591@mailinator.com'

2018-05-23 13:20:44 - [MESSAGE][PASSED] - Concatenated string array: '['salesman','20180523132044591','@mailinator.com']' into 'salesman20180523132044591@mailinator.com'

2018-05-23 13:20:44 - [TEST_STEP][PASSED] - callTestCase: Call Test Case 'Test Cases/Base Tests/OrderSignUpBase' successfully

2018-05-23 13:20:44 - [TEST_CASE][PASSED] - Test Cases/Base Tests/OrderSignUpBase: Test Cases/Base Tests/OrderSignUpBase

2018-05-23 13:20:44 - [TEST_STEP][PASSED] - setText: Text 'Salesman' is set on object 'Object Repository/LoggedOutReactPages/OrderLoggedOut/FirstName_Input'

2018-05-23 13:20:45 - [MESSAGE][PASSED] - Text 'Salesman' is set on object 'Object Repository/LoggedOutReactPages/OrderLoggedOut/FirstName_Input'

2018-05-23 13:20:45 - [TEST_STEP][PASSED] - setText: Text 'Test' is set on object 'Object Repository/LoggedOutReactPages/OrderLoggedOut/LastName_Input'

2018-05-23 13:20:45 - [MESSAGE][PASSED] - Text 'Test' is set on object 'Object Repository/LoggedOutReactPages/OrderLoggedOut/LastName_Input'

2018-05-23 13:20:45 - [TEST_STEP][PASSED] - setText: Text 'test' is set on object 'Object Repository/LoggedOutReactPages/OrderLoggedOut/Address_Input'

2018-05-23 13:20:45 - [MESSAGE][PASSED] - Text 'test' is set on object 'Object Repository/LoggedOutReactPages/OrderLoggedOut/Address_Input'

2018-05-23 13:20:45 - [TEST_STEP][PASSED] - setText: Text 'test' is set on object 'Object Repository/LoggedOutReactPages/OrderLoggedOut/City_Input'

2018-05-23 13:20:46 - [MESSAGE][PASSED] - Text 'test' is set on object 'Object Repository/LoggedOutReactPages/OrderLoggedOut/City_Input'

2018-05-23 13:20:46 - [TEST_STEP][PASSED] - selectOptionByValue: All options with value 'TX' are selected in object 'Object Repository/LoggedOutReactPages/OrderLoggedOut/State_Dropdown' 

2018-05-23 13:20:46 - [MESSAGE][PASSED] - All options with value 'TX' are selected in object 'Object Repository/LoggedOutReactPages/OrderLoggedOut/State_Dropdown' 

2018-05-23 13:20:46 - [TEST_STEP][PASSED] - setText: Text '11111' is set on object 'Object Repository/LoggedOutReactPages/OrderLoggedOut/Zip_Input'

2018-05-23 13:20:46 - [MESSAGE][PASSED] - Text '11111' is set on object 'Object Repository/LoggedOutReactPages/OrderLoggedOut/Zip_Input'

2018-05-23 13:20:46 - [TEST_STEP][PASSED] - setText: Text '8001112233' is set on object 'Object Repository/LoggedOutReactPages/OrderLoggedOut/Phone_Input'

2018-05-23 13:20:47 - [MESSAGE][PASSED] - Text '8001112233' is set on object 'Object Repository/LoggedOutReactPages/OrderLoggedOut/Phone_Input'

2018-05-23 13:20:47 - [TEST_STEP][PASSED] - setText: Text 'salesman20180523132044591@mailinator.com' is set on object 'Object Repository/LoggedOutReactPages/OrderLoggedOut/Email_Input'

2018-05-23 13:20:47 - [MESSAGE][PASSED] - Text 'salesman20180523132044591@mailinator.com' is set on object 'Object Repository/LoggedOutReactPages/OrderLoggedOut/Email_Input'

2018-05-23 13:20:47 - [TEST_STEP][PASSED] - setText: Text '4000100011112224' is set on object 'Object Repository/LoggedOutReactPages/OrderLoggedOut/CcNumber_Input'

2018-05-23 13:20:47 - [MESSAGE][PASSED] - Text '4000100011112224' is set on object 'Object Repository/LoggedOutReactPages/OrderLoggedOut/CcNumber_Input'

2018-05-23 13:20:47 - [TEST_STEP][PASSED] - setText: Text '111' is set on object 'Object Repository/LoggedOutReactPages/OrderLoggedOut/CVV_Input'

2018-05-23 13:20:48 - [MESSAGE][PASSED] - Text '111' is set on object 'Object Repository/LoggedOutReactPages/OrderLoggedOut/CVV_Input'

2018-05-23 13:20:48 - [TEST_STEP][PASSED] - selectOptionByValue: All options with value '11' are selected in object 'Object Repository/LoggedOutReactPages/OrderLoggedOut/ExpirationMonth_Dropdown' 

2018-05-23 13:20:48 - [MESSAGE][PASSED] - All options with value '11' are selected in object 'Object Repository/LoggedOutReactPages/OrderLoggedOut/ExpirationMonth_Dropdown' 

2018-05-23 13:20:48 - [TEST_STEP][PASSED] - selectOptionByValue: All options with value '2020' are selected in object 'Object Repository/LoggedOutReactPages/OrderLoggedOut/ExpirationYear_Dropdown' 

2018-05-23 13:20:48 - [MESSAGE][PASSED] - All options with value '2020' are selected in object 'Object Repository/LoggedOutReactPages/OrderLoggedOut/ExpirationYear_Dropdown' 

2018-05-23 13:20:48 - [TEST_STEP][PASSED] - selectOptionByValue: All options with value '0' are selected in object 'Object Repository/LoggedOutReactPages/OrderLoggedOut/UserType_Dropdown' 

2018-05-23 13:20:49 - [MESSAGE][PASSED] - All options with value '0' are selected in object 'Object Repository/LoggedOutReactPages/OrderLoggedOut/UserType_Dropdown' 

2018-05-23 13:20:49 - [TEST_STEP][PASSED] - check: Object 'Object Repository/LoggedOutReactPages/OrderLoggedOut/Terms_Checkbox' is checked

2018-05-23 13:20:49 - [MESSAGE][PASSED] - Object 'Object Repository/LoggedOutReactPages/OrderLoggedOut/Terms_Checkbox' is checked

2018-05-23 13:20:49 - [TEST_STEP][PASSED] - click: Object: 'Object Repository/LoggedInReactPages/Order (react)/Purchase_Button' is clicked on

2018-05-23 13:20:49 - [MESSAGE][PASSED] - Object: 'Object Repository/LoggedInReactPages/Order (react)/Purchase_Button' is clicked on

2018-05-23 13:20:49 - [MESSAGE][PASSED] - Call Test Case 'Test Cases/Base Tests/OrderSignUpBase' successfully

2018-05-23 13:20:49 - [TEST_STEP][PASSED] - waitForElementClickable: Object 'Object Repository/LoggedInReactPages/Order (react)/CompletePurchase_Button' is clickable

2018-05-23 13:20:49 - [MESSAGE][WARNING] - Timeout '0' is invalid. Using default page load timeout: '30'

2018-05-23 13:20:49 - [MESSAGE][PASSED] - Object 'Object Repository/LoggedInReactPages/Order (react)/CompletePurchase_Button' is clickable

2018-05-23 13:20:49 - [TEST_STEP][PASSED] - Statement - Price = com.kms.katalon.core.webui.keyword.WebUiBuiltInKeywords.concatenate(["Only ", Vtr1]): Concatenated string array: '['Only ','$1,551.00']' into 'Only $1,551.00'

2018-05-23 13:20:49 - [MESSAGE][PASSED] - Concatenated string array: '['Only ','$1,551.00']' into 'Only $1,551.00'

2018-05-23 13:20:50 - [TEST_STEP][PASSED] - verifyElementText: Actual text and expected text of test object 'Object Repository/LoggedInReactPages/Order (react)/Confirm_Price' are matched.

2018-05-23 13:20:50 - [MESSAGE][PASSED] - Actual text and expected text of test object 'Object Repository/LoggedInReactPages/Order (react)/Confirm_Price' are matched.

2018-05-23 13:20:50 - [TEST_STEP][PASSED] - click: Object: 'Object Repository/LoggedInReactPages/Order (react)/CompletePurchase_Button' is clicked on

2018-05-23 13:20:50 - [MESSAGE][PASSED] - Object: 'Object Repository/LoggedInReactPages/Order (react)/CompletePurchase_Button' is clicked on

2018-05-23 13:20:50 - [TEST_STEP][PASSED] - waitForElementClickable: Object 'Object Repository/LoggedInReactPages/Order (react)/ViewReport_Button' is clickable

2018-05-23 13:20:50 - [MESSAGE][WARNING] - Timeout '0' is invalid. Using default page load timeout: '30'

2018-05-23 13:20:53 - [MESSAGE][PASSED] - Object 'Object Repository/LoggedInReactPages/Order (react)/ViewReport_Button' is clickable

2018-05-23 13:20:53 - [TEST_STEP][PASSED] - verifyTextPresent: Text 'Thank you for using instaVIN!' is present on page 

2018-05-23 13:20:54 - [MESSAGE][PASSED] - Text 'Thank you for using instaVIN!' is present on page 

2018-05-23 13:20:54 - [TEST_STEP][PASSED] - click: Object: 'Object Repository/LoggedInReactPages/Order (react)/ViewReport_Button' is clicked on

2018-05-23 13:20:55 - [MESSAGE][PASSED] - Object: 'Object Repository/LoggedInReactPages/Order (react)/ViewReport_Button' is clicked on

2018-05-23 13:20:55 - [TEST_STEP][PASSED] - waitForElementVisible: Object 'Object Repository/LoggedInReactPages/ReportSummary/ReportHeader' is visible

2018-05-23 13:20:55 - [MESSAGE][WARNING] - Timeout '0' is invalid. Using default page load timeout: '30'

2018-05-23 13:20:55 - [MESSAGE][PASSED] - Object 'Object Repository/LoggedInReactPages/ReportSummary/ReportHeader' is visible

2018-05-23 13:20:55 - [TEST_STEP][PASSED] - verifyElementText: Actual text and expected text of test object 'Object Repository/LoggedInReactPages/ReportSummary/VehicleTitle' are matched.

2018-05-23 13:20:55 - [MESSAGE][PASSED] - Actual text and expected text of test object 'Object Repository/LoggedInReactPages/ReportSummary/VehicleTitle' are matched.

2018-05-23 13:20:55 - [TEST_STEP][PASSED] - verifyElementAttributeValue: Object 'Object Repository/LoggedInReactPages/ReportSummary/ReportType' has attribute 'class' with value 'ReportGrade AlertSuccess'

2018-05-23 13:20:55 - [MESSAGE][WARNING] - Timeout '0' is invalid. Using default page load timeout: '30'

2018-05-23 13:20:55 - [MESSAGE][PASSED] - Object 'Object Repository/LoggedInReactPages/ReportSummary/ReportType' has attribute 'class' with value 'ReportGrade AlertSuccess'

2018-05-23 13:20:55 - [TEST_STEP][PASSED] - verifyElementText: Actual text and expected text of test object 'Object Repository/LoggedInReactPages/ReportSummary/ReportType' are matched.

2018-05-23 13:20:55 - [MESSAGE][PASSED] - Actual text and expected text of test object 'Object Repository/LoggedInReactPages/ReportSummary/ReportType' are matched.

2018-05-23 13:20:55 - [TEST_STEP][PASSED] - navigateToUrl: Navigate to 'https://staging.instavin.com/_O/Autotest(salesman)/order/' successfully

2018-05-23 13:20:57 - [MESSAGE][PASSED] - Navigate to 'https://staging.instavin.com/_O/Autotest(salesman)/order/' successfully

2018-05-23 13:20:57 - [TEST_STEP][PASSED] - verifyElementText: Actual text and expected text of test object 'Object Repository/LoggedInReactPages/Order (react)/VtrPrice1' are matched.

2018-05-23 13:20:57 - [MESSAGE][PASSED] - Actual text and expected text of test object 'Object Repository/LoggedInReactPages/Order (react)/VtrPrice1' are matched.

2018-05-23 13:20:57 - [TEST_STEP][PASSED] - verifyElementText: Actual text and expected text of test object 'Object Repository/LoggedInReactPages/Order (react)/VtrPrice10' are matched.

2018-05-23 13:20:57 - [MESSAGE][PASSED] - Actual text and expected text of test object 'Object Repository/LoggedInReactPages/Order (react)/VtrPrice10' are matched.

2018-05-23 13:20:57 - [TEST_STEP][PASSED] - closeBrowser: Browser is closed

2018-05-23 13:20:57 - [MESSAGE][PASSED] - Browser is closed]]></system-out>
         <system-err><![CDATA[]]></system-err>
      </testcase>
      <testcase name="Test Cases/Salesman - BuyVTRDealer" classname="Test Cases/Salesman - BuyVTRDealer" status="FAILED">
         <failure type="FAILED" message="Unable to click on object 'Object Repository/LoggedInReactPages/Order (react)/ViewReport_Button' (Root cause: org.openqa.selenium.WebDriverException: unknown error: Element &lt;a href=&quot;/report/D6F578C5FB65E72D53CE17F6FCA2143B13B7FEE8&quot; class=&quot;btn btn-default HasRightIcon linkToReport&quot;>...&lt;/a> is not clickable at point (1043, 22). Other element would receive the click: &lt;td>...&lt;/td>
  (Session info: chrome=66.0.3359.181)
  (Driver info: chromedriver=2.35.528161 (5b82f2d2aae0ca24b877009200ced9065a772e73),platform=Windows NT 6.1.7601 SP1 x86_64) (WARNING: The server did not provide any stacktrace information)
Command duration or timeout: 0 milliseconds
Build info: version: '3.7.1', revision: '8a0099a', time: '2017-11-06T21:07:36.161Z'
System info: host: 'LPKSAVINKIN', ip: '192.168.102.13', os.name: 'Windows 7', os.arch: 'amd64', os.version: '6.1', java.version: '1.8.0_102'
Driver info: com.kms.katalon.selenium.driver.CChromeDriver
Capabilities {acceptInsecureCerts: false, acceptSslCerts: false, applicationCacheEnabled: false, browserConnectionEnabled: false, browserName: chrome, chrome: {chromedriverVersion: 2.35.528161 (5b82f2d2aae0ca..., userDataDir: C:\Users\KSAVIN~1\AppData\L...}, cssSelectorsEnabled: true, databaseEnabled: false, handlesAlerts: true, hasTouchScreen: false, javascriptEnabled: true, locationContextEnabled: true, mobileEmulationEnabled: false, nativeEvents: true, networkConnectionEnabled: false, pageLoadStrategy: normal, platform: XP, platformName: XP, rotatable: false, setWindowRect: true, takesHeapSnapshot: true, takesScreenshot: true, unexpectedAlertBehaviour: , unhandledPromptBehavior: , version: 66.0.3359.181, webStorageEnabled: true}
Session ID: 9ae0997a194a1a5a14b855193ec7cc0e)"/>
         <system-out><![CDATA[2018-05-23 13:20:57 - [TEST_CASE][FAILED] - Test Cases/Salesman - BuyVTRDealer: Test Cases/Salesman - BuyVTRDealer FAILED because (of) Unable to click on object 'Object Repository/LoggedInReactPages/Order (react)/ViewReport_Button' (Root cause: org.openqa.selenium.WebDriverException: unknown error: Element <a href="/report/D6F578C5FB65E72D53CE17F6FCA2143B13B7FEE8" class="btn btn-default HasRightIcon linkToReport">...</a> is not clickable at point (1043, 22). Other element would receive the click: <td>...</td>
  (Session info: chrome=66.0.3359.181)
  (Driver info: chromedriver=2.35.528161 (5b82f2d2aae0ca24b877009200ced9065a772e73),platform=Windows NT 6.1.7601 SP1 x86_64) (WARNING: The server did not provide any stacktrace information)
Command duration or timeout: 0 milliseconds
Build info: version: '3.7.1', revision: '8a0099a', time: '2017-11-06T21:07:36.161Z'
System info: host: 'LPKSAVINKIN', ip: '192.168.102.13', os.name: 'Windows 7', os.arch: 'amd64', os.version: '6.1', java.version: '1.8.0_102'
Driver info: com.kms.katalon.selenium.driver.CChromeDriver
Capabilities {acceptInsecureCerts: false, acceptSslCerts: false, applicationCacheEnabled: false, browserConnectionEnabled: false, browserName: chrome, chrome: {chromedriverVersion: 2.35.528161 (5b82f2d2aae0ca..., userDataDir: C:\Users\KSAVIN~1\AppData\L...}, cssSelectorsEnabled: true, databaseEnabled: false, handlesAlerts: true, hasTouchScreen: false, javascriptEnabled: true, locationContextEnabled: true, mobileEmulationEnabled: false, nativeEvents: true, networkConnectionEnabled: false, pageLoadStrategy: normal, platform: XP, platformName: XP, rotatable: false, setWindowRect: true, takesHeapSnapshot: true, takesScreenshot: true, unexpectedAlertBehaviour: , unhandledPromptBehavior: , version: 66.0.3359.181, webStorageEnabled: true}
Session ID: 9ae0997a194a1a5a14b855193ec7cc0e)

2018-05-23 13:20:58 - [TEST_STEP][PASSED] - openBrowser: Browser is opened with url: ''

2018-05-23 13:21:00 - [MESSAGE][PASSED] - Browser is opened with url: ''

2018-05-23 13:21:00 - [TEST_STEP][PASSED] - maximizeWindow: Current window maximized

2018-05-23 13:21:01 - [MESSAGE][PASSED] - Current window maximized

2018-05-23 13:21:01 - [TEST_STEP][PASSED] - Statement - OrderURL = com.kms.katalon.core.webui.keyword.WebUiBuiltInKeywords.concatenate([StagingReact, SalesmanURL, "order/"]): Concatenated string array: '['https://staging.instavin.com/','_O/Autotest(salesman)/','order/']' into 'https://staging.instavin.com/_O/Autotest(salesman)/order/'

2018-05-23 13:21:01 - [MESSAGE][PASSED] - Concatenated string array: '['https://staging.instavin.com/','_O/Autotest(salesman)/','order/']' into 'https://staging.instavin.com/_O/Autotest(salesman)/order/'

2018-05-23 13:21:01 - [TEST_STEP][PASSED] - navigateToUrl: Navigate to 'https://staging.instavin.com/_O/Autotest(salesman)/order/' successfully

2018-05-23 13:21:04 - [MESSAGE][PASSED] - Navigate to 'https://staging.instavin.com/_O/Autotest(salesman)/order/' successfully

2018-05-23 13:21:04 - [TEST_STEP][PASSED] - waitForElementVisible: Object 'Object Repository/LoggedInReactPages/Order (react)/instaVINProducts_Label' is visible

2018-05-23 13:21:04 - [MESSAGE][WARNING] - Timeout '0' is invalid. Using default page load timeout: '30'

2018-05-23 13:21:04 - [MESSAGE][PASSED] - Object 'Object Repository/LoggedInReactPages/Order (react)/instaVINProducts_Label' is visible

2018-05-23 13:21:04 - [TEST_STEP][PASSED] - verifyElementText: Actual text and expected text of test object 'Object Repository/LoggedInReactPages/Order (react)/VtrPrice1' are matched.

2018-05-23 13:21:04 - [MESSAGE][PASSED] - Actual text and expected text of test object 'Object Repository/LoggedInReactPages/Order (react)/VtrPrice1' are matched.

2018-05-23 13:21:04 - [TEST_STEP][PASSED] - verifyElementText: Actual text and expected text of test object 'Object Repository/LoggedInReactPages/Order (react)/VtrPrice10' are matched.

2018-05-23 13:21:04 - [MESSAGE][PASSED] - Actual text and expected text of test object 'Object Repository/LoggedInReactPages/Order (react)/VtrPrice10' are matched.

2018-05-23 13:21:04 - [TEST_STEP][PASSED] - verifyElementText: Actual text and expected text of test object 'Object Repository/LoggedInReactPages/Order (react)/VtrPrice50' are matched.

2018-05-23 13:21:04 - [MESSAGE][PASSED] - Actual text and expected text of test object 'Object Repository/LoggedInReactPages/Order (react)/VtrPrice50' are matched.

2018-05-23 13:21:04 - [TEST_STEP][PASSED] - setText: Text 'SAJWA43C199B29849' is set on object 'Object Repository/LoggedInReactPages/Order (react)/VINCheckForm_EnterVINInput'

2018-05-23 13:21:04 - [MESSAGE][PASSED] - Text 'SAJWA43C199B29849' is set on object 'Object Repository/LoggedInReactPages/Order (react)/VINCheckForm_EnterVINInput'

2018-05-23 13:21:04 - [TEST_STEP][PASSED] - click: Object: 'Object Repository/LoggedInReactPages/Order (react)/CheckVin_ArrowButton' is clicked on

2018-05-23 13:21:04 - [MESSAGE][PASSED] - Object: 'Object Repository/LoggedInReactPages/Order (react)/CheckVin_ArrowButton' is clicked on

2018-05-23 13:21:04 - [TEST_STEP][PASSED] - waitForElementVisible: Object 'Object Repository/LoggedInReactPages/Order (react)/ChangeVIN_Cross' is visible

2018-05-23 13:21:04 - [MESSAGE][WARNING] - Timeout '0' is invalid. Using default page load timeout: '30'

2018-05-23 13:21:05 - [MESSAGE][PASSED] - Object 'Object Repository/LoggedInReactPages/Order (react)/ChangeVIN_Cross' is visible

2018-05-23 13:21:05 - [TEST_STEP][PASSED] - verifyElementVisible: Object 'Object Repository/LoggedInReactPages/Order (react)/OrderNow_OrangeButton' is visible

2018-05-23 13:21:05 - [MESSAGE][PASSED] - Object 'Object Repository/LoggedInReactPages/Order (react)/OrderNow_OrangeButton' is visible

2018-05-23 13:21:05 - [TEST_STEP][PASSED] - click: Object: 'Object Repository/LoggedInReactPages/Order (react)/OrderNow_OrangeButton' is clicked on

2018-05-23 13:21:05 - [MESSAGE][PASSED] - Object: 'Object Repository/LoggedInReactPages/Order (react)/OrderNow_OrangeButton' is clicked on

2018-05-23 13:21:05 - [TEST_STEP][PASSED] - waitForElementVisible: Object 'Object Repository/LoggedInReactPages/Order (react)/Purchase_Button' is visible

2018-05-23 13:21:05 - [MESSAGE][WARNING] - Timeout '0' is invalid. Using default page load timeout: '30'

2018-05-23 13:21:05 - [MESSAGE][PASSED] - Object 'Object Repository/LoggedInReactPages/Order (react)/Purchase_Button' is visible

2018-05-23 13:21:05 - [TEST_STEP][PASSED] - Statement - now = new java.util.Date(): null

2018-05-23 13:21:05 - [TEST_STEP][PASSED] - Statement - rnd = now.format("yyyyMMddHHmmssSSS").toString(): null

2018-05-23 13:21:05 - [TEST_STEP][PASSED] - Statement - Email = com.kms.katalon.core.webui.keyword.WebUiBuiltInKeywords.concatenate(["salesman", rnd, "@mailinator.com"]): Concatenated string array: '['salesman','20180523132105747','@mailinator.com']' into 'salesman20180523132105747@mailinator.com'

2018-05-23 13:21:05 - [MESSAGE][PASSED] - Concatenated string array: '['salesman','20180523132105747','@mailinator.com']' into 'salesman20180523132105747@mailinator.com'

2018-05-23 13:21:05 - [TEST_STEP][PASSED] - callTestCase: Call Test Case 'Test Cases/Base Tests/OrderSignUpBase' successfully

2018-05-23 13:21:05 - [TEST_CASE][PASSED] - Test Cases/Base Tests/OrderSignUpBase: Test Cases/Base Tests/OrderSignUpBase

2018-05-23 13:21:05 - [TEST_STEP][PASSED] - setText: Text 'Salesman' is set on object 'Object Repository/LoggedOutReactPages/OrderLoggedOut/FirstName_Input'

2018-05-23 13:21:06 - [MESSAGE][PASSED] - Text 'Salesman' is set on object 'Object Repository/LoggedOutReactPages/OrderLoggedOut/FirstName_Input'

2018-05-23 13:21:06 - [TEST_STEP][PASSED] - setText: Text 'Dealer' is set on object 'Object Repository/LoggedOutReactPages/OrderLoggedOut/LastName_Input'

2018-05-23 13:21:06 - [MESSAGE][PASSED] - Text 'Dealer' is set on object 'Object Repository/LoggedOutReactPages/OrderLoggedOut/LastName_Input'

2018-05-23 13:21:06 - [TEST_STEP][PASSED] - setText: Text 'test' is set on object 'Object Repository/LoggedOutReactPages/OrderLoggedOut/Address_Input'

2018-05-23 13:21:07 - [MESSAGE][PASSED] - Text 'test' is set on object 'Object Repository/LoggedOutReactPages/OrderLoggedOut/Address_Input'

2018-05-23 13:21:07 - [TEST_STEP][PASSED] - setText: Text 'test' is set on object 'Object Repository/LoggedOutReactPages/OrderLoggedOut/City_Input'

2018-05-23 13:21:07 - [MESSAGE][PASSED] - Text 'test' is set on object 'Object Repository/LoggedOutReactPages/OrderLoggedOut/City_Input'

2018-05-23 13:21:07 - [TEST_STEP][PASSED] - selectOptionByValue: All options with value 'TX' are selected in object 'Object Repository/LoggedOutReactPages/OrderLoggedOut/State_Dropdown' 

2018-05-23 13:21:07 - [MESSAGE][PASSED] - All options with value 'TX' are selected in object 'Object Repository/LoggedOutReactPages/OrderLoggedOut/State_Dropdown' 

2018-05-23 13:21:07 - [TEST_STEP][PASSED] - setText: Text '11111' is set on object 'Object Repository/LoggedOutReactPages/OrderLoggedOut/Zip_Input'

2018-05-23 13:21:08 - [MESSAGE][PASSED] - Text '11111' is set on object 'Object Repository/LoggedOutReactPages/OrderLoggedOut/Zip_Input'

2018-05-23 13:21:08 - [TEST_STEP][PASSED] - setText: Text '8001112233' is set on object 'Object Repository/LoggedOutReactPages/OrderLoggedOut/Phone_Input'

2018-05-23 13:21:08 - [MESSAGE][PASSED] - Text '8001112233' is set on object 'Object Repository/LoggedOutReactPages/OrderLoggedOut/Phone_Input'

2018-05-23 13:21:08 - [TEST_STEP][PASSED] - setText: Text 'salesman20180523132105747@mailinator.com' is set on object 'Object Repository/LoggedOutReactPages/OrderLoggedOut/Email_Input'

2018-05-23 13:21:09 - [MESSAGE][PASSED] - Text 'salesman20180523132105747@mailinator.com' is set on object 'Object Repository/LoggedOutReactPages/OrderLoggedOut/Email_Input'

2018-05-23 13:21:09 - [TEST_STEP][PASSED] - setText: Text '4000100011112224' is set on object 'Object Repository/LoggedOutReactPages/OrderLoggedOut/CcNumber_Input'

2018-05-23 13:21:09 - [MESSAGE][PASSED] - Text '4000100011112224' is set on object 'Object Repository/LoggedOutReactPages/OrderLoggedOut/CcNumber_Input'

2018-05-23 13:21:09 - [TEST_STEP][PASSED] - setText: Text '111' is set on object 'Object Repository/LoggedOutReactPages/OrderLoggedOut/CVV_Input'

2018-05-23 13:21:09 - [MESSAGE][PASSED] - Text '111' is set on object 'Object Repository/LoggedOutReactPages/OrderLoggedOut/CVV_Input'

2018-05-23 13:21:09 - [TEST_STEP][PASSED] - selectOptionByValue: All options with value '11' are selected in object 'Object Repository/LoggedOutReactPages/OrderLoggedOut/ExpirationMonth_Dropdown' 

2018-05-23 13:21:09 - [MESSAGE][PASSED] - All options with value '11' are selected in object 'Object Repository/LoggedOutReactPages/OrderLoggedOut/ExpirationMonth_Dropdown' 

2018-05-23 13:21:09 - [TEST_STEP][PASSED] - selectOptionByValue: All options with value '2020' are selected in object 'Object Repository/LoggedOutReactPages/OrderLoggedOut/ExpirationYear_Dropdown' 

2018-05-23 13:21:09 - [MESSAGE][PASSED] - All options with value '2020' are selected in object 'Object Repository/LoggedOutReactPages/OrderLoggedOut/ExpirationYear_Dropdown' 

2018-05-23 13:21:09 - [TEST_STEP][PASSED] - selectOptionByValue: All options with value '1' are selected in object 'Object Repository/LoggedOutReactPages/OrderLoggedOut/UserType_Dropdown' 

2018-05-23 13:21:10 - [MESSAGE][PASSED] - All options with value '1' are selected in object 'Object Repository/LoggedOutReactPages/OrderLoggedOut/UserType_Dropdown' 

2018-05-23 13:21:10 - [TEST_STEP][PASSED] - check: Object 'Object Repository/LoggedOutReactPages/OrderLoggedOut/Terms_Checkbox' is checked

2018-05-23 13:21:10 - [MESSAGE][PASSED] - Object 'Object Repository/LoggedOutReactPages/OrderLoggedOut/Terms_Checkbox' is checked

2018-05-23 13:21:10 - [TEST_STEP][PASSED] - click: Object: 'Object Repository/LoggedInReactPages/Order (react)/Purchase_Button' is clicked on

2018-05-23 13:21:10 - [MESSAGE][PASSED] - Object: 'Object Repository/LoggedInReactPages/Order (react)/Purchase_Button' is clicked on

2018-05-23 13:21:10 - [MESSAGE][PASSED] - Call Test Case 'Test Cases/Base Tests/OrderSignUpBase' successfully

2018-05-23 13:21:10 - [TEST_STEP][PASSED] - waitForElementVisible: Object 'Object Repository/LoggedInReactPages/Order (react)/CompletePurchase_Button' is visible

2018-05-23 13:21:10 - [MESSAGE][WARNING] - Timeout '0' is invalid. Using default page load timeout: '30'

2018-05-23 13:21:10 - [MESSAGE][PASSED] - Object 'Object Repository/LoggedInReactPages/Order (react)/CompletePurchase_Button' is visible

2018-05-23 13:21:10 - [TEST_STEP][PASSED] - Statement - Price = com.kms.katalon.core.webui.keyword.WebUiBuiltInKeywords.concatenate(["Only ", Vtr1]): Concatenated string array: '['Only ','$1,551.00']' into 'Only $1,551.00'

2018-05-23 13:21:10 - [MESSAGE][PASSED] - Concatenated string array: '['Only ','$1,551.00']' into 'Only $1,551.00'

2018-05-23 13:21:10 - [TEST_STEP][PASSED] - verifyElementText: Actual text and expected text of test object 'Object Repository/LoggedInReactPages/Order (react)/Confirm_Price' are matched.

2018-05-23 13:21:11 - [MESSAGE][PASSED] - Actual text and expected text of test object 'Object Repository/LoggedInReactPages/Order (react)/Confirm_Price' are matched.

2018-05-23 13:21:11 - [TEST_STEP][PASSED] - click: Object: 'Object Repository/LoggedInReactPages/Order (react)/CompletePurchase_Button' is clicked on

2018-05-23 13:21:11 - [MESSAGE][PASSED] - Object: 'Object Repository/LoggedInReactPages/Order (react)/CompletePurchase_Button' is clicked on

2018-05-23 13:21:11 - [TEST_STEP][PASSED] - waitForElementClickable: Object 'Object Repository/LoggedInReactPages/Order (react)/ViewReport_Button' is clickable

2018-05-23 13:21:11 - [MESSAGE][WARNING] - Timeout '0' is invalid. Using default page load timeout: '30'

2018-05-23 13:21:15 - [MESSAGE][PASSED] - Object 'Object Repository/LoggedInReactPages/Order (react)/ViewReport_Button' is clickable

2018-05-23 13:21:15 - [TEST_STEP][PASSED] - verifyTextPresent: Text 'Thank you for using instaVIN!' is present on page 

2018-05-23 13:21:15 - [MESSAGE][PASSED] - Text 'Thank you for using instaVIN!' is present on page 

2018-05-23 13:21:15 - [TEST_STEP][FAILED] - click: Unable to click on object 'Object Repository/LoggedInReactPages/Order (react)/ViewReport_Button' (Root cause: org.openqa.selenium.WebDriverException: unknown error: Element <a href="/report/D6F578C5FB65E72D53CE17F6FCA2143B13B7FEE8" class="btn btn-default HasRightIcon linkToReport">...</a> is not clickable at point (1043, 22). Other element would receive the click: <td>...</td>
  (Session info: chrome=66.0.3359.181)
  (Driver info: chromedriver=2.35.528161 (5b82f2d2aae0ca24b877009200ced9065a772e73),platform=Windows NT 6.1.7601 SP1 x86_64) (WARNING: The server did not provide any stacktrace information)
Command duration or timeout: 0 milliseconds
Build info: version: '3.7.1', revision: '8a0099a', time: '2017-11-06T21:07:36.161Z'
System info: host: 'LPKSAVINKIN', ip: '192.168.102.13', os.name: 'Windows 7', os.arch: 'amd64', os.version: '6.1', java.version: '1.8.0_102'
Driver info: com.kms.katalon.selenium.driver.CChromeDriver
Capabilities {acceptInsecureCerts: false, acceptSslCerts: false, applicationCacheEnabled: false, browserConnectionEnabled: false, browserName: chrome, chrome: {chromedriverVersion: 2.35.528161 (5b82f2d2aae0ca..., userDataDir: C:\Users\KSAVIN~1\AppData\L...}, cssSelectorsEnabled: true, databaseEnabled: false, handlesAlerts: true, hasTouchScreen: false, javascriptEnabled: true, locationContextEnabled: true, mobileEmulationEnabled: false, nativeEvents: true, networkConnectionEnabled: false, pageLoadStrategy: normal, platform: XP, platformName: XP, rotatable: false, setWindowRect: true, takesHeapSnapshot: true, takesScreenshot: true, unexpectedAlertBehaviour: , unhandledPromptBehavior: , version: 66.0.3359.181, webStorageEnabled: true}
Session ID: 9ae0997a194a1a5a14b855193ec7cc0e)

2018-05-23 13:21:15 - [MESSAGE][FAILED] - Unable to click on object 'Object Repository/LoggedInReactPages/Order (react)/ViewReport_Button' (Root cause: org.openqa.selenium.WebDriverException: unknown error: Element <a href="/report/D6F578C5FB65E72D53CE17F6FCA2143B13B7FEE8" class="btn btn-default HasRightIcon linkToReport">...</a> is not clickable at point (1043, 22). Other element would receive the click: <td>...</td>
  (Session info: chrome=66.0.3359.181)
  (Driver info: chromedriver=2.35.528161 (5b82f2d2aae0ca24b877009200ced9065a772e73),platform=Windows NT 6.1.7601 SP1 x86_64) (WARNING: The server did not provide any stacktrace information)
Command duration or timeout: 0 milliseconds
Build info: version: '3.7.1', revision: '8a0099a', time: '2017-11-06T21:07:36.161Z'
System info: host: 'LPKSAVINKIN', ip: '192.168.102.13', os.name: 'Windows 7', os.arch: 'amd64', os.version: '6.1', java.version: '1.8.0_102'
Driver info: com.kms.katalon.selenium.driver.CChromeDriver
Capabilities {acceptInsecureCerts: false, acceptSslCerts: false, applicationCacheEnabled: false, browserConnectionEnabled: false, browserName: chrome, chrome: {chromedriverVersion: 2.35.528161 (5b82f2d2aae0ca..., userDataDir: C:\Users\KSAVIN~1\AppData\L...}, cssSelectorsEnabled: true, databaseEnabled: false, handlesAlerts: true, hasTouchScreen: false, javascriptEnabled: true, locationContextEnabled: true, mobileEmulationEnabled: false, nativeEvents: true, networkConnectionEnabled: false, pageLoadStrategy: normal, platform: XP, platformName: XP, rotatable: false, setWindowRect: true, takesHeapSnapshot: true, takesScreenshot: true, unexpectedAlertBehaviour: , unhandledPromptBehavior: , version: 66.0.3359.181, webStorageEnabled: true}
Session ID: 9ae0997a194a1a5a14b855193ec7cc0e)
[[ATTACHMENT|C:\\Projects\\instaVIN\\tests\\instaVIN\\Reports\\Staging Smoke Test Suite\\20180523_131324\\1527070875481.png]]]]></system-out>
         <system-err><![CDATA[2018-05-23 13:20:57 - [TEST_CASE][FAILED] - Test Cases/Salesman - BuyVTRDealer: Test Cases/Salesman - BuyVTRDealer FAILED because (of) Unable to click on object 'Object Repository/LoggedInReactPages/Order (react)/ViewReport_Button' (Root cause: org.openqa.selenium.WebDriverException: unknown error: Element <a href="/report/D6F578C5FB65E72D53CE17F6FCA2143B13B7FEE8" class="btn btn-default HasRightIcon linkToReport">...</a> is not clickable at point (1043, 22). Other element would receive the click: <td>...</td>
  (Session info: chrome=66.0.3359.181)
  (Driver info: chromedriver=2.35.528161 (5b82f2d2aae0ca24b877009200ced9065a772e73),platform=Windows NT 6.1.7601 SP1 x86_64) (WARNING: The server did not provide any stacktrace information)
Command duration or timeout: 0 milliseconds
Build info: version: '3.7.1', revision: '8a0099a', time: '2017-11-06T21:07:36.161Z'
System info: host: 'LPKSAVINKIN', ip: '192.168.102.13', os.name: 'Windows 7', os.arch: 'amd64', os.version: '6.1', java.version: '1.8.0_102'
Driver info: com.kms.katalon.selenium.driver.CChromeDriver
Capabilities {acceptInsecureCerts: false, acceptSslCerts: false, applicationCacheEnabled: false, browserConnectionEnabled: false, browserName: chrome, chrome: {chromedriverVersion: 2.35.528161 (5b82f2d2aae0ca..., userDataDir: C:\Users\KSAVIN~1\AppData\L...}, cssSelectorsEnabled: true, databaseEnabled: false, handlesAlerts: true, hasTouchScreen: false, javascriptEnabled: true, locationContextEnabled: true, mobileEmulationEnabled: false, nativeEvents: true, networkConnectionEnabled: false, pageLoadStrategy: normal, platform: XP, platformName: XP, rotatable: false, setWindowRect: true, takesHeapSnapshot: true, takesScreenshot: true, unexpectedAlertBehaviour: , unhandledPromptBehavior: , version: 66.0.3359.181, webStorageEnabled: true}
Session ID: 9ae0997a194a1a5a14b855193ec7cc0e)]]></system-err>
      </testcase>
      <system-out><![CDATA[2018-05-23 13:13:26 - [TEST_SUITE][FAILED] - Staging Smoke Test Suite: Test Cases/Salesman - BuyVTRDealer FAILED because (of) Unable to click on object 'Object Repository/LoggedInReactPages/Order (react)/ViewReport_Button' (Root cause: org.openqa.selenium.WebDriverException: unknown error: Element <a href="/report/D6F578C5FB65E72D53CE17F6FCA2143B13B7FEE8" class="btn btn-default HasRightIcon linkToReport">...</a> is not clickable at point (1043, 22). Other element would receive the click: <td>...</td>
  (Session info: chrome=66.0.3359.181)
  (Driver info: chromedriver=2.35.528161 (5b82f2d2aae0ca24b877009200ced9065a772e73),platform=Windows NT 6.1.7601 SP1 x86_64) (WARNING: The server did not provide any stacktrace information)
Command duration or timeout: 0 milliseconds
Build info: version: '3.7.1', revision: '8a0099a', time: '2017-11-06T21:07:36.161Z'
System info: host: 'LPKSAVINKIN', ip: '192.168.102.13', os.name: 'Windows 7', os.arch: 'amd64', os.version: '6.1', java.version: '1.8.0_102'
Driver info: com.kms.katalon.selenium.driver.CChromeDriver
Capabilities {acceptInsecureCerts: false, acceptSslCerts: false, applicationCacheEnabled: false, browserConnectionEnabled: false, browserName: chrome, chrome: {chromedriverVersion: 2.35.528161 (5b82f2d2aae0ca..., userDataDir: C:\Users\KSAVIN~1\AppData\L...}, cssSelectorsEnabled: true, databaseEnabled: false, handlesAlerts: true, hasTouchScreen: false, javascriptEnabled: true, locationContextEnabled: true, mobileEmulationEnabled: false, nativeEvents: true, networkConnectionEnabled: false, pageLoadStrategy: normal, platform: XP, platformName: XP, rotatable: false, setWindowRect: true, takesHeapSnapshot: true, takesScreenshot: true, unexpectedAlertBehaviour: , unhandledPromptBehavior: , version: 66.0.3359.181, webStorageEnabled: true}
Session ID: 9ae0997a194a1a5a14b855193ec7cc0e)]]></system-out>
      <system-err><![CDATA[2018-05-23 13:13:26 - [TEST_SUITE][FAILED] - Staging Smoke Test Suite: Test Cases/Salesman - BuyVTRDealer FAILED because (of) Unable to click on object 'Object Repository/LoggedInReactPages/Order (react)/ViewReport_Button' (Root cause: org.openqa.selenium.WebDriverException: unknown error: Element <a href="/report/D6F578C5FB65E72D53CE17F6FCA2143B13B7FEE8" class="btn btn-default HasRightIcon linkToReport">...</a> is not clickable at point (1043, 22). Other element would receive the click: <td>...</td>
  (Session info: chrome=66.0.3359.181)
  (Driver info: chromedriver=2.35.528161 (5b82f2d2aae0ca24b877009200ced9065a772e73),platform=Windows NT 6.1.7601 SP1 x86_64) (WARNING: The server did not provide any stacktrace information)
Command duration or timeout: 0 milliseconds
Build info: version: '3.7.1', revision: '8a0099a', time: '2017-11-06T21:07:36.161Z'
System info: host: 'LPKSAVINKIN', ip: '192.168.102.13', os.name: 'Windows 7', os.arch: 'amd64', os.version: '6.1', java.version: '1.8.0_102'
Driver info: com.kms.katalon.selenium.driver.CChromeDriver
Capabilities {acceptInsecureCerts: false, acceptSslCerts: false, applicationCacheEnabled: false, browserConnectionEnabled: false, browserName: chrome, chrome: {chromedriverVersion: 2.35.528161 (5b82f2d2aae0ca..., userDataDir: C:\Users\KSAVIN~1\AppData\L...}, cssSelectorsEnabled: true, databaseEnabled: false, handlesAlerts: true, hasTouchScreen: false, javascriptEnabled: true, locationContextEnabled: true, mobileEmulationEnabled: false, nativeEvents: true, networkConnectionEnabled: false, pageLoadStrategy: normal, platform: XP, platformName: XP, rotatable: false, setWindowRect: true, takesHeapSnapshot: true, takesScreenshot: true, unexpectedAlertBehaviour: , unhandledPromptBehavior: , version: 66.0.3359.181, webStorageEnabled: true}
Session ID: 9ae0997a194a1a5a14b855193ec7cc0e)]]></system-err>
   </testsuite>
</testsuites>
