<?xml version="1.0" encoding="UTF-8"?>
<testsuites name="Staging Smoke Test Suite" time="604" tests="29" failures="5" errors="0">
   <testsuite name="Staging Smoke Test Suite" tests="29" failures="5" errors="0" time="604" timestamp="2018-05-29 11:16:22" hostname="KSavinkin - LPksavinkin.TC.local" id="Test Suites/Staging Smoke Test Suite">
      <properties>
         <property name="deviceName" value=""/>
         <property name="devicePlatform" value=""/>
         <property name="logFolder" value="C:\\Projects\\instaVIN\\tests\\instaVIN\\Reports\\Staging Smoke Test Suite\\20180529_111620"/>
         <property name="logFiles" value="C:\\Projects\\instaVIN\\tests\\instaVIN\\Reports\\Staging Smoke Test Suite\\20180529_111620\\execution0.log"/>
         <property name="attachments" value="C:\\Projects\\instaVIN\\tests\\instaVIN\\Reports\\Staging Smoke Test Suite\\20180529_111620\\1527582092810.png, C:\\Projects\\instaVIN\\tests\\instaVIN\\Reports\\Staging Smoke Test Suite\\20180529_111620\\1527582093302.png, C:\\Projects\\instaVIN\\tests\\instaVIN\\Reports\\Staging Smoke Test Suite\\20180529_111620\\1527582136289.png, C:\\Projects\\instaVIN\\tests\\instaVIN\\Reports\\Staging Smoke Test Suite\\20180529_111620\\1527582136644.png, C:\\Projects\\instaVIN\\tests\\instaVIN\\Reports\\Staging Smoke Test Suite\\20180529_111620\\1527582150164.png, C:\\Projects\\instaVIN\\tests\\instaVIN\\Reports\\Staging Smoke Test Suite\\20180529_111620\\1527582150622.png"/>
         <property name="hostName" value="KSavinkin - LPksavinkin.TC.local"/>
         <property name="os" value="Windows 7 64bit"/>
         <property name="katalonVersion" value="5.4.1.1"/>
         <property name="browser" value="Chrome 66.0.3359.181"/>
         <property name="hostAddress" value="172.18.18.81"/>
         <property name="sessionId" value="6804f9c34bec29b040c1c9cf8e5bf712"/>
         <property name="seleniumVersion" value="3.7.1"/>
         <property name="proxyInformation" value="ProxyInformation{proxyOption=NO_PROXY, proxyServerType=HTTP, password=, proxyServerAddress=, proxyServerPort=0}"/>
         <property name="platform" value="Windows 7"/>
      </properties>
      <testcase name="Test Cases/CheckHomeSliders" classname="Test Cases/CheckHomeSliders" status="PASSED">
         <system-out><![CDATA[2018-05-29 11:16:23 - [TEST_CASE][PASSED] - Test Cases/CheckHomeSliders: Test Cases/CheckHomeSliders

2018-05-29 11:16:23 - [TEST_STEP][PASSED] - openBrowser: Browser is opened with url: ''

2018-05-29 11:16:27 - [MESSAGE][PASSED] - Browser is opened with url: ''

2018-05-29 11:16:27 - [TEST_STEP][PASSED] - maximizeWindow: Current window maximized

2018-05-29 11:16:28 - [MESSAGE][PASSED] - Current window maximized

2018-05-29 11:16:28 - [TEST_STEP][PASSED] - navigateToUrl: Navigate to 'https://staging.instavin.com/' successfully

2018-05-29 11:16:31 - [MESSAGE][PASSED] - Navigate to 'https://staging.instavin.com/' successfully

2018-05-29 11:16:31 - [TEST_STEP][PASSED] - Statement - If (com.kms.katalon.core.webui.keyword.WebUiBuiltInKeywords.verifyElementAttributeValue(com.kms.katalon.core.testobject.ObjectRepository.findTestObject(LoggedOutReactPages/HomeLoggedOut/PromoSlide_Div), "class", "slick-slide slick-active slick-current", 0, CONTINUE_ON_FAILURE)): Object 'Object Repository/LoggedOutReactPages/HomeLoggedOut/Free_Link' is visible

2018-05-29 11:16:31 - [MESSAGE][WARNING] - Timeout '0' is invalid. Using default page load timeout: '30'

2018-05-29 11:16:31 - [MESSAGE][PASSED] - Object 'Object Repository/LoggedOutReactPages/HomeLoggedOut/PromoSlide_Div' has attribute 'class' with value 'slick-slide slick-active slick-current'

2018-05-29 11:16:31 - [TEST_STEP][PASSED] - click: Object: 'Object Repository/LoggedOutReactPages/HomeLoggedOut/SliderRightArrow' is clicked on

2018-05-29 11:16:31 - [MESSAGE][PASSED] - Object: 'Object Repository/LoggedOutReactPages/HomeLoggedOut/SliderRightArrow' is clicked on

2018-05-29 11:16:31 - [TEST_STEP][PASSED] - waitForElementVisible: Object 'Object Repository/LoggedOutReactPages/HomeLoggedOut/SecondAppsSlide' is visible

2018-05-29 11:16:31 - [MESSAGE][WARNING] - Timeout '0' is invalid. Using default page load timeout: '30'

2018-05-29 11:16:32 - [MESSAGE][PASSED] - Object 'Object Repository/LoggedOutReactPages/HomeLoggedOut/SecondAppsSlide' is visible

2018-05-29 11:16:32 - [TEST_STEP][PASSED] - waitForElementVisible: Object 'Object Repository/LoggedOutReactPages/HomeLoggedOut/FactoryOptions_Link' is visible

2018-05-29 11:16:32 - [MESSAGE][WARNING] - Timeout '0' is invalid. Using default page load timeout: '30'

2018-05-29 11:16:32 - [MESSAGE][PASSED] - Object 'Object Repository/LoggedOutReactPages/HomeLoggedOut/FactoryOptions_Link' is visible

2018-05-29 11:16:32 - [TEST_STEP][PASSED] - click: Object: 'Object Repository/LoggedOutReactPages/HomeLoggedOut/SliderLeftArrow' is clicked on

2018-05-29 11:16:32 - [MESSAGE][PASSED] - Object: 'Object Repository/LoggedOutReactPages/HomeLoggedOut/SliderLeftArrow' is clicked on

2018-05-29 11:16:32 - [TEST_STEP][PASSED] - waitForElementVisible: Object 'Object Repository/LoggedOutReactPages/HomeLoggedOut/Free_Link' is visible

2018-05-29 11:16:32 - [MESSAGE][WARNING] - Timeout '0' is invalid. Using default page load timeout: '30'

2018-05-29 11:16:37 - [MESSAGE][PASSED] - Object 'Object Repository/LoggedOutReactPages/HomeLoggedOut/Free_Link' is visible

2018-05-29 11:16:37 - [TEST_STEP][PASSED] - closeBrowser: Browser is closed

2018-05-29 11:16:37 - [MESSAGE][PASSED] - Browser is closed]]></system-out>
         <system-err><![CDATA[]]></system-err>
      </testcase>
      <testcase name="Test Cases/CheckVINfromHome - EmptyVIN" classname="Test Cases/CheckVINfromHome - EmptyVIN" status="PASSED">
         <system-out><![CDATA[2018-05-29 11:16:37 - [TEST_CASE][PASSED] - Test Cases/CheckVINfromHome - EmptyVIN: Test Cases/CheckVINfromHome - EmptyVIN

2018-05-29 11:16:38 - [TEST_STEP][PASSED] - openBrowser: Browser is opened with url: ''

2018-05-29 11:16:40 - [MESSAGE][PASSED] - Browser is opened with url: ''

2018-05-29 11:16:40 - [TEST_STEP][PASSED] - maximizeWindow: Current window maximized

2018-05-29 11:16:41 - [MESSAGE][PASSED] - Current window maximized

2018-05-29 11:16:41 - [TEST_STEP][PASSED] - navigateToUrl: Navigate to 'https://staging.instavin.com/' successfully

2018-05-29 11:16:44 - [MESSAGE][PASSED] - Navigate to 'https://staging.instavin.com/' successfully

2018-05-29 11:16:44 - [TEST_STEP][PASSED] - verifyElementPresent: Object 'Object Repository/LoggedOutReactPages/CommonElements/SignIn_Label' is present

2018-05-29 11:16:44 - [MESSAGE][WARNING] - Timeout '0' is invalid. Using default page load timeout: '30'

2018-05-29 11:16:44 - [MESSAGE][PASSED] - Object 'Object Repository/LoggedOutReactPages/CommonElements/SignIn_Label' is present

2018-05-29 11:16:44 - [TEST_STEP][PASSED] - verifyElementPresent: Object 'Object Repository/LoggedOutReactPages/HomeLoggedOut/EnterVIN_input' is present

2018-05-29 11:16:44 - [MESSAGE][WARNING] - Timeout '0' is invalid. Using default page load timeout: '30'

2018-05-29 11:16:44 - [MESSAGE][PASSED] - Object 'Object Repository/LoggedOutReactPages/HomeLoggedOut/EnterVIN_input' is present

2018-05-29 11:16:44 - [TEST_STEP][PASSED] - verifyElementAttributeValue: Object 'Object Repository/LoggedOutReactPages/HomeLoggedOut/EnterVIN_input' has attribute 'placeholder' with value 'ENTER VIN NUMBER'

2018-05-29 11:16:44 - [MESSAGE][WARNING] - Timeout '0' is invalid. Using default page load timeout: '30'

2018-05-29 11:16:44 - [MESSAGE][PASSED] - Object 'Object Repository/LoggedOutReactPages/HomeLoggedOut/EnterVIN_input' has attribute 'placeholder' with value 'ENTER VIN NUMBER'

2018-05-29 11:16:44 - [TEST_STEP][PASSED] - setText: Text '' is set on object 'Object Repository/LoggedOutReactPages/HomeLoggedOut/EnterVIN_input'

2018-05-29 11:16:44 - [MESSAGE][PASSED] - Text '' is set on object 'Object Repository/LoggedOutReactPages/HomeLoggedOut/EnterVIN_input'

2018-05-29 11:16:44 - [TEST_STEP][PASSED] - click: Object: 'Object Repository/LoggedOutReactPages/HomeLoggedOut/SubmitVinArrow_Button' is clicked on

2018-05-29 11:16:46 - [MESSAGE][PASSED] - Object: 'Object Repository/LoggedOutReactPages/HomeLoggedOut/SubmitVinArrow_Button' is clicked on

2018-05-29 11:16:46 - [TEST_STEP][PASSED] - waitForElementVisible: Object 'Object Repository/LoggedInReactPages/Order (react)/instaVINProducts_Label' is visible

2018-05-29 11:16:46 - [MESSAGE][WARNING] - Timeout '0' is invalid. Using default page load timeout: '30'

2018-05-29 11:16:46 - [MESSAGE][PASSED] - Object 'Object Repository/LoggedInReactPages/Order (react)/instaVINProducts_Label' is visible

2018-05-29 11:16:46 - [TEST_STEP][PASSED] - verifyElementPresent: Object 'Object Repository/LoggedInReactPages/Order (react)/SignIn_MenuLabel' is present

2018-05-29 11:16:46 - [MESSAGE][WARNING] - Timeout '0' is invalid. Using default page load timeout: '30'

2018-05-29 11:16:46 - [MESSAGE][PASSED] - Object 'Object Repository/LoggedInReactPages/Order (react)/SignIn_MenuLabel' is present

2018-05-29 11:16:46 - [TEST_STEP][PASSED] - verifyElementNotPresent: Web element with id: 'Object Repository/LoggedInReactPages/Order (react)/ChangeVIN_Cross' located by 'By.xpath: //div[@class='CloseButton']' is not present after '30' second(s)

2018-05-29 11:16:46 - [MESSAGE][WARNING] - Timeout '0' is invalid. Using default page load timeout: '30'

2018-05-29 11:16:46 - [MESSAGE][PASSED] - Web element with id: 'Object Repository/LoggedInReactPages/Order (react)/ChangeVIN_Cross' located by 'By.xpath: //div[@class='CloseButton']' is not present after '30' second(s)

2018-05-29 11:16:46 - [TEST_STEP][PASSED] - verifyElementText: Actual text and expected text of test object 'Object Repository/LoggedInReactPages/Order (react)/RecordsAreAvailable_Alert' are matched.

2018-05-29 11:16:46 - [MESSAGE][PASSED] - Actual text and expected text of test object 'Object Repository/LoggedInReactPages/Order (react)/RecordsAreAvailable_Alert' are matched.

2018-05-29 11:16:46 - [TEST_STEP][PASSED] - verifyElementNotPresent: Web element with id: 'Object Repository/LoggedInReactPages/Order (react)/VINdisplayed' located by 'By.xpath: //span[@id='VehicleSummary_Vin']' is not present after '30' second(s)

2018-05-29 11:16:46 - [MESSAGE][WARNING] - Timeout '0' is invalid. Using default page load timeout: '30'

2018-05-29 11:16:46 - [MESSAGE][PASSED] - Web element with id: 'Object Repository/LoggedInReactPages/Order (react)/VINdisplayed' located by 'By.xpath: //span[@id='VehicleSummary_Vin']' is not present after '30' second(s)

2018-05-29 11:16:46 - [TEST_STEP][PASSED] - verifyElementVisible: Object 'Object Repository/LoggedInReactPages/Order (react)/VINCheckForm_EnterVINInput' is visible

2018-05-29 11:16:47 - [MESSAGE][PASSED] - Object 'Object Repository/LoggedInReactPages/Order (react)/VINCheckForm_EnterVINInput' is visible

2018-05-29 11:16:47 - [TEST_STEP][PASSED] - verifyElementAttributeValue: Object 'Object Repository/LoggedInReactPages/Order (react)/VINCheckForm_EnterVINInput' has attribute 'value' with value ''

2018-05-29 11:16:47 - [MESSAGE][WARNING] - Timeout '0' is invalid. Using default page load timeout: '30'

2018-05-29 11:16:47 - [MESSAGE][PASSED] - Object 'Object Repository/LoggedInReactPages/Order (react)/VINCheckForm_EnterVINInput' has attribute 'value' with value ''

2018-05-29 11:16:47 - [TEST_STEP][PASSED] - verifyElementNotPresent: Web element with id: 'Object Repository/LoggedInReactPages/Order (react)/OrderNow_OrangeButton' located by 'By.xpath: //button[@class = 'btn btn-default HasRightIcon orderButtonSmall' and (text() = 'Order Now' or . = 'Order Now')]' is not present after '30' second(s)

2018-05-29 11:16:47 - [MESSAGE][WARNING] - Timeout '0' is invalid. Using default page load timeout: '30'

2018-05-29 11:16:47 - [MESSAGE][PASSED] - Web element with id: 'Object Repository/LoggedInReactPages/Order (react)/OrderNow_OrangeButton' located by 'By.xpath: //button[@class = 'btn btn-default HasRightIcon orderButtonSmall' and (text() = 'Order Now' or . = 'Order Now')]' is not present after '30' second(s)

2018-05-29 11:16:47 - [TEST_STEP][PASSED] - closeBrowser: Browser is closed

2018-05-29 11:16:47 - [MESSAGE][PASSED] - Browser is closed]]></system-out>
         <system-err><![CDATA[]]></system-err>
      </testcase>
      <testcase name="Test Cases/CheckVINfromHome - NoSticker" classname="Test Cases/CheckVINfromHome - NoSticker" status="PASSED">
         <system-out><![CDATA[2018-05-29 11:16:47 - [TEST_CASE][PASSED] - Test Cases/CheckVINfromHome - NoSticker: Test Cases/CheckVINfromHome - NoSticker

2018-05-29 11:16:48 - [TEST_STEP][PASSED] - openBrowser: Browser is opened with url: ''

2018-05-29 11:16:50 - [MESSAGE][PASSED] - Browser is opened with url: ''

2018-05-29 11:16:50 - [TEST_STEP][PASSED] - maximizeWindow: Current window maximized

2018-05-29 11:16:51 - [MESSAGE][PASSED] - Current window maximized

2018-05-29 11:16:51 - [TEST_STEP][PASSED] - navigateToUrl: Navigate to 'https://staging.instavin.com/' successfully

2018-05-29 11:16:54 - [MESSAGE][PASSED] - Navigate to 'https://staging.instavin.com/' successfully

2018-05-29 11:16:54 - [TEST_STEP][PASSED] - verifyElementPresent: Object 'Object Repository/LoggedOutReactPages/CommonElements/SignIn_Label' is present

2018-05-29 11:16:54 - [MESSAGE][WARNING] - Timeout '0' is invalid. Using default page load timeout: '30'

2018-05-29 11:16:54 - [MESSAGE][PASSED] - Object 'Object Repository/LoggedOutReactPages/CommonElements/SignIn_Label' is present

2018-05-29 11:16:54 - [TEST_STEP][PASSED] - verifyElementPresent: Object 'Object Repository/LoggedOutReactPages/HomeLoggedOut/EnterVIN_input' is present

2018-05-29 11:16:54 - [MESSAGE][WARNING] - Timeout '0' is invalid. Using default page load timeout: '30'

2018-05-29 11:16:54 - [MESSAGE][PASSED] - Object 'Object Repository/LoggedOutReactPages/HomeLoggedOut/EnterVIN_input' is present

2018-05-29 11:16:54 - [TEST_STEP][PASSED] - verifyElementAttributeValue: Object 'Object Repository/LoggedOutReactPages/HomeLoggedOut/EnterVIN_input' has attribute 'placeholder' with value 'ENTER VIN NUMBER'

2018-05-29 11:16:54 - [MESSAGE][WARNING] - Timeout '0' is invalid. Using default page load timeout: '30'

2018-05-29 11:16:54 - [MESSAGE][PASSED] - Object 'Object Repository/LoggedOutReactPages/HomeLoggedOut/EnterVIN_input' has attribute 'placeholder' with value 'ENTER VIN NUMBER'

2018-05-29 11:16:54 - [TEST_STEP][PASSED] - setText: Text 'JF1SF63591H766643' is set on object 'Object Repository/LoggedOutReactPages/HomeLoggedOut/EnterVIN_input'

2018-05-29 11:16:54 - [MESSAGE][PASSED] - Text 'JF1SF63591H766643' is set on object 'Object Repository/LoggedOutReactPages/HomeLoggedOut/EnterVIN_input'

2018-05-29 11:16:54 - [TEST_STEP][PASSED] - click: Object: 'Object Repository/LoggedOutReactPages/HomeLoggedOut/SubmitVinArrow_Button' is clicked on

2018-05-29 11:16:56 - [MESSAGE][PASSED] - Object: 'Object Repository/LoggedOutReactPages/HomeLoggedOut/SubmitVinArrow_Button' is clicked on

2018-05-29 11:16:56 - [TEST_STEP][PASSED] - waitForElementVisible: Object 'Object Repository/LoggedInReactPages/Order (react)/instaVINProducts_Label' is visible

2018-05-29 11:16:56 - [MESSAGE][WARNING] - Timeout '0' is invalid. Using default page load timeout: '30'

2018-05-29 11:16:56 - [MESSAGE][PASSED] - Object 'Object Repository/LoggedInReactPages/Order (react)/instaVINProducts_Label' is visible

2018-05-29 11:16:56 - [TEST_STEP][PASSED] - verifyElementVisible: Object 'Object Repository/LoggedInReactPages/Order (react)/ChangeVIN_Cross' is visible

2018-05-29 11:16:56 - [MESSAGE][PASSED] - Object 'Object Repository/LoggedInReactPages/Order (react)/ChangeVIN_Cross' is visible

2018-05-29 11:16:56 - [TEST_STEP][PASSED] - verifyElementPresent: Object 'Object Repository/LoggedInReactPages/Order (react)/SignIn_MenuLabel' is present

2018-05-29 11:16:56 - [MESSAGE][WARNING] - Timeout '0' is invalid. Using default page load timeout: '30'

2018-05-29 11:16:56 - [MESSAGE][PASSED] - Object 'Object Repository/LoggedInReactPages/Order (react)/SignIn_MenuLabel' is present

2018-05-29 11:16:56 - [TEST_STEP][PASSED] - verifyElementVisible: Object 'Object Repository/LoggedInReactPages/Order (react)/RecordsAreAvailable_Alert' is visible

2018-05-29 11:16:56 - [MESSAGE][PASSED] - Object 'Object Repository/LoggedInReactPages/Order (react)/RecordsAreAvailable_Alert' is visible

2018-05-29 11:16:56 - [TEST_STEP][PASSED] - verifyElementText: Actual text and expected text of test object 'Object Repository/LoggedInReactPages/Order (react)/RecordsAreAvailable_Alert' are matched.

2018-05-29 11:16:56 - [MESSAGE][PASSED] - Actual text and expected text of test object 'Object Repository/LoggedInReactPages/Order (react)/RecordsAreAvailable_Alert' are matched.

2018-05-29 11:16:56 - [TEST_STEP][PASSED] - verifyElementVisible: Object 'Object Repository/LoggedInReactPages/Order (react)/VINdisplayed' is visible

2018-05-29 11:16:56 - [MESSAGE][PASSED] - Object 'Object Repository/LoggedInReactPages/Order (react)/VINdisplayed' is visible

2018-05-29 11:16:56 - [TEST_STEP][PASSED] - verifyElementText: Actual text and expected text of test object 'Object Repository/LoggedInReactPages/Order (react)/VINdisplayed' are matched.

2018-05-29 11:16:56 - [MESSAGE][PASSED] - Actual text and expected text of test object 'Object Repository/LoggedInReactPages/Order (react)/VINdisplayed' are matched.

2018-05-29 11:16:56 - [TEST_STEP][PASSED] - verifyElementPresent: Object 'Object Repository/LoggedInReactPages/Order (react)/OrderNow_OrangeButton' is present

2018-05-29 11:16:56 - [MESSAGE][WARNING] - Timeout '0' is invalid. Using default page load timeout: '30'

2018-05-29 11:16:56 - [MESSAGE][PASSED] - Object 'Object Repository/LoggedInReactPages/Order (react)/OrderNow_OrangeButton' is present

2018-05-29 11:16:56 - [TEST_STEP][PASSED] - closeBrowser: Browser is closed

2018-05-29 11:16:57 - [MESSAGE][PASSED] - Browser is closed]]></system-out>
         <system-err><![CDATA[]]></system-err>
      </testcase>
      <testcase name="Test Cases/CheckVINfromHome - ShortVINwith9Digits" classname="Test Cases/CheckVINfromHome - ShortVINwith9Digits" status="PASSED">
         <system-out><![CDATA[2018-05-29 11:16:57 - [TEST_CASE][PASSED] - Test Cases/CheckVINfromHome - ShortVINwith9Digits: Test Cases/CheckVINfromHome - ShortVINwith9Digits

2018-05-29 11:16:57 - [TEST_STEP][PASSED] - openBrowser: Browser is opened with url: ''

2018-05-29 11:16:59 - [MESSAGE][PASSED] - Browser is opened with url: ''

2018-05-29 11:16:59 - [TEST_STEP][PASSED] - maximizeWindow: Current window maximized

2018-05-29 11:17:01 - [MESSAGE][PASSED] - Current window maximized

2018-05-29 11:17:01 - [TEST_STEP][PASSED] - navigateToUrl: Navigate to 'https://staging.instavin.com/' successfully

2018-05-29 11:17:02 - [MESSAGE][PASSED] - Navigate to 'https://staging.instavin.com/' successfully

2018-05-29 11:17:02 - [TEST_STEP][PASSED] - verifyElementPresent: Object 'Object Repository/LoggedOutReactPages/CommonElements/SignIn_Label' is present

2018-05-29 11:17:02 - [MESSAGE][WARNING] - Timeout '0' is invalid. Using default page load timeout: '30'

2018-05-29 11:17:03 - [MESSAGE][PASSED] - Object 'Object Repository/LoggedOutReactPages/CommonElements/SignIn_Label' is present

2018-05-29 11:17:03 - [TEST_STEP][PASSED] - verifyElementPresent: Object 'Object Repository/LoggedOutReactPages/HomeLoggedOut/EnterVIN_input' is present

2018-05-29 11:17:03 - [MESSAGE][WARNING] - Timeout '0' is invalid. Using default page load timeout: '30'

2018-05-29 11:17:03 - [MESSAGE][PASSED] - Object 'Object Repository/LoggedOutReactPages/HomeLoggedOut/EnterVIN_input' is present

2018-05-29 11:17:03 - [TEST_STEP][PASSED] - verifyElementAttributeValue: Object 'Object Repository/LoggedOutReactPages/HomeLoggedOut/EnterVIN_input' has attribute 'placeholder' with value 'ENTER VIN NUMBER'

2018-05-29 11:17:03 - [MESSAGE][WARNING] - Timeout '0' is invalid. Using default page load timeout: '30'

2018-05-29 11:17:03 - [MESSAGE][PASSED] - Object 'Object Repository/LoggedOutReactPages/HomeLoggedOut/EnterVIN_input' has attribute 'placeholder' with value 'ENTER VIN NUMBER'

2018-05-29 11:17:03 - [TEST_STEP][PASSED] - setText: Text '7J1012752' is set on object 'Object Repository/LoggedOutReactPages/HomeLoggedOut/EnterVIN_input'

2018-05-29 11:17:03 - [MESSAGE][PASSED] - Text '7J1012752' is set on object 'Object Repository/LoggedOutReactPages/HomeLoggedOut/EnterVIN_input'

2018-05-29 11:17:03 - [TEST_STEP][PASSED] - click: Object: 'Object Repository/LoggedOutReactPages/HomeLoggedOut/SubmitVinArrow_Button' is clicked on

2018-05-29 11:17:04 - [MESSAGE][PASSED] - Object: 'Object Repository/LoggedOutReactPages/HomeLoggedOut/SubmitVinArrow_Button' is clicked on

2018-05-29 11:17:04 - [TEST_STEP][PASSED] - waitForElementVisible: Object 'Object Repository/LoggedInReactPages/Order (react)/instaVINProducts_Label' is visible

2018-05-29 11:17:04 - [MESSAGE][WARNING] - Timeout '0' is invalid. Using default page load timeout: '30'

2018-05-29 11:17:04 - [MESSAGE][PASSED] - Object 'Object Repository/LoggedInReactPages/Order (react)/instaVINProducts_Label' is visible

2018-05-29 11:17:04 - [TEST_STEP][PASSED] - verifyElementNotPresent: Web element with id: 'Object Repository/LoggedInReactPages/Order (react)/ChangeVIN_Cross' located by 'By.xpath: //div[@class='CloseButton']' is not present after '30' second(s)

2018-05-29 11:17:04 - [MESSAGE][WARNING] - Timeout '0' is invalid. Using default page load timeout: '30'

2018-05-29 11:17:04 - [MESSAGE][PASSED] - Web element with id: 'Object Repository/LoggedInReactPages/Order (react)/ChangeVIN_Cross' located by 'By.xpath: //div[@class='CloseButton']' is not present after '30' second(s)

2018-05-29 11:17:04 - [TEST_STEP][PASSED] - verifyElementPresent: Object 'Object Repository/LoggedInReactPages/Order (react)/SignIn_MenuLabel' is present

2018-05-29 11:17:04 - [MESSAGE][WARNING] - Timeout '0' is invalid. Using default page load timeout: '30'

2018-05-29 11:17:04 - [MESSAGE][PASSED] - Object 'Object Repository/LoggedInReactPages/Order (react)/SignIn_MenuLabel' is present

2018-05-29 11:17:04 - [TEST_STEP][PASSED] - verifyElementVisible: Object 'Object Repository/LoggedInReactPages/Order (react)/RecordsAreAvailable_Alert' is visible

2018-05-29 11:17:04 - [MESSAGE][PASSED] - Object 'Object Repository/LoggedInReactPages/Order (react)/RecordsAreAvailable_Alert' is visible

2018-05-29 11:17:04 - [TEST_STEP][PASSED] - verifyElementText: Actual text and expected text of test object 'Object Repository/LoggedInReactPages/Order (react)/RecordsAreAvailable_Alert' are matched.

2018-05-29 11:17:04 - [MESSAGE][PASSED] - Actual text and expected text of test object 'Object Repository/LoggedInReactPages/Order (react)/RecordsAreAvailable_Alert' are matched.

2018-05-29 11:17:04 - [TEST_STEP][PASSED] - verifyElementNotPresent: Web element with id: 'Object Repository/LoggedInReactPages/Order (react)/VINdisplayed' located by 'By.xpath: //span[@id='VehicleSummary_Vin']' is not present after '30' second(s)

2018-05-29 11:17:04 - [MESSAGE][WARNING] - Timeout '0' is invalid. Using default page load timeout: '30'

2018-05-29 11:17:04 - [MESSAGE][PASSED] - Web element with id: 'Object Repository/LoggedInReactPages/Order (react)/VINdisplayed' located by 'By.xpath: //span[@id='VehicleSummary_Vin']' is not present after '30' second(s)

2018-05-29 11:17:04 - [TEST_STEP][PASSED] - verifyElementVisible: Object 'Object Repository/LoggedInReactPages/Order (react)/VINCheckForm_EnterVINInput' is visible

2018-05-29 11:17:04 - [MESSAGE][PASSED] - Object 'Object Repository/LoggedInReactPages/Order (react)/VINCheckForm_EnterVINInput' is visible

2018-05-29 11:17:04 - [TEST_STEP][PASSED] - verifyElementAttributeValue: Object 'Object Repository/LoggedInReactPages/Order (react)/VINCheckForm_EnterVINInput' has attribute 'value' with value '7J1012752'

2018-05-29 11:17:04 - [MESSAGE][WARNING] - Timeout '0' is invalid. Using default page load timeout: '30'

2018-05-29 11:17:05 - [MESSAGE][PASSED] - Object 'Object Repository/LoggedInReactPages/Order (react)/VINCheckForm_EnterVINInput' has attribute 'value' with value '7J1012752'

2018-05-29 11:17:05 - [TEST_STEP][PASSED] - verifyElementPresent: Object 'Object Repository/LoggedInReactPages/Order (react)/OrderNow_OrangeButton' is present

2018-05-29 11:17:05 - [MESSAGE][WARNING] - Timeout '0' is invalid. Using default page load timeout: '30'

2018-05-29 11:17:05 - [MESSAGE][PASSED] - Object 'Object Repository/LoggedInReactPages/Order (react)/OrderNow_OrangeButton' is present

2018-05-29 11:17:05 - [TEST_STEP][PASSED] - closeBrowser: Browser is closed

2018-05-29 11:17:06 - [MESSAGE][PASSED] - Browser is closed]]></system-out>
         <system-err><![CDATA[]]></system-err>
      </testcase>
      <testcase name="Test Cases/CheckVINfromHome - Success" classname="Test Cases/CheckVINfromHome - Success" status="PASSED">
         <system-out><![CDATA[2018-05-29 11:17:06 - [TEST_CASE][PASSED] - Test Cases/CheckVINfromHome - Success: Test Cases/CheckVINfromHome - Success

2018-05-29 11:17:06 - [TEST_STEP][PASSED] - openBrowser: Browser is opened with url: ''

2018-05-29 11:17:08 - [MESSAGE][PASSED] - Browser is opened with url: ''

2018-05-29 11:17:08 - [TEST_STEP][PASSED] - maximizeWindow: Current window maximized

2018-05-29 11:17:09 - [MESSAGE][PASSED] - Current window maximized

2018-05-29 11:17:09 - [TEST_STEP][PASSED] - navigateToUrl: Navigate to 'https://staging.instavin.com/' successfully

2018-05-29 11:17:12 - [MESSAGE][PASSED] - Navigate to 'https://staging.instavin.com/' successfully

2018-05-29 11:17:12 - [TEST_STEP][PASSED] - verifyElementPresent: Object 'Object Repository/LoggedOutReactPages/CommonElements/SignIn_Label' is present

2018-05-29 11:17:12 - [MESSAGE][WARNING] - Timeout '0' is invalid. Using default page load timeout: '30'

2018-05-29 11:17:12 - [MESSAGE][PASSED] - Object 'Object Repository/LoggedOutReactPages/CommonElements/SignIn_Label' is present

2018-05-29 11:17:12 - [TEST_STEP][PASSED] - verifyElementPresent: Object 'Object Repository/LoggedOutReactPages/HomeLoggedOut/EnterVIN_input' is present

2018-05-29 11:17:12 - [MESSAGE][WARNING] - Timeout '0' is invalid. Using default page load timeout: '30'

2018-05-29 11:17:12 - [MESSAGE][PASSED] - Object 'Object Repository/LoggedOutReactPages/HomeLoggedOut/EnterVIN_input' is present

2018-05-29 11:17:12 - [TEST_STEP][PASSED] - verifyElementAttributeValue: Object 'Object Repository/LoggedOutReactPages/HomeLoggedOut/EnterVIN_input' has attribute 'placeholder' with value 'ENTER VIN NUMBER'

2018-05-29 11:17:12 - [MESSAGE][WARNING] - Timeout '0' is invalid. Using default page load timeout: '30'

2018-05-29 11:17:12 - [MESSAGE][PASSED] - Object 'Object Repository/LoggedOutReactPages/HomeLoggedOut/EnterVIN_input' has attribute 'placeholder' with value 'ENTER VIN NUMBER'

2018-05-29 11:17:12 - [TEST_STEP][PASSED] - setText: Text '5UXKR0C52F0P15679' is set on object 'Object Repository/LoggedOutReactPages/HomeLoggedOut/EnterVIN_input'

2018-05-29 11:17:12 - [MESSAGE][PASSED] - Text '5UXKR0C52F0P15679' is set on object 'Object Repository/LoggedOutReactPages/HomeLoggedOut/EnterVIN_input'

2018-05-29 11:17:12 - [TEST_STEP][PASSED] - click: Object: 'Object Repository/LoggedOutReactPages/HomeLoggedOut/SubmitVinArrow_Button' is clicked on

2018-05-29 11:17:14 - [MESSAGE][PASSED] - Object: 'Object Repository/LoggedOutReactPages/HomeLoggedOut/SubmitVinArrow_Button' is clicked on

2018-05-29 11:17:14 - [TEST_STEP][PASSED] - waitForElementVisible: Object 'Object Repository/LoggedInReactPages/Order (react)/instaVINProducts_Label' is visible

2018-05-29 11:17:14 - [MESSAGE][WARNING] - Timeout '0' is invalid. Using default page load timeout: '30'

2018-05-29 11:17:14 - [MESSAGE][PASSED] - Object 'Object Repository/LoggedInReactPages/Order (react)/instaVINProducts_Label' is visible

2018-05-29 11:17:14 - [TEST_STEP][PASSED] - verifyElementVisible: Object 'Object Repository/LoggedInReactPages/Order (react)/ChangeVIN_Cross' is visible

2018-05-29 11:17:14 - [MESSAGE][PASSED] - Object 'Object Repository/LoggedInReactPages/Order (react)/ChangeVIN_Cross' is visible

2018-05-29 11:17:14 - [TEST_STEP][PASSED] - verifyElementPresent: Object 'Object Repository/LoggedInReactPages/Order (react)/SignIn_MenuLabel' is present

2018-05-29 11:17:14 - [MESSAGE][WARNING] - Timeout '0' is invalid. Using default page load timeout: '30'

2018-05-29 11:17:14 - [MESSAGE][PASSED] - Object 'Object Repository/LoggedInReactPages/Order (react)/SignIn_MenuLabel' is present

2018-05-29 11:17:14 - [TEST_STEP][PASSED] - verifyElementPresent: Object 'Object Repository/LoggedInReactPages/Order (react)/RecordsAreAvailable_Alert' is present

2018-05-29 11:17:14 - [MESSAGE][WARNING] - Timeout '0' is invalid. Using default page load timeout: '30'

2018-05-29 11:17:14 - [MESSAGE][PASSED] - Object 'Object Repository/LoggedInReactPages/Order (react)/RecordsAreAvailable_Alert' is present

2018-05-29 11:17:14 - [TEST_STEP][PASSED] - verifyElementText: Actual text and expected text of test object 'Object Repository/LoggedInReactPages/Order (react)/RecordsAreAvailable_Alert' are matched.

2018-05-29 11:17:14 - [MESSAGE][PASSED] - Actual text and expected text of test object 'Object Repository/LoggedInReactPages/Order (react)/RecordsAreAvailable_Alert' are matched.

2018-05-29 11:17:14 - [TEST_STEP][PASSED] - verifyElementVisible: Object 'Object Repository/LoggedInReactPages/Order (react)/VINdisplayed' is visible

2018-05-29 11:17:14 - [MESSAGE][PASSED] - Object 'Object Repository/LoggedInReactPages/Order (react)/VINdisplayed' is visible

2018-05-29 11:17:14 - [TEST_STEP][PASSED] - verifyElementText: Actual text and expected text of test object 'Object Repository/LoggedInReactPages/Order (react)/VINdisplayed' are matched.

2018-05-29 11:17:14 - [MESSAGE][PASSED] - Actual text and expected text of test object 'Object Repository/LoggedInReactPages/Order (react)/VINdisplayed' are matched.

2018-05-29 11:17:14 - [TEST_STEP][PASSED] - verifyElementPresent: Object 'Object Repository/LoggedInReactPages/Order (react)/OrderNow_OrangeButton' is present

2018-05-29 11:17:14 - [MESSAGE][WARNING] - Timeout '0' is invalid. Using default page load timeout: '30'

2018-05-29 11:17:14 - [MESSAGE][PASSED] - Object 'Object Repository/LoggedInReactPages/Order (react)/OrderNow_OrangeButton' is present

2018-05-29 11:17:14 - [TEST_STEP][PASSED] - closeBrowser: Browser is closed

2018-05-29 11:17:15 - [MESSAGE][PASSED] - Browser is closed]]></system-out>
         <system-err><![CDATA[]]></system-err>
      </testcase>
      <testcase name="Test Cases/SignUpConsumer - EmptyFields" classname="Test Cases/SignUpConsumer - EmptyFields" status="PASSED">
         <system-out><![CDATA[2018-05-29 11:17:15 - [TEST_CASE][PASSED] - Test Cases/SignUpConsumer - EmptyFields: Test Cases/SignUpConsumer - EmptyFields

2018-05-29 11:17:15 - [TEST_STEP][PASSED] - openBrowser: Browser is opened with url: ''

2018-05-29 11:17:17 - [MESSAGE][PASSED] - Browser is opened with url: ''

2018-05-29 11:17:17 - [TEST_STEP][PASSED] - maximizeWindow: Current window maximized

2018-05-29 11:17:19 - [MESSAGE][PASSED] - Current window maximized

2018-05-29 11:17:19 - [TEST_STEP][PASSED] - Statement - StartURL = com.kms.katalon.core.webui.keyword.WebUiBuiltInKeywords.concatenate([StagingReact, "create-account"]): Concatenated string array: '['https://staging.instavin.com/','create-account']' into 'https://staging.instavin.com/create-account'

2018-05-29 11:17:19 - [MESSAGE][PASSED] - Concatenated string array: '['https://staging.instavin.com/','create-account']' into 'https://staging.instavin.com/create-account'

2018-05-29 11:17:19 - [TEST_STEP][PASSED] - navigateToUrl: Navigate to 'https://staging.instavin.com/create-account' successfully

2018-05-29 11:17:21 - [MESSAGE][PASSED] - Navigate to 'https://staging.instavin.com/create-account' successfully

2018-05-29 11:17:21 - [TEST_STEP][PASSED] - verifyElementText: Actual text and expected text of test object 'Object Repository/LoggedOutReactPages/CreateAccount/Copy_Label' are matched.

2018-05-29 11:17:21 - [MESSAGE][PASSED] - Actual text and expected text of test object 'Object Repository/LoggedOutReactPages/CreateAccount/Copy_Label' are matched.

2018-05-29 11:17:21 - [TEST_STEP][PASSED] - verifyTextPresent: Text 'Buyer Information' is present on page 

2018-05-29 11:17:21 - [MESSAGE][PASSED] - Text 'Buyer Information' is present on page 

2018-05-29 11:17:21 - [TEST_STEP][PASSED] - verifyElementText: Actual text and expected text of test object 'Object Repository/LoggedOutReactPages/CreateAccount/Name_Label' are matched.

2018-05-29 11:17:21 - [MESSAGE][PASSED] - Actual text and expected text of test object 'Object Repository/LoggedOutReactPages/CreateAccount/Name_Label' are matched.

2018-05-29 11:17:21 - [TEST_STEP][PASSED] - verifyElementText: Actual text and expected text of test object 'Object Repository/LoggedOutReactPages/CreateAccount/Address_Label' are matched.

2018-05-29 11:17:21 - [MESSAGE][PASSED] - Actual text and expected text of test object 'Object Repository/LoggedOutReactPages/CreateAccount/Address_Label' are matched.

2018-05-29 11:17:21 - [TEST_STEP][PASSED] - click: Object: 'Object Repository/LoggedOutReactPages/CreateAccount/Submit_button' is clicked on

2018-05-29 11:17:21 - [MESSAGE][PASSED] - Object: 'Object Repository/LoggedOutReactPages/CreateAccount/Submit_button' is clicked on

2018-05-29 11:17:21 - [TEST_STEP][PASSED] - verifyElementPresent: Object 'Object Repository/LoggedOutReactPages/CreateAccount/FirstName_ErrorMessage' is present

2018-05-29 11:17:21 - [MESSAGE][WARNING] - Timeout '0' is invalid. Using default page load timeout: '30'

2018-05-29 11:17:21 - [MESSAGE][PASSED] - Object 'Object Repository/LoggedOutReactPages/CreateAccount/FirstName_ErrorMessage' is present

2018-05-29 11:17:21 - [TEST_STEP][PASSED] - verifyElementText: Actual text and expected text of test object 'Object Repository/LoggedOutReactPages/CreateAccount/FirstName_ErrorMessage' are matched.

2018-05-29 11:17:21 - [MESSAGE][PASSED] - Actual text and expected text of test object 'Object Repository/LoggedOutReactPages/CreateAccount/FirstName_ErrorMessage' are matched.

2018-05-29 11:17:21 - [TEST_STEP][PASSED] - verifyElementPresent: Object 'Object Repository/LoggedOutReactPages/CreateAccount/LastName_ErrorMessage' is present

2018-05-29 11:17:21 - [MESSAGE][WARNING] - Timeout '0' is invalid. Using default page load timeout: '30'

2018-05-29 11:17:21 - [MESSAGE][PASSED] - Object 'Object Repository/LoggedOutReactPages/CreateAccount/LastName_ErrorMessage' is present

2018-05-29 11:17:21 - [TEST_STEP][PASSED] - verifyElementText: Actual text and expected text of test object 'Object Repository/LoggedOutReactPages/CreateAccount/LastName_ErrorMessage' are matched.

2018-05-29 11:17:21 - [MESSAGE][PASSED] - Actual text and expected text of test object 'Object Repository/LoggedOutReactPages/CreateAccount/LastName_ErrorMessage' are matched.

2018-05-29 11:17:21 - [TEST_STEP][PASSED] - verifyElementPresent: Object 'Object Repository/LoggedOutReactPages/CreateAccount/Address_ErrorMessage' is present

2018-05-29 11:17:22 - [MESSAGE][WARNING] - Timeout '0' is invalid. Using default page load timeout: '30'

2018-05-29 11:17:22 - [MESSAGE][PASSED] - Object 'Object Repository/LoggedOutReactPages/CreateAccount/Address_ErrorMessage' is present

2018-05-29 11:17:22 - [TEST_STEP][PASSED] - verifyElementText: Actual text and expected text of test object 'Object Repository/LoggedOutReactPages/CreateAccount/Address_ErrorMessage' are matched.

2018-05-29 11:17:22 - [MESSAGE][PASSED] - Actual text and expected text of test object 'Object Repository/LoggedOutReactPages/CreateAccount/Address_ErrorMessage' are matched.

2018-05-29 11:17:22 - [TEST_STEP][PASSED] - verifyElementPresent: Object 'Object Repository/LoggedOutReactPages/CreateAccount/City_ErrorMessage' is present

2018-05-29 11:17:22 - [MESSAGE][WARNING] - Timeout '0' is invalid. Using default page load timeout: '30'

2018-05-29 11:17:22 - [MESSAGE][PASSED] - Object 'Object Repository/LoggedOutReactPages/CreateAccount/City_ErrorMessage' is present

2018-05-29 11:17:22 - [TEST_STEP][PASSED] - verifyElementText: Actual text and expected text of test object 'Object Repository/LoggedOutReactPages/CreateAccount/City_ErrorMessage' are matched.

2018-05-29 11:17:22 - [MESSAGE][PASSED] - Actual text and expected text of test object 'Object Repository/LoggedOutReactPages/CreateAccount/City_ErrorMessage' are matched.

2018-05-29 11:17:22 - [TEST_STEP][PASSED] - verifyElementPresent: Object 'Object Repository/LoggedOutReactPages/CreateAccount/State_ErrorMessage' is present

2018-05-29 11:17:22 - [MESSAGE][WARNING] - Timeout '0' is invalid. Using default page load timeout: '30'

2018-05-29 11:17:22 - [MESSAGE][PASSED] - Object 'Object Repository/LoggedOutReactPages/CreateAccount/State_ErrorMessage' is present

2018-05-29 11:17:23 - [TEST_STEP][PASSED] - verifyElementText: Actual text and expected text of test object 'Object Repository/LoggedOutReactPages/CreateAccount/State_ErrorMessage' are matched.

2018-05-29 11:17:23 - [MESSAGE][PASSED] - Actual text and expected text of test object 'Object Repository/LoggedOutReactPages/CreateAccount/State_ErrorMessage' are matched.

2018-05-29 11:17:23 - [TEST_STEP][PASSED] - verifyElementPresent: Object 'Object Repository/LoggedOutReactPages/CreateAccount/Zip_ErrorMessage' is present

2018-05-29 11:17:23 - [MESSAGE][WARNING] - Timeout '0' is invalid. Using default page load timeout: '30'

2018-05-29 11:17:23 - [MESSAGE][PASSED] - Object 'Object Repository/LoggedOutReactPages/CreateAccount/Zip_ErrorMessage' is present

2018-05-29 11:17:23 - [TEST_STEP][PASSED] - verifyElementText: Actual text and expected text of test object 'Object Repository/LoggedOutReactPages/CreateAccount/Zip_ErrorMessage' are matched.

2018-05-29 11:17:23 - [MESSAGE][PASSED] - Actual text and expected text of test object 'Object Repository/LoggedOutReactPages/CreateAccount/Zip_ErrorMessage' are matched.

2018-05-29 11:17:23 - [TEST_STEP][PASSED] - verifyElementPresent: Object 'Object Repository/LoggedOutReactPages/CreateAccount/Phone_ErrorMessage' is present

2018-05-29 11:17:23 - [MESSAGE][WARNING] - Timeout '0' is invalid. Using default page load timeout: '30'

2018-05-29 11:17:23 - [MESSAGE][PASSED] - Object 'Object Repository/LoggedOutReactPages/CreateAccount/Phone_ErrorMessage' is present

2018-05-29 11:17:23 - [TEST_STEP][PASSED] - verifyElementText: Actual text and expected text of test object 'Object Repository/LoggedOutReactPages/CreateAccount/Phone_ErrorMessage' are matched.

2018-05-29 11:17:23 - [MESSAGE][PASSED] - Actual text and expected text of test object 'Object Repository/LoggedOutReactPages/CreateAccount/Phone_ErrorMessage' are matched.

2018-05-29 11:17:23 - [TEST_STEP][PASSED] - verifyElementPresent: Object 'Object Repository/LoggedOutReactPages/CreateAccount/BillingFirstName_ErrorMessage' is present

2018-05-29 11:17:23 - [MESSAGE][WARNING] - Timeout '0' is invalid. Using default page load timeout: '30'

2018-05-29 11:17:23 - [MESSAGE][PASSED] - Object 'Object Repository/LoggedOutReactPages/CreateAccount/BillingFirstName_ErrorMessage' is present

2018-05-29 11:17:23 - [TEST_STEP][PASSED] - verifyElementText: Actual text and expected text of test object 'Object Repository/LoggedOutReactPages/CreateAccount/BillingFirstName_ErrorMessage' are matched.

2018-05-29 11:17:24 - [MESSAGE][PASSED] - Actual text and expected text of test object 'Object Repository/LoggedOutReactPages/CreateAccount/BillingFirstName_ErrorMessage' are matched.

2018-05-29 11:17:24 - [TEST_STEP][PASSED] - verifyElementPresent: Object 'Object Repository/LoggedOutReactPages/CreateAccount/BillingLastName_ErrorMessage' is present

2018-05-29 11:17:24 - [MESSAGE][WARNING] - Timeout '0' is invalid. Using default page load timeout: '30'

2018-05-29 11:17:24 - [MESSAGE][PASSED] - Object 'Object Repository/LoggedOutReactPages/CreateAccount/BillingLastName_ErrorMessage' is present

2018-05-29 11:17:24 - [TEST_STEP][PASSED] - verifyElementText: Actual text and expected text of test object 'Object Repository/LoggedOutReactPages/CreateAccount/BillingLastName_ErrorMessage' are matched.

2018-05-29 11:17:24 - [MESSAGE][PASSED] - Actual text and expected text of test object 'Object Repository/LoggedOutReactPages/CreateAccount/BillingLastName_ErrorMessage' are matched.

2018-05-29 11:17:24 - [TEST_STEP][PASSED] - verifyElementPresent: Object 'Object Repository/LoggedOutReactPages/CreateAccount/BillingAddress_ErrorMessage' is present

2018-05-29 11:17:24 - [MESSAGE][WARNING] - Timeout '0' is invalid. Using default page load timeout: '30'

2018-05-29 11:17:24 - [MESSAGE][PASSED] - Object 'Object Repository/LoggedOutReactPages/CreateAccount/BillingAddress_ErrorMessage' is present

2018-05-29 11:17:24 - [TEST_STEP][PASSED] - verifyElementText: Actual text and expected text of test object 'Object Repository/LoggedOutReactPages/CreateAccount/BillingAddress_ErrorMessage' are matched.

2018-05-29 11:17:25 - [MESSAGE][PASSED] - Actual text and expected text of test object 'Object Repository/LoggedOutReactPages/CreateAccount/BillingAddress_ErrorMessage' are matched.

2018-05-29 11:17:25 - [TEST_STEP][PASSED] - verifyElementPresent: Object 'Object Repository/LoggedOutReactPages/CreateAccount/BillingZip_ErrorMessage' is present

2018-05-29 11:17:25 - [MESSAGE][WARNING] - Timeout '0' is invalid. Using default page load timeout: '30'

2018-05-29 11:17:25 - [MESSAGE][PASSED] - Object 'Object Repository/LoggedOutReactPages/CreateAccount/BillingZip_ErrorMessage' is present

2018-05-29 11:17:25 - [TEST_STEP][PASSED] - verifyElementText: Actual text and expected text of test object 'Object Repository/LoggedOutReactPages/CreateAccount/BillingZip_ErrorMessage' are matched.

2018-05-29 11:17:25 - [MESSAGE][PASSED] - Actual text and expected text of test object 'Object Repository/LoggedOutReactPages/CreateAccount/BillingZip_ErrorMessage' are matched.

2018-05-29 11:17:25 - [TEST_STEP][PASSED] - verifyElementPresent: Object 'Object Repository/LoggedOutReactPages/CreateAccount/CC_ErrorMessage' is present

2018-05-29 11:17:25 - [MESSAGE][WARNING] - Timeout '0' is invalid. Using default page load timeout: '30'

2018-05-29 11:17:25 - [MESSAGE][PASSED] - Object 'Object Repository/LoggedOutReactPages/CreateAccount/CC_ErrorMessage' is present

2018-05-29 11:17:25 - [TEST_STEP][PASSED] - verifyElementText: Actual text and expected text of test object 'Object Repository/LoggedOutReactPages/CreateAccount/CC_ErrorMessage' are matched.

2018-05-29 11:17:25 - [MESSAGE][PASSED] - Actual text and expected text of test object 'Object Repository/LoggedOutReactPages/CreateAccount/CC_ErrorMessage' are matched.

2018-05-29 11:17:25 - [TEST_STEP][PASSED] - verifyElementPresent: Object 'Object Repository/LoggedOutReactPages/CreateAccount/ExpirationMonth_ErrorMessage' is present

2018-05-29 11:17:26 - [MESSAGE][WARNING] - Timeout '0' is invalid. Using default page load timeout: '30'

2018-05-29 11:17:26 - [MESSAGE][PASSED] - Object 'Object Repository/LoggedOutReactPages/CreateAccount/ExpirationMonth_ErrorMessage' is present

2018-05-29 11:17:26 - [TEST_STEP][PASSED] - verifyElementText: Actual text and expected text of test object 'Object Repository/LoggedOutReactPages/CreateAccount/ExpirationMonth_ErrorMessage' are matched.

2018-05-29 11:17:26 - [MESSAGE][PASSED] - Actual text and expected text of test object 'Object Repository/LoggedOutReactPages/CreateAccount/ExpirationMonth_ErrorMessage' are matched.

2018-05-29 11:17:26 - [TEST_STEP][PASSED] - verifyElementPresent: Object 'Object Repository/LoggedOutReactPages/CreateAccount/CVV_ErrorMessage' is present

2018-05-29 11:17:26 - [MESSAGE][WARNING] - Timeout '0' is invalid. Using default page load timeout: '30'

2018-05-29 11:17:26 - [MESSAGE][PASSED] - Object 'Object Repository/LoggedOutReactPages/CreateAccount/CVV_ErrorMessage' is present

2018-05-29 11:17:26 - [TEST_STEP][PASSED] - verifyElementText: Actual text and expected text of test object 'Object Repository/LoggedOutReactPages/CreateAccount/CVV_ErrorMessage' are matched.

2018-05-29 11:17:26 - [MESSAGE][PASSED] - Actual text and expected text of test object 'Object Repository/LoggedOutReactPages/CreateAccount/CVV_ErrorMessage' are matched.

2018-05-29 11:17:26 - [TEST_STEP][PASSED] - verifyElementPresent: Object 'Object Repository/LoggedOutReactPages/CreateAccount/ExpirationYear_ErrorMessage' is present

2018-05-29 11:17:26 - [MESSAGE][WARNING] - Timeout '0' is invalid. Using default page load timeout: '30'

2018-05-29 11:17:27 - [MESSAGE][PASSED] - Object 'Object Repository/LoggedOutReactPages/CreateAccount/ExpirationYear_ErrorMessage' is present

2018-05-29 11:17:27 - [TEST_STEP][PASSED] - verifyElementText: Actual text and expected text of test object 'Object Repository/LoggedOutReactPages/CreateAccount/ExpirationYear_ErrorMessage' are matched.

2018-05-29 11:17:27 - [MESSAGE][PASSED] - Actual text and expected text of test object 'Object Repository/LoggedOutReactPages/CreateAccount/ExpirationYear_ErrorMessage' are matched.

2018-05-29 11:17:27 - [TEST_STEP][PASSED] - verifyElementPresent: Object 'Object Repository/LoggedOutReactPages/CreateAccount/Email_ErrorMessage' is present

2018-05-29 11:17:27 - [MESSAGE][WARNING] - Timeout '0' is invalid. Using default page load timeout: '30'

2018-05-29 11:17:27 - [MESSAGE][PASSED] - Object 'Object Repository/LoggedOutReactPages/CreateAccount/Email_ErrorMessage' is present

2018-05-29 11:17:27 - [TEST_STEP][PASSED] - verifyElementText: Actual text and expected text of test object 'Object Repository/LoggedOutReactPages/CreateAccount/Email_ErrorMessage' are matched.

2018-05-29 11:17:27 - [MESSAGE][PASSED] - Actual text and expected text of test object 'Object Repository/LoggedOutReactPages/CreateAccount/Email_ErrorMessage' are matched.

2018-05-29 11:17:27 - [TEST_STEP][PASSED] - verifyElementPresent: Object 'Object Repository/LoggedOutReactPages/CreateAccount/Password_ErrorMessage' is present

2018-05-29 11:17:27 - [MESSAGE][WARNING] - Timeout '0' is invalid. Using default page load timeout: '30'

2018-05-29 11:17:27 - [MESSAGE][PASSED] - Object 'Object Repository/LoggedOutReactPages/CreateAccount/Password_ErrorMessage' is present

2018-05-29 11:17:28 - [TEST_STEP][PASSED] - verifyElementText: Actual text and expected text of test object 'Object Repository/LoggedOutReactPages/CreateAccount/Password_ErrorMessage' are matched.

2018-05-29 11:17:28 - [MESSAGE][PASSED] - Actual text and expected text of test object 'Object Repository/LoggedOutReactPages/CreateAccount/Password_ErrorMessage' are matched.

2018-05-29 11:17:28 - [TEST_STEP][PASSED] - verifyElementPresent: Object 'Object Repository/LoggedOutReactPages/CreateAccount/AcceptTOS_ErrorMessage' is present

2018-05-29 11:17:28 - [MESSAGE][WARNING] - Timeout '0' is invalid. Using default page load timeout: '30'

2018-05-29 11:17:28 - [MESSAGE][PASSED] - Object 'Object Repository/LoggedOutReactPages/CreateAccount/AcceptTOS_ErrorMessage' is present

2018-05-29 11:17:28 - [TEST_STEP][PASSED] - verifyElementText: Actual text and expected text of test object 'Object Repository/LoggedOutReactPages/CreateAccount/AcceptTOS_ErrorMessage' are matched.

2018-05-29 11:17:28 - [MESSAGE][PASSED] - Actual text and expected text of test object 'Object Repository/LoggedOutReactPages/CreateAccount/AcceptTOS_ErrorMessage' are matched.

2018-05-29 11:17:28 - [TEST_STEP][PASSED] - closeBrowser: Browser is closed

2018-05-29 11:17:29 - [MESSAGE][PASSED] - Browser is closed]]></system-out>
         <system-err><![CDATA[]]></system-err>
      </testcase>
      <testcase name="Test Cases/SignUpConsumer - IncorrectEmail" classname="Test Cases/SignUpConsumer - IncorrectEmail" status="PASSED">
         <system-out><![CDATA[2018-05-29 11:17:29 - [TEST_CASE][PASSED] - Test Cases/SignUpConsumer - IncorrectEmail: Test Cases/SignUpConsumer - IncorrectEmail

2018-05-29 11:17:29 - [TEST_STEP][PASSED] - openBrowser: Browser is opened with url: ''

2018-05-29 11:17:31 - [MESSAGE][PASSED] - Browser is opened with url: ''

2018-05-29 11:17:31 - [TEST_STEP][PASSED] - maximizeWindow: Current window maximized

2018-05-29 11:17:32 - [MESSAGE][PASSED] - Current window maximized

2018-05-29 11:17:32 - [TEST_STEP][PASSED] - Statement - StartURL = com.kms.katalon.core.webui.keyword.WebUiBuiltInKeywords.concatenate([StagingReact, "create-account"]): Concatenated string array: '['https://staging.instavin.com/','create-account']' into 'https://staging.instavin.com/create-account'

2018-05-29 11:17:32 - [MESSAGE][PASSED] - Concatenated string array: '['https://staging.instavin.com/','create-account']' into 'https://staging.instavin.com/create-account'

2018-05-29 11:17:32 - [TEST_STEP][PASSED] - navigateToUrl: Navigate to 'https://staging.instavin.com/create-account' successfully

2018-05-29 11:17:35 - [MESSAGE][PASSED] - Navigate to 'https://staging.instavin.com/create-account' successfully

2018-05-29 11:17:35 - [TEST_STEP][PASSED] - verifyElementText: Actual text and expected text of test object 'Object Repository/LoggedOutReactPages/CreateAccount/Copy_Label' are matched.

2018-05-29 11:17:35 - [MESSAGE][PASSED] - Actual text and expected text of test object 'Object Repository/LoggedOutReactPages/CreateAccount/Copy_Label' are matched.

2018-05-29 11:17:35 - [TEST_STEP][PASSED] - verifyTextPresent: Text 'Buyer Information' is present on page 

2018-05-29 11:17:35 - [MESSAGE][PASSED] - Text 'Buyer Information' is present on page 

2018-05-29 11:17:35 - [TEST_STEP][PASSED] - Statement - now = new java.util.Date(): null

2018-05-29 11:17:35 - [TEST_STEP][PASSED] - Statement - rnd = now.format("yyyyMMddHHmmssSSS").toString(): null

2018-05-29 11:17:35 - [TEST_STEP][PASSED] - Statement - email = com.kms.katalon.core.webui.keyword.WebUiBuiltInKeywords.concatenate([rnd, "@mailinator.com"]): Concatenated string array: '['20180529111735986','@mailinator.com']' into '20180529111735986@mailinator.com'

2018-05-29 11:17:35 - [MESSAGE][PASSED] - Concatenated string array: '['20180529111735986','@mailinator.com']' into '20180529111735986@mailinator.com'

2018-05-29 11:17:35 - [TEST_STEP][PASSED] - setText: Text '20180529111735986' is set on object 'Object Repository/LoggedOutReactPages/CreateAccount/Email_Input'

2018-05-29 11:17:36 - [MESSAGE][PASSED] - Text '20180529111735986' is set on object 'Object Repository/LoggedOutReactPages/CreateAccount/Email_Input'

2018-05-29 11:17:36 - [TEST_STEP][PASSED] - setText: Text 'test' is set on object 'Object Repository/LoggedOutReactPages/CreateAccount/ConfirmEmail_Input'

2018-05-29 11:17:36 - [MESSAGE][PASSED] - Text 'test' is set on object 'Object Repository/LoggedOutReactPages/CreateAccount/ConfirmEmail_Input'

2018-05-29 11:17:36 - [TEST_STEP][PASSED] - click: Object: 'Object Repository/LoggedOutReactPages/CreateAccount/Password_Input' is clicked on

2018-05-29 11:17:36 - [MESSAGE][PASSED] - Object: 'Object Repository/LoggedOutReactPages/CreateAccount/Password_Input' is clicked on

2018-05-29 11:17:36 - [TEST_STEP][PASSED] - verifyElementPresent: Object 'Object Repository/LoggedOutReactPages/CreateAccount/Email_ErrorMessage' is present

2018-05-29 11:17:36 - [MESSAGE][WARNING] - Timeout '0' is invalid. Using default page load timeout: '30'

2018-05-29 11:17:36 - [MESSAGE][PASSED] - Object 'Object Repository/LoggedOutReactPages/CreateAccount/Email_ErrorMessage' is present

2018-05-29 11:17:36 - [TEST_STEP][PASSED] - verifyElementText: Actual text and expected text of test object 'Object Repository/LoggedOutReactPages/CreateAccount/Email_ErrorMessage' are matched.

2018-05-29 11:17:36 - [MESSAGE][PASSED] - Actual text and expected text of test object 'Object Repository/LoggedOutReactPages/CreateAccount/Email_ErrorMessage' are matched.

2018-05-29 11:17:36 - [TEST_STEP][PASSED] - verifyElementPresent: Object 'Object Repository/LoggedOutReactPages/CreateAccount/ConfirmEmail_ErrorMessage' is present

2018-05-29 11:17:36 - [MESSAGE][WARNING] - Timeout '0' is invalid. Using default page load timeout: '30'

2018-05-29 11:17:36 - [MESSAGE][PASSED] - Object 'Object Repository/LoggedOutReactPages/CreateAccount/ConfirmEmail_ErrorMessage' is present

2018-05-29 11:17:36 - [TEST_STEP][PASSED] - verifyElementText: Actual text and expected text of test object 'Object Repository/LoggedOutReactPages/CreateAccount/ConfirmEmail_ErrorMessage' are matched.

2018-05-29 11:17:37 - [MESSAGE][PASSED] - Actual text and expected text of test object 'Object Repository/LoggedOutReactPages/CreateAccount/ConfirmEmail_ErrorMessage' are matched.

2018-05-29 11:17:37 - [TEST_STEP][PASSED] - setText: Text '20180529111735986@mailinator.com' is set on object 'Object Repository/LoggedOutReactPages/CreateAccount/Email_Input'

2018-05-29 11:17:38 - [MESSAGE][PASSED] - Text '20180529111735986@mailinator.com' is set on object 'Object Repository/LoggedOutReactPages/CreateAccount/Email_Input'

2018-05-29 11:17:38 - [TEST_STEP][PASSED] - click: Object: 'Object Repository/LoggedOutReactPages/CreateAccount/Password_Input' is clicked on

2018-05-29 11:17:38 - [MESSAGE][PASSED] - Object: 'Object Repository/LoggedOutReactPages/CreateAccount/Password_Input' is clicked on

2018-05-29 11:17:38 - [TEST_STEP][PASSED] - verifyElementNotPresent: Web element with id: 'Object Repository/LoggedOutReactPages/CreateAccount/Email_ErrorMessage' located by 'By.xpath: //html//div[@id='AccountInfo']/div[1]/div[1]/div[2]/span[1]/span[1]' is not present after '30' second(s)

2018-05-29 11:17:38 - [MESSAGE][WARNING] - Timeout '0' is invalid. Using default page load timeout: '30'

2018-05-29 11:17:38 - [MESSAGE][PASSED] - Web element with id: 'Object Repository/LoggedOutReactPages/CreateAccount/Email_ErrorMessage' located by 'By.xpath: //html//div[@id='AccountInfo']/div[1]/div[1]/div[2]/span[1]/span[1]' is not present after '30' second(s)

2018-05-29 11:17:38 - [TEST_STEP][PASSED] - verifyElementPresent: Object 'Object Repository/LoggedOutReactPages/CreateAccount/ConfirmEmail_ErrorMessage' is present

2018-05-29 11:17:38 - [MESSAGE][WARNING] - Timeout '0' is invalid. Using default page load timeout: '30'

2018-05-29 11:17:38 - [MESSAGE][PASSED] - Object 'Object Repository/LoggedOutReactPages/CreateAccount/ConfirmEmail_ErrorMessage' is present

2018-05-29 11:17:38 - [TEST_STEP][PASSED] - verifyElementText: Actual text and expected text of test object 'Object Repository/LoggedOutReactPages/CreateAccount/ConfirmEmail_ErrorMessage' are matched.

2018-05-29 11:17:38 - [MESSAGE][PASSED] - Actual text and expected text of test object 'Object Repository/LoggedOutReactPages/CreateAccount/ConfirmEmail_ErrorMessage' are matched.

2018-05-29 11:17:38 - [TEST_STEP][PASSED] - setText: Text '20180529111735986@mailinator.com' is set on object 'Object Repository/LoggedOutReactPages/CreateAccount/ConfirmEmail_Input'

2018-05-29 11:17:39 - [MESSAGE][PASSED] - Text '20180529111735986@mailinator.com' is set on object 'Object Repository/LoggedOutReactPages/CreateAccount/ConfirmEmail_Input'

2018-05-29 11:17:39 - [TEST_STEP][PASSED] - click: Object: 'Object Repository/LoggedOutReactPages/CreateAccount/Password_Input' is clicked on

2018-05-29 11:17:39 - [MESSAGE][PASSED] - Object: 'Object Repository/LoggedOutReactPages/CreateAccount/Password_Input' is clicked on

2018-05-29 11:17:39 - [TEST_STEP][PASSED] - verifyElementNotPresent: Web element with id: 'Object Repository/LoggedOutReactPages/CreateAccount/Email_ErrorMessage' located by 'By.xpath: //html//div[@id='AccountInfo']/div[1]/div[1]/div[2]/span[1]/span[1]' is not present after '30' second(s)

2018-05-29 11:17:39 - [MESSAGE][WARNING] - Timeout '0' is invalid. Using default page load timeout: '30'

2018-05-29 11:17:39 - [MESSAGE][PASSED] - Web element with id: 'Object Repository/LoggedOutReactPages/CreateAccount/Email_ErrorMessage' located by 'By.xpath: //html//div[@id='AccountInfo']/div[1]/div[1]/div[2]/span[1]/span[1]' is not present after '30' second(s)

2018-05-29 11:17:39 - [TEST_STEP][PASSED] - verifyElementNotPresent: Web element with id: 'Object Repository/LoggedOutReactPages/CreateAccount/ConfirmEmail_ErrorMessage' located by 'By.xpath: //span[contains(text(),'Does not match the Email Address')]' is not present after '30' second(s)

2018-05-29 11:17:39 - [MESSAGE][WARNING] - Timeout '0' is invalid. Using default page load timeout: '30'

2018-05-29 11:17:39 - [MESSAGE][PASSED] - Web element with id: 'Object Repository/LoggedOutReactPages/CreateAccount/ConfirmEmail_ErrorMessage' located by 'By.xpath: //span[contains(text(),'Does not match the Email Address')]' is not present after '30' second(s)

2018-05-29 11:17:39 - [TEST_STEP][PASSED] - closeBrowser: Browser is closed

2018-05-29 11:17:40 - [MESSAGE][PASSED] - Browser is closed]]></system-out>
         <system-err><![CDATA[]]></system-err>
      </testcase>
      <testcase name="Test Cases/SignUpConsumer - ShortAndMissmatchedPass" classname="Test Cases/SignUpConsumer - ShortAndMissmatchedPass" status="PASSED">
         <system-out><![CDATA[2018-05-29 11:17:40 - [TEST_CASE][PASSED] - Test Cases/SignUpConsumer - ShortAndMissmatchedPass: Test Cases/SignUpConsumer - ShortAndMissmatchedPass

2018-05-29 11:17:41 - [TEST_STEP][PASSED] - openBrowser: Browser is opened with url: ''

2018-05-29 11:17:43 - [MESSAGE][PASSED] - Browser is opened with url: ''

2018-05-29 11:17:43 - [TEST_STEP][PASSED] - maximizeWindow: Current window maximized

2018-05-29 11:17:44 - [MESSAGE][PASSED] - Current window maximized

2018-05-29 11:17:44 - [TEST_STEP][PASSED] - Statement - StartURL = com.kms.katalon.core.webui.keyword.WebUiBuiltInKeywords.concatenate([StagingReact, "create-account"]): Concatenated string array: '['https://staging.instavin.com/','create-account']' into 'https://staging.instavin.com/create-account'

2018-05-29 11:17:44 - [MESSAGE][PASSED] - Concatenated string array: '['https://staging.instavin.com/','create-account']' into 'https://staging.instavin.com/create-account'

2018-05-29 11:17:44 - [TEST_STEP][PASSED] - navigateToUrl: Navigate to 'https://staging.instavin.com/create-account' successfully

2018-05-29 11:17:46 - [MESSAGE][PASSED] - Navigate to 'https://staging.instavin.com/create-account' successfully

2018-05-29 11:17:46 - [TEST_STEP][PASSED] - verifyElementText: Actual text and expected text of test object 'Object Repository/LoggedOutReactPages/CreateAccount/Copy_Label' are matched.

2018-05-29 11:17:47 - [MESSAGE][PASSED] - Actual text and expected text of test object 'Object Repository/LoggedOutReactPages/CreateAccount/Copy_Label' are matched.

2018-05-29 11:17:47 - [TEST_STEP][PASSED] - verifyTextPresent: Text 'Buyer Information' is present on page 

2018-05-29 11:17:47 - [MESSAGE][PASSED] - Text 'Buyer Information' is present on page 

2018-05-29 11:17:47 - [TEST_STEP][PASSED] - setText: Text '11' is set on object 'Object Repository/LoggedOutReactPages/CreateAccount/Password_Input'

2018-05-29 11:17:47 - [MESSAGE][PASSED] - Text '11' is set on object 'Object Repository/LoggedOutReactPages/CreateAccount/Password_Input'

2018-05-29 11:17:47 - [TEST_STEP][PASSED] - click: Object: 'Object Repository/LoggedOutReactPages/CreateAccount/Email_Input' is clicked on

2018-05-29 11:17:47 - [MESSAGE][PASSED] - Object: 'Object Repository/LoggedOutReactPages/CreateAccount/Email_Input' is clicked on

2018-05-29 11:17:47 - [TEST_STEP][PASSED] - verifyElementPresent: Object 'Object Repository/LoggedOutReactPages/CreateAccount/Password_ErrorMessage' is present

2018-05-29 11:17:47 - [MESSAGE][WARNING] - Timeout '0' is invalid. Using default page load timeout: '30'

2018-05-29 11:17:47 - [MESSAGE][PASSED] - Object 'Object Repository/LoggedOutReactPages/CreateAccount/Password_ErrorMessage' is present

2018-05-29 11:17:47 - [TEST_STEP][PASSED] - verifyElementText: Actual text and expected text of test object 'Object Repository/LoggedOutReactPages/CreateAccount/Password_ErrorMessage' are matched.

2018-05-29 11:17:47 - [MESSAGE][PASSED] - Actual text and expected text of test object 'Object Repository/LoggedOutReactPages/CreateAccount/Password_ErrorMessage' are matched.

2018-05-29 11:17:47 - [TEST_STEP][PASSED] - verifyElementNotPresent: Web element with id: 'Object Repository/LoggedOutReactPages/CreateAccount/ConfirmPassword_ErrorMessage' located by 'By.xpath: //div[@id='AccountInfo']//div[@class='FormSectionContainer']//div[@class='FieldComboBox Clear']//div[@class='Field_Standard']//span[@class='field-validation-error']//span' is not present after '30' second(s)

2018-05-29 11:17:47 - [MESSAGE][WARNING] - Timeout '0' is invalid. Using default page load timeout: '30'

2018-05-29 11:17:47 - [MESSAGE][PASSED] - Web element with id: 'Object Repository/LoggedOutReactPages/CreateAccount/ConfirmPassword_ErrorMessage' located by 'By.xpath: //div[@id='AccountInfo']//div[@class='FormSectionContainer']//div[@class='FieldComboBox Clear']//div[@class='Field_Standard']//span[@class='field-validation-error']//span' is not present after '30' second(s)

2018-05-29 11:17:47 - [TEST_STEP][PASSED] - setText: Text '111111' is set on object 'Object Repository/LoggedOutReactPages/CreateAccount/Password_Input'

2018-05-29 11:17:48 - [MESSAGE][PASSED] - Text '111111' is set on object 'Object Repository/LoggedOutReactPages/CreateAccount/Password_Input'

2018-05-29 11:17:48 - [TEST_STEP][PASSED] - click: Object: 'Object Repository/LoggedOutReactPages/CreateAccount/Email_Input' is clicked on

2018-05-29 11:17:48 - [MESSAGE][PASSED] - Object: 'Object Repository/LoggedOutReactPages/CreateAccount/Email_Input' is clicked on

2018-05-29 11:17:48 - [TEST_STEP][PASSED] - verifyElementNotPresent: Web element with id: 'Object Repository/LoggedOutReactPages/CreateAccount/Password_ErrorMessage' located by 'By.xpath: //html//div[@id='AccountInfo']/div[2]/div[1]/div[2]/span[1]/span[1]' is not present after '30' second(s)

2018-05-29 11:17:48 - [MESSAGE][WARNING] - Timeout '0' is invalid. Using default page load timeout: '30'

2018-05-29 11:17:48 - [MESSAGE][PASSED] - Web element with id: 'Object Repository/LoggedOutReactPages/CreateAccount/Password_ErrorMessage' located by 'By.xpath: //html//div[@id='AccountInfo']/div[2]/div[1]/div[2]/span[1]/span[1]' is not present after '30' second(s)

2018-05-29 11:17:48 - [TEST_STEP][PASSED] - verifyElementNotPresent: Web element with id: 'Object Repository/LoggedOutReactPages/CreateAccount/ConfirmPassword_ErrorMessage' located by 'By.xpath: //div[@id='AccountInfo']//div[@class='FormSectionContainer']//div[@class='FieldComboBox Clear']//div[@class='Field_Standard']//span[@class='field-validation-error']//span' is not present after '30' second(s)

2018-05-29 11:17:48 - [MESSAGE][WARNING] - Timeout '0' is invalid. Using default page load timeout: '30'

2018-05-29 11:17:48 - [MESSAGE][PASSED] - Web element with id: 'Object Repository/LoggedOutReactPages/CreateAccount/ConfirmPassword_ErrorMessage' located by 'By.xpath: //div[@id='AccountInfo']//div[@class='FormSectionContainer']//div[@class='FieldComboBox Clear']//div[@class='Field_Standard']//span[@class='field-validation-error']//span' is not present after '30' second(s)

2018-05-29 11:17:48 - [TEST_STEP][PASSED] - setText: Text '11' is set on object 'Object Repository/LoggedOutReactPages/CreateAccount/ConfirmPassword_Input'

2018-05-29 11:17:48 - [MESSAGE][PASSED] - Text '11' is set on object 'Object Repository/LoggedOutReactPages/CreateAccount/ConfirmPassword_Input'

2018-05-29 11:17:48 - [TEST_STEP][PASSED] - click: Object: 'Object Repository/LoggedOutReactPages/CreateAccount/Email_Input' is clicked on

2018-05-29 11:17:49 - [MESSAGE][PASSED] - Object: 'Object Repository/LoggedOutReactPages/CreateAccount/Email_Input' is clicked on

2018-05-29 11:17:49 - [TEST_STEP][PASSED] - verifyElementNotPresent: Web element with id: 'Object Repository/LoggedOutReactPages/CreateAccount/Password_ErrorMessage' located by 'By.xpath: //html//div[@id='AccountInfo']/div[2]/div[1]/div[2]/span[1]/span[1]' is not present after '30' second(s)

2018-05-29 11:17:49 - [MESSAGE][WARNING] - Timeout '0' is invalid. Using default page load timeout: '30'

2018-05-29 11:17:49 - [MESSAGE][PASSED] - Web element with id: 'Object Repository/LoggedOutReactPages/CreateAccount/Password_ErrorMessage' located by 'By.xpath: //html//div[@id='AccountInfo']/div[2]/div[1]/div[2]/span[1]/span[1]' is not present after '30' second(s)

2018-05-29 11:17:49 - [TEST_STEP][PASSED] - verifyElementPresent: Object 'Object Repository/LoggedOutReactPages/CreateAccount/ConfirmPassword_ErrorMessage' is present

2018-05-29 11:17:49 - [MESSAGE][WARNING] - Timeout '0' is invalid. Using default page load timeout: '30'

2018-05-29 11:17:50 - [MESSAGE][PASSED] - Object 'Object Repository/LoggedOutReactPages/CreateAccount/ConfirmPassword_ErrorMessage' is present

2018-05-29 11:17:50 - [TEST_STEP][PASSED] - verifyElementText: Actual text and expected text of test object 'Object Repository/LoggedOutReactPages/CreateAccount/ConfirmPassword_ErrorMessage' are matched.

2018-05-29 11:17:50 - [MESSAGE][PASSED] - Actual text and expected text of test object 'Object Repository/LoggedOutReactPages/CreateAccount/ConfirmPassword_ErrorMessage' are matched.

2018-05-29 11:17:50 - [TEST_STEP][PASSED] - setText: Text '111111' is set on object 'Object Repository/LoggedOutReactPages/CreateAccount/ConfirmPassword_Input'

2018-05-29 11:17:50 - [MESSAGE][PASSED] - Text '111111' is set on object 'Object Repository/LoggedOutReactPages/CreateAccount/ConfirmPassword_Input'

2018-05-29 11:17:50 - [TEST_STEP][PASSED] - click: Object: 'Object Repository/LoggedOutReactPages/CreateAccount/Email_Input' is clicked on

2018-05-29 11:17:50 - [MESSAGE][PASSED] - Object: 'Object Repository/LoggedOutReactPages/CreateAccount/Email_Input' is clicked on

2018-05-29 11:17:50 - [TEST_STEP][PASSED] - verifyElementNotPresent: Web element with id: 'Object Repository/LoggedOutReactPages/CreateAccount/Password_ErrorMessage' located by 'By.xpath: //html//div[@id='AccountInfo']/div[2]/div[1]/div[2]/span[1]/span[1]' is not present after '30' second(s)

2018-05-29 11:17:52 - [MESSAGE][WARNING] - Timeout '0' is invalid. Using default page load timeout: '30'

2018-05-29 11:17:52 - [MESSAGE][PASSED] - Web element with id: 'Object Repository/LoggedOutReactPages/CreateAccount/Password_ErrorMessage' located by 'By.xpath: //html//div[@id='AccountInfo']/div[2]/div[1]/div[2]/span[1]/span[1]' is not present after '30' second(s)

2018-05-29 11:17:52 - [TEST_STEP][PASSED] - verifyElementNotPresent: Web element with id: 'Object Repository/LoggedOutReactPages/CreateAccount/ConfirmPassword_ErrorMessage' located by 'By.xpath: //div[@id='AccountInfo']//div[@class='FormSectionContainer']//div[@class='FieldComboBox Clear']//div[@class='Field_Standard']//span[@class='field-validation-error']//span' is not present after '30' second(s)

2018-05-29 11:17:52 - [MESSAGE][WARNING] - Timeout '0' is invalid. Using default page load timeout: '30'

2018-05-29 11:17:52 - [MESSAGE][PASSED] - Web element with id: 'Object Repository/LoggedOutReactPages/CreateAccount/ConfirmPassword_ErrorMessage' located by 'By.xpath: //div[@id='AccountInfo']//div[@class='FormSectionContainer']//div[@class='FieldComboBox Clear']//div[@class='Field_Standard']//span[@class='field-validation-error']//span' is not present after '30' second(s)

2018-05-29 11:17:52 - [TEST_STEP][PASSED] - closeBrowser: Browser is closed

2018-05-29 11:17:52 - [MESSAGE][PASSED] - Browser is closed]]></system-out>
         <system-err><![CDATA[]]></system-err>
      </testcase>
      <testcase name="Test Cases/SignUpConsumer - CopyBuyer" classname="Test Cases/SignUpConsumer - CopyBuyer" status="PASSED">
         <system-out><![CDATA[2018-05-29 11:17:52 - [TEST_CASE][PASSED] - Test Cases/SignUpConsumer - CopyBuyer: Test Cases/SignUpConsumer - CopyBuyer

2018-05-29 11:17:53 - [TEST_STEP][PASSED] - openBrowser: Browser is opened with url: ''

2018-05-29 11:17:55 - [MESSAGE][PASSED] - Browser is opened with url: ''

2018-05-29 11:17:55 - [TEST_STEP][PASSED] - maximizeWindow: Current window maximized

2018-05-29 11:17:56 - [MESSAGE][PASSED] - Current window maximized

2018-05-29 11:17:56 - [TEST_STEP][PASSED] - Statement - StartURL = com.kms.katalon.core.webui.keyword.WebUiBuiltInKeywords.concatenate([StagingReact, "create-account"]): Concatenated string array: '['https://staging.instavin.com/','create-account']' into 'https://staging.instavin.com/create-account'

2018-05-29 11:17:56 - [MESSAGE][PASSED] - Concatenated string array: '['https://staging.instavin.com/','create-account']' into 'https://staging.instavin.com/create-account'

2018-05-29 11:17:56 - [TEST_STEP][PASSED] - navigateToUrl: Navigate to 'https://staging.instavin.com/create-account' successfully

2018-05-29 11:17:59 - [MESSAGE][PASSED] - Navigate to 'https://staging.instavin.com/create-account' successfully

2018-05-29 11:17:59 - [TEST_STEP][PASSED] - verifyElementText: Actual text and expected text of test object 'Object Repository/LoggedOutReactPages/CreateAccount/Copy_Label' are matched.

2018-05-29 11:17:59 - [MESSAGE][PASSED] - Actual text and expected text of test object 'Object Repository/LoggedOutReactPages/CreateAccount/Copy_Label' are matched.

2018-05-29 11:17:59 - [TEST_STEP][PASSED] - verifyTextPresent: Text 'Buyer Information' is present on page 

2018-05-29 11:17:59 - [MESSAGE][PASSED] - Text 'Buyer Information' is present on page 

2018-05-29 11:17:59 - [TEST_STEP][PASSED] - verifyElementText: Actual text and expected text of test object 'Object Repository/LoggedOutReactPages/CreateAccount/Name_Label' are matched.

2018-05-29 11:17:59 - [MESSAGE][PASSED] - Actual text and expected text of test object 'Object Repository/LoggedOutReactPages/CreateAccount/Name_Label' are matched.

2018-05-29 11:17:59 - [TEST_STEP][PASSED] - verifyElementText: Actual text and expected text of test object 'Object Repository/LoggedOutReactPages/CreateAccount/Address_Label' are matched.

2018-05-29 11:17:59 - [MESSAGE][PASSED] - Actual text and expected text of test object 'Object Repository/LoggedOutReactPages/CreateAccount/Address_Label' are matched.

2018-05-29 11:17:59 - [TEST_STEP][PASSED] - setText: Text 'Consumer' is set on object 'Object Repository/LoggedOutReactPages/CreateAccount/FirstName_Input'

2018-05-29 11:18:00 - [MESSAGE][PASSED] - Text 'Consumer' is set on object 'Object Repository/LoggedOutReactPages/CreateAccount/FirstName_Input'

2018-05-29 11:18:00 - [TEST_STEP][PASSED] - setText: Text 'Last' is set on object 'Object Repository/LoggedOutReactPages/CreateAccount/LastName_Input'

2018-05-29 11:18:00 - [MESSAGE][PASSED] - Text 'Last' is set on object 'Object Repository/LoggedOutReactPages/CreateAccount/LastName_Input'

2018-05-29 11:18:00 - [TEST_STEP][PASSED] - setText: Text 'TestAddress' is set on object 'Object Repository/LoggedOutReactPages/CreateAccount/Address_Input'

2018-05-29 11:18:00 - [MESSAGE][PASSED] - Text 'TestAddress' is set on object 'Object Repository/LoggedOutReactPages/CreateAccount/Address_Input'

2018-05-29 11:18:00 - [TEST_STEP][PASSED] - setText: Text 'Autotest' is set on object 'Object Repository/LoggedOutReactPages/CreateAccount/City_Input'

2018-05-29 11:18:01 - [MESSAGE][PASSED] - Text 'Autotest' is set on object 'Object Repository/LoggedOutReactPages/CreateAccount/City_Input'

2018-05-29 11:18:01 - [TEST_STEP][PASSED] - selectOptionByValue: All options with value 'CA' are selected in object 'Object Repository/LoggedOutReactPages/CreateAccount/State_Dropdown' 

2018-05-29 11:18:01 - [MESSAGE][PASSED] - All options with value 'CA' are selected in object 'Object Repository/LoggedOutReactPages/CreateAccount/State_Dropdown' 

2018-05-29 11:18:01 - [TEST_STEP][PASSED] - setText: Text '11111' is set on object 'Object Repository/LoggedOutReactPages/CreateAccount/Zip_Input'

2018-05-29 11:18:01 - [MESSAGE][PASSED] - Text '11111' is set on object 'Object Repository/LoggedOutReactPages/CreateAccount/Zip_Input'

2018-05-29 11:18:01 - [TEST_STEP][PASSED] - check: Object 'Object Repository/LoggedOutReactPages/CreateAccount/Copy_Checkbox' is checked

2018-05-29 11:18:01 - [MESSAGE][PASSED] - Object 'Object Repository/LoggedOutReactPages/CreateAccount/Copy_Checkbox' is checked

2018-05-29 11:18:01 - [TEST_STEP][PASSED] - verifyElementAttributeValue: Object 'Object Repository/LoggedOutReactPages/CreateAccount/BillingFirstName_Input' has attribute 'value' with value 'Consumer'

2018-05-29 11:18:01 - [MESSAGE][WARNING] - Timeout '0' is invalid. Using default page load timeout: '30'

2018-05-29 11:18:01 - [MESSAGE][PASSED] - Object 'Object Repository/LoggedOutReactPages/CreateAccount/BillingFirstName_Input' has attribute 'value' with value 'Consumer'

2018-05-29 11:18:02 - [TEST_STEP][PASSED] - verifyElementHasAttribute: Object 'Object Repository/LoggedOutReactPages/CreateAccount/BillingFirstName_Input' has attribute 'disabled'

2018-05-29 11:18:02 - [MESSAGE][WARNING] - Timeout '0' is invalid. Using default page load timeout: '30'

2018-05-29 11:18:02 - [MESSAGE][PASSED] - Object 'Object Repository/LoggedOutReactPages/CreateAccount/BillingFirstName_Input' has attribute 'disabled'

2018-05-29 11:18:02 - [TEST_STEP][PASSED] - verifyElementAttributeValue: Object 'Object Repository/LoggedOutReactPages/CreateAccount/BillingLastName_Input' has attribute 'value' with value 'Last'

2018-05-29 11:18:02 - [MESSAGE][WARNING] - Timeout '0' is invalid. Using default page load timeout: '30'

2018-05-29 11:18:02 - [MESSAGE][PASSED] - Object 'Object Repository/LoggedOutReactPages/CreateAccount/BillingLastName_Input' has attribute 'value' with value 'Last'

2018-05-29 11:18:02 - [TEST_STEP][PASSED] - verifyElementHasAttribute: Object 'Object Repository/LoggedOutReactPages/CreateAccount/BillingLastName_Input' has attribute 'disabled'

2018-05-29 11:18:02 - [MESSAGE][WARNING] - Timeout '0' is invalid. Using default page load timeout: '30'

2018-05-29 11:18:02 - [MESSAGE][PASSED] - Object 'Object Repository/LoggedOutReactPages/CreateAccount/BillingLastName_Input' has attribute 'disabled'

2018-05-29 11:18:02 - [TEST_STEP][PASSED] - verifyElementAttributeValue: Object 'Object Repository/LoggedOutReactPages/CreateAccount/BillingAddress_Input' has attribute 'value' with value 'TestAddress'

2018-05-29 11:18:02 - [MESSAGE][WARNING] - Timeout '0' is invalid. Using default page load timeout: '30'

2018-05-29 11:18:03 - [MESSAGE][PASSED] - Object 'Object Repository/LoggedOutReactPages/CreateAccount/BillingAddress_Input' has attribute 'value' with value 'TestAddress'

2018-05-29 11:18:03 - [TEST_STEP][PASSED] - verifyElementHasAttribute: Object 'Object Repository/LoggedOutReactPages/CreateAccount/BillingAddress_Input' has attribute 'disabled'

2018-05-29 11:18:03 - [MESSAGE][WARNING] - Timeout '0' is invalid. Using default page load timeout: '30'

2018-05-29 11:18:03 - [MESSAGE][PASSED] - Object 'Object Repository/LoggedOutReactPages/CreateAccount/BillingAddress_Input' has attribute 'disabled'

2018-05-29 11:18:03 - [TEST_STEP][PASSED] - verifyElementAttributeValue: Object 'Object Repository/LoggedOutReactPages/CreateAccount/BillingZip_Input' has attribute 'value' with value '11111'

2018-05-29 11:18:03 - [MESSAGE][WARNING] - Timeout '0' is invalid. Using default page load timeout: '30'

2018-05-29 11:18:03 - [MESSAGE][PASSED] - Object 'Object Repository/LoggedOutReactPages/CreateAccount/BillingZip_Input' has attribute 'value' with value '11111'

2018-05-29 11:18:03 - [TEST_STEP][PASSED] - verifyElementHasAttribute: Object 'Object Repository/LoggedOutReactPages/CreateAccount/BillingZip_Input' has attribute 'disabled'

2018-05-29 11:18:03 - [MESSAGE][WARNING] - Timeout '0' is invalid. Using default page load timeout: '30'

2018-05-29 11:18:03 - [MESSAGE][PASSED] - Object 'Object Repository/LoggedOutReactPages/CreateAccount/BillingZip_Input' has attribute 'disabled'

2018-05-29 11:18:03 - [TEST_STEP][PASSED] - closeBrowser: Browser is closed

2018-05-29 11:18:04 - [MESSAGE][PASSED] - Browser is closed]]></system-out>
         <system-err><![CDATA[]]></system-err>
      </testcase>
      <testcase name="Test Cases/SignUpDealer - EmptyFields" classname="Test Cases/SignUpDealer - EmptyFields" status="PASSED">
         <system-out><![CDATA[2018-05-29 11:18:04 - [TEST_CASE][PASSED] - Test Cases/SignUpDealer - EmptyFields: Test Cases/SignUpDealer - EmptyFields

2018-05-29 11:18:04 - [TEST_STEP][PASSED] - openBrowser: Browser is opened with url: ''

2018-05-29 11:18:07 - [MESSAGE][PASSED] - Browser is opened with url: ''

2018-05-29 11:18:07 - [TEST_STEP][PASSED] - maximizeWindow: Current window maximized

2018-05-29 11:18:08 - [MESSAGE][PASSED] - Current window maximized

2018-05-29 11:18:08 - [TEST_STEP][PASSED] - Statement - StartURL = com.kms.katalon.core.webui.keyword.WebUiBuiltInKeywords.concatenate([StagingReact, "create-account"]): Concatenated string array: '['https://staging.instavin.com/','create-account']' into 'https://staging.instavin.com/create-account'

2018-05-29 11:18:08 - [MESSAGE][PASSED] - Concatenated string array: '['https://staging.instavin.com/','create-account']' into 'https://staging.instavin.com/create-account'

2018-05-29 11:18:08 - [TEST_STEP][PASSED] - navigateToUrl: Navigate to 'https://staging.instavin.com/create-account' successfully

2018-05-29 11:18:10 - [MESSAGE][PASSED] - Navigate to 'https://staging.instavin.com/create-account' successfully

2018-05-29 11:18:10 - [TEST_STEP][PASSED] - click: Object: 'Object Repository/LoggedOutReactPages/CreateAccount/Dealer_Button' is clicked on

2018-05-29 11:18:10 - [MESSAGE][PASSED] - Object: 'Object Repository/LoggedOutReactPages/CreateAccount/Dealer_Button' is clicked on

2018-05-29 11:18:10 - [TEST_STEP][PASSED] - verifyElementText: Actual text and expected text of test object 'Object Repository/LoggedOutReactPages/CreateAccount/Copy_Label' are matched.

2018-05-29 11:18:10 - [MESSAGE][PASSED] - Actual text and expected text of test object 'Object Repository/LoggedOutReactPages/CreateAccount/Copy_Label' are matched.

2018-05-29 11:18:10 - [TEST_STEP][PASSED] - verifyTextPresent: Text 'Dealer Information' is present on page 

2018-05-29 11:18:10 - [MESSAGE][PASSED] - Text 'Dealer Information' is present on page 

2018-05-29 11:18:10 - [TEST_STEP][PASSED] - verifyTextPresent: Text 'AuctionACCESS ID Number' is present on page 

2018-05-29 11:18:10 - [MESSAGE][PASSED] - Text 'AuctionACCESS ID Number' is present on page 

2018-05-29 11:18:10 - [TEST_STEP][PASSED] - verifyTextPresent: Text 'Business Name' is present on page 

2018-05-29 11:18:11 - [MESSAGE][PASSED] - Text 'Business Name' is present on page 

2018-05-29 11:18:11 - [TEST_STEP][PASSED] - click: Object: 'Object Repository/LoggedOutReactPages/CreateAccount/Submit_button' is clicked on

2018-05-29 11:18:11 - [MESSAGE][PASSED] - Object: 'Object Repository/LoggedOutReactPages/CreateAccount/Submit_button' is clicked on

2018-05-29 11:18:11 - [TEST_STEP][PASSED] - verifyElementPresent: Object 'Object Repository/LoggedOutReactPages/CreateAccount/BusinessFirstName_ErrorMessage' is present

2018-05-29 11:18:11 - [MESSAGE][WARNING] - Timeout '0' is invalid. Using default page load timeout: '30'

2018-05-29 11:18:11 - [MESSAGE][PASSED] - Object 'Object Repository/LoggedOutReactPages/CreateAccount/BusinessFirstName_ErrorMessage' is present

2018-05-29 11:18:11 - [TEST_STEP][PASSED] - verifyElementText: Actual text and expected text of test object 'Object Repository/LoggedOutReactPages/CreateAccount/BusinessFirstName_ErrorMessage' are matched.

2018-05-29 11:18:11 - [MESSAGE][PASSED] - Actual text and expected text of test object 'Object Repository/LoggedOutReactPages/CreateAccount/BusinessFirstName_ErrorMessage' are matched.

2018-05-29 11:18:11 - [TEST_STEP][PASSED] - verifyElementPresent: Object 'Object Repository/LoggedOutReactPages/CreateAccount/BusinessLastName_ErrorMessage' is present

2018-05-29 11:18:11 - [MESSAGE][WARNING] - Timeout '0' is invalid. Using default page load timeout: '30'

2018-05-29 11:18:11 - [MESSAGE][PASSED] - Object 'Object Repository/LoggedOutReactPages/CreateAccount/BusinessLastName_ErrorMessage' is present

2018-05-29 11:18:11 - [TEST_STEP][PASSED] - verifyElementText: Actual text and expected text of test object 'Object Repository/LoggedOutReactPages/CreateAccount/BusinessLastName_ErrorMessage' are matched.

2018-05-29 11:18:11 - [MESSAGE][PASSED] - Actual text and expected text of test object 'Object Repository/LoggedOutReactPages/CreateAccount/BusinessLastName_ErrorMessage' are matched.

2018-05-29 11:18:11 - [TEST_STEP][PASSED] - verifyElementPresent: Object 'Object Repository/LoggedOutReactPages/CreateAccount/BusinessAddress_ErrorMessage' is present

2018-05-29 11:18:11 - [MESSAGE][WARNING] - Timeout '0' is invalid. Using default page load timeout: '30'

2018-05-29 11:18:11 - [MESSAGE][PASSED] - Object 'Object Repository/LoggedOutReactPages/CreateAccount/BusinessAddress_ErrorMessage' is present

2018-05-29 11:18:11 - [TEST_STEP][PASSED] - verifyElementText: Actual text and expected text of test object 'Object Repository/LoggedOutReactPages/CreateAccount/BusinessAddress_ErrorMessage' are matched.

2018-05-29 11:18:11 - [MESSAGE][PASSED] - Actual text and expected text of test object 'Object Repository/LoggedOutReactPages/CreateAccount/BusinessAddress_ErrorMessage' are matched.

2018-05-29 11:18:11 - [TEST_STEP][PASSED] - verifyElementPresent: Object 'Object Repository/LoggedOutReactPages/CreateAccount/BusinessCity_ErrorMessage' is present

2018-05-29 11:18:11 - [MESSAGE][WARNING] - Timeout '0' is invalid. Using default page load timeout: '30'

2018-05-29 11:18:11 - [MESSAGE][PASSED] - Object 'Object Repository/LoggedOutReactPages/CreateAccount/BusinessCity_ErrorMessage' is present

2018-05-29 11:18:11 - [TEST_STEP][PASSED] - verifyElementText: Actual text and expected text of test object 'Object Repository/LoggedOutReactPages/CreateAccount/BusinessCity_ErrorMessage' are matched.

2018-05-29 11:18:11 - [MESSAGE][PASSED] - Actual text and expected text of test object 'Object Repository/LoggedOutReactPages/CreateAccount/BusinessCity_ErrorMessage' are matched.

2018-05-29 11:18:11 - [TEST_STEP][PASSED] - verifyElementPresent: Object 'Object Repository/LoggedOutReactPages/CreateAccount/State_ErrorMessage' is present

2018-05-29 11:18:11 - [MESSAGE][WARNING] - Timeout '0' is invalid. Using default page load timeout: '30'

2018-05-29 11:18:11 - [MESSAGE][PASSED] - Object 'Object Repository/LoggedOutReactPages/CreateAccount/State_ErrorMessage' is present

2018-05-29 11:18:12 - [TEST_STEP][PASSED] - verifyElementText: Actual text and expected text of test object 'Object Repository/LoggedOutReactPages/CreateAccount/State_ErrorMessage' are matched.

2018-05-29 11:18:12 - [MESSAGE][PASSED] - Actual text and expected text of test object 'Object Repository/LoggedOutReactPages/CreateAccount/State_ErrorMessage' are matched.

2018-05-29 11:18:12 - [TEST_STEP][PASSED] - verifyElementPresent: Object 'Object Repository/LoggedOutReactPages/CreateAccount/Zip_ErrorMessage' is present

2018-05-29 11:18:12 - [MESSAGE][WARNING] - Timeout '0' is invalid. Using default page load timeout: '30'

2018-05-29 11:18:12 - [MESSAGE][PASSED] - Object 'Object Repository/LoggedOutReactPages/CreateAccount/Zip_ErrorMessage' is present

2018-05-29 11:18:13 - [TEST_STEP][PASSED] - verifyElementText: Actual text and expected text of test object 'Object Repository/LoggedOutReactPages/CreateAccount/Zip_ErrorMessage' are matched.

2018-05-29 11:18:13 - [MESSAGE][PASSED] - Actual text and expected text of test object 'Object Repository/LoggedOutReactPages/CreateAccount/Zip_ErrorMessage' are matched.

2018-05-29 11:18:13 - [TEST_STEP][PASSED] - verifyElementPresent: Object 'Object Repository/LoggedOutReactPages/CreateAccount/BusinessPhone_ErrorMessage' is present

2018-05-29 11:18:13 - [MESSAGE][WARNING] - Timeout '0' is invalid. Using default page load timeout: '30'

2018-05-29 11:18:13 - [MESSAGE][PASSED] - Object 'Object Repository/LoggedOutReactPages/CreateAccount/BusinessPhone_ErrorMessage' is present

2018-05-29 11:18:13 - [TEST_STEP][PASSED] - verifyElementText: Actual text and expected text of test object 'Object Repository/LoggedOutReactPages/CreateAccount/BusinessPhone_ErrorMessage' are matched.

2018-05-29 11:18:13 - [MESSAGE][PASSED] - Actual text and expected text of test object 'Object Repository/LoggedOutReactPages/CreateAccount/BusinessPhone_ErrorMessage' are matched.

2018-05-29 11:18:13 - [TEST_STEP][PASSED] - verifyElementPresent: Object 'Object Repository/LoggedOutReactPages/CreateAccount/BillingFirstName_ErrorMessage' is present

2018-05-29 11:18:13 - [MESSAGE][WARNING] - Timeout '0' is invalid. Using default page load timeout: '30'

2018-05-29 11:18:13 - [MESSAGE][PASSED] - Object 'Object Repository/LoggedOutReactPages/CreateAccount/BillingFirstName_ErrorMessage' is present

2018-05-29 11:18:13 - [TEST_STEP][PASSED] - verifyElementText: Actual text and expected text of test object 'Object Repository/LoggedOutReactPages/CreateAccount/BillingFirstName_ErrorMessage' are matched.

2018-05-29 11:18:13 - [MESSAGE][PASSED] - Actual text and expected text of test object 'Object Repository/LoggedOutReactPages/CreateAccount/BillingFirstName_ErrorMessage' are matched.

2018-05-29 11:18:13 - [TEST_STEP][PASSED] - verifyElementPresent: Object 'Object Repository/LoggedOutReactPages/CreateAccount/BillingLastName_ErrorMessage' is present

2018-05-29 11:18:13 - [MESSAGE][WARNING] - Timeout '0' is invalid. Using default page load timeout: '30'

2018-05-29 11:18:13 - [MESSAGE][PASSED] - Object 'Object Repository/LoggedOutReactPages/CreateAccount/BillingLastName_ErrorMessage' is present

2018-05-29 11:18:13 - [TEST_STEP][PASSED] - verifyElementText: Actual text and expected text of test object 'Object Repository/LoggedOutReactPages/CreateAccount/BillingLastName_ErrorMessage' are matched.

2018-05-29 11:18:14 - [MESSAGE][PASSED] - Actual text and expected text of test object 'Object Repository/LoggedOutReactPages/CreateAccount/BillingLastName_ErrorMessage' are matched.

2018-05-29 11:18:14 - [TEST_STEP][PASSED] - verifyElementPresent: Object 'Object Repository/LoggedOutReactPages/CreateAccount/BillingAddress_ErrorMessage' is present

2018-05-29 11:18:14 - [MESSAGE][WARNING] - Timeout '0' is invalid. Using default page load timeout: '30'

2018-05-29 11:18:14 - [MESSAGE][PASSED] - Object 'Object Repository/LoggedOutReactPages/CreateAccount/BillingAddress_ErrorMessage' is present

2018-05-29 11:18:14 - [TEST_STEP][PASSED] - verifyElementText: Actual text and expected text of test object 'Object Repository/LoggedOutReactPages/CreateAccount/BillingAddress_ErrorMessage' are matched.

2018-05-29 11:18:14 - [MESSAGE][PASSED] - Actual text and expected text of test object 'Object Repository/LoggedOutReactPages/CreateAccount/BillingAddress_ErrorMessage' are matched.

2018-05-29 11:18:14 - [TEST_STEP][PASSED] - verifyElementPresent: Object 'Object Repository/LoggedOutReactPages/CreateAccount/BillingZip_ErrorMessage' is present

2018-05-29 11:18:14 - [MESSAGE][WARNING] - Timeout '0' is invalid. Using default page load timeout: '30'

2018-05-29 11:18:14 - [MESSAGE][PASSED] - Object 'Object Repository/LoggedOutReactPages/CreateAccount/BillingZip_ErrorMessage' is present

2018-05-29 11:18:14 - [TEST_STEP][PASSED] - verifyElementText: Actual text and expected text of test object 'Object Repository/LoggedOutReactPages/CreateAccount/BillingZip_ErrorMessage' are matched.

2018-05-29 11:18:15 - [MESSAGE][PASSED] - Actual text and expected text of test object 'Object Repository/LoggedOutReactPages/CreateAccount/BillingZip_ErrorMessage' are matched.

2018-05-29 11:18:15 - [TEST_STEP][PASSED] - verifyElementPresent: Object 'Object Repository/LoggedOutReactPages/CreateAccount/CC_ErrorMessage' is present

2018-05-29 11:18:15 - [MESSAGE][WARNING] - Timeout '0' is invalid. Using default page load timeout: '30'

2018-05-29 11:18:15 - [MESSAGE][PASSED] - Object 'Object Repository/LoggedOutReactPages/CreateAccount/CC_ErrorMessage' is present

2018-05-29 11:18:15 - [TEST_STEP][PASSED] - verifyElementText: Actual text and expected text of test object 'Object Repository/LoggedOutReactPages/CreateAccount/CC_ErrorMessage' are matched.

2018-05-29 11:18:15 - [MESSAGE][PASSED] - Actual text and expected text of test object 'Object Repository/LoggedOutReactPages/CreateAccount/CC_ErrorMessage' are matched.

2018-05-29 11:18:15 - [TEST_STEP][PASSED] - verifyElementPresent: Object 'Object Repository/LoggedOutReactPages/CreateAccount/ExpirationMonth_ErrorMessage' is present

2018-05-29 11:18:15 - [MESSAGE][WARNING] - Timeout '0' is invalid. Using default page load timeout: '30'

2018-05-29 11:18:15 - [MESSAGE][PASSED] - Object 'Object Repository/LoggedOutReactPages/CreateAccount/ExpirationMonth_ErrorMessage' is present

2018-05-29 11:18:15 - [TEST_STEP][PASSED] - verifyElementText: Actual text and expected text of test object 'Object Repository/LoggedOutReactPages/CreateAccount/ExpirationMonth_ErrorMessage' are matched.

2018-05-29 11:18:15 - [MESSAGE][PASSED] - Actual text and expected text of test object 'Object Repository/LoggedOutReactPages/CreateAccount/ExpirationMonth_ErrorMessage' are matched.

2018-05-29 11:18:15 - [TEST_STEP][PASSED] - verifyElementPresent: Object 'Object Repository/LoggedOutReactPages/CreateAccount/CVV_ErrorMessage' is present

2018-05-29 11:18:16 - [MESSAGE][WARNING] - Timeout '0' is invalid. Using default page load timeout: '30'

2018-05-29 11:18:16 - [MESSAGE][PASSED] - Object 'Object Repository/LoggedOutReactPages/CreateAccount/CVV_ErrorMessage' is present

2018-05-29 11:18:16 - [TEST_STEP][PASSED] - verifyElementText: Actual text and expected text of test object 'Object Repository/LoggedOutReactPages/CreateAccount/CVV_ErrorMessage' are matched.

2018-05-29 11:18:16 - [MESSAGE][PASSED] - Actual text and expected text of test object 'Object Repository/LoggedOutReactPages/CreateAccount/CVV_ErrorMessage' are matched.

2018-05-29 11:18:16 - [TEST_STEP][PASSED] - verifyElementPresent: Object 'Object Repository/LoggedOutReactPages/CreateAccount/ExpirationYear_ErrorMessage' is present

2018-05-29 11:18:16 - [MESSAGE][WARNING] - Timeout '0' is invalid. Using default page load timeout: '30'

2018-05-29 11:18:16 - [MESSAGE][PASSED] - Object 'Object Repository/LoggedOutReactPages/CreateAccount/ExpirationYear_ErrorMessage' is present

2018-05-29 11:18:16 - [TEST_STEP][PASSED] - verifyElementText: Actual text and expected text of test object 'Object Repository/LoggedOutReactPages/CreateAccount/ExpirationYear_ErrorMessage' are matched.

2018-05-29 11:18:16 - [MESSAGE][PASSED] - Actual text and expected text of test object 'Object Repository/LoggedOutReactPages/CreateAccount/ExpirationYear_ErrorMessage' are matched.

2018-05-29 11:18:16 - [TEST_STEP][PASSED] - verifyElementPresent: Object 'Object Repository/LoggedOutReactPages/CreateAccount/Email_ErrorMessage' is present

2018-05-29 11:18:16 - [MESSAGE][WARNING] - Timeout '0' is invalid. Using default page load timeout: '30'

2018-05-29 11:18:17 - [MESSAGE][PASSED] - Object 'Object Repository/LoggedOutReactPages/CreateAccount/Email_ErrorMessage' is present

2018-05-29 11:18:17 - [TEST_STEP][PASSED] - verifyElementText: Actual text and expected text of test object 'Object Repository/LoggedOutReactPages/CreateAccount/Email_ErrorMessage' are matched.

2018-05-29 11:18:17 - [MESSAGE][PASSED] - Actual text and expected text of test object 'Object Repository/LoggedOutReactPages/CreateAccount/Email_ErrorMessage' are matched.

2018-05-29 11:18:17 - [TEST_STEP][PASSED] - verifyElementPresent: Object 'Object Repository/LoggedOutReactPages/CreateAccount/Password_ErrorMessage' is present

2018-05-29 11:18:17 - [MESSAGE][WARNING] - Timeout '0' is invalid. Using default page load timeout: '30'

2018-05-29 11:18:17 - [MESSAGE][PASSED] - Object 'Object Repository/LoggedOutReactPages/CreateAccount/Password_ErrorMessage' is present

2018-05-29 11:18:17 - [TEST_STEP][PASSED] - verifyElementText: Actual text and expected text of test object 'Object Repository/LoggedOutReactPages/CreateAccount/Password_ErrorMessage' are matched.

2018-05-29 11:18:17 - [MESSAGE][PASSED] - Actual text and expected text of test object 'Object Repository/LoggedOutReactPages/CreateAccount/Password_ErrorMessage' are matched.

2018-05-29 11:18:17 - [TEST_STEP][PASSED] - verifyElementPresent: Object 'Object Repository/LoggedOutReactPages/CreateAccount/AcceptTOS_ErrorMessage' is present

2018-05-29 11:18:17 - [MESSAGE][WARNING] - Timeout '0' is invalid. Using default page load timeout: '30'

2018-05-29 11:18:17 - [MESSAGE][PASSED] - Object 'Object Repository/LoggedOutReactPages/CreateAccount/AcceptTOS_ErrorMessage' is present

2018-05-29 11:18:17 - [TEST_STEP][PASSED] - verifyElementText: Actual text and expected text of test object 'Object Repository/LoggedOutReactPages/CreateAccount/AcceptTOS_ErrorMessage' are matched.

2018-05-29 11:18:18 - [MESSAGE][PASSED] - Actual text and expected text of test object 'Object Repository/LoggedOutReactPages/CreateAccount/AcceptTOS_ErrorMessage' are matched.

2018-05-29 11:18:18 - [TEST_STEP][PASSED] - closeBrowser: Browser is closed

2018-05-29 11:18:19 - [MESSAGE][PASSED] - Browser is closed]]></system-out>
         <system-err><![CDATA[]]></system-err>
      </testcase>
      <testcase name="Test Cases/SignUpDealer - HiddenField" classname="Test Cases/SignUpDealer - HiddenField" status="PASSED">
         <system-out><![CDATA[2018-05-29 11:18:19 - [TEST_CASE][PASSED] - Test Cases/SignUpDealer - HiddenField: Test Cases/SignUpDealer - HiddenField

2018-05-29 11:18:19 - [TEST_STEP][PASSED] - openBrowser: Browser is opened with url: ''

2018-05-29 11:18:21 - [MESSAGE][PASSED] - Browser is opened with url: ''

2018-05-29 11:18:21 - [TEST_STEP][PASSED] - maximizeWindow: Current window maximized

2018-05-29 11:18:22 - [MESSAGE][PASSED] - Current window maximized

2018-05-29 11:18:22 - [TEST_STEP][PASSED] - Statement - StartURL = com.kms.katalon.core.webui.keyword.WebUiBuiltInKeywords.concatenate([StagingReact, "create-account"]): Concatenated string array: '['https://staging.instavin.com/','create-account']' into 'https://staging.instavin.com/create-account'

2018-05-29 11:18:22 - [MESSAGE][PASSED] - Concatenated string array: '['https://staging.instavin.com/','create-account']' into 'https://staging.instavin.com/create-account'

2018-05-29 11:18:22 - [TEST_STEP][PASSED] - navigateToUrl: Navigate to 'https://staging.instavin.com/create-account' successfully

2018-05-29 11:18:24 - [MESSAGE][PASSED] - Navigate to 'https://staging.instavin.com/create-account' successfully

2018-05-29 11:18:24 - [TEST_STEP][PASSED] - click: Object: 'Object Repository/LoggedOutReactPages/CreateAccount/Dealer_Button' is clicked on

2018-05-29 11:18:25 - [MESSAGE][PASSED] - Object: 'Object Repository/LoggedOutReactPages/CreateAccount/Dealer_Button' is clicked on

2018-05-29 11:18:25 - [TEST_STEP][PASSED] - verifyElementText: Actual text and expected text of test object 'Object Repository/LoggedOutReactPages/CreateAccount/Copy_Label' are matched.

2018-05-29 11:18:25 - [MESSAGE][PASSED] - Actual text and expected text of test object 'Object Repository/LoggedOutReactPages/CreateAccount/Copy_Label' are matched.

2018-05-29 11:18:25 - [TEST_STEP][PASSED] - verifyTextPresent: Text 'Dealer Information' is present on page 

2018-05-29 11:18:25 - [MESSAGE][PASSED] - Text 'Dealer Information' is present on page 

2018-05-29 11:18:25 - [TEST_STEP][PASSED] - sendKeys: Keys 'CONTROL + b' sent to object: 'Object Repository/LoggedOutReactPages/CreateAccount/Email_Input'

2018-05-29 11:18:25 - [MESSAGE][PASSED] - Keys 'CONTROL + b' sent to object: 'Object Repository/LoggedOutReactPages/CreateAccount/Email_Input'

2018-05-29 11:18:25 - [TEST_STEP][PASSED] - verifyTextPresent: Text 'Salesman ID' is present on page 

2018-05-29 11:18:26 - [MESSAGE][PASSED] - Text 'Salesman ID' is present on page 

2018-05-29 11:18:26 - [TEST_STEP][PASSED] - verifyElementPresent: Object 'Object Repository/LoggedOutReactPages/CreateAccount/SalesmanID_Input' is present

2018-05-29 11:18:26 - [MESSAGE][WARNING] - Timeout '0' is invalid. Using default page load timeout: '30'

2018-05-29 11:18:26 - [MESSAGE][PASSED] - Object 'Object Repository/LoggedOutReactPages/CreateAccount/SalesmanID_Input' is present

2018-05-29 11:18:26 - [TEST_STEP][PASSED] - closeBrowser: Browser is closed

2018-05-29 11:18:26 - [MESSAGE][PASSED] - Browser is closed]]></system-out>
         <system-err><![CDATA[]]></system-err>
      </testcase>
      <testcase name="Test Cases/SignUpDealer - IncorrectEmail" classname="Test Cases/SignUpDealer - IncorrectEmail" status="PASSED">
         <system-out><![CDATA[2018-05-29 11:18:26 - [TEST_CASE][PASSED] - Test Cases/SignUpDealer - IncorrectEmail: Test Cases/SignUpDealer - IncorrectEmail

2018-05-29 11:18:27 - [TEST_STEP][PASSED] - openBrowser: Browser is opened with url: ''

2018-05-29 11:18:29 - [MESSAGE][PASSED] - Browser is opened with url: ''

2018-05-29 11:18:29 - [TEST_STEP][PASSED] - maximizeWindow: Current window maximized

2018-05-29 11:18:30 - [MESSAGE][PASSED] - Current window maximized

2018-05-29 11:18:30 - [TEST_STEP][PASSED] - Statement - StartURL = com.kms.katalon.core.webui.keyword.WebUiBuiltInKeywords.concatenate([StagingReact, "create-account"]): Concatenated string array: '['https://staging.instavin.com/','create-account']' into 'https://staging.instavin.com/create-account'

2018-05-29 11:18:30 - [MESSAGE][PASSED] - Concatenated string array: '['https://staging.instavin.com/','create-account']' into 'https://staging.instavin.com/create-account'

2018-05-29 11:18:30 - [TEST_STEP][PASSED] - navigateToUrl: Navigate to 'https://staging.instavin.com/create-account' successfully

2018-05-29 11:18:32 - [MESSAGE][PASSED] - Navigate to 'https://staging.instavin.com/create-account' successfully

2018-05-29 11:18:32 - [TEST_STEP][PASSED] - click: Object: 'Object Repository/LoggedOutReactPages/CreateAccount/Dealer_Button' is clicked on

2018-05-29 11:18:33 - [MESSAGE][PASSED] - Object: 'Object Repository/LoggedOutReactPages/CreateAccount/Dealer_Button' is clicked on

2018-05-29 11:18:33 - [TEST_STEP][PASSED] - verifyElementText: Actual text and expected text of test object 'Object Repository/LoggedOutReactPages/CreateAccount/Copy_Label' are matched.

2018-05-29 11:18:33 - [MESSAGE][PASSED] - Actual text and expected text of test object 'Object Repository/LoggedOutReactPages/CreateAccount/Copy_Label' are matched.

2018-05-29 11:18:33 - [TEST_STEP][PASSED] - verifyTextPresent: Text 'Dealer Information' is present on page 

2018-05-29 11:18:33 - [MESSAGE][PASSED] - Text 'Dealer Information' is present on page 

2018-05-29 11:18:33 - [TEST_STEP][PASSED] - Statement - now = new java.util.Date(): null

2018-05-29 11:18:33 - [TEST_STEP][PASSED] - Statement - rnd = now.format("yyyyMMddHHmmssSSS").toString(): null

2018-05-29 11:18:33 - [TEST_STEP][PASSED] - Statement - email = com.kms.katalon.core.webui.keyword.WebUiBuiltInKeywords.concatenate([rnd, "@mailinator.com"]): Concatenated string array: '['20180529111833499','@mailinator.com']' into '20180529111833499@mailinator.com'

2018-05-29 11:18:33 - [MESSAGE][PASSED] - Concatenated string array: '['20180529111833499','@mailinator.com']' into '20180529111833499@mailinator.com'

2018-05-29 11:18:33 - [TEST_STEP][PASSED] - setText: Text '20180529111833499' is set on object 'Object Repository/LoggedOutReactPages/CreateAccount/Email_Input'

2018-05-29 11:18:33 - [MESSAGE][PASSED] - Text '20180529111833499' is set on object 'Object Repository/LoggedOutReactPages/CreateAccount/Email_Input'

2018-05-29 11:18:33 - [TEST_STEP][PASSED] - setText: Text 'test' is set on object 'Object Repository/LoggedOutReactPages/CreateAccount/ConfirmEmail_Input'

2018-05-29 11:18:33 - [MESSAGE][PASSED] - Text 'test' is set on object 'Object Repository/LoggedOutReactPages/CreateAccount/ConfirmEmail_Input'

2018-05-29 11:18:33 - [TEST_STEP][PASSED] - click: Object: 'Object Repository/LoggedOutReactPages/CreateAccount/Password_Input' is clicked on

2018-05-29 11:18:34 - [MESSAGE][PASSED] - Object: 'Object Repository/LoggedOutReactPages/CreateAccount/Password_Input' is clicked on

2018-05-29 11:18:34 - [TEST_STEP][PASSED] - verifyElementPresent: Object 'Object Repository/LoggedOutReactPages/CreateAccount/Email_ErrorMessage' is present

2018-05-29 11:18:34 - [MESSAGE][WARNING] - Timeout '0' is invalid. Using default page load timeout: '30'

2018-05-29 11:18:34 - [MESSAGE][PASSED] - Object 'Object Repository/LoggedOutReactPages/CreateAccount/Email_ErrorMessage' is present

2018-05-29 11:18:34 - [TEST_STEP][PASSED] - verifyElementText: Actual text and expected text of test object 'Object Repository/LoggedOutReactPages/CreateAccount/Email_ErrorMessage' are matched.

2018-05-29 11:18:34 - [MESSAGE][PASSED] - Actual text and expected text of test object 'Object Repository/LoggedOutReactPages/CreateAccount/Email_ErrorMessage' are matched.

2018-05-29 11:18:34 - [TEST_STEP][PASSED] - verifyElementPresent: Object 'Object Repository/LoggedOutReactPages/CreateAccount/ConfirmEmail_ErrorMessage' is present

2018-05-29 11:18:34 - [MESSAGE][WARNING] - Timeout '0' is invalid. Using default page load timeout: '30'

2018-05-29 11:18:34 - [MESSAGE][PASSED] - Object 'Object Repository/LoggedOutReactPages/CreateAccount/ConfirmEmail_ErrorMessage' is present

2018-05-29 11:18:34 - [TEST_STEP][PASSED] - verifyElementText: Actual text and expected text of test object 'Object Repository/LoggedOutReactPages/CreateAccount/ConfirmEmail_ErrorMessage' are matched.

2018-05-29 11:18:34 - [MESSAGE][PASSED] - Actual text and expected text of test object 'Object Repository/LoggedOutReactPages/CreateAccount/ConfirmEmail_ErrorMessage' are matched.

2018-05-29 11:18:34 - [TEST_STEP][PASSED] - setText: Text '20180529111833499@mailinator.com' is set on object 'Object Repository/LoggedOutReactPages/CreateAccount/Email_Input'

2018-05-29 11:18:34 - [MESSAGE][PASSED] - Text '20180529111833499@mailinator.com' is set on object 'Object Repository/LoggedOutReactPages/CreateAccount/Email_Input'

2018-05-29 11:18:34 - [TEST_STEP][PASSED] - click: Object: 'Object Repository/LoggedOutReactPages/CreateAccount/Password_Input' is clicked on

2018-05-29 11:18:34 - [MESSAGE][PASSED] - Object: 'Object Repository/LoggedOutReactPages/CreateAccount/Password_Input' is clicked on

2018-05-29 11:18:34 - [TEST_STEP][PASSED] - verifyElementNotPresent: Web element with id: 'Object Repository/LoggedOutReactPages/CreateAccount/Email_ErrorMessage' located by 'By.xpath: //html//div[@id='AccountInfo']/div[1]/div[1]/div[2]/span[1]/span[1]' is not present after '30' second(s)

2018-05-29 11:18:34 - [MESSAGE][WARNING] - Timeout '0' is invalid. Using default page load timeout: '30'

2018-05-29 11:18:34 - [MESSAGE][PASSED] - Web element with id: 'Object Repository/LoggedOutReactPages/CreateAccount/Email_ErrorMessage' located by 'By.xpath: //html//div[@id='AccountInfo']/div[1]/div[1]/div[2]/span[1]/span[1]' is not present after '30' second(s)

2018-05-29 11:18:34 - [TEST_STEP][PASSED] - verifyElementPresent: Object 'Object Repository/LoggedOutReactPages/CreateAccount/ConfirmEmail_ErrorMessage' is present

2018-05-29 11:18:34 - [MESSAGE][WARNING] - Timeout '0' is invalid. Using default page load timeout: '30'

2018-05-29 11:18:35 - [MESSAGE][PASSED] - Object 'Object Repository/LoggedOutReactPages/CreateAccount/ConfirmEmail_ErrorMessage' is present

2018-05-29 11:18:35 - [TEST_STEP][PASSED] - verifyElementText: Actual text and expected text of test object 'Object Repository/LoggedOutReactPages/CreateAccount/ConfirmEmail_ErrorMessage' are matched.

2018-05-29 11:18:35 - [MESSAGE][PASSED] - Actual text and expected text of test object 'Object Repository/LoggedOutReactPages/CreateAccount/ConfirmEmail_ErrorMessage' are matched.

2018-05-29 11:18:35 - [TEST_STEP][PASSED] - setText: Text '20180529111833499@mailinator.com' is set on object 'Object Repository/LoggedOutReactPages/CreateAccount/ConfirmEmail_Input'

2018-05-29 11:18:36 - [MESSAGE][PASSED] - Text '20180529111833499@mailinator.com' is set on object 'Object Repository/LoggedOutReactPages/CreateAccount/ConfirmEmail_Input'

2018-05-29 11:18:36 - [TEST_STEP][PASSED] - click: Object: 'Object Repository/LoggedOutReactPages/CreateAccount/Password_Input' is clicked on

2018-05-29 11:18:36 - [MESSAGE][PASSED] - Object: 'Object Repository/LoggedOutReactPages/CreateAccount/Password_Input' is clicked on

2018-05-29 11:18:36 - [TEST_STEP][PASSED] - verifyElementNotPresent: Web element with id: 'Object Repository/LoggedOutReactPages/CreateAccount/Email_ErrorMessage' located by 'By.xpath: //html//div[@id='AccountInfo']/div[1]/div[1]/div[2]/span[1]/span[1]' is not present after '30' second(s)

2018-05-29 11:18:36 - [MESSAGE][WARNING] - Timeout '0' is invalid. Using default page load timeout: '30'

2018-05-29 11:18:36 - [MESSAGE][PASSED] - Web element with id: 'Object Repository/LoggedOutReactPages/CreateAccount/Email_ErrorMessage' located by 'By.xpath: //html//div[@id='AccountInfo']/div[1]/div[1]/div[2]/span[1]/span[1]' is not present after '30' second(s)

2018-05-29 11:18:36 - [TEST_STEP][PASSED] - verifyElementNotPresent: Web element with id: 'Object Repository/LoggedOutReactPages/CreateAccount/ConfirmEmail_ErrorMessage' located by 'By.xpath: //span[contains(text(),'Does not match the Email Address')]' is not present after '30' second(s)

2018-05-29 11:18:36 - [MESSAGE][WARNING] - Timeout '0' is invalid. Using default page load timeout: '30'

2018-05-29 11:18:36 - [MESSAGE][PASSED] - Web element with id: 'Object Repository/LoggedOutReactPages/CreateAccount/ConfirmEmail_ErrorMessage' located by 'By.xpath: //span[contains(text(),'Does not match the Email Address')]' is not present after '30' second(s)

2018-05-29 11:18:36 - [TEST_STEP][PASSED] - closeBrowser: Browser is closed

2018-05-29 11:18:37 - [MESSAGE][PASSED] - Browser is closed]]></system-out>
         <system-err><![CDATA[]]></system-err>
      </testcase>
      <testcase name="Test Cases/SignUpDealer - ShortAndMissmatchedPass" classname="Test Cases/SignUpDealer - ShortAndMissmatchedPass" status="PASSED">
         <system-out><![CDATA[2018-05-29 11:18:37 - [TEST_CASE][PASSED] - Test Cases/SignUpDealer - ShortAndMissmatchedPass: Test Cases/SignUpDealer - ShortAndMissmatchedPass

2018-05-29 11:18:37 - [TEST_STEP][PASSED] - openBrowser: Browser is opened with url: ''

2018-05-29 11:18:39 - [MESSAGE][PASSED] - Browser is opened with url: ''

2018-05-29 11:18:39 - [TEST_STEP][PASSED] - maximizeWindow: Current window maximized

2018-05-29 11:18:40 - [MESSAGE][PASSED] - Current window maximized

2018-05-29 11:18:40 - [TEST_STEP][PASSED] - Statement - StartURL = com.kms.katalon.core.webui.keyword.WebUiBuiltInKeywords.concatenate([StagingReact, "create-account"]): Concatenated string array: '['https://staging.instavin.com/','create-account']' into 'https://staging.instavin.com/create-account'

2018-05-29 11:18:40 - [MESSAGE][PASSED] - Concatenated string array: '['https://staging.instavin.com/','create-account']' into 'https://staging.instavin.com/create-account'

2018-05-29 11:18:40 - [TEST_STEP][PASSED] - navigateToUrl: Navigate to 'https://staging.instavin.com/create-account' successfully

2018-05-29 11:18:43 - [MESSAGE][PASSED] - Navigate to 'https://staging.instavin.com/create-account' successfully

2018-05-29 11:18:43 - [TEST_STEP][PASSED] - click: Object: 'Object Repository/LoggedOutReactPages/CreateAccount/Dealer_Button' is clicked on

2018-05-29 11:18:43 - [MESSAGE][PASSED] - Object: 'Object Repository/LoggedOutReactPages/CreateAccount/Dealer_Button' is clicked on

2018-05-29 11:18:43 - [TEST_STEP][PASSED] - verifyElementText: Actual text and expected text of test object 'Object Repository/LoggedOutReactPages/CreateAccount/Copy_Label' are matched.

2018-05-29 11:18:43 - [MESSAGE][PASSED] - Actual text and expected text of test object 'Object Repository/LoggedOutReactPages/CreateAccount/Copy_Label' are matched.

2018-05-29 11:18:43 - [TEST_STEP][PASSED] - verifyTextPresent: Text 'Dealer Information' is present on page 

2018-05-29 11:18:43 - [MESSAGE][PASSED] - Text 'Dealer Information' is present on page 

2018-05-29 11:18:43 - [TEST_STEP][PASSED] - setText: Text '11' is set on object 'Object Repository/LoggedOutReactPages/CreateAccount/Password_Input'

2018-05-29 11:18:43 - [MESSAGE][PASSED] - Text '11' is set on object 'Object Repository/LoggedOutReactPages/CreateAccount/Password_Input'

2018-05-29 11:18:43 - [TEST_STEP][PASSED] - click: Object: 'Object Repository/LoggedOutReactPages/CreateAccount/Email_Input' is clicked on

2018-05-29 11:18:43 - [MESSAGE][PASSED] - Object: 'Object Repository/LoggedOutReactPages/CreateAccount/Email_Input' is clicked on

2018-05-29 11:18:43 - [TEST_STEP][PASSED] - verifyElementPresent: Object 'Object Repository/LoggedOutReactPages/CreateAccount/Password_ErrorMessage' is present

2018-05-29 11:18:43 - [MESSAGE][WARNING] - Timeout '0' is invalid. Using default page load timeout: '30'

2018-05-29 11:18:43 - [MESSAGE][PASSED] - Object 'Object Repository/LoggedOutReactPages/CreateAccount/Password_ErrorMessage' is present

2018-05-29 11:18:43 - [TEST_STEP][PASSED] - verifyElementText: Actual text and expected text of test object 'Object Repository/LoggedOutReactPages/CreateAccount/Password_ErrorMessage' are matched.

2018-05-29 11:18:44 - [MESSAGE][PASSED] - Actual text and expected text of test object 'Object Repository/LoggedOutReactPages/CreateAccount/Password_ErrorMessage' are matched.

2018-05-29 11:18:44 - [TEST_STEP][PASSED] - verifyElementNotPresent: Web element with id: 'Object Repository/LoggedOutReactPages/CreateAccount/ConfirmPassword_ErrorMessage' located by 'By.xpath: //div[@id='AccountInfo']//div[@class='FormSectionContainer']//div[@class='FieldComboBox Clear']//div[@class='Field_Standard']//span[@class='field-validation-error']//span' is not present after '30' second(s)

2018-05-29 11:18:44 - [MESSAGE][WARNING] - Timeout '0' is invalid. Using default page load timeout: '30'

2018-05-29 11:18:44 - [MESSAGE][PASSED] - Web element with id: 'Object Repository/LoggedOutReactPages/CreateAccount/ConfirmPassword_ErrorMessage' located by 'By.xpath: //div[@id='AccountInfo']//div[@class='FormSectionContainer']//div[@class='FieldComboBox Clear']//div[@class='Field_Standard']//span[@class='field-validation-error']//span' is not present after '30' second(s)

2018-05-29 11:18:44 - [TEST_STEP][PASSED] - setText: Text '111111' is set on object 'Object Repository/LoggedOutReactPages/CreateAccount/Password_Input'

2018-05-29 11:18:44 - [MESSAGE][PASSED] - Text '111111' is set on object 'Object Repository/LoggedOutReactPages/CreateAccount/Password_Input'

2018-05-29 11:18:44 - [TEST_STEP][PASSED] - click: Object: 'Object Repository/LoggedOutReactPages/CreateAccount/Email_Input' is clicked on

2018-05-29 11:18:44 - [MESSAGE][PASSED] - Object: 'Object Repository/LoggedOutReactPages/CreateAccount/Email_Input' is clicked on

2018-05-29 11:18:44 - [TEST_STEP][PASSED] - verifyElementNotPresent: Web element with id: 'Object Repository/LoggedOutReactPages/CreateAccount/Password_ErrorMessage' located by 'By.xpath: //html//div[@id='AccountInfo']/div[2]/div[1]/div[2]/span[1]/span[1]' is not present after '30' second(s)

2018-05-29 11:18:44 - [MESSAGE][WARNING] - Timeout '0' is invalid. Using default page load timeout: '30'

2018-05-29 11:18:44 - [MESSAGE][PASSED] - Web element with id: 'Object Repository/LoggedOutReactPages/CreateAccount/Password_ErrorMessage' located by 'By.xpath: //html//div[@id='AccountInfo']/div[2]/div[1]/div[2]/span[1]/span[1]' is not present after '30' second(s)

2018-05-29 11:18:44 - [TEST_STEP][PASSED] - verifyElementNotPresent: Web element with id: 'Object Repository/LoggedOutReactPages/CreateAccount/ConfirmPassword_ErrorMessage' located by 'By.xpath: //div[@id='AccountInfo']//div[@class='FormSectionContainer']//div[@class='FieldComboBox Clear']//div[@class='Field_Standard']//span[@class='field-validation-error']//span' is not present after '30' second(s)

2018-05-29 11:18:44 - [MESSAGE][WARNING] - Timeout '0' is invalid. Using default page load timeout: '30'

2018-05-29 11:18:44 - [MESSAGE][PASSED] - Web element with id: 'Object Repository/LoggedOutReactPages/CreateAccount/ConfirmPassword_ErrorMessage' located by 'By.xpath: //div[@id='AccountInfo']//div[@class='FormSectionContainer']//div[@class='FieldComboBox Clear']//div[@class='Field_Standard']//span[@class='field-validation-error']//span' is not present after '30' second(s)

2018-05-29 11:18:44 - [TEST_STEP][PASSED] - setText: Text '11' is set on object 'Object Repository/LoggedOutReactPages/CreateAccount/ConfirmPassword_Input'

2018-05-29 11:18:45 - [MESSAGE][PASSED] - Text '11' is set on object 'Object Repository/LoggedOutReactPages/CreateAccount/ConfirmPassword_Input'

2018-05-29 11:18:45 - [TEST_STEP][PASSED] - click: Object: 'Object Repository/LoggedOutReactPages/CreateAccount/Email_Input' is clicked on

2018-05-29 11:18:45 - [MESSAGE][PASSED] - Object: 'Object Repository/LoggedOutReactPages/CreateAccount/Email_Input' is clicked on

2018-05-29 11:18:45 - [TEST_STEP][PASSED] - verifyElementNotPresent: Web element with id: 'Object Repository/LoggedOutReactPages/CreateAccount/Password_ErrorMessage' located by 'By.xpath: //html//div[@id='AccountInfo']/div[2]/div[1]/div[2]/span[1]/span[1]' is not present after '30' second(s)

2018-05-29 11:18:45 - [MESSAGE][WARNING] - Timeout '0' is invalid. Using default page load timeout: '30'

2018-05-29 11:18:45 - [MESSAGE][PASSED] - Web element with id: 'Object Repository/LoggedOutReactPages/CreateAccount/Password_ErrorMessage' located by 'By.xpath: //html//div[@id='AccountInfo']/div[2]/div[1]/div[2]/span[1]/span[1]' is not present after '30' second(s)

2018-05-29 11:18:45 - [TEST_STEP][PASSED] - verifyElementPresent: Object 'Object Repository/LoggedOutReactPages/CreateAccount/ConfirmPassword_ErrorMessage' is present

2018-05-29 11:18:45 - [MESSAGE][WARNING] - Timeout '0' is invalid. Using default page load timeout: '30'

2018-05-29 11:18:45 - [MESSAGE][PASSED] - Object 'Object Repository/LoggedOutReactPages/CreateAccount/ConfirmPassword_ErrorMessage' is present

2018-05-29 11:18:45 - [TEST_STEP][PASSED] - verifyElementText: Actual text and expected text of test object 'Object Repository/LoggedOutReactPages/CreateAccount/ConfirmPassword_ErrorMessage' are matched.

2018-05-29 11:18:46 - [MESSAGE][PASSED] - Actual text and expected text of test object 'Object Repository/LoggedOutReactPages/CreateAccount/ConfirmPassword_ErrorMessage' are matched.

2018-05-29 11:18:46 - [TEST_STEP][PASSED] - setText: Text '111111' is set on object 'Object Repository/LoggedOutReactPages/CreateAccount/ConfirmPassword_Input'

2018-05-29 11:18:46 - [MESSAGE][PASSED] - Text '111111' is set on object 'Object Repository/LoggedOutReactPages/CreateAccount/ConfirmPassword_Input'

2018-05-29 11:18:46 - [TEST_STEP][PASSED] - click: Object: 'Object Repository/LoggedOutReactPages/CreateAccount/Email_Input' is clicked on

2018-05-29 11:18:46 - [MESSAGE][PASSED] - Object: 'Object Repository/LoggedOutReactPages/CreateAccount/Email_Input' is clicked on

2018-05-29 11:18:46 - [TEST_STEP][PASSED] - verifyElementNotPresent: Web element with id: 'Object Repository/LoggedOutReactPages/CreateAccount/Password_ErrorMessage' located by 'By.xpath: //html//div[@id='AccountInfo']/div[2]/div[1]/div[2]/span[1]/span[1]' is not present after '30' second(s)

2018-05-29 11:18:46 - [MESSAGE][WARNING] - Timeout '0' is invalid. Using default page load timeout: '30'

2018-05-29 11:18:46 - [MESSAGE][PASSED] - Web element with id: 'Object Repository/LoggedOutReactPages/CreateAccount/Password_ErrorMessage' located by 'By.xpath: //html//div[@id='AccountInfo']/div[2]/div[1]/div[2]/span[1]/span[1]' is not present after '30' second(s)

2018-05-29 11:18:46 - [TEST_STEP][PASSED] - verifyElementNotPresent: Web element with id: 'Object Repository/LoggedOutReactPages/CreateAccount/ConfirmPassword_ErrorMessage' located by 'By.xpath: //div[@id='AccountInfo']//div[@class='FormSectionContainer']//div[@class='FieldComboBox Clear']//div[@class='Field_Standard']//span[@class='field-validation-error']//span' is not present after '30' second(s)

2018-05-29 11:18:47 - [MESSAGE][WARNING] - Timeout '0' is invalid. Using default page load timeout: '30'

2018-05-29 11:18:47 - [MESSAGE][PASSED] - Web element with id: 'Object Repository/LoggedOutReactPages/CreateAccount/ConfirmPassword_ErrorMessage' located by 'By.xpath: //div[@id='AccountInfo']//div[@class='FormSectionContainer']//div[@class='FieldComboBox Clear']//div[@class='Field_Standard']//span[@class='field-validation-error']//span' is not present after '30' second(s)

2018-05-29 11:18:47 - [TEST_STEP][PASSED] - closeBrowser: Browser is closed

2018-05-29 11:18:47 - [MESSAGE][PASSED] - Browser is closed]]></system-out>
         <system-err><![CDATA[]]></system-err>
      </testcase>
      <testcase name="Test Cases/SignUpDealer - CopyBuyer" classname="Test Cases/SignUpDealer - CopyBuyer" status="PASSED">
         <system-out><![CDATA[2018-05-29 11:18:47 - [TEST_CASE][PASSED] - Test Cases/SignUpDealer - CopyBuyer: Test Cases/SignUpDealer - CopyBuyer

2018-05-29 11:18:47 - [TEST_STEP][PASSED] - openBrowser: Browser is opened with url: ''

2018-05-29 11:18:50 - [MESSAGE][PASSED] - Browser is opened with url: ''

2018-05-29 11:18:50 - [TEST_STEP][PASSED] - maximizeWindow: Current window maximized

2018-05-29 11:18:51 - [MESSAGE][PASSED] - Current window maximized

2018-05-29 11:18:51 - [TEST_STEP][PASSED] - Statement - StartURL = com.kms.katalon.core.webui.keyword.WebUiBuiltInKeywords.concatenate([StagingReact, "create-account"]): Concatenated string array: '['https://staging.instavin.com/','create-account']' into 'https://staging.instavin.com/create-account'

2018-05-29 11:18:51 - [MESSAGE][PASSED] - Concatenated string array: '['https://staging.instavin.com/','create-account']' into 'https://staging.instavin.com/create-account'

2018-05-29 11:18:51 - [TEST_STEP][PASSED] - navigateToUrl: Navigate to 'https://staging.instavin.com/create-account' successfully

2018-05-29 11:18:53 - [MESSAGE][PASSED] - Navigate to 'https://staging.instavin.com/create-account' successfully

2018-05-29 11:18:53 - [TEST_STEP][PASSED] - click: Object: 'Object Repository/LoggedOutReactPages/CreateAccount/Dealer_Button' is clicked on

2018-05-29 11:18:53 - [MESSAGE][PASSED] - Object: 'Object Repository/LoggedOutReactPages/CreateAccount/Dealer_Button' is clicked on

2018-05-29 11:18:53 - [TEST_STEP][PASSED] - verifyElementText: Actual text and expected text of test object 'Object Repository/LoggedOutReactPages/CreateAccount/Copy_Label' are matched.

2018-05-29 11:18:53 - [MESSAGE][PASSED] - Actual text and expected text of test object 'Object Repository/LoggedOutReactPages/CreateAccount/Copy_Label' are matched.

2018-05-29 11:18:53 - [TEST_STEP][PASSED] - verifyTextPresent: Text 'Dealer Information' is present on page 

2018-05-29 11:18:54 - [MESSAGE][PASSED] - Text 'Dealer Information' is present on page 

2018-05-29 11:18:54 - [TEST_STEP][PASSED] - verifyTextPresent: Text 'AuctionACCESS ID Number' is present on page 

2018-05-29 11:18:54 - [MESSAGE][PASSED] - Text 'AuctionACCESS ID Number' is present on page 

2018-05-29 11:18:54 - [TEST_STEP][PASSED] - verifyTextPresent: Text 'Business Name' is present on page 

2018-05-29 11:18:54 - [MESSAGE][PASSED] - Text 'Business Name' is present on page 

2018-05-29 11:18:54 - [TEST_STEP][PASSED] - setText: Text 'Dealer' is set on object 'Object Repository/LoggedOutReactPages/CreateAccount/FirstName_Input'

2018-05-29 11:18:55 - [MESSAGE][PASSED] - Text 'Dealer' is set on object 'Object Repository/LoggedOutReactPages/CreateAccount/FirstName_Input'

2018-05-29 11:18:55 - [TEST_STEP][PASSED] - setText: Text 'Last' is set on object 'Object Repository/LoggedOutReactPages/CreateAccount/LastName_Input'

2018-05-29 11:18:55 - [MESSAGE][PASSED] - Text 'Last' is set on object 'Object Repository/LoggedOutReactPages/CreateAccount/LastName_Input'

2018-05-29 11:18:55 - [TEST_STEP][PASSED] - setText: Text 'TestAddress' is set on object 'Object Repository/LoggedOutReactPages/CreateAccount/Address_Input'

2018-05-29 11:18:55 - [MESSAGE][PASSED] - Text 'TestAddress' is set on object 'Object Repository/LoggedOutReactPages/CreateAccount/Address_Input'

2018-05-29 11:18:55 - [TEST_STEP][PASSED] - setText: Text 'Autotest' is set on object 'Object Repository/LoggedOutReactPages/CreateAccount/City_Input'

2018-05-29 11:18:56 - [MESSAGE][PASSED] - Text 'Autotest' is set on object 'Object Repository/LoggedOutReactPages/CreateAccount/City_Input'

2018-05-29 11:18:56 - [TEST_STEP][PASSED] - selectOptionByValue: All options with value 'CA' are selected in object 'Object Repository/LoggedOutReactPages/CreateAccount/State_Dropdown' 

2018-05-29 11:18:56 - [MESSAGE][PASSED] - All options with value 'CA' are selected in object 'Object Repository/LoggedOutReactPages/CreateAccount/State_Dropdown' 

2018-05-29 11:18:56 - [TEST_STEP][PASSED] - setText: Text '11111' is set on object 'Object Repository/LoggedOutReactPages/CreateAccount/Zip_Input'

2018-05-29 11:18:56 - [MESSAGE][PASSED] - Text '11111' is set on object 'Object Repository/LoggedOutReactPages/CreateAccount/Zip_Input'

2018-05-29 11:18:56 - [TEST_STEP][PASSED] - check: Object 'Object Repository/LoggedOutReactPages/CreateAccount/Copy_Checkbox' is checked

2018-05-29 11:18:56 - [MESSAGE][PASSED] - Object 'Object Repository/LoggedOutReactPages/CreateAccount/Copy_Checkbox' is checked

2018-05-29 11:18:56 - [TEST_STEP][PASSED] - verifyElementAttributeValue: Object 'Object Repository/LoggedOutReactPages/CreateAccount/BillingFirstName_Input' has attribute 'value' with value 'Dealer'

2018-05-29 11:18:56 - [MESSAGE][WARNING] - Timeout '0' is invalid. Using default page load timeout: '30'

2018-05-29 11:18:56 - [MESSAGE][PASSED] - Object 'Object Repository/LoggedOutReactPages/CreateAccount/BillingFirstName_Input' has attribute 'value' with value 'Dealer'

2018-05-29 11:18:56 - [TEST_STEP][PASSED] - verifyElementHasAttribute: Object 'Object Repository/LoggedOutReactPages/CreateAccount/BillingFirstName_Input' has attribute 'disabled'

2018-05-29 11:18:56 - [MESSAGE][WARNING] - Timeout '0' is invalid. Using default page load timeout: '30'

2018-05-29 11:18:56 - [MESSAGE][PASSED] - Object 'Object Repository/LoggedOutReactPages/CreateAccount/BillingFirstName_Input' has attribute 'disabled'

2018-05-29 11:18:56 - [TEST_STEP][PASSED] - verifyElementAttributeValue: Object 'Object Repository/LoggedOutReactPages/CreateAccount/BillingLastName_Input' has attribute 'value' with value 'Last'

2018-05-29 11:18:56 - [MESSAGE][WARNING] - Timeout '0' is invalid. Using default page load timeout: '30'

2018-05-29 11:18:56 - [MESSAGE][PASSED] - Object 'Object Repository/LoggedOutReactPages/CreateAccount/BillingLastName_Input' has attribute 'value' with value 'Last'

2018-05-29 11:18:56 - [TEST_STEP][PASSED] - verifyElementHasAttribute: Object 'Object Repository/LoggedOutReactPages/CreateAccount/BillingLastName_Input' has attribute 'disabled'

2018-05-29 11:18:56 - [MESSAGE][WARNING] - Timeout '0' is invalid. Using default page load timeout: '30'

2018-05-29 11:18:57 - [MESSAGE][PASSED] - Object 'Object Repository/LoggedOutReactPages/CreateAccount/BillingLastName_Input' has attribute 'disabled'

2018-05-29 11:18:57 - [TEST_STEP][PASSED] - verifyElementAttributeValue: Object 'Object Repository/LoggedOutReactPages/CreateAccount/BillingAddress_Input' has attribute 'value' with value 'TestAddress'

2018-05-29 11:18:57 - [MESSAGE][WARNING] - Timeout '0' is invalid. Using default page load timeout: '30'

2018-05-29 11:18:57 - [MESSAGE][PASSED] - Object 'Object Repository/LoggedOutReactPages/CreateAccount/BillingAddress_Input' has attribute 'value' with value 'TestAddress'

2018-05-29 11:18:57 - [TEST_STEP][PASSED] - verifyElementHasAttribute: Object 'Object Repository/LoggedOutReactPages/CreateAccount/BillingAddress_Input' has attribute 'disabled'

2018-05-29 11:18:57 - [MESSAGE][WARNING] - Timeout '0' is invalid. Using default page load timeout: '30'

2018-05-29 11:18:58 - [MESSAGE][PASSED] - Object 'Object Repository/LoggedOutReactPages/CreateAccount/BillingAddress_Input' has attribute 'disabled'

2018-05-29 11:18:58 - [TEST_STEP][PASSED] - verifyElementAttributeValue: Object 'Object Repository/LoggedOutReactPages/CreateAccount/BillingZip_Input' has attribute 'value' with value '11111'

2018-05-29 11:18:58 - [MESSAGE][WARNING] - Timeout '0' is invalid. Using default page load timeout: '30'

2018-05-29 11:18:58 - [MESSAGE][PASSED] - Object 'Object Repository/LoggedOutReactPages/CreateAccount/BillingZip_Input' has attribute 'value' with value '11111'

2018-05-29 11:18:58 - [TEST_STEP][PASSED] - verifyElementHasAttribute: Object 'Object Repository/LoggedOutReactPages/CreateAccount/BillingZip_Input' has attribute 'disabled'

2018-05-29 11:18:58 - [MESSAGE][WARNING] - Timeout '0' is invalid. Using default page load timeout: '30'

2018-05-29 11:18:58 - [MESSAGE][PASSED] - Object 'Object Repository/LoggedOutReactPages/CreateAccount/BillingZip_Input' has attribute 'disabled'

2018-05-29 11:18:58 - [TEST_STEP][PASSED] - closeBrowser: Browser is closed

2018-05-29 11:18:58 - [MESSAGE][PASSED] - Browser is closed]]></system-out>
         <system-err><![CDATA[]]></system-err>
      </testcase>
      <testcase name="Test Cases/SignUpConsumer - ValidFields" classname="Test Cases/SignUpConsumer - ValidFields" status="PASSED">
         <system-out><![CDATA[2018-05-29 11:18:58 - [TEST_CASE][PASSED] - Test Cases/SignUpConsumer - ValidFields: Test Cases/SignUpConsumer - ValidFields

2018-05-29 11:18:59 - [TEST_STEP][PASSED] - openBrowser: Browser is opened with url: ''

2018-05-29 11:19:01 - [MESSAGE][PASSED] - Browser is opened with url: ''

2018-05-29 11:19:01 - [TEST_STEP][PASSED] - maximizeWindow: Current window maximized

2018-05-29 11:19:02 - [MESSAGE][PASSED] - Current window maximized

2018-05-29 11:19:02 - [TEST_STEP][PASSED] - Statement - StartURL = com.kms.katalon.core.webui.keyword.WebUiBuiltInKeywords.concatenate([StagingReact, "create-account"]): Concatenated string array: '['https://staging.instavin.com/','create-account']' into 'https://staging.instavin.com/create-account'

2018-05-29 11:19:02 - [MESSAGE][PASSED] - Concatenated string array: '['https://staging.instavin.com/','create-account']' into 'https://staging.instavin.com/create-account'

2018-05-29 11:19:02 - [TEST_STEP][PASSED] - navigateToUrl: Navigate to 'https://staging.instavin.com/create-account' successfully

2018-05-29 11:19:04 - [MESSAGE][PASSED] - Navigate to 'https://staging.instavin.com/create-account' successfully

2018-05-29 11:19:04 - [TEST_STEP][PASSED] - verifyElementText: Actual text and expected text of test object 'Object Repository/LoggedOutReactPages/CreateAccount/Copy_Label' are matched.

2018-05-29 11:19:05 - [MESSAGE][PASSED] - Actual text and expected text of test object 'Object Repository/LoggedOutReactPages/CreateAccount/Copy_Label' are matched.

2018-05-29 11:19:05 - [TEST_STEP][PASSED] - verifyTextPresent: Text 'Buyer Information' is present on page 

2018-05-29 11:19:05 - [MESSAGE][PASSED] - Text 'Buyer Information' is present on page 

2018-05-29 11:19:05 - [TEST_STEP][PASSED] - verifyElementText: Actual text and expected text of test object 'Object Repository/LoggedOutReactPages/CreateAccount/Name_Label' are matched.

2018-05-29 11:19:05 - [MESSAGE][PASSED] - Actual text and expected text of test object 'Object Repository/LoggedOutReactPages/CreateAccount/Name_Label' are matched.

2018-05-29 11:19:05 - [TEST_STEP][PASSED] - verifyElementText: Actual text and expected text of test object 'Object Repository/LoggedOutReactPages/CreateAccount/Address_Label' are matched.

2018-05-29 11:19:05 - [MESSAGE][PASSED] - Actual text and expected text of test object 'Object Repository/LoggedOutReactPages/CreateAccount/Address_Label' are matched.

2018-05-29 11:19:05 - [TEST_STEP][PASSED] - Statement - now = new java.util.Date(): null

2018-05-29 11:19:05 - [TEST_STEP][PASSED] - Statement - rnd = now.format("yyyyMMddHHmmssSSS").toString(): null

2018-05-29 11:19:05 - [TEST_STEP][PASSED] - Statement - Email = com.kms.katalon.core.webui.keyword.WebUiBuiltInKeywords.concatenate(["buyer", rnd, "@mailinator.com"]): Concatenated string array: '['buyer','20180529111905506','@mailinator.com']' into 'buyer20180529111905506@mailinator.com'

2018-05-29 11:19:05 - [MESSAGE][PASSED] - Concatenated string array: '['buyer','20180529111905506','@mailinator.com']' into 'buyer20180529111905506@mailinator.com'

2018-05-29 11:19:05 - [TEST_STEP][PASSED] - setText: Text 'Consumer' is set on object 'Object Repository/LoggedOutReactPages/CreateAccount/FirstName_Input'

2018-05-29 11:19:05 - [MESSAGE][PASSED] - Text 'Consumer' is set on object 'Object Repository/LoggedOutReactPages/CreateAccount/FirstName_Input'

2018-05-29 11:19:05 - [TEST_STEP][PASSED] - setText: Text 'Test' is set on object 'Object Repository/LoggedOutReactPages/CreateAccount/LastName_Input'

2018-05-29 11:19:05 - [MESSAGE][PASSED] - Text 'Test' is set on object 'Object Repository/LoggedOutReactPages/CreateAccount/LastName_Input'

2018-05-29 11:19:05 - [TEST_STEP][PASSED] - setText: Text 'test' is set on object 'Object Repository/LoggedOutReactPages/CreateAccount/Address_Input'

2018-05-29 11:19:06 - [MESSAGE][PASSED] - Text 'test' is set on object 'Object Repository/LoggedOutReactPages/CreateAccount/Address_Input'

2018-05-29 11:19:06 - [TEST_STEP][PASSED] - setText: Text 'test' is set on object 'Object Repository/LoggedOutReactPages/CreateAccount/City_Input'

2018-05-29 11:19:06 - [MESSAGE][PASSED] - Text 'test' is set on object 'Object Repository/LoggedOutReactPages/CreateAccount/City_Input'

2018-05-29 11:19:06 - [TEST_STEP][PASSED] - selectOptionByValue: All options with value 'CA' are selected in object 'Object Repository/LoggedOutReactPages/CreateAccount/State_Dropdown' 

2018-05-29 11:19:06 - [MESSAGE][PASSED] - All options with value 'CA' are selected in object 'Object Repository/LoggedOutReactPages/CreateAccount/State_Dropdown' 

2018-05-29 11:19:06 - [TEST_STEP][PASSED] - setText: Text '11111' is set on object 'Object Repository/LoggedOutReactPages/CreateAccount/Zip_Input'

2018-05-29 11:19:06 - [MESSAGE][PASSED] - Text '11111' is set on object 'Object Repository/LoggedOutReactPages/CreateAccount/Zip_Input'

2018-05-29 11:19:06 - [TEST_STEP][PASSED] - setText: Text '8001112233' is set on object 'Object Repository/LoggedOutReactPages/CreateAccount/Phone_Input'

2018-05-29 11:19:07 - [MESSAGE][PASSED] - Text '8001112233' is set on object 'Object Repository/LoggedOutReactPages/CreateAccount/Phone_Input'

2018-05-29 11:19:07 - [TEST_STEP][PASSED] - setText: Text 'Consumer' is set on object 'Object Repository/LoggedOutReactPages/CreateAccount/BillingFirstName_Input'

2018-05-29 11:19:07 - [MESSAGE][PASSED] - Text 'Consumer' is set on object 'Object Repository/LoggedOutReactPages/CreateAccount/BillingFirstName_Input'

2018-05-29 11:19:07 - [TEST_STEP][PASSED] - setText: Text 'Test' is set on object 'Object Repository/LoggedOutReactPages/CreateAccount/BillingLastName_Input'

2018-05-29 11:19:08 - [MESSAGE][PASSED] - Text 'Test' is set on object 'Object Repository/LoggedOutReactPages/CreateAccount/BillingLastName_Input'

2018-05-29 11:19:08 - [TEST_STEP][PASSED] - setText: Text 'test' is set on object 'Object Repository/LoggedOutReactPages/CreateAccount/BillingAddress_Input'

2018-05-29 11:19:08 - [MESSAGE][PASSED] - Text 'test' is set on object 'Object Repository/LoggedOutReactPages/CreateAccount/BillingAddress_Input'

2018-05-29 11:19:08 - [TEST_STEP][PASSED] - setText: Text '11111' is set on object 'Object Repository/LoggedOutReactPages/CreateAccount/BillingZip_Input'

2018-05-29 11:19:08 - [MESSAGE][PASSED] - Text '11111' is set on object 'Object Repository/LoggedOutReactPages/CreateAccount/BillingZip_Input'

2018-05-29 11:19:08 - [TEST_STEP][PASSED] - setText: Text '4000100011112224' is set on object 'Object Repository/LoggedOutReactPages/CreateAccount/CcNumber_Input'

2018-05-29 11:19:09 - [MESSAGE][PASSED] - Text '4000100011112224' is set on object 'Object Repository/LoggedOutReactPages/CreateAccount/CcNumber_Input'

2018-05-29 11:19:09 - [TEST_STEP][PASSED] - selectOptionByValue: All options with value '6' are selected in object 'Object Repository/LoggedOutReactPages/CreateAccount/ExpirationMonth_Dropdown' 

2018-05-29 11:19:09 - [MESSAGE][PASSED] - All options with value '6' are selected in object 'Object Repository/LoggedOutReactPages/CreateAccount/ExpirationMonth_Dropdown' 

2018-05-29 11:19:09 - [TEST_STEP][PASSED] - setText: Text '111' is set on object 'Object Repository/LoggedOutReactPages/CreateAccount/CVV_Input'

2018-05-29 11:19:10 - [MESSAGE][PASSED] - Text '111' is set on object 'Object Repository/LoggedOutReactPages/CreateAccount/CVV_Input'

2018-05-29 11:19:10 - [TEST_STEP][PASSED] - selectOptionByValue: All options with value '2020' are selected in object 'Object Repository/LoggedOutReactPages/CreateAccount/ExpirationYear_Dropdown' 

2018-05-29 11:19:10 - [MESSAGE][PASSED] - All options with value '2020' are selected in object 'Object Repository/LoggedOutReactPages/CreateAccount/ExpirationYear_Dropdown' 

2018-05-29 11:19:10 - [TEST_STEP][PASSED] - setText: Text 'buyer20180529111905506@mailinator.com' is set on object 'Object Repository/LoggedOutReactPages/CreateAccount/Email_Input'

2018-05-29 11:19:11 - [MESSAGE][PASSED] - Text 'buyer20180529111905506@mailinator.com' is set on object 'Object Repository/LoggedOutReactPages/CreateAccount/Email_Input'

2018-05-29 11:19:11 - [TEST_STEP][PASSED] - setText: Text 'buyer20180529111905506@mailinator.com' is set on object 'Object Repository/LoggedOutReactPages/CreateAccount/ConfirmEmail_Input'

2018-05-29 11:19:11 - [MESSAGE][PASSED] - Text 'buyer20180529111905506@mailinator.com' is set on object 'Object Repository/LoggedOutReactPages/CreateAccount/ConfirmEmail_Input'

2018-05-29 11:19:11 - [TEST_STEP][PASSED] - setText: Text '111111' is set on object 'Object Repository/LoggedOutReactPages/CreateAccount/Password_Input'

2018-05-29 11:19:12 - [MESSAGE][PASSED] - Text '111111' is set on object 'Object Repository/LoggedOutReactPages/CreateAccount/Password_Input'

2018-05-29 11:19:12 - [TEST_STEP][PASSED] - setText: Text '111111' is set on object 'Object Repository/LoggedOutReactPages/CreateAccount/ConfirmPassword_Input'

2018-05-29 11:19:12 - [MESSAGE][PASSED] - Text '111111' is set on object 'Object Repository/LoggedOutReactPages/CreateAccount/ConfirmPassword_Input'

2018-05-29 11:19:12 - [TEST_STEP][PASSED] - check: Object 'Object Repository/LoggedOutReactPages/CreateAccount/AcceptTos_Checkbox' is checked

2018-05-29 11:19:12 - [MESSAGE][PASSED] - Object 'Object Repository/LoggedOutReactPages/CreateAccount/AcceptTos_Checkbox' is checked

2018-05-29 11:19:12 - [TEST_STEP][PASSED] - click: Object: 'Object Repository/LoggedOutReactPages/CreateAccount/Submit_button' is clicked on

2018-05-29 11:19:13 - [MESSAGE][PASSED] - Object: 'Object Repository/LoggedOutReactPages/CreateAccount/Submit_button' is clicked on

2018-05-29 11:19:13 - [TEST_STEP][PASSED] - waitForElementVisible: Object 'Object Repository/LoggedInReactPages/MyAccount (react)/Account_Header' is visible

2018-05-29 11:19:13 - [MESSAGE][WARNING] - Timeout '0' is invalid. Using default page load timeout: '30'

2018-05-29 11:19:15 - [MESSAGE][PASSED] - Object 'Object Repository/LoggedInReactPages/MyAccount (react)/Account_Header' is visible

2018-05-29 11:19:15 - [TEST_STEP][PASSED] - verifyElementText: Actual text and expected text of test object 'Object Repository/LoggedInReactPages/MyAccount (react)/Account_Header' are matched.

2018-05-29 11:19:15 - [MESSAGE][PASSED] - Actual text and expected text of test object 'Object Repository/LoggedInReactPages/MyAccount (react)/Account_Header' are matched.

2018-05-29 11:19:15 - [TEST_STEP][PASSED] - Statement - OrderURL = com.kms.katalon.core.webui.keyword.WebUiBuiltInKeywords.concatenate([StagingReact, "order"]): Concatenated string array: '['https://staging.instavin.com/','order']' into 'https://staging.instavin.com/order'

2018-05-29 11:19:15 - [MESSAGE][PASSED] - Concatenated string array: '['https://staging.instavin.com/','order']' into 'https://staging.instavin.com/order'

2018-05-29 11:19:15 - [TEST_STEP][PASSED] - navigateToUrl: Navigate to 'https://staging.instavin.com/order' successfully

2018-05-29 11:19:16 - [MESSAGE][PASSED] - Navigate to 'https://staging.instavin.com/order' successfully

2018-05-29 11:19:16 - [TEST_STEP][PASSED] - waitForElementVisible: Object 'Object Repository/LoggedInReactPages/Order (react)/instaVINProducts_Label' is visible

2018-05-29 11:19:16 - [MESSAGE][WARNING] - Timeout '0' is invalid. Using default page load timeout: '30'

2018-05-29 11:19:16 - [MESSAGE][PASSED] - Object 'Object Repository/LoggedInReactPages/Order (react)/instaVINProducts_Label' is visible

2018-05-29 11:19:16 - [TEST_STEP][PASSED] - verifyElementText: Actual text and expected text of test object 'Object Repository/LoggedInReactPages/Order (react)/VtrPrice1' are matched.

2018-05-29 11:19:16 - [MESSAGE][PASSED] - Actual text and expected text of test object 'Object Repository/LoggedInReactPages/Order (react)/VtrPrice1' are matched.

2018-05-29 11:19:16 - [TEST_STEP][PASSED] - verifyElementText: Actual text and expected text of test object 'Object Repository/LoggedInReactPages/Order (react)/VtrPrice10' are matched.

2018-05-29 11:19:16 - [MESSAGE][PASSED] - Actual text and expected text of test object 'Object Repository/LoggedInReactPages/Order (react)/VtrPrice10' are matched.

2018-05-29 11:19:16 - [TEST_STEP][PASSED] - closeBrowser: Browser is closed

2018-05-29 11:19:17 - [MESSAGE][PASSED] - Browser is closed]]></system-out>
         <system-err><![CDATA[]]></system-err>
      </testcase>
      <testcase name="Test Cases/SignUpDealer - ValidFields" classname="Test Cases/SignUpDealer - ValidFields" status="PASSED">
         <system-out><![CDATA[2018-05-29 11:19:17 - [TEST_CASE][PASSED] - Test Cases/SignUpDealer - ValidFields: Test Cases/SignUpDealer - ValidFields

2018-05-29 11:19:17 - [TEST_STEP][PASSED] - openBrowser: Browser is opened with url: ''

2018-05-29 11:19:19 - [MESSAGE][PASSED] - Browser is opened with url: ''

2018-05-29 11:19:19 - [TEST_STEP][PASSED] - maximizeWindow: Current window maximized

2018-05-29 11:19:21 - [MESSAGE][PASSED] - Current window maximized

2018-05-29 11:19:21 - [TEST_STEP][PASSED] - Statement - StartURL = com.kms.katalon.core.webui.keyword.WebUiBuiltInKeywords.concatenate([StagingReact, "create-account"]): Concatenated string array: '['https://staging.instavin.com/','create-account']' into 'https://staging.instavin.com/create-account'

2018-05-29 11:19:21 - [MESSAGE][PASSED] - Concatenated string array: '['https://staging.instavin.com/','create-account']' into 'https://staging.instavin.com/create-account'

2018-05-29 11:19:21 - [TEST_STEP][PASSED] - navigateToUrl: Navigate to 'https://staging.instavin.com/create-account' successfully

2018-05-29 11:19:23 - [MESSAGE][PASSED] - Navigate to 'https://staging.instavin.com/create-account' successfully

2018-05-29 11:19:23 - [TEST_STEP][PASSED] - click: Object: 'Object Repository/LoggedOutReactPages/CreateAccount/Dealer_Button' is clicked on

2018-05-29 11:19:23 - [MESSAGE][PASSED] - Object: 'Object Repository/LoggedOutReactPages/CreateAccount/Dealer_Button' is clicked on

2018-05-29 11:19:23 - [TEST_STEP][PASSED] - verifyElementText: Actual text and expected text of test object 'Object Repository/LoggedOutReactPages/CreateAccount/Copy_Label' are matched.

2018-05-29 11:19:23 - [MESSAGE][PASSED] - Actual text and expected text of test object 'Object Repository/LoggedOutReactPages/CreateAccount/Copy_Label' are matched.

2018-05-29 11:19:23 - [TEST_STEP][PASSED] - verifyTextPresent: Text 'Dealer Information' is present on page 

2018-05-29 11:19:23 - [MESSAGE][PASSED] - Text 'Dealer Information' is present on page 

2018-05-29 11:19:23 - [TEST_STEP][PASSED] - Statement - now = new java.util.Date(): null

2018-05-29 11:19:23 - [TEST_STEP][PASSED] - Statement - rnd = now.format("yyyyMMddHHmmssSSS").toString(): null

2018-05-29 11:19:23 - [TEST_STEP][PASSED] - Statement - Email = com.kms.katalon.core.webui.keyword.WebUiBuiltInKeywords.concatenate(["dealer", rnd, "@mailinator.com"]): Concatenated string array: '['dealer','20180529111923801','@mailinator.com']' into 'dealer20180529111923801@mailinator.com'

2018-05-29 11:19:23 - [MESSAGE][PASSED] - Concatenated string array: '['dealer','20180529111923801','@mailinator.com']' into 'dealer20180529111923801@mailinator.com'

2018-05-29 11:19:23 - [TEST_STEP][PASSED] - setText: Text 'Test' is set on object 'Object Repository/LoggedOutReactPages/CreateAccount/BusinessName_Input'

2018-05-29 11:19:23 - [MESSAGE][PASSED] - Text 'Test' is set on object 'Object Repository/LoggedOutReactPages/CreateAccount/BusinessName_Input'

2018-05-29 11:19:23 - [TEST_STEP][PASSED] - setText: Text '111111' is set on object 'Object Repository/LoggedOutReactPages/CreateAccount/AccessID_Input'

2018-05-29 11:19:24 - [MESSAGE][PASSED] - Text '111111' is set on object 'Object Repository/LoggedOutReactPages/CreateAccount/AccessID_Input'

2018-05-29 11:19:24 - [TEST_STEP][PASSED] - setText: Text 'Dealer' is set on object 'Object Repository/LoggedOutReactPages/CreateAccount/FirstName_Input'

2018-05-29 11:19:24 - [MESSAGE][PASSED] - Text 'Dealer' is set on object 'Object Repository/LoggedOutReactPages/CreateAccount/FirstName_Input'

2018-05-29 11:19:24 - [TEST_STEP][PASSED] - setText: Text 'Test' is set on object 'Object Repository/LoggedOutReactPages/CreateAccount/LastName_Input'

2018-05-29 11:19:24 - [MESSAGE][PASSED] - Text 'Test' is set on object 'Object Repository/LoggedOutReactPages/CreateAccount/LastName_Input'

2018-05-29 11:19:24 - [TEST_STEP][PASSED] - setText: Text 'test' is set on object 'Object Repository/LoggedOutReactPages/CreateAccount/Address_Input'

2018-05-29 11:19:24 - [MESSAGE][PASSED] - Text 'test' is set on object 'Object Repository/LoggedOutReactPages/CreateAccount/Address_Input'

2018-05-29 11:19:24 - [TEST_STEP][PASSED] - setText: Text 'test' is set on object 'Object Repository/LoggedOutReactPages/CreateAccount/City_Input'

2018-05-29 11:19:25 - [MESSAGE][PASSED] - Text 'test' is set on object 'Object Repository/LoggedOutReactPages/CreateAccount/City_Input'

2018-05-29 11:19:25 - [TEST_STEP][PASSED] - selectOptionByValue: All options with value 'TX' are selected in object 'Object Repository/LoggedOutReactPages/CreateAccount/State_Dropdown' 

2018-05-29 11:19:25 - [MESSAGE][PASSED] - All options with value 'TX' are selected in object 'Object Repository/LoggedOutReactPages/CreateAccount/State_Dropdown' 

2018-05-29 11:19:25 - [TEST_STEP][PASSED] - setText: Text '11111' is set on object 'Object Repository/LoggedOutReactPages/CreateAccount/Zip_Input'

2018-05-29 11:19:26 - [MESSAGE][PASSED] - Text '11111' is set on object 'Object Repository/LoggedOutReactPages/CreateAccount/Zip_Input'

2018-05-29 11:19:26 - [TEST_STEP][PASSED] - setText: Text '8001112233' is set on object 'Object Repository/LoggedOutReactPages/CreateAccount/Phone_Input'

2018-05-29 11:19:26 - [MESSAGE][PASSED] - Text '8001112233' is set on object 'Object Repository/LoggedOutReactPages/CreateAccount/Phone_Input'

2018-05-29 11:19:26 - [TEST_STEP][PASSED] - setText: Text 'Dealer' is set on object 'Object Repository/LoggedOutReactPages/CreateAccount/BillingFirstName_Input'

2018-05-29 11:19:26 - [MESSAGE][PASSED] - Text 'Dealer' is set on object 'Object Repository/LoggedOutReactPages/CreateAccount/BillingFirstName_Input'

2018-05-29 11:19:26 - [TEST_STEP][PASSED] - setText: Text 'Test' is set on object 'Object Repository/LoggedOutReactPages/CreateAccount/BillingLastName_Input'

2018-05-29 11:19:27 - [MESSAGE][PASSED] - Text 'Test' is set on object 'Object Repository/LoggedOutReactPages/CreateAccount/BillingLastName_Input'

2018-05-29 11:19:27 - [TEST_STEP][PASSED] - setText: Text 'test' is set on object 'Object Repository/LoggedOutReactPages/CreateAccount/BillingAddress_Input'

2018-05-29 11:19:27 - [MESSAGE][PASSED] - Text 'test' is set on object 'Object Repository/LoggedOutReactPages/CreateAccount/BillingAddress_Input'

2018-05-29 11:19:27 - [TEST_STEP][PASSED] - setText: Text '11111' is set on object 'Object Repository/LoggedOutReactPages/CreateAccount/BillingZip_Input'

2018-05-29 11:19:27 - [MESSAGE][PASSED] - Text '11111' is set on object 'Object Repository/LoggedOutReactPages/CreateAccount/BillingZip_Input'

2018-05-29 11:19:28 - [TEST_STEP][PASSED] - setText: Text '4000100011112224' is set on object 'Object Repository/LoggedOutReactPages/CreateAccount/CcNumber_Input'

2018-05-29 11:19:28 - [MESSAGE][PASSED] - Text '4000100011112224' is set on object 'Object Repository/LoggedOutReactPages/CreateAccount/CcNumber_Input'

2018-05-29 11:19:28 - [TEST_STEP][PASSED] - selectOptionByValue: All options with value '6' are selected in object 'Object Repository/LoggedOutReactPages/CreateAccount/ExpirationMonth_Dropdown' 

2018-05-29 11:19:28 - [MESSAGE][PASSED] - All options with value '6' are selected in object 'Object Repository/LoggedOutReactPages/CreateAccount/ExpirationMonth_Dropdown' 

2018-05-29 11:19:28 - [TEST_STEP][PASSED] - setText: Text '111' is set on object 'Object Repository/LoggedOutReactPages/CreateAccount/CVV_Input'

2018-05-29 11:19:29 - [MESSAGE][PASSED] - Text '111' is set on object 'Object Repository/LoggedOutReactPages/CreateAccount/CVV_Input'

2018-05-29 11:19:29 - [TEST_STEP][PASSED] - selectOptionByValue: All options with value '2020' are selected in object 'Object Repository/LoggedOutReactPages/CreateAccount/ExpirationYear_Dropdown' 

2018-05-29 11:19:29 - [MESSAGE][PASSED] - All options with value '2020' are selected in object 'Object Repository/LoggedOutReactPages/CreateAccount/ExpirationYear_Dropdown' 

2018-05-29 11:19:29 - [TEST_STEP][PASSED] - setText: Text 'dealer20180529111923801@mailinator.com' is set on object 'Object Repository/LoggedOutReactPages/CreateAccount/Email_Input'

2018-05-29 11:19:30 - [MESSAGE][PASSED] - Text 'dealer20180529111923801@mailinator.com' is set on object 'Object Repository/LoggedOutReactPages/CreateAccount/Email_Input'

2018-05-29 11:19:30 - [TEST_STEP][PASSED] - setText: Text 'dealer20180529111923801@mailinator.com' is set on object 'Object Repository/LoggedOutReactPages/CreateAccount/ConfirmEmail_Input'

2018-05-29 11:19:30 - [MESSAGE][PASSED] - Text 'dealer20180529111923801@mailinator.com' is set on object 'Object Repository/LoggedOutReactPages/CreateAccount/ConfirmEmail_Input'

2018-05-29 11:19:30 - [TEST_STEP][PASSED] - setText: Text '111111' is set on object 'Object Repository/LoggedOutReactPages/CreateAccount/Password_Input'

2018-05-29 11:19:31 - [MESSAGE][PASSED] - Text '111111' is set on object 'Object Repository/LoggedOutReactPages/CreateAccount/Password_Input'

2018-05-29 11:19:31 - [TEST_STEP][PASSED] - setText: Text '111111' is set on object 'Object Repository/LoggedOutReactPages/CreateAccount/ConfirmPassword_Input'

2018-05-29 11:19:32 - [MESSAGE][PASSED] - Text '111111' is set on object 'Object Repository/LoggedOutReactPages/CreateAccount/ConfirmPassword_Input'

2018-05-29 11:19:32 - [TEST_STEP][PASSED] - check: Object 'Object Repository/LoggedOutReactPages/CreateAccount/AcceptTos_Checkbox' is checked

2018-05-29 11:19:32 - [MESSAGE][PASSED] - Object 'Object Repository/LoggedOutReactPages/CreateAccount/AcceptTos_Checkbox' is checked

2018-05-29 11:19:32 - [TEST_STEP][PASSED] - click: Object: 'Object Repository/LoggedOutReactPages/CreateAccount/Submit_button' is clicked on

2018-05-29 11:19:32 - [MESSAGE][PASSED] - Object: 'Object Repository/LoggedOutReactPages/CreateAccount/Submit_button' is clicked on

2018-05-29 11:19:32 - [TEST_STEP][PASSED] - waitForElementVisible: Object 'Object Repository/LoggedInReactPages/MyAccount (react)/Account_Header' is visible

2018-05-29 11:19:32 - [MESSAGE][WARNING] - Timeout '0' is invalid. Using default page load timeout: '30'

2018-05-29 11:19:35 - [MESSAGE][PASSED] - Object 'Object Repository/LoggedInReactPages/MyAccount (react)/Account_Header' is visible

2018-05-29 11:19:35 - [TEST_STEP][PASSED] - verifyElementText: Actual text and expected text of test object 'Object Repository/LoggedInReactPages/MyAccount (react)/Account_Header' are matched.

2018-05-29 11:19:35 - [MESSAGE][PASSED] - Actual text and expected text of test object 'Object Repository/LoggedInReactPages/MyAccount (react)/Account_Header' are matched.

2018-05-29 11:19:35 - [TEST_STEP][PASSED] - Statement - OrderURL = com.kms.katalon.core.webui.keyword.WebUiBuiltInKeywords.concatenate([StagingReact, "order"]): Concatenated string array: '['https://staging.instavin.com/','order']' into 'https://staging.instavin.com/order'

2018-05-29 11:19:35 - [MESSAGE][PASSED] - Concatenated string array: '['https://staging.instavin.com/','order']' into 'https://staging.instavin.com/order'

2018-05-29 11:19:35 - [TEST_STEP][PASSED] - navigateToUrl: Navigate to 'https://staging.instavin.com/order' successfully

2018-05-29 11:19:36 - [MESSAGE][PASSED] - Navigate to 'https://staging.instavin.com/order' successfully

2018-05-29 11:19:36 - [TEST_STEP][PASSED] - waitForElementVisible: Object 'Object Repository/LoggedInReactPages/Order (react)/instaVINProducts_Label' is visible

2018-05-29 11:19:36 - [MESSAGE][WARNING] - Timeout '0' is invalid. Using default page load timeout: '30'

2018-05-29 11:19:36 - [MESSAGE][PASSED] - Object 'Object Repository/LoggedInReactPages/Order (react)/instaVINProducts_Label' is visible

2018-05-29 11:19:36 - [TEST_STEP][PASSED] - verifyElementText: Actual text and expected text of test object 'Object Repository/LoggedInReactPages/Order (react)/VtrPrice1' are matched.

2018-05-29 11:19:36 - [MESSAGE][PASSED] - Actual text and expected text of test object 'Object Repository/LoggedInReactPages/Order (react)/VtrPrice1' are matched.

2018-05-29 11:19:36 - [TEST_STEP][PASSED] - verifyElementText: Actual text and expected text of test object 'Object Repository/LoggedInReactPages/Order (react)/VtrPrice10' are matched.

2018-05-29 11:19:36 - [MESSAGE][PASSED] - Actual text and expected text of test object 'Object Repository/LoggedInReactPages/Order (react)/VtrPrice10' are matched.

2018-05-29 11:19:36 - [TEST_STEP][PASSED] - verifyElementText: Actual text and expected text of test object 'Object Repository/LoggedInReactPages/Order (react)/VtrPrice50' are matched.

2018-05-29 11:19:36 - [MESSAGE][PASSED] - Actual text and expected text of test object 'Object Repository/LoggedInReactPages/Order (react)/VtrPrice50' are matched.

2018-05-29 11:19:36 - [TEST_STEP][PASSED] - closeBrowser: Browser is closed

2018-05-29 11:19:37 - [MESSAGE][PASSED] - Browser is closed]]></system-out>
         <system-err><![CDATA[]]></system-err>
      </testcase>
      <testcase name="Test Cases/SignUpCADealer - ValidFields" classname="Test Cases/SignUpCADealer - ValidFields" status="PASSED">
         <system-out><![CDATA[2018-05-29 11:19:37 - [TEST_CASE][PASSED] - Test Cases/SignUpCADealer - ValidFields: Test Cases/SignUpCADealer - ValidFields

2018-05-29 11:19:38 - [TEST_STEP][PASSED] - openBrowser: Browser is opened with url: ''

2018-05-29 11:19:40 - [MESSAGE][PASSED] - Browser is opened with url: ''

2018-05-29 11:19:40 - [TEST_STEP][PASSED] - maximizeWindow: Current window maximized

2018-05-29 11:19:41 - [MESSAGE][PASSED] - Current window maximized

2018-05-29 11:19:41 - [TEST_STEP][PASSED] - Statement - StartURL = com.kms.katalon.core.webui.keyword.WebUiBuiltInKeywords.concatenate([StagingReact, "create-account"]): Concatenated string array: '['https://staging.instavin.com/','create-account']' into 'https://staging.instavin.com/create-account'

2018-05-29 11:19:41 - [MESSAGE][PASSED] - Concatenated string array: '['https://staging.instavin.com/','create-account']' into 'https://staging.instavin.com/create-account'

2018-05-29 11:19:41 - [TEST_STEP][PASSED] - navigateToUrl: Navigate to 'https://staging.instavin.com/create-account' successfully

2018-05-29 11:19:43 - [MESSAGE][PASSED] - Navigate to 'https://staging.instavin.com/create-account' successfully

2018-05-29 11:19:43 - [TEST_STEP][PASSED] - click: Object: 'Object Repository/LoggedOutReactPages/CreateAccount/Dealer_Button' is clicked on

2018-05-29 11:19:44 - [MESSAGE][PASSED] - Object: 'Object Repository/LoggedOutReactPages/CreateAccount/Dealer_Button' is clicked on

2018-05-29 11:19:44 - [TEST_STEP][PASSED] - verifyElementText: Actual text and expected text of test object 'Object Repository/LoggedOutReactPages/CreateAccount/Copy_Label' are matched.

2018-05-29 11:19:44 - [MESSAGE][PASSED] - Actual text and expected text of test object 'Object Repository/LoggedOutReactPages/CreateAccount/Copy_Label' are matched.

2018-05-29 11:19:44 - [TEST_STEP][PASSED] - verifyTextPresent: Text 'Dealer Information' is present on page 

2018-05-29 11:19:44 - [MESSAGE][PASSED] - Text 'Dealer Information' is present on page 

2018-05-29 11:19:44 - [TEST_STEP][PASSED] - Statement - now = new java.util.Date(): null

2018-05-29 11:19:44 - [TEST_STEP][PASSED] - Statement - rnd = now.format("yyyyMMddHHmmssSSS").toString(): null

2018-05-29 11:19:44 - [TEST_STEP][PASSED] - Statement - Email = com.kms.katalon.core.webui.keyword.WebUiBuiltInKeywords.concatenate(["cadealer", rnd, "@mailinator.com"]): Concatenated string array: '['cadealer','20180529111944703','@mailinator.com']' into 'cadealer20180529111944703@mailinator.com'

2018-05-29 11:19:44 - [MESSAGE][PASSED] - Concatenated string array: '['cadealer','20180529111944703','@mailinator.com']' into 'cadealer20180529111944703@mailinator.com'

2018-05-29 11:19:44 - [TEST_STEP][PASSED] - setText: Text 'Test' is set on object 'Object Repository/LoggedOutReactPages/CreateAccount/BusinessName_Input'

2018-05-29 11:19:44 - [MESSAGE][PASSED] - Text 'Test' is set on object 'Object Repository/LoggedOutReactPages/CreateAccount/BusinessName_Input'

2018-05-29 11:19:44 - [TEST_STEP][PASSED] - setText: Text '111111' is set on object 'Object Repository/LoggedOutReactPages/CreateAccount/AccessID_Input'

2018-05-29 11:19:45 - [MESSAGE][PASSED] - Text '111111' is set on object 'Object Repository/LoggedOutReactPages/CreateAccount/AccessID_Input'

2018-05-29 11:19:45 - [TEST_STEP][PASSED] - setText: Text 'CaDealer' is set on object 'Object Repository/LoggedOutReactPages/CreateAccount/FirstName_Input'

2018-05-29 11:19:46 - [MESSAGE][PASSED] - Text 'CaDealer' is set on object 'Object Repository/LoggedOutReactPages/CreateAccount/FirstName_Input'

2018-05-29 11:19:46 - [TEST_STEP][PASSED] - setText: Text 'Test' is set on object 'Object Repository/LoggedOutReactPages/CreateAccount/LastName_Input'

2018-05-29 11:19:46 - [MESSAGE][PASSED] - Text 'Test' is set on object 'Object Repository/LoggedOutReactPages/CreateAccount/LastName_Input'

2018-05-29 11:19:46 - [TEST_STEP][PASSED] - setText: Text 'test' is set on object 'Object Repository/LoggedOutReactPages/CreateAccount/Address_Input'

2018-05-29 11:19:46 - [MESSAGE][PASSED] - Text 'test' is set on object 'Object Repository/LoggedOutReactPages/CreateAccount/Address_Input'

2018-05-29 11:19:46 - [TEST_STEP][PASSED] - setText: Text 'test' is set on object 'Object Repository/LoggedOutReactPages/CreateAccount/City_Input'

2018-05-29 11:19:47 - [MESSAGE][PASSED] - Text 'test' is set on object 'Object Repository/LoggedOutReactPages/CreateAccount/City_Input'

2018-05-29 11:19:47 - [TEST_STEP][PASSED] - selectOptionByValue: All options with value 'CA' are selected in object 'Object Repository/LoggedOutReactPages/CreateAccount/State_Dropdown' 

2018-05-29 11:19:47 - [MESSAGE][PASSED] - All options with value 'CA' are selected in object 'Object Repository/LoggedOutReactPages/CreateAccount/State_Dropdown' 

2018-05-29 11:19:47 - [TEST_STEP][PASSED] - setText: Text '11111' is set on object 'Object Repository/LoggedOutReactPages/CreateAccount/Zip_Input'

2018-05-29 11:19:48 - [MESSAGE][PASSED] - Text '11111' is set on object 'Object Repository/LoggedOutReactPages/CreateAccount/Zip_Input'

2018-05-29 11:19:48 - [TEST_STEP][PASSED] - setText: Text '8001112233' is set on object 'Object Repository/LoggedOutReactPages/CreateAccount/Phone_Input'

2018-05-29 11:19:49 - [MESSAGE][PASSED] - Text '8001112233' is set on object 'Object Repository/LoggedOutReactPages/CreateAccount/Phone_Input'

2018-05-29 11:19:49 - [TEST_STEP][PASSED] - setText: Text 'CaDealer' is set on object 'Object Repository/LoggedOutReactPages/CreateAccount/BillingFirstName_Input'

2018-05-29 11:19:49 - [MESSAGE][PASSED] - Text 'CaDealer' is set on object 'Object Repository/LoggedOutReactPages/CreateAccount/BillingFirstName_Input'

2018-05-29 11:19:49 - [TEST_STEP][PASSED] - setText: Text 'Test' is set on object 'Object Repository/LoggedOutReactPages/CreateAccount/BillingLastName_Input'

2018-05-29 11:19:49 - [MESSAGE][PASSED] - Text 'Test' is set on object 'Object Repository/LoggedOutReactPages/CreateAccount/BillingLastName_Input'

2018-05-29 11:19:49 - [TEST_STEP][PASSED] - setText: Text 'test' is set on object 'Object Repository/LoggedOutReactPages/CreateAccount/BillingAddress_Input'

2018-05-29 11:19:50 - [MESSAGE][PASSED] - Text 'test' is set on object 'Object Repository/LoggedOutReactPages/CreateAccount/BillingAddress_Input'

2018-05-29 11:19:50 - [TEST_STEP][PASSED] - setText: Text '11111' is set on object 'Object Repository/LoggedOutReactPages/CreateAccount/BillingZip_Input'

2018-05-29 11:19:51 - [MESSAGE][PASSED] - Text '11111' is set on object 'Object Repository/LoggedOutReactPages/CreateAccount/BillingZip_Input'

2018-05-29 11:19:51 - [TEST_STEP][PASSED] - setText: Text '4000100011112224' is set on object 'Object Repository/LoggedOutReactPages/CreateAccount/CcNumber_Input'

2018-05-29 11:19:51 - [MESSAGE][PASSED] - Text '4000100011112224' is set on object 'Object Repository/LoggedOutReactPages/CreateAccount/CcNumber_Input'

2018-05-29 11:19:51 - [TEST_STEP][PASSED] - selectOptionByValue: All options with value '6' are selected in object 'Object Repository/LoggedOutReactPages/CreateAccount/ExpirationMonth_Dropdown' 

2018-05-29 11:19:52 - [MESSAGE][PASSED] - All options with value '6' are selected in object 'Object Repository/LoggedOutReactPages/CreateAccount/ExpirationMonth_Dropdown' 

2018-05-29 11:19:52 - [TEST_STEP][PASSED] - setText: Text '111' is set on object 'Object Repository/LoggedOutReactPages/CreateAccount/CVV_Input'

2018-05-29 11:19:52 - [MESSAGE][PASSED] - Text '111' is set on object 'Object Repository/LoggedOutReactPages/CreateAccount/CVV_Input'

2018-05-29 11:19:53 - [TEST_STEP][PASSED] - selectOptionByValue: All options with value '2020' are selected in object 'Object Repository/LoggedOutReactPages/CreateAccount/ExpirationYear_Dropdown' 

2018-05-29 11:19:53 - [MESSAGE][PASSED] - All options with value '2020' are selected in object 'Object Repository/LoggedOutReactPages/CreateAccount/ExpirationYear_Dropdown' 

2018-05-29 11:19:53 - [TEST_STEP][PASSED] - setText: Text 'cadealer20180529111944703@mailinator.com' is set on object 'Object Repository/LoggedOutReactPages/CreateAccount/Email_Input'

2018-05-29 11:19:54 - [MESSAGE][PASSED] - Text 'cadealer20180529111944703@mailinator.com' is set on object 'Object Repository/LoggedOutReactPages/CreateAccount/Email_Input'

2018-05-29 11:19:54 - [TEST_STEP][PASSED] - setText: Text 'cadealer20180529111944703@mailinator.com' is set on object 'Object Repository/LoggedOutReactPages/CreateAccount/ConfirmEmail_Input'

2018-05-29 11:19:55 - [MESSAGE][PASSED] - Text 'cadealer20180529111944703@mailinator.com' is set on object 'Object Repository/LoggedOutReactPages/CreateAccount/ConfirmEmail_Input'

2018-05-29 11:19:55 - [TEST_STEP][PASSED] - setText: Text '111111' is set on object 'Object Repository/LoggedOutReactPages/CreateAccount/Password_Input'

2018-05-29 11:19:55 - [MESSAGE][PASSED] - Text '111111' is set on object 'Object Repository/LoggedOutReactPages/CreateAccount/Password_Input'

2018-05-29 11:19:55 - [TEST_STEP][PASSED] - setText: Text '111111' is set on object 'Object Repository/LoggedOutReactPages/CreateAccount/ConfirmPassword_Input'

2018-05-29 11:19:56 - [MESSAGE][PASSED] - Text '111111' is set on object 'Object Repository/LoggedOutReactPages/CreateAccount/ConfirmPassword_Input'

2018-05-29 11:19:56 - [TEST_STEP][PASSED] - check: Object 'Object Repository/LoggedOutReactPages/CreateAccount/AcceptTos_Checkbox' is checked

2018-05-29 11:19:56 - [MESSAGE][PASSED] - Object 'Object Repository/LoggedOutReactPages/CreateAccount/AcceptTos_Checkbox' is checked

2018-05-29 11:19:56 - [TEST_STEP][PASSED] - click: Object: 'Object Repository/LoggedOutReactPages/CreateAccount/Submit_button' is clicked on

2018-05-29 11:19:56 - [MESSAGE][PASSED] - Object: 'Object Repository/LoggedOutReactPages/CreateAccount/Submit_button' is clicked on

2018-05-29 11:19:56 - [TEST_STEP][PASSED] - waitForElementVisible: Object 'Object Repository/LoggedInReactPages/MyAccount (react)/Account_Header' is visible

2018-05-29 11:19:56 - [MESSAGE][WARNING] - Timeout '0' is invalid. Using default page load timeout: '30'

2018-05-29 11:19:59 - [MESSAGE][PASSED] - Object 'Object Repository/LoggedInReactPages/MyAccount (react)/Account_Header' is visible

2018-05-29 11:19:59 - [TEST_STEP][PASSED] - verifyElementText: Actual text and expected text of test object 'Object Repository/LoggedInReactPages/MyAccount (react)/Account_Header' are matched.

2018-05-29 11:19:59 - [MESSAGE][PASSED] - Actual text and expected text of test object 'Object Repository/LoggedInReactPages/MyAccount (react)/Account_Header' are matched.

2018-05-29 11:19:59 - [TEST_STEP][PASSED] - Statement - OrderURL = com.kms.katalon.core.webui.keyword.WebUiBuiltInKeywords.concatenate([StagingReact, "order"]): Concatenated string array: '['https://staging.instavin.com/','order']' into 'https://staging.instavin.com/order'

2018-05-29 11:19:59 - [MESSAGE][PASSED] - Concatenated string array: '['https://staging.instavin.com/','order']' into 'https://staging.instavin.com/order'

2018-05-29 11:19:59 - [TEST_STEP][PASSED] - navigateToUrl: Navigate to 'https://staging.instavin.com/order' successfully

2018-05-29 11:19:59 - [MESSAGE][PASSED] - Navigate to 'https://staging.instavin.com/order' successfully

2018-05-29 11:19:59 - [TEST_STEP][PASSED] - waitForElementVisible: Object 'Object Repository/LoggedInReactPages/Order (react)/instaVINProducts_Label' is visible

2018-05-29 11:19:59 - [MESSAGE][WARNING] - Timeout '0' is invalid. Using default page load timeout: '30'

2018-05-29 11:20:00 - [MESSAGE][PASSED] - Object 'Object Repository/LoggedInReactPages/Order (react)/instaVINProducts_Label' is visible

2018-05-29 11:20:00 - [TEST_STEP][PASSED] - verifyElementText: Actual text and expected text of test object 'Object Repository/LoggedInReactPages/Order (react)/VtrPrice1' are matched.

2018-05-29 11:20:00 - [MESSAGE][PASSED] - Actual text and expected text of test object 'Object Repository/LoggedInReactPages/Order (react)/VtrPrice1' are matched.

2018-05-29 11:20:00 - [TEST_STEP][PASSED] - verifyElementText: Actual text and expected text of test object 'Object Repository/LoggedInReactPages/Order (react)/VtrPrice10' are matched.

2018-05-29 11:20:00 - [MESSAGE][PASSED] - Actual text and expected text of test object 'Object Repository/LoggedInReactPages/Order (react)/VtrPrice10' are matched.

2018-05-29 11:20:00 - [TEST_STEP][PASSED] - verifyElementText: Actual text and expected text of test object 'Object Repository/LoggedInReactPages/Order (react)/VtrPrice50' are matched.

2018-05-29 11:20:00 - [MESSAGE][PASSED] - Actual text and expected text of test object 'Object Repository/LoggedInReactPages/Order (react)/VtrPrice50' are matched.

2018-05-29 11:20:00 - [TEST_STEP][PASSED] - closeBrowser: Browser is closed

2018-05-29 11:20:00 - [MESSAGE][PASSED] - Browser is closed]]></system-out>
         <system-err><![CDATA[]]></system-err>
      </testcase>
      <testcase name="Test Cases/LoginEmptyEmail" classname="Test Cases/LoginEmptyEmail" status="PASSED">
         <system-out><![CDATA[2018-05-29 11:20:00 - [TEST_CASE][PASSED] - Test Cases/LoginEmptyEmail: Test Cases/LoginEmptyEmail

2018-05-29 11:20:01 - [TEST_STEP][PASSED] - openBrowser: Browser is opened with url: ''

2018-05-29 11:20:03 - [MESSAGE][PASSED] - Browser is opened with url: ''

2018-05-29 11:20:03 - [TEST_STEP][PASSED] - maximizeWindow: Current window maximized

2018-05-29 11:20:04 - [MESSAGE][PASSED] - Current window maximized

2018-05-29 11:20:04 - [TEST_STEP][PASSED] - navigateToUrl: Navigate to 'https://staging.instavin.com/' successfully

2018-05-29 11:20:06 - [MESSAGE][PASSED] - Navigate to 'https://staging.instavin.com/' successfully

2018-05-29 11:20:06 - [TEST_STEP][PASSED] - mouseOver: Object: 'Object Repository/LoggedOutReactPages/CommonElements/SignIn_Label' is hovered

2018-05-29 11:20:06 - [MESSAGE][PASSED] - Object: 'Object Repository/LoggedOutReactPages/CommonElements/SignIn_Label' is hovered

2018-05-29 11:20:06 - [TEST_STEP][PASSED] - verifyElementVisible: Object 'Object Repository/LoggedOutReactPages/CommonElements/SignIn_Button' is visible

2018-05-29 11:20:06 - [MESSAGE][PASSED] - Object 'Object Repository/LoggedOutReactPages/CommonElements/SignIn_Button' is visible

2018-05-29 11:20:06 - [TEST_STEP][PASSED] - verifyElementVisible: Object 'Object Repository/LoggedOutReactPages/CommonElements/ForgotPassword_Link' is visible

2018-05-29 11:20:06 - [MESSAGE][PASSED] - Object 'Object Repository/LoggedOutReactPages/CommonElements/ForgotPassword_Link' is visible

2018-05-29 11:20:06 - [TEST_STEP][PASSED] - setText: Text '' is set on object 'Object Repository/LoggedOutReactPages/CommonElements/Email_input'

2018-05-29 11:20:06 - [MESSAGE][PASSED] - Text '' is set on object 'Object Repository/LoggedOutReactPages/CommonElements/Email_input'

2018-05-29 11:20:06 - [TEST_STEP][PASSED] - setText: Text 'WrongPassword' is set on object 'Object Repository/LoggedOutReactPages/CommonElements/Password_input'

2018-05-29 11:20:06 - [MESSAGE][PASSED] - Text 'WrongPassword' is set on object 'Object Repository/LoggedOutReactPages/CommonElements/Password_input'

2018-05-29 11:20:06 - [TEST_STEP][PASSED] - click: Object: 'Object Repository/LoggedOutReactPages/CommonElements/SignIn_Button' is clicked on

2018-05-29 11:20:07 - [MESSAGE][PASSED] - Object: 'Object Repository/LoggedOutReactPages/CommonElements/SignIn_Button' is clicked on

2018-05-29 11:20:07 - [TEST_STEP][PASSED] - verifyElementPresent: Object 'Object Repository/LoggedOutReactPages/CommonElements/SignInErrors_Area' is present

2018-05-29 11:20:07 - [MESSAGE][WARNING] - Timeout '0' is invalid. Using default page load timeout: '30'

2018-05-29 11:20:07 - [MESSAGE][PASSED] - Object 'Object Repository/LoggedOutReactPages/CommonElements/SignInErrors_Area' is present

2018-05-29 11:20:07 - [TEST_STEP][PASSED] - waitForElementVisible: Object 'Object Repository/LoggedOutReactPages/CommonElements/SignInErrors_Area' is visible

2018-05-29 11:20:07 - [MESSAGE][WARNING] - Timeout '0' is invalid. Using default page load timeout: '30'

2018-05-29 11:20:07 - [MESSAGE][PASSED] - Object 'Object Repository/LoggedOutReactPages/CommonElements/SignInErrors_Area' is visible

2018-05-29 11:20:07 - [TEST_STEP][PASSED] - verifyElementText: Actual text and expected text of test object 'Object Repository/LoggedOutReactPages/CommonElements/SignInErrors_Area' are matched.

2018-05-29 11:20:07 - [MESSAGE][PASSED] - Actual text and expected text of test object 'Object Repository/LoggedOutReactPages/CommonElements/SignInErrors_Area' are matched.

2018-05-29 11:20:07 - [TEST_STEP][PASSED] - verifyElementAttributeValue: Object 'Object Repository/LoggedOutReactPages/CommonElements/Email_input' has attribute 'class' with value 'error'

2018-05-29 11:20:07 - [MESSAGE][WARNING] - Timeout '0' is invalid. Using default page load timeout: '30'

2018-05-29 11:20:07 - [MESSAGE][PASSED] - Object 'Object Repository/LoggedOutReactPages/CommonElements/Email_input' has attribute 'class' with value 'error'

2018-05-29 11:20:07 - [TEST_STEP][PASSED] - closeBrowser: Browser is closed

2018-05-29 11:20:08 - [MESSAGE][PASSED] - Browser is closed]]></system-out>
         <system-err><![CDATA[]]></system-err>
      </testcase>
      <testcase name="Test Cases/LoginWrongPass" classname="Test Cases/LoginWrongPass" status="PASSED">
         <system-out><![CDATA[2018-05-29 11:20:08 - [TEST_CASE][PASSED] - Test Cases/LoginWrongPass: Test Cases/LoginWrongPass

2018-05-29 11:20:08 - [TEST_STEP][PASSED] - openBrowser: Browser is opened with url: ''

2018-05-29 11:20:10 - [MESSAGE][PASSED] - Browser is opened with url: ''

2018-05-29 11:20:10 - [TEST_STEP][PASSED] - maximizeWindow: Current window maximized

2018-05-29 11:20:12 - [MESSAGE][PASSED] - Current window maximized

2018-05-29 11:20:12 - [TEST_STEP][PASSED] - navigateToUrl: Navigate to 'https://staging.instavin.com/' successfully

2018-05-29 11:20:14 - [MESSAGE][PASSED] - Navigate to 'https://staging.instavin.com/' successfully

2018-05-29 11:20:14 - [TEST_STEP][PASSED] - mouseOver: Object: 'Object Repository/LoggedOutReactPages/CommonElements/SignIn_Label' is hovered

2018-05-29 11:20:14 - [MESSAGE][PASSED] - Object: 'Object Repository/LoggedOutReactPages/CommonElements/SignIn_Label' is hovered

2018-05-29 11:20:14 - [TEST_STEP][PASSED] - verifyElementVisible: Object 'Object Repository/LoggedOutReactPages/CommonElements/SignIn_Button' is visible

2018-05-29 11:20:14 - [MESSAGE][PASSED] - Object 'Object Repository/LoggedOutReactPages/CommonElements/SignIn_Button' is visible

2018-05-29 11:20:14 - [TEST_STEP][PASSED] - verifyElementVisible: Object 'Object Repository/LoggedOutReactPages/CommonElements/ForgotPassword_Link' is visible

2018-05-29 11:20:14 - [MESSAGE][PASSED] - Object 'Object Repository/LoggedOutReactPages/CommonElements/ForgotPassword_Link' is visible

2018-05-29 11:20:14 - [TEST_STEP][PASSED] - setText: Text 'consumer1@mailinator.com' is set on object 'Object Repository/LoggedOutReactPages/CommonElements/Email_input'

2018-05-29 11:20:14 - [MESSAGE][PASSED] - Text 'consumer1@mailinator.com' is set on object 'Object Repository/LoggedOutReactPages/CommonElements/Email_input'

2018-05-29 11:20:14 - [TEST_STEP][PASSED] - setText: Text '222' is set on object 'Object Repository/LoggedOutReactPages/CommonElements/Password_input'

2018-05-29 11:20:14 - [MESSAGE][PASSED] - Text '222' is set on object 'Object Repository/LoggedOutReactPages/CommonElements/Password_input'

2018-05-29 11:20:14 - [TEST_STEP][PASSED] - click: Object: 'Object Repository/LoggedOutReactPages/CommonElements/SignIn_Button' is clicked on

2018-05-29 11:20:15 - [MESSAGE][PASSED] - Object: 'Object Repository/LoggedOutReactPages/CommonElements/SignIn_Button' is clicked on

2018-05-29 11:20:15 - [TEST_STEP][PASSED] - verifyElementPresent: Object 'Object Repository/LoggedOutReactPages/CommonElements/SignInErrors_Area' is present

2018-05-29 11:20:15 - [MESSAGE][WARNING] - Timeout '0' is invalid. Using default page load timeout: '30'

2018-05-29 11:20:15 - [MESSAGE][PASSED] - Object 'Object Repository/LoggedOutReactPages/CommonElements/SignInErrors_Area' is present

2018-05-29 11:20:15 - [TEST_STEP][PASSED] - waitForElementVisible: Object 'Object Repository/LoggedOutReactPages/CommonElements/SignInErrors_Area' is visible

2018-05-29 11:20:15 - [MESSAGE][WARNING] - Timeout '0' is invalid. Using default page load timeout: '30'

2018-05-29 11:20:15 - [MESSAGE][PASSED] - Object 'Object Repository/LoggedOutReactPages/CommonElements/SignInErrors_Area' is visible

2018-05-29 11:20:15 - [TEST_STEP][PASSED] - verifyElementText: Actual text and expected text of test object 'Object Repository/LoggedOutReactPages/CommonElements/SignInErrors_Area' are matched.

2018-05-29 11:20:15 - [MESSAGE][PASSED] - Actual text and expected text of test object 'Object Repository/LoggedOutReactPages/CommonElements/SignInErrors_Area' are matched.

2018-05-29 11:20:15 - [TEST_STEP][PASSED] - closeBrowser: Browser is closed

2018-05-29 11:20:16 - [MESSAGE][PASSED] - Browser is closed]]></system-out>
         <system-err><![CDATA[]]></system-err>
      </testcase>
      <testcase name="Test Cases/LoginSuccess" classname="Test Cases/LoginSuccess" status="PASSED">
         <system-out><![CDATA[2018-05-29 11:20:16 - [TEST_CASE][PASSED] - Test Cases/LoginSuccess: Test Cases/LoginSuccess

2018-05-29 11:20:16 - [TEST_STEP][PASSED] - openBrowser: Browser is opened with url: ''

2018-05-29 11:20:18 - [MESSAGE][PASSED] - Browser is opened with url: ''

2018-05-29 11:20:18 - [TEST_STEP][PASSED] - maximizeWindow: Current window maximized

2018-05-29 11:20:19 - [MESSAGE][PASSED] - Current window maximized

2018-05-29 11:20:19 - [TEST_STEP][PASSED] - navigateToUrl: Navigate to 'https://staging.instavin.com/' successfully

2018-05-29 11:20:22 - [MESSAGE][PASSED] - Navigate to 'https://staging.instavin.com/' successfully

2018-05-29 11:20:22 - [TEST_STEP][PASSED] - verifyElementPresent: Object 'Object Repository/LoggedOutReactPages/CommonElements/SignIn_Label' is present

2018-05-29 11:20:22 - [MESSAGE][WARNING] - Timeout '0' is invalid. Using default page load timeout: '30'

2018-05-29 11:20:22 - [MESSAGE][PASSED] - Object 'Object Repository/LoggedOutReactPages/CommonElements/SignIn_Label' is present

2018-05-29 11:20:22 - [TEST_STEP][PASSED] - mouseOver: Object: 'Object Repository/LoggedOutReactPages/CommonElements/SignIn_Label' is hovered

2018-05-29 11:20:22 - [MESSAGE][PASSED] - Object: 'Object Repository/LoggedOutReactPages/CommonElements/SignIn_Label' is hovered

2018-05-29 11:20:22 - [TEST_STEP][PASSED] - verifyElementVisible: Object 'Object Repository/LoggedOutReactPages/CommonElements/SignIn_Label' is visible

2018-05-29 11:20:22 - [MESSAGE][PASSED] - Object 'Object Repository/LoggedOutReactPages/CommonElements/SignIn_Label' is visible

2018-05-29 11:20:22 - [TEST_STEP][PASSED] - verifyElementVisible: Object 'Object Repository/LoggedOutReactPages/CommonElements/ForgotPassword_Link' is visible

2018-05-29 11:20:22 - [MESSAGE][PASSED] - Object 'Object Repository/LoggedOutReactPages/CommonElements/ForgotPassword_Link' is visible

2018-05-29 11:20:22 - [TEST_STEP][PASSED] - setText: Text 'consumer1@mailinator.com' is set on object 'Object Repository/LoggedOutReactPages/CommonElements/Email_input'

2018-05-29 11:20:22 - [MESSAGE][PASSED] - Text 'consumer1@mailinator.com' is set on object 'Object Repository/LoggedOutReactPages/CommonElements/Email_input'

2018-05-29 11:20:22 - [TEST_STEP][PASSED] - setText: Text '111111' is set on object 'Object Repository/LoggedOutReactPages/CommonElements/Password_input'

2018-05-29 11:20:23 - [MESSAGE][PASSED] - Text '111111' is set on object 'Object Repository/LoggedOutReactPages/CommonElements/Password_input'

2018-05-29 11:20:23 - [TEST_STEP][PASSED] - click: Object: 'Object Repository/LoggedOutReactPages/CommonElements/SignIn_Button' is clicked on

2018-05-29 11:20:23 - [MESSAGE][PASSED] - Object: 'Object Repository/LoggedOutReactPages/CommonElements/SignIn_Button' is clicked on

2018-05-29 11:20:23 - [TEST_STEP][PASSED] - waitForElementVisible: Object 'Object Repository/LoggedInReactPages/Dashboard (react)/Dashboard_Header' is visible

2018-05-29 11:20:23 - [MESSAGE][WARNING] - Timeout '0' is invalid. Using default page load timeout: '30'

2018-05-29 11:20:24 - [MESSAGE][PASSED] - Object 'Object Repository/LoggedInReactPages/Dashboard (react)/Dashboard_Header' is visible

2018-05-29 11:20:24 - [TEST_STEP][PASSED] - Statement - LoginRedirect = com.kms.katalon.core.webui.keyword.WebUiBuiltInKeywords.getUrl(): Current window's url is: 'https://staging.instavin.com/my-account'

2018-05-29 11:20:24 - [MESSAGE][PASSED] - Current window's url is: 'https://staging.instavin.com/my-account'

2018-05-29 11:20:24 - [TEST_STEP][PASSED] - Statement - ExpectedLoginRedirect = com.kms.katalon.core.webui.keyword.WebUiBuiltInKeywords.concatenate([StagingReact, "my-account"]): Concatenated string array: '['https://staging.instavin.com/','my-account']' into 'https://staging.instavin.com/my-account'

2018-05-29 11:20:24 - [MESSAGE][PASSED] - Concatenated string array: '['https://staging.instavin.com/','my-account']' into 'https://staging.instavin.com/my-account'

2018-05-29 11:20:24 - [TEST_STEP][PASSED] - verifyMatch: Actual text 'https://staging.instavin.com/my-account' and expected text 'https://staging.instavin.com/my-account' are matched 

2018-05-29 11:20:24 - [MESSAGE][PASSED] - Actual text 'https://staging.instavin.com/my-account' and expected text 'https://staging.instavin.com/my-account' are matched 

2018-05-29 11:20:24 - [TEST_STEP][PASSED] - verifyElementAttributeValue: Object 'Object Repository/LoggedInReactPages/MyAccount (react)/DashboardSideMenu_Tab' has attribute 'class' with value 'SideMenuTab ActiveSideMenu'

2018-05-29 11:20:24 - [MESSAGE][WARNING] - Timeout '0' is invalid. Using default page load timeout: '30'

2018-05-29 11:20:24 - [MESSAGE][PASSED] - Object 'Object Repository/LoggedInReactPages/MyAccount (react)/DashboardSideMenu_Tab' has attribute 'class' with value 'SideMenuTab ActiveSideMenu'

2018-05-29 11:20:24 - [TEST_STEP][PASSED] - mouseOver: Object: 'Object Repository/LoggedInReactPages/MyAccount (react)/MyAccount_Label' is hovered

2018-05-29 11:20:24 - [MESSAGE][PASSED] - Object: 'Object Repository/LoggedInReactPages/MyAccount (react)/MyAccount_Label' is hovered

2018-05-29 11:20:24 - [TEST_STEP][PASSED] - verifyElementPresent: Object 'Object Repository/LoggedInReactPages/MyAccount (react)/DropdownLogout' is present

2018-05-29 11:20:25 - [MESSAGE][PASSED] - Object 'Object Repository/LoggedInReactPages/MyAccount (react)/DropdownLogout' is present

2018-05-29 11:20:25 - [TEST_STEP][PASSED] - closeBrowser: Browser is closed

2018-05-29 11:20:25 - [MESSAGE][PASSED] - Browser is closed]]></system-out>
         <system-err><![CDATA[]]></system-err>
      </testcase>
      <testcase name="Test Cases/BillingInfo - CheckCurrentCard" classname="Test Cases/BillingInfo - CheckCurrentCard" status="PASSED">
         <system-out><![CDATA[2018-05-29 11:20:25 - [TEST_CASE][PASSED] - Test Cases/BillingInfo - CheckCurrentCard: Test Cases/BillingInfo - CheckCurrentCard

2018-05-29 11:20:26 - [TEST_STEP][PASSED] - callTestCase: Call Test Case 'Test Cases/Base Tests/LoginBaseTest' successfully

2018-05-29 11:20:26 - [TEST_CASE][PASSED] - Test Cases/Base Tests/LoginBaseTest: Test Cases/Base Tests/LoginBaseTest

2018-05-29 11:20:26 - [TEST_STEP][PASSED] - openBrowser: Browser is opened with url: ''

2018-05-29 11:20:28 - [MESSAGE][PASSED] - Browser is opened with url: ''

2018-05-29 11:20:28 - [TEST_STEP][PASSED] - maximizeWindow: Current window maximized

2018-05-29 11:20:29 - [MESSAGE][PASSED] - Current window maximized

2018-05-29 11:20:29 - [TEST_STEP][PASSED] - navigateToUrl: Navigate to 'https://staging.instavin.com/' successfully

2018-05-29 11:20:33 - [MESSAGE][PASSED] - Navigate to 'https://staging.instavin.com/' successfully

2018-05-29 11:20:33 - [TEST_STEP][PASSED] - mouseOver: Object: 'Object Repository/LoggedOutReactPages/CommonElements/SignIn_Label' is hovered

2018-05-29 11:20:33 - [MESSAGE][PASSED] - Object: 'Object Repository/LoggedOutReactPages/CommonElements/SignIn_Label' is hovered

2018-05-29 11:20:33 - [TEST_STEP][PASSED] - verifyElementVisible: Object 'Object Repository/LoggedOutReactPages/CommonElements/SignIn_Button' is visible

2018-05-29 11:20:33 - [MESSAGE][PASSED] - Object 'Object Repository/LoggedOutReactPages/CommonElements/SignIn_Button' is visible

2018-05-29 11:20:33 - [TEST_STEP][PASSED] - setText: Text 'consumer1@mailinator.com' is set on object 'Object Repository/LoggedOutReactPages/CommonElements/Email_input'

2018-05-29 11:20:34 - [MESSAGE][PASSED] - Text 'consumer1@mailinator.com' is set on object 'Object Repository/LoggedOutReactPages/CommonElements/Email_input'

2018-05-29 11:20:34 - [TEST_STEP][PASSED] - setText: Text '111111' is set on object 'Object Repository/LoggedOutReactPages/CommonElements/Password_input'

2018-05-29 11:20:34 - [MESSAGE][PASSED] - Text '111111' is set on object 'Object Repository/LoggedOutReactPages/CommonElements/Password_input'

2018-05-29 11:20:34 - [TEST_STEP][PASSED] - click: Object: 'Object Repository/LoggedOutReactPages/CommonElements/SignIn_Button' is clicked on

2018-05-29 11:20:34 - [MESSAGE][PASSED] - Object: 'Object Repository/LoggedOutReactPages/CommonElements/SignIn_Button' is clicked on

2018-05-29 11:20:34 - [MESSAGE][PASSED] - Call Test Case 'Test Cases/Base Tests/LoginBaseTest' successfully

2018-05-29 11:20:34 - [TEST_STEP][PASSED] - verifyElementVisible: Object 'Object Repository/LoggedInReactPages/MyAccount (react)/Account_Header' is visible

2018-05-29 11:20:37 - [MESSAGE][PASSED] - Object 'Object Repository/LoggedInReactPages/MyAccount (react)/Account_Header' is visible

2018-05-29 11:20:37 - [TEST_STEP][PASSED] - Statement - HeaderText = com.kms.katalon.core.webui.keyword.WebUiBuiltInKeywords.concatenate(["For ", FirstName, " ", LastName], STOP_ON_FAILURE): Concatenated string array: '['For ','Uno',' ','Consumer']' into 'For Uno Consumer'

2018-05-29 11:20:37 - [MESSAGE][PASSED] - Concatenated string array: '['For ','Uno',' ','Consumer']' into 'For Uno Consumer'

2018-05-29 11:20:37 - [TEST_STEP][PASSED] - verifyElementText: Actual text and expected text of test object 'Object Repository/LoggedInReactPages/MyAccount (react)/Account_Header' are matched.

2018-05-29 11:20:37 - [MESSAGE][PASSED] - Actual text and expected text of test object 'Object Repository/LoggedInReactPages/MyAccount (react)/Account_Header' are matched.

2018-05-29 11:20:37 - [TEST_STEP][PASSED] - click: Object: 'Object Repository/LoggedInReactPages/BillingInfo (react)/BillingInfoSideMenu_Link' is clicked on

2018-05-29 11:20:37 - [MESSAGE][PASSED] - Object: 'Object Repository/LoggedInReactPages/BillingInfo (react)/BillingInfoSideMenu_Link' is clicked on

2018-05-29 11:20:37 - [TEST_STEP][PASSED] - waitForElementVisible: Object 'Object Repository/LoggedInReactPages/MyAccount (react)/BillingInfoSideMenu_Tab' is visible

2018-05-29 11:20:37 - [MESSAGE][WARNING] - Timeout '0' is invalid. Using default page load timeout: '30'

2018-05-29 11:20:37 - [MESSAGE][PASSED] - Object 'Object Repository/LoggedInReactPages/MyAccount (react)/BillingInfoSideMenu_Tab' is visible

2018-05-29 11:20:37 - [TEST_STEP][PASSED] - waitForElementVisible: Object 'Object Repository/LoggedInReactPages/BillingInfo (react)/VisaImage' is visible

2018-05-29 11:20:37 - [MESSAGE][WARNING] - Timeout '0' is invalid. Using default page load timeout: '30'

2018-05-29 11:20:38 - [MESSAGE][PASSED] - Object 'Object Repository/LoggedInReactPages/BillingInfo (react)/VisaImage' is visible

2018-05-29 11:20:38 - [TEST_STEP][PASSED] - verifyTextPresent: Text '•••• •••• •••• 2224' is present on page 

2018-05-29 11:20:39 - [MESSAGE][PASSED] - Text '•••• •••• •••• 2224' is present on page 

2018-05-29 11:20:39 - [TEST_STEP][PASSED] - closeBrowser: Browser is closed

2018-05-29 11:20:39 - [MESSAGE][PASSED] - Browser is closed]]></system-out>
         <system-err><![CDATA[]]></system-err>
      </testcase>
      <testcase name="Test Cases/CheckVINfromHomeLoggedIn - EmptyVIN" classname="Test Cases/CheckVINfromHomeLoggedIn - EmptyVIN" status="PASSED">
         <system-out><![CDATA[2018-05-29 11:20:39 - [TEST_CASE][PASSED] - Test Cases/CheckVINfromHomeLoggedIn - EmptyVIN: Test Cases/CheckVINfromHomeLoggedIn - EmptyVIN

2018-05-29 11:20:39 - [TEST_STEP][PASSED] - callTestCase: Call Test Case 'Test Cases/Base Tests/LoginBaseTest' successfully

2018-05-29 11:20:39 - [TEST_CASE][PASSED] - Test Cases/Base Tests/LoginBaseTest: Test Cases/Base Tests/LoginBaseTest

2018-05-29 11:20:39 - [TEST_STEP][PASSED] - openBrowser: Browser is opened with url: ''

2018-05-29 11:20:42 - [MESSAGE][PASSED] - Browser is opened with url: ''

2018-05-29 11:20:42 - [TEST_STEP][PASSED] - maximizeWindow: Current window maximized

2018-05-29 11:20:43 - [MESSAGE][PASSED] - Current window maximized

2018-05-29 11:20:43 - [TEST_STEP][PASSED] - navigateToUrl: Navigate to 'https://staging.instavin.com/' successfully

2018-05-29 11:20:46 - [MESSAGE][PASSED] - Navigate to 'https://staging.instavin.com/' successfully

2018-05-29 11:20:46 - [TEST_STEP][PASSED] - mouseOver: Object: 'Object Repository/LoggedOutReactPages/CommonElements/SignIn_Label' is hovered

2018-05-29 11:20:46 - [MESSAGE][PASSED] - Object: 'Object Repository/LoggedOutReactPages/CommonElements/SignIn_Label' is hovered

2018-05-29 11:20:46 - [TEST_STEP][PASSED] - verifyElementVisible: Object 'Object Repository/LoggedOutReactPages/CommonElements/SignIn_Button' is visible

2018-05-29 11:20:46 - [MESSAGE][PASSED] - Object 'Object Repository/LoggedOutReactPages/CommonElements/SignIn_Button' is visible

2018-05-29 11:20:46 - [TEST_STEP][PASSED] - setText: Text 'consumer1@mailinator.com' is set on object 'Object Repository/LoggedOutReactPages/CommonElements/Email_input'

2018-05-29 11:20:46 - [MESSAGE][PASSED] - Text 'consumer1@mailinator.com' is set on object 'Object Repository/LoggedOutReactPages/CommonElements/Email_input'

2018-05-29 11:20:46 - [TEST_STEP][PASSED] - setText: Text '111111' is set on object 'Object Repository/LoggedOutReactPages/CommonElements/Password_input'

2018-05-29 11:20:46 - [MESSAGE][PASSED] - Text '111111' is set on object 'Object Repository/LoggedOutReactPages/CommonElements/Password_input'

2018-05-29 11:20:46 - [TEST_STEP][PASSED] - click: Object: 'Object Repository/LoggedOutReactPages/CommonElements/SignIn_Button' is clicked on

2018-05-29 11:20:46 - [MESSAGE][PASSED] - Object: 'Object Repository/LoggedOutReactPages/CommonElements/SignIn_Button' is clicked on

2018-05-29 11:20:46 - [MESSAGE][PASSED] - Call Test Case 'Test Cases/Base Tests/LoginBaseTest' successfully

2018-05-29 11:20:46 - [TEST_STEP][PASSED] - verifyElementVisible: Object 'Object Repository/LoggedInReactPages/MyAccount (react)/Account_Header' is visible

2018-05-29 11:20:48 - [MESSAGE][PASSED] - Object 'Object Repository/LoggedInReactPages/MyAccount (react)/Account_Header' is visible

2018-05-29 11:20:48 - [TEST_STEP][PASSED] - navigateToUrl: Navigate to 'https://staging.instavin.com/' successfully

2018-05-29 11:20:48 - [MESSAGE][PASSED] - Navigate to 'https://staging.instavin.com/' successfully

2018-05-29 11:20:48 - [TEST_STEP][PASSED] - waitForElementPresent: Object 'Object Repository/LoggedOutReactPages/HomeLoggedOut/EnterVIN_input' is present

2018-05-29 11:20:48 - [MESSAGE][WARNING] - Timeout '0' is invalid. Using default page load timeout: '30'

2018-05-29 11:20:48 - [MESSAGE][PASSED] - Object 'Object Repository/LoggedOutReactPages/HomeLoggedOut/EnterVIN_input' is present

2018-05-29 11:20:48 - [TEST_STEP][PASSED] - verifyElementAttributeValue: Object 'Object Repository/LoggedOutReactPages/HomeLoggedOut/EnterVIN_input' has attribute 'placeholder' with value 'ENTER VIN NUMBER'

2018-05-29 11:20:48 - [MESSAGE][WARNING] - Timeout '0' is invalid. Using default page load timeout: '30'

2018-05-29 11:20:48 - [MESSAGE][PASSED] - Object 'Object Repository/LoggedOutReactPages/HomeLoggedOut/EnterVIN_input' has attribute 'placeholder' with value 'ENTER VIN NUMBER'

2018-05-29 11:20:48 - [TEST_STEP][PASSED] - setText: Text '' is set on object 'Object Repository/LoggedOutReactPages/HomeLoggedOut/EnterVIN_input'

2018-05-29 11:20:49 - [MESSAGE][PASSED] - Text '' is set on object 'Object Repository/LoggedOutReactPages/HomeLoggedOut/EnterVIN_input'

2018-05-29 11:20:49 - [TEST_STEP][PASSED] - click: Object: 'Object Repository/LoggedOutReactPages/HomeLoggedOut/SubmitVinArrow_Button' is clicked on

2018-05-29 11:20:50 - [MESSAGE][PASSED] - Object: 'Object Repository/LoggedOutReactPages/HomeLoggedOut/SubmitVinArrow_Button' is clicked on

2018-05-29 11:20:50 - [TEST_STEP][PASSED] - waitForElementVisible: Object 'Object Repository/LoggedInReactPages/Order (react)/instaVINProducts_Label' is visible

2018-05-29 11:20:50 - [MESSAGE][WARNING] - Timeout '0' is invalid. Using default page load timeout: '30'

2018-05-29 11:20:50 - [MESSAGE][PASSED] - Object 'Object Repository/LoggedInReactPages/Order (react)/instaVINProducts_Label' is visible

2018-05-29 11:20:50 - [TEST_STEP][PASSED] - verifyElementPresent: Object 'Object Repository/LoggedInReactPages/Order (react)/MyAccount_Label' is present

2018-05-29 11:20:50 - [MESSAGE][WARNING] - Timeout '0' is invalid. Using default page load timeout: '30'

2018-05-29 11:20:50 - [MESSAGE][PASSED] - Object 'Object Repository/LoggedInReactPages/Order (react)/MyAccount_Label' is present

2018-05-29 11:20:50 - [TEST_STEP][PASSED] - verifyElementNotPresent: Web element with id: 'Object Repository/LoggedInReactPages/Order (react)/ChangeVIN_Cross' located by 'By.xpath: //div[@class='CloseButton']' is not present after '30' second(s)

2018-05-29 11:20:50 - [MESSAGE][WARNING] - Timeout '0' is invalid. Using default page load timeout: '30'

2018-05-29 11:20:50 - [MESSAGE][PASSED] - Web element with id: 'Object Repository/LoggedInReactPages/Order (react)/ChangeVIN_Cross' located by 'By.xpath: //div[@class='CloseButton']' is not present after '30' second(s)

2018-05-29 11:20:50 - [TEST_STEP][PASSED] - verifyElementNotPresent: Web element with id: 'Object Repository/LoggedInReactPages/Order (react)/VINdisplayed' located by 'By.xpath: //span[@id='VehicleSummary_Vin']' is not present after '30' second(s)

2018-05-29 11:20:50 - [MESSAGE][WARNING] - Timeout '0' is invalid. Using default page load timeout: '30'

2018-05-29 11:20:50 - [MESSAGE][PASSED] - Web element with id: 'Object Repository/LoggedInReactPages/Order (react)/VINdisplayed' located by 'By.xpath: //span[@id='VehicleSummary_Vin']' is not present after '30' second(s)

2018-05-29 11:20:50 - [TEST_STEP][PASSED] - verifyElementText: Actual text and expected text of test object 'Object Repository/LoggedInReactPages/Order (react)/RecordsAreAvailable_Alert' are matched.

2018-05-29 11:20:50 - [MESSAGE][PASSED] - Actual text and expected text of test object 'Object Repository/LoggedInReactPages/Order (react)/RecordsAreAvailable_Alert' are matched.

2018-05-29 11:20:50 - [TEST_STEP][PASSED] - verifyElementVisible: Object 'Object Repository/LoggedInReactPages/Order (react)/VINCheckForm_EnterVINInput' is visible

2018-05-29 11:20:50 - [MESSAGE][PASSED] - Object 'Object Repository/LoggedInReactPages/Order (react)/VINCheckForm_EnterVINInput' is visible

2018-05-29 11:20:50 - [TEST_STEP][PASSED] - verifyElementAttributeValue: Object 'Object Repository/LoggedInReactPages/Order (react)/VINCheckForm_EnterVINInput' has attribute 'value' with value ''

2018-05-29 11:20:50 - [MESSAGE][WARNING] - Timeout '0' is invalid. Using default page load timeout: '30'

2018-05-29 11:20:50 - [MESSAGE][PASSED] - Object 'Object Repository/LoggedInReactPages/Order (react)/VINCheckForm_EnterVINInput' has attribute 'value' with value ''

2018-05-29 11:20:50 - [TEST_STEP][PASSED] - verifyElementNotPresent: Web element with id: 'Object Repository/LoggedInReactPages/Order (react)/OrderNow_OrangeButton' located by 'By.xpath: //button[@class = 'btn btn-default HasRightIcon orderButtonSmall' and (text() = 'Order Now' or . = 'Order Now')]' is not present after '30' second(s)

2018-05-29 11:20:50 - [MESSAGE][WARNING] - Timeout '0' is invalid. Using default page load timeout: '30'

2018-05-29 11:20:50 - [MESSAGE][PASSED] - Web element with id: 'Object Repository/LoggedInReactPages/Order (react)/OrderNow_OrangeButton' located by 'By.xpath: //button[@class = 'btn btn-default HasRightIcon orderButtonSmall' and (text() = 'Order Now' or . = 'Order Now')]' is not present after '30' second(s)

2018-05-29 11:20:50 - [TEST_STEP][PASSED] - closeBrowser: Browser is closed

2018-05-29 11:20:51 - [MESSAGE][PASSED] - Browser is closed]]></system-out>
         <system-err><![CDATA[]]></system-err>
      </testcase>
      <testcase name="Test Cases/CheckVINfromHomeLoggedIn - NoSticker" classname="Test Cases/CheckVINfromHomeLoggedIn - NoSticker" status="FAILED">
         <failure type="FAILED" message="Verify element text of test object 'Object Repository/LoggedInReactPages/Order (react)/VinDetails_Alert' FAILED. (Root cause: com.kms.katalon.core.webui.exception.WebElementNotFoundException: Web element with id: 'Object Repository/LoggedInReactPages/Order (react)/VinDetails_Alert' located by 'By.xpath: //div[@class='orderVinDetails']' not found)"/>
         <system-out><![CDATA[2018-05-29 11:20:51 - [TEST_CASE][FAILED] - Test Cases/CheckVINfromHomeLoggedIn - NoSticker: Test Cases/CheckVINfromHomeLoggedIn - NoSticker FAILED because (of) Verify element text of test object 'Object Repository/LoggedInReactPages/Order (react)/VinDetails_Alert' FAILED. (Root cause: com.kms.katalon.core.webui.exception.WebElementNotFoundException: Web element with id: 'Object Repository/LoggedInReactPages/Order (react)/VinDetails_Alert' located by 'By.xpath: //div[@class='orderVinDetails']' not found)

2018-05-29 11:20:51 - [TEST_STEP][PASSED] - callTestCase: Call Test Case 'Test Cases/Base Tests/LoginBaseTest' successfully

2018-05-29 11:20:51 - [TEST_CASE][PASSED] - Test Cases/Base Tests/LoginBaseTest: Test Cases/Base Tests/LoginBaseTest

2018-05-29 11:20:51 - [TEST_STEP][PASSED] - openBrowser: Browser is opened with url: ''

2018-05-29 11:20:53 - [MESSAGE][PASSED] - Browser is opened with url: ''

2018-05-29 11:20:53 - [TEST_STEP][PASSED] - maximizeWindow: Current window maximized

2018-05-29 11:20:54 - [MESSAGE][PASSED] - Current window maximized

2018-05-29 11:20:54 - [TEST_STEP][PASSED] - navigateToUrl: Navigate to 'https://staging.instavin.com/' successfully

2018-05-29 11:20:57 - [MESSAGE][PASSED] - Navigate to 'https://staging.instavin.com/' successfully

2018-05-29 11:20:57 - [TEST_STEP][PASSED] - mouseOver: Object: 'Object Repository/LoggedOutReactPages/CommonElements/SignIn_Label' is hovered

2018-05-29 11:20:57 - [MESSAGE][PASSED] - Object: 'Object Repository/LoggedOutReactPages/CommonElements/SignIn_Label' is hovered

2018-05-29 11:20:57 - [TEST_STEP][PASSED] - verifyElementVisible: Object 'Object Repository/LoggedOutReactPages/CommonElements/SignIn_Button' is visible

2018-05-29 11:20:57 - [MESSAGE][PASSED] - Object 'Object Repository/LoggedOutReactPages/CommonElements/SignIn_Button' is visible

2018-05-29 11:20:57 - [TEST_STEP][PASSED] - setText: Text 'consumer1@mailinator.com' is set on object 'Object Repository/LoggedOutReactPages/CommonElements/Email_input'

2018-05-29 11:20:57 - [MESSAGE][PASSED] - Text 'consumer1@mailinator.com' is set on object 'Object Repository/LoggedOutReactPages/CommonElements/Email_input'

2018-05-29 11:20:57 - [TEST_STEP][PASSED] - setText: Text '111111' is set on object 'Object Repository/LoggedOutReactPages/CommonElements/Password_input'

2018-05-29 11:20:58 - [MESSAGE][PASSED] - Text '111111' is set on object 'Object Repository/LoggedOutReactPages/CommonElements/Password_input'

2018-05-29 11:20:58 - [TEST_STEP][PASSED] - click: Object: 'Object Repository/LoggedOutReactPages/CommonElements/SignIn_Button' is clicked on

2018-05-29 11:20:58 - [MESSAGE][PASSED] - Object: 'Object Repository/LoggedOutReactPages/CommonElements/SignIn_Button' is clicked on

2018-05-29 11:20:58 - [MESSAGE][PASSED] - Call Test Case 'Test Cases/Base Tests/LoginBaseTest' successfully

2018-05-29 11:20:58 - [TEST_STEP][PASSED] - verifyElementVisible: Object 'Object Repository/LoggedInReactPages/MyAccount (react)/Account_Header' is visible

2018-05-29 11:20:59 - [MESSAGE][PASSED] - Object 'Object Repository/LoggedInReactPages/MyAccount (react)/Account_Header' is visible

2018-05-29 11:20:59 - [TEST_STEP][PASSED] - navigateToUrl: Navigate to 'https://staging.instavin.com/' successfully

2018-05-29 11:21:00 - [MESSAGE][PASSED] - Navigate to 'https://staging.instavin.com/' successfully

2018-05-29 11:21:00 - [TEST_STEP][PASSED] - waitForElementPresent: Object 'Object Repository/LoggedOutReactPages/HomeLoggedOut/EnterVIN_input' is present

2018-05-29 11:21:00 - [MESSAGE][WARNING] - Timeout '0' is invalid. Using default page load timeout: '30'

2018-05-29 11:21:00 - [MESSAGE][PASSED] - Object 'Object Repository/LoggedOutReactPages/HomeLoggedOut/EnterVIN_input' is present

2018-05-29 11:21:00 - [TEST_STEP][PASSED] - verifyElementAttributeValue: Object 'Object Repository/LoggedOutReactPages/HomeLoggedOut/EnterVIN_input' has attribute 'placeholder' with value 'ENTER VIN NUMBER'

2018-05-29 11:21:00 - [MESSAGE][WARNING] - Timeout '0' is invalid. Using default page load timeout: '30'

2018-05-29 11:21:00 - [MESSAGE][PASSED] - Object 'Object Repository/LoggedOutReactPages/HomeLoggedOut/EnterVIN_input' has attribute 'placeholder' with value 'ENTER VIN NUMBER'

2018-05-29 11:21:00 - [TEST_STEP][PASSED] - setText: Text 'JF1SF63591H766643' is set on object 'Object Repository/LoggedOutReactPages/HomeLoggedOut/EnterVIN_input'

2018-05-29 11:21:00 - [MESSAGE][PASSED] - Text 'JF1SF63591H766643' is set on object 'Object Repository/LoggedOutReactPages/HomeLoggedOut/EnterVIN_input'

2018-05-29 11:21:00 - [TEST_STEP][PASSED] - click: Object: 'Object Repository/LoggedOutReactPages/HomeLoggedOut/SubmitVinArrow_Button' is clicked on

2018-05-29 11:21:01 - [MESSAGE][PASSED] - Object: 'Object Repository/LoggedOutReactPages/HomeLoggedOut/SubmitVinArrow_Button' is clicked on

2018-05-29 11:21:01 - [TEST_STEP][PASSED] - waitForElementVisible: Object 'Object Repository/LoggedInReactPages/Order (react)/instaVINProducts_Label' is visible

2018-05-29 11:21:01 - [MESSAGE][WARNING] - Timeout '0' is invalid. Using default page load timeout: '30'

2018-05-29 11:21:01 - [MESSAGE][PASSED] - Object 'Object Repository/LoggedInReactPages/Order (react)/instaVINProducts_Label' is visible

2018-05-29 11:21:01 - [TEST_STEP][PASSED] - verifyElementPresent: Object 'Object Repository/LoggedInReactPages/Order (react)/MyAccount_Label' is present

2018-05-29 11:21:01 - [MESSAGE][WARNING] - Timeout '0' is invalid. Using default page load timeout: '30'

2018-05-29 11:21:01 - [MESSAGE][PASSED] - Object 'Object Repository/LoggedInReactPages/Order (react)/MyAccount_Label' is present

2018-05-29 11:21:01 - [TEST_STEP][PASSED] - verifyElementVisible: Object 'Object Repository/LoggedInReactPages/Order (react)/ChangeVIN_Cross' is visible

2018-05-29 11:21:01 - [MESSAGE][PASSED] - Object 'Object Repository/LoggedInReactPages/Order (react)/ChangeVIN_Cross' is visible

2018-05-29 11:21:01 - [TEST_STEP][PASSED] - verifyElementVisible: Object 'Object Repository/LoggedInReactPages/Order (react)/VINdisplayed' is visible

2018-05-29 11:21:01 - [MESSAGE][PASSED] - Object 'Object Repository/LoggedInReactPages/Order (react)/VINdisplayed' is visible

2018-05-29 11:21:01 - [TEST_STEP][FAILED] - verifyElementText: Verify element text of test object 'Object Repository/LoggedInReactPages/Order (react)/VinDetails_Alert' FAILED. (Root cause: com.kms.katalon.core.webui.exception.WebElementNotFoundException: Web element with id: 'Object Repository/LoggedInReactPages/Order (react)/VinDetails_Alert' located by 'By.xpath: //div[@class='orderVinDetails']' not found)

2018-05-29 11:21:33 - [MESSAGE][FAILED] - com.kms.katalon.core.webui.exception.WebElementNotFoundException: Web element with id: 'Object Repository/LoggedInReactPages/Order (react)/VinDetails_Alert' located by 'By.xpath: //div[@class='orderVinDetails']' not found
[[ATTACHMENT|C:\\Projects\\instaVIN\\tests\\instaVIN\\Reports\\Staging Smoke Test Suite\\20180529_111620\\1527582092810.png]]

2018-05-29 11:21:33 - [MESSAGE][FAILED] - Verify element text of test object 'Object Repository/LoggedInReactPages/Order (react)/VinDetails_Alert' FAILED. (Root cause: com.kms.katalon.core.webui.exception.WebElementNotFoundException: Web element with id: 'Object Repository/LoggedInReactPages/Order (react)/VinDetails_Alert' located by 'By.xpath: //div[@class='orderVinDetails']' not found)
[[ATTACHMENT|C:\\Projects\\instaVIN\\tests\\instaVIN\\Reports\\Staging Smoke Test Suite\\20180529_111620\\1527582093302.png]]]]></system-out>
         <system-err><![CDATA[2018-05-29 11:20:51 - [TEST_CASE][FAILED] - Test Cases/CheckVINfromHomeLoggedIn - NoSticker: Test Cases/CheckVINfromHomeLoggedIn - NoSticker FAILED because (of) Verify element text of test object 'Object Repository/LoggedInReactPages/Order (react)/VinDetails_Alert' FAILED. (Root cause: com.kms.katalon.core.webui.exception.WebElementNotFoundException: Web element with id: 'Object Repository/LoggedInReactPages/Order (react)/VinDetails_Alert' located by 'By.xpath: //div[@class='orderVinDetails']' not found)]]></system-err>
      </testcase>
      <testcase name="Test Cases/CheckVINfromHomeLoggedIn - ShortVINwith9Digits" classname="Test Cases/CheckVINfromHomeLoggedIn - ShortVINwith9Digits" status="FAILED">
         <failure type="FAILED" message="Unable to verify object 'Object Repository/LoggedInReactPages/Order (react)/VinDetails_Alert' is visible (Root cause: Web element with id: 'Object Repository/LoggedInReactPages/Order (react)/VinDetails_Alert' located by 'By.xpath: //div[@class='orderVinDetails']' not found)"/>
         <system-out><![CDATA[2018-05-29 11:21:33 - [TEST_CASE][FAILED] - Test Cases/CheckVINfromHomeLoggedIn - ShortVINwith9Digits: Test Cases/CheckVINfromHomeLoggedIn - ShortVINwith9Digits FAILED because (of) Unable to verify object 'Object Repository/LoggedInReactPages/Order (react)/VinDetails_Alert' is visible (Root cause: Web element with id: 'Object Repository/LoggedInReactPages/Order (react)/VinDetails_Alert' located by 'By.xpath: //div[@class='orderVinDetails']' not found)

2018-05-29 11:21:34 - [TEST_STEP][PASSED] - callTestCase: Call Test Case 'Test Cases/Base Tests/LoginBaseTest' successfully

2018-05-29 11:21:34 - [TEST_CASE][PASSED] - Test Cases/Base Tests/LoginBaseTest: Test Cases/Base Tests/LoginBaseTest

2018-05-29 11:21:34 - [TEST_STEP][PASSED] - openBrowser: Browser is opened with url: ''

2018-05-29 11:21:34 - [MESSAGE][WARNING] - A browser is already opened. Closing browser and opening a new one

2018-05-29 11:21:37 - [MESSAGE][PASSED] - Browser is opened with url: ''

2018-05-29 11:21:37 - [TEST_STEP][PASSED] - maximizeWindow: Current window maximized

2018-05-29 11:21:38 - [MESSAGE][PASSED] - Current window maximized

2018-05-29 11:21:38 - [TEST_STEP][PASSED] - navigateToUrl: Navigate to 'https://staging.instavin.com/' successfully

2018-05-29 11:21:40 - [MESSAGE][PASSED] - Navigate to 'https://staging.instavin.com/' successfully

2018-05-29 11:21:40 - [TEST_STEP][PASSED] - mouseOver: Object: 'Object Repository/LoggedOutReactPages/CommonElements/SignIn_Label' is hovered

2018-05-29 11:21:40 - [MESSAGE][PASSED] - Object: 'Object Repository/LoggedOutReactPages/CommonElements/SignIn_Label' is hovered

2018-05-29 11:21:40 - [TEST_STEP][PASSED] - verifyElementVisible: Object 'Object Repository/LoggedOutReactPages/CommonElements/SignIn_Button' is visible

2018-05-29 11:21:41 - [MESSAGE][PASSED] - Object 'Object Repository/LoggedOutReactPages/CommonElements/SignIn_Button' is visible

2018-05-29 11:21:41 - [TEST_STEP][PASSED] - setText: Text 'consumer1@mailinator.com' is set on object 'Object Repository/LoggedOutReactPages/CommonElements/Email_input'

2018-05-29 11:21:41 - [MESSAGE][PASSED] - Text 'consumer1@mailinator.com' is set on object 'Object Repository/LoggedOutReactPages/CommonElements/Email_input'

2018-05-29 11:21:41 - [TEST_STEP][PASSED] - setText: Text '111111' is set on object 'Object Repository/LoggedOutReactPages/CommonElements/Password_input'

2018-05-29 11:21:41 - [MESSAGE][PASSED] - Text '111111' is set on object 'Object Repository/LoggedOutReactPages/CommonElements/Password_input'

2018-05-29 11:21:41 - [TEST_STEP][PASSED] - click: Object: 'Object Repository/LoggedOutReactPages/CommonElements/SignIn_Button' is clicked on

2018-05-29 11:21:41 - [MESSAGE][PASSED] - Object: 'Object Repository/LoggedOutReactPages/CommonElements/SignIn_Button' is clicked on

2018-05-29 11:21:41 - [MESSAGE][PASSED] - Call Test Case 'Test Cases/Base Tests/LoginBaseTest' successfully

2018-05-29 11:21:41 - [TEST_STEP][PASSED] - verifyElementVisible: Object 'Object Repository/LoggedInReactPages/MyAccount (react)/Account_Header' is visible

2018-05-29 11:21:43 - [MESSAGE][PASSED] - Object 'Object Repository/LoggedInReactPages/MyAccount (react)/Account_Header' is visible

2018-05-29 11:21:43 - [TEST_STEP][PASSED] - navigateToUrl: Navigate to 'https://staging.instavin.com/' successfully

2018-05-29 11:21:43 - [MESSAGE][PASSED] - Navigate to 'https://staging.instavin.com/' successfully

2018-05-29 11:21:43 - [TEST_STEP][PASSED] - waitForElementPresent: Object 'Object Repository/LoggedOutReactPages/HomeLoggedOut/EnterVIN_input' is present

2018-05-29 11:21:43 - [MESSAGE][WARNING] - Timeout '0' is invalid. Using default page load timeout: '30'

2018-05-29 11:21:43 - [MESSAGE][PASSED] - Object 'Object Repository/LoggedOutReactPages/HomeLoggedOut/EnterVIN_input' is present

2018-05-29 11:21:43 - [TEST_STEP][PASSED] - verifyElementAttributeValue: Object 'Object Repository/LoggedOutReactPages/HomeLoggedOut/EnterVIN_input' has attribute 'placeholder' with value 'ENTER VIN NUMBER'

2018-05-29 11:21:43 - [MESSAGE][WARNING] - Timeout '0' is invalid. Using default page load timeout: '30'

2018-05-29 11:21:43 - [MESSAGE][PASSED] - Object 'Object Repository/LoggedOutReactPages/HomeLoggedOut/EnterVIN_input' has attribute 'placeholder' with value 'ENTER VIN NUMBER'

2018-05-29 11:21:43 - [TEST_STEP][PASSED] - setText: Text '7J1012752' is set on object 'Object Repository/LoggedOutReactPages/HomeLoggedOut/EnterVIN_input'

2018-05-29 11:21:43 - [MESSAGE][PASSED] - Text '7J1012752' is set on object 'Object Repository/LoggedOutReactPages/HomeLoggedOut/EnterVIN_input'

2018-05-29 11:21:43 - [TEST_STEP][PASSED] - click: Object: 'Object Repository/LoggedOutReactPages/HomeLoggedOut/SubmitVinArrow_Button' is clicked on

2018-05-29 11:21:45 - [MESSAGE][PASSED] - Object: 'Object Repository/LoggedOutReactPages/HomeLoggedOut/SubmitVinArrow_Button' is clicked on

2018-05-29 11:21:45 - [TEST_STEP][PASSED] - waitForElementVisible: Object 'Object Repository/LoggedInReactPages/Order (react)/instaVINProducts_Label' is visible

2018-05-29 11:21:45 - [MESSAGE][WARNING] - Timeout '0' is invalid. Using default page load timeout: '30'

2018-05-29 11:21:45 - [MESSAGE][PASSED] - Object 'Object Repository/LoggedInReactPages/Order (react)/instaVINProducts_Label' is visible

2018-05-29 11:21:45 - [TEST_STEP][PASSED] - verifyElementPresent: Object 'Object Repository/LoggedInReactPages/Order (react)/MyAccount_Label' is present

2018-05-29 11:21:45 - [MESSAGE][WARNING] - Timeout '0' is invalid. Using default page load timeout: '30'

2018-05-29 11:21:45 - [MESSAGE][PASSED] - Object 'Object Repository/LoggedInReactPages/Order (react)/MyAccount_Label' is present

2018-05-29 11:21:45 - [TEST_STEP][PASSED] - verifyElementNotPresent: Web element with id: 'Object Repository/LoggedInReactPages/Order (react)/ChangeVIN_Cross' located by 'By.xpath: //div[@class='CloseButton']' is not present after '30' second(s)

2018-05-29 11:21:45 - [MESSAGE][WARNING] - Timeout '0' is invalid. Using default page load timeout: '30'

2018-05-29 11:21:45 - [MESSAGE][PASSED] - Web element with id: 'Object Repository/LoggedInReactPages/Order (react)/ChangeVIN_Cross' located by 'By.xpath: //div[@class='CloseButton']' is not present after '30' second(s)

2018-05-29 11:21:45 - [TEST_STEP][PASSED] - verifyElementNotPresent: Web element with id: 'Object Repository/LoggedInReactPages/Order (react)/VINdisplayed' located by 'By.xpath: //span[@id='VehicleSummary_Vin']' is not present after '30' second(s)

2018-05-29 11:21:45 - [MESSAGE][WARNING] - Timeout '0' is invalid. Using default page load timeout: '30'

2018-05-29 11:21:45 - [MESSAGE][PASSED] - Web element with id: 'Object Repository/LoggedInReactPages/Order (react)/VINdisplayed' located by 'By.xpath: //span[@id='VehicleSummary_Vin']' is not present after '30' second(s)

2018-05-29 11:21:45 - [TEST_STEP][FAILED] - verifyElementVisible: Unable to verify object 'Object Repository/LoggedInReactPages/Order (react)/VinDetails_Alert' is visible (Root cause: Web element with id: 'Object Repository/LoggedInReactPages/Order (react)/VinDetails_Alert' located by 'By.xpath: //div[@class='orderVinDetails']' not found)

2018-05-29 11:22:16 - [MESSAGE][FAILED] - Web element with id: 'Object Repository/LoggedInReactPages/Order (react)/VinDetails_Alert' located by 'By.xpath: //div[@class='orderVinDetails']' not found
[[ATTACHMENT|C:\\Projects\\instaVIN\\tests\\instaVIN\\Reports\\Staging Smoke Test Suite\\20180529_111620\\1527582136289.png]]

2018-05-29 11:22:17 - [MESSAGE][FAILED] - Unable to verify object 'Object Repository/LoggedInReactPages/Order (react)/VinDetails_Alert' is visible (Root cause: Web element with id: 'Object Repository/LoggedInReactPages/Order (react)/VinDetails_Alert' located by 'By.xpath: //div[@class='orderVinDetails']' not found)
[[ATTACHMENT|C:\\Projects\\instaVIN\\tests\\instaVIN\\Reports\\Staging Smoke Test Suite\\20180529_111620\\1527582136644.png]]]]></system-out>
         <system-err><![CDATA[2018-05-29 11:21:33 - [TEST_CASE][FAILED] - Test Cases/CheckVINfromHomeLoggedIn - ShortVINwith9Digits: Test Cases/CheckVINfromHomeLoggedIn - ShortVINwith9Digits FAILED because (of) Unable to verify object 'Object Repository/LoggedInReactPages/Order (react)/VinDetails_Alert' is visible (Root cause: Web element with id: 'Object Repository/LoggedInReactPages/Order (react)/VinDetails_Alert' located by 'By.xpath: //div[@class='orderVinDetails']' not found)]]></system-err>
      </testcase>
      <testcase name="Test Cases/CheckVINfromHomeLoggedIn - Success" classname="Test Cases/CheckVINfromHomeLoggedIn - Success" status="FAILED">
         <failure type="FAILED" message="Verify element text of test object 'Object Repository/LoggedInReactPages/Order (react)/RecordsAreAvailable_Alert' FAILED. (Root cause: Actual text 'Records Are Available For Your Vehicle' and expected text 'Window Sticker is Available For Your Vehicle' of test object 'Object Repository/LoggedInReactPages/Order (react)/RecordsAreAvailable_Alert' are NOT matched.)"/>
         <system-out><![CDATA[2018-05-29 11:22:17 - [TEST_CASE][FAILED] - Test Cases/CheckVINfromHomeLoggedIn - Success: Test Cases/CheckVINfromHomeLoggedIn - Success FAILED because (of) Verify element text of test object 'Object Repository/LoggedInReactPages/Order (react)/RecordsAreAvailable_Alert' FAILED. (Root cause: Actual text 'Records Are Available For Your Vehicle' and expected text 'Window Sticker is Available For Your Vehicle' of test object 'Object Repository/LoggedInReactPages/Order (react)/RecordsAreAvailable_Alert' are NOT matched.)

2018-05-29 11:22:17 - [TEST_STEP][PASSED] - callTestCase: Call Test Case 'Test Cases/Base Tests/LoginBaseTest' successfully

2018-05-29 11:22:17 - [TEST_CASE][PASSED] - Test Cases/Base Tests/LoginBaseTest: Test Cases/Base Tests/LoginBaseTest

2018-05-29 11:22:17 - [TEST_STEP][PASSED] - openBrowser: Browser is opened with url: ''

2018-05-29 11:22:17 - [MESSAGE][WARNING] - A browser is already opened. Closing browser and opening a new one

2018-05-29 11:22:20 - [MESSAGE][PASSED] - Browser is opened with url: ''

2018-05-29 11:22:20 - [TEST_STEP][PASSED] - maximizeWindow: Current window maximized

2018-05-29 11:22:21 - [MESSAGE][PASSED] - Current window maximized

2018-05-29 11:22:21 - [TEST_STEP][PASSED] - navigateToUrl: Navigate to 'https://staging.instavin.com/' successfully

2018-05-29 11:22:23 - [MESSAGE][PASSED] - Navigate to 'https://staging.instavin.com/' successfully

2018-05-29 11:22:23 - [TEST_STEP][PASSED] - mouseOver: Object: 'Object Repository/LoggedOutReactPages/CommonElements/SignIn_Label' is hovered

2018-05-29 11:22:23 - [MESSAGE][PASSED] - Object: 'Object Repository/LoggedOutReactPages/CommonElements/SignIn_Label' is hovered

2018-05-29 11:22:23 - [TEST_STEP][PASSED] - verifyElementVisible: Object 'Object Repository/LoggedOutReactPages/CommonElements/SignIn_Button' is visible

2018-05-29 11:22:23 - [MESSAGE][PASSED] - Object 'Object Repository/LoggedOutReactPages/CommonElements/SignIn_Button' is visible

2018-05-29 11:22:23 - [TEST_STEP][PASSED] - setText: Text 'consumer1@mailinator.com' is set on object 'Object Repository/LoggedOutReactPages/CommonElements/Email_input'

2018-05-29 11:22:25 - [MESSAGE][PASSED] - Text 'consumer1@mailinator.com' is set on object 'Object Repository/LoggedOutReactPages/CommonElements/Email_input'

2018-05-29 11:22:25 - [TEST_STEP][PASSED] - setText: Text '111111' is set on object 'Object Repository/LoggedOutReactPages/CommonElements/Password_input'

2018-05-29 11:22:25 - [MESSAGE][PASSED] - Text '111111' is set on object 'Object Repository/LoggedOutReactPages/CommonElements/Password_input'

2018-05-29 11:22:25 - [TEST_STEP][PASSED] - click: Object: 'Object Repository/LoggedOutReactPages/CommonElements/SignIn_Button' is clicked on

2018-05-29 11:22:26 - [MESSAGE][PASSED] - Object: 'Object Repository/LoggedOutReactPages/CommonElements/SignIn_Button' is clicked on

2018-05-29 11:22:26 - [MESSAGE][PASSED] - Call Test Case 'Test Cases/Base Tests/LoginBaseTest' successfully

2018-05-29 11:22:26 - [TEST_STEP][PASSED] - verifyElementVisible: Object 'Object Repository/LoggedInReactPages/MyAccount (react)/Account_Header' is visible

2018-05-29 11:22:27 - [MESSAGE][PASSED] - Object 'Object Repository/LoggedInReactPages/MyAccount (react)/Account_Header' is visible

2018-05-29 11:22:27 - [TEST_STEP][PASSED] - navigateToUrl: Navigate to 'https://staging.instavin.com/' successfully

2018-05-29 11:22:28 - [MESSAGE][PASSED] - Navigate to 'https://staging.instavin.com/' successfully

2018-05-29 11:22:28 - [TEST_STEP][PASSED] - waitForElementPresent: Object 'Object Repository/LoggedOutReactPages/HomeLoggedOut/EnterVIN_input' is present

2018-05-29 11:22:28 - [MESSAGE][WARNING] - Timeout '0' is invalid. Using default page load timeout: '30'

2018-05-29 11:22:28 - [MESSAGE][PASSED] - Object 'Object Repository/LoggedOutReactPages/HomeLoggedOut/EnterVIN_input' is present

2018-05-29 11:22:28 - [TEST_STEP][PASSED] - verifyElementAttributeValue: Object 'Object Repository/LoggedOutReactPages/HomeLoggedOut/EnterVIN_input' has attribute 'placeholder' with value 'ENTER VIN NUMBER'

2018-05-29 11:22:28 - [MESSAGE][WARNING] - Timeout '0' is invalid. Using default page load timeout: '30'

2018-05-29 11:22:28 - [MESSAGE][PASSED] - Object 'Object Repository/LoggedOutReactPages/HomeLoggedOut/EnterVIN_input' has attribute 'placeholder' with value 'ENTER VIN NUMBER'

2018-05-29 11:22:28 - [TEST_STEP][PASSED] - setText: Text '5UXKR0C52F0P15679' is set on object 'Object Repository/LoggedOutReactPages/HomeLoggedOut/EnterVIN_input'

2018-05-29 11:22:28 - [MESSAGE][PASSED] - Text '5UXKR0C52F0P15679' is set on object 'Object Repository/LoggedOutReactPages/HomeLoggedOut/EnterVIN_input'

2018-05-29 11:22:28 - [TEST_STEP][PASSED] - click: Object: 'Object Repository/LoggedOutReactPages/HomeLoggedOut/SubmitVinArrow_Button' is clicked on

2018-05-29 11:22:29 - [MESSAGE][PASSED] - Object: 'Object Repository/LoggedOutReactPages/HomeLoggedOut/SubmitVinArrow_Button' is clicked on

2018-05-29 11:22:29 - [TEST_STEP][PASSED] - waitForElementVisible: Object 'Object Repository/LoggedInReactPages/Order (react)/instaVINProducts_Label' is visible

2018-05-29 11:22:29 - [MESSAGE][WARNING] - Timeout '0' is invalid. Using default page load timeout: '30'

2018-05-29 11:22:29 - [MESSAGE][PASSED] - Object 'Object Repository/LoggedInReactPages/Order (react)/instaVINProducts_Label' is visible

2018-05-29 11:22:29 - [TEST_STEP][PASSED] - verifyElementPresent: Object 'Object Repository/LoggedInReactPages/Order (react)/MyAccount_Label' is present

2018-05-29 11:22:29 - [MESSAGE][WARNING] - Timeout '0' is invalid. Using default page load timeout: '30'

2018-05-29 11:22:29 - [MESSAGE][PASSED] - Object 'Object Repository/LoggedInReactPages/Order (react)/MyAccount_Label' is present

2018-05-29 11:22:29 - [TEST_STEP][PASSED] - verifyElementVisible: Object 'Object Repository/LoggedInReactPages/Order (react)/ChangeVIN_Cross' is visible

2018-05-29 11:22:29 - [MESSAGE][PASSED] - Object 'Object Repository/LoggedInReactPages/Order (react)/ChangeVIN_Cross' is visible

2018-05-29 11:22:29 - [TEST_STEP][PASSED] - verifyElementVisible: Object 'Object Repository/LoggedInReactPages/Order (react)/VINdisplayed' is visible

2018-05-29 11:22:30 - [MESSAGE][PASSED] - Object 'Object Repository/LoggedInReactPages/Order (react)/VINdisplayed' is visible

2018-05-29 11:22:30 - [TEST_STEP][PASSED] - verifyElementText: Actual text and expected text of test object 'Object Repository/LoggedInReactPages/Order (react)/VINdisplayed' are matched.

2018-05-29 11:22:30 - [MESSAGE][PASSED] - Actual text and expected text of test object 'Object Repository/LoggedInReactPages/Order (react)/VINdisplayed' are matched.

2018-05-29 11:22:30 - [TEST_STEP][FAILED] - verifyElementText: Verify element text of test object 'Object Repository/LoggedInReactPages/Order (react)/RecordsAreAvailable_Alert' FAILED. (Root cause: Actual text 'Records Are Available For Your Vehicle' and expected text 'Window Sticker is Available For Your Vehicle' of test object 'Object Repository/LoggedInReactPages/Order (react)/RecordsAreAvailable_Alert' are NOT matched.)

2018-05-29 11:22:30 - [MESSAGE][FAILED] - Actual text 'Records Are Available For Your Vehicle' and expected text 'Window Sticker is Available For Your Vehicle' of test object 'Object Repository/LoggedInReactPages/Order (react)/RecordsAreAvailable_Alert' are NOT matched.
[[ATTACHMENT|C:\\Projects\\instaVIN\\tests\\instaVIN\\Reports\\Staging Smoke Test Suite\\20180529_111620\\1527582150164.png]]

2018-05-29 11:22:31 - [MESSAGE][FAILED] - Verify element text of test object 'Object Repository/LoggedInReactPages/Order (react)/RecordsAreAvailable_Alert' FAILED. (Root cause: Actual text 'Records Are Available For Your Vehicle' and expected text 'Window Sticker is Available For Your Vehicle' of test object 'Object Repository/LoggedInReactPages/Order (react)/RecordsAreAvailable_Alert' are NOT matched.)
[[ATTACHMENT|C:\\Projects\\instaVIN\\tests\\instaVIN\\Reports\\Staging Smoke Test Suite\\20180529_111620\\1527582150622.png]]]]></system-out>
         <system-err><![CDATA[2018-05-29 11:22:17 - [TEST_CASE][FAILED] - Test Cases/CheckVINfromHomeLoggedIn - Success: Test Cases/CheckVINfromHomeLoggedIn - Success FAILED because (of) Verify element text of test object 'Object Repository/LoggedInReactPages/Order (react)/RecordsAreAvailable_Alert' FAILED. (Root cause: Actual text 'Records Are Available For Your Vehicle' and expected text 'Window Sticker is Available For Your Vehicle' of test object 'Object Repository/LoggedInReactPages/Order (react)/RecordsAreAvailable_Alert' are NOT matched.)]]></system-err>
      </testcase>
      <testcase name="Test Cases/CaDealerRequest - ValidFields" classname="Test Cases/CaDealerRequest - ValidFields" status="FAILED">
         <failure type="FAILED" message="Unable to verify equal between actual object 'https://dev-front.instavin.com/_O/CA-Dealer-Specials/order' and expected object 'https://staging.instavin.com/_O/CA-Dealer-Specials/order' (Root cause: Actual object 'https://dev-front.instavin.com/_O/CA-Dealer-Specials/order' and expected object 'https://staging.instavin.com/_O/CA-Dealer-Specials/order' are not equal)"/>
         <system-out><![CDATA[2018-05-29 11:22:31 - [TEST_CASE][FAILED] - Test Cases/CaDealerRequest - ValidFields: Test Cases/CaDealerRequest - ValidFields FAILED because (of) Unable to verify equal between actual object 'https://dev-front.instavin.com/_O/CA-Dealer-Specials/order' and expected object 'https://staging.instavin.com/_O/CA-Dealer-Specials/order' (Root cause: Actual object 'https://dev-front.instavin.com/_O/CA-Dealer-Specials/order' and expected object 'https://staging.instavin.com/_O/CA-Dealer-Specials/order' are not equal)

2018-05-29 11:22:31 - [TEST_STEP][PASSED] - openBrowser: Browser is opened with url: ''

2018-05-29 11:22:31 - [MESSAGE][WARNING] - A browser is already opened. Closing browser and opening a new one

2018-05-29 11:22:34 - [MESSAGE][PASSED] - Browser is opened with url: ''

2018-05-29 11:22:34 - [TEST_STEP][PASSED] - maximizeWindow: Current window maximized

2018-05-29 11:22:35 - [MESSAGE][PASSED] - Current window maximized

2018-05-29 11:22:35 - [TEST_STEP][PASSED] - navigateToUrl: Navigate to 'https://staging.instavin.com/' successfully

2018-05-29 11:22:37 - [MESSAGE][PASSED] - Navigate to 'https://staging.instavin.com/' successfully

2018-05-29 11:22:37 - [TEST_STEP][PASSED] - mouseOver: Object: 'Object Repository/LoggedOutReactPages/HomeLoggedOut/Dealers_Label' is hovered

2018-05-29 11:22:37 - [MESSAGE][PASSED] - Object: 'Object Repository/LoggedOutReactPages/HomeLoggedOut/Dealers_Label' is hovered

2018-05-29 11:22:37 - [TEST_STEP][PASSED] - verifyElementVisible: Object 'Object Repository/LoggedOutReactPages/HomeLoggedOut/CaliforniaDealers_Link' is visible

2018-05-29 11:22:37 - [MESSAGE][PASSED] - Object 'Object Repository/LoggedOutReactPages/HomeLoggedOut/CaliforniaDealers_Link' is visible

2018-05-29 11:22:37 - [TEST_STEP][PASSED] - click: Object: 'Object Repository/LoggedOutReactPages/HomeLoggedOut/CaliforniaDealers_Link' is clicked on

2018-05-29 11:22:38 - [MESSAGE][PASSED] - Object: 'Object Repository/LoggedOutReactPages/HomeLoggedOut/CaliforniaDealers_Link' is clicked on

2018-05-29 11:22:38 - [TEST_STEP][PASSED] - waitForElementVisible: Object 'Object Repository/LoggedOutReactPages/Dealers/SignUpTop_Button' is visible

2018-05-29 11:22:38 - [MESSAGE][WARNING] - Timeout '0' is invalid. Using default page load timeout: '30'

2018-05-29 11:22:38 - [MESSAGE][PASSED] - Object 'Object Repository/LoggedOutReactPages/Dealers/SignUpTop_Button' is visible

2018-05-29 11:22:38 - [TEST_STEP][PASSED] - verifyTextPresent: Text 'instaVIN Reports complies with the California Assembly Bill 1215 salvage sticker law' is present on page 

2018-05-29 11:22:39 - [MESSAGE][PASSED] - Text 'instaVIN Reports complies with the California Assembly Bill 1215 salvage sticker law' is present on page 

2018-05-29 11:22:39 - [TEST_STEP][PASSED] - verifyTextPresent: Text 'CA Law AB1215 Overview' is present on page 

2018-05-29 11:22:39 - [MESSAGE][PASSED] - Text 'CA Law AB1215 Overview' is present on page 

2018-05-29 11:22:39 - [TEST_STEP][PASSED] - click: Object: 'Object Repository/LoggedOutReactPages/Dealers/SignUpTop_Button' is clicked on

2018-05-29 11:22:39 - [MESSAGE][PASSED] - Object: 'Object Repository/LoggedOutReactPages/Dealers/SignUpTop_Button' is clicked on

2018-05-29 11:22:39 - [TEST_STEP][PASSED] - waitForElementVisible: Object 'Object Repository/LoggedOutReactPages/Dealers/DealerSignUp_Header' is visible

2018-05-29 11:22:39 - [MESSAGE][WARNING] - Timeout '0' is invalid. Using default page load timeout: '30'

2018-05-29 11:22:39 - [MESSAGE][PASSED] - Object 'Object Repository/LoggedOutReactPages/Dealers/DealerSignUp_Header' is visible

2018-05-29 11:22:39 - [TEST_STEP][PASSED] - Statement - now = new java.util.Date(): null

2018-05-29 11:22:39 - [TEST_STEP][PASSED] - Statement - rnd = now.format("yyyyMMddHHmmssSSS").toString(): null

2018-05-29 11:22:39 - [TEST_STEP][PASSED] - Statement - Email = com.kms.katalon.core.webui.keyword.WebUiBuiltInKeywords.concatenate(["dealer", rnd, "@mailinator.com"]): Concatenated string array: '['dealer','20180529112239503','@mailinator.com']' into 'dealer20180529112239503@mailinator.com'

2018-05-29 11:22:39 - [MESSAGE][PASSED] - Concatenated string array: '['dealer','20180529112239503','@mailinator.com']' into 'dealer20180529112239503@mailinator.com'

2018-05-29 11:22:39 - [TEST_STEP][PASSED] - setText: Text 'Test Dealer' is set on object 'Object Repository/LoggedOutReactPages/Dealers/DealerName_Input'

2018-05-29 11:22:39 - [MESSAGE][PASSED] - Text 'Test Dealer' is set on object 'Object Repository/LoggedOutReactPages/Dealers/DealerName_Input'

2018-05-29 11:22:39 - [TEST_STEP][PASSED] - setText: Text '111111' is set on object 'Object Repository/LoggedOutReactPages/Dealers/AccessID_Input'

2018-05-29 11:22:39 - [MESSAGE][PASSED] - Text '111111' is set on object 'Object Repository/LoggedOutReactPages/Dealers/AccessID_Input'

2018-05-29 11:22:39 - [TEST_STEP][PASSED] - setText: Text 'www.test.co' is set on object 'Object Repository/LoggedOutReactPages/Dealers/Website_Input'

2018-05-29 11:22:40 - [MESSAGE][PASSED] - Text 'www.test.co' is set on object 'Object Repository/LoggedOutReactPages/Dealers/Website_Input'

2018-05-29 11:22:40 - [TEST_STEP][PASSED] - setText: Text 'test' is set on object 'Object Repository/LoggedOutReactPages/Dealers/Address_Input'

2018-05-29 11:22:41 - [MESSAGE][PASSED] - Text 'test' is set on object 'Object Repository/LoggedOutReactPages/Dealers/Address_Input'

2018-05-29 11:22:41 - [TEST_STEP][PASSED] - setText: Text 'test' is set on object 'Object Repository/LoggedOutReactPages/Dealers/City_Input'

2018-05-29 11:22:42 - [MESSAGE][PASSED] - Text 'test' is set on object 'Object Repository/LoggedOutReactPages/Dealers/City_Input'

2018-05-29 11:22:42 - [TEST_STEP][PASSED] - selectOptionByValue: All options with value 'CA' are selected in object 'Object Repository/LoggedOutReactPages/CreateAccount/State_Dropdown' 

2018-05-29 11:22:42 - [MESSAGE][PASSED] - All options with value 'CA' are selected in object 'Object Repository/LoggedOutReactPages/CreateAccount/State_Dropdown' 

2018-05-29 11:22:42 - [TEST_STEP][PASSED] - setText: Text '11111' is set on object 'Object Repository/LoggedOutReactPages/Dealers/Zip_Input'

2018-05-29 11:22:43 - [MESSAGE][PASSED] - Text '11111' is set on object 'Object Repository/LoggedOutReactPages/Dealers/Zip_Input'

2018-05-29 11:22:43 - [TEST_STEP][PASSED] - setText: Text 'Dealer' is set on object 'Object Repository/LoggedOutReactPages/Dealers/FirstName_Input'

2018-05-29 11:22:43 - [MESSAGE][PASSED] - Text 'Dealer' is set on object 'Object Repository/LoggedOutReactPages/Dealers/FirstName_Input'

2018-05-29 11:22:43 - [TEST_STEP][PASSED] - setText: Text 'Autotest' is set on object 'Object Repository/LoggedOutReactPages/Dealers/LastName_Input'

2018-05-29 11:22:44 - [MESSAGE][PASSED] - Text 'Autotest' is set on object 'Object Repository/LoggedOutReactPages/Dealers/LastName_Input'

2018-05-29 11:22:44 - [TEST_STEP][PASSED] - setText: Text 'dealer20180529112239503@mailinator.com' is set on object 'Object Repository/LoggedOutReactPages/Dealers/Email_Input'

2018-05-29 11:22:46 - [MESSAGE][PASSED] - Text 'dealer20180529112239503@mailinator.com' is set on object 'Object Repository/LoggedOutReactPages/Dealers/Email_Input'

2018-05-29 11:22:46 - [TEST_STEP][PASSED] - setText: Text '8001112233' is set on object 'Object Repository/LoggedOutReactPages/Dealers/Phone_Input'

2018-05-29 11:22:46 - [MESSAGE][PASSED] - Text '8001112233' is set on object 'Object Repository/LoggedOutReactPages/Dealers/Phone_Input'

2018-05-29 11:22:46 - [TEST_STEP][PASSED] - setText: Text 'Test message text' is set on object 'Object Repository/LoggedOutReactPages/Dealers/Message_InputArea'

2018-05-29 11:22:47 - [MESSAGE][PASSED] - Text 'Test message text' is set on object 'Object Repository/LoggedOutReactPages/Dealers/Message_InputArea'

2018-05-29 11:22:47 - [TEST_STEP][PASSED] - click: Object: 'Object Repository/LoggedOutReactPages/Dealers/DealerSubmit_Button' is clicked on

2018-05-29 11:22:47 - [MESSAGE][PASSED] - Object: 'Object Repository/LoggedOutReactPages/Dealers/DealerSubmit_Button' is clicked on

2018-05-29 11:22:47 - [TEST_STEP][PASSED] - waitForElementPresent: Object 'Object Repository/LoggedOutReactPages/Dealers/Confirmation_Modal' is present

2018-05-29 11:22:47 - [MESSAGE][WARNING] - Timeout '0' is invalid. Using default page load timeout: '30'

2018-05-29 11:22:47 - [MESSAGE][PASSED] - Object 'Object Repository/LoggedOutReactPages/Dealers/Confirmation_Modal' is present

2018-05-29 11:22:47 - [TEST_STEP][PASSED] - verifyTextPresent: Text 'Click OK to be redirected to instaVIN® Dealer pricing. Dealers - Buy in Bundles and Save!' is present on page 

2018-05-29 11:22:47 - [MESSAGE][PASSED] - Text 'Click OK to be redirected to instaVIN® Dealer pricing. Dealers - Buy in Bundles and Save!' is present on page 

2018-05-29 11:22:47 - [TEST_STEP][PASSED] - click: Object: 'Object Repository/LoggedOutReactPages/Dealers/OkConfirmation_Button' is clicked on

2018-05-29 11:22:49 - [MESSAGE][PASSED] - Object: 'Object Repository/LoggedOutReactPages/Dealers/OkConfirmation_Button' is clicked on

2018-05-29 11:22:49 - [TEST_STEP][PASSED] - waitForElementVisible: Object 'Object Repository/LoggedOutReactPages/DealersOrder/EnterVin_Field' is visible

2018-05-29 11:22:49 - [MESSAGE][WARNING] - Timeout '0' is invalid. Using default page load timeout: '30'

2018-05-29 11:22:49 - [MESSAGE][PASSED] - Object 'Object Repository/LoggedOutReactPages/DealersOrder/EnterVin_Field' is visible

2018-05-29 11:22:49 - [TEST_STEP][PASSED] - Statement - RedirectURL = com.kms.katalon.core.webui.keyword.WebUiBuiltInKeywords.getUrl(): Current window's url is: 'https://dev-front.instavin.com/_O/CA-Dealer-Specials/order'

2018-05-29 11:22:49 - [MESSAGE][PASSED] - Current window's url is: 'https://dev-front.instavin.com/_O/CA-Dealer-Specials/order'

2018-05-29 11:22:49 - [TEST_STEP][PASSED] - Statement - ExpectedURL = com.kms.katalon.core.webui.keyword.WebUiBuiltInKeywords.concatenate([StartURL, "_O/CA-Dealer-Specials/order"]): Concatenated string array: '['https://staging.instavin.com/','_O/CA-Dealer-Specials/order']' into 'https://staging.instavin.com/_O/CA-Dealer-Specials/order'

2018-05-29 11:22:49 - [MESSAGE][PASSED] - Concatenated string array: '['https://staging.instavin.com/','_O/CA-Dealer-Specials/order']' into 'https://staging.instavin.com/_O/CA-Dealer-Specials/order'

2018-05-29 11:22:49 - [TEST_STEP][FAILED] - verifyEqual: Unable to verify equal between actual object 'https://dev-front.instavin.com/_O/CA-Dealer-Specials/order' and expected object 'https://staging.instavin.com/_O/CA-Dealer-Specials/order' (Root cause: Actual object 'https://dev-front.instavin.com/_O/CA-Dealer-Specials/order' and expected object 'https://staging.instavin.com/_O/CA-Dealer-Specials/order' are not equal)

2018-05-29 11:22:49 - [MESSAGE][FAILED] - Unable to verify equal between actual object 'https://dev-front.instavin.com/_O/CA-Dealer-Specials/order' and expected object 'https://staging.instavin.com/_O/CA-Dealer-Specials/order' (Root cause: Actual object 'https://dev-front.instavin.com/_O/CA-Dealer-Specials/order' and expected object 'https://staging.instavin.com/_O/CA-Dealer-Specials/order' are not equal)]]></system-out>
         <system-err><![CDATA[2018-05-29 11:22:31 - [TEST_CASE][FAILED] - Test Cases/CaDealerRequest - ValidFields: Test Cases/CaDealerRequest - ValidFields FAILED because (of) Unable to verify equal between actual object 'https://dev-front.instavin.com/_O/CA-Dealer-Specials/order' and expected object 'https://staging.instavin.com/_O/CA-Dealer-Specials/order' (Root cause: Actual object 'https://dev-front.instavin.com/_O/CA-Dealer-Specials/order' and expected object 'https://staging.instavin.com/_O/CA-Dealer-Specials/order' are not equal)]]></system-err>
      </testcase>
      <testcase name="Test Cases/DealerRequest - ValidFields" classname="Test Cases/DealerRequest - ValidFields" status="FAILED">
         <failure type="FAILED" message="Unable to verify equal between actual object 'https://dev-front.instavin.com/_O/dealer-bundles/order' and expected object 'https://staging.instavin.com/_O/dealer-bundles/order' (Root cause: Actual object 'https://dev-front.instavin.com/_O/dealer-bundles/order' and expected object 'https://staging.instavin.com/_O/dealer-bundles/order' are not equal)"/>
         <system-out><![CDATA[2018-05-29 11:22:49 - [TEST_CASE][FAILED] - Test Cases/DealerRequest - ValidFields: Test Cases/DealerRequest - ValidFields FAILED because (of) Unable to verify equal between actual object 'https://dev-front.instavin.com/_O/dealer-bundles/order' and expected object 'https://staging.instavin.com/_O/dealer-bundles/order' (Root cause: Actual object 'https://dev-front.instavin.com/_O/dealer-bundles/order' and expected object 'https://staging.instavin.com/_O/dealer-bundles/order' are not equal)

2018-05-29 11:22:50 - [TEST_STEP][PASSED] - openBrowser: Browser is opened with url: ''

2018-05-29 11:22:50 - [MESSAGE][WARNING] - A browser is already opened. Closing browser and opening a new one

2018-05-29 11:22:53 - [MESSAGE][PASSED] - Browser is opened with url: ''

2018-05-29 11:22:53 - [TEST_STEP][PASSED] - maximizeWindow: Current window maximized

2018-05-29 11:22:54 - [MESSAGE][PASSED] - Current window maximized

2018-05-29 11:22:54 - [TEST_STEP][PASSED] - navigateToUrl: Navigate to 'https://staging.instavin.com/' successfully

2018-05-29 11:22:56 - [MESSAGE][PASSED] - Navigate to 'https://staging.instavin.com/' successfully

2018-05-29 11:22:56 - [TEST_STEP][PASSED] - mouseOver: Object: 'Object Repository/LoggedOutReactPages/HomeLoggedOut/Dealers_Label' is hovered

2018-05-29 11:22:56 - [MESSAGE][PASSED] - Object: 'Object Repository/LoggedOutReactPages/HomeLoggedOut/Dealers_Label' is hovered

2018-05-29 11:22:56 - [TEST_STEP][PASSED] - verifyElementVisible: Object 'Object Repository/LoggedOutReactPages/HomeLoggedOut/DealerProgram_Link' is visible

2018-05-29 11:22:56 - [MESSAGE][PASSED] - Object 'Object Repository/LoggedOutReactPages/HomeLoggedOut/DealerProgram_Link' is visible

2018-05-29 11:22:56 - [TEST_STEP][PASSED] - click: Object: 'Object Repository/LoggedOutReactPages/HomeLoggedOut/DealerProgram_Link' is clicked on

2018-05-29 11:22:58 - [MESSAGE][PASSED] - Object: 'Object Repository/LoggedOutReactPages/HomeLoggedOut/DealerProgram_Link' is clicked on

2018-05-29 11:22:58 - [TEST_STEP][PASSED] - waitForElementVisible: Object 'Object Repository/LoggedOutReactPages/Dealers/SignUpTop_Button' is visible

2018-05-29 11:22:58 - [MESSAGE][WARNING] - Timeout '0' is invalid. Using default page load timeout: '30'

2018-05-29 11:22:58 - [MESSAGE][PASSED] - Object 'Object Repository/LoggedOutReactPages/Dealers/SignUpTop_Button' is visible

2018-05-29 11:22:58 - [TEST_STEP][PASSED] - verifyTextPresent: Text 'Welcome Dealers!' is present on page 

2018-05-29 11:22:58 - [MESSAGE][PASSED] - Text 'Welcome Dealers!' is present on page 

2018-05-29 11:22:58 - [TEST_STEP][PASSED] - verifyTextPresent: Text 'Get more data to help make better decisions, including' is present on page 

2018-05-29 11:22:59 - [MESSAGE][PASSED] - Text 'Get more data to help make better decisions, including' is present on page 

2018-05-29 11:22:59 - [TEST_STEP][PASSED] - click: Object: 'Object Repository/LoggedOutReactPages/Dealers/SignUpTop_Button' is clicked on

2018-05-29 11:22:59 - [MESSAGE][PASSED] - Object: 'Object Repository/LoggedOutReactPages/Dealers/SignUpTop_Button' is clicked on

2018-05-29 11:22:59 - [TEST_STEP][PASSED] - waitForElementVisible: Object 'Object Repository/LoggedOutReactPages/Dealers/DealerSignUp_Header' is visible

2018-05-29 11:22:59 - [MESSAGE][WARNING] - Timeout '0' is invalid. Using default page load timeout: '30'

2018-05-29 11:22:59 - [MESSAGE][PASSED] - Object 'Object Repository/LoggedOutReactPages/Dealers/DealerSignUp_Header' is visible

2018-05-29 11:22:59 - [TEST_STEP][PASSED] - Statement - now = new java.util.Date(): null

2018-05-29 11:22:59 - [TEST_STEP][PASSED] - Statement - rnd = now.format("yyyyMMddHHmmssSSS").toString(): null

2018-05-29 11:22:59 - [TEST_STEP][PASSED] - Statement - Email = com.kms.katalon.core.webui.keyword.WebUiBuiltInKeywords.concatenate(["dealer", rnd, "@mailinator.com"]): Concatenated string array: '['dealer','20180529112259385','@mailinator.com']' into 'dealer20180529112259385@mailinator.com'

2018-05-29 11:22:59 - [MESSAGE][PASSED] - Concatenated string array: '['dealer','20180529112259385','@mailinator.com']' into 'dealer20180529112259385@mailinator.com'

2018-05-29 11:22:59 - [TEST_STEP][PASSED] - setText: Text 'Test Dealer' is set on object 'Object Repository/LoggedOutReactPages/Dealers/DealerName_Input'

2018-05-29 11:22:59 - [MESSAGE][PASSED] - Text 'Test Dealer' is set on object 'Object Repository/LoggedOutReactPages/Dealers/DealerName_Input'

2018-05-29 11:22:59 - [TEST_STEP][PASSED] - setText: Text '111111' is set on object 'Object Repository/LoggedOutReactPages/Dealers/AccessID_Input'

2018-05-29 11:23:00 - [MESSAGE][PASSED] - Text '111111' is set on object 'Object Repository/LoggedOutReactPages/Dealers/AccessID_Input'

2018-05-29 11:23:00 - [TEST_STEP][PASSED] - setText: Text 'www.test.co' is set on object 'Object Repository/LoggedOutReactPages/Dealers/Website_Input'

2018-05-29 11:23:00 - [MESSAGE][PASSED] - Text 'www.test.co' is set on object 'Object Repository/LoggedOutReactPages/Dealers/Website_Input'

2018-05-29 11:23:00 - [TEST_STEP][PASSED] - setText: Text 'test' is set on object 'Object Repository/LoggedOutReactPages/Dealers/Address_Input'

2018-05-29 11:23:01 - [MESSAGE][PASSED] - Text 'test' is set on object 'Object Repository/LoggedOutReactPages/Dealers/Address_Input'

2018-05-29 11:23:01 - [TEST_STEP][PASSED] - setText: Text 'test' is set on object 'Object Repository/LoggedOutReactPages/Dealers/City_Input'

2018-05-29 11:23:02 - [MESSAGE][PASSED] - Text 'test' is set on object 'Object Repository/LoggedOutReactPages/Dealers/City_Input'

2018-05-29 11:23:02 - [TEST_STEP][PASSED] - selectOptionByValue: All options with value 'TX' are selected in object 'Object Repository/LoggedOutReactPages/CreateAccount/State_Dropdown' 

2018-05-29 11:23:02 - [MESSAGE][PASSED] - All options with value 'TX' are selected in object 'Object Repository/LoggedOutReactPages/CreateAccount/State_Dropdown' 

2018-05-29 11:23:02 - [TEST_STEP][PASSED] - setText: Text '11111' is set on object 'Object Repository/LoggedOutReactPages/Dealers/Zip_Input'

2018-05-29 11:23:03 - [MESSAGE][PASSED] - Text '11111' is set on object 'Object Repository/LoggedOutReactPages/Dealers/Zip_Input'

2018-05-29 11:23:03 - [TEST_STEP][PASSED] - setText: Text 'Dealer' is set on object 'Object Repository/LoggedOutReactPages/Dealers/FirstName_Input'

2018-05-29 11:23:03 - [MESSAGE][PASSED] - Text 'Dealer' is set on object 'Object Repository/LoggedOutReactPages/Dealers/FirstName_Input'

2018-05-29 11:23:03 - [TEST_STEP][PASSED] - setText: Text 'Autotest' is set on object 'Object Repository/LoggedOutReactPages/Dealers/LastName_Input'

2018-05-29 11:23:03 - [MESSAGE][PASSED] - Text 'Autotest' is set on object 'Object Repository/LoggedOutReactPages/Dealers/LastName_Input'

2018-05-29 11:23:04 - [TEST_STEP][PASSED] - setText: Text 'dealer20180529112259385@mailinator.com' is set on object 'Object Repository/LoggedOutReactPages/Dealers/Email_Input'

2018-05-29 11:23:05 - [MESSAGE][PASSED] - Text 'dealer20180529112259385@mailinator.com' is set on object 'Object Repository/LoggedOutReactPages/Dealers/Email_Input'

2018-05-29 11:23:05 - [TEST_STEP][PASSED] - setText: Text '8001112233' is set on object 'Object Repository/LoggedOutReactPages/Dealers/Phone_Input'

2018-05-29 11:23:05 - [MESSAGE][PASSED] - Text '8001112233' is set on object 'Object Repository/LoggedOutReactPages/Dealers/Phone_Input'

2018-05-29 11:23:05 - [TEST_STEP][PASSED] - setText: Text 'Test message text' is set on object 'Object Repository/LoggedOutReactPages/Dealers/Message_InputArea'

2018-05-29 11:23:06 - [MESSAGE][PASSED] - Text 'Test message text' is set on object 'Object Repository/LoggedOutReactPages/Dealers/Message_InputArea'

2018-05-29 11:23:06 - [TEST_STEP][PASSED] - click: Object: 'Object Repository/LoggedOutReactPages/Dealers/DealerSubmit_Button' is clicked on

2018-05-29 11:23:06 - [MESSAGE][PASSED] - Object: 'Object Repository/LoggedOutReactPages/Dealers/DealerSubmit_Button' is clicked on

2018-05-29 11:23:06 - [TEST_STEP][PASSED] - waitForElementPresent: Object 'Object Repository/LoggedOutReactPages/Dealers/Confirmation_Modal' is present

2018-05-29 11:23:06 - [MESSAGE][WARNING] - Timeout '0' is invalid. Using default page load timeout: '30'

2018-05-29 11:23:07 - [MESSAGE][PASSED] - Object 'Object Repository/LoggedOutReactPages/Dealers/Confirmation_Modal' is present

2018-05-29 11:23:07 - [TEST_STEP][PASSED] - verifyTextPresent: Text 'Click OK to be redirected to instaVIN® Dealer pricing. Dealers - Buy in Bundles and Save!' is present on page 

2018-05-29 11:23:07 - [MESSAGE][PASSED] - Text 'Click OK to be redirected to instaVIN® Dealer pricing. Dealers - Buy in Bundles and Save!' is present on page 

2018-05-29 11:23:07 - [TEST_STEP][PASSED] - click: Object: 'Object Repository/LoggedOutReactPages/Dealers/OkConfirmation_Button' is clicked on

2018-05-29 11:23:30 - [MESSAGE][PASSED] - Object: 'Object Repository/LoggedOutReactPages/Dealers/OkConfirmation_Button' is clicked on

2018-05-29 11:23:30 - [TEST_STEP][PASSED] - waitForElementVisible: Object 'Object Repository/LoggedOutReactPages/DealersOrder/EnterVin_Field' is visible

2018-05-29 11:23:30 - [MESSAGE][WARNING] - Timeout '0' is invalid. Using default page load timeout: '30'

2018-05-29 11:23:30 - [MESSAGE][PASSED] - Object 'Object Repository/LoggedOutReactPages/DealersOrder/EnterVin_Field' is visible

2018-05-29 11:23:30 - [TEST_STEP][PASSED] - Statement - RedirectURL = com.kms.katalon.core.webui.keyword.WebUiBuiltInKeywords.getUrl(): Current window's url is: 'https://dev-front.instavin.com/_O/dealer-bundles/order'

2018-05-29 11:23:30 - [MESSAGE][PASSED] - Current window's url is: 'https://dev-front.instavin.com/_O/dealer-bundles/order'

2018-05-29 11:23:30 - [TEST_STEP][PASSED] - Statement - ExpectedURL = com.kms.katalon.core.webui.keyword.WebUiBuiltInKeywords.concatenate([StartURL, "_O/dealer-bundles/order"]): Concatenated string array: '['https://staging.instavin.com/','_O/dealer-bundles/order']' into 'https://staging.instavin.com/_O/dealer-bundles/order'

2018-05-29 11:23:30 - [MESSAGE][PASSED] - Concatenated string array: '['https://staging.instavin.com/','_O/dealer-bundles/order']' into 'https://staging.instavin.com/_O/dealer-bundles/order'

2018-05-29 11:23:30 - [TEST_STEP][FAILED] - verifyEqual: Unable to verify equal between actual object 'https://dev-front.instavin.com/_O/dealer-bundles/order' and expected object 'https://staging.instavin.com/_O/dealer-bundles/order' (Root cause: Actual object 'https://dev-front.instavin.com/_O/dealer-bundles/order' and expected object 'https://staging.instavin.com/_O/dealer-bundles/order' are not equal)

2018-05-29 11:23:30 - [MESSAGE][FAILED] - Unable to verify equal between actual object 'https://dev-front.instavin.com/_O/dealer-bundles/order' and expected object 'https://staging.instavin.com/_O/dealer-bundles/order' (Root cause: Actual object 'https://dev-front.instavin.com/_O/dealer-bundles/order' and expected object 'https://staging.instavin.com/_O/dealer-bundles/order' are not equal)]]></system-out>
         <system-err><![CDATA[2018-05-29 11:22:49 - [TEST_CASE][FAILED] - Test Cases/DealerRequest - ValidFields: Test Cases/DealerRequest - ValidFields FAILED because (of) Unable to verify equal between actual object 'https://dev-front.instavin.com/_O/dealer-bundles/order' and expected object 'https://staging.instavin.com/_O/dealer-bundles/order' (Root cause: Actual object 'https://dev-front.instavin.com/_O/dealer-bundles/order' and expected object 'https://staging.instavin.com/_O/dealer-bundles/order' are not equal)]]></system-err>
      </testcase>
      <testcase name="Test Cases/Affiliate - BuyVTRConsumer" classname="Test Cases/Affiliate - BuyVTRConsumer" status="PASSED">
         <system-out><![CDATA[2018-05-29 11:23:30 - [TEST_CASE][PASSED] - Test Cases/Affiliate - BuyVTRConsumer: Test Cases/Affiliate - BuyVTRConsumer

2018-05-29 11:23:31 - [TEST_STEP][PASSED] - openBrowser: Browser is opened with url: ''

2018-05-29 11:23:31 - [MESSAGE][WARNING] - A browser is already opened. Closing browser and opening a new one

2018-05-29 11:23:34 - [MESSAGE][PASSED] - Browser is opened with url: ''

2018-05-29 11:23:34 - [TEST_STEP][PASSED] - maximizeWindow: Current window maximized

2018-05-29 11:23:35 - [MESSAGE][PASSED] - Current window maximized

2018-05-29 11:23:35 - [TEST_STEP][PASSED] - Statement - OrderURL = com.kms.katalon.core.webui.keyword.WebUiBuiltInKeywords.concatenate([StagingReact, AffiliateURL, "order/"]): Concatenated string array: '['https://staging.instavin.com/','_O/autotest/','order/']' into 'https://staging.instavin.com/_O/autotest/order/'

2018-05-29 11:23:35 - [MESSAGE][PASSED] - Concatenated string array: '['https://staging.instavin.com/','_O/autotest/','order/']' into 'https://staging.instavin.com/_O/autotest/order/'

2018-05-29 11:23:35 - [TEST_STEP][PASSED] - navigateToUrl: Navigate to 'https://staging.instavin.com/_O/autotest/order/' successfully

2018-05-29 11:23:38 - [MESSAGE][PASSED] - Navigate to 'https://staging.instavin.com/_O/autotest/order/' successfully

2018-05-29 11:23:38 - [TEST_STEP][PASSED] - waitForElementVisible: Object 'Object Repository/LoggedInReactPages/Order (react)/instaVINProducts_Label' is visible

2018-05-29 11:23:38 - [MESSAGE][WARNING] - Timeout '0' is invalid. Using default page load timeout: '30'

2018-05-29 11:23:38 - [MESSAGE][PASSED] - Object 'Object Repository/LoggedInReactPages/Order (react)/instaVINProducts_Label' is visible

2018-05-29 11:23:38 - [TEST_STEP][PASSED] - verifyElementText: Actual text and expected text of test object 'Object Repository/LoggedInReactPages/Order (react)/VtrPrice1' are matched.

2018-05-29 11:23:38 - [MESSAGE][PASSED] - Actual text and expected text of test object 'Object Repository/LoggedInReactPages/Order (react)/VtrPrice1' are matched.

2018-05-29 11:23:38 - [TEST_STEP][PASSED] - verifyElementText: Actual text and expected text of test object 'Object Repository/LoggedInReactPages/Order (react)/VtrPrice10' are matched.

2018-05-29 11:23:38 - [MESSAGE][PASSED] - Actual text and expected text of test object 'Object Repository/LoggedInReactPages/Order (react)/VtrPrice10' are matched.

2018-05-29 11:23:38 - [TEST_STEP][PASSED] - verifyElementText: Actual text and expected text of test object 'Object Repository/LoggedInReactPages/Order (react)/VtrPrice50' are matched.

2018-05-29 11:23:38 - [MESSAGE][PASSED] - Actual text and expected text of test object 'Object Repository/LoggedInReactPages/Order (react)/VtrPrice50' are matched.

2018-05-29 11:23:38 - [TEST_STEP][PASSED] - setText: Text 'SAJWA43C199B29849' is set on object 'Object Repository/LoggedInReactPages/Order (react)/VINCheckForm_EnterVINInput'

2018-05-29 11:23:39 - [MESSAGE][PASSED] - Text 'SAJWA43C199B29849' is set on object 'Object Repository/LoggedInReactPages/Order (react)/VINCheckForm_EnterVINInput'

2018-05-29 11:23:39 - [TEST_STEP][PASSED] - click: Object: 'Object Repository/LoggedInReactPages/Order (react)/CheckVin_ArrowButton' is clicked on

2018-05-29 11:23:39 - [MESSAGE][PASSED] - Object: 'Object Repository/LoggedInReactPages/Order (react)/CheckVin_ArrowButton' is clicked on

2018-05-29 11:23:39 - [TEST_STEP][PASSED] - waitForElementVisible: Object 'Object Repository/LoggedInReactPages/Order (react)/ChangeVIN_Cross' is visible

2018-05-29 11:23:39 - [MESSAGE][WARNING] - Timeout '0' is invalid. Using default page load timeout: '30'

2018-05-29 11:23:40 - [MESSAGE][PASSED] - Object 'Object Repository/LoggedInReactPages/Order (react)/ChangeVIN_Cross' is visible

2018-05-29 11:23:40 - [TEST_STEP][PASSED] - verifyElementVisible: Object 'Object Repository/LoggedInReactPages/Order (react)/OrderNow_OrangeButton' is visible

2018-05-29 11:23:40 - [MESSAGE][PASSED] - Object 'Object Repository/LoggedInReactPages/Order (react)/OrderNow_OrangeButton' is visible

2018-05-29 11:23:40 - [TEST_STEP][PASSED] - click: Object: 'Object Repository/LoggedInReactPages/Order (react)/OrderNow_OrangeButton' is clicked on

2018-05-29 11:23:40 - [MESSAGE][PASSED] - Object: 'Object Repository/LoggedInReactPages/Order (react)/OrderNow_OrangeButton' is clicked on

2018-05-29 11:23:40 - [TEST_STEP][PASSED] - waitForElementVisible: Object 'Object Repository/LoggedInReactPages/Order (react)/Purchase_Button' is visible

2018-05-29 11:23:40 - [MESSAGE][WARNING] - Timeout '0' is invalid. Using default page load timeout: '30'

2018-05-29 11:23:40 - [MESSAGE][PASSED] - Object 'Object Repository/LoggedInReactPages/Order (react)/Purchase_Button' is visible

2018-05-29 11:23:40 - [TEST_STEP][PASSED] - Statement - now = new java.util.Date(): null

2018-05-29 11:23:40 - [TEST_STEP][PASSED] - Statement - rnd = now.format("yyyyMMddHHmmssSSS").toString(): null

2018-05-29 11:23:40 - [TEST_STEP][PASSED] - Statement - Email = com.kms.katalon.core.webui.keyword.WebUiBuiltInKeywords.concatenate(["affiliate", rnd, "@mailinator.com"]): Concatenated string array: '['affiliate','20180529112340730','@mailinator.com']' into 'affiliate20180529112340730@mailinator.com'

2018-05-29 11:23:40 - [MESSAGE][PASSED] - Concatenated string array: '['affiliate','20180529112340730','@mailinator.com']' into 'affiliate20180529112340730@mailinator.com'

2018-05-29 11:23:40 - [TEST_STEP][PASSED] - callTestCase: Call Test Case 'Test Cases/Base Tests/OrderSignUpBase' successfully

2018-05-29 11:23:40 - [TEST_CASE][PASSED] - Test Cases/Base Tests/OrderSignUpBase: Test Cases/Base Tests/OrderSignUpBase

2018-05-29 11:23:41 - [TEST_STEP][PASSED] - setText: Text 'Affiliate' is set on object 'Object Repository/LoggedOutReactPages/OrderLoggedOut/FirstName_Input'

2018-05-29 11:23:42 - [MESSAGE][PASSED] - Text 'Affiliate' is set on object 'Object Repository/LoggedOutReactPages/OrderLoggedOut/FirstName_Input'

2018-05-29 11:23:42 - [TEST_STEP][PASSED] - setText: Text 'Test' is set on object 'Object Repository/LoggedOutReactPages/OrderLoggedOut/LastName_Input'

2018-05-29 11:23:42 - [MESSAGE][PASSED] - Text 'Test' is set on object 'Object Repository/LoggedOutReactPages/OrderLoggedOut/LastName_Input'

2018-05-29 11:23:42 - [TEST_STEP][PASSED] - setText: Text 'test' is set on object 'Object Repository/LoggedOutReactPages/OrderLoggedOut/Address_Input'

2018-05-29 11:23:42 - [MESSAGE][PASSED] - Text 'test' is set on object 'Object Repository/LoggedOutReactPages/OrderLoggedOut/Address_Input'

2018-05-29 11:23:42 - [TEST_STEP][PASSED] - setText: Text 'test' is set on object 'Object Repository/LoggedOutReactPages/OrderLoggedOut/City_Input'

2018-05-29 11:23:43 - [MESSAGE][PASSED] - Text 'test' is set on object 'Object Repository/LoggedOutReactPages/OrderLoggedOut/City_Input'

2018-05-29 11:23:43 - [TEST_STEP][PASSED] - selectOptionByValue: All options with value 'TX' are selected in object 'Object Repository/LoggedOutReactPages/OrderLoggedOut/State_Dropdown' 

2018-05-29 11:23:43 - [MESSAGE][PASSED] - All options with value 'TX' are selected in object 'Object Repository/LoggedOutReactPages/OrderLoggedOut/State_Dropdown' 

2018-05-29 11:23:43 - [TEST_STEP][PASSED] - setText: Text '11111' is set on object 'Object Repository/LoggedOutReactPages/OrderLoggedOut/Zip_Input'

2018-05-29 11:23:44 - [MESSAGE][PASSED] - Text '11111' is set on object 'Object Repository/LoggedOutReactPages/OrderLoggedOut/Zip_Input'

2018-05-29 11:23:44 - [TEST_STEP][PASSED] - setText: Text '8001112233' is set on object 'Object Repository/LoggedOutReactPages/OrderLoggedOut/Phone_Input'

2018-05-29 11:23:44 - [MESSAGE][PASSED] - Text '8001112233' is set on object 'Object Repository/LoggedOutReactPages/OrderLoggedOut/Phone_Input'

2018-05-29 11:23:44 - [TEST_STEP][PASSED] - setText: Text 'affiliate20180529112340730@mailinator.com' is set on object 'Object Repository/LoggedOutReactPages/OrderLoggedOut/Email_Input'

2018-05-29 11:23:45 - [MESSAGE][PASSED] - Text 'affiliate20180529112340730@mailinator.com' is set on object 'Object Repository/LoggedOutReactPages/OrderLoggedOut/Email_Input'

2018-05-29 11:23:45 - [TEST_STEP][PASSED] - setText: Text '4000100011112224' is set on object 'Object Repository/LoggedOutReactPages/OrderLoggedOut/CcNumber_Input'

2018-05-29 11:23:45 - [MESSAGE][PASSED] - Text '4000100011112224' is set on object 'Object Repository/LoggedOutReactPages/OrderLoggedOut/CcNumber_Input'

2018-05-29 11:23:45 - [TEST_STEP][PASSED] - setText: Text '111' is set on object 'Object Repository/LoggedOutReactPages/OrderLoggedOut/CVV_Input'

2018-05-29 11:23:46 - [MESSAGE][PASSED] - Text '111' is set on object 'Object Repository/LoggedOutReactPages/OrderLoggedOut/CVV_Input'

2018-05-29 11:23:46 - [TEST_STEP][PASSED] - selectOptionByValue: All options with value '11' are selected in object 'Object Repository/LoggedOutReactPages/OrderLoggedOut/ExpirationMonth_Dropdown' 

2018-05-29 11:23:46 - [MESSAGE][PASSED] - All options with value '11' are selected in object 'Object Repository/LoggedOutReactPages/OrderLoggedOut/ExpirationMonth_Dropdown' 

2018-05-29 11:23:46 - [TEST_STEP][PASSED] - selectOptionByValue: All options with value '2020' are selected in object 'Object Repository/LoggedOutReactPages/OrderLoggedOut/ExpirationYear_Dropdown' 

2018-05-29 11:23:47 - [MESSAGE][PASSED] - All options with value '2020' are selected in object 'Object Repository/LoggedOutReactPages/OrderLoggedOut/ExpirationYear_Dropdown' 

2018-05-29 11:23:47 - [TEST_STEP][PASSED] - selectOptionByValue: All options with value '0' are selected in object 'Object Repository/LoggedOutReactPages/OrderLoggedOut/UserType_Dropdown' 

2018-05-29 11:23:47 - [MESSAGE][PASSED] - All options with value '0' are selected in object 'Object Repository/LoggedOutReactPages/OrderLoggedOut/UserType_Dropdown' 

2018-05-29 11:23:47 - [TEST_STEP][PASSED] - check: Object 'Object Repository/LoggedOutReactPages/OrderLoggedOut/Terms_Checkbox' is checked

2018-05-29 11:23:47 - [MESSAGE][PASSED] - Object 'Object Repository/LoggedOutReactPages/OrderLoggedOut/Terms_Checkbox' is checked

2018-05-29 11:23:47 - [TEST_STEP][PASSED] - click: Object: 'Object Repository/LoggedInReactPages/Order (react)/Purchase_Button' is clicked on

2018-05-29 11:23:48 - [MESSAGE][PASSED] - Object: 'Object Repository/LoggedInReactPages/Order (react)/Purchase_Button' is clicked on

2018-05-29 11:23:48 - [MESSAGE][PASSED] - Call Test Case 'Test Cases/Base Tests/OrderSignUpBase' successfully

2018-05-29 11:23:48 - [TEST_STEP][PASSED] - waitForElementClickable: Object 'Object Repository/LoggedInReactPages/Order (react)/CompletePurchase_Button' is clickable

2018-05-29 11:23:48 - [MESSAGE][WARNING] - Timeout '0' is invalid. Using default page load timeout: '30'

2018-05-29 11:23:48 - [MESSAGE][PASSED] - Object 'Object Repository/LoggedInReactPages/Order (react)/CompletePurchase_Button' is clickable

2018-05-29 11:23:48 - [TEST_STEP][PASSED] - Statement - Price = com.kms.katalon.core.webui.keyword.WebUiBuiltInKeywords.concatenate(["Only ", Vtr1]): Concatenated string array: '['Only ','$333.00']' into 'Only $333.00'

2018-05-29 11:23:48 - [MESSAGE][PASSED] - Concatenated string array: '['Only ','$333.00']' into 'Only $333.00'

2018-05-29 11:23:48 - [TEST_STEP][PASSED] - verifyElementText: Actual text and expected text of test object 'Object Repository/LoggedInReactPages/Order (react)/Confirm_Price' are matched.

2018-05-29 11:23:48 - [MESSAGE][PASSED] - Actual text and expected text of test object 'Object Repository/LoggedInReactPages/Order (react)/Confirm_Price' are matched.

2018-05-29 11:23:48 - [TEST_STEP][PASSED] - click: Object: 'Object Repository/LoggedInReactPages/Order (react)/CompletePurchase_Button' is clicked on

2018-05-29 11:23:49 - [MESSAGE][PASSED] - Object: 'Object Repository/LoggedInReactPages/Order (react)/CompletePurchase_Button' is clicked on

2018-05-29 11:23:49 - [TEST_STEP][PASSED] - waitForElementPresent: Object 'Object Repository/LoggedInReactPages/Order (react)/VINCheckForm_EnterVINInput' is present

2018-05-29 11:23:49 - [MESSAGE][WARNING] - Timeout '0' is invalid. Using default page load timeout: '30'

2018-05-29 11:23:55 - [MESSAGE][PASSED] - Object 'Object Repository/LoggedInReactPages/Order (react)/VINCheckForm_EnterVINInput' is present

2018-05-29 11:23:55 - [TEST_STEP][PASSED] - waitForElementClickable: Object 'Object Repository/LoggedInReactPages/Order (react)/ViewReport_Button' is clickable

2018-05-29 11:23:55 - [MESSAGE][WARNING] - Timeout '0' is invalid. Using default page load timeout: '30'

2018-05-29 11:23:55 - [MESSAGE][PASSED] - Object 'Object Repository/LoggedInReactPages/Order (react)/ViewReport_Button' is clickable

2018-05-29 11:23:55 - [TEST_STEP][PASSED] - verifyTextPresent: Text 'Thank you for using instaVIN!' is present on page 

2018-05-29 11:23:55 - [MESSAGE][PASSED] - Text 'Thank you for using instaVIN!' is present on page 

2018-05-29 11:23:55 - [TEST_STEP][PASSED] - verifyElementText: Actual text and expected text of test object 'Object Repository/LoggedInReactPages/Order (react)/ViewReport - Vin' are matched.

2018-05-29 11:23:55 - [MESSAGE][PASSED] - Actual text and expected text of test object 'Object Repository/LoggedInReactPages/Order (react)/ViewReport - Vin' are matched.

2018-05-29 11:23:55 - [TEST_STEP][PASSED] - verifyElementText: Actual text and expected text of test object 'Object Repository/LoggedInReactPages/Order (react)/ViewReport - ReportType' are matched.

2018-05-29 11:23:55 - [MESSAGE][PASSED] - Actual text and expected text of test object 'Object Repository/LoggedInReactPages/Order (react)/ViewReport - ReportType' are matched.

2018-05-29 11:23:55 - [TEST_STEP][PASSED] - click: Object: 'Object Repository/LoggedInReactPages/Order (react)/ViewReport_Button' is clicked on

2018-05-29 11:23:57 - [MESSAGE][PASSED] - Object: 'Object Repository/LoggedInReactPages/Order (react)/ViewReport_Button' is clicked on

2018-05-29 11:23:57 - [TEST_STEP][PASSED] - waitForElementVisible: Object 'Object Repository/LoggedInReactPages/ReportSummary/ReportHeader' is visible

2018-05-29 11:23:57 - [MESSAGE][WARNING] - Timeout '0' is invalid. Using default page load timeout: '30'

2018-05-29 11:23:57 - [MESSAGE][PASSED] - Object 'Object Repository/LoggedInReactPages/ReportSummary/ReportHeader' is visible

2018-05-29 11:23:57 - [TEST_STEP][PASSED] - verifyElementText: Actual text and expected text of test object 'Object Repository/LoggedInReactPages/ReportSummary/VehicleTitle' are matched.

2018-05-29 11:23:57 - [MESSAGE][PASSED] - Actual text and expected text of test object 'Object Repository/LoggedInReactPages/ReportSummary/VehicleTitle' are matched.

2018-05-29 11:23:57 - [TEST_STEP][PASSED] - verifyElementAttributeValue: Object 'Object Repository/LoggedInReactPages/ReportSummary/ReportType' has attribute 'class' with value 'ReportGrade AlertSuccess'

2018-05-29 11:23:57 - [MESSAGE][WARNING] - Timeout '0' is invalid. Using default page load timeout: '30'

2018-05-29 11:23:57 - [MESSAGE][PASSED] - Object 'Object Repository/LoggedInReactPages/ReportSummary/ReportType' has attribute 'class' with value 'ReportGrade AlertSuccess'

2018-05-29 11:23:57 - [TEST_STEP][PASSED] - verifyElementText: Actual text and expected text of test object 'Object Repository/LoggedInReactPages/ReportSummary/ReportType' are matched.

2018-05-29 11:23:57 - [MESSAGE][PASSED] - Actual text and expected text of test object 'Object Repository/LoggedInReactPages/ReportSummary/ReportType' are matched.

2018-05-29 11:23:57 - [TEST_STEP][PASSED] - navigateToUrl: Navigate to 'https://staging.instavin.com/_O/autotest/order/' successfully

2018-05-29 11:23:58 - [MESSAGE][PASSED] - Navigate to 'https://staging.instavin.com/_O/autotest/order/' successfully

2018-05-29 11:23:58 - [TEST_STEP][PASSED] - verifyElementText: Actual text and expected text of test object 'Object Repository/LoggedInReactPages/Order (react)/VtrPrice1' are matched.

2018-05-29 11:23:58 - [MESSAGE][PASSED] - Actual text and expected text of test object 'Object Repository/LoggedInReactPages/Order (react)/VtrPrice1' are matched.

2018-05-29 11:23:58 - [TEST_STEP][PASSED] - verifyElementText: Actual text and expected text of test object 'Object Repository/LoggedInReactPages/Order (react)/VtrPrice10' are matched.

2018-05-29 11:23:59 - [MESSAGE][PASSED] - Actual text and expected text of test object 'Object Repository/LoggedInReactPages/Order (react)/VtrPrice10' are matched.

2018-05-29 11:23:59 - [TEST_STEP][PASSED] - closeBrowser: Browser is closed

2018-05-29 11:23:59 - [MESSAGE][PASSED] - Browser is closed]]></system-out>
         <system-err><![CDATA[]]></system-err>
      </testcase>
      <testcase name="Test Cases/Affiliate - BuyVTRDealer" classname="Test Cases/Affiliate - BuyVTRDealer" status="PASSED">
         <system-out><![CDATA[2018-05-29 11:23:59 - [TEST_CASE][PASSED] - Test Cases/Affiliate - BuyVTRDealer: Test Cases/Affiliate - BuyVTRDealer

2018-05-29 11:24:00 - [TEST_STEP][PASSED] - openBrowser: Browser is opened with url: ''

2018-05-29 11:24:02 - [MESSAGE][PASSED] - Browser is opened with url: ''

2018-05-29 11:24:02 - [TEST_STEP][PASSED] - maximizeWindow: Current window maximized

2018-05-29 11:24:04 - [MESSAGE][PASSED] - Current window maximized

2018-05-29 11:24:04 - [TEST_STEP][PASSED] - Statement - OrderURL = com.kms.katalon.core.webui.keyword.WebUiBuiltInKeywords.concatenate([StagingReact, AffiliateURL, "order/"]): Concatenated string array: '['https://staging.instavin.com/','_O/autotest/','order/']' into 'https://staging.instavin.com/_O/autotest/order/'

2018-05-29 11:24:04 - [MESSAGE][PASSED] - Concatenated string array: '['https://staging.instavin.com/','_O/autotest/','order/']' into 'https://staging.instavin.com/_O/autotest/order/'

2018-05-29 11:24:04 - [TEST_STEP][PASSED] - navigateToUrl: Navigate to 'https://staging.instavin.com/_O/autotest/order/' successfully

2018-05-29 11:24:07 - [MESSAGE][PASSED] - Navigate to 'https://staging.instavin.com/_O/autotest/order/' successfully

2018-05-29 11:24:07 - [TEST_STEP][PASSED] - waitForElementVisible: Object 'Object Repository/LoggedInReactPages/Order (react)/instaVINProducts_Label' is visible

2018-05-29 11:24:07 - [MESSAGE][WARNING] - Timeout '0' is invalid. Using default page load timeout: '30'

2018-05-29 11:24:07 - [MESSAGE][PASSED] - Object 'Object Repository/LoggedInReactPages/Order (react)/instaVINProducts_Label' is visible

2018-05-29 11:24:07 - [TEST_STEP][PASSED] - verifyElementText: Actual text and expected text of test object 'Object Repository/LoggedInReactPages/Order (react)/VtrPrice1' are matched.

2018-05-29 11:24:07 - [MESSAGE][PASSED] - Actual text and expected text of test object 'Object Repository/LoggedInReactPages/Order (react)/VtrPrice1' are matched.

2018-05-29 11:24:07 - [TEST_STEP][PASSED] - verifyElementText: Actual text and expected text of test object 'Object Repository/LoggedInReactPages/Order (react)/VtrPrice10' are matched.

2018-05-29 11:24:07 - [MESSAGE][PASSED] - Actual text and expected text of test object 'Object Repository/LoggedInReactPages/Order (react)/VtrPrice10' are matched.

2018-05-29 11:24:07 - [TEST_STEP][PASSED] - verifyElementText: Actual text and expected text of test object 'Object Repository/LoggedInReactPages/Order (react)/VtrPrice50' are matched.

2018-05-29 11:24:07 - [MESSAGE][PASSED] - Actual text and expected text of test object 'Object Repository/LoggedInReactPages/Order (react)/VtrPrice50' are matched.

2018-05-29 11:24:07 - [TEST_STEP][PASSED] - setText: Text 'SAJWA43C199B29849' is set on object 'Object Repository/LoggedInReactPages/Order (react)/VINCheckForm_EnterVINInput'

2018-05-29 11:24:07 - [MESSAGE][PASSED] - Text 'SAJWA43C199B29849' is set on object 'Object Repository/LoggedInReactPages/Order (react)/VINCheckForm_EnterVINInput'

2018-05-29 11:24:07 - [TEST_STEP][PASSED] - click: Object: 'Object Repository/LoggedInReactPages/Order (react)/CheckVin_ArrowButton' is clicked on

2018-05-29 11:24:08 - [MESSAGE][PASSED] - Object: 'Object Repository/LoggedInReactPages/Order (react)/CheckVin_ArrowButton' is clicked on

2018-05-29 11:24:08 - [TEST_STEP][PASSED] - waitForElementVisible: Object 'Object Repository/LoggedInReactPages/Order (react)/ChangeVIN_Cross' is visible

2018-05-29 11:24:08 - [MESSAGE][WARNING] - Timeout '0' is invalid. Using default page load timeout: '30'

2018-05-29 11:24:08 - [MESSAGE][PASSED] - Object 'Object Repository/LoggedInReactPages/Order (react)/ChangeVIN_Cross' is visible

2018-05-29 11:24:08 - [TEST_STEP][PASSED] - verifyElementVisible: Object 'Object Repository/LoggedInReactPages/Order (react)/OrderNow_OrangeButton' is visible

2018-05-29 11:24:08 - [MESSAGE][PASSED] - Object 'Object Repository/LoggedInReactPages/Order (react)/OrderNow_OrangeButton' is visible

2018-05-29 11:24:08 - [TEST_STEP][PASSED] - click: Object: 'Object Repository/LoggedInReactPages/Order (react)/OrderNow_OrangeButton' is clicked on

2018-05-29 11:24:08 - [MESSAGE][PASSED] - Object: 'Object Repository/LoggedInReactPages/Order (react)/OrderNow_OrangeButton' is clicked on

2018-05-29 11:24:08 - [TEST_STEP][PASSED] - waitForElementVisible: Object 'Object Repository/LoggedInReactPages/Order (react)/Purchase_Button' is visible

2018-05-29 11:24:08 - [MESSAGE][WARNING] - Timeout '0' is invalid. Using default page load timeout: '30'

2018-05-29 11:24:08 - [MESSAGE][PASSED] - Object 'Object Repository/LoggedInReactPages/Order (react)/Purchase_Button' is visible

2018-05-29 11:24:08 - [TEST_STEP][PASSED] - Statement - now = new java.util.Date(): null

2018-05-29 11:24:08 - [TEST_STEP][PASSED] - Statement - rnd = now.format("yyyyMMddHHmmssSSS").toString(): null

2018-05-29 11:24:08 - [TEST_STEP][PASSED] - Statement - Email = com.kms.katalon.core.webui.keyword.WebUiBuiltInKeywords.concatenate(["affiliate", rnd, "@mailinator.com"]): Concatenated string array: '['affiliate','20180529112408973','@mailinator.com']' into 'affiliate20180529112408973@mailinator.com'

2018-05-29 11:24:09 - [MESSAGE][PASSED] - Concatenated string array: '['affiliate','20180529112408973','@mailinator.com']' into 'affiliate20180529112408973@mailinator.com'

2018-05-29 11:24:09 - [TEST_STEP][PASSED] - callTestCase: Call Test Case 'Test Cases/Base Tests/OrderSignUpBase' successfully

2018-05-29 11:24:09 - [TEST_CASE][PASSED] - Test Cases/Base Tests/OrderSignUpBase: Test Cases/Base Tests/OrderSignUpBase

2018-05-29 11:24:10 - [TEST_STEP][PASSED] - setText: Text 'Affiliate' is set on object 'Object Repository/LoggedOutReactPages/OrderLoggedOut/FirstName_Input'

2018-05-29 11:24:10 - [MESSAGE][PASSED] - Text 'Affiliate' is set on object 'Object Repository/LoggedOutReactPages/OrderLoggedOut/FirstName_Input'

2018-05-29 11:24:10 - [TEST_STEP][PASSED] - setText: Text 'Test' is set on object 'Object Repository/LoggedOutReactPages/OrderLoggedOut/LastName_Input'

2018-05-29 11:24:11 - [MESSAGE][PASSED] - Text 'Test' is set on object 'Object Repository/LoggedOutReactPages/OrderLoggedOut/LastName_Input'

2018-05-29 11:24:11 - [TEST_STEP][PASSED] - setText: Text 'test' is set on object 'Object Repository/LoggedOutReactPages/OrderLoggedOut/Address_Input'

2018-05-29 11:24:11 - [MESSAGE][PASSED] - Text 'test' is set on object 'Object Repository/LoggedOutReactPages/OrderLoggedOut/Address_Input'

2018-05-29 11:24:11 - [TEST_STEP][PASSED] - setText: Text 'test' is set on object 'Object Repository/LoggedOutReactPages/OrderLoggedOut/City_Input'

2018-05-29 11:24:12 - [MESSAGE][PASSED] - Text 'test' is set on object 'Object Repository/LoggedOutReactPages/OrderLoggedOut/City_Input'

2018-05-29 11:24:12 - [TEST_STEP][PASSED] - selectOptionByValue: All options with value 'TX' are selected in object 'Object Repository/LoggedOutReactPages/OrderLoggedOut/State_Dropdown' 

2018-05-29 11:24:12 - [MESSAGE][PASSED] - All options with value 'TX' are selected in object 'Object Repository/LoggedOutReactPages/OrderLoggedOut/State_Dropdown' 

2018-05-29 11:24:12 - [TEST_STEP][PASSED] - setText: Text '11111' is set on object 'Object Repository/LoggedOutReactPages/OrderLoggedOut/Zip_Input'

2018-05-29 11:24:13 - [MESSAGE][PASSED] - Text '11111' is set on object 'Object Repository/LoggedOutReactPages/OrderLoggedOut/Zip_Input'

2018-05-29 11:24:13 - [TEST_STEP][PASSED] - setText: Text '8001112233' is set on object 'Object Repository/LoggedOutReactPages/OrderLoggedOut/Phone_Input'

2018-05-29 11:24:14 - [MESSAGE][PASSED] - Text '8001112233' is set on object 'Object Repository/LoggedOutReactPages/OrderLoggedOut/Phone_Input'

2018-05-29 11:24:14 - [TEST_STEP][PASSED] - setText: Text 'affiliate20180529112408973@mailinator.com' is set on object 'Object Repository/LoggedOutReactPages/OrderLoggedOut/Email_Input'

2018-05-29 11:24:15 - [MESSAGE][PASSED] - Text 'affiliate20180529112408973@mailinator.com' is set on object 'Object Repository/LoggedOutReactPages/OrderLoggedOut/Email_Input'

2018-05-29 11:24:15 - [TEST_STEP][PASSED] - setText: Text '4000100011112224' is set on object 'Object Repository/LoggedOutReactPages/OrderLoggedOut/CcNumber_Input'

2018-05-29 11:24:15 - [MESSAGE][PASSED] - Text '4000100011112224' is set on object 'Object Repository/LoggedOutReactPages/OrderLoggedOut/CcNumber_Input'

2018-05-29 11:24:15 - [TEST_STEP][PASSED] - setText: Text '111' is set on object 'Object Repository/LoggedOutReactPages/OrderLoggedOut/CVV_Input'

2018-05-29 11:24:16 - [MESSAGE][PASSED] - Text '111' is set on object 'Object Repository/LoggedOutReactPages/OrderLoggedOut/CVV_Input'

2018-05-29 11:24:16 - [TEST_STEP][PASSED] - selectOptionByValue: All options with value '11' are selected in object 'Object Repository/LoggedOutReactPages/OrderLoggedOut/ExpirationMonth_Dropdown' 

2018-05-29 11:24:16 - [MESSAGE][PASSED] - All options with value '11' are selected in object 'Object Repository/LoggedOutReactPages/OrderLoggedOut/ExpirationMonth_Dropdown' 

2018-05-29 11:24:16 - [TEST_STEP][PASSED] - selectOptionByValue: All options with value '2020' are selected in object 'Object Repository/LoggedOutReactPages/OrderLoggedOut/ExpirationYear_Dropdown' 

2018-05-29 11:24:17 - [MESSAGE][PASSED] - All options with value '2020' are selected in object 'Object Repository/LoggedOutReactPages/OrderLoggedOut/ExpirationYear_Dropdown' 

2018-05-29 11:24:17 - [TEST_STEP][PASSED] - selectOptionByValue: All options with value '1' are selected in object 'Object Repository/LoggedOutReactPages/OrderLoggedOut/UserType_Dropdown' 

2018-05-29 11:24:17 - [MESSAGE][PASSED] - All options with value '1' are selected in object 'Object Repository/LoggedOutReactPages/OrderLoggedOut/UserType_Dropdown' 

2018-05-29 11:24:17 - [TEST_STEP][PASSED] - check: Object 'Object Repository/LoggedOutReactPages/OrderLoggedOut/Terms_Checkbox' is checked

2018-05-29 11:24:17 - [MESSAGE][PASSED] - Object 'Object Repository/LoggedOutReactPages/OrderLoggedOut/Terms_Checkbox' is checked

2018-05-29 11:24:17 - [TEST_STEP][PASSED] - click: Object: 'Object Repository/LoggedInReactPages/Order (react)/Purchase_Button' is clicked on

2018-05-29 11:24:18 - [MESSAGE][PASSED] - Object: 'Object Repository/LoggedInReactPages/Order (react)/Purchase_Button' is clicked on

2018-05-29 11:24:18 - [MESSAGE][PASSED] - Call Test Case 'Test Cases/Base Tests/OrderSignUpBase' successfully

2018-05-29 11:24:18 - [TEST_STEP][PASSED] - waitForElementClickable: Object 'Object Repository/LoggedInReactPages/Order (react)/CompletePurchase_Button' is clickable

2018-05-29 11:24:18 - [MESSAGE][WARNING] - Timeout '0' is invalid. Using default page load timeout: '30'

2018-05-29 11:24:18 - [MESSAGE][PASSED] - Object 'Object Repository/LoggedInReactPages/Order (react)/CompletePurchase_Button' is clickable

2018-05-29 11:24:18 - [TEST_STEP][PASSED] - Statement - Price = com.kms.katalon.core.webui.keyword.WebUiBuiltInKeywords.concatenate(["Only ", Vtr1]): Concatenated string array: '['Only ','$333.00']' into 'Only $333.00'

2018-05-29 11:24:18 - [MESSAGE][PASSED] - Concatenated string array: '['Only ','$333.00']' into 'Only $333.00'

2018-05-29 11:24:18 - [TEST_STEP][PASSED] - verifyElementText: Actual text and expected text of test object 'Object Repository/LoggedInReactPages/Order (react)/Confirm_Price' are matched.

2018-05-29 11:24:18 - [MESSAGE][PASSED] - Actual text and expected text of test object 'Object Repository/LoggedInReactPages/Order (react)/Confirm_Price' are matched.

2018-05-29 11:24:18 - [TEST_STEP][PASSED] - click: Object: 'Object Repository/LoggedInReactPages/Order (react)/CompletePurchase_Button' is clicked on

2018-05-29 11:24:19 - [MESSAGE][PASSED] - Object: 'Object Repository/LoggedInReactPages/Order (react)/CompletePurchase_Button' is clicked on

2018-05-29 11:24:19 - [TEST_STEP][PASSED] - waitForElementPresent: Object 'Object Repository/LoggedInReactPages/Order (react)/VINCheckForm_EnterVINInput' is present

2018-05-29 11:24:19 - [MESSAGE][WARNING] - Timeout '0' is invalid. Using default page load timeout: '30'

2018-05-29 11:24:23 - [MESSAGE][PASSED] - Object 'Object Repository/LoggedInReactPages/Order (react)/VINCheckForm_EnterVINInput' is present

2018-05-29 11:24:23 - [TEST_STEP][PASSED] - waitForElementClickable: Object 'Object Repository/LoggedInReactPages/Order (react)/ViewReport_Button' is clickable

2018-05-29 11:24:23 - [MESSAGE][WARNING] - Timeout '0' is invalid. Using default page load timeout: '30'

2018-05-29 11:24:23 - [MESSAGE][PASSED] - Object 'Object Repository/LoggedInReactPages/Order (react)/ViewReport_Button' is clickable

2018-05-29 11:24:23 - [TEST_STEP][PASSED] - verifyTextPresent: Text 'Thank you for using instaVIN!' is present on page 

2018-05-29 11:24:24 - [MESSAGE][PASSED] - Text 'Thank you for using instaVIN!' is present on page 

2018-05-29 11:24:24 - [TEST_STEP][PASSED] - verifyElementText: Actual text and expected text of test object 'Object Repository/LoggedInReactPages/Order (react)/ViewReport - Vin' are matched.

2018-05-29 11:24:24 - [MESSAGE][PASSED] - Actual text and expected text of test object 'Object Repository/LoggedInReactPages/Order (react)/ViewReport - Vin' are matched.

2018-05-29 11:24:24 - [TEST_STEP][PASSED] - verifyElementText: Actual text and expected text of test object 'Object Repository/LoggedInReactPages/Order (react)/ViewReport - ReportType' are matched.

2018-05-29 11:24:24 - [MESSAGE][PASSED] - Actual text and expected text of test object 'Object Repository/LoggedInReactPages/Order (react)/ViewReport - ReportType' are matched.

2018-05-29 11:24:24 - [TEST_STEP][PASSED] - click: Object: 'Object Repository/LoggedInReactPages/Order (react)/ViewReport_Button' is clicked on

2018-05-29 11:24:25 - [MESSAGE][PASSED] - Object: 'Object Repository/LoggedInReactPages/Order (react)/ViewReport_Button' is clicked on

2018-05-29 11:24:25 - [TEST_STEP][PASSED] - waitForElementVisible: Object 'Object Repository/LoggedInReactPages/ReportSummary/ReportHeader' is visible

2018-05-29 11:24:25 - [MESSAGE][WARNING] - Timeout '0' is invalid. Using default page load timeout: '30'

2018-05-29 11:24:25 - [MESSAGE][PASSED] - Object 'Object Repository/LoggedInReactPages/ReportSummary/ReportHeader' is visible

2018-05-29 11:24:25 - [TEST_STEP][PASSED] - verifyElementText: Actual text and expected text of test object 'Object Repository/LoggedInReactPages/ReportSummary/VehicleTitle' are matched.

2018-05-29 11:24:25 - [MESSAGE][PASSED] - Actual text and expected text of test object 'Object Repository/LoggedInReactPages/ReportSummary/VehicleTitle' are matched.

2018-05-29 11:24:25 - [TEST_STEP][PASSED] - verifyElementAttributeValue: Object 'Object Repository/LoggedInReactPages/ReportSummary/ReportType' has attribute 'class' with value 'ReportGrade AlertSuccess'

2018-05-29 11:24:25 - [MESSAGE][WARNING] - Timeout '0' is invalid. Using default page load timeout: '30'

2018-05-29 11:24:25 - [MESSAGE][PASSED] - Object 'Object Repository/LoggedInReactPages/ReportSummary/ReportType' has attribute 'class' with value 'ReportGrade AlertSuccess'

2018-05-29 11:24:25 - [TEST_STEP][PASSED] - verifyElementText: Actual text and expected text of test object 'Object Repository/LoggedInReactPages/ReportSummary/ReportType' are matched.

2018-05-29 11:24:25 - [MESSAGE][PASSED] - Actual text and expected text of test object 'Object Repository/LoggedInReactPages/ReportSummary/ReportType' are matched.

2018-05-29 11:24:25 - [TEST_STEP][PASSED] - navigateToUrl: Navigate to 'https://staging.instavin.com/_O/autotest/order/' successfully

2018-05-29 11:24:26 - [MESSAGE][PASSED] - Navigate to 'https://staging.instavin.com/_O/autotest/order/' successfully

2018-05-29 11:24:26 - [TEST_STEP][PASSED] - verifyElementText: Actual text and expected text of test object 'Object Repository/LoggedInReactPages/Order (react)/VtrPrice1' are matched.

2018-05-29 11:24:26 - [MESSAGE][PASSED] - Actual text and expected text of test object 'Object Repository/LoggedInReactPages/Order (react)/VtrPrice1' are matched.

2018-05-29 11:24:26 - [TEST_STEP][PASSED] - verifyElementText: Actual text and expected text of test object 'Object Repository/LoggedInReactPages/Order (react)/VtrPrice10' are matched.

2018-05-29 11:24:26 - [MESSAGE][PASSED] - Actual text and expected text of test object 'Object Repository/LoggedInReactPages/Order (react)/VtrPrice10' are matched.

2018-05-29 11:24:26 - [TEST_STEP][PASSED] - verifyElementText: Actual text and expected text of test object 'Object Repository/LoggedInReactPages/Order (react)/VtrPrice50' are matched.

2018-05-29 11:24:26 - [MESSAGE][PASSED] - Actual text and expected text of test object 'Object Repository/LoggedInReactPages/Order (react)/VtrPrice50' are matched.

2018-05-29 11:24:26 - [TEST_STEP][PASSED] - closeBrowser: Browser is closed

2018-05-29 11:24:27 - [MESSAGE][PASSED] - Browser is closed]]></system-out>
         <system-err><![CDATA[]]></system-err>
      </testcase>
      <testcase name="Test Cases/Affiliate - BuyVTRCaDealer" classname="Test Cases/Affiliate - BuyVTRCaDealer" status="PASSED">
         <system-out><![CDATA[2018-05-29 11:24:27 - [TEST_CASE][PASSED] - Test Cases/Affiliate - BuyVTRCaDealer: Test Cases/Affiliate - BuyVTRCaDealer

2018-05-29 11:24:28 - [TEST_STEP][PASSED] - openBrowser: Browser is opened with url: ''

2018-05-29 11:24:30 - [MESSAGE][PASSED] - Browser is opened with url: ''

2018-05-29 11:24:30 - [TEST_STEP][PASSED] - maximizeWindow: Current window maximized

2018-05-29 11:24:31 - [MESSAGE][PASSED] - Current window maximized

2018-05-29 11:24:31 - [TEST_STEP][PASSED] - Statement - OrderURL = com.kms.katalon.core.webui.keyword.WebUiBuiltInKeywords.concatenate([StagingReact, AffiliateURL, "order/"]): Concatenated string array: '['https://staging.instavin.com/','_O/autotest/','order/']' into 'https://staging.instavin.com/_O/autotest/order/'

2018-05-29 11:24:31 - [MESSAGE][PASSED] - Concatenated string array: '['https://staging.instavin.com/','_O/autotest/','order/']' into 'https://staging.instavin.com/_O/autotest/order/'

2018-05-29 11:24:31 - [TEST_STEP][PASSED] - navigateToUrl: Navigate to 'https://staging.instavin.com/_O/autotest/order/' successfully

2018-05-29 11:24:34 - [MESSAGE][PASSED] - Navigate to 'https://staging.instavin.com/_O/autotest/order/' successfully

2018-05-29 11:24:34 - [TEST_STEP][PASSED] - waitForElementVisible: Object 'Object Repository/LoggedInReactPages/Order (react)/instaVINProducts_Label' is visible

2018-05-29 11:24:34 - [MESSAGE][WARNING] - Timeout '0' is invalid. Using default page load timeout: '30'

2018-05-29 11:24:34 - [MESSAGE][PASSED] - Object 'Object Repository/LoggedInReactPages/Order (react)/instaVINProducts_Label' is visible

2018-05-29 11:24:34 - [TEST_STEP][PASSED] - verifyElementText: Actual text and expected text of test object 'Object Repository/LoggedInReactPages/Order (react)/VtrPrice1' are matched.

2018-05-29 11:24:34 - [MESSAGE][PASSED] - Actual text and expected text of test object 'Object Repository/LoggedInReactPages/Order (react)/VtrPrice1' are matched.

2018-05-29 11:24:34 - [TEST_STEP][PASSED] - verifyElementText: Actual text and expected text of test object 'Object Repository/LoggedInReactPages/Order (react)/VtrPrice10' are matched.

2018-05-29 11:24:34 - [MESSAGE][PASSED] - Actual text and expected text of test object 'Object Repository/LoggedInReactPages/Order (react)/VtrPrice10' are matched.

2018-05-29 11:24:34 - [TEST_STEP][PASSED] - verifyElementText: Actual text and expected text of test object 'Object Repository/LoggedInReactPages/Order (react)/VtrPrice50' are matched.

2018-05-29 11:24:34 - [MESSAGE][PASSED] - Actual text and expected text of test object 'Object Repository/LoggedInReactPages/Order (react)/VtrPrice50' are matched.

2018-05-29 11:24:34 - [TEST_STEP][PASSED] - setText: Text 'SAJWA43C199B29849' is set on object 'Object Repository/LoggedInReactPages/Order (react)/VINCheckForm_EnterVINInput'

2018-05-29 11:24:34 - [MESSAGE][PASSED] - Text 'SAJWA43C199B29849' is set on object 'Object Repository/LoggedInReactPages/Order (react)/VINCheckForm_EnterVINInput'

2018-05-29 11:24:34 - [TEST_STEP][PASSED] - click: Object: 'Object Repository/LoggedInReactPages/Order (react)/CheckVin_ArrowButton' is clicked on

2018-05-29 11:24:34 - [MESSAGE][PASSED] - Object: 'Object Repository/LoggedInReactPages/Order (react)/CheckVin_ArrowButton' is clicked on

2018-05-29 11:24:34 - [TEST_STEP][PASSED] - waitForElementVisible: Object 'Object Repository/LoggedInReactPages/Order (react)/ChangeVIN_Cross' is visible

2018-05-29 11:24:34 - [MESSAGE][WARNING] - Timeout '0' is invalid. Using default page load timeout: '30'

2018-05-29 11:24:35 - [MESSAGE][PASSED] - Object 'Object Repository/LoggedInReactPages/Order (react)/ChangeVIN_Cross' is visible

2018-05-29 11:24:35 - [TEST_STEP][PASSED] - verifyElementVisible: Object 'Object Repository/LoggedInReactPages/Order (react)/OrderNow_OrangeButton' is visible

2018-05-29 11:24:35 - [MESSAGE][PASSED] - Object 'Object Repository/LoggedInReactPages/Order (react)/OrderNow_OrangeButton' is visible

2018-05-29 11:24:35 - [TEST_STEP][PASSED] - click: Object: 'Object Repository/LoggedInReactPages/Order (react)/OrderNow_OrangeButton' is clicked on

2018-05-29 11:24:35 - [MESSAGE][PASSED] - Object: 'Object Repository/LoggedInReactPages/Order (react)/OrderNow_OrangeButton' is clicked on

2018-05-29 11:24:35 - [TEST_STEP][PASSED] - waitForElementVisible: Object 'Object Repository/LoggedInReactPages/Order (react)/Purchase_Button' is visible

2018-05-29 11:24:35 - [MESSAGE][WARNING] - Timeout '0' is invalid. Using default page load timeout: '30'

2018-05-29 11:24:35 - [MESSAGE][PASSED] - Object 'Object Repository/LoggedInReactPages/Order (react)/Purchase_Button' is visible

2018-05-29 11:24:35 - [TEST_STEP][PASSED] - Statement - now = new java.util.Date(): null

2018-05-29 11:24:35 - [TEST_STEP][PASSED] - Statement - rnd = now.format("yyyyMMddHHmmssSSS").toString(): null

2018-05-29 11:24:35 - [TEST_STEP][PASSED] - Statement - Email = com.kms.katalon.core.webui.keyword.WebUiBuiltInKeywords.concatenate(["affiliate", rnd, "@mailinator.com"]): Concatenated string array: '['affiliate','20180529112435642','@mailinator.com']' into 'affiliate20180529112435642@mailinator.com'

2018-05-29 11:24:35 - [MESSAGE][PASSED] - Concatenated string array: '['affiliate','20180529112435642','@mailinator.com']' into 'affiliate20180529112435642@mailinator.com'

2018-05-29 11:24:35 - [TEST_STEP][PASSED] - callTestCase: Call Test Case 'Test Cases/Base Tests/OrderSignUpBase' successfully

2018-05-29 11:24:35 - [TEST_CASE][PASSED] - Test Cases/Base Tests/OrderSignUpBase: Test Cases/Base Tests/OrderSignUpBase

2018-05-29 11:24:36 - [TEST_STEP][PASSED] - setText: Text 'Affiliate' is set on object 'Object Repository/LoggedOutReactPages/OrderLoggedOut/FirstName_Input'

2018-05-29 11:24:36 - [MESSAGE][PASSED] - Text 'Affiliate' is set on object 'Object Repository/LoggedOutReactPages/OrderLoggedOut/FirstName_Input'

2018-05-29 11:24:36 - [TEST_STEP][PASSED] - setText: Text 'Cadealer' is set on object 'Object Repository/LoggedOutReactPages/OrderLoggedOut/LastName_Input'

2018-05-29 11:24:37 - [MESSAGE][PASSED] - Text 'Cadealer' is set on object 'Object Repository/LoggedOutReactPages/OrderLoggedOut/LastName_Input'

2018-05-29 11:24:37 - [TEST_STEP][PASSED] - setText: Text 'test' is set on object 'Object Repository/LoggedOutReactPages/OrderLoggedOut/Address_Input'

2018-05-29 11:24:38 - [MESSAGE][PASSED] - Text 'test' is set on object 'Object Repository/LoggedOutReactPages/OrderLoggedOut/Address_Input'

2018-05-29 11:24:38 - [TEST_STEP][PASSED] - setText: Text 'test' is set on object 'Object Repository/LoggedOutReactPages/OrderLoggedOut/City_Input'

2018-05-29 11:24:38 - [MESSAGE][PASSED] - Text 'test' is set on object 'Object Repository/LoggedOutReactPages/OrderLoggedOut/City_Input'

2018-05-29 11:24:38 - [TEST_STEP][PASSED] - selectOptionByValue: All options with value 'CA' are selected in object 'Object Repository/LoggedOutReactPages/OrderLoggedOut/State_Dropdown' 

2018-05-29 11:24:38 - [MESSAGE][PASSED] - All options with value 'CA' are selected in object 'Object Repository/LoggedOutReactPages/OrderLoggedOut/State_Dropdown' 

2018-05-29 11:24:38 - [TEST_STEP][PASSED] - setText: Text '11111' is set on object 'Object Repository/LoggedOutReactPages/OrderLoggedOut/Zip_Input'

2018-05-29 11:24:39 - [MESSAGE][PASSED] - Text '11111' is set on object 'Object Repository/LoggedOutReactPages/OrderLoggedOut/Zip_Input'

2018-05-29 11:24:39 - [TEST_STEP][PASSED] - setText: Text '8001112233' is set on object 'Object Repository/LoggedOutReactPages/OrderLoggedOut/Phone_Input'

2018-05-29 11:24:39 - [MESSAGE][PASSED] - Text '8001112233' is set on object 'Object Repository/LoggedOutReactPages/OrderLoggedOut/Phone_Input'

2018-05-29 11:24:39 - [TEST_STEP][PASSED] - setText: Text 'affiliate20180529112435642@mailinator.com' is set on object 'Object Repository/LoggedOutReactPages/OrderLoggedOut/Email_Input'

2018-05-29 11:24:40 - [MESSAGE][PASSED] - Text 'affiliate20180529112435642@mailinator.com' is set on object 'Object Repository/LoggedOutReactPages/OrderLoggedOut/Email_Input'

2018-05-29 11:24:40 - [TEST_STEP][PASSED] - setText: Text '4000100011112224' is set on object 'Object Repository/LoggedOutReactPages/OrderLoggedOut/CcNumber_Input'

2018-05-29 11:24:41 - [MESSAGE][PASSED] - Text '4000100011112224' is set on object 'Object Repository/LoggedOutReactPages/OrderLoggedOut/CcNumber_Input'

2018-05-29 11:24:41 - [TEST_STEP][PASSED] - setText: Text '111' is set on object 'Object Repository/LoggedOutReactPages/OrderLoggedOut/CVV_Input'

2018-05-29 11:24:41 - [MESSAGE][PASSED] - Text '111' is set on object 'Object Repository/LoggedOutReactPages/OrderLoggedOut/CVV_Input'

2018-05-29 11:24:41 - [TEST_STEP][PASSED] - selectOptionByValue: All options with value '11' are selected in object 'Object Repository/LoggedOutReactPages/OrderLoggedOut/ExpirationMonth_Dropdown' 

2018-05-29 11:24:41 - [MESSAGE][PASSED] - All options with value '11' are selected in object 'Object Repository/LoggedOutReactPages/OrderLoggedOut/ExpirationMonth_Dropdown' 

2018-05-29 11:24:41 - [TEST_STEP][PASSED] - selectOptionByValue: All options with value '2020' are selected in object 'Object Repository/LoggedOutReactPages/OrderLoggedOut/ExpirationYear_Dropdown' 

2018-05-29 11:24:42 - [MESSAGE][PASSED] - All options with value '2020' are selected in object 'Object Repository/LoggedOutReactPages/OrderLoggedOut/ExpirationYear_Dropdown' 

2018-05-29 11:24:42 - [TEST_STEP][PASSED] - selectOptionByValue: All options with value '1' are selected in object 'Object Repository/LoggedOutReactPages/OrderLoggedOut/UserType_Dropdown' 

2018-05-29 11:24:42 - [MESSAGE][PASSED] - All options with value '1' are selected in object 'Object Repository/LoggedOutReactPages/OrderLoggedOut/UserType_Dropdown' 

2018-05-29 11:24:42 - [TEST_STEP][PASSED] - check: Object 'Object Repository/LoggedOutReactPages/OrderLoggedOut/Terms_Checkbox' is checked

2018-05-29 11:24:42 - [MESSAGE][PASSED] - Object 'Object Repository/LoggedOutReactPages/OrderLoggedOut/Terms_Checkbox' is checked

2018-05-29 11:24:42 - [TEST_STEP][PASSED] - click: Object: 'Object Repository/LoggedInReactPages/Order (react)/Purchase_Button' is clicked on

2018-05-29 11:24:43 - [MESSAGE][PASSED] - Object: 'Object Repository/LoggedInReactPages/Order (react)/Purchase_Button' is clicked on

2018-05-29 11:24:43 - [MESSAGE][PASSED] - Call Test Case 'Test Cases/Base Tests/OrderSignUpBase' successfully

2018-05-29 11:24:43 - [TEST_STEP][PASSED] - waitForElementClickable: Object 'Object Repository/LoggedInReactPages/Order (react)/CompletePurchase_Button' is clickable

2018-05-29 11:24:43 - [MESSAGE][WARNING] - Timeout '0' is invalid. Using default page load timeout: '30'

2018-05-29 11:24:43 - [MESSAGE][PASSED] - Object 'Object Repository/LoggedInReactPages/Order (react)/CompletePurchase_Button' is clickable

2018-05-29 11:24:43 - [TEST_STEP][PASSED] - Statement - Price = com.kms.katalon.core.webui.keyword.WebUiBuiltInKeywords.concatenate(["Only ", Vtr1]): Concatenated string array: '['Only ','$333.00']' into 'Only $333.00'

2018-05-29 11:24:43 - [MESSAGE][PASSED] - Concatenated string array: '['Only ','$333.00']' into 'Only $333.00'

2018-05-29 11:24:43 - [TEST_STEP][PASSED] - verifyElementText: Actual text and expected text of test object 'Object Repository/LoggedInReactPages/Order (react)/Confirm_Price' are matched.

2018-05-29 11:24:43 - [MESSAGE][PASSED] - Actual text and expected text of test object 'Object Repository/LoggedInReactPages/Order (react)/Confirm_Price' are matched.

2018-05-29 11:24:43 - [TEST_STEP][PASSED] - click: Object: 'Object Repository/LoggedInReactPages/Order (react)/CompletePurchase_Button' is clicked on

2018-05-29 11:24:44 - [MESSAGE][PASSED] - Object: 'Object Repository/LoggedInReactPages/Order (react)/CompletePurchase_Button' is clicked on

2018-05-29 11:24:44 - [TEST_STEP][PASSED] - waitForElementPresent: Object 'Object Repository/LoggedInReactPages/Order (react)/VINCheckForm_EnterVINInput' is present

2018-05-29 11:24:44 - [MESSAGE][WARNING] - Timeout '0' is invalid. Using default page load timeout: '30'

2018-05-29 11:24:48 - [MESSAGE][PASSED] - Object 'Object Repository/LoggedInReactPages/Order (react)/VINCheckForm_EnterVINInput' is present

2018-05-29 11:24:48 - [TEST_STEP][PASSED] - waitForElementClickable: Object 'Object Repository/LoggedInReactPages/Order (react)/ViewReport_Button' is clickable

2018-05-29 11:24:48 - [MESSAGE][WARNING] - Timeout '0' is invalid. Using default page load timeout: '30'

2018-05-29 11:24:48 - [MESSAGE][PASSED] - Object 'Object Repository/LoggedInReactPages/Order (react)/ViewReport_Button' is clickable

2018-05-29 11:24:48 - [TEST_STEP][PASSED] - verifyTextPresent: Text 'Thank you for using instaVIN!' is present on page 

2018-05-29 11:24:48 - [MESSAGE][PASSED] - Text 'Thank you for using instaVIN!' is present on page 

2018-05-29 11:24:48 - [TEST_STEP][PASSED] - verifyElementText: Actual text and expected text of test object 'Object Repository/LoggedInReactPages/Order (react)/ViewReport - Vin' are matched.

2018-05-29 11:24:48 - [MESSAGE][PASSED] - Actual text and expected text of test object 'Object Repository/LoggedInReactPages/Order (react)/ViewReport - Vin' are matched.

2018-05-29 11:24:48 - [TEST_STEP][PASSED] - verifyElementText: Actual text and expected text of test object 'Object Repository/LoggedInReactPages/Order (react)/ViewReport - ReportType' are matched.

2018-05-29 11:24:48 - [MESSAGE][PASSED] - Actual text and expected text of test object 'Object Repository/LoggedInReactPages/Order (react)/ViewReport - ReportType' are matched.

2018-05-29 11:24:48 - [TEST_STEP][PASSED] - click: Object: 'Object Repository/LoggedInReactPages/Order (react)/ViewReport_Button' is clicked on

2018-05-29 11:24:50 - [MESSAGE][PASSED] - Object: 'Object Repository/LoggedInReactPages/Order (react)/ViewReport_Button' is clicked on

2018-05-29 11:24:50 - [TEST_STEP][PASSED] - waitForElementVisible: Object 'Object Repository/LoggedInReactPages/ReportSummary/ReportHeader' is visible

2018-05-29 11:24:50 - [MESSAGE][WARNING] - Timeout '0' is invalid. Using default page load timeout: '30'

2018-05-29 11:24:50 - [MESSAGE][PASSED] - Object 'Object Repository/LoggedInReactPages/ReportSummary/ReportHeader' is visible

2018-05-29 11:24:50 - [TEST_STEP][PASSED] - verifyElementText: Actual text and expected text of test object 'Object Repository/LoggedInReactPages/ReportSummary/VehicleTitle' are matched.

2018-05-29 11:24:50 - [MESSAGE][PASSED] - Actual text and expected text of test object 'Object Repository/LoggedInReactPages/ReportSummary/VehicleTitle' are matched.

2018-05-29 11:24:50 - [TEST_STEP][PASSED] - verifyElementAttributeValue: Object 'Object Repository/LoggedInReactPages/ReportSummary/ReportType' has attribute 'class' with value 'ReportGrade AlertSuccess'

2018-05-29 11:24:50 - [MESSAGE][WARNING] - Timeout '0' is invalid. Using default page load timeout: '30'

2018-05-29 11:24:50 - [MESSAGE][PASSED] - Object 'Object Repository/LoggedInReactPages/ReportSummary/ReportType' has attribute 'class' with value 'ReportGrade AlertSuccess'

2018-05-29 11:24:50 - [TEST_STEP][PASSED] - verifyElementText: Actual text and expected text of test object 'Object Repository/LoggedInReactPages/ReportSummary/ReportType' are matched.

2018-05-29 11:24:50 - [MESSAGE][PASSED] - Actual text and expected text of test object 'Object Repository/LoggedInReactPages/ReportSummary/ReportType' are matched.

2018-05-29 11:24:50 - [TEST_STEP][PASSED] - navigateToUrl: Navigate to 'https://staging.instavin.com/_O/autotest/order/' successfully

2018-05-29 11:24:51 - [MESSAGE][PASSED] - Navigate to 'https://staging.instavin.com/_O/autotest/order/' successfully

2018-05-29 11:24:51 - [TEST_STEP][PASSED] - verifyElementText: Actual text and expected text of test object 'Object Repository/LoggedInReactPages/Order (react)/VtrPrice1' are matched.

2018-05-29 11:24:51 - [MESSAGE][PASSED] - Actual text and expected text of test object 'Object Repository/LoggedInReactPages/Order (react)/VtrPrice1' are matched.

2018-05-29 11:24:51 - [TEST_STEP][PASSED] - verifyElementText: Actual text and expected text of test object 'Object Repository/LoggedInReactPages/Order (react)/VtrPrice10' are matched.

2018-05-29 11:24:51 - [MESSAGE][PASSED] - Actual text and expected text of test object 'Object Repository/LoggedInReactPages/Order (react)/VtrPrice10' are matched.

2018-05-29 11:24:51 - [TEST_STEP][PASSED] - verifyElementText: Actual text and expected text of test object 'Object Repository/LoggedInReactPages/Order (react)/VtrPrice50' are matched.

2018-05-29 11:24:51 - [MESSAGE][PASSED] - Actual text and expected text of test object 'Object Repository/LoggedInReactPages/Order (react)/VtrPrice50' are matched.

2018-05-29 11:24:51 - [TEST_STEP][PASSED] - closeBrowser: Browser is closed

2018-05-29 11:24:52 - [MESSAGE][PASSED] - Browser is closed]]></system-out>
         <system-err><![CDATA[]]></system-err>
      </testcase>
      <testcase name="Test Cases/Salesman - BuyVtrCaDealer" classname="Test Cases/Salesman - BuyVtrCaDealer" status="PASSED">
         <system-out><![CDATA[2018-05-29 11:24:52 - [TEST_CASE][PASSED] - Test Cases/Salesman - BuyVtrCaDealer: Test Cases/Salesman - BuyVtrCaDealer

2018-05-29 11:24:52 - [TEST_STEP][PASSED] - openBrowser: Browser is opened with url: ''

2018-05-29 11:24:54 - [MESSAGE][PASSED] - Browser is opened with url: ''

2018-05-29 11:24:54 - [TEST_STEP][PASSED] - maximizeWindow: Current window maximized

2018-05-29 11:24:56 - [MESSAGE][PASSED] - Current window maximized

2018-05-29 11:24:56 - [TEST_STEP][PASSED] - Statement - OrderURL = com.kms.katalon.core.webui.keyword.WebUiBuiltInKeywords.concatenate([StagingReact, SalesmanURL, "order/"]): Concatenated string array: '['https://staging.instavin.com/','_O/Autotest(salesman)/','order/']' into 'https://staging.instavin.com/_O/Autotest(salesman)/order/'

2018-05-29 11:24:56 - [MESSAGE][PASSED] - Concatenated string array: '['https://staging.instavin.com/','_O/Autotest(salesman)/','order/']' into 'https://staging.instavin.com/_O/Autotest(salesman)/order/'

2018-05-29 11:24:56 - [TEST_STEP][PASSED] - navigateToUrl: Navigate to 'https://staging.instavin.com/_O/Autotest(salesman)/order/' successfully

2018-05-29 11:24:58 - [MESSAGE][PASSED] - Navigate to 'https://staging.instavin.com/_O/Autotest(salesman)/order/' successfully

2018-05-29 11:24:58 - [TEST_STEP][PASSED] - waitForElementVisible: Object 'Object Repository/LoggedInReactPages/Order (react)/instaVINProducts_Label' is visible

2018-05-29 11:24:58 - [MESSAGE][WARNING] - Timeout '0' is invalid. Using default page load timeout: '30'

2018-05-29 11:24:58 - [MESSAGE][PASSED] - Object 'Object Repository/LoggedInReactPages/Order (react)/instaVINProducts_Label' is visible

2018-05-29 11:24:58 - [TEST_STEP][PASSED] - verifyElementText: Actual text and expected text of test object 'Object Repository/LoggedInReactPages/Order (react)/VtrPrice1' are matched.

2018-05-29 11:24:58 - [MESSAGE][PASSED] - Actual text and expected text of test object 'Object Repository/LoggedInReactPages/Order (react)/VtrPrice1' are matched.

2018-05-29 11:24:58 - [TEST_STEP][PASSED] - verifyElementText: Actual text and expected text of test object 'Object Repository/LoggedInReactPages/Order (react)/VtrPrice10' are matched.

2018-05-29 11:24:58 - [MESSAGE][PASSED] - Actual text and expected text of test object 'Object Repository/LoggedInReactPages/Order (react)/VtrPrice10' are matched.

2018-05-29 11:24:58 - [TEST_STEP][PASSED] - verifyElementText: Actual text and expected text of test object 'Object Repository/LoggedInReactPages/Order (react)/VtrPrice50' are matched.

2018-05-29 11:24:59 - [MESSAGE][PASSED] - Actual text and expected text of test object 'Object Repository/LoggedInReactPages/Order (react)/VtrPrice50' are matched.

2018-05-29 11:24:59 - [TEST_STEP][PASSED] - setText: Text 'SAJWA43C199B29849' is set on object 'Object Repository/LoggedInReactPages/Order (react)/VINCheckForm_EnterVINInput'

2018-05-29 11:24:59 - [MESSAGE][PASSED] - Text 'SAJWA43C199B29849' is set on object 'Object Repository/LoggedInReactPages/Order (react)/VINCheckForm_EnterVINInput'

2018-05-29 11:24:59 - [TEST_STEP][PASSED] - click: Object: 'Object Repository/LoggedInReactPages/Order (react)/CheckVin_ArrowButton' is clicked on

2018-05-29 11:24:59 - [MESSAGE][PASSED] - Object: 'Object Repository/LoggedInReactPages/Order (react)/CheckVin_ArrowButton' is clicked on

2018-05-29 11:24:59 - [TEST_STEP][PASSED] - waitForElementVisible: Object 'Object Repository/LoggedInReactPages/Order (react)/ChangeVIN_Cross' is visible

2018-05-29 11:24:59 - [MESSAGE][WARNING] - Timeout '0' is invalid. Using default page load timeout: '30'

2018-05-29 11:24:59 - [MESSAGE][PASSED] - Object 'Object Repository/LoggedInReactPages/Order (react)/ChangeVIN_Cross' is visible

2018-05-29 11:24:59 - [TEST_STEP][PASSED] - verifyElementVisible: Object 'Object Repository/LoggedInReactPages/Order (react)/OrderNow_OrangeButton' is visible

2018-05-29 11:24:59 - [MESSAGE][PASSED] - Object 'Object Repository/LoggedInReactPages/Order (react)/OrderNow_OrangeButton' is visible

2018-05-29 11:24:59 - [TEST_STEP][PASSED] - click: Object: 'Object Repository/LoggedInReactPages/Order (react)/OrderNow_OrangeButton' is clicked on

2018-05-29 11:25:00 - [MESSAGE][PASSED] - Object: 'Object Repository/LoggedInReactPages/Order (react)/OrderNow_OrangeButton' is clicked on

2018-05-29 11:25:00 - [TEST_STEP][PASSED] - waitForElementVisible: Object 'Object Repository/LoggedInReactPages/Order (react)/Purchase_Button' is visible

2018-05-29 11:25:00 - [MESSAGE][WARNING] - Timeout '0' is invalid. Using default page load timeout: '30'

2018-05-29 11:25:00 - [MESSAGE][PASSED] - Object 'Object Repository/LoggedInReactPages/Order (react)/Purchase_Button' is visible

2018-05-29 11:25:00 - [TEST_STEP][PASSED] - Statement - now = new java.util.Date(): null

2018-05-29 11:25:00 - [TEST_STEP][PASSED] - Statement - rnd = now.format("yyyyMMddHHmmssSSS").toString(): null

2018-05-29 11:25:00 - [TEST_STEP][PASSED] - Statement - Email = com.kms.katalon.core.webui.keyword.WebUiBuiltInKeywords.concatenate(["salesman", rnd, "@mailinator.com"]): Concatenated string array: '['salesman','20180529112500508','@mailinator.com']' into 'salesman20180529112500508@mailinator.com'

2018-05-29 11:25:00 - [MESSAGE][PASSED] - Concatenated string array: '['salesman','20180529112500508','@mailinator.com']' into 'salesman20180529112500508@mailinator.com'

2018-05-29 11:25:00 - [TEST_STEP][PASSED] - callTestCase: Call Test Case 'Test Cases/Base Tests/OrderSignUpBase' successfully

2018-05-29 11:25:00 - [TEST_CASE][PASSED] - Test Cases/Base Tests/OrderSignUpBase: Test Cases/Base Tests/OrderSignUpBase

2018-05-29 11:25:01 - [TEST_STEP][PASSED] - setText: Text 'Salesman' is set on object 'Object Repository/LoggedOutReactPages/OrderLoggedOut/FirstName_Input'

2018-05-29 11:25:02 - [MESSAGE][PASSED] - Text 'Salesman' is set on object 'Object Repository/LoggedOutReactPages/OrderLoggedOut/FirstName_Input'

2018-05-29 11:25:02 - [TEST_STEP][PASSED] - setText: Text 'Dealer' is set on object 'Object Repository/LoggedOutReactPages/OrderLoggedOut/LastName_Input'

2018-05-29 11:25:02 - [MESSAGE][PASSED] - Text 'Dealer' is set on object 'Object Repository/LoggedOutReactPages/OrderLoggedOut/LastName_Input'

2018-05-29 11:25:02 - [TEST_STEP][PASSED] - setText: Text 'test' is set on object 'Object Repository/LoggedOutReactPages/OrderLoggedOut/Address_Input'

2018-05-29 11:25:02 - [MESSAGE][PASSED] - Text 'test' is set on object 'Object Repository/LoggedOutReactPages/OrderLoggedOut/Address_Input'

2018-05-29 11:25:02 - [TEST_STEP][PASSED] - setText: Text 'test' is set on object 'Object Repository/LoggedOutReactPages/OrderLoggedOut/City_Input'

2018-05-29 11:25:02 - [MESSAGE][PASSED] - Text 'test' is set on object 'Object Repository/LoggedOutReactPages/OrderLoggedOut/City_Input'

2018-05-29 11:25:02 - [TEST_STEP][PASSED] - selectOptionByValue: All options with value 'CA' are selected in object 'Object Repository/LoggedOutReactPages/OrderLoggedOut/State_Dropdown' 

2018-05-29 11:25:03 - [MESSAGE][PASSED] - All options with value 'CA' are selected in object 'Object Repository/LoggedOutReactPages/OrderLoggedOut/State_Dropdown' 

2018-05-29 11:25:03 - [TEST_STEP][PASSED] - setText: Text '11111' is set on object 'Object Repository/LoggedOutReactPages/OrderLoggedOut/Zip_Input'

2018-05-29 11:25:04 - [MESSAGE][PASSED] - Text '11111' is set on object 'Object Repository/LoggedOutReactPages/OrderLoggedOut/Zip_Input'

2018-05-29 11:25:04 - [TEST_STEP][PASSED] - setText: Text '8001112233' is set on object 'Object Repository/LoggedOutReactPages/OrderLoggedOut/Phone_Input'

2018-05-29 11:25:04 - [MESSAGE][PASSED] - Text '8001112233' is set on object 'Object Repository/LoggedOutReactPages/OrderLoggedOut/Phone_Input'

2018-05-29 11:25:04 - [TEST_STEP][PASSED] - setText: Text 'salesman20180529112500508@mailinator.com' is set on object 'Object Repository/LoggedOutReactPages/OrderLoggedOut/Email_Input'

2018-05-29 11:25:05 - [MESSAGE][PASSED] - Text 'salesman20180529112500508@mailinator.com' is set on object 'Object Repository/LoggedOutReactPages/OrderLoggedOut/Email_Input'

2018-05-29 11:25:05 - [TEST_STEP][PASSED] - setText: Text '4000100011112224' is set on object 'Object Repository/LoggedOutReactPages/OrderLoggedOut/CcNumber_Input'

2018-05-29 11:25:06 - [MESSAGE][PASSED] - Text '4000100011112224' is set on object 'Object Repository/LoggedOutReactPages/OrderLoggedOut/CcNumber_Input'

2018-05-29 11:25:06 - [TEST_STEP][PASSED] - setText: Text '111' is set on object 'Object Repository/LoggedOutReactPages/OrderLoggedOut/CVV_Input'

2018-05-29 11:25:06 - [MESSAGE][PASSED] - Text '111' is set on object 'Object Repository/LoggedOutReactPages/OrderLoggedOut/CVV_Input'

2018-05-29 11:25:07 - [TEST_STEP][PASSED] - selectOptionByValue: All options with value '11' are selected in object 'Object Repository/LoggedOutReactPages/OrderLoggedOut/ExpirationMonth_Dropdown' 

2018-05-29 11:25:07 - [MESSAGE][PASSED] - All options with value '11' are selected in object 'Object Repository/LoggedOutReactPages/OrderLoggedOut/ExpirationMonth_Dropdown' 

2018-05-29 11:25:07 - [TEST_STEP][PASSED] - selectOptionByValue: All options with value '2020' are selected in object 'Object Repository/LoggedOutReactPages/OrderLoggedOut/ExpirationYear_Dropdown' 

2018-05-29 11:25:07 - [MESSAGE][PASSED] - All options with value '2020' are selected in object 'Object Repository/LoggedOutReactPages/OrderLoggedOut/ExpirationYear_Dropdown' 

2018-05-29 11:25:07 - [TEST_STEP][PASSED] - selectOptionByValue: All options with value '1' are selected in object 'Object Repository/LoggedOutReactPages/OrderLoggedOut/UserType_Dropdown' 

2018-05-29 11:25:08 - [MESSAGE][PASSED] - All options with value '1' are selected in object 'Object Repository/LoggedOutReactPages/OrderLoggedOut/UserType_Dropdown' 

2018-05-29 11:25:08 - [TEST_STEP][PASSED] - check: Object 'Object Repository/LoggedOutReactPages/OrderLoggedOut/Terms_Checkbox' is checked

2018-05-29 11:25:08 - [MESSAGE][PASSED] - Object 'Object Repository/LoggedOutReactPages/OrderLoggedOut/Terms_Checkbox' is checked

2018-05-29 11:25:08 - [TEST_STEP][PASSED] - click: Object: 'Object Repository/LoggedInReactPages/Order (react)/Purchase_Button' is clicked on

2018-05-29 11:25:08 - [MESSAGE][PASSED] - Object: 'Object Repository/LoggedInReactPages/Order (react)/Purchase_Button' is clicked on

2018-05-29 11:25:08 - [MESSAGE][PASSED] - Call Test Case 'Test Cases/Base Tests/OrderSignUpBase' successfully

2018-05-29 11:25:08 - [TEST_STEP][PASSED] - waitForElementClickable: Object 'Object Repository/LoggedInReactPages/Order (react)/CompletePurchase_Button' is clickable

2018-05-29 11:25:08 - [MESSAGE][WARNING] - Timeout '0' is invalid. Using default page load timeout: '30'

2018-05-29 11:25:08 - [MESSAGE][PASSED] - Object 'Object Repository/LoggedInReactPages/Order (react)/CompletePurchase_Button' is clickable

2018-05-29 11:25:09 - [TEST_STEP][PASSED] - Statement - Price = com.kms.katalon.core.webui.keyword.WebUiBuiltInKeywords.concatenate(["Only ", Vtr1]): Concatenated string array: '['Only ','$1,551.00']' into 'Only $1,551.00'

2018-05-29 11:25:09 - [MESSAGE][PASSED] - Concatenated string array: '['Only ','$1,551.00']' into 'Only $1,551.00'

2018-05-29 11:25:09 - [TEST_STEP][PASSED] - verifyElementText: Actual text and expected text of test object 'Object Repository/LoggedInReactPages/Order (react)/Confirm_Price' are matched.

2018-05-29 11:25:09 - [MESSAGE][PASSED] - Actual text and expected text of test object 'Object Repository/LoggedInReactPages/Order (react)/Confirm_Price' are matched.

2018-05-29 11:25:09 - [TEST_STEP][PASSED] - click: Object: 'Object Repository/LoggedInReactPages/Order (react)/CompletePurchase_Button' is clicked on

2018-05-29 11:25:10 - [MESSAGE][PASSED] - Object: 'Object Repository/LoggedInReactPages/Order (react)/CompletePurchase_Button' is clicked on

2018-05-29 11:25:10 - [TEST_STEP][PASSED] - waitForElementPresent: Object 'Object Repository/LoggedInReactPages/Order (react)/VINCheckForm_EnterVINInput' is present

2018-05-29 11:25:10 - [MESSAGE][WARNING] - Timeout '0' is invalid. Using default page load timeout: '30'

2018-05-29 11:25:14 - [MESSAGE][PASSED] - Object 'Object Repository/LoggedInReactPages/Order (react)/VINCheckForm_EnterVINInput' is present

2018-05-29 11:25:14 - [TEST_STEP][PASSED] - waitForElementClickable: Object 'Object Repository/LoggedInReactPages/Order (react)/ViewReport_Button' is clickable

2018-05-29 11:25:14 - [MESSAGE][WARNING] - Timeout '0' is invalid. Using default page load timeout: '30'

2018-05-29 11:25:15 - [MESSAGE][PASSED] - Object 'Object Repository/LoggedInReactPages/Order (react)/ViewReport_Button' is clickable

2018-05-29 11:25:15 - [TEST_STEP][PASSED] - verifyTextPresent: Text 'Thank you for using instaVIN!' is present on page 

2018-05-29 11:25:15 - [MESSAGE][PASSED] - Text 'Thank you for using instaVIN!' is present on page 

2018-05-29 11:25:15 - [TEST_STEP][PASSED] - verifyElementText: Actual text and expected text of test object 'Object Repository/LoggedInReactPages/Order (react)/ViewReport - Vin' are matched.

2018-05-29 11:25:15 - [MESSAGE][PASSED] - Actual text and expected text of test object 'Object Repository/LoggedInReactPages/Order (react)/ViewReport - Vin' are matched.

2018-05-29 11:25:15 - [TEST_STEP][PASSED] - verifyElementText: Actual text and expected text of test object 'Object Repository/LoggedInReactPages/Order (react)/ViewReport - ReportType' are matched.

2018-05-29 11:25:15 - [MESSAGE][PASSED] - Actual text and expected text of test object 'Object Repository/LoggedInReactPages/Order (react)/ViewReport - ReportType' are matched.

2018-05-29 11:25:15 - [TEST_STEP][PASSED] - click: Object: 'Object Repository/LoggedInReactPages/Order (react)/ViewReport_Button' is clicked on

2018-05-29 11:25:16 - [MESSAGE][PASSED] - Object: 'Object Repository/LoggedInReactPages/Order (react)/ViewReport_Button' is clicked on

2018-05-29 11:25:16 - [TEST_STEP][PASSED] - waitForElementVisible: Object 'Object Repository/LoggedInReactPages/ReportSummary/ReportHeader' is visible

2018-05-29 11:25:16 - [MESSAGE][WARNING] - Timeout '0' is invalid. Using default page load timeout: '30'

2018-05-29 11:25:16 - [MESSAGE][PASSED] - Object 'Object Repository/LoggedInReactPages/ReportSummary/ReportHeader' is visible

2018-05-29 11:25:16 - [TEST_STEP][PASSED] - verifyElementText: Actual text and expected text of test object 'Object Repository/LoggedInReactPages/ReportSummary/VehicleTitle' are matched.

2018-05-29 11:25:16 - [MESSAGE][PASSED] - Actual text and expected text of test object 'Object Repository/LoggedInReactPages/ReportSummary/VehicleTitle' are matched.

2018-05-29 11:25:16 - [TEST_STEP][PASSED] - verifyElementAttributeValue: Object 'Object Repository/LoggedInReactPages/ReportSummary/ReportType' has attribute 'class' with value 'ReportGrade AlertSuccess'

2018-05-29 11:25:16 - [MESSAGE][WARNING] - Timeout '0' is invalid. Using default page load timeout: '30'

2018-05-29 11:25:16 - [MESSAGE][PASSED] - Object 'Object Repository/LoggedInReactPages/ReportSummary/ReportType' has attribute 'class' with value 'ReportGrade AlertSuccess'

2018-05-29 11:25:16 - [TEST_STEP][PASSED] - verifyElementText: Actual text and expected text of test object 'Object Repository/LoggedInReactPages/ReportSummary/ReportType' are matched.

2018-05-29 11:25:16 - [MESSAGE][PASSED] - Actual text and expected text of test object 'Object Repository/LoggedInReactPages/ReportSummary/ReportType' are matched.

2018-05-29 11:25:16 - [TEST_STEP][PASSED] - navigateToUrl: Navigate to 'https://staging.instavin.com/_O/Autotest(salesman)/order/' successfully

2018-05-29 11:25:17 - [MESSAGE][PASSED] - Navigate to 'https://staging.instavin.com/_O/Autotest(salesman)/order/' successfully

2018-05-29 11:25:17 - [TEST_STEP][PASSED] - verifyElementText: Actual text and expected text of test object 'Object Repository/LoggedInReactPages/Order (react)/VtrPrice1' are matched.

2018-05-29 11:25:17 - [MESSAGE][PASSED] - Actual text and expected text of test object 'Object Repository/LoggedInReactPages/Order (react)/VtrPrice1' are matched.

2018-05-29 11:25:17 - [TEST_STEP][PASSED] - verifyElementText: Actual text and expected text of test object 'Object Repository/LoggedInReactPages/Order (react)/VtrPrice10' are matched.

2018-05-29 11:25:17 - [MESSAGE][PASSED] - Actual text and expected text of test object 'Object Repository/LoggedInReactPages/Order (react)/VtrPrice10' are matched.

2018-05-29 11:25:17 - [TEST_STEP][PASSED] - closeBrowser: Browser is closed

2018-05-29 11:25:18 - [MESSAGE][PASSED] - Browser is closed]]></system-out>
         <system-err><![CDATA[]]></system-err>
      </testcase>
      <testcase name="Test Cases/Salesman - BuyVTRConsumer" classname="Test Cases/Salesman - BuyVTRConsumer" status="PASSED">
         <system-out><![CDATA[2018-05-29 11:25:18 - [TEST_CASE][PASSED] - Test Cases/Salesman - BuyVTRConsumer: Test Cases/Salesman - BuyVTRConsumer

2018-05-29 11:25:18 - [TEST_STEP][PASSED] - openBrowser: Browser is opened with url: ''

2018-05-29 11:25:21 - [MESSAGE][PASSED] - Browser is opened with url: ''

2018-05-29 11:25:21 - [TEST_STEP][PASSED] - maximizeWindow: Current window maximized

2018-05-29 11:25:22 - [MESSAGE][PASSED] - Current window maximized

2018-05-29 11:25:22 - [TEST_STEP][PASSED] - Statement - OrderURL = com.kms.katalon.core.webui.keyword.WebUiBuiltInKeywords.concatenate([StagingReact, SalesmanURL, "order/"]): Concatenated string array: '['https://staging.instavin.com/','_O/Autotest(salesman)/','order/']' into 'https://staging.instavin.com/_O/Autotest(salesman)/order/'

2018-05-29 11:25:22 - [MESSAGE][PASSED] - Concatenated string array: '['https://staging.instavin.com/','_O/Autotest(salesman)/','order/']' into 'https://staging.instavin.com/_O/Autotest(salesman)/order/'

2018-05-29 11:25:22 - [TEST_STEP][PASSED] - navigateToUrl: Navigate to 'https://staging.instavin.com/_O/Autotest(salesman)/order/' successfully

2018-05-29 11:25:24 - [MESSAGE][PASSED] - Navigate to 'https://staging.instavin.com/_O/Autotest(salesman)/order/' successfully

2018-05-29 11:25:24 - [TEST_STEP][PASSED] - waitForElementVisible: Object 'Object Repository/LoggedInReactPages/Order (react)/instaVINProducts_Label' is visible

2018-05-29 11:25:24 - [MESSAGE][WARNING] - Timeout '0' is invalid. Using default page load timeout: '30'

2018-05-29 11:25:24 - [MESSAGE][PASSED] - Object 'Object Repository/LoggedInReactPages/Order (react)/instaVINProducts_Label' is visible

2018-05-29 11:25:24 - [TEST_STEP][PASSED] - verifyElementText: Actual text and expected text of test object 'Object Repository/LoggedInReactPages/Order (react)/VtrPrice1' are matched.

2018-05-29 11:25:24 - [MESSAGE][PASSED] - Actual text and expected text of test object 'Object Repository/LoggedInReactPages/Order (react)/VtrPrice1' are matched.

2018-05-29 11:25:24 - [TEST_STEP][PASSED] - verifyElementText: Actual text and expected text of test object 'Object Repository/LoggedInReactPages/Order (react)/VtrPrice10' are matched.

2018-05-29 11:25:24 - [MESSAGE][PASSED] - Actual text and expected text of test object 'Object Repository/LoggedInReactPages/Order (react)/VtrPrice10' are matched.

2018-05-29 11:25:24 - [TEST_STEP][PASSED] - verifyElementText: Actual text and expected text of test object 'Object Repository/LoggedInReactPages/Order (react)/VtrPrice50' are matched.

2018-05-29 11:25:24 - [MESSAGE][PASSED] - Actual text and expected text of test object 'Object Repository/LoggedInReactPages/Order (react)/VtrPrice50' are matched.

2018-05-29 11:25:24 - [TEST_STEP][PASSED] - setText: Text 'SAJWA43C199B29849' is set on object 'Object Repository/LoggedInReactPages/Order (react)/VINCheckForm_EnterVINInput'

2018-05-29 11:25:25 - [MESSAGE][PASSED] - Text 'SAJWA43C199B29849' is set on object 'Object Repository/LoggedInReactPages/Order (react)/VINCheckForm_EnterVINInput'

2018-05-29 11:25:25 - [TEST_STEP][PASSED] - click: Object: 'Object Repository/LoggedInReactPages/Order (react)/CheckVin_ArrowButton' is clicked on

2018-05-29 11:25:25 - [MESSAGE][PASSED] - Object: 'Object Repository/LoggedInReactPages/Order (react)/CheckVin_ArrowButton' is clicked on

2018-05-29 11:25:25 - [TEST_STEP][PASSED] - waitForElementVisible: Object 'Object Repository/LoggedInReactPages/Order (react)/ChangeVIN_Cross' is visible

2018-05-29 11:25:25 - [MESSAGE][WARNING] - Timeout '0' is invalid. Using default page load timeout: '30'

2018-05-29 11:25:25 - [MESSAGE][PASSED] - Object 'Object Repository/LoggedInReactPages/Order (react)/ChangeVIN_Cross' is visible

2018-05-29 11:25:25 - [TEST_STEP][PASSED] - verifyElementVisible: Object 'Object Repository/LoggedInReactPages/Order (react)/OrderNow_OrangeButton' is visible

2018-05-29 11:25:25 - [MESSAGE][PASSED] - Object 'Object Repository/LoggedInReactPages/Order (react)/OrderNow_OrangeButton' is visible

2018-05-29 11:25:25 - [TEST_STEP][PASSED] - click: Object: 'Object Repository/LoggedInReactPages/Order (react)/OrderNow_OrangeButton' is clicked on

2018-05-29 11:25:26 - [MESSAGE][PASSED] - Object: 'Object Repository/LoggedInReactPages/Order (react)/OrderNow_OrangeButton' is clicked on

2018-05-29 11:25:26 - [TEST_STEP][PASSED] - waitForElementVisible: Object 'Object Repository/LoggedInReactPages/Order (react)/Purchase_Button' is visible

2018-05-29 11:25:26 - [MESSAGE][WARNING] - Timeout '0' is invalid. Using default page load timeout: '30'

2018-05-29 11:25:26 - [MESSAGE][PASSED] - Object 'Object Repository/LoggedInReactPages/Order (react)/Purchase_Button' is visible

2018-05-29 11:25:26 - [TEST_STEP][PASSED] - Statement - now = new java.util.Date(): null

2018-05-29 11:25:26 - [TEST_STEP][PASSED] - Statement - rnd = now.format("yyyyMMddHHmmssSSS").toString(): null

2018-05-29 11:25:26 - [TEST_STEP][PASSED] - Statement - Email = com.kms.katalon.core.webui.keyword.WebUiBuiltInKeywords.concatenate(["salesman", rnd, "@mailinator.com"]): Concatenated string array: '['salesman','20180529112526394','@mailinator.com']' into 'salesman20180529112526394@mailinator.com'

2018-05-29 11:25:26 - [MESSAGE][PASSED] - Concatenated string array: '['salesman','20180529112526394','@mailinator.com']' into 'salesman20180529112526394@mailinator.com'

2018-05-29 11:25:26 - [TEST_STEP][PASSED] - callTestCase: Call Test Case 'Test Cases/Base Tests/OrderSignUpBase' successfully

2018-05-29 11:25:26 - [TEST_CASE][PASSED] - Test Cases/Base Tests/OrderSignUpBase: Test Cases/Base Tests/OrderSignUpBase

2018-05-29 11:25:27 - [TEST_STEP][PASSED] - setText: Text 'Salesman' is set on object 'Object Repository/LoggedOutReactPages/OrderLoggedOut/FirstName_Input'

2018-05-29 11:25:27 - [MESSAGE][PASSED] - Text 'Salesman' is set on object 'Object Repository/LoggedOutReactPages/OrderLoggedOut/FirstName_Input'

2018-05-29 11:25:27 - [TEST_STEP][PASSED] - setText: Text 'Test' is set on object 'Object Repository/LoggedOutReactPages/OrderLoggedOut/LastName_Input'

2018-05-29 11:25:27 - [MESSAGE][PASSED] - Text 'Test' is set on object 'Object Repository/LoggedOutReactPages/OrderLoggedOut/LastName_Input'

2018-05-29 11:25:27 - [TEST_STEP][PASSED] - setText: Text 'test' is set on object 'Object Repository/LoggedOutReactPages/OrderLoggedOut/Address_Input'

2018-05-29 11:25:28 - [MESSAGE][PASSED] - Text 'test' is set on object 'Object Repository/LoggedOutReactPages/OrderLoggedOut/Address_Input'

2018-05-29 11:25:28 - [TEST_STEP][PASSED] - setText: Text 'test' is set on object 'Object Repository/LoggedOutReactPages/OrderLoggedOut/City_Input'

2018-05-29 11:25:28 - [MESSAGE][PASSED] - Text 'test' is set on object 'Object Repository/LoggedOutReactPages/OrderLoggedOut/City_Input'

2018-05-29 11:25:28 - [TEST_STEP][PASSED] - selectOptionByValue: All options with value 'TX' are selected in object 'Object Repository/LoggedOutReactPages/OrderLoggedOut/State_Dropdown' 

2018-05-29 11:25:29 - [MESSAGE][PASSED] - All options with value 'TX' are selected in object 'Object Repository/LoggedOutReactPages/OrderLoggedOut/State_Dropdown' 

2018-05-29 11:25:29 - [TEST_STEP][PASSED] - setText: Text '11111' is set on object 'Object Repository/LoggedOutReactPages/OrderLoggedOut/Zip_Input'

2018-05-29 11:25:30 - [MESSAGE][PASSED] - Text '11111' is set on object 'Object Repository/LoggedOutReactPages/OrderLoggedOut/Zip_Input'

2018-05-29 11:25:30 - [TEST_STEP][PASSED] - setText: Text '8001112233' is set on object 'Object Repository/LoggedOutReactPages/OrderLoggedOut/Phone_Input'

2018-05-29 11:25:30 - [MESSAGE][PASSED] - Text '8001112233' is set on object 'Object Repository/LoggedOutReactPages/OrderLoggedOut/Phone_Input'

2018-05-29 11:25:30 - [TEST_STEP][PASSED] - setText: Text 'salesman20180529112526394@mailinator.com' is set on object 'Object Repository/LoggedOutReactPages/OrderLoggedOut/Email_Input'

2018-05-29 11:25:31 - [MESSAGE][PASSED] - Text 'salesman20180529112526394@mailinator.com' is set on object 'Object Repository/LoggedOutReactPages/OrderLoggedOut/Email_Input'

2018-05-29 11:25:31 - [TEST_STEP][PASSED] - setText: Text '4000100011112224' is set on object 'Object Repository/LoggedOutReactPages/OrderLoggedOut/CcNumber_Input'

2018-05-29 11:25:31 - [MESSAGE][PASSED] - Text '4000100011112224' is set on object 'Object Repository/LoggedOutReactPages/OrderLoggedOut/CcNumber_Input'

2018-05-29 11:25:31 - [TEST_STEP][PASSED] - setText: Text '111' is set on object 'Object Repository/LoggedOutReactPages/OrderLoggedOut/CVV_Input'

2018-05-29 11:25:32 - [MESSAGE][PASSED] - Text '111' is set on object 'Object Repository/LoggedOutReactPages/OrderLoggedOut/CVV_Input'

2018-05-29 11:25:32 - [TEST_STEP][PASSED] - selectOptionByValue: All options with value '11' are selected in object 'Object Repository/LoggedOutReactPages/OrderLoggedOut/ExpirationMonth_Dropdown' 

2018-05-29 11:25:32 - [MESSAGE][PASSED] - All options with value '11' are selected in object 'Object Repository/LoggedOutReactPages/OrderLoggedOut/ExpirationMonth_Dropdown' 

2018-05-29 11:25:32 - [TEST_STEP][PASSED] - selectOptionByValue: All options with value '2020' are selected in object 'Object Repository/LoggedOutReactPages/OrderLoggedOut/ExpirationYear_Dropdown' 

2018-05-29 11:25:33 - [MESSAGE][PASSED] - All options with value '2020' are selected in object 'Object Repository/LoggedOutReactPages/OrderLoggedOut/ExpirationYear_Dropdown' 

2018-05-29 11:25:33 - [TEST_STEP][PASSED] - selectOptionByValue: All options with value '0' are selected in object 'Object Repository/LoggedOutReactPages/OrderLoggedOut/UserType_Dropdown' 

2018-05-29 11:25:33 - [MESSAGE][PASSED] - All options with value '0' are selected in object 'Object Repository/LoggedOutReactPages/OrderLoggedOut/UserType_Dropdown' 

2018-05-29 11:25:33 - [TEST_STEP][PASSED] - check: Object 'Object Repository/LoggedOutReactPages/OrderLoggedOut/Terms_Checkbox' is checked

2018-05-29 11:25:33 - [MESSAGE][PASSED] - Object 'Object Repository/LoggedOutReactPages/OrderLoggedOut/Terms_Checkbox' is checked

2018-05-29 11:25:33 - [TEST_STEP][PASSED] - click: Object: 'Object Repository/LoggedInReactPages/Order (react)/Purchase_Button' is clicked on

2018-05-29 11:25:33 - [MESSAGE][PASSED] - Object: 'Object Repository/LoggedInReactPages/Order (react)/Purchase_Button' is clicked on

2018-05-29 11:25:33 - [MESSAGE][PASSED] - Call Test Case 'Test Cases/Base Tests/OrderSignUpBase' successfully

2018-05-29 11:25:33 - [TEST_STEP][PASSED] - waitForElementClickable: Object 'Object Repository/LoggedInReactPages/Order (react)/CompletePurchase_Button' is clickable

2018-05-29 11:25:33 - [MESSAGE][WARNING] - Timeout '0' is invalid. Using default page load timeout: '30'

2018-05-29 11:25:34 - [MESSAGE][PASSED] - Object 'Object Repository/LoggedInReactPages/Order (react)/CompletePurchase_Button' is clickable

2018-05-29 11:25:34 - [TEST_STEP][PASSED] - Statement - Price = com.kms.katalon.core.webui.keyword.WebUiBuiltInKeywords.concatenate(["Only ", Vtr1]): Concatenated string array: '['Only ','$1,551.00']' into 'Only $1,551.00'

2018-05-29 11:25:34 - [MESSAGE][PASSED] - Concatenated string array: '['Only ','$1,551.00']' into 'Only $1,551.00'

2018-05-29 11:25:34 - [TEST_STEP][PASSED] - verifyElementText: Actual text and expected text of test object 'Object Repository/LoggedInReactPages/Order (react)/Confirm_Price' are matched.

2018-05-29 11:25:34 - [MESSAGE][PASSED] - Actual text and expected text of test object 'Object Repository/LoggedInReactPages/Order (react)/Confirm_Price' are matched.

2018-05-29 11:25:34 - [TEST_STEP][PASSED] - click: Object: 'Object Repository/LoggedInReactPages/Order (react)/CompletePurchase_Button' is clicked on

2018-05-29 11:25:35 - [MESSAGE][PASSED] - Object: 'Object Repository/LoggedInReactPages/Order (react)/CompletePurchase_Button' is clicked on

2018-05-29 11:25:35 - [TEST_STEP][PASSED] - waitForElementPresent: Object 'Object Repository/LoggedInReactPages/Order (react)/VINCheckForm_EnterVINInput' is present

2018-05-29 11:25:35 - [MESSAGE][WARNING] - Timeout '0' is invalid. Using default page load timeout: '30'

2018-05-29 11:25:39 - [MESSAGE][PASSED] - Object 'Object Repository/LoggedInReactPages/Order (react)/VINCheckForm_EnterVINInput' is present

2018-05-29 11:25:39 - [TEST_STEP][PASSED] - waitForElementClickable: Object 'Object Repository/LoggedInReactPages/Order (react)/ViewReport_Button' is clickable

2018-05-29 11:25:39 - [MESSAGE][WARNING] - Timeout '0' is invalid. Using default page load timeout: '30'

2018-05-29 11:25:40 - [MESSAGE][PASSED] - Object 'Object Repository/LoggedInReactPages/Order (react)/ViewReport_Button' is clickable

2018-05-29 11:25:40 - [TEST_STEP][PASSED] - verifyTextPresent: Text 'Thank you for using instaVIN!' is present on page 

2018-05-29 11:25:40 - [MESSAGE][PASSED] - Text 'Thank you for using instaVIN!' is present on page 

2018-05-29 11:25:40 - [TEST_STEP][PASSED] - verifyElementText: Actual text and expected text of test object 'Object Repository/LoggedInReactPages/Order (react)/ViewReport - Vin' are matched.

2018-05-29 11:25:40 - [MESSAGE][PASSED] - Actual text and expected text of test object 'Object Repository/LoggedInReactPages/Order (react)/ViewReport - Vin' are matched.

2018-05-29 11:25:40 - [TEST_STEP][PASSED] - verifyElementText: Actual text and expected text of test object 'Object Repository/LoggedInReactPages/Order (react)/ViewReport - ReportType' are matched.

2018-05-29 11:25:40 - [MESSAGE][PASSED] - Actual text and expected text of test object 'Object Repository/LoggedInReactPages/Order (react)/ViewReport - ReportType' are matched.

2018-05-29 11:25:40 - [TEST_STEP][PASSED] - click: Object: 'Object Repository/LoggedInReactPages/Order (react)/ViewReport_Button' is clicked on

2018-05-29 11:25:41 - [MESSAGE][PASSED] - Object: 'Object Repository/LoggedInReactPages/Order (react)/ViewReport_Button' is clicked on

2018-05-29 11:25:41 - [TEST_STEP][PASSED] - waitForElementVisible: Object 'Object Repository/LoggedInReactPages/ReportSummary/ReportHeader' is visible

2018-05-29 11:25:41 - [MESSAGE][WARNING] - Timeout '0' is invalid. Using default page load timeout: '30'

2018-05-29 11:25:41 - [MESSAGE][PASSED] - Object 'Object Repository/LoggedInReactPages/ReportSummary/ReportHeader' is visible

2018-05-29 11:25:41 - [TEST_STEP][PASSED] - verifyElementText: Actual text and expected text of test object 'Object Repository/LoggedInReactPages/ReportSummary/VehicleTitle' are matched.

2018-05-29 11:25:41 - [MESSAGE][PASSED] - Actual text and expected text of test object 'Object Repository/LoggedInReactPages/ReportSummary/VehicleTitle' are matched.

2018-05-29 11:25:41 - [TEST_STEP][PASSED] - verifyElementAttributeValue: Object 'Object Repository/LoggedInReactPages/ReportSummary/ReportType' has attribute 'class' with value 'ReportGrade AlertSuccess'

2018-05-29 11:25:41 - [MESSAGE][WARNING] - Timeout '0' is invalid. Using default page load timeout: '30'

2018-05-29 11:25:41 - [MESSAGE][PASSED] - Object 'Object Repository/LoggedInReactPages/ReportSummary/ReportType' has attribute 'class' with value 'ReportGrade AlertSuccess'

2018-05-29 11:25:41 - [TEST_STEP][PASSED] - verifyElementText: Actual text and expected text of test object 'Object Repository/LoggedInReactPages/ReportSummary/ReportType' are matched.

2018-05-29 11:25:41 - [MESSAGE][PASSED] - Actual text and expected text of test object 'Object Repository/LoggedInReactPages/ReportSummary/ReportType' are matched.

2018-05-29 11:25:41 - [TEST_STEP][PASSED] - navigateToUrl: Navigate to 'https://staging.instavin.com/_O/Autotest(salesman)/order/' successfully

2018-05-29 11:25:42 - [MESSAGE][PASSED] - Navigate to 'https://staging.instavin.com/_O/Autotest(salesman)/order/' successfully

2018-05-29 11:25:42 - [TEST_STEP][PASSED] - verifyElementText: Actual text and expected text of test object 'Object Repository/LoggedInReactPages/Order (react)/VtrPrice1' are matched.

2018-05-29 11:25:42 - [MESSAGE][PASSED] - Actual text and expected text of test object 'Object Repository/LoggedInReactPages/Order (react)/VtrPrice1' are matched.

2018-05-29 11:25:42 - [TEST_STEP][PASSED] - verifyElementText: Actual text and expected text of test object 'Object Repository/LoggedInReactPages/Order (react)/VtrPrice10' are matched.

2018-05-29 11:25:42 - [MESSAGE][PASSED] - Actual text and expected text of test object 'Object Repository/LoggedInReactPages/Order (react)/VtrPrice10' are matched.

2018-05-29 11:25:42 - [TEST_STEP][PASSED] - closeBrowser: Browser is closed

2018-05-29 11:25:43 - [MESSAGE][PASSED] - Browser is closed]]></system-out>
         <system-err><![CDATA[]]></system-err>
      </testcase>
      <testcase name="Test Cases/Salesman - BuyVTRDealer" classname="Test Cases/Salesman - BuyVTRDealer" status="PASSED">
         <system-out><![CDATA[2018-05-29 11:25:43 - [TEST_CASE][PASSED] - Test Cases/Salesman - BuyVTRDealer: Test Cases/Salesman - BuyVTRDealer

2018-05-29 11:25:43 - [TEST_STEP][PASSED] - openBrowser: Browser is opened with url: ''

2018-05-29 11:25:46 - [MESSAGE][PASSED] - Browser is opened with url: ''

2018-05-29 11:25:46 - [TEST_STEP][PASSED] - maximizeWindow: Current window maximized

2018-05-29 11:25:47 - [MESSAGE][PASSED] - Current window maximized

2018-05-29 11:25:47 - [TEST_STEP][PASSED] - Statement - OrderURL = com.kms.katalon.core.webui.keyword.WebUiBuiltInKeywords.concatenate([StagingReact, SalesmanURL, "order/"]): Concatenated string array: '['https://staging.instavin.com/','_O/Autotest(salesman)/','order/']' into 'https://staging.instavin.com/_O/Autotest(salesman)/order/'

2018-05-29 11:25:47 - [MESSAGE][PASSED] - Concatenated string array: '['https://staging.instavin.com/','_O/Autotest(salesman)/','order/']' into 'https://staging.instavin.com/_O/Autotest(salesman)/order/'

2018-05-29 11:25:47 - [TEST_STEP][PASSED] - navigateToUrl: Navigate to 'https://staging.instavin.com/_O/Autotest(salesman)/order/' successfully

2018-05-29 11:25:50 - [MESSAGE][PASSED] - Navigate to 'https://staging.instavin.com/_O/Autotest(salesman)/order/' successfully

2018-05-29 11:25:50 - [TEST_STEP][PASSED] - waitForElementVisible: Object 'Object Repository/LoggedInReactPages/Order (react)/instaVINProducts_Label' is visible

2018-05-29 11:25:50 - [MESSAGE][WARNING] - Timeout '0' is invalid. Using default page load timeout: '30'

2018-05-29 11:25:50 - [MESSAGE][PASSED] - Object 'Object Repository/LoggedInReactPages/Order (react)/instaVINProducts_Label' is visible

2018-05-29 11:25:50 - [TEST_STEP][PASSED] - verifyElementText: Actual text and expected text of test object 'Object Repository/LoggedInReactPages/Order (react)/VtrPrice1' are matched.

2018-05-29 11:25:50 - [MESSAGE][PASSED] - Actual text and expected text of test object 'Object Repository/LoggedInReactPages/Order (react)/VtrPrice1' are matched.

2018-05-29 11:25:50 - [TEST_STEP][PASSED] - verifyElementText: Actual text and expected text of test object 'Object Repository/LoggedInReactPages/Order (react)/VtrPrice10' are matched.

2018-05-29 11:25:50 - [MESSAGE][PASSED] - Actual text and expected text of test object 'Object Repository/LoggedInReactPages/Order (react)/VtrPrice10' are matched.

2018-05-29 11:25:50 - [TEST_STEP][PASSED] - verifyElementText: Actual text and expected text of test object 'Object Repository/LoggedInReactPages/Order (react)/VtrPrice50' are matched.

2018-05-29 11:25:50 - [MESSAGE][PASSED] - Actual text and expected text of test object 'Object Repository/LoggedInReactPages/Order (react)/VtrPrice50' are matched.

2018-05-29 11:25:50 - [TEST_STEP][PASSED] - setText: Text 'SAJWA43C199B29849' is set on object 'Object Repository/LoggedInReactPages/Order (react)/VINCheckForm_EnterVINInput'

2018-05-29 11:25:50 - [MESSAGE][PASSED] - Text 'SAJWA43C199B29849' is set on object 'Object Repository/LoggedInReactPages/Order (react)/VINCheckForm_EnterVINInput'

2018-05-29 11:25:50 - [TEST_STEP][PASSED] - click: Object: 'Object Repository/LoggedInReactPages/Order (react)/CheckVin_ArrowButton' is clicked on

2018-05-29 11:25:50 - [MESSAGE][PASSED] - Object: 'Object Repository/LoggedInReactPages/Order (react)/CheckVin_ArrowButton' is clicked on

2018-05-29 11:25:50 - [TEST_STEP][PASSED] - waitForElementVisible: Object 'Object Repository/LoggedInReactPages/Order (react)/ChangeVIN_Cross' is visible

2018-05-29 11:25:50 - [MESSAGE][WARNING] - Timeout '0' is invalid. Using default page load timeout: '30'

2018-05-29 11:25:51 - [MESSAGE][PASSED] - Object 'Object Repository/LoggedInReactPages/Order (react)/ChangeVIN_Cross' is visible

2018-05-29 11:25:51 - [TEST_STEP][PASSED] - verifyElementVisible: Object 'Object Repository/LoggedInReactPages/Order (react)/OrderNow_OrangeButton' is visible

2018-05-29 11:25:51 - [MESSAGE][PASSED] - Object 'Object Repository/LoggedInReactPages/Order (react)/OrderNow_OrangeButton' is visible

2018-05-29 11:25:51 - [TEST_STEP][PASSED] - click: Object: 'Object Repository/LoggedInReactPages/Order (react)/OrderNow_OrangeButton' is clicked on

2018-05-29 11:25:51 - [MESSAGE][PASSED] - Object: 'Object Repository/LoggedInReactPages/Order (react)/OrderNow_OrangeButton' is clicked on

2018-05-29 11:25:51 - [TEST_STEP][PASSED] - waitForElementVisible: Object 'Object Repository/LoggedInReactPages/Order (react)/Purchase_Button' is visible

2018-05-29 11:25:51 - [MESSAGE][WARNING] - Timeout '0' is invalid. Using default page load timeout: '30'

2018-05-29 11:25:51 - [MESSAGE][PASSED] - Object 'Object Repository/LoggedInReactPages/Order (react)/Purchase_Button' is visible

2018-05-29 11:25:51 - [TEST_STEP][PASSED] - Statement - now = new java.util.Date(): null

2018-05-29 11:25:51 - [TEST_STEP][PASSED] - Statement - rnd = now.format("yyyyMMddHHmmssSSS").toString(): null

2018-05-29 11:25:51 - [TEST_STEP][PASSED] - Statement - Email = com.kms.katalon.core.webui.keyword.WebUiBuiltInKeywords.concatenate(["salesman", rnd, "@mailinator.com"]): Concatenated string array: '['salesman','20180529112551773','@mailinator.com']' into 'salesman20180529112551773@mailinator.com'

2018-05-29 11:25:51 - [MESSAGE][PASSED] - Concatenated string array: '['salesman','20180529112551773','@mailinator.com']' into 'salesman20180529112551773@mailinator.com'

2018-05-29 11:25:52 - [TEST_STEP][PASSED] - callTestCase: Call Test Case 'Test Cases/Base Tests/OrderSignUpBase' successfully

2018-05-29 11:25:52 - [TEST_CASE][PASSED] - Test Cases/Base Tests/OrderSignUpBase: Test Cases/Base Tests/OrderSignUpBase

2018-05-29 11:25:52 - [TEST_STEP][PASSED] - setText: Text 'Salesman' is set on object 'Object Repository/LoggedOutReactPages/OrderLoggedOut/FirstName_Input'

2018-05-29 11:25:53 - [MESSAGE][PASSED] - Text 'Salesman' is set on object 'Object Repository/LoggedOutReactPages/OrderLoggedOut/FirstName_Input'

2018-05-29 11:25:53 - [TEST_STEP][PASSED] - setText: Text 'Dealer' is set on object 'Object Repository/LoggedOutReactPages/OrderLoggedOut/LastName_Input'

2018-05-29 11:25:53 - [MESSAGE][PASSED] - Text 'Dealer' is set on object 'Object Repository/LoggedOutReactPages/OrderLoggedOut/LastName_Input'

2018-05-29 11:25:53 - [TEST_STEP][PASSED] - setText: Text 'test' is set on object 'Object Repository/LoggedOutReactPages/OrderLoggedOut/Address_Input'

2018-05-29 11:25:54 - [MESSAGE][PASSED] - Text 'test' is set on object 'Object Repository/LoggedOutReactPages/OrderLoggedOut/Address_Input'

2018-05-29 11:25:54 - [TEST_STEP][PASSED] - setText: Text 'test' is set on object 'Object Repository/LoggedOutReactPages/OrderLoggedOut/City_Input'

2018-05-29 11:25:54 - [MESSAGE][PASSED] - Text 'test' is set on object 'Object Repository/LoggedOutReactPages/OrderLoggedOut/City_Input'

2018-05-29 11:25:54 - [TEST_STEP][PASSED] - selectOptionByValue: All options with value 'TX' are selected in object 'Object Repository/LoggedOutReactPages/OrderLoggedOut/State_Dropdown' 

2018-05-29 11:25:54 - [MESSAGE][PASSED] - All options with value 'TX' are selected in object 'Object Repository/LoggedOutReactPages/OrderLoggedOut/State_Dropdown' 

2018-05-29 11:25:55 - [TEST_STEP][PASSED] - setText: Text '11111' is set on object 'Object Repository/LoggedOutReactPages/OrderLoggedOut/Zip_Input'

2018-05-29 11:25:55 - [MESSAGE][PASSED] - Text '11111' is set on object 'Object Repository/LoggedOutReactPages/OrderLoggedOut/Zip_Input'

2018-05-29 11:25:55 - [TEST_STEP][PASSED] - setText: Text '8001112233' is set on object 'Object Repository/LoggedOutReactPages/OrderLoggedOut/Phone_Input'

2018-05-29 11:25:55 - [MESSAGE][PASSED] - Text '8001112233' is set on object 'Object Repository/LoggedOutReactPages/OrderLoggedOut/Phone_Input'

2018-05-29 11:25:55 - [TEST_STEP][PASSED] - setText: Text 'salesman20180529112551773@mailinator.com' is set on object 'Object Repository/LoggedOutReactPages/OrderLoggedOut/Email_Input'

2018-05-29 11:25:56 - [MESSAGE][PASSED] - Text 'salesman20180529112551773@mailinator.com' is set on object 'Object Repository/LoggedOutReactPages/OrderLoggedOut/Email_Input'

2018-05-29 11:25:56 - [TEST_STEP][PASSED] - setText: Text '4000100011112224' is set on object 'Object Repository/LoggedOutReactPages/OrderLoggedOut/CcNumber_Input'

2018-05-29 11:25:56 - [MESSAGE][PASSED] - Text '4000100011112224' is set on object 'Object Repository/LoggedOutReactPages/OrderLoggedOut/CcNumber_Input'

2018-05-29 11:25:57 - [TEST_STEP][PASSED] - setText: Text '111' is set on object 'Object Repository/LoggedOutReactPages/OrderLoggedOut/CVV_Input'

2018-05-29 11:25:57 - [MESSAGE][PASSED] - Text '111' is set on object 'Object Repository/LoggedOutReactPages/OrderLoggedOut/CVV_Input'

2018-05-29 11:25:57 - [TEST_STEP][PASSED] - selectOptionByValue: All options with value '11' are selected in object 'Object Repository/LoggedOutReactPages/OrderLoggedOut/ExpirationMonth_Dropdown' 

2018-05-29 11:25:57 - [MESSAGE][PASSED] - All options with value '11' are selected in object 'Object Repository/LoggedOutReactPages/OrderLoggedOut/ExpirationMonth_Dropdown' 

2018-05-29 11:25:57 - [TEST_STEP][PASSED] - selectOptionByValue: All options with value '2020' are selected in object 'Object Repository/LoggedOutReactPages/OrderLoggedOut/ExpirationYear_Dropdown' 

2018-05-29 11:25:58 - [MESSAGE][PASSED] - All options with value '2020' are selected in object 'Object Repository/LoggedOutReactPages/OrderLoggedOut/ExpirationYear_Dropdown' 

2018-05-29 11:25:58 - [TEST_STEP][PASSED] - selectOptionByValue: All options with value '1' are selected in object 'Object Repository/LoggedOutReactPages/OrderLoggedOut/UserType_Dropdown' 

2018-05-29 11:25:58 - [MESSAGE][PASSED] - All options with value '1' are selected in object 'Object Repository/LoggedOutReactPages/OrderLoggedOut/UserType_Dropdown' 

2018-05-29 11:25:58 - [TEST_STEP][PASSED] - check: Object 'Object Repository/LoggedOutReactPages/OrderLoggedOut/Terms_Checkbox' is checked

2018-05-29 11:25:58 - [MESSAGE][PASSED] - Object 'Object Repository/LoggedOutReactPages/OrderLoggedOut/Terms_Checkbox' is checked

2018-05-29 11:25:58 - [TEST_STEP][PASSED] - click: Object: 'Object Repository/LoggedInReactPages/Order (react)/Purchase_Button' is clicked on

2018-05-29 11:25:59 - [MESSAGE][PASSED] - Object: 'Object Repository/LoggedInReactPages/Order (react)/Purchase_Button' is clicked on

2018-05-29 11:25:59 - [MESSAGE][PASSED] - Call Test Case 'Test Cases/Base Tests/OrderSignUpBase' successfully

2018-05-29 11:25:59 - [TEST_STEP][PASSED] - waitForElementVisible: Object 'Object Repository/LoggedInReactPages/Order (react)/CompletePurchase_Button' is visible

2018-05-29 11:25:59 - [MESSAGE][WARNING] - Timeout '0' is invalid. Using default page load timeout: '30'

2018-05-29 11:25:59 - [MESSAGE][PASSED] - Object 'Object Repository/LoggedInReactPages/Order (react)/CompletePurchase_Button' is visible

2018-05-29 11:25:59 - [TEST_STEP][PASSED] - Statement - Price = com.kms.katalon.core.webui.keyword.WebUiBuiltInKeywords.concatenate(["Only ", Vtr1]): Concatenated string array: '['Only ','$1,551.00']' into 'Only $1,551.00'

2018-05-29 11:25:59 - [MESSAGE][PASSED] - Concatenated string array: '['Only ','$1,551.00']' into 'Only $1,551.00'

2018-05-29 11:25:59 - [TEST_STEP][PASSED] - verifyElementText: Actual text and expected text of test object 'Object Repository/LoggedInReactPages/Order (react)/Confirm_Price' are matched.

2018-05-29 11:25:59 - [MESSAGE][PASSED] - Actual text and expected text of test object 'Object Repository/LoggedInReactPages/Order (react)/Confirm_Price' are matched.

2018-05-29 11:25:59 - [TEST_STEP][PASSED] - click: Object: 'Object Repository/LoggedInReactPages/Order (react)/CompletePurchase_Button' is clicked on

2018-05-29 11:25:59 - [MESSAGE][PASSED] - Object: 'Object Repository/LoggedInReactPages/Order (react)/CompletePurchase_Button' is clicked on

2018-05-29 11:25:59 - [TEST_STEP][PASSED] - waitForElementPresent: Object 'Object Repository/LoggedInReactPages/Order (react)/VINCheckForm_EnterVINInput' is present

2018-05-29 11:26:00 - [MESSAGE][WARNING] - Timeout '0' is invalid. Using default page load timeout: '30'

2018-05-29 11:26:04 - [MESSAGE][PASSED] - Object 'Object Repository/LoggedInReactPages/Order (react)/VINCheckForm_EnterVINInput' is present

2018-05-29 11:26:04 - [TEST_STEP][PASSED] - waitForElementClickable: Object 'Object Repository/LoggedInReactPages/Order (react)/ViewReport_Button' is clickable

2018-05-29 11:26:04 - [MESSAGE][WARNING] - Timeout '0' is invalid. Using default page load timeout: '30'

2018-05-29 11:26:04 - [MESSAGE][PASSED] - Object 'Object Repository/LoggedInReactPages/Order (react)/ViewReport_Button' is clickable

2018-05-29 11:26:04 - [TEST_STEP][PASSED] - verifyTextPresent: Text 'Thank you for using instaVIN!' is present on page 

2018-05-29 11:26:04 - [MESSAGE][PASSED] - Text 'Thank you for using instaVIN!' is present on page 

2018-05-29 11:26:04 - [TEST_STEP][PASSED] - verifyElementText: Actual text and expected text of test object 'Object Repository/LoggedInReactPages/Order (react)/ViewReport - Vin' are matched.

2018-05-29 11:26:04 - [MESSAGE][PASSED] - Actual text and expected text of test object 'Object Repository/LoggedInReactPages/Order (react)/ViewReport - Vin' are matched.

2018-05-29 11:26:04 - [TEST_STEP][PASSED] - verifyElementText: Actual text and expected text of test object 'Object Repository/LoggedInReactPages/Order (react)/ViewReport - ReportType' are matched.

2018-05-29 11:26:04 - [MESSAGE][PASSED] - Actual text and expected text of test object 'Object Repository/LoggedInReactPages/Order (react)/ViewReport - ReportType' are matched.

2018-05-29 11:26:04 - [TEST_STEP][PASSED] - click: Object: 'Object Repository/LoggedInReactPages/Order (react)/ViewReport_Button' is clicked on

2018-05-29 11:26:06 - [MESSAGE][PASSED] - Object: 'Object Repository/LoggedInReactPages/Order (react)/ViewReport_Button' is clicked on

2018-05-29 11:26:06 - [TEST_STEP][PASSED] - waitForElementVisible: Object 'Object Repository/LoggedInReactPages/ReportSummary/ReportHeader' is visible

2018-05-29 11:26:06 - [MESSAGE][WARNING] - Timeout '0' is invalid. Using default page load timeout: '30'

2018-05-29 11:26:06 - [MESSAGE][PASSED] - Object 'Object Repository/LoggedInReactPages/ReportSummary/ReportHeader' is visible

2018-05-29 11:26:06 - [TEST_STEP][PASSED] - verifyElementText: Actual text and expected text of test object 'Object Repository/LoggedInReactPages/ReportSummary/VehicleTitle' are matched.

2018-05-29 11:26:06 - [MESSAGE][PASSED] - Actual text and expected text of test object 'Object Repository/LoggedInReactPages/ReportSummary/VehicleTitle' are matched.

2018-05-29 11:26:06 - [TEST_STEP][PASSED] - verifyElementAttributeValue: Object 'Object Repository/LoggedInReactPages/ReportSummary/ReportType' has attribute 'class' with value 'ReportGrade AlertSuccess'

2018-05-29 11:26:06 - [MESSAGE][WARNING] - Timeout '0' is invalid. Using default page load timeout: '30'

2018-05-29 11:26:06 - [MESSAGE][PASSED] - Object 'Object Repository/LoggedInReactPages/ReportSummary/ReportType' has attribute 'class' with value 'ReportGrade AlertSuccess'

2018-05-29 11:26:06 - [TEST_STEP][PASSED] - verifyElementText: Actual text and expected text of test object 'Object Repository/LoggedInReactPages/ReportSummary/ReportType' are matched.

2018-05-29 11:26:06 - [MESSAGE][PASSED] - Actual text and expected text of test object 'Object Repository/LoggedInReactPages/ReportSummary/ReportType' are matched.

2018-05-29 11:26:06 - [TEST_STEP][PASSED] - navigateToUrl: Navigate to 'https://staging.instavin.com/_O/Autotest(salesman)/order/' successfully

2018-05-29 11:26:07 - [MESSAGE][PASSED] - Navigate to 'https://staging.instavin.com/_O/Autotest(salesman)/order/' successfully

2018-05-29 11:26:07 - [TEST_STEP][PASSED] - verifyElementText: Actual text and expected text of test object 'Object Repository/LoggedInReactPages/Order (react)/VtrPrice1' are matched.

2018-05-29 11:26:07 - [MESSAGE][PASSED] - Actual text and expected text of test object 'Object Repository/LoggedInReactPages/Order (react)/VtrPrice1' are matched.

2018-05-29 11:26:07 - [TEST_STEP][PASSED] - verifyElementText: Actual text and expected text of test object 'Object Repository/LoggedInReactPages/Order (react)/VtrPrice10' are matched.

2018-05-29 11:26:07 - [MESSAGE][PASSED] - Actual text and expected text of test object 'Object Repository/LoggedInReactPages/Order (react)/VtrPrice10' are matched.

2018-05-29 11:26:07 - [TEST_STEP][PASSED] - closeBrowser: Browser is closed

2018-05-29 11:26:08 - [MESSAGE][PASSED] - Browser is closed]]></system-out>
         <system-err><![CDATA[]]></system-err>
      </testcase>
      <testcase name="Test Cases/AffiliateRequest - ValidFields" classname="Test Cases/AffiliateRequest - ValidFields" status="PASSED">
         <system-out><![CDATA[2018-05-29 11:26:08 - [TEST_CASE][PASSED] - Test Cases/AffiliateRequest - ValidFields: Test Cases/AffiliateRequest - ValidFields

2018-05-29 11:26:08 - [TEST_STEP][PASSED] - openBrowser: Browser is opened with url: ''

2018-05-29 11:26:11 - [MESSAGE][PASSED] - Browser is opened with url: ''

2018-05-29 11:26:11 - [TEST_STEP][PASSED] - maximizeWindow: Current window maximized

2018-05-29 11:26:12 - [MESSAGE][PASSED] - Current window maximized

2018-05-29 11:26:12 - [TEST_STEP][PASSED] - navigateToUrl: Navigate to 'https://staging.instavin.com/' successfully

2018-05-29 11:26:14 - [MESSAGE][PASSED] - Navigate to 'https://staging.instavin.com/' successfully

2018-05-29 11:26:14 - [TEST_STEP][PASSED] - click: Object: 'Object Repository/LoggedOutReactPages/CommonElements/Affiliate_Link' is clicked on

2018-05-29 11:26:16 - [MESSAGE][PASSED] - Object: 'Object Repository/LoggedOutReactPages/CommonElements/Affiliate_Link' is clicked on

2018-05-29 11:26:16 - [TEST_STEP][PASSED] - waitForElementClickable: Object 'Object Repository/LoggedOutReactPages/Affiliate/SignUpTop_Button' is clickable

2018-05-29 11:26:16 - [MESSAGE][WARNING] - Timeout '0' is invalid. Using default page load timeout: '30'

2018-05-29 11:26:16 - [MESSAGE][PASSED] - Object 'Object Repository/LoggedOutReactPages/Affiliate/SignUpTop_Button' is clickable

2018-05-29 11:26:16 - [TEST_STEP][PASSED] - verifyTextPresent: Text 'Put your website to work for you! Earn extra revenue with instaVIN® vehicle history reports.' is present on page 

2018-05-29 11:26:17 - [MESSAGE][PASSED] - Text 'Put your website to work for you! Earn extra revenue with instaVIN® vehicle history reports.' is present on page 

2018-05-29 11:26:17 - [TEST_STEP][PASSED] - click: Object: 'Object Repository/LoggedOutReactPages/Affiliate/SignUpTop_Button' is clicked on

2018-05-29 11:26:17 - [MESSAGE][PASSED] - Object: 'Object Repository/LoggedOutReactPages/Affiliate/SignUpTop_Button' is clicked on

2018-05-29 11:26:17 - [TEST_STEP][PASSED] - waitForElementVisible: Object 'Object Repository/LoggedOutReactPages/Affiliate/AffiliateSignUp_Header' is visible

2018-05-29 11:26:17 - [MESSAGE][WARNING] - Timeout '0' is invalid. Using default page load timeout: '30'

2018-05-29 11:26:17 - [MESSAGE][PASSED] - Object 'Object Repository/LoggedOutReactPages/Affiliate/AffiliateSignUp_Header' is visible

2018-05-29 11:26:17 - [TEST_STEP][PASSED] - Statement - now = new java.util.Date(): null

2018-05-29 11:26:17 - [TEST_STEP][PASSED] - Statement - rnd = now.format("yyyyMMddHHmmssSSS").toString(): null

2018-05-29 11:26:17 - [TEST_STEP][PASSED] - Statement - Email = com.kms.katalon.core.webui.keyword.WebUiBuiltInKeywords.concatenate(["affiliate", rnd, "@mailinator.com"]): Concatenated string array: '['affiliate','20180529112617751','@mailinator.com']' into 'affiliate20180529112617751@mailinator.com'

2018-05-29 11:26:17 - [MESSAGE][PASSED] - Concatenated string array: '['affiliate','20180529112617751','@mailinator.com']' into 'affiliate20180529112617751@mailinator.com'

2018-05-29 11:26:17 - [TEST_STEP][PASSED] - setText: Text '111111' is set on object 'Object Repository/LoggedOutReactPages/Affiliate/CompanyName_Input'

2018-05-29 11:26:18 - [MESSAGE][PASSED] - Text '111111' is set on object 'Object Repository/LoggedOutReactPages/Affiliate/CompanyName_Input'

2018-05-29 11:26:18 - [TEST_STEP][PASSED] - setText: Text 'www.test.co' is set on object 'Object Repository/LoggedOutReactPages/Affiliate/CompanyWebsite_Input'

2018-05-29 11:26:18 - [MESSAGE][PASSED] - Text 'www.test.co' is set on object 'Object Repository/LoggedOutReactPages/Affiliate/CompanyWebsite_Input'

2018-05-29 11:26:18 - [TEST_STEP][PASSED] - setText: Text 'test' is set on object 'Object Repository/LoggedOutReactPages/Affiliate/Address_Input'

2018-05-29 11:26:19 - [MESSAGE][PASSED] - Text 'test' is set on object 'Object Repository/LoggedOutReactPages/Affiliate/Address_Input'

2018-05-29 11:26:19 - [TEST_STEP][PASSED] - setText: Text 'test' is set on object 'Object Repository/LoggedOutReactPages/Affiliate/City_Input'

2018-05-29 11:26:20 - [MESSAGE][PASSED] - Text 'test' is set on object 'Object Repository/LoggedOutReactPages/Affiliate/City_Input'

2018-05-29 11:26:20 - [TEST_STEP][PASSED] - selectOptionByValue: All options with value 'US' are selected in object 'Object Repository/LoggedOutReactPages/Affiliate/Country_Dropdown' 

2018-05-29 11:26:20 - [MESSAGE][PASSED] - All options with value 'US' are selected in object 'Object Repository/LoggedOutReactPages/Affiliate/Country_Dropdown' 

2018-05-29 11:26:20 - [TEST_STEP][PASSED] - selectOptionByValue: All options with value 'TX' are selected in object 'Object Repository/LoggedOutReactPages/Affiliate/State_Dropdown' 

2018-05-29 11:26:21 - [MESSAGE][PASSED] - All options with value 'TX' are selected in object 'Object Repository/LoggedOutReactPages/Affiliate/State_Dropdown' 

2018-05-29 11:26:21 - [TEST_STEP][PASSED] - setText: Text '11111' is set on object 'Object Repository/LoggedOutReactPages/Affiliate/Zip_Input'

2018-05-29 11:26:21 - [MESSAGE][PASSED] - Text '11111' is set on object 'Object Repository/LoggedOutReactPages/Affiliate/Zip_Input'

2018-05-29 11:26:21 - [TEST_STEP][PASSED] - setText: Text 'Affiliate' is set on object 'Object Repository/LoggedOutReactPages/Affiliate/FirstName_Input'

2018-05-29 11:26:21 - [MESSAGE][PASSED] - Text 'Affiliate' is set on object 'Object Repository/LoggedOutReactPages/Affiliate/FirstName_Input'

2018-05-29 11:26:21 - [TEST_STEP][PASSED] - setText: Text 'Autotest' is set on object 'Object Repository/LoggedOutReactPages/Affiliate/LastName_Input'

2018-05-29 11:26:22 - [MESSAGE][PASSED] - Text 'Autotest' is set on object 'Object Repository/LoggedOutReactPages/Affiliate/LastName_Input'

2018-05-29 11:26:22 - [TEST_STEP][PASSED] - setText: Text 'affiliate20180529112617751@mailinator.com' is set on object 'Object Repository/LoggedOutReactPages/Affiliate/Email_Input'

2018-05-29 11:26:23 - [MESSAGE][PASSED] - Text 'affiliate20180529112617751@mailinator.com' is set on object 'Object Repository/LoggedOutReactPages/Affiliate/Email_Input'

2018-05-29 11:26:23 - [TEST_STEP][PASSED] - setText: Text '8001112233' is set on object 'Object Repository/LoggedOutReactPages/Affiliate/Phone_Input'

2018-05-29 11:26:24 - [MESSAGE][PASSED] - Text '8001112233' is set on object 'Object Repository/LoggedOutReactPages/Affiliate/Phone_Input'

2018-05-29 11:26:24 - [TEST_STEP][PASSED] - setText: Text 'Test message text' is set on object 'Object Repository/LoggedOutReactPages/Affiliate/Message_InputArea'

2018-05-29 11:26:24 - [MESSAGE][PASSED] - Text 'Test message text' is set on object 'Object Repository/LoggedOutReactPages/Affiliate/Message_InputArea'

2018-05-29 11:26:24 - [TEST_STEP][PASSED] - check: Object 'Object Repository/LoggedOutReactPages/Affiliate/Tos_Checkbox' is checked

2018-05-29 11:26:25 - [MESSAGE][PASSED] - Object 'Object Repository/LoggedOutReactPages/Affiliate/Tos_Checkbox' is checked

2018-05-29 11:26:25 - [TEST_STEP][PASSED] - click: Object: 'Object Repository/LoggedOutReactPages/Affiliate/Submit_Button' is clicked on

2018-05-29 11:26:25 - [MESSAGE][PASSED] - Object: 'Object Repository/LoggedOutReactPages/Affiliate/Submit_Button' is clicked on

2018-05-29 11:26:25 - [TEST_STEP][PASSED] - waitForElementVisible: Object 'Object Repository/LoggedOutReactPages/Affiliate/TopNotification' is visible

2018-05-29 11:26:25 - [MESSAGE][WARNING] - Timeout '0' is invalid. Using default page load timeout: '30'

2018-05-29 11:26:26 - [MESSAGE][PASSED] - Object 'Object Repository/LoggedOutReactPages/Affiliate/TopNotification' is visible

2018-05-29 11:26:26 - [TEST_STEP][PASSED] - verifyElementText: Actual text and expected text of test object 'Object Repository/LoggedOutReactPages/Affiliate/TopNotification' are matched.

2018-05-29 11:26:26 - [MESSAGE][PASSED] - Actual text and expected text of test object 'Object Repository/LoggedOutReactPages/Affiliate/TopNotification' are matched.

2018-05-29 11:26:26 - [TEST_STEP][PASSED] - closeBrowser: Browser is closed

2018-05-29 11:26:27 - [MESSAGE][PASSED] - Browser is closed]]></system-out>
         <system-err><![CDATA[]]></system-err>
      </testcase>
      <system-out><![CDATA[2018-05-29 11:16:22 - [TEST_SUITE][FAILED] - Staging Smoke Test Suite: Test Cases/CheckVINfromHomeLoggedIn - NoSticker FAILED because (of) Verify element text of test object 'Object Repository/LoggedInReactPages/Order (react)/VinDetails_Alert' FAILED. (Root cause: com.kms.katalon.core.webui.exception.WebElementNotFoundException: Web element with id: 'Object Repository/LoggedInReactPages/Order (react)/VinDetails_Alert' located by 'By.xpath: //div[@class='orderVinDetails']' not found)]]></system-out>
      <system-err><![CDATA[2018-05-29 11:16:22 - [TEST_SUITE][FAILED] - Staging Smoke Test Suite: Test Cases/CheckVINfromHomeLoggedIn - NoSticker FAILED because (of) Verify element text of test object 'Object Repository/LoggedInReactPages/Order (react)/VinDetails_Alert' FAILED. (Root cause: com.kms.katalon.core.webui.exception.WebElementNotFoundException: Web element with id: 'Object Repository/LoggedInReactPages/Order (react)/VinDetails_Alert' located by 'By.xpath: //div[@class='orderVinDetails']' not found)]]></system-err>
   </testsuite>
</testsuites>
