<?xml version="1.0" encoding="UTF-8"?>
<testsuites name="Staging Smoke Test Suite" time="170" tests="13" failures="2" errors="0">
   <testsuite name="Staging Smoke Test Suite" tests="13" failures="2" errors="0" time="170" timestamp="2018-05-11 09:15:44" hostname="KSavinkin - LPksavinkin.TC.local" id="Test Suites/Staging Smoke Test Suite">
      <properties>
         <property name="deviceName" value=""/>
         <property name="devicePlatform" value=""/>
         <property name="logFolder" value="C:\\Projects\\instaVIN\\tests\\instaVIN\\Reports\\Staging Smoke Test Suite\\20180511_091540"/>
         <property name="logFiles" value="C:\\Projects\\instaVIN\\tests\\instaVIN\\Reports\\Staging Smoke Test Suite\\20180511_091540\\execution0.log"/>
         <property name="attachments" value="C:\\Projects\\instaVIN\\tests\\instaVIN\\Reports\\Staging Smoke Test Suite\\20180511_091540\\1526019513019.png, C:\\Projects\\instaVIN\\tests\\instaVIN\\Reports\\Staging Smoke Test Suite\\20180511_091540\\1526019513408.png"/>
         <property name="hostName" value="KSavinkin - LPksavinkin.TC.local"/>
         <property name="os" value="Windows 7 64bit"/>
         <property name="katalonVersion" value="5.4.1.1"/>
         <property name="browser" value="Chrome 66.0.3359.139"/>
         <property name="hostAddress" value="192.168.1.42"/>
         <property name="sessionId" value="55215e69060395eb4fea36615f0a1986"/>
         <property name="seleniumVersion" value="3.7.1"/>
         <property name="proxyInformation" value="ProxyInformation{proxyOption=NO_PROXY, proxyServerType=HTTP, password=, proxyServerAddress=, proxyServerPort=0}"/>
         <property name="platform" value="Windows 7"/>
      </properties>
      <testcase name="Test Cases/LoginSuccess_php" classname="Test Cases/LoginSuccess_php" status="FAILED">
         <failure type="FAILED" message="Unable to verify match between actual text 'https://staging.instavin.com/my-account' and expected text 'https://staging.instavin.com/my-account/' (Root cause: Actual text 'https://staging.instavin.com/my-account' and expected text 'https://staging.instavin.com/my-account/' are not matched)"/>
         <system-out><![CDATA[2018-05-11 09:15:45 - [TEST_CASE][FAILED] - Test Cases/LoginSuccess_php: Test Cases/LoginSuccess_php FAILED because (of) Unable to verify match between actual text 'https://staging.instavin.com/my-account' and expected text 'https://staging.instavin.com/my-account/' (Root cause: Actual text 'https://staging.instavin.com/my-account' and expected text 'https://staging.instavin.com/my-account/' are not matched)

2018-05-11 09:15:45 - [TEST_STEP][PASSED] - openBrowser: Browser is opened with url: ''

2018-05-11 09:15:50 - [MESSAGE][PASSED] - Browser is opened with url: ''

2018-05-11 09:15:50 - [TEST_STEP][PASSED] - maximizeWindow: Current window maximized

2018-05-11 09:15:51 - [MESSAGE][PASSED] - Current window maximized

2018-05-11 09:15:51 - [TEST_STEP][PASSED] - authenticate: Authentication with username 'V1kinG' and password '{2}' successfully

2018-05-11 09:15:53 - [MESSAGE][PASSED] - Authentication with username 'V1kinG' and password '{2}' successfully

2018-05-11 09:15:53 - [TEST_STEP][PASSED] - verifyElementPresent: Object 'Object Repository/LoggedOutPhpPages/Home LoggedOut (php)/button_Sign In' is present

2018-05-11 09:15:53 - [MESSAGE][WARNING] - Timeout '0' is invalid. Using default page load timeout: '30'

2018-05-11 09:15:54 - [MESSAGE][PASSED] - Object 'Object Repository/LoggedOutPhpPages/Home LoggedOut (php)/button_Sign In' is present

2018-05-11 09:15:54 - [TEST_STEP][PASSED] - mouseOver: Object: 'Object Repository/LoggedOutPhpPages/Home LoggedOut (php)/Menu_DownArrow_LoggedOut' is hovered

2018-05-11 09:15:54 - [MESSAGE][PASSED] - Object: 'Object Repository/LoggedOutPhpPages/Home LoggedOut (php)/Menu_DownArrow_LoggedOut' is hovered

2018-05-11 09:15:54 - [TEST_STEP][PASSED] - verifyElementVisible: Object 'Object Repository/LoggedOutPhpPages/Home LoggedOut (php)/button_Sign In' is visible

2018-05-11 09:15:54 - [MESSAGE][PASSED] - Object 'Object Repository/LoggedOutPhpPages/Home LoggedOut (php)/button_Sign In' is visible

2018-05-11 09:15:54 - [TEST_STEP][PASSED] - verifyElementVisible: Object 'Object Repository/LoggedOutPhpPages/Home LoggedOut (php)/ForgotPasswordLink' is visible

2018-05-11 09:15:54 - [MESSAGE][PASSED] - Object 'Object Repository/LoggedOutPhpPages/Home LoggedOut (php)/ForgotPasswordLink' is visible

2018-05-11 09:15:54 - [TEST_STEP][PASSED] - verifyElementVisible: Object 'Object Repository/LoggedOutPhpPages/Home LoggedOut (php)/CreateAccountLink' is visible

2018-05-11 09:15:54 - [MESSAGE][PASSED] - Object 'Object Repository/LoggedOutPhpPages/Home LoggedOut (php)/CreateAccountLink' is visible

2018-05-11 09:15:54 - [TEST_STEP][PASSED] - setText: Text 'consumer1@mailinator.com' is set on object 'Object Repository/LoggedOutPhpPages/Home LoggedOut (php)/input_Email'

2018-05-11 09:15:56 - [MESSAGE][PASSED] - Text 'consumer1@mailinator.com' is set on object 'Object Repository/LoggedOutPhpPages/Home LoggedOut (php)/input_Email'

2018-05-11 09:15:56 - [TEST_STEP][PASSED] - setText: Text '111111' is set on object 'Object Repository/LoggedOutPhpPages/Home LoggedOut (php)/input_password'

2018-05-11 09:15:56 - [MESSAGE][PASSED] - Text '111111' is set on object 'Object Repository/LoggedOutPhpPages/Home LoggedOut (php)/input_password'

2018-05-11 09:15:56 - [TEST_STEP][PASSED] - click: Object: 'Object Repository/LoggedOutPhpPages/Home LoggedOut (php)/button_Sign In' is clicked on

2018-05-11 09:15:56 - [MESSAGE][PASSED] - Object: 'Object Repository/LoggedOutPhpPages/Home LoggedOut (php)/button_Sign In' is clicked on

2018-05-11 09:15:56 - [TEST_STEP][PASSED] - waitForElementVisible: Object 'Object Repository/LoggedInReactPages/Dashboard (react)/Dashboard_Header' is visible

2018-05-11 09:15:56 - [MESSAGE][WARNING] - Timeout '0' is invalid. Using default page load timeout: '30'

2018-05-11 09:16:02 - [MESSAGE][PASSED] - Object 'Object Repository/LoggedInReactPages/Dashboard (react)/Dashboard_Header' is visible

2018-05-11 09:16:02 - [TEST_STEP][PASSED] - Statement - LoginRedirect = com.kms.katalon.core.webui.keyword.WebUiBuiltInKeywords.getUrl(): Current window's url is: 'https://staging.instavin.com/my-account'

2018-05-11 09:16:02 - [MESSAGE][PASSED] - Current window's url is: 'https://staging.instavin.com/my-account'

2018-05-11 09:16:02 - [TEST_STEP][PASSED] - Statement - ExpectedLoginRedirect = com.kms.katalon.core.webui.keyword.WebUiBuiltInKeywords.concatenate([StagingReact, "my-account/"]): Concatenated string array: '['https://staging.instavin.com/','my-account/']' into 'https://staging.instavin.com/my-account/'

2018-05-11 09:16:02 - [MESSAGE][PASSED] - Concatenated string array: '['https://staging.instavin.com/','my-account/']' into 'https://staging.instavin.com/my-account/'

2018-05-11 09:16:02 - [TEST_STEP][FAILED] - verifyMatch: Unable to verify match between actual text 'https://staging.instavin.com/my-account' and expected text 'https://staging.instavin.com/my-account/' (Root cause: Actual text 'https://staging.instavin.com/my-account' and expected text 'https://staging.instavin.com/my-account/' are not matched)

2018-05-11 09:16:02 - [MESSAGE][FAILED] - Unable to verify match between actual text 'https://staging.instavin.com/my-account' and expected text 'https://staging.instavin.com/my-account/' (Root cause: Actual text 'https://staging.instavin.com/my-account' and expected text 'https://staging.instavin.com/my-account/' are not matched)]]></system-out>
         <system-err><![CDATA[2018-05-11 09:15:45 - [TEST_CASE][FAILED] - Test Cases/LoginSuccess_php: Test Cases/LoginSuccess_php FAILED because (of) Unable to verify match between actual text 'https://staging.instavin.com/my-account' and expected text 'https://staging.instavin.com/my-account/' (Root cause: Actual text 'https://staging.instavin.com/my-account' and expected text 'https://staging.instavin.com/my-account/' are not matched)]]></system-err>
      </testcase>
      <testcase name="Test Cases/CheckVINfromHome - EmptyVIN" classname="Test Cases/CheckVINfromHome - EmptyVIN" status="PASSED">
         <system-out><![CDATA[2018-05-11 09:16:02 - [TEST_CASE][PASSED] - Test Cases/CheckVINfromHome - EmptyVIN: Test Cases/CheckVINfromHome - EmptyVIN

2018-05-11 09:16:03 - [TEST_STEP][PASSED] - openBrowser: Browser is opened with url: ''

2018-05-11 09:16:03 - [MESSAGE][WARNING] - A browser is already opened. Closing browser and opening a new one

2018-05-11 09:16:06 - [MESSAGE][PASSED] - Browser is opened with url: ''

2018-05-11 09:16:06 - [TEST_STEP][PASSED] - maximizeWindow: Current window maximized

2018-05-11 09:16:07 - [MESSAGE][PASSED] - Current window maximized

2018-05-11 09:16:07 - [TEST_STEP][PASSED] - authenticate: Authentication with username 'V1kinG' and password '{2}' successfully

2018-05-11 09:16:09 - [MESSAGE][PASSED] - Authentication with username 'V1kinG' and password '{2}' successfully

2018-05-11 09:16:09 - [TEST_STEP][PASSED] - navigateToUrl: Navigate to 'https://dev-front.instavin.com/' successfully

2018-05-11 09:16:10 - [MESSAGE][PASSED] - Navigate to 'https://dev-front.instavin.com/' successfully

2018-05-11 09:16:10 - [TEST_STEP][PASSED] - verifyElementPresent: Object 'Object Repository/LoggedOutPhpPages/Home LoggedOut (php)/button_Sign In' is present

2018-05-11 09:16:10 - [MESSAGE][WARNING] - Timeout '0' is invalid. Using default page load timeout: '30'

2018-05-11 09:16:10 - [MESSAGE][PASSED] - Object 'Object Repository/LoggedOutPhpPages/Home LoggedOut (php)/button_Sign In' is present

2018-05-11 09:16:10 - [TEST_STEP][PASSED] - verifyElementPresent: Object 'Object Repository/LoggedOutPhpPages/Home LoggedOut (php)/EnterVIN_Field' is present

2018-05-11 09:16:10 - [MESSAGE][WARNING] - Timeout '0' is invalid. Using default page load timeout: '30'

2018-05-11 09:16:10 - [MESSAGE][PASSED] - Object 'Object Repository/LoggedOutPhpPages/Home LoggedOut (php)/EnterVIN_Field' is present

2018-05-11 09:16:10 - [TEST_STEP][PASSED] - verifyElementAttributeValue: Object 'Object Repository/LoggedOutPhpPages/Home LoggedOut (php)/EnterVIN_Field' has attribute 'placeholder' with value 'Enter VIN Number'

2018-05-11 09:16:10 - [MESSAGE][WARNING] - Timeout '0' is invalid. Using default page load timeout: '30'

2018-05-11 09:16:10 - [MESSAGE][PASSED] - Object 'Object Repository/LoggedOutPhpPages/Home LoggedOut (php)/EnterVIN_Field' has attribute 'placeholder' with value 'Enter VIN Number'

2018-05-11 09:16:10 - [TEST_STEP][PASSED] - setText: Text '' is set on object 'Object Repository/LoggedOutPhpPages/Home LoggedOut (php)/EnterVIN_Field'

2018-05-11 09:16:10 - [MESSAGE][PASSED] - Text '' is set on object 'Object Repository/LoggedOutPhpPages/Home LoggedOut (php)/EnterVIN_Field'

2018-05-11 09:16:10 - [TEST_STEP][PASSED] - click: Object: 'Object Repository/LoggedOutPhpPages/Home LoggedOut (php)/VINCheckArrow_Button' is clicked on

2018-05-11 09:16:12 - [MESSAGE][PASSED] - Object: 'Object Repository/LoggedOutPhpPages/Home LoggedOut (php)/VINCheckArrow_Button' is clicked on

2018-05-11 09:16:12 - [TEST_STEP][PASSED] - waitForElementVisible: Object 'Object Repository/LoggedOutPhpPages/OrderLoggedOut (php)/DontHaveVIN_Link' is visible

2018-05-11 09:16:12 - [MESSAGE][WARNING] - Timeout '0' is invalid. Using default page load timeout: '30'

2018-05-11 09:16:12 - [MESSAGE][PASSED] - Object 'Object Repository/LoggedOutPhpPages/OrderLoggedOut (php)/DontHaveVIN_Link' is visible

2018-05-11 09:16:12 - [TEST_STEP][PASSED] - verifyElementPresent: Object 'Object Repository/LoggedOutPhpPages/Home LoggedOut (php)/button_Sign In' is present

2018-05-11 09:16:12 - [MESSAGE][WARNING] - Timeout '0' is invalid. Using default page load timeout: '30'

2018-05-11 09:16:12 - [MESSAGE][PASSED] - Object 'Object Repository/LoggedOutPhpPages/Home LoggedOut (php)/button_Sign In' is present

2018-05-11 09:16:12 - [TEST_STEP][PASSED] - verifyElementNotVisible: Object 'Object Repository/LoggedOutPhpPages/OrderLoggedOut (php)/ChangeVIN_Cross' is NOT visible

2018-05-11 09:16:12 - [MESSAGE][PASSED] - Object 'Object Repository/LoggedOutPhpPages/OrderLoggedOut (php)/ChangeVIN_Cross' is NOT visible

2018-05-11 09:16:12 - [TEST_STEP][PASSED] - verifyElementText: Actual text and expected text of test object 'Object Repository/LoggedOutPhpPages/OrderLoggedOut (php)/RecordsAreAvailable_Message_BadResults' are matched.

2018-05-11 09:16:12 - [MESSAGE][PASSED] - Actual text and expected text of test object 'Object Repository/LoggedOutPhpPages/OrderLoggedOut (php)/RecordsAreAvailable_Message_BadResults' are matched.

2018-05-11 09:16:12 - [TEST_STEP][PASSED] - verifyElementNotVisible: Object 'Object Repository/LoggedOutPhpPages/OrderLoggedOut (php)/VINdisplayed' is NOT visible

2018-05-11 09:16:12 - [MESSAGE][PASSED] - Object 'Object Repository/LoggedOutPhpPages/OrderLoggedOut (php)/VINdisplayed' is NOT visible

2018-05-11 09:16:12 - [TEST_STEP][PASSED] - verifyElementVisible: Object 'Object Repository/LoggedOutPhpPages/OrderLoggedOut (php)/VINCheckForm_EnterVINInput' is visible

2018-05-11 09:16:12 - [MESSAGE][PASSED] - Object 'Object Repository/LoggedOutPhpPages/OrderLoggedOut (php)/VINCheckForm_EnterVINInput' is visible

2018-05-11 09:16:12 - [TEST_STEP][PASSED] - verifyElementAttributeValue: Object 'Object Repository/LoggedOutPhpPages/OrderLoggedOut (php)/VINCheckForm_EnterVINInput' has attribute 'value' with value ''

2018-05-11 09:16:12 - [MESSAGE][WARNING] - Timeout '0' is invalid. Using default page load timeout: '30'

2018-05-11 09:16:13 - [MESSAGE][PASSED] - Object 'Object Repository/LoggedOutPhpPages/OrderLoggedOut (php)/VINCheckForm_EnterVINInput' has attribute 'value' with value ''

2018-05-11 09:16:13 - [TEST_STEP][PASSED] - verifyElementPresent: Object 'Object Repository/LoggedOutPhpPages/OrderLoggedOut (php)/OrderNow_OrangeButton' is present

2018-05-11 09:16:13 - [MESSAGE][WARNING] - Timeout '0' is invalid. Using default page load timeout: '30'

2018-05-11 09:16:13 - [MESSAGE][PASSED] - Object 'Object Repository/LoggedOutPhpPages/OrderLoggedOut (php)/OrderNow_OrangeButton' is present

2018-05-11 09:16:13 - [TEST_STEP][PASSED] - closeBrowser: Browser is closed

2018-05-11 09:16:13 - [MESSAGE][PASSED] - Browser is closed]]></system-out>
         <system-err><![CDATA[]]></system-err>
      </testcase>
      <testcase name="Test Cases/CheckVINfromHome - NoSticker" classname="Test Cases/CheckVINfromHome - NoSticker" status="PASSED">
         <system-out><![CDATA[2018-05-11 09:16:13 - [TEST_CASE][PASSED] - Test Cases/CheckVINfromHome - NoSticker: Test Cases/CheckVINfromHome - NoSticker

2018-05-11 09:16:14 - [TEST_STEP][PASSED] - openBrowser: Browser is opened with url: ''

2018-05-11 09:16:16 - [MESSAGE][PASSED] - Browser is opened with url: ''

2018-05-11 09:16:16 - [TEST_STEP][PASSED] - maximizeWindow: Current window maximized

2018-05-11 09:16:18 - [MESSAGE][PASSED] - Current window maximized

2018-05-11 09:16:18 - [TEST_STEP][PASSED] - authenticate: Authentication with username 'V1kinG' and password '{2}' successfully

2018-05-11 09:16:19 - [MESSAGE][PASSED] - Authentication with username 'V1kinG' and password '{2}' successfully

2018-05-11 09:16:19 - [TEST_STEP][PASSED] - navigateToUrl: Navigate to 'https://dev-front.instavin.com/' successfully

2018-05-11 09:16:20 - [MESSAGE][PASSED] - Navigate to 'https://dev-front.instavin.com/' successfully

2018-05-11 09:16:20 - [TEST_STEP][PASSED] - verifyElementPresent: Object 'Object Repository/LoggedOutPhpPages/Home LoggedOut (php)/button_Sign In' is present

2018-05-11 09:16:20 - [MESSAGE][WARNING] - Timeout '0' is invalid. Using default page load timeout: '30'

2018-05-11 09:16:20 - [MESSAGE][PASSED] - Object 'Object Repository/LoggedOutPhpPages/Home LoggedOut (php)/button_Sign In' is present

2018-05-11 09:16:20 - [TEST_STEP][PASSED] - verifyElementPresent: Object 'Object Repository/LoggedOutPhpPages/Home LoggedOut (php)/EnterVIN_Field' is present

2018-05-11 09:16:20 - [MESSAGE][WARNING] - Timeout '0' is invalid. Using default page load timeout: '30'

2018-05-11 09:16:20 - [MESSAGE][PASSED] - Object 'Object Repository/LoggedOutPhpPages/Home LoggedOut (php)/EnterVIN_Field' is present

2018-05-11 09:16:20 - [TEST_STEP][PASSED] - verifyElementAttributeValue: Object 'Object Repository/LoggedOutPhpPages/Home LoggedOut (php)/EnterVIN_Field' has attribute 'placeholder' with value 'Enter VIN Number'

2018-05-11 09:16:20 - [MESSAGE][WARNING] - Timeout '0' is invalid. Using default page load timeout: '30'

2018-05-11 09:16:20 - [MESSAGE][PASSED] - Object 'Object Repository/LoggedOutPhpPages/Home LoggedOut (php)/EnterVIN_Field' has attribute 'placeholder' with value 'Enter VIN Number'

2018-05-11 09:16:20 - [TEST_STEP][PASSED] - setText: Text 'JF1SF63591H766643' is set on object 'Object Repository/LoggedOutPhpPages/Home LoggedOut (php)/EnterVIN_Field'

2018-05-11 09:16:21 - [MESSAGE][PASSED] - Text 'JF1SF63591H766643' is set on object 'Object Repository/LoggedOutPhpPages/Home LoggedOut (php)/EnterVIN_Field'

2018-05-11 09:16:21 - [TEST_STEP][PASSED] - click: Object: 'Object Repository/LoggedOutPhpPages/Home LoggedOut (php)/VINCheckArrow_Button' is clicked on

2018-05-11 09:16:22 - [MESSAGE][PASSED] - Object: 'Object Repository/LoggedOutPhpPages/Home LoggedOut (php)/VINCheckArrow_Button' is clicked on

2018-05-11 09:16:22 - [TEST_STEP][PASSED] - waitForElementVisible: Object 'Object Repository/LoggedOutPhpPages/OrderLoggedOut (php)/ChangeVIN_Cross' is visible

2018-05-11 09:16:22 - [MESSAGE][WARNING] - Timeout '0' is invalid. Using default page load timeout: '30'

2018-05-11 09:16:22 - [MESSAGE][PASSED] - Object 'Object Repository/LoggedOutPhpPages/OrderLoggedOut (php)/ChangeVIN_Cross' is visible

2018-05-11 09:16:22 - [TEST_STEP][PASSED] - verifyElementPresent: Object 'Object Repository/LoggedOutPhpPages/Home LoggedOut (php)/button_Sign In' is present

2018-05-11 09:16:22 - [MESSAGE][WARNING] - Timeout '0' is invalid. Using default page load timeout: '30'

2018-05-11 09:16:22 - [MESSAGE][PASSED] - Object 'Object Repository/LoggedOutPhpPages/Home LoggedOut (php)/button_Sign In' is present

2018-05-11 09:16:22 - [TEST_STEP][PASSED] - verifyElementVisible: Object 'Object Repository/LoggedOutPhpPages/OrderLoggedOut (php)/RecordsAreAvailable_Message' is visible

2018-05-11 09:16:23 - [MESSAGE][PASSED] - Object 'Object Repository/LoggedOutPhpPages/OrderLoggedOut (php)/RecordsAreAvailable_Message' is visible

2018-05-11 09:16:23 - [TEST_STEP][PASSED] - verifyElementText: Actual text and expected text of test object 'Object Repository/LoggedOutPhpPages/OrderLoggedOut (php)/RecordsAreAvailable_Message' are matched.

2018-05-11 09:16:23 - [MESSAGE][PASSED] - Actual text and expected text of test object 'Object Repository/LoggedOutPhpPages/OrderLoggedOut (php)/RecordsAreAvailable_Message' are matched.

2018-05-11 09:16:23 - [TEST_STEP][PASSED] - verifyElementVisible: Object 'Object Repository/LoggedOutPhpPages/OrderLoggedOut (php)/VINdisplayed' is visible

2018-05-11 09:16:23 - [MESSAGE][PASSED] - Object 'Object Repository/LoggedOutPhpPages/OrderLoggedOut (php)/VINdisplayed' is visible

2018-05-11 09:16:23 - [TEST_STEP][PASSED] - verifyElementText: Actual text and expected text of test object 'Object Repository/LoggedOutPhpPages/OrderLoggedOut (php)/VINdisplayed' are matched.

2018-05-11 09:16:23 - [MESSAGE][PASSED] - Actual text and expected text of test object 'Object Repository/LoggedOutPhpPages/OrderLoggedOut (php)/VINdisplayed' are matched.

2018-05-11 09:16:23 - [TEST_STEP][PASSED] - verifyElementPresent: Object 'Object Repository/LoggedOutPhpPages/OrderLoggedOut (php)/OrderNow_OrangeButton' is present

2018-05-11 09:16:23 - [MESSAGE][WARNING] - Timeout '0' is invalid. Using default page load timeout: '30'

2018-05-11 09:16:23 - [MESSAGE][PASSED] - Object 'Object Repository/LoggedOutPhpPages/OrderLoggedOut (php)/OrderNow_OrangeButton' is present

2018-05-11 09:16:23 - [TEST_STEP][PASSED] - closeBrowser: Browser is closed

2018-05-11 09:16:24 - [MESSAGE][PASSED] - Browser is closed]]></system-out>
         <system-err><![CDATA[]]></system-err>
      </testcase>
      <testcase name="Test Cases/CheckVINfromHome - ShortVINwith9Digits" classname="Test Cases/CheckVINfromHome - ShortVINwith9Digits" status="PASSED">
         <system-out><![CDATA[2018-05-11 09:16:24 - [TEST_CASE][PASSED] - Test Cases/CheckVINfromHome - ShortVINwith9Digits: Test Cases/CheckVINfromHome - ShortVINwith9Digits

2018-05-11 09:16:24 - [TEST_STEP][PASSED] - openBrowser: Browser is opened with url: ''

2018-05-11 09:16:26 - [MESSAGE][PASSED] - Browser is opened with url: ''

2018-05-11 09:16:26 - [TEST_STEP][PASSED] - maximizeWindow: Current window maximized

2018-05-11 09:16:27 - [MESSAGE][PASSED] - Current window maximized

2018-05-11 09:16:27 - [TEST_STEP][PASSED] - authenticate: Authentication with username 'V1kinG' and password '{2}' successfully

2018-05-11 09:16:29 - [MESSAGE][PASSED] - Authentication with username 'V1kinG' and password '{2}' successfully

2018-05-11 09:16:29 - [TEST_STEP][PASSED] - navigateToUrl: Navigate to 'https://dev-front.instavin.com/' successfully

2018-05-11 09:16:30 - [MESSAGE][PASSED] - Navigate to 'https://dev-front.instavin.com/' successfully

2018-05-11 09:16:30 - [TEST_STEP][PASSED] - verifyElementPresent: Object 'Object Repository/LoggedOutPhpPages/Home LoggedOut (php)/button_Sign In' is present

2018-05-11 09:16:30 - [MESSAGE][WARNING] - Timeout '0' is invalid. Using default page load timeout: '30'

2018-05-11 09:16:30 - [MESSAGE][PASSED] - Object 'Object Repository/LoggedOutPhpPages/Home LoggedOut (php)/button_Sign In' is present

2018-05-11 09:16:30 - [TEST_STEP][PASSED] - verifyElementPresent: Object 'Object Repository/LoggedOutPhpPages/Home LoggedOut (php)/EnterVIN_Field' is present

2018-05-11 09:16:30 - [MESSAGE][WARNING] - Timeout '0' is invalid. Using default page load timeout: '30'

2018-05-11 09:16:30 - [MESSAGE][PASSED] - Object 'Object Repository/LoggedOutPhpPages/Home LoggedOut (php)/EnterVIN_Field' is present

2018-05-11 09:16:30 - [TEST_STEP][PASSED] - verifyElementAttributeValue: Object 'Object Repository/LoggedOutPhpPages/Home LoggedOut (php)/EnterVIN_Field' has attribute 'placeholder' with value 'Enter VIN Number'

2018-05-11 09:16:30 - [MESSAGE][WARNING] - Timeout '0' is invalid. Using default page load timeout: '30'

2018-05-11 09:16:30 - [MESSAGE][PASSED] - Object 'Object Repository/LoggedOutPhpPages/Home LoggedOut (php)/EnterVIN_Field' has attribute 'placeholder' with value 'Enter VIN Number'

2018-05-11 09:16:30 - [TEST_STEP][PASSED] - setText: Text '7J1012752' is set on object 'Object Repository/LoggedOutPhpPages/Home LoggedOut (php)/EnterVIN_Field'

2018-05-11 09:16:30 - [MESSAGE][PASSED] - Text '7J1012752' is set on object 'Object Repository/LoggedOutPhpPages/Home LoggedOut (php)/EnterVIN_Field'

2018-05-11 09:16:30 - [TEST_STEP][PASSED] - click: Object: 'Object Repository/LoggedOutPhpPages/Home LoggedOut (php)/VINCheckArrow_Button' is clicked on

2018-05-11 09:16:32 - [MESSAGE][PASSED] - Object: 'Object Repository/LoggedOutPhpPages/Home LoggedOut (php)/VINCheckArrow_Button' is clicked on

2018-05-11 09:16:32 - [TEST_STEP][PASSED] - waitForElementVisible: Object 'Object Repository/LoggedOutPhpPages/OrderLoggedOut (php)/VINCheckResults_Alert' is visible

2018-05-11 09:16:32 - [MESSAGE][WARNING] - Timeout '0' is invalid. Using default page load timeout: '30'

2018-05-11 09:16:32 - [MESSAGE][PASSED] - Object 'Object Repository/LoggedOutPhpPages/OrderLoggedOut (php)/VINCheckResults_Alert' is visible

2018-05-11 09:16:32 - [TEST_STEP][PASSED] - verifyElementNotVisible: Object 'Object Repository/LoggedOutPhpPages/OrderLoggedOut (php)/ChangeVIN_Cross' is NOT visible

2018-05-11 09:16:32 - [MESSAGE][PASSED] - Object 'Object Repository/LoggedOutPhpPages/OrderLoggedOut (php)/ChangeVIN_Cross' is NOT visible

2018-05-11 09:16:32 - [TEST_STEP][PASSED] - verifyElementPresent: Object 'Object Repository/LoggedOutPhpPages/Home LoggedOut (php)/button_Sign In' is present

2018-05-11 09:16:32 - [MESSAGE][WARNING] - Timeout '0' is invalid. Using default page load timeout: '30'

2018-05-11 09:16:32 - [MESSAGE][PASSED] - Object 'Object Repository/LoggedOutPhpPages/Home LoggedOut (php)/button_Sign In' is present

2018-05-11 09:16:32 - [TEST_STEP][PASSED] - verifyElementVisible: Object 'Object Repository/LoggedOutPhpPages/OrderLoggedOut (php)/RecordsAreAvailable_Message_BadResults' is visible

2018-05-11 09:16:32 - [MESSAGE][PASSED] - Object 'Object Repository/LoggedOutPhpPages/OrderLoggedOut (php)/RecordsAreAvailable_Message_BadResults' is visible

2018-05-11 09:16:32 - [TEST_STEP][PASSED] - verifyElementText: Actual text and expected text of test object 'Object Repository/LoggedOutPhpPages/OrderLoggedOut (php)/RecordsAreAvailable_Message_BadResults' are matched.

2018-05-11 09:16:32 - [MESSAGE][PASSED] - Actual text and expected text of test object 'Object Repository/LoggedOutPhpPages/OrderLoggedOut (php)/RecordsAreAvailable_Message_BadResults' are matched.

2018-05-11 09:16:32 - [TEST_STEP][PASSED] - verifyElementNotVisible: Object 'Object Repository/LoggedOutPhpPages/OrderLoggedOut (php)/VINdisplayed' is NOT visible

2018-05-11 09:16:32 - [MESSAGE][PASSED] - Object 'Object Repository/LoggedOutPhpPages/OrderLoggedOut (php)/VINdisplayed' is NOT visible

2018-05-11 09:16:32 - [TEST_STEP][PASSED] - verifyElementVisible: Object 'Object Repository/LoggedOutPhpPages/OrderLoggedOut (php)/VINCheckForm_EnterVINInput' is visible

2018-05-11 09:16:32 - [MESSAGE][PASSED] - Object 'Object Repository/LoggedOutPhpPages/OrderLoggedOut (php)/VINCheckForm_EnterVINInput' is visible

2018-05-11 09:16:32 - [TEST_STEP][PASSED] - verifyElementAttributeValue: Object 'Object Repository/LoggedOutPhpPages/OrderLoggedOut (php)/VINCheckForm_EnterVINInput' has attribute 'value' with value '7J1012752'

2018-05-11 09:16:32 - [MESSAGE][WARNING] - Timeout '0' is invalid. Using default page load timeout: '30'

2018-05-11 09:16:32 - [MESSAGE][PASSED] - Object 'Object Repository/LoggedOutPhpPages/OrderLoggedOut (php)/VINCheckForm_EnterVINInput' has attribute 'value' with value '7J1012752'

2018-05-11 09:16:32 - [TEST_STEP][PASSED] - verifyElementPresent: Object 'Object Repository/LoggedOutPhpPages/OrderLoggedOut (php)/OrderNow_OrangeButton' is present

2018-05-11 09:16:32 - [MESSAGE][WARNING] - Timeout '0' is invalid. Using default page load timeout: '30'

2018-05-11 09:16:32 - [MESSAGE][PASSED] - Object 'Object Repository/LoggedOutPhpPages/OrderLoggedOut (php)/OrderNow_OrangeButton' is present

2018-05-11 09:16:32 - [TEST_STEP][PASSED] - closeBrowser: Browser is closed

2018-05-11 09:16:33 - [MESSAGE][PASSED] - Browser is closed]]></system-out>
         <system-err><![CDATA[]]></system-err>
      </testcase>
      <testcase name="Test Cases/CheckVINfromHome - Success" classname="Test Cases/CheckVINfromHome - Success" status="PASSED">
         <system-out><![CDATA[2018-05-11 09:16:33 - [TEST_CASE][PASSED] - Test Cases/CheckVINfromHome - Success: Test Cases/CheckVINfromHome - Success

2018-05-11 09:16:33 - [TEST_STEP][PASSED] - openBrowser: Browser is opened with url: ''

2018-05-11 09:16:36 - [MESSAGE][PASSED] - Browser is opened with url: ''

2018-05-11 09:16:36 - [TEST_STEP][PASSED] - maximizeWindow: Current window maximized

2018-05-11 09:16:37 - [MESSAGE][PASSED] - Current window maximized

2018-05-11 09:16:37 - [TEST_STEP][PASSED] - authenticate: Authentication with username 'V1kinG' and password '{2}' successfully

2018-05-11 09:16:38 - [MESSAGE][PASSED] - Authentication with username 'V1kinG' and password '{2}' successfully

2018-05-11 09:16:38 - [TEST_STEP][PASSED] - navigateToUrl: Navigate to 'https://dev-front.instavin.com/' successfully

2018-05-11 09:16:39 - [MESSAGE][PASSED] - Navigate to 'https://dev-front.instavin.com/' successfully

2018-05-11 09:16:39 - [TEST_STEP][PASSED] - verifyElementPresent: Object 'Object Repository/LoggedOutPhpPages/Home LoggedOut (php)/button_Sign In' is present

2018-05-11 09:16:39 - [MESSAGE][WARNING] - Timeout '0' is invalid. Using default page load timeout: '30'

2018-05-11 09:16:39 - [MESSAGE][PASSED] - Object 'Object Repository/LoggedOutPhpPages/Home LoggedOut (php)/button_Sign In' is present

2018-05-11 09:16:39 - [TEST_STEP][PASSED] - verifyElementPresent: Object 'Object Repository/LoggedOutPhpPages/Home LoggedOut (php)/EnterVIN_Field' is present

2018-05-11 09:16:39 - [MESSAGE][WARNING] - Timeout '0' is invalid. Using default page load timeout: '30'

2018-05-11 09:16:39 - [MESSAGE][PASSED] - Object 'Object Repository/LoggedOutPhpPages/Home LoggedOut (php)/EnterVIN_Field' is present

2018-05-11 09:16:39 - [TEST_STEP][PASSED] - verifyElementAttributeValue: Object 'Object Repository/LoggedOutPhpPages/Home LoggedOut (php)/EnterVIN_Field' has attribute 'placeholder' with value 'Enter VIN Number'

2018-05-11 09:16:39 - [MESSAGE][WARNING] - Timeout '0' is invalid. Using default page load timeout: '30'

2018-05-11 09:16:39 - [MESSAGE][PASSED] - Object 'Object Repository/LoggedOutPhpPages/Home LoggedOut (php)/EnterVIN_Field' has attribute 'placeholder' with value 'Enter VIN Number'

2018-05-11 09:16:39 - [TEST_STEP][PASSED] - setText: Text '5UXKR0C52F0P15679' is set on object 'Object Repository/LoggedOutPhpPages/Home LoggedOut (php)/EnterVIN_Field'

2018-05-11 09:16:40 - [MESSAGE][PASSED] - Text '5UXKR0C52F0P15679' is set on object 'Object Repository/LoggedOutPhpPages/Home LoggedOut (php)/EnterVIN_Field'

2018-05-11 09:16:40 - [TEST_STEP][PASSED] - click: Object: 'Object Repository/LoggedOutPhpPages/Home LoggedOut (php)/VINCheckArrow_Button' is clicked on

2018-05-11 09:16:41 - [MESSAGE][PASSED] - Object: 'Object Repository/LoggedOutPhpPages/Home LoggedOut (php)/VINCheckArrow_Button' is clicked on

2018-05-11 09:16:41 - [TEST_STEP][PASSED] - waitForElementVisible: Object 'Object Repository/LoggedOutPhpPages/OrderLoggedOut (php)/ChangeVIN_Cross' is visible

2018-05-11 09:16:41 - [MESSAGE][WARNING] - Timeout '0' is invalid. Using default page load timeout: '30'

2018-05-11 09:16:41 - [MESSAGE][PASSED] - Object 'Object Repository/LoggedOutPhpPages/OrderLoggedOut (php)/ChangeVIN_Cross' is visible

2018-05-11 09:16:41 - [TEST_STEP][PASSED] - verifyElementPresent: Object 'Object Repository/LoggedOutPhpPages/Home LoggedOut (php)/button_Sign In' is present

2018-05-11 09:16:41 - [MESSAGE][WARNING] - Timeout '0' is invalid. Using default page load timeout: '30'

2018-05-11 09:16:41 - [MESSAGE][PASSED] - Object 'Object Repository/LoggedOutPhpPages/Home LoggedOut (php)/button_Sign In' is present

2018-05-11 09:16:41 - [TEST_STEP][PASSED] - verifyElementVisible: Object 'Object Repository/LoggedOutPhpPages/OrderLoggedOut (php)/RecordsAreAvailable_Message' is visible

2018-05-11 09:16:41 - [MESSAGE][PASSED] - Object 'Object Repository/LoggedOutPhpPages/OrderLoggedOut (php)/RecordsAreAvailable_Message' is visible

2018-05-11 09:16:41 - [TEST_STEP][PASSED] - verifyElementText: Actual text and expected text of test object 'Object Repository/LoggedOutPhpPages/OrderLoggedOut (php)/RecordsAreAvailable_Message' are matched.

2018-05-11 09:16:41 - [MESSAGE][PASSED] - Actual text and expected text of test object 'Object Repository/LoggedOutPhpPages/OrderLoggedOut (php)/RecordsAreAvailable_Message' are matched.

2018-05-11 09:16:41 - [TEST_STEP][PASSED] - verifyElementVisible: Object 'Object Repository/LoggedOutPhpPages/OrderLoggedOut (php)/VINdisplayed' is visible

2018-05-11 09:16:41 - [MESSAGE][PASSED] - Object 'Object Repository/LoggedOutPhpPages/OrderLoggedOut (php)/VINdisplayed' is visible

2018-05-11 09:16:41 - [TEST_STEP][PASSED] - verifyElementText: Actual text and expected text of test object 'Object Repository/LoggedOutPhpPages/OrderLoggedOut (php)/VINdisplayed' are matched.

2018-05-11 09:16:41 - [MESSAGE][PASSED] - Actual text and expected text of test object 'Object Repository/LoggedOutPhpPages/OrderLoggedOut (php)/VINdisplayed' are matched.

2018-05-11 09:16:41 - [TEST_STEP][PASSED] - verifyElementPresent: Object 'Object Repository/LoggedOutPhpPages/OrderLoggedOut (php)/OrderNow_OrangeButton' is present

2018-05-11 09:16:41 - [MESSAGE][WARNING] - Timeout '0' is invalid. Using default page load timeout: '30'

2018-05-11 09:16:41 - [MESSAGE][PASSED] - Object 'Object Repository/LoggedOutPhpPages/OrderLoggedOut (php)/OrderNow_OrangeButton' is present

2018-05-11 09:16:41 - [TEST_STEP][PASSED] - closeBrowser: Browser is closed

2018-05-11 09:16:42 - [MESSAGE][PASSED] - Browser is closed]]></system-out>
         <system-err><![CDATA[]]></system-err>
      </testcase>
      <testcase name="Test Cases/CheckVINfromHomeLoggedIn - EmptyVIN" classname="Test Cases/CheckVINfromHomeLoggedIn - EmptyVIN" status="PASSED">
         <system-out><![CDATA[2018-05-11 09:16:42 - [TEST_CASE][PASSED] - Test Cases/CheckVINfromHomeLoggedIn - EmptyVIN: Test Cases/CheckVINfromHomeLoggedIn - EmptyVIN

2018-05-11 09:16:42 - [TEST_STEP][PASSED] - callTestCase: Call Test Case 'Test Cases/Base Tests/LoginBaseTest' successfully

2018-05-11 09:16:43 - [TEST_CASE][PASSED] - Test Cases/Base Tests/LoginBaseTest: Test Cases/Base Tests/LoginBaseTest

2018-05-11 09:16:43 - [TEST_STEP][PASSED] - openBrowser: Browser is opened with url: ''

2018-05-11 09:16:45 - [MESSAGE][PASSED] - Browser is opened with url: ''

2018-05-11 09:16:45 - [TEST_STEP][PASSED] - maximizeWindow: Current window maximized

2018-05-11 09:16:46 - [MESSAGE][PASSED] - Current window maximized

2018-05-11 09:16:46 - [TEST_STEP][PASSED] - Statement - faq_url = com.kms.katalon.core.webui.keyword.WebUiBuiltInKeywords.concatenate([StagingReact, "faq/"]): Concatenated string array: '['https://staging.instavin.com/','faq/']' into 'https://staging.instavin.com/faq/'

2018-05-11 09:16:46 - [MESSAGE][PASSED] - Concatenated string array: '['https://staging.instavin.com/','faq/']' into 'https://staging.instavin.com/faq/'

2018-05-11 09:16:46 - [TEST_STEP][PASSED] - authenticate: Authentication with username 'V1kinG' and password '{2}' successfully

2018-05-11 09:16:48 - [MESSAGE][PASSED] - Authentication with username 'V1kinG' and password '{2}' successfully

2018-05-11 09:16:48 - [TEST_STEP][PASSED] - mouseOver: Object: 'Object Repository/LoggedOutReactPages/FAQ/SignIn_Label' is hovered

2018-05-11 09:16:49 - [MESSAGE][PASSED] - Object: 'Object Repository/LoggedOutReactPages/FAQ/SignIn_Label' is hovered

2018-05-11 09:16:49 - [TEST_STEP][PASSED] - verifyElementVisible: Object 'Object Repository/LoggedOutReactPages/FAQ/SignIn_Button' is visible

2018-05-11 09:16:49 - [MESSAGE][PASSED] - Object 'Object Repository/LoggedOutReactPages/FAQ/SignIn_Button' is visible

2018-05-11 09:16:49 - [TEST_STEP][PASSED] - setText: Text 'consumer1@mailinator.com' is set on object 'Object Repository/LoggedOutReactPages/FAQ/Email_input'

2018-05-11 09:16:49 - [MESSAGE][PASSED] - Text 'consumer1@mailinator.com' is set on object 'Object Repository/LoggedOutReactPages/FAQ/Email_input'

2018-05-11 09:16:49 - [TEST_STEP][PASSED] - setText: Text '111111' is set on object 'Object Repository/LoggedOutReactPages/FAQ/Password_input'

2018-05-11 09:16:50 - [MESSAGE][PASSED] - Text '111111' is set on object 'Object Repository/LoggedOutReactPages/FAQ/Password_input'

2018-05-11 09:16:50 - [TEST_STEP][PASSED] - click: Object: 'Object Repository/LoggedOutReactPages/FAQ/SignIn_Button' is clicked on

2018-05-11 09:16:50 - [MESSAGE][PASSED] - Object: 'Object Repository/LoggedOutReactPages/FAQ/SignIn_Button' is clicked on

2018-05-11 09:16:50 - [MESSAGE][PASSED] - Call Test Case 'Test Cases/Base Tests/LoginBaseTest' successfully

2018-05-11 09:16:50 - [TEST_STEP][PASSED] - verifyElementVisible: Object 'Object Repository/LoggedInReactPages/MyAccount (react)/Account_Header' is visible

2018-05-11 09:16:51 - [MESSAGE][PASSED] - Object 'Object Repository/LoggedInReactPages/MyAccount (react)/Account_Header' is visible

2018-05-11 09:16:51 - [TEST_STEP][PASSED] - authenticate: Authentication with username 'V1kinG' and password '{2}' successfully

2018-05-11 09:16:53 - [MESSAGE][PASSED] - Authentication with username 'V1kinG' and password '{2}' successfully

2018-05-11 09:16:53 - [TEST_STEP][PASSED] - waitForElementPresent: Object 'Object Repository/LoggedOutPhpPages/Home LoggedOut (php)/EnterVIN_Field' is present

2018-05-11 09:16:53 - [MESSAGE][WARNING] - Timeout '0' is invalid. Using default page load timeout: '30'

2018-05-11 09:16:53 - [MESSAGE][PASSED] - Object 'Object Repository/LoggedOutPhpPages/Home LoggedOut (php)/EnterVIN_Field' is present

2018-05-11 09:16:53 - [TEST_STEP][PASSED] - verifyElementAttributeValue: Object 'Object Repository/LoggedOutPhpPages/Home LoggedOut (php)/EnterVIN_Field' has attribute 'placeholder' with value 'Enter VIN Number'

2018-05-11 09:16:53 - [MESSAGE][WARNING] - Timeout '0' is invalid. Using default page load timeout: '30'

2018-05-11 09:16:53 - [MESSAGE][PASSED] - Object 'Object Repository/LoggedOutPhpPages/Home LoggedOut (php)/EnterVIN_Field' has attribute 'placeholder' with value 'Enter VIN Number'

2018-05-11 09:16:53 - [TEST_STEP][PASSED] - setText: Text '' is set on object 'Object Repository/LoggedOutPhpPages/Home LoggedOut (php)/EnterVIN_Field'

2018-05-11 09:16:53 - [MESSAGE][PASSED] - Text '' is set on object 'Object Repository/LoggedOutPhpPages/Home LoggedOut (php)/EnterVIN_Field'

2018-05-11 09:16:53 - [TEST_STEP][PASSED] - click: Object: 'Object Repository/LoggedOutPhpPages/Home LoggedOut (php)/VINCheckArrow_Button' is clicked on

2018-05-11 09:16:55 - [MESSAGE][PASSED] - Object: 'Object Repository/LoggedOutPhpPages/Home LoggedOut (php)/VINCheckArrow_Button' is clicked on

2018-05-11 09:16:55 - [TEST_STEP][PASSED] - waitForElementVisible: Object 'Object Repository/LoggedOutPhpPages/OrderLoggedOut (php)/instaVINProducts_Label' is visible

2018-05-11 09:16:55 - [MESSAGE][WARNING] - Timeout '0' is invalid. Using default page load timeout: '30'

2018-05-11 09:16:55 - [MESSAGE][PASSED] - Object 'Object Repository/LoggedOutPhpPages/OrderLoggedOut (php)/instaVINProducts_Label' is visible

2018-05-11 09:16:55 - [TEST_STEP][PASSED] - verifyElementPresent: Object 'Object Repository/LoggedInPhpPages/OrderLoggedIn (php)/MyAccount_Label' is present

2018-05-11 09:16:55 - [MESSAGE][WARNING] - Timeout '0' is invalid. Using default page load timeout: '30'

2018-05-11 09:16:55 - [MESSAGE][PASSED] - Object 'Object Repository/LoggedInPhpPages/OrderLoggedIn (php)/MyAccount_Label' is present

2018-05-11 09:16:55 - [TEST_STEP][PASSED] - verifyElementNotVisible: Object 'Object Repository/LoggedOutPhpPages/OrderLoggedOut (php)/ChangeVIN_Cross' is NOT visible

2018-05-11 09:16:55 - [MESSAGE][PASSED] - Object 'Object Repository/LoggedOutPhpPages/OrderLoggedOut (php)/ChangeVIN_Cross' is NOT visible

2018-05-11 09:16:55 - [TEST_STEP][PASSED] - verifyElementNotVisible: Object 'Object Repository/LoggedOutPhpPages/OrderLoggedOut (php)/VINdisplayed' is NOT visible

2018-05-11 09:16:55 - [MESSAGE][PASSED] - Object 'Object Repository/LoggedOutPhpPages/OrderLoggedOut (php)/VINdisplayed' is NOT visible

2018-05-11 09:16:55 - [TEST_STEP][PASSED] - verifyElementText: Actual text and expected text of test object 'Object Repository/LoggedOutPhpPages/OrderLoggedOut (php)/RecordsAreAvailable_Message_BadResults' are matched.

2018-05-11 09:16:55 - [MESSAGE][PASSED] - Actual text and expected text of test object 'Object Repository/LoggedOutPhpPages/OrderLoggedOut (php)/RecordsAreAvailable_Message_BadResults' are matched.

2018-05-11 09:16:55 - [TEST_STEP][PASSED] - verifyElementVisible: Object 'Object Repository/LoggedOutPhpPages/OrderLoggedOut (php)/VINCheckForm_EnterVINInput' is visible

2018-05-11 09:16:55 - [MESSAGE][PASSED] - Object 'Object Repository/LoggedOutPhpPages/OrderLoggedOut (php)/VINCheckForm_EnterVINInput' is visible

2018-05-11 09:16:55 - [TEST_STEP][PASSED] - verifyElementAttributeValue: Object 'Object Repository/LoggedOutPhpPages/OrderLoggedOut (php)/VINCheckForm_EnterVINInput' has attribute 'value' with value ''

2018-05-11 09:16:55 - [MESSAGE][WARNING] - Timeout '0' is invalid. Using default page load timeout: '30'

2018-05-11 09:16:55 - [MESSAGE][PASSED] - Object 'Object Repository/LoggedOutPhpPages/OrderLoggedOut (php)/VINCheckForm_EnterVINInput' has attribute 'value' with value ''

2018-05-11 09:16:55 - [TEST_STEP][PASSED] - verifyElementPresent: Object 'Object Repository/LoggedOutPhpPages/OrderLoggedOut (php)/OrderNow_OrangeButton' is present

2018-05-11 09:16:55 - [MESSAGE][WARNING] - Timeout '0' is invalid. Using default page load timeout: '30'

2018-05-11 09:16:55 - [MESSAGE][PASSED] - Object 'Object Repository/LoggedOutPhpPages/OrderLoggedOut (php)/OrderNow_OrangeButton' is present

2018-05-11 09:16:55 - [TEST_STEP][PASSED] - closeBrowser: Browser is closed

2018-05-11 09:16:56 - [MESSAGE][PASSED] - Browser is closed]]></system-out>
         <system-err><![CDATA[]]></system-err>
      </testcase>
      <testcase name="Test Cases/CheckVINfromHomeLoggedIn - NoSticker" classname="Test Cases/CheckVINfromHomeLoggedIn - NoSticker" status="PASSED">
         <system-out><![CDATA[2018-05-11 09:16:56 - [TEST_CASE][PASSED] - Test Cases/CheckVINfromHomeLoggedIn - NoSticker: Test Cases/CheckVINfromHomeLoggedIn - NoSticker

2018-05-11 09:16:56 - [TEST_STEP][PASSED] - callTestCase: Call Test Case 'Test Cases/Base Tests/LoginBaseTest' successfully

2018-05-11 09:16:56 - [TEST_CASE][PASSED] - Test Cases/Base Tests/LoginBaseTest: Test Cases/Base Tests/LoginBaseTest

2018-05-11 09:16:56 - [TEST_STEP][PASSED] - openBrowser: Browser is opened with url: ''

2018-05-11 09:16:59 - [MESSAGE][PASSED] - Browser is opened with url: ''

2018-05-11 09:16:59 - [TEST_STEP][PASSED] - maximizeWindow: Current window maximized

2018-05-11 09:17:00 - [MESSAGE][PASSED] - Current window maximized

2018-05-11 09:17:00 - [TEST_STEP][PASSED] - Statement - faq_url = com.kms.katalon.core.webui.keyword.WebUiBuiltInKeywords.concatenate([StagingReact, "faq/"]): Concatenated string array: '['https://staging.instavin.com/','faq/']' into 'https://staging.instavin.com/faq/'

2018-05-11 09:17:00 - [MESSAGE][PASSED] - Concatenated string array: '['https://staging.instavin.com/','faq/']' into 'https://staging.instavin.com/faq/'

2018-05-11 09:17:00 - [TEST_STEP][PASSED] - authenticate: Authentication with username 'V1kinG' and password '{2}' successfully

2018-05-11 09:17:02 - [MESSAGE][PASSED] - Authentication with username 'V1kinG' and password '{2}' successfully

2018-05-11 09:17:02 - [TEST_STEP][PASSED] - mouseOver: Object: 'Object Repository/LoggedOutReactPages/FAQ/SignIn_Label' is hovered

2018-05-11 09:17:03 - [MESSAGE][PASSED] - Object: 'Object Repository/LoggedOutReactPages/FAQ/SignIn_Label' is hovered

2018-05-11 09:17:03 - [TEST_STEP][PASSED] - verifyElementVisible: Object 'Object Repository/LoggedOutReactPages/FAQ/SignIn_Button' is visible

2018-05-11 09:17:03 - [MESSAGE][PASSED] - Object 'Object Repository/LoggedOutReactPages/FAQ/SignIn_Button' is visible

2018-05-11 09:17:03 - [TEST_STEP][PASSED] - setText: Text 'consumer1@mailinator.com' is set on object 'Object Repository/LoggedOutReactPages/FAQ/Email_input'

2018-05-11 09:17:03 - [MESSAGE][PASSED] - Text 'consumer1@mailinator.com' is set on object 'Object Repository/LoggedOutReactPages/FAQ/Email_input'

2018-05-11 09:17:03 - [TEST_STEP][PASSED] - setText: Text '111111' is set on object 'Object Repository/LoggedOutReactPages/FAQ/Password_input'

2018-05-11 09:17:03 - [MESSAGE][PASSED] - Text '111111' is set on object 'Object Repository/LoggedOutReactPages/FAQ/Password_input'

2018-05-11 09:17:03 - [TEST_STEP][PASSED] - click: Object: 'Object Repository/LoggedOutReactPages/FAQ/SignIn_Button' is clicked on

2018-05-11 09:17:04 - [MESSAGE][PASSED] - Object: 'Object Repository/LoggedOutReactPages/FAQ/SignIn_Button' is clicked on

2018-05-11 09:17:04 - [MESSAGE][PASSED] - Call Test Case 'Test Cases/Base Tests/LoginBaseTest' successfully

2018-05-11 09:17:04 - [TEST_STEP][PASSED] - verifyElementVisible: Object 'Object Repository/LoggedInReactPages/MyAccount (react)/Account_Header' is visible

2018-05-11 09:17:05 - [MESSAGE][PASSED] - Object 'Object Repository/LoggedInReactPages/MyAccount (react)/Account_Header' is visible

2018-05-11 09:17:05 - [TEST_STEP][PASSED] - authenticate: Authentication with username 'V1kinG' and password '{2}' successfully

2018-05-11 09:17:07 - [MESSAGE][PASSED] - Authentication with username 'V1kinG' and password '{2}' successfully

2018-05-11 09:17:07 - [TEST_STEP][PASSED] - waitForElementPresent: Object 'Object Repository/LoggedOutPhpPages/Home LoggedOut (php)/EnterVIN_Field' is present

2018-05-11 09:17:07 - [MESSAGE][WARNING] - Timeout '0' is invalid. Using default page load timeout: '30'

2018-05-11 09:17:07 - [MESSAGE][PASSED] - Object 'Object Repository/LoggedOutPhpPages/Home LoggedOut (php)/EnterVIN_Field' is present

2018-05-11 09:17:07 - [TEST_STEP][PASSED] - verifyElementAttributeValue: Object 'Object Repository/LoggedOutPhpPages/Home LoggedOut (php)/EnterVIN_Field' has attribute 'placeholder' with value 'Enter VIN Number'

2018-05-11 09:17:07 - [MESSAGE][WARNING] - Timeout '0' is invalid. Using default page load timeout: '30'

2018-05-11 09:17:07 - [MESSAGE][PASSED] - Object 'Object Repository/LoggedOutPhpPages/Home LoggedOut (php)/EnterVIN_Field' has attribute 'placeholder' with value 'Enter VIN Number'

2018-05-11 09:17:07 - [TEST_STEP][PASSED] - setText: Text 'JF1SF63591H766643' is set on object 'Object Repository/LoggedOutPhpPages/Home LoggedOut (php)/EnterVIN_Field'

2018-05-11 09:17:07 - [MESSAGE][PASSED] - Text 'JF1SF63591H766643' is set on object 'Object Repository/LoggedOutPhpPages/Home LoggedOut (php)/EnterVIN_Field'

2018-05-11 09:17:07 - [TEST_STEP][PASSED] - click: Object: 'Object Repository/LoggedOutPhpPages/Home LoggedOut (php)/VINCheckArrow_Button' is clicked on

2018-05-11 09:17:09 - [MESSAGE][PASSED] - Object: 'Object Repository/LoggedOutPhpPages/Home LoggedOut (php)/VINCheckArrow_Button' is clicked on

2018-05-11 09:17:09 - [TEST_STEP][PASSED] - waitForElementVisible: Object 'Object Repository/LoggedOutPhpPages/OrderLoggedOut (php)/instaVINProducts_Label' is visible

2018-05-11 09:17:09 - [MESSAGE][WARNING] - Timeout '0' is invalid. Using default page load timeout: '30'

2018-05-11 09:17:10 - [MESSAGE][PASSED] - Object 'Object Repository/LoggedOutPhpPages/OrderLoggedOut (php)/instaVINProducts_Label' is visible

2018-05-11 09:17:10 - [TEST_STEP][PASSED] - verifyElementPresent: Object 'Object Repository/LoggedInPhpPages/OrderLoggedIn (php)/MyAccount_Label' is present

2018-05-11 09:17:10 - [MESSAGE][WARNING] - Timeout '0' is invalid. Using default page load timeout: '30'

2018-05-11 09:17:10 - [MESSAGE][PASSED] - Object 'Object Repository/LoggedInPhpPages/OrderLoggedIn (php)/MyAccount_Label' is present

2018-05-11 09:17:10 - [TEST_STEP][PASSED] - verifyElementVisible: Object 'Object Repository/LoggedOutPhpPages/OrderLoggedOut (php)/ChangeVIN_Cross' is visible

2018-05-11 09:17:10 - [MESSAGE][PASSED] - Object 'Object Repository/LoggedOutPhpPages/OrderLoggedOut (php)/ChangeVIN_Cross' is visible

2018-05-11 09:17:10 - [TEST_STEP][PASSED] - verifyElementVisible: Object 'Object Repository/LoggedOutPhpPages/OrderLoggedOut (php)/VINdisplayed' is visible

2018-05-11 09:17:10 - [MESSAGE][PASSED] - Object 'Object Repository/LoggedOutPhpPages/OrderLoggedOut (php)/VINdisplayed' is visible

2018-05-11 09:17:10 - [TEST_STEP][PASSED] - verifyElementText: Actual text and expected text of test object 'Object Repository/LoggedInPhpPages/OrderLoggedIn (php)/NoSticker_Message' are matched.

2018-05-11 09:17:10 - [MESSAGE][PASSED] - Actual text and expected text of test object 'Object Repository/LoggedInPhpPages/OrderLoggedIn (php)/NoSticker_Message' are matched.

2018-05-11 09:17:10 - [TEST_STEP][PASSED] - verifyElementNotVisible: Object 'Object Repository/LoggedOutPhpPages/OrderLoggedOut (php)/VINCheckForm_EnterVINInput' is NOT visible

2018-05-11 09:17:10 - [MESSAGE][PASSED] - Object 'Object Repository/LoggedOutPhpPages/OrderLoggedOut (php)/VINCheckForm_EnterVINInput' is NOT visible

2018-05-11 09:17:10 - [TEST_STEP][PASSED] - verifyElementPresent: Object 'Object Repository/LoggedOutPhpPages/OrderLoggedOut (php)/OrderNow_OrangeButton' is present

2018-05-11 09:17:10 - [MESSAGE][WARNING] - Timeout '0' is invalid. Using default page load timeout: '30'

2018-05-11 09:17:10 - [MESSAGE][PASSED] - Object 'Object Repository/LoggedOutPhpPages/OrderLoggedOut (php)/OrderNow_OrangeButton' is present

2018-05-11 09:17:10 - [TEST_STEP][PASSED] - closeBrowser: Browser is closed

2018-05-11 09:17:11 - [MESSAGE][PASSED] - Browser is closed]]></system-out>
         <system-err><![CDATA[]]></system-err>
      </testcase>
      <testcase name="Test Cases/CheckVINfromHomeLoggedIn - Success" classname="Test Cases/CheckVINfromHomeLoggedIn - Success" status="PASSED">
         <system-out><![CDATA[2018-05-11 09:17:11 - [TEST_CASE][PASSED] - Test Cases/CheckVINfromHomeLoggedIn - Success: Test Cases/CheckVINfromHomeLoggedIn - Success

2018-05-11 09:17:11 - [TEST_STEP][PASSED] - callTestCase: Call Test Case 'Test Cases/Base Tests/LoginBaseTest' successfully

2018-05-11 09:17:11 - [TEST_CASE][PASSED] - Test Cases/Base Tests/LoginBaseTest: Test Cases/Base Tests/LoginBaseTest

2018-05-11 09:17:11 - [TEST_STEP][PASSED] - openBrowser: Browser is opened with url: ''

2018-05-11 09:17:14 - [MESSAGE][PASSED] - Browser is opened with url: ''

2018-05-11 09:17:14 - [TEST_STEP][PASSED] - maximizeWindow: Current window maximized

2018-05-11 09:17:15 - [MESSAGE][PASSED] - Current window maximized

2018-05-11 09:17:15 - [TEST_STEP][PASSED] - Statement - faq_url = com.kms.katalon.core.webui.keyword.WebUiBuiltInKeywords.concatenate([StagingReact, "faq/"]): Concatenated string array: '['https://staging.instavin.com/','faq/']' into 'https://staging.instavin.com/faq/'

2018-05-11 09:17:15 - [MESSAGE][PASSED] - Concatenated string array: '['https://staging.instavin.com/','faq/']' into 'https://staging.instavin.com/faq/'

2018-05-11 09:17:15 - [TEST_STEP][PASSED] - authenticate: Authentication with username 'V1kinG' and password '{2}' successfully

2018-05-11 09:17:17 - [MESSAGE][PASSED] - Authentication with username 'V1kinG' and password '{2}' successfully

2018-05-11 09:17:17 - [TEST_STEP][PASSED] - mouseOver: Object: 'Object Repository/LoggedOutReactPages/FAQ/SignIn_Label' is hovered

2018-05-11 09:17:17 - [MESSAGE][PASSED] - Object: 'Object Repository/LoggedOutReactPages/FAQ/SignIn_Label' is hovered

2018-05-11 09:17:17 - [TEST_STEP][PASSED] - verifyElementVisible: Object 'Object Repository/LoggedOutReactPages/FAQ/SignIn_Button' is visible

2018-05-11 09:17:17 - [MESSAGE][PASSED] - Object 'Object Repository/LoggedOutReactPages/FAQ/SignIn_Button' is visible

2018-05-11 09:17:17 - [TEST_STEP][PASSED] - setText: Text 'consumer1@mailinator.com' is set on object 'Object Repository/LoggedOutReactPages/FAQ/Email_input'

2018-05-11 09:17:18 - [MESSAGE][PASSED] - Text 'consumer1@mailinator.com' is set on object 'Object Repository/LoggedOutReactPages/FAQ/Email_input'

2018-05-11 09:17:18 - [TEST_STEP][PASSED] - setText: Text '111111' is set on object 'Object Repository/LoggedOutReactPages/FAQ/Password_input'

2018-05-11 09:17:18 - [MESSAGE][PASSED] - Text '111111' is set on object 'Object Repository/LoggedOutReactPages/FAQ/Password_input'

2018-05-11 09:17:18 - [TEST_STEP][PASSED] - click: Object: 'Object Repository/LoggedOutReactPages/FAQ/SignIn_Button' is clicked on

2018-05-11 09:17:18 - [MESSAGE][PASSED] - Object: 'Object Repository/LoggedOutReactPages/FAQ/SignIn_Button' is clicked on

2018-05-11 09:17:18 - [MESSAGE][PASSED] - Call Test Case 'Test Cases/Base Tests/LoginBaseTest' successfully

2018-05-11 09:17:18 - [TEST_STEP][PASSED] - verifyElementVisible: Object 'Object Repository/LoggedInReactPages/MyAccount (react)/Account_Header' is visible

2018-05-11 09:17:20 - [MESSAGE][PASSED] - Object 'Object Repository/LoggedInReactPages/MyAccount (react)/Account_Header' is visible

2018-05-11 09:17:20 - [TEST_STEP][PASSED] - authenticate: Authentication with username 'V1kinG' and password '{2}' successfully

2018-05-11 09:17:21 - [MESSAGE][PASSED] - Authentication with username 'V1kinG' and password '{2}' successfully

2018-05-11 09:17:21 - [TEST_STEP][PASSED] - waitForElementPresent: Object 'Object Repository/LoggedOutPhpPages/Home LoggedOut (php)/EnterVIN_Field' is present

2018-05-11 09:17:21 - [MESSAGE][WARNING] - Timeout '0' is invalid. Using default page load timeout: '30'

2018-05-11 09:17:21 - [MESSAGE][PASSED] - Object 'Object Repository/LoggedOutPhpPages/Home LoggedOut (php)/EnterVIN_Field' is present

2018-05-11 09:17:21 - [TEST_STEP][PASSED] - verifyElementAttributeValue: Object 'Object Repository/LoggedOutPhpPages/Home LoggedOut (php)/EnterVIN_Field' has attribute 'placeholder' with value 'Enter VIN Number'

2018-05-11 09:17:21 - [MESSAGE][WARNING] - Timeout '0' is invalid. Using default page load timeout: '30'

2018-05-11 09:17:21 - [MESSAGE][PASSED] - Object 'Object Repository/LoggedOutPhpPages/Home LoggedOut (php)/EnterVIN_Field' has attribute 'placeholder' with value 'Enter VIN Number'

2018-05-11 09:17:21 - [TEST_STEP][PASSED] - setText: Text '5UXKR0C52F0P15679' is set on object 'Object Repository/LoggedOutPhpPages/Home LoggedOut (php)/EnterVIN_Field'

2018-05-11 09:17:22 - [MESSAGE][PASSED] - Text '5UXKR0C52F0P15679' is set on object 'Object Repository/LoggedOutPhpPages/Home LoggedOut (php)/EnterVIN_Field'

2018-05-11 09:17:22 - [TEST_STEP][PASSED] - click: Object: 'Object Repository/LoggedOutPhpPages/Home LoggedOut (php)/VINCheckArrow_Button' is clicked on

2018-05-11 09:17:24 - [MESSAGE][PASSED] - Object: 'Object Repository/LoggedOutPhpPages/Home LoggedOut (php)/VINCheckArrow_Button' is clicked on

2018-05-11 09:17:24 - [TEST_STEP][PASSED] - waitForElementVisible: Object 'Object Repository/LoggedOutPhpPages/OrderLoggedOut (php)/instaVINProducts_Label' is visible

2018-05-11 09:17:24 - [MESSAGE][WARNING] - Timeout '0' is invalid. Using default page load timeout: '30'

2018-05-11 09:17:24 - [MESSAGE][PASSED] - Object 'Object Repository/LoggedOutPhpPages/OrderLoggedOut (php)/instaVINProducts_Label' is visible

2018-05-11 09:17:24 - [TEST_STEP][PASSED] - verifyElementPresent: Object 'Object Repository/LoggedInPhpPages/OrderLoggedIn (php)/MyAccount_Label' is present

2018-05-11 09:17:24 - [MESSAGE][WARNING] - Timeout '0' is invalid. Using default page load timeout: '30'

2018-05-11 09:17:24 - [MESSAGE][PASSED] - Object 'Object Repository/LoggedInPhpPages/OrderLoggedIn (php)/MyAccount_Label' is present

2018-05-11 09:17:24 - [TEST_STEP][PASSED] - verifyElementVisible: Object 'Object Repository/LoggedOutPhpPages/OrderLoggedOut (php)/ChangeVIN_Cross' is visible

2018-05-11 09:17:24 - [MESSAGE][PASSED] - Object 'Object Repository/LoggedOutPhpPages/OrderLoggedOut (php)/ChangeVIN_Cross' is visible

2018-05-11 09:17:24 - [TEST_STEP][PASSED] - verifyElementVisible: Object 'Object Repository/LoggedOutPhpPages/OrderLoggedOut (php)/VINdisplayed' is visible

2018-05-11 09:17:24 - [MESSAGE][PASSED] - Object 'Object Repository/LoggedOutPhpPages/OrderLoggedOut (php)/VINdisplayed' is visible

2018-05-11 09:17:24 - [TEST_STEP][PASSED] - verifyElementText: Actual text and expected text of test object 'Object Repository/LoggedOutPhpPages/OrderLoggedOut (php)/VINdisplayed' are matched.

2018-05-11 09:17:24 - [MESSAGE][PASSED] - Actual text and expected text of test object 'Object Repository/LoggedOutPhpPages/OrderLoggedOut (php)/VINdisplayed' are matched.

2018-05-11 09:17:24 - [TEST_STEP][PASSED] - verifyElementText: Actual text and expected text of test object 'Object Repository/LoggedInPhpPages/OrderLoggedIn (php)/RecordsAreAvailable_Message' are matched.

2018-05-11 09:17:24 - [MESSAGE][PASSED] - Actual text and expected text of test object 'Object Repository/LoggedInPhpPages/OrderLoggedIn (php)/RecordsAreAvailable_Message' are matched.

2018-05-11 09:17:24 - [TEST_STEP][PASSED] - verifyElementNotVisible: Object 'Object Repository/LoggedOutPhpPages/OrderLoggedOut (php)/VINCheckForm_EnterVINInput' is NOT visible

2018-05-11 09:17:24 - [MESSAGE][PASSED] - Object 'Object Repository/LoggedOutPhpPages/OrderLoggedOut (php)/VINCheckForm_EnterVINInput' is NOT visible

2018-05-11 09:17:24 - [TEST_STEP][PASSED] - verifyElementPresent: Object 'Object Repository/LoggedOutPhpPages/OrderLoggedOut (php)/OrderNow_OrangeButton' is present

2018-05-11 09:17:24 - [MESSAGE][WARNING] - Timeout '0' is invalid. Using default page load timeout: '30'

2018-05-11 09:17:24 - [MESSAGE][PASSED] - Object 'Object Repository/LoggedOutPhpPages/OrderLoggedOut (php)/OrderNow_OrangeButton' is present

2018-05-11 09:17:24 - [TEST_STEP][PASSED] - closeBrowser: Browser is closed

2018-05-11 09:17:25 - [MESSAGE][PASSED] - Browser is closed]]></system-out>
         <system-err><![CDATA[]]></system-err>
      </testcase>
      <testcase name="Test Cases/CheckVINfromHomeLoggedIn - ShortVINwith9Digits" classname="Test Cases/CheckVINfromHomeLoggedIn - ShortVINwith9Digits" status="PASSED">
         <system-out><![CDATA[2018-05-11 09:17:25 - [TEST_CASE][PASSED] - Test Cases/CheckVINfromHomeLoggedIn - ShortVINwith9Digits: Test Cases/CheckVINfromHomeLoggedIn - ShortVINwith9Digits

2018-05-11 09:17:25 - [TEST_STEP][PASSED] - callTestCase: Call Test Case 'Test Cases/Base Tests/LoginBaseTest' successfully

2018-05-11 09:17:25 - [TEST_CASE][PASSED] - Test Cases/Base Tests/LoginBaseTest: Test Cases/Base Tests/LoginBaseTest

2018-05-11 09:17:25 - [TEST_STEP][PASSED] - openBrowser: Browser is opened with url: ''

2018-05-11 09:17:28 - [MESSAGE][PASSED] - Browser is opened with url: ''

2018-05-11 09:17:28 - [TEST_STEP][PASSED] - maximizeWindow: Current window maximized

2018-05-11 09:17:29 - [MESSAGE][PASSED] - Current window maximized

2018-05-11 09:17:29 - [TEST_STEP][PASSED] - Statement - faq_url = com.kms.katalon.core.webui.keyword.WebUiBuiltInKeywords.concatenate([StagingReact, "faq/"]): Concatenated string array: '['https://staging.instavin.com/','faq/']' into 'https://staging.instavin.com/faq/'

2018-05-11 09:17:29 - [MESSAGE][PASSED] - Concatenated string array: '['https://staging.instavin.com/','faq/']' into 'https://staging.instavin.com/faq/'

2018-05-11 09:17:29 - [TEST_STEP][PASSED] - authenticate: Authentication with username 'V1kinG' and password '{2}' successfully

2018-05-11 09:17:31 - [MESSAGE][PASSED] - Authentication with username 'V1kinG' and password '{2}' successfully

2018-05-11 09:17:31 - [TEST_STEP][PASSED] - mouseOver: Object: 'Object Repository/LoggedOutReactPages/FAQ/SignIn_Label' is hovered

2018-05-11 09:17:31 - [MESSAGE][PASSED] - Object: 'Object Repository/LoggedOutReactPages/FAQ/SignIn_Label' is hovered

2018-05-11 09:17:31 - [TEST_STEP][PASSED] - verifyElementVisible: Object 'Object Repository/LoggedOutReactPages/FAQ/SignIn_Button' is visible

2018-05-11 09:17:31 - [MESSAGE][PASSED] - Object 'Object Repository/LoggedOutReactPages/FAQ/SignIn_Button' is visible

2018-05-11 09:17:31 - [TEST_STEP][PASSED] - setText: Text 'consumer1@mailinator.com' is set on object 'Object Repository/LoggedOutReactPages/FAQ/Email_input'

2018-05-11 09:17:32 - [MESSAGE][PASSED] - Text 'consumer1@mailinator.com' is set on object 'Object Repository/LoggedOutReactPages/FAQ/Email_input'

2018-05-11 09:17:32 - [TEST_STEP][PASSED] - setText: Text '111111' is set on object 'Object Repository/LoggedOutReactPages/FAQ/Password_input'

2018-05-11 09:17:32 - [MESSAGE][PASSED] - Text '111111' is set on object 'Object Repository/LoggedOutReactPages/FAQ/Password_input'

2018-05-11 09:17:32 - [TEST_STEP][PASSED] - click: Object: 'Object Repository/LoggedOutReactPages/FAQ/SignIn_Button' is clicked on

2018-05-11 09:17:32 - [MESSAGE][PASSED] - Object: 'Object Repository/LoggedOutReactPages/FAQ/SignIn_Button' is clicked on

2018-05-11 09:17:32 - [MESSAGE][PASSED] - Call Test Case 'Test Cases/Base Tests/LoginBaseTest' successfully

2018-05-11 09:17:32 - [TEST_STEP][PASSED] - verifyElementVisible: Object 'Object Repository/LoggedInReactPages/MyAccount (react)/Account_Header' is visible

2018-05-11 09:17:34 - [MESSAGE][PASSED] - Object 'Object Repository/LoggedInReactPages/MyAccount (react)/Account_Header' is visible

2018-05-11 09:17:34 - [TEST_STEP][PASSED] - authenticate: Authentication with username 'V1kinG' and password '{2}' successfully

2018-05-11 09:17:35 - [MESSAGE][PASSED] - Authentication with username 'V1kinG' and password '{2}' successfully

2018-05-11 09:17:35 - [TEST_STEP][PASSED] - waitForElementPresent: Object 'Object Repository/LoggedOutPhpPages/Home LoggedOut (php)/EnterVIN_Field' is present

2018-05-11 09:17:35 - [MESSAGE][WARNING] - Timeout '0' is invalid. Using default page load timeout: '30'

2018-05-11 09:17:35 - [MESSAGE][PASSED] - Object 'Object Repository/LoggedOutPhpPages/Home LoggedOut (php)/EnterVIN_Field' is present

2018-05-11 09:17:35 - [TEST_STEP][PASSED] - verifyElementAttributeValue: Object 'Object Repository/LoggedOutPhpPages/Home LoggedOut (php)/EnterVIN_Field' has attribute 'placeholder' with value 'Enter VIN Number'

2018-05-11 09:17:35 - [MESSAGE][WARNING] - Timeout '0' is invalid. Using default page load timeout: '30'

2018-05-11 09:17:35 - [MESSAGE][PASSED] - Object 'Object Repository/LoggedOutPhpPages/Home LoggedOut (php)/EnterVIN_Field' has attribute 'placeholder' with value 'Enter VIN Number'

2018-05-11 09:17:35 - [TEST_STEP][PASSED] - setText: Text '7J1012752' is set on object 'Object Repository/LoggedOutPhpPages/Home LoggedOut (php)/EnterVIN_Field'

2018-05-11 09:17:36 - [MESSAGE][PASSED] - Text '7J1012752' is set on object 'Object Repository/LoggedOutPhpPages/Home LoggedOut (php)/EnterVIN_Field'

2018-05-11 09:17:36 - [TEST_STEP][PASSED] - click: Object: 'Object Repository/LoggedOutPhpPages/Home LoggedOut (php)/VINCheckArrow_Button' is clicked on

2018-05-11 09:17:38 - [MESSAGE][PASSED] - Object: 'Object Repository/LoggedOutPhpPages/Home LoggedOut (php)/VINCheckArrow_Button' is clicked on

2018-05-11 09:17:38 - [TEST_STEP][PASSED] - waitForElementVisible: Object 'Object Repository/LoggedOutPhpPages/OrderLoggedOut (php)/instaVINProducts_Label' is visible

2018-05-11 09:17:38 - [MESSAGE][WARNING] - Timeout '0' is invalid. Using default page load timeout: '30'

2018-05-11 09:17:38 - [MESSAGE][PASSED] - Object 'Object Repository/LoggedOutPhpPages/OrderLoggedOut (php)/instaVINProducts_Label' is visible

2018-05-11 09:17:38 - [TEST_STEP][PASSED] - verifyElementPresent: Object 'Object Repository/LoggedInPhpPages/OrderLoggedIn (php)/MyAccount_Label' is present

2018-05-11 09:17:38 - [MESSAGE][WARNING] - Timeout '0' is invalid. Using default page load timeout: '30'

2018-05-11 09:17:38 - [MESSAGE][PASSED] - Object 'Object Repository/LoggedInPhpPages/OrderLoggedIn (php)/MyAccount_Label' is present

2018-05-11 09:17:38 - [TEST_STEP][PASSED] - verifyElementNotVisible: Object 'Object Repository/LoggedOutPhpPages/OrderLoggedOut (php)/ChangeVIN_Cross' is NOT visible

2018-05-11 09:17:38 - [MESSAGE][PASSED] - Object 'Object Repository/LoggedOutPhpPages/OrderLoggedOut (php)/ChangeVIN_Cross' is NOT visible

2018-05-11 09:17:38 - [TEST_STEP][PASSED] - verifyElementNotVisible: Object 'Object Repository/LoggedOutPhpPages/OrderLoggedOut (php)/VINdisplayed' is NOT visible

2018-05-11 09:17:38 - [MESSAGE][PASSED] - Object 'Object Repository/LoggedOutPhpPages/OrderLoggedOut (php)/VINdisplayed' is NOT visible

2018-05-11 09:17:38 - [TEST_STEP][PASSED] - verifyElementVisible: Object 'Object Repository/LoggedInPhpPages/OrderLoggedIn (php)/OrderVINError_Message' is visible

2018-05-11 09:17:38 - [MESSAGE][PASSED] - Object 'Object Repository/LoggedInPhpPages/OrderLoggedIn (php)/OrderVINError_Message' is visible

2018-05-11 09:17:38 - [TEST_STEP][PASSED] - verifyTextPresent: Text 'The VIN entered is 9 digits long.' is present on page 

2018-05-11 09:17:39 - [MESSAGE][PASSED] - Text 'The VIN entered is 9 digits long.' is present on page 

2018-05-11 09:17:39 - [TEST_STEP][PASSED] - verifyTextPresent: Text 'If your vehicle is a classic car, RV or specialty vehicle, this may be correct. However, no records are available from participating DMVs.' is present on page 

2018-05-11 09:17:39 - [MESSAGE][PASSED] - Text 'If your vehicle is a classic car, RV or specialty vehicle, this may be correct. However, no records are available from participating DMVs.' is present on page 

2018-05-11 09:17:39 - [TEST_STEP][PASSED] - verifyTextPresent: Text 'If your VIN is for a vehicle produced after 1981 it should have exactly 17 digits.' is present on page 

2018-05-11 09:17:40 - [MESSAGE][PASSED] - Text 'If your VIN is for a vehicle produced after 1981 it should have exactly 17 digits.' is present on page 

2018-05-11 09:17:40 - [TEST_STEP][PASSED] - verifyTextPresent: Text 'Sorry, no Window Sticker is Available for this VIN.' is present on page 

2018-05-11 09:17:40 - [MESSAGE][PASSED] - Text 'Sorry, no Window Sticker is Available for this VIN.' is present on page 

2018-05-11 09:17:40 - [TEST_STEP][PASSED] - verifyElementVisible: Object 'Object Repository/LoggedOutPhpPages/OrderLoggedOut (php)/VINCheckForm_EnterVINInput' is visible

2018-05-11 09:17:40 - [MESSAGE][PASSED] - Object 'Object Repository/LoggedOutPhpPages/OrderLoggedOut (php)/VINCheckForm_EnterVINInput' is visible

2018-05-11 09:17:40 - [TEST_STEP][PASSED] - verifyElementAttributeValue: Object 'Object Repository/LoggedOutPhpPages/OrderLoggedOut (php)/VINCheckForm_EnterVINInput' has attribute 'value' with value '7J1012752'

2018-05-11 09:17:40 - [MESSAGE][WARNING] - Timeout '0' is invalid. Using default page load timeout: '30'

2018-05-11 09:17:40 - [MESSAGE][PASSED] - Object 'Object Repository/LoggedOutPhpPages/OrderLoggedOut (php)/VINCheckForm_EnterVINInput' has attribute 'value' with value '7J1012752'

2018-05-11 09:17:40 - [TEST_STEP][PASSED] - verifyElementPresent: Object 'Object Repository/LoggedOutPhpPages/OrderLoggedOut (php)/OrderNow_OrangeButton' is present

2018-05-11 09:17:40 - [MESSAGE][WARNING] - Timeout '0' is invalid. Using default page load timeout: '30'

2018-05-11 09:17:40 - [MESSAGE][PASSED] - Object 'Object Repository/LoggedOutPhpPages/OrderLoggedOut (php)/OrderNow_OrangeButton' is present

2018-05-11 09:17:40 - [TEST_STEP][PASSED] - closeBrowser: Browser is closed

2018-05-11 09:17:41 - [MESSAGE][PASSED] - Browser is closed]]></system-out>
         <system-err><![CDATA[]]></system-err>
      </testcase>
      <testcase name="Test Cases/LoginEmptyEmail_php" classname="Test Cases/LoginEmptyEmail_php" status="PASSED">
         <system-out><![CDATA[2018-05-11 09:17:41 - [TEST_CASE][PASSED] - Test Cases/LoginEmptyEmail_php: Test Cases/LoginEmptyEmail_php

2018-05-11 09:17:41 - [TEST_STEP][PASSED] - openBrowser: Browser is opened with url: ''

2018-05-11 09:17:43 - [MESSAGE][PASSED] - Browser is opened with url: ''

2018-05-11 09:17:43 - [TEST_STEP][PASSED] - maximizeWindow: Current window maximized

2018-05-11 09:17:45 - [MESSAGE][PASSED] - Current window maximized

2018-05-11 09:17:45 - [TEST_STEP][PASSED] - authenticate: Authentication with username 'V1kinG' and password '{2}' successfully

2018-05-11 09:17:46 - [MESSAGE][PASSED] - Authentication with username 'V1kinG' and password '{2}' successfully

2018-05-11 09:17:46 - [TEST_STEP][PASSED] - verifyElementPresent: Object 'Object Repository/LoggedOutPhpPages/Home LoggedOut (php)/button_Sign In' is present

2018-05-11 09:17:46 - [MESSAGE][WARNING] - Timeout '0' is invalid. Using default page load timeout: '30'

2018-05-11 09:17:46 - [MESSAGE][PASSED] - Object 'Object Repository/LoggedOutPhpPages/Home LoggedOut (php)/button_Sign In' is present

2018-05-11 09:17:46 - [TEST_STEP][PASSED] - mouseOver: Object: 'Object Repository/LoggedOutPhpPages/Home LoggedOut (php)/Menu_DownArrow_LoggedOut' is hovered

2018-05-11 09:17:46 - [MESSAGE][PASSED] - Object: 'Object Repository/LoggedOutPhpPages/Home LoggedOut (php)/Menu_DownArrow_LoggedOut' is hovered

2018-05-11 09:17:46 - [TEST_STEP][PASSED] - verifyElementVisible: Object 'Object Repository/LoggedOutPhpPages/Home LoggedOut (php)/button_Sign In' is visible

2018-05-11 09:17:46 - [MESSAGE][PASSED] - Object 'Object Repository/LoggedOutPhpPages/Home LoggedOut (php)/button_Sign In' is visible

2018-05-11 09:17:46 - [TEST_STEP][PASSED] - verifyElementVisible: Object 'Object Repository/LoggedOutPhpPages/Home LoggedOut (php)/ForgotPasswordLink' is visible

2018-05-11 09:17:46 - [MESSAGE][PASSED] - Object 'Object Repository/LoggedOutPhpPages/Home LoggedOut (php)/ForgotPasswordLink' is visible

2018-05-11 09:17:46 - [TEST_STEP][PASSED] - verifyElementVisible: Object 'Object Repository/LoggedOutPhpPages/Home LoggedOut (php)/CreateAccountLink' is visible

2018-05-11 09:17:47 - [MESSAGE][PASSED] - Object 'Object Repository/LoggedOutPhpPages/Home LoggedOut (php)/CreateAccountLink' is visible

2018-05-11 09:17:47 - [TEST_STEP][PASSED] - setText: Text '' is set on object 'Object Repository/LoggedOutPhpPages/Home LoggedOut (php)/input_Email'

2018-05-11 09:17:47 - [MESSAGE][PASSED] - Text '' is set on object 'Object Repository/LoggedOutPhpPages/Home LoggedOut (php)/input_Email'

2018-05-11 09:17:47 - [TEST_STEP][PASSED] - setText: Text 'WrongPassword' is set on object 'Object Repository/LoggedOutPhpPages/Home LoggedOut (php)/input_password'

2018-05-11 09:17:47 - [MESSAGE][PASSED] - Text 'WrongPassword' is set on object 'Object Repository/LoggedOutPhpPages/Home LoggedOut (php)/input_password'

2018-05-11 09:17:47 - [TEST_STEP][PASSED] - click: Object: 'Object Repository/LoggedOutPhpPages/Home LoggedOut (php)/button_Sign In' is clicked on

2018-05-11 09:17:47 - [MESSAGE][PASSED] - Object: 'Object Repository/LoggedOutPhpPages/Home LoggedOut (php)/button_Sign In' is clicked on

2018-05-11 09:17:47 - [TEST_STEP][PASSED] - verifyElementPresent: Object 'Object Repository/LoggedOutPhpPages/Home LoggedOut (php)/LoginAlertArea' is present

2018-05-11 09:17:47 - [MESSAGE][WARNING] - Timeout '0' is invalid. Using default page load timeout: '30'

2018-05-11 09:17:47 - [MESSAGE][PASSED] - Object 'Object Repository/LoggedOutPhpPages/Home LoggedOut (php)/LoginAlertArea' is present

2018-05-11 09:17:48 - [TEST_STEP][PASSED] - waitForElementVisible: Object 'Object Repository/LoggedOutPhpPages/Home LoggedOut (php)/LoginEmailError' is visible

2018-05-11 09:17:48 - [MESSAGE][WARNING] - Timeout '0' is invalid. Using default page load timeout: '30'

2018-05-11 09:17:48 - [MESSAGE][PASSED] - Object 'Object Repository/LoggedOutPhpPages/Home LoggedOut (php)/LoginEmailError' is visible

2018-05-11 09:17:48 - [TEST_STEP][PASSED] - verifyElementText: Actual text and expected text of test object 'Object Repository/LoggedOutPhpPages/Home LoggedOut (php)/LoginEmailError' are matched.

2018-05-11 09:17:48 - [MESSAGE][PASSED] - Actual text and expected text of test object 'Object Repository/LoggedOutPhpPages/Home LoggedOut (php)/LoginEmailError' are matched.

2018-05-11 09:17:48 - [TEST_STEP][PASSED] - closeBrowser: Browser is closed

2018-05-11 09:17:48 - [MESSAGE][PASSED] - Browser is closed]]></system-out>
         <system-err><![CDATA[]]></system-err>
      </testcase>
      <testcase name="Test Cases/LoginEmptyEmail_react" classname="Test Cases/LoginEmptyEmail_react" status="PASSED">
         <system-out><![CDATA[2018-05-11 09:17:48 - [TEST_CASE][PASSED] - Test Cases/LoginEmptyEmail_react: Test Cases/LoginEmptyEmail_react

2018-05-11 09:17:49 - [TEST_STEP][PASSED] - openBrowser: Browser is opened with url: ''

2018-05-11 09:17:51 - [MESSAGE][PASSED] - Browser is opened with url: ''

2018-05-11 09:17:51 - [TEST_STEP][PASSED] - maximizeWindow: Current window maximized

2018-05-11 09:17:52 - [MESSAGE][PASSED] - Current window maximized

2018-05-11 09:17:52 - [TEST_STEP][PASSED] - Statement - StartURL = com.kms.katalon.core.webui.keyword.WebUiBuiltInKeywords.concatenate([StagingReact, "faq/"]): Concatenated string array: '['https://staging.instavin.com/','faq/']' into 'https://staging.instavin.com/faq/'

2018-05-11 09:17:52 - [MESSAGE][PASSED] - Concatenated string array: '['https://staging.instavin.com/','faq/']' into 'https://staging.instavin.com/faq/'

2018-05-11 09:17:52 - [TEST_STEP][PASSED] - authenticate: Authentication with username 'V1kinG' and password '{2}' successfully

2018-05-11 09:17:54 - [MESSAGE][PASSED] - Authentication with username 'V1kinG' and password '{2}' successfully

2018-05-11 09:17:54 - [TEST_STEP][PASSED] - mouseOver: Object: 'Object Repository/LoggedOutReactPages/FAQ/SignIn_Label' is hovered

2018-05-11 09:17:54 - [MESSAGE][PASSED] - Object: 'Object Repository/LoggedOutReactPages/FAQ/SignIn_Label' is hovered

2018-05-11 09:17:54 - [TEST_STEP][PASSED] - verifyElementVisible: Object 'Object Repository/LoggedOutReactPages/FAQ/SignIn_Button' is visible

2018-05-11 09:17:54 - [MESSAGE][PASSED] - Object 'Object Repository/LoggedOutReactPages/FAQ/SignIn_Button' is visible

2018-05-11 09:17:54 - [TEST_STEP][PASSED] - verifyElementVisible: Object 'Object Repository/LoggedOutReactPages/FAQ/ForgotPassword_Link' is visible

2018-05-11 09:17:55 - [MESSAGE][PASSED] - Object 'Object Repository/LoggedOutReactPages/FAQ/ForgotPassword_Link' is visible

2018-05-11 09:17:55 - [TEST_STEP][PASSED] - setText: Text '' is set on object 'Object Repository/LoggedOutReactPages/FAQ/Email_input'

2018-05-11 09:17:55 - [MESSAGE][PASSED] - Text '' is set on object 'Object Repository/LoggedOutReactPages/FAQ/Email_input'

2018-05-11 09:17:55 - [TEST_STEP][PASSED] - setText: Text 'WrongPassword' is set on object 'Object Repository/LoggedOutReactPages/FAQ/Password_input'

2018-05-11 09:17:55 - [MESSAGE][PASSED] - Text 'WrongPassword' is set on object 'Object Repository/LoggedOutReactPages/FAQ/Password_input'

2018-05-11 09:17:55 - [TEST_STEP][PASSED] - click: Object: 'Object Repository/LoggedOutReactPages/FAQ/SignIn_Button' is clicked on

2018-05-11 09:17:55 - [MESSAGE][PASSED] - Object: 'Object Repository/LoggedOutReactPages/FAQ/SignIn_Button' is clicked on

2018-05-11 09:17:55 - [TEST_STEP][PASSED] - verifyElementPresent: Object 'Object Repository/LoggedOutReactPages/FAQ/SignInErrors_Area' is present

2018-05-11 09:17:55 - [MESSAGE][WARNING] - Timeout '0' is invalid. Using default page load timeout: '30'

2018-05-11 09:17:55 - [MESSAGE][PASSED] - Object 'Object Repository/LoggedOutReactPages/FAQ/SignInErrors_Area' is present

2018-05-11 09:17:55 - [TEST_STEP][PASSED] - waitForElementVisible: Object 'Object Repository/LoggedOutReactPages/FAQ/SignInErrors_Area' is visible

2018-05-11 09:17:55 - [MESSAGE][WARNING] - Timeout '0' is invalid. Using default page load timeout: '30'

2018-05-11 09:17:55 - [MESSAGE][PASSED] - Object 'Object Repository/LoggedOutReactPages/FAQ/SignInErrors_Area' is visible

2018-05-11 09:17:55 - [TEST_STEP][PASSED] - verifyElementText: Actual text and expected text of test object 'Object Repository/LoggedOutReactPages/FAQ/SignInErrors_Area' are matched.

2018-05-11 09:17:55 - [MESSAGE][PASSED] - Actual text and expected text of test object 'Object Repository/LoggedOutReactPages/FAQ/SignInErrors_Area' are matched.

2018-05-11 09:17:55 - [TEST_STEP][PASSED] - verifyElementAttributeValue: Object 'Object Repository/LoggedOutReactPages/FAQ/Email_input' has attribute 'class' with value 'error'

2018-05-11 09:17:55 - [MESSAGE][WARNING] - Timeout '0' is invalid. Using default page load timeout: '30'

2018-05-11 09:17:55 - [MESSAGE][PASSED] - Object 'Object Repository/LoggedOutReactPages/FAQ/Email_input' has attribute 'class' with value 'error'

2018-05-11 09:17:55 - [TEST_STEP][PASSED] - closeBrowser: Browser is closed

2018-05-11 09:17:56 - [MESSAGE][PASSED] - Browser is closed]]></system-out>
         <system-err><![CDATA[]]></system-err>
      </testcase>
      <testcase name="Test Cases/LoginSuccess_react" classname="Test Cases/LoginSuccess_react" status="PASSED">
         <system-out><![CDATA[2018-05-11 09:17:56 - [TEST_CASE][PASSED] - Test Cases/LoginSuccess_react: Test Cases/LoginSuccess_react

2018-05-11 09:17:56 - [TEST_STEP][PASSED] - openBrowser: Browser is opened with url: ''

2018-05-11 09:17:59 - [MESSAGE][PASSED] - Browser is opened with url: ''

2018-05-11 09:17:59 - [TEST_STEP][PASSED] - maximizeWindow: Current window maximized

2018-05-11 09:18:00 - [MESSAGE][PASSED] - Current window maximized

2018-05-11 09:18:00 - [TEST_STEP][PASSED] - Statement - StartURL = com.kms.katalon.core.webui.keyword.WebUiBuiltInKeywords.concatenate([StagingReact, "faq/"]): Concatenated string array: '['https://staging.instavin.com/','faq/']' into 'https://staging.instavin.com/faq/'

2018-05-11 09:18:00 - [MESSAGE][PASSED] - Concatenated string array: '['https://staging.instavin.com/','faq/']' into 'https://staging.instavin.com/faq/'

2018-05-11 09:18:00 - [TEST_STEP][PASSED] - authenticate: Authentication with username 'V1kinG' and password '{2}' successfully

2018-05-11 09:18:02 - [MESSAGE][PASSED] - Authentication with username 'V1kinG' and password '{2}' successfully

2018-05-11 09:18:02 - [TEST_STEP][PASSED] - navigateToUrl: Navigate to 'https://staging.instavin.com/faq/' successfully

2018-05-11 09:18:03 - [MESSAGE][PASSED] - Navigate to 'https://staging.instavin.com/faq/' successfully

2018-05-11 09:18:03 - [TEST_STEP][PASSED] - verifyElementPresent: Object 'Object Repository/LoggedOutReactPages/FAQ/SignIn_Label' is present

2018-05-11 09:18:03 - [MESSAGE][WARNING] - Timeout '0' is invalid. Using default page load timeout: '30'

2018-05-11 09:18:03 - [MESSAGE][PASSED] - Object 'Object Repository/LoggedOutReactPages/FAQ/SignIn_Label' is present

2018-05-11 09:18:03 - [TEST_STEP][PASSED] - mouseOver: Object: 'Object Repository/LoggedOutReactPages/FAQ/SignIn_Label' is hovered

2018-05-11 09:18:03 - [MESSAGE][PASSED] - Object: 'Object Repository/LoggedOutReactPages/FAQ/SignIn_Label' is hovered

2018-05-11 09:18:03 - [TEST_STEP][PASSED] - verifyElementVisible: Object 'Object Repository/LoggedOutReactPages/FAQ/SignIn_Label' is visible

2018-05-11 09:18:03 - [MESSAGE][PASSED] - Object 'Object Repository/LoggedOutReactPages/FAQ/SignIn_Label' is visible

2018-05-11 09:18:03 - [TEST_STEP][PASSED] - verifyElementVisible: Object 'Object Repository/LoggedOutReactPages/FAQ/ForgotPassword_Link' is visible

2018-05-11 09:18:03 - [MESSAGE][PASSED] - Object 'Object Repository/LoggedOutReactPages/FAQ/ForgotPassword_Link' is visible

2018-05-11 09:18:03 - [TEST_STEP][PASSED] - setText: Text 'consumer1@mailinator.com' is set on object 'Object Repository/LoggedOutReactPages/FAQ/Email_input'

2018-05-11 09:18:04 - [MESSAGE][PASSED] - Text 'consumer1@mailinator.com' is set on object 'Object Repository/LoggedOutReactPages/FAQ/Email_input'

2018-05-11 09:18:04 - [TEST_STEP][PASSED] - setText: Text '111111' is set on object 'Object Repository/LoggedOutReactPages/FAQ/Password_input'

2018-05-11 09:18:04 - [MESSAGE][PASSED] - Text '111111' is set on object 'Object Repository/LoggedOutReactPages/FAQ/Password_input'

2018-05-11 09:18:04 - [TEST_STEP][PASSED] - click: Object: 'Object Repository/LoggedOutReactPages/FAQ/SignIn_Button' is clicked on

2018-05-11 09:18:04 - [MESSAGE][PASSED] - Object: 'Object Repository/LoggedOutReactPages/FAQ/SignIn_Button' is clicked on

2018-05-11 09:18:04 - [TEST_STEP][PASSED] - waitForElementVisible: Object 'Object Repository/LoggedInReactPages/Dashboard (react)/Dashboard_Header' is visible

2018-05-11 09:18:04 - [MESSAGE][WARNING] - Timeout '0' is invalid. Using default page load timeout: '30'

2018-05-11 09:18:06 - [MESSAGE][PASSED] - Object 'Object Repository/LoggedInReactPages/Dashboard (react)/Dashboard_Header' is visible

2018-05-11 09:18:06 - [TEST_STEP][PASSED] - Statement - LoginRedirect = com.kms.katalon.core.webui.keyword.WebUiBuiltInKeywords.getUrl(): Current window's url is: 'https://staging.instavin.com/my-account'

2018-05-11 09:18:06 - [MESSAGE][PASSED] - Current window's url is: 'https://staging.instavin.com/my-account'

2018-05-11 09:18:06 - [TEST_STEP][PASSED] - Statement - ExpectedLoginRedirect = com.kms.katalon.core.webui.keyword.WebUiBuiltInKeywords.concatenate([StagingReact, "my-account"]): Concatenated string array: '['https://staging.instavin.com/','my-account']' into 'https://staging.instavin.com/my-account'

2018-05-11 09:18:06 - [MESSAGE][PASSED] - Concatenated string array: '['https://staging.instavin.com/','my-account']' into 'https://staging.instavin.com/my-account'

2018-05-11 09:18:06 - [TEST_STEP][PASSED] - verifyMatch: Actual text 'https://staging.instavin.com/my-account' and expected text 'https://staging.instavin.com/my-account' are matched 

2018-05-11 09:18:06 - [MESSAGE][PASSED] - Actual text 'https://staging.instavin.com/my-account' and expected text 'https://staging.instavin.com/my-account' are matched 

2018-05-11 09:18:06 - [TEST_STEP][PASSED] - verifyElementAttributeValue: Object 'Object Repository/LoggedInReactPages/MyAccount (react)/DashboardSideMenu_Tab' has attribute 'class' with value 'SideMenuTab ActiveSideMenu'

2018-05-11 09:18:06 - [MESSAGE][WARNING] - Timeout '0' is invalid. Using default page load timeout: '30'

2018-05-11 09:18:06 - [MESSAGE][PASSED] - Object 'Object Repository/LoggedInReactPages/MyAccount (react)/DashboardSideMenu_Tab' has attribute 'class' with value 'SideMenuTab ActiveSideMenu'

2018-05-11 09:18:06 - [TEST_STEP][PASSED] - mouseOver: Object: 'Object Repository/LoggedInReactPages/MyAccount (react)/MyAccount_Label' is hovered

2018-05-11 09:18:06 - [MESSAGE][PASSED] - Object: 'Object Repository/LoggedInReactPages/MyAccount (react)/MyAccount_Label' is hovered

2018-05-11 09:18:06 - [TEST_STEP][PASSED] - verifyElementPresent: Object 'Object Repository/LoggedInReactPages/MyAccount (react)/DropdownLogout' is present

2018-05-11 09:18:06 - [MESSAGE][PASSED] - Object 'Object Repository/LoggedInReactPages/MyAccount (react)/DropdownLogout' is present

2018-05-11 09:18:06 - [TEST_STEP][PASSED] - closeBrowser: Browser is closed

2018-05-11 09:18:06 - [MESSAGE][PASSED] - Browser is closed]]></system-out>
         <system-err><![CDATA[]]></system-err>
      </testcase>
      <testcase name="Test Cases/LoginWrongPass_php" classname="Test Cases/LoginWrongPass_php" status="PASSED">
         <system-out><![CDATA[2018-05-11 09:18:06 - [TEST_CASE][PASSED] - Test Cases/LoginWrongPass_php: Test Cases/LoginWrongPass_php

2018-05-11 09:18:07 - [TEST_STEP][PASSED] - openBrowser: Browser is opened with url: ''

2018-05-11 09:18:09 - [MESSAGE][PASSED] - Browser is opened with url: ''

2018-05-11 09:18:09 - [TEST_STEP][PASSED] - maximizeWindow: Current window maximized

2018-05-11 09:18:10 - [MESSAGE][PASSED] - Current window maximized

2018-05-11 09:18:10 - [TEST_STEP][PASSED] - authenticate: Authentication with username 'V1kinG' and password '{2}' successfully

2018-05-11 09:18:12 - [MESSAGE][PASSED] - Authentication with username 'V1kinG' and password '{2}' successfully

2018-05-11 09:18:12 - [TEST_STEP][PASSED] - verifyElementPresent: Object 'Object Repository/LoggedOutPhpPages/Home LoggedOut (php)/button_Sign In' is present

2018-05-11 09:18:12 - [MESSAGE][WARNING] - Timeout '0' is invalid. Using default page load timeout: '30'

2018-05-11 09:18:12 - [MESSAGE][PASSED] - Object 'Object Repository/LoggedOutPhpPages/Home LoggedOut (php)/button_Sign In' is present

2018-05-11 09:18:12 - [TEST_STEP][PASSED] - mouseOver: Object: 'Object Repository/LoggedOutPhpPages/Home LoggedOut (php)/Menu_DownArrow_LoggedOut' is hovered

2018-05-11 09:18:12 - [MESSAGE][PASSED] - Object: 'Object Repository/LoggedOutPhpPages/Home LoggedOut (php)/Menu_DownArrow_LoggedOut' is hovered

2018-05-11 09:18:12 - [TEST_STEP][PASSED] - verifyElementVisible: Object 'Object Repository/LoggedOutPhpPages/Home LoggedOut (php)/button_Sign In' is visible

2018-05-11 09:18:12 - [MESSAGE][PASSED] - Object 'Object Repository/LoggedOutPhpPages/Home LoggedOut (php)/button_Sign In' is visible

2018-05-11 09:18:12 - [TEST_STEP][PASSED] - verifyElementVisible: Object 'Object Repository/LoggedOutPhpPages/Home LoggedOut (php)/ForgotPasswordLink' is visible

2018-05-11 09:18:12 - [MESSAGE][PASSED] - Object 'Object Repository/LoggedOutPhpPages/Home LoggedOut (php)/ForgotPasswordLink' is visible

2018-05-11 09:18:12 - [TEST_STEP][PASSED] - verifyElementVisible: Object 'Object Repository/LoggedOutPhpPages/Home LoggedOut (php)/CreateAccountLink' is visible

2018-05-11 09:18:12 - [MESSAGE][PASSED] - Object 'Object Repository/LoggedOutPhpPages/Home LoggedOut (php)/CreateAccountLink' is visible

2018-05-11 09:18:12 - [TEST_STEP][PASSED] - setText: Text 'consumer1@mailinator.com' is set on object 'Object Repository/LoggedOutPhpPages/Home LoggedOut (php)/input_Email'

2018-05-11 09:18:13 - [MESSAGE][PASSED] - Text 'consumer1@mailinator.com' is set on object 'Object Repository/LoggedOutPhpPages/Home LoggedOut (php)/input_Email'

2018-05-11 09:18:13 - [TEST_STEP][PASSED] - setText: Text 'WrongPassword' is set on object 'Object Repository/LoggedOutPhpPages/Home LoggedOut (php)/input_password'

2018-05-11 09:18:13 - [MESSAGE][PASSED] - Text 'WrongPassword' is set on object 'Object Repository/LoggedOutPhpPages/Home LoggedOut (php)/input_password'

2018-05-11 09:18:13 - [TEST_STEP][PASSED] - click: Object: 'Object Repository/LoggedOutPhpPages/Home LoggedOut (php)/button_Sign In' is clicked on

2018-05-11 09:18:13 - [MESSAGE][PASSED] - Object: 'Object Repository/LoggedOutPhpPages/Home LoggedOut (php)/button_Sign In' is clicked on

2018-05-11 09:18:13 - [TEST_STEP][PASSED] - verifyElementPresent: Object 'Object Repository/LoggedOutPhpPages/Home LoggedOut (php)/LoginAlertArea' is present

2018-05-11 09:18:13 - [MESSAGE][WARNING] - Timeout '0' is invalid. Using default page load timeout: '30'

2018-05-11 09:18:13 - [MESSAGE][PASSED] - Object 'Object Repository/LoggedOutPhpPages/Home LoggedOut (php)/LoginAlertArea' is present

2018-05-11 09:18:13 - [TEST_STEP][PASSED] - waitForElementVisible: Object 'Object Repository/LoggedOutPhpPages/Home LoggedOut (php)/LoginAlertArea' is visible

2018-05-11 09:18:13 - [MESSAGE][WARNING] - Timeout '0' is invalid. Using default page load timeout: '30'

2018-05-11 09:18:14 - [MESSAGE][PASSED] - Object 'Object Repository/LoggedOutPhpPages/Home LoggedOut (php)/LoginAlertArea' is visible

2018-05-11 09:18:14 - [TEST_STEP][PASSED] - verifyElementText: Actual text and expected text of test object 'Object Repository/LoggedOutPhpPages/Home LoggedOut (php)/LoginAlertArea' are matched.

2018-05-11 09:18:14 - [MESSAGE][PASSED] - Actual text and expected text of test object 'Object Repository/LoggedOutPhpPages/Home LoggedOut (php)/LoginAlertArea' are matched.

2018-05-11 09:18:14 - [TEST_STEP][PASSED] - closeBrowser: Browser is closed

2018-05-11 09:18:14 - [MESSAGE][PASSED] - Browser is closed]]></system-out>
         <system-err><![CDATA[]]></system-err>
      </testcase>
      <testcase name="Test Cases/LoginWrongPass_react" classname="Test Cases/LoginWrongPass_react" status="PASSED">
         <system-out><![CDATA[2018-05-11 09:18:15 - [TEST_CASE][PASSED] - Test Cases/LoginWrongPass_react: Test Cases/LoginWrongPass_react

2018-05-11 09:18:15 - [TEST_STEP][PASSED] - openBrowser: Browser is opened with url: ''

2018-05-11 09:18:17 - [MESSAGE][PASSED] - Browser is opened with url: ''

2018-05-11 09:18:17 - [TEST_STEP][PASSED] - maximizeWindow: Current window maximized

2018-05-11 09:18:18 - [MESSAGE][PASSED] - Current window maximized

2018-05-11 09:18:18 - [TEST_STEP][PASSED] - Statement - StartURL = com.kms.katalon.core.webui.keyword.WebUiBuiltInKeywords.concatenate([StagingReact, "faq/"]): Concatenated string array: '['https://staging.instavin.com/','faq/']' into 'https://staging.instavin.com/faq/'

2018-05-11 09:18:18 - [MESSAGE][PASSED] - Concatenated string array: '['https://staging.instavin.com/','faq/']' into 'https://staging.instavin.com/faq/'

2018-05-11 09:18:18 - [TEST_STEP][PASSED] - authenticate: Authentication with username 'V1kinG' and password '{2}' successfully

2018-05-11 09:18:20 - [MESSAGE][PASSED] - Authentication with username 'V1kinG' and password '{2}' successfully

2018-05-11 09:18:20 - [TEST_STEP][PASSED] - mouseOver: Object: 'Object Repository/LoggedOutReactPages/FAQ/SignIn_Label' is hovered

2018-05-11 09:18:21 - [MESSAGE][PASSED] - Object: 'Object Repository/LoggedOutReactPages/FAQ/SignIn_Label' is hovered

2018-05-11 09:18:21 - [TEST_STEP][PASSED] - verifyElementVisible: Object 'Object Repository/LoggedOutReactPages/FAQ/SignIn_Button' is visible

2018-05-11 09:18:21 - [MESSAGE][PASSED] - Object 'Object Repository/LoggedOutReactPages/FAQ/SignIn_Button' is visible

2018-05-11 09:18:21 - [TEST_STEP][PASSED] - verifyElementVisible: Object 'Object Repository/LoggedOutReactPages/FAQ/ForgotPassword_Link' is visible

2018-05-11 09:18:21 - [MESSAGE][PASSED] - Object 'Object Repository/LoggedOutReactPages/FAQ/ForgotPassword_Link' is visible

2018-05-11 09:18:21 - [TEST_STEP][PASSED] - setText: Text 'consumer1@mailinator.com' is set on object 'Object Repository/LoggedOutReactPages/FAQ/Email_input'

2018-05-11 09:18:21 - [MESSAGE][PASSED] - Text 'consumer1@mailinator.com' is set on object 'Object Repository/LoggedOutReactPages/FAQ/Email_input'

2018-05-11 09:18:21 - [TEST_STEP][PASSED] - setText: Text '222' is set on object 'Object Repository/LoggedOutReactPages/FAQ/Password_input'

2018-05-11 09:18:21 - [MESSAGE][PASSED] - Text '222' is set on object 'Object Repository/LoggedOutReactPages/FAQ/Password_input'

2018-05-11 09:18:21 - [TEST_STEP][PASSED] - click: Object: 'Object Repository/LoggedOutReactPages/FAQ/SignIn_Button' is clicked on

2018-05-11 09:18:21 - [MESSAGE][PASSED] - Object: 'Object Repository/LoggedOutReactPages/FAQ/SignIn_Button' is clicked on

2018-05-11 09:18:21 - [TEST_STEP][PASSED] - verifyElementPresent: Object 'Object Repository/LoggedOutReactPages/FAQ/SignInErrors_Area' is present

2018-05-11 09:18:21 - [MESSAGE][WARNING] - Timeout '0' is invalid. Using default page load timeout: '30'

2018-05-11 09:18:22 - [MESSAGE][PASSED] - Object 'Object Repository/LoggedOutReactPages/FAQ/SignInErrors_Area' is present

2018-05-11 09:18:22 - [TEST_STEP][PASSED] - waitForElementVisible: Object 'Object Repository/LoggedOutReactPages/FAQ/SignInErrors_Area' is visible

2018-05-11 09:18:22 - [MESSAGE][WARNING] - Timeout '0' is invalid. Using default page load timeout: '30'

2018-05-11 09:18:22 - [MESSAGE][PASSED] - Object 'Object Repository/LoggedOutReactPages/FAQ/SignInErrors_Area' is visible

2018-05-11 09:18:22 - [TEST_STEP][PASSED] - verifyElementText: Actual text and expected text of test object 'Object Repository/LoggedOutReactPages/FAQ/SignInErrors_Area' are matched.

2018-05-11 09:18:22 - [MESSAGE][PASSED] - Actual text and expected text of test object 'Object Repository/LoggedOutReactPages/FAQ/SignInErrors_Area' are matched.

2018-05-11 09:18:22 - [TEST_STEP][PASSED] - closeBrowser: Browser is closed

2018-05-11 09:18:23 - [MESSAGE][PASSED] - Browser is closed]]></system-out>
         <system-err><![CDATA[]]></system-err>
      </testcase>
      <testcase name="Test Cases/BillingInfo - CheckCurrentCard" classname="Test Cases/BillingInfo - CheckCurrentCard" status="FAILED">
         <failure type="FAILED" message="Unable to verify object 'Object Repository/LoggedInReactPages/BillingInfo (react)/VisaImage' is visible (Root cause: Object 'Object Repository/LoggedInReactPages/BillingInfo (react)/VisaImage' is NOT visible)"/>
         <system-out><![CDATA[2018-05-11 09:18:23 - [TEST_CASE][FAILED] - Test Cases/BillingInfo - CheckCurrentCard: Test Cases/BillingInfo - CheckCurrentCard FAILED because (of) Unable to verify object 'Object Repository/LoggedInReactPages/BillingInfo (react)/VisaImage' is visible (Root cause: Object 'Object Repository/LoggedInReactPages/BillingInfo (react)/VisaImage' is NOT visible)

2018-05-11 09:18:23 - [TEST_STEP][PASSED] - callTestCase: Call Test Case 'Test Cases/Base Tests/LoginBaseTest' successfully

2018-05-11 09:18:23 - [TEST_CASE][PASSED] - Test Cases/Base Tests/LoginBaseTest: Test Cases/Base Tests/LoginBaseTest

2018-05-11 09:18:23 - [TEST_STEP][PASSED] - openBrowser: Browser is opened with url: ''

2018-05-11 09:18:25 - [MESSAGE][PASSED] - Browser is opened with url: ''

2018-05-11 09:18:25 - [TEST_STEP][PASSED] - maximizeWindow: Current window maximized

2018-05-11 09:18:27 - [MESSAGE][PASSED] - Current window maximized

2018-05-11 09:18:27 - [TEST_STEP][PASSED] - Statement - faq_url = com.kms.katalon.core.webui.keyword.WebUiBuiltInKeywords.concatenate([StagingReact, "faq/"]): Concatenated string array: '['https://staging.instavin.com/','faq/']' into 'https://staging.instavin.com/faq/'

2018-05-11 09:18:27 - [MESSAGE][PASSED] - Concatenated string array: '['https://staging.instavin.com/','faq/']' into 'https://staging.instavin.com/faq/'

2018-05-11 09:18:27 - [TEST_STEP][PASSED] - authenticate: Authentication with username 'V1kinG' and password '{2}' successfully

2018-05-11 09:18:29 - [MESSAGE][PASSED] - Authentication with username 'V1kinG' and password '{2}' successfully

2018-05-11 09:18:29 - [TEST_STEP][PASSED] - mouseOver: Object: 'Object Repository/LoggedOutReactPages/FAQ/SignIn_Label' is hovered

2018-05-11 09:18:29 - [MESSAGE][PASSED] - Object: 'Object Repository/LoggedOutReactPages/FAQ/SignIn_Label' is hovered

2018-05-11 09:18:29 - [TEST_STEP][PASSED] - verifyElementVisible: Object 'Object Repository/LoggedOutReactPages/FAQ/SignIn_Button' is visible

2018-05-11 09:18:29 - [MESSAGE][PASSED] - Object 'Object Repository/LoggedOutReactPages/FAQ/SignIn_Button' is visible

2018-05-11 09:18:29 - [TEST_STEP][PASSED] - setText: Text 'consumer1@mailinator.com' is set on object 'Object Repository/LoggedOutReactPages/FAQ/Email_input'

2018-05-11 09:18:29 - [MESSAGE][PASSED] - Text 'consumer1@mailinator.com' is set on object 'Object Repository/LoggedOutReactPages/FAQ/Email_input'

2018-05-11 09:18:29 - [TEST_STEP][PASSED] - setText: Text '111111' is set on object 'Object Repository/LoggedOutReactPages/FAQ/Password_input'

2018-05-11 09:18:30 - [MESSAGE][PASSED] - Text '111111' is set on object 'Object Repository/LoggedOutReactPages/FAQ/Password_input'

2018-05-11 09:18:30 - [TEST_STEP][PASSED] - click: Object: 'Object Repository/LoggedOutReactPages/FAQ/SignIn_Button' is clicked on

2018-05-11 09:18:30 - [MESSAGE][PASSED] - Object: 'Object Repository/LoggedOutReactPages/FAQ/SignIn_Button' is clicked on

2018-05-11 09:18:30 - [MESSAGE][PASSED] - Call Test Case 'Test Cases/Base Tests/LoginBaseTest' successfully

2018-05-11 09:18:30 - [TEST_STEP][PASSED] - verifyElementVisible: Object 'Object Repository/LoggedInReactPages/MyAccount (react)/Account_Header' is visible

2018-05-11 09:18:31 - [MESSAGE][PASSED] - Object 'Object Repository/LoggedInReactPages/MyAccount (react)/Account_Header' is visible

2018-05-11 09:18:31 - [TEST_STEP][PASSED] - Statement - HeaderText = com.kms.katalon.core.webui.keyword.WebUiBuiltInKeywords.concatenate(["For ", FirstName, " ", LastName], STOP_ON_FAILURE): Concatenated string array: '['For ','Uno',' ','Consumer']' into 'For Uno Consumer'

2018-05-11 09:18:31 - [MESSAGE][PASSED] - Concatenated string array: '['For ','Uno',' ','Consumer']' into 'For Uno Consumer'

2018-05-11 09:18:31 - [TEST_STEP][PASSED] - verifyTextPresent: Text 'For Uno Consumer' is present on page 

2018-05-11 09:18:31 - [MESSAGE][PASSED] - Text 'For Uno Consumer' is present on page 

2018-05-11 09:18:31 - [TEST_STEP][PASSED] - click: Object: 'Object Repository/LoggedInReactPages/BillingInfo (react)/BillingInfoSideMenu_Link' is clicked on

2018-05-11 09:18:31 - [MESSAGE][PASSED] - Object: 'Object Repository/LoggedInReactPages/BillingInfo (react)/BillingInfoSideMenu_Link' is clicked on

2018-05-11 09:18:31 - [TEST_STEP][PASSED] - verifyElementAttributeValue: Object 'Object Repository/LoggedInReactPages/MyAccount (react)/BillingInfoSideMenu_Tab' has attribute 'class' with value 'SideMenuTab ActiveSideMenu'

2018-05-11 09:18:31 - [MESSAGE][WARNING] - Timeout '0' is invalid. Using default page load timeout: '30'

2018-05-11 09:18:31 - [MESSAGE][PASSED] - Object 'Object Repository/LoggedInReactPages/MyAccount (react)/BillingInfoSideMenu_Tab' has attribute 'class' with value 'SideMenuTab ActiveSideMenu'

2018-05-11 09:18:31 - [TEST_STEP][FAILED] - verifyElementVisible: Unable to verify object 'Object Repository/LoggedInReactPages/BillingInfo (react)/VisaImage' is visible (Root cause: Object 'Object Repository/LoggedInReactPages/BillingInfo (react)/VisaImage' is NOT visible)

2018-05-11 09:18:33 - [MESSAGE][FAILED] - Object 'Object Repository/LoggedInReactPages/BillingInfo (react)/VisaImage' is NOT visible
[[ATTACHMENT|C:\\Projects\\instaVIN\\tests\\instaVIN\\Reports\\Staging Smoke Test Suite\\20180511_091540\\1526019513019.png]]

2018-05-11 09:18:33 - [MESSAGE][FAILED] - Unable to verify object 'Object Repository/LoggedInReactPages/BillingInfo (react)/VisaImage' is visible (Root cause: Object 'Object Repository/LoggedInReactPages/BillingInfo (react)/VisaImage' is NOT visible)
[[ATTACHMENT|C:\\Projects\\instaVIN\\tests\\instaVIN\\Reports\\Staging Smoke Test Suite\\20180511_091540\\1526019513408.png]]]]></system-out>
         <system-err><![CDATA[2018-05-11 09:18:23 - [TEST_CASE][FAILED] - Test Cases/BillingInfo - CheckCurrentCard: Test Cases/BillingInfo - CheckCurrentCard FAILED because (of) Unable to verify object 'Object Repository/LoggedInReactPages/BillingInfo (react)/VisaImage' is visible (Root cause: Object 'Object Repository/LoggedInReactPages/BillingInfo (react)/VisaImage' is NOT visible)]]></system-err>
      </testcase>
      <system-out><![CDATA[2018-05-11 09:15:44 - [TEST_SUITE][FAILED] - Staging Smoke Test Suite: Test Cases/LoginSuccess_php FAILED because (of) Unable to verify match between actual text 'https://staging.instavin.com/my-account' and expected text 'https://staging.instavin.com/my-account/' (Root cause: Actual text 'https://staging.instavin.com/my-account' and expected text 'https://staging.instavin.com/my-account/' are not matched)]]></system-out>
      <system-err><![CDATA[2018-05-11 09:15:44 - [TEST_SUITE][FAILED] - Staging Smoke Test Suite: Test Cases/LoginSuccess_php FAILED because (of) Unable to verify match between actual text 'https://staging.instavin.com/my-account' and expected text 'https://staging.instavin.com/my-account/' (Root cause: Actual text 'https://staging.instavin.com/my-account' and expected text 'https://staging.instavin.com/my-account/' are not matched)]]></system-err>
   </testsuite>
</testsuites>
